2026-07-18T12:20:37.781 TX HELLO 1668563166
2026-07-18T12:20:37.919 RX HELLO,1668563166,2,STBY,HIGH,ENCODER_MM_X1000,580,SAMPLE_MS,10
2026-07-18T12:20:37.920 TX STOP
2026-07-18T12:20:38.047 RX OK STOP
2026-07-18T12:20:38.047 TX PARAM
2026-07-18T12:20:38.213 RX PARAM,x1000,PROFILE,1,FLASHVER,3,GUARDVER,23,LKP,350,LKI,100,RKP,500,RKI,350,LFF,540,RFF,520,LMIN,90,RMIN,85,SYNC,500,BIAS,80,GSTART,10,LINEKP,8250,LINEKD,2250,TURNANGLE,900,TURNFAST,165,TURNSLOW,110,TURNMARGIN,180,TURNEXIT,140,TURNDIST,98
2026-07-18T12:20:38.213 TX STATUS
2026-07-18T12:20:38.354 RX STATUS,22871,IDLE,0,0,0,0,0,0,SAFE,SELECTED_LAPS,1,STBY,HIGH
2026-07-18T12:20:38.354 TX SENSOR
2026-07-18T12:20:38.489 RX SENSOR,OK,24,0,93,0,24
2026-07-18T12:20:38.489 TX SENSOR
2026-07-18T12:20:38.618 RX SENSOR,OK,24,0,93,0,24
2026-07-18T12:20:38.618 TX SENSOR
2026-07-18T12:20:38.747 RX ERR COMMAND; SEND HELP
2026-07-18T12:20:39.303 TX SENSOR
2026-07-18T12:20:39.428 RX SENSOR,OK,24,0,93,0,24
2026-07-18T12:20:39.428 TX SENSOR
2026-07-18T12:20:39.558 RX SENSOR,OK,24,0,93,0,24
2026-07-18T12:20:39.558 TX SENSOR
2026-07-18T12:20:39.687 RX SENSOR,OK,24,0,93,0,24
2026-07-18T12:20:39.687 TX IMU
2026-07-18T12:20:39.827 RX IMU,OK,-822,1807,20,VER,1,1,0,0
2026-07-18T12:20:39.827 TX STREAM TUNE
2026-07-18T12:20:39.953 RX OK STREAM TUNE
2026-07-18T12:20:39.953 TX SQUARE 120 3 1668563167
2026-07-18T12:20:40.124 RX TEST START,SQUARE,120,3
2026-07-18T12:20:40.127 RX SQ,1668563167,OK
2026-07-18T12:20:40.128 RX LT,20,2,2,0,0,0,24,1,0,0,0,0
2026-07-18T12:20:40.128 RX LT,40,4,4,10,0,0,24,1,0,0,0,0
2026-07-18T12:20:40.128 RX LT,60,7,7,0,43,0,24,1,0,0,0,0
2026-07-18T12:20:40.129 RX LT,80,9,9,0,2,0,24,1,0,0,0,0
2026-07-18T12:20:40.129 RX LT,100,12,12,10,0,0,24,1,0,0,0,0
2026-07-18T12:20:40.129 RX LT,120,14,14,0,0,0,24,1,0,0,0,0
2026-07-18T12:20:40.293 RX LT,140,15,15,0,0,0,24,1,0,0,0,0
2026-07-18T12:20:40.293 RX LT,160,19,19,0,10,0,24,1,1,0,0,0
2026-07-18T12:20:40.294 RX LT,180,21,21,0,0,0,24,1,1,0,0,0
2026-07-18T12:20:40.294 RX LT,200,22,22,0,0,0,24,1,2,0,0,0
2026-07-18T12:20:40.294 RX LT,220,26,26,0,0,0,24,1,2,0,0,0
2026-07-18T12:20:40.294 RX LT,240,28,28,0,0,0,24,1,3,0,0,0
2026-07-18T12:20:40.295 RX LT,260,31,31,0,0,0,24,1,4,0,0,0
2026-07-18T12:20:40.295 RX LT,280,33,33,0,43,0,24,1,4,0,0,0
2026-07-18T12:20:40.458 RX LT,300,36,36,0,2,0,24,1,5,0,0,0
2026-07-18T12:20:40.458 RX LT,320,38,38,0,0,0,24,1,6,0,0,0
2026-07-18T12:20:40.458 RX LT,340,39,39,0,0,0,24,1,6,0,0,0
2026-07-18T12:20:40.458 RX LT,360,43,43,0,0,0,24,1,6,0,0,0
2026-07-18T12:20:40.458 RX LT,380,45,45,0,0,0,24,1,7,0,0,0
2026-07-18T12:20:40.458 RX LT,400,48,48,43,0,0,24,1,7,0,0,0
2026-07-18T12:20:40.458 RX LT,420,50,50,2,0,0,24,1,7,0,0,0
2026-07-18T12:20:40.458 RX LT,440,52,52,0,0,0,24,1,7,0,0,0
2026-07-18T12:20:40.608 RX LT,460,55,55,0,43,0,24,1,7,0,0,0
2026-07-18T12:20:40.608 RX LT,480,57,57,0,2,0,24,1,8,0,0,0
2026-07-18T12:20:40.608 RX LT,500,60,60,10,0,0,24,1,8,0,0,0
2026-07-18T12:20:40.608 RX LT,520,62,62,0,43,0,24,1,8,0,0,0
2026-07-18T12:20:40.608 RX LT,540,64,64,10,2,0,24,1,8,0,0,0
2026-07-18T12:20:40.608 RX LT,560,67,67,0,43,0,24,1,8,0,0,0
2026-07-18T12:20:40.608 RX LT,580,69,69,10,2,0,24,1,8,0,0,0
2026-07-18T12:20:40.757 RX LT,600,72,72,44,11,0,24,1,7,0,0,0
2026-07-18T12:20:40.757 RX LT,620,74,74,2,44,0,24,1,8,0,0,0
2026-07-18T12:20:40.757 RX LT,640,76,76,11,46,0,24,1,8,0,0,0
2026-07-18T12:20:40.757 RX LT,660,79,79,44,46,0,24,1,9,0,0,0
2026-07-18T12:20:40.758 RX LT,680,81,81,2,46,0,24,1,9,0,0,0
2026-07-18T12:20:40.758 RX LT,700,84,84,11,13,0,24,1,10,0,0,0
2026-07-18T12:20:40.758 RX LT,720,86,86,11,55,0,24,1,10,0,0,0
2026-07-18T12:20:40.897 RX LT,740,88,88,11,14,0,24,1,10,0,0,0
2026-07-18T12:20:40.897 RX LT,760,91,91,55,55,0,24,1,10,0,0,0
2026-07-18T12:20:40.897 RX LT,780,93,93,46,57,0,24,1,10,0,0,0
2026-07-18T12:20:40.897 RX LT,800,96,96,57,57,0,24,1,11,0,0,0
2026-07-18T12:20:40.897 RX LT,820,98,98,47,57,0,24,1,11,0,0,0
2026-07-18T12:20:40.897 RX LT,840,100,100,57,68,0,24,1,12,0,0,0
2026-07-18T12:20:40.897 RX LT,860,113,93,57,102,2,16,1,14,0,0,0
2026-07-18T12:20:41.049 RX LT,880,116,92,57,69,2,16,1,16,0,0,0
2026-07-18T12:20:41.049 RX LT,900,120,96,55,115,2,16,1,18,0,0,0
2026-07-18T12:20:41.050 RX LT,920,122,98,57,105,2,16,1,20,0,0,0
2026-07-18T12:20:41.050 RX LT,940,124,100,57,115,2,16,1,23,0,0,0
2026-07-18T12:20:41.050 RX LT,960,126,102,57,115,2,16,1,26,0,0,0
2026-07-18T12:20:41.050 RX LT,980,129,105,60,159,2,16,1,28,0,0,0
2026-07-18T12:20:41.050 RX LT,1000,130,106,58,83,2,16,1,33,0,0,0
2026-07-18T12:20:41.177 RX LT,1020,140,100,68,118,6,48,1,35,0,0,0
2026-07-18T12:20:41.177 RX LT,1040,156,84,102,127,6,48,1,38,0,0,0
2026-07-18T12:20:41.177 RX LT,1060,164,76,69,118,6,48,1,39,0,0,0
2026-07-18T12:20:41.177 RX LT,1080,167,73,104,118,6,48,1,41,0,0,0
2026-07-18T12:20:41.177 RX LT,1100,167,73,113,116,6,48,1,42,0,0,0
2026-07-18T12:20:41.177 RX LT,1120,167,73,113,162,6,48,1,43,0,0,0
2026-07-18T12:20:41.319 RX LT,1140,167,73,115,162,6,48,1,44,0,0,0
2026-07-18T12:20:41.319 RX LT,1160,167,73,105,118,6,48,1,45,0,0,0
2026-07-18T12:20:41.319 RX LT,1180,167,73,126,170,6,48,1,46,0,0,0
2026-07-18T12:20:41.319 RX LT,1200,167,73,116,119,6,48,1,46,0,0,0
2026-07-18T12:20:41.319 RX LT,1220,167,73,116,127,6,48,1,46,0,0,0
2026-07-18T12:20:41.319 RX LT,1240,167,73,126,171,6,48,1,45,0,0,0
2026-07-18T12:20:41.319 RX LT,1260,167,73,127,162,6,48,1,44,0,0,0
2026-07-18T12:20:41.451 RX LT,1280,167,73,127,162,6,48,1,43,0,0,0
2026-07-18T12:20:41.451 RX LT,1300,167,73,171,129,6,48,1,42,0,0,0
2026-07-18T12:20:41.451 RX LT,1320,167,73,162,160,6,48,1,40,0,0,0
2026-07-18T12:20:41.452 RX LT,1340,167,73,173,129,6,48,1,38,0,0,0
2026-07-18T12:20:41.452 RX LT,1360,167,73,173,127,6,48,1,36,0,0,0
2026-07-18T12:20:41.452 RX LT,1380,171,57,173,127,11,32,1,34,0,0,0
2026-07-18T12:20:41.594 RX LT,1400,171,57,163,127,11,32,1,31,0,0,0
2026-07-18T12:20:41.594 RX LT,1420,171,57,173,160,11,32,1,27,0,0,0
2026-07-18T12:20:41.594 RX LT,1440,171,57,184,162,11,32,1,23,0,0,0
2026-07-18T12:20:41.594 RX LT,1460,171,57,174,162,11,32,1,18,0,0,0
2026-07-18T12:20:41.595 RX LT,1480,171,57,174,118,11,32,1,14,0,0,0
2026-07-18T12:20:41.595 RX LT,1500,171,57,184,159,11,32,1,9,0,0,0
2026-07-18T12:20:41.595 RX LT,1520,171,57,174,118,11,32,1,4,0,0,0
2026-07-18T12:20:41.727 RX LT,1540,171,57,184,116,11,32,1,-1,0,0,0
2026-07-18T12:20:41.727 RX LT,1560,171,57,174,126,11,32,1,-7,0,0,0
2026-07-18T12:20:41.728 RX LT,1580,171,57,217,118,11,32,1,-13,0,0,0
2026-07-18T12:20:41.728 RX LT,1600,171,57,218,116,11,32,1,-19,0,0,0
2026-07-18T12:20:41.728 RX LT,1620,171,57,185,116,11,32,1,-25,0,0,0
2026-07-18T12:20:41.728 RX LT,1640,171,57,176,116,11,32,1,-33,0,0,0
2026-07-18T12:20:41.837 RX LT,1660,167,73,185,116,6,48,1,-39,0,0,0
2026-07-18T12:20:41.837 RX LT,1680,167,73,218,116,6,48,1,-45,0,0,0
2026-07-18T12:20:41.837 RX LT,1700,167,73,187,116,6,48,1,-51,0,0,0
2026-07-18T12:20:41.837 RX LT,1720,167,73,185,148,6,48,1,-57,0,0,0
2026-07-18T12:20:41.837 RX LT,1740,167,73,218,118,6,48,1,-62,0,0,0
2026-07-18T12:20:41.837 RX LT,1760,167,73,220,72,6,48,1,-67,0,0,0
2026-07-18T12:20:41.967 RX LT,1780,167,73,187,113,6,48,1,-73,0,0,0
2026-07-18T12:20:41.967 RX LT,1800,167,73,218,115,6,48,1,-79,0,0,0
2026-07-18T12:20:41.967 RX LT,1820,167,73,187,115,6,48,1,-84,0,0,0
2026-07-18T12:20:41.967 RX LT,1840,167,73,229,115,6,48,1,-90,0,0,0
2026-07-18T12:20:41.967 RX LT,1860,167,73,220,115,6,48,1,-98,0,0,0
2026-07-18T12:20:41.967 RX LT,1880,167,73,176,72,6,48,1,-103,0,0,0
2026-07-18T12:20:42.098 RX LT,1900,167,73,228,124,6,48,1,-108,0,0,0
2026-07-18T12:20:42.098 RX LT,1920,147,93,220,73,2,16,1,-113,0,0,0
2026-07-18T12:20:42.098 RX LT,1940,132,108,220,113,2,16,1,-118,0,0,0
2026-07-18T12:20:42.098 RX LT,1960,122,118,220,126,0,24,1,-123,0,0,0
2026-07-18T12:20:42.098 RX LT,1980,120,120,220,116,0,24,1,-127,0,0,0
2026-07-18T12:20:42.098 RX LT,2000,120,120,176,159,0,24,1,-130,0,0,0
2026-07-18T12:20:42.225 RX LT,2020,120,120,185,118,0,24,1,-133,0,0,0
2026-07-18T12:20:42.225 RX LT,2040,120,120,218,116,0,24,1,-136,0,0,0
2026-07-18T12:20:42.225 RX LT,2060,120,120,176,126,0,24,1,-139,0,0,0
2026-07-18T12:20:42.225 RX LT,2080,120,120,185,127,0,24,1,-141,0,0,0
2026-07-18T12:20:42.225 RX LT,2100,120,120,218,160,0,24,1,-143,0,0,0
2026-07-18T12:20:42.225 RX LT,2120,108,132,176,162,-2,8,1,-145,0,0,0
2026-07-18T12:20:42.349 RX LT,2140,100,140,185,162,-6,12,1,-147,0,0,0
2026-07-18T12:20:42.349 RX LT,2160,84,156,174,162,-6,12,1,-148,0,0,0
2026-07-18T12:20:42.349 RX LT,2180,73,167,184,129,-6,12,1,-149,0,0,0
2026-07-18T12:20:42.349 RX LT,2200,73,167,174,171,-6,12,1,-149,0,0,0
2026-07-18T12:20:42.349 RX LT,2220,73,167,130,173,-6,12,1,-149,0,0,0
2026-07-18T12:20:42.349 RX LT,2240,73,167,173,171,-6,12,1,-149,0,0,0
2026-07-18T12:20:42.468 RX LT,2260,73,167,173,173,-6,12,1,-148,0,0,0
2026-07-18T12:20:42.468 RX LT,2280,73,167,130,176,-6,12,1,-146,0,0,0
2026-07-18T12:20:42.468 RX LT,2300,57,171,171,174,-11,4,1,-144,0,0,0
2026-07-18T12:20:42.478 RX LT,2320,57,171,173,217,-11,4,1,-141,0,0,0
2026-07-18T12:20:42.478 RX LT,2340,57,171,163,176,-11,4,1,-138,0,0,0
2026-07-18T12:20:42.478 RX LT,2360,57,171,171,218,-11,4,1,-134,0,0,0
2026-07-18T12:20:42.597 RX LT,2380,57,171,163,185,-11,4,1,-131,0,0,0
2026-07-18T12:20:42.597 RX LT,2400,29,171,162,185,-18,6,1,-126,0,0,0
2026-07-18T12:20:42.597 RX LT,2420,29,171,118,185,-18,6,1,-122,0,0,0
2026-07-18T12:20:42.597 RX LT,2440,29,171,116,185,-18,6,1,-117,0,0,0
2026-07-18T12:20:42.597 RX LT,2460,29,171,159,185,-18,6,1,-111,0,0,0
2026-07-18T12:20:42.597 RX LT,2480,29,171,126,220,-18,6,1,-105,0,0,0
2026-07-18T12:20:42.727 RX LT,2500,29,171,72,220,-18,6,1,-96,0,0,0
2026-07-18T12:20:42.727 RX LT,2520,29,171,105,185,-18,6,1,-89,0,0,0
2026-07-18T12:20:42.727 RX LT,2540,57,171,75,220,-11,4,1,-82,0,0,0
2026-07-18T12:20:42.727 RX LT,2560,57,171,124,187,-11,4,1,-76,0,0,0
2026-07-18T12:20:42.729 RX LT,2580,57,171,116,229,-11,4,1,-69,0,0,0
2026-07-18T12:20:42.729 RX LT,2600,57,171,72,220,-11,4,1,-62,0,0,0
2026-07-18T12:20:42.849 RX LT,2620,57,171,69,220,-11,4,1,-55,0,0,0
2026-07-18T12:20:42.849 RX LT,2640,57,171,113,220,-11,4,1,-49,0,0,0
2026-07-18T12:20:42.849 RX LT,2660,57,171,104,220,-11,4,1,-42,0,0,0
2026-07-18T12:20:42.849 RX LT,2680,57,171,115,187,-11,4,1,-36,0,0,0
2026-07-18T12:20:42.849 RX LT,2700,57,171,105,229,-11,4,1,-31,0,0,0
2026-07-18T12:20:42.849 RX LT,2720,57,171,71,220,-11,4,1,-22,0,0,0
2026-07-18T12:20:42.999 RX LT,2740,57,171,69,220,-11,4,1,-17,0,0,0
2026-07-18T12:20:42.999 RX LT,2760,73,167,113,187,-6,12,1,-11,0,0,0
2026-07-18T12:20:42.999 RX LT,2780,73,167,104,185,-6,12,1,-5,0,0,0
2026-07-18T12:20:42.999 RX LT,2800,73,167,104,229,-6,12,1,0,0,0,0
2026-07-18T12:20:42.999 RX LT,2820,73,167,71,220,-6,12,1,6,0,0,0
2026-07-18T12:20:42.999 RX LT,2840,73,167,69,187,-6,12,1,11,0,0,0
2026-07-18T12:20:42.999 RX LT,2860,73,167,113,229,-6,12,1,16,0,0,0
2026-07-18T12:20:43.122 RX LT,2880,73,167,104,220,-6,12,1,22,0,0,0
2026-07-18T12:20:43.122 RX LT,2900,93,147,104,220,-2,8,1,27,0,0,0
2026-07-18T12:20:43.122 RX LT,2920,108,132,104,220,-2,8,1,36,0,0,0
2026-07-18T12:20:43.122 RX LT,2940,108,132,71,176,-2,8,1,39,0,0,0
2026-07-18T12:20:43.122 RX LT,2960,108,132,104,218,-2,8,1,43,0,0,0
2026-07-18T12:20:43.127 RX LT,2980,120,120,113,174,0,24,1,46,0,0,0
2026-07-18T12:20:43.248 RX LT,3000,120,120,72,174,0,24,1,49,0,0,0
2026-07-18T12:20:43.248 RX LT,3020,120,120,113,184,0,24,1,52,0,0,0
2026-07-18T12:20:43.248 TX SET LINEKD 2150 1668563168
2026-07-18T12:20:43.248 RX LT,3040,120,120,72,174,0,24,1,55,0,0,0
2026-07-18T12:20:43.248 RX LT,3060,120,120,113,174,0,24,1,57,0,0,0
2026-07-18T12:20:43.248 RX LT,3080,132,108,115,217,2,16,1,58,0,0,0
2026-07-18T12:20:43.248 RX LT,3100,132,108,72,133,2,16,1,59,0,0,0
2026-07-18T12:20:43.378 RX LT,3120,140,100,124,171,6,48,1,60,0,0,0
2026-07-18T12:20:43.378 RX LT,3140,156,84,116,173,6,48,1,60,0,0,0
2026-07-18T12:20:43.378 RX SA,1668563168,LINEKD,2150
2026-07-18T12:20:43.378 RX LT,3160,128,112,116,130,6,48,1,60,0,0,0
2026-07-18T12:20:43.378 RX LT,3180,136,104,116,163,6,48,1,59,0,0,0
2026-07-18T12:20:43.378 RX LT,3200,160,80,159,162,6,48,1,57,0,0,0
2026-07-18T12:20:43.378 RX LT,3220,167,73,118,129,6,48,1,56,0,0,0
2026-07-18T12:20:43.503 RX LT,3240,167,73,116,160,6,48,1,54,0,0,0
2026-07-18T12:20:43.503 RX LT,3260,167,73,126,118,6,48,1,51,0,0,0
2026-07-18T12:20:43.503 RX LT,3280,167,73,127,159,6,48,1,48,0,0,0
2026-07-18T12:20:43.503 RX LT,3300,167,73,127,118,6,48,1,44,0,0,0
2026-07-18T12:20:43.503 RX LT,3320,167,73,171,116,6,48,1,39,0,0,0
2026-07-18T12:20:43.503 RX LT,3340,171,57,130,126,11,32,1,34,0,0,0
2026-07-18T12:20:43.651 RX LT,3360,171,57,171,116,11,32,1,26,0,0,0
2026-07-18T12:20:43.651 RX LT,3380,171,57,173,105,11,32,1,23,0,0,0
2026-07-18T12:20:43.652 RX LT,3400,171,57,173,115,11,32,1,17,0,0,0
2026-07-18T12:20:43.652 RX LT,3420,171,57,173,115,11,32,1,10,0,0,0
2026-07-18T12:20:43.652 RX LT,3440,171,57,130,72,11,32,1,3,0,0,0
2026-07-18T12:20:43.652 RX LT,3460,171,57,171,113,11,32,1,-4,0,0,0
2026-07-18T12:20:43.653 RX LT,3480,171,57,184,72,11,32,1,-12,0,0,0
2026-07-18T12:20:43.768 RX LT,3500,171,57,174,113,11,32,1,-19,0,0,0
2026-07-18T12:20:43.768 RX LT,3520,171,57,174,104,11,32,1,-27,0,0,0
2026-07-18T12:20:43.768 RX LT,3540,171,57,184,104,11,32,1,-34,0,0,0
2026-07-18T12:20:43.768 RX LT,3560,171,57,174,71,11,32,1,-46,0,0,0
2026-07-18T12:20:43.768 RX LT,3580,171,57,184,113,11,32,1,-53,0,0,0
2026-07-18T12:20:43.768 RX LT,3600,171,57,174,104,11,32,1,-60,0,0,0
2026-07-18T12:20:43.908 RX LT,3620,171,57,217,113,11,32,1,-67,0,0,0
2026-07-18T12:20:43.908 RX LT,3640,171,57,218,69,11,32,1,-75,0,0,0
2026-07-18T12:20:43.908 RX LT,3660,171,57,176,69,11,32,1,-82,0,0,0
2026-07-18T12:20:43.908 RX LT,3680,171,57,185,69,11,32,1,-89,0,0,0
2026-07-18T12:20:43.908 RX LT,3700,171,57,218,69,11,32,1,-97,0,0,0
2026-07-18T12:20:43.908 RX LT,3720,171,57,220,102,11,32,1,-104,0,0,0
2026-07-18T12:20:44.027 RX LT,3740,171,57,220,60,11,32,1,-111,0,0,0
2026-07-18T12:20:44.027 RX LT,3760,167,73,176,69,6,48,1,-118,0,0,0
2026-07-18T12:20:44.027 RX LT,3780,167,73,217,102,6,48,1,-124,0,0,0
2026-07-18T12:20:44.027 RX LT,3800,167,73,187,60,6,48,1,-132,0,0,0
2026-07-18T12:20:44.027 RX LT,3820,167,73,218,69,6,48,1,-138,0,0,0
2026-07-18T12:20:44.027 RX LT,3840,167,73,220,69,6,48,1,-141,0,0,0
2026-07-18T12:20:44.154 RX LT,3860,167,73,187,102,6,48,1,-145,0,0,0
2026-07-18T12:20:44.154 RX LT,3880,167,73,185,104,6,48,1,-150,0,0,0
2026-07-18T12:20:44.154 RX LT,3900,167,73,185,60,6,48,1,-154,0,0,0
2026-07-18T12:20:44.154 RX LT,3920,167,73,185,69,6,48,1,-163,0,0,0
2026-07-18T12:20:44.154 RX LT,3940,167,73,185,69,6,48,1,-170,0,0,0
2026-07-18T12:20:44.154 RX LT,3960,157,83,185,69,2,16,1,-178,0,0,0
2026-07-18T12:20:44.281 RX LT,3980,137,103,185,102,2,16,1,-186,0,0,0
2026-07-18T12:20:44.281 RX LT,4000,132,108,185,71,2,16,1,-197,0,0,0
2026-07-18T12:20:44.281 RX LT,4020,122,118,185,69,0,24,1,-203,0,0,0
2026-07-18T12:20:44.281 RX LT,4040,120,120,218,69,0,24,1,-209,0,0,0
2026-07-18T12:20:44.281 RX LT,4060,120,120,176,113,0,24,1,-214,0,0,0
2026-07-18T12:20:44.281 RX LT,4080,120,120,174,72,0,24,1,-218,0,0,0
2026-07-18T12:20:44.396 RX LT,4100,120,120,174,105,0,24,1,-222,0,0,0
2026-07-18T12:20:44.396 RX LT,4120,120,120,176,115,0,24,1,-225,0,0,0
2026-07-18T12:20:44.396 RX LT,4140,120,120,217,105,0,24,1,-228,0,0,0
2026-07-18T12:20:44.396 RX LT,4160,115,125,176,115,-3,28,1,-231,0,0,0
2026-07-18T12:20:44.396 RX LT,4180,120,120,174,115,0,60,1,-234,0,0,0
2026-07-18T12:20:44.396 RX LT,4200,112,128,184,115,-6,12,1,-237,0,0,0
2026-07-18T12:20:44.528 RX LT,4220,96,144,174,115,-6,12,1,-242,0,0,0
2026-07-18T12:20:44.528 RX LT,4240,80,160,174,115,-6,12,1,-244,0,0,0
2026-07-18T12:20:44.528 RX LT,4260,73,167,174,159,-6,12,1,-245,0,0,0
2026-07-18T12:20:44.528 RX LT,4280,57,171,130,118,-11,4,1,-247,0,0,0
2026-07-18T12:20:44.538 RX LT,4300,57,171,127,159,-11,4,1,-248,0,0,0
2026-07-18T12:20:44.538 RX LT,4320,57,171,127,162,-11,4,1,-248,0,0,0
2026-07-18T12:20:44.658 RX LT,4340,57,171,162,127,-11,4,1,-247,0,0,0
2026-07-18T12:20:44.658 RX LT,4360,29,171,119,162,-18,6,1,-246,0,0,0
2026-07-18T12:20:44.659 RX LT,4380,29,171,127,129,-18,6,1,-243,0,0,0
2026-07-18T12:20:44.659 RX LT,4400,29,171,160,171,-18,6,1,-240,0,0,0
2026-07-18T12:20:44.659 RX LT,4420,29,171,118,173,-18,6,1,-236,0,0,0
2026-07-18T12:20:44.659 RX LT,4440,29,171,116,163,-18,6,1,-229,0,0,0
2026-07-18T12:20:44.778 RX LT,4460,29,171,116,173,-18,6,1,-224,0,0,0
2026-07-18T12:20:44.778 RX LT,4480,29,171,116,173,-18,6,1,-218,0,0,0
2026-07-18T12:20:44.778 RX LT,4500,29,171,72,173,-18,6,1,-212,0,0,0
2026-07-18T12:20:44.788 RX LT,4520,29,171,115,217,-18,6,1,-206,0,0,0
2026-07-18T12:20:44.788 RX LT,4540,29,171,115,176,-18,6,1,-200,0,0,0
2026-07-18T12:20:44.789 RX LT,4560,29,171,72,174,-18,6,1,-194,0,0,0
2026-07-18T12:20:44.908 RX LT,4580,29,171,115,174,-18,6,1,-187,0,0,0
2026-07-18T12:20:44.908 RX LT,4600,29,171,105,174,-18,6,1,-180,0,0,0
2026-07-18T12:20:44.908 TX SET LINEKD 2250 1668563169
2026-07-18T12:20:44.908 RX LT,4620,29,171,60,184,-18,6,1,-174,0,0,0
2026-07-18T12:20:44.908 RX LT,4640,29,171,112,174,-18,6,1,-167,0,0,0
2026-07-18T12:20:44.908 RX LT,4660,29,171,61,174,-18,6,1,-158,0,0,0
2026-07-18T12:20:44.908 RX LT,4680,29,171,102,217,-18,6,1,-152,0,0,0
2026-07-18T12:20:45.028 RX LT,4700,29,171,69,174,-18,6,1,-145,0,0,0
2026-07-18T12:20:45.028 RX LT,4720,29,171,58,184,-18,6,1,-138,0,0,0
2026-07-18T12:20:45.037 RX SA,1668563169,LINEKD,2250
2026-07-18T12:20:45.038 RX LT,4740,82,118,68,174,-18,6,1,-131,0,0,0
2026-07-18T12:20:45.038 RX LT,4760,46,154,58,174,-18,6,1,-124,0,0,0
2026-07-18T12:20:45.038 RX LT,4780,29,171,68,217,-18,6,1,-121,0,0,0
2026-07-18T12:20:45.038 RX LT,4800,29,171,58,176,-18,6,1,-115,0,0,0
2026-07-18T12:20:45.161 RX LT,4820,29,171,68,174,-18,6,1,-109,0,0,0
2026-07-18T12:20:45.161 RX LT,4840,29,171,102,217,-18,6,1,-104,0,0,0
2026-07-18T12:20:45.161 RX LT,4860,29,171,60,176,-18,6,1,-95,0,0,0
2026-07-18T12:20:45.162 RX LT,4880,29,171,58,174,-18,6,1,-92,0,0,0
2026-07-18T12:20:45.162 RX LT,4900,29,171,101,174,-18,6,1,-86,0,0,0
2026-07-18T12:20:45.162 RX LT,4920,57,171,49,184,-11,4,1,-80,0,0,0
2026-07-18T12:20:45.288 RX LT,4940,57,171,99,176,-11,4,1,-73,0,0,0
2026-07-18T12:20:45.289 RX LT,4960,57,171,58,184,-11,4,1,-67,0,0,0
2026-07-18T12:20:45.289 RX LT,4980,57,171,58,174,-11,4,1,-61,0,0,0
2026-07-18T12:20:45.289 RX LT,5000,57,171,68,217,-11,4,1,-55,0,0,0
2026-07-18T12:20:45.289 RX LT,5020,57,171,58,176,-11,4,1,-49,0,0,0
2026-07-18T12:20:45.289 RX LT,5040,73,167,101,217,-6,12,1,-44,0,0,0
2026-07-18T12:20:45.413 RX LT,5060,73,167,60,176,-6,12,1,-39,0,0,0
2026-07-18T12:20:45.413 RX LT,5080,73,167,69,174,-6,12,1,-31,0,0,0
2026-07-18T12:20:45.413 RX LT,5100,73,167,58,184,-6,12,1,-25,0,0,0
2026-07-18T12:20:45.413 RX LT,5120,73,167,101,174,-6,12,1,-20,0,0,0
2026-07-18T12:20:45.413 RX LT,5140,73,167,60,184,-6,12,1,-15,0,0,0
2026-07-18T12:20:45.413 RX LT,5160,83,157,58,174,-2,8,1,-10,0,0,0
2026-07-18T12:20:45.549 RX LT,5180,103,137,101,217,-2,8,1,-5,0,0,0
2026-07-18T12:20:45.549 RX LT,5200,108,132,60,133,-2,8,1,0,0,0,0
2026-07-18T12:20:45.549 RX LT,5220,120,120,69,171,0,24,1,4,0,0,0
2026-07-18T12:20:45.549 RX LT,5240,120,120,102,173,0,24,1,8,0,0,0
2026-07-18T12:20:45.549 RX LT,5260,120,120,104,173,0,24,1,12,0,0,0
2026-07-18T12:20:45.549 RX LT,5280,120,120,104,163,0,24,1,15,0,0,0
2026-07-18T12:20:45.549 RX LT,5300,120,120,104,173,0,24,1,18,0,0,0
2026-07-18T12:20:45.549 TX SET LINEKD 2350 1668563170
2026-07-18T12:20:45.677 RX LT,5320,130,110,104,130,2,16,1,21,0,0,0
2026-07-18T12:20:45.677 RX SA,1668563170,LINEKD,2350
2026-07-18T12:20:45.677 RX LT,5340,130,110,104,171,2,16,1,22,0,0,0
2026-07-18T12:20:45.677 RX LT,5360,140,100,71,162,6,48,1,23,0,0,0
2026-07-18T12:20:45.677 RX LT,5380,156,84,113,162,6,48,1,24,0,0,0
2026-07-18T12:20:45.677 RX LT,5400,167,73,72,162,6,48,1,24,0,0,0
2026-07-18T12:20:45.812 RX LT,5420,167,73,113,129,6,48,1,24,0,0,0
2026-07-18T12:20:45.812 RX LT,5440,167,73,113,129,6,48,1,23,0,0,0
2026-07-18T12:20:45.812 RX LT,5460,167,73,137,138,6,48,1,20,0,0,0
2026-07-18T12:20:45.814 RX LT,5480,167,73,117,117,6,48,1,17,0,0,0
2026-07-18T12:20:45.814 RX LT,5500,167,73,116,116,6,48,1,14,0,0,0
2026-07-18T12:20:45.814 RX LT,5520,167,73,116,116,6,48,1,10,0,0,0
2026-07-18T12:20:45.814 RX LT,5540,167,73,116,105,6,48,1,6,0,0,0
2026-07-18T12:20:45.939 RX LT,5560,167,73,159,115,6,48,1,2,0,0,0
2026-07-18T12:20:45.939 RX LT,5580,171,57,118,115,11,32,1,-2,0,0,0
2026-07-18T12:20:45.939 RX LT,5600,171,57,159,105,11,32,1,-6,0,0,0
2026-07-18T12:20:45.939 RX LT,5620,171,57,162,71,11,32,1,-11,0,0,0
2026-07-18T12:20:45.939 RX LT,5640,171,57,162,113,11,32,1,-19,0,0,0
2026-07-18T12:20:45.939 RX LT,5660,171,57,162,104,11,32,1,-24,0,0,0
2026-07-18T12:20:46.061 RX LT,5680,171,57,129,104,11,32,1,-30,0,0,0
2026-07-18T12:20:46.061 RX LT,5700,171,57,127,104,11,32,1,-37,0,0,0
2026-07-18T12:20:46.061 RX LT,5720,171,57,171,71,11,32,1,-43,0,0,0
2026-07-18T12:20:46.061 RX LT,5740,171,9,130,102,23,96,1,-49,0,0,0
2026-07-18T12:20:46.061 RX LT,5760,171,9,171,60,23,96,1,-53,0,0,0
2026-07-18T12:20:46.061 RX LT,5780,171,9,173,58,23,96,1,-60,0,0,0
2026-07-18T12:20:46.188 RX LT,5800,171,9,173,58,23,96,1,-68,0,0,0
2026-07-18T12:20:46.188 RX LT,5820,171,57,173,58,11,32,1,-77,0,0,0
2026-07-18T12:20:46.188 RX LT,5840,171,57,173,58,11,32,1,-85,0,0,0
2026-07-18T12:20:46.188 RX LT,5860,171,57,173,68,11,32,1,-98,0,0,0
2026-07-18T12:20:46.188 RX LT,5880,171,57,173,69,11,32,1,-106,0,0,0
2026-07-18T12:20:46.188 RX LT,5900,171,57,173,58,11,32,1,-114,0,0,0
2026-07-18T12:20:46.317 RX LT,5920,171,57,217,101,11,32,1,-122,0,0,0
2026-07-18T12:20:46.317 RX LT,5940,171,57,176,60,11,32,1,-129,0,0,0
2026-07-18T12:20:46.317 RX LT,5960,171,57,174,58,11,32,1,-136,0,0,0
2026-07-18T12:20:46.317 RX LT,5980,171,57,184,68,11,32,1,-143,0,0,0
2026-07-18T12:20:46.317 RX LT,6000,171,57,174,58,11,32,1,-150,0,0,0
2026-07-18T12:20:46.317 RX LT,6020,171,57,184,68,11,32,1,-157,0,0,0
2026-07-18T12:20:46.465 RX LT,6040,167,73,218,102,6,48,1,-163,0,0,0
2026-07-18T12:20:46.465 RX LT,6060,167,73,220,60,6,48,1,-170,0,0,0
2026-07-18T12:20:46.465 RX LT,6080,167,73,176,101,6,48,1,-181,0,0,0
2026-07-18T12:20:46.466 RX LT,6100,167,73,185,60,6,48,1,-187,0,0,0
2026-07-18T12:20:46.466 RX LT,6120,167,73,174,58,6,48,1,-193,0,0,0
2026-07-18T12:20:46.466 RX LT,6140,167,73,184,101,6,48,1,-200,0,0,0
2026-07-18T12:20:46.466 RX LT,6160,167,73,185,60,6,48,1,-206,0,0,0
2026-07-18T12:20:46.588 RX LT,6180,167,73,218,69,6,48,1,-211,0,0,0
2026-07-18T12:20:46.588 RX LT,6200,167,73,220,58,6,48,1,-218,0,0,0
2026-07-18T12:20:46.588 RX LT,6220,167,73,220,68,6,48,1,-224,0,0,0
2026-07-18T12:20:46.589 RX LT,6240,167,73,176,102,6,48,1,-230,0,0,0
2026-07-18T12:20:46.589 RX LT,6260,157,83,185,60,2,16,1,-235,0,0,0
2026-07-18T12:20:46.589 RX LT,6280,137,103,218,101,2,16,1,-241,0,0,0
2026-07-18T12:20:46.712 RX LT,6300,132,108,220,60,2,16,1,-249,0,0,0
2026-07-18T12:20:46.712 RX LT,6320,122,118,176,69,0,24,1,-253,0,0,0
2026-07-18T12:20:46.712 RX LT,6340,120,120,217,69,0,24,1,-257,0,0,0
2026-07-18T12:20:46.712 RX LT,6360,120,120,176,69,0,24,1,-260,0,0,0
2026-07-18T12:20:46.718 RX LT,6380,120,120,217,113,0,24,1,-263,0,0,0
2026-07-18T12:20:46.720 RX LT,6400,120,120,133,104,0,24,1,-265,0,0,0
2026-07-18T12:20:46.826 RX LT,6420,120,120,182,115,0,24,1,-266,0,0,0
2026-07-18T12:20:46.826 RX LT,6440,110,130,174,72,-2,8,1,-268,0,0,0
2026-07-18T12:20:46.826 RX LT,6460,108,132,174,113,-2,8,1,-270,0,0,0
2026-07-18T12:20:46.841 RX LT,6480,100,140,174,115,-6,12,1,-271,0,0,0
2026-07-18T12:20:46.841 RX LT,6500,84,156,217,115,-6,12,1,-274,0,0,0
2026-07-18T12:20:46.848 RX LT,6520,73,167,165,115,-6,12,1,-275,0,0,0
2026-07-18T12:20:46.968 RX LT,6540,73,167,173,115,-6,12,1,-275,0,0,0
2026-07-18T12:20:46.968 RX LT,6560,73,167,130,159,-6,12,1,-275,0,0,0
2026-07-18T12:20:46.968 RX LT,6580,73,167,171,118,-6,12,1,-274,0,0,0
2026-07-18T12:20:46.968 RX LT,6600,57,171,162,127,-11,4,1,-273,0,0,0
2026-07-18T12:20:46.968 RX LT,6620,57,171,173,171,-11,4,1,-270,0,0,0
2026-07-18T12:20:46.968 RX LT,6640,29,171,163,162,-18,6,1,-268,0,0,0
2026-07-18T12:20:47.094 RX LT,6660,29,171,129,162,-18,6,1,-265,0,0,0
2026-07-18T12:20:47.094 RX LT,6680,29,171,160,162,-18,6,1,-262,0,0,0
2026-07-18T12:20:47.097 RX LT,6700,29,171,118,129,-18,6,1,-258,0,0,0
2026-07-18T12:20:47.097 RX LT,6720,29,171,116,171,-18,6,1,-251,0,0,0
2026-07-18T12:20:47.097 RX LT,6740,29,171,126,162,-18,6,1,-246,0,0,0
2026-07-18T12:20:47.097 RX LT,6760,29,171,73,173,-18,6,1,-240,0,0,0
2026-07-18T12:20:47.218 RX LT,6780,29,171,113,173,-18,6,1,-234,0,0,0
2026-07-18T12:20:47.218 RX LT,6800,29,171,115,173,-18,6,1,-231,0,0,0
2026-07-18T12:20:47.219 RX LT,6820,5,175,115,130,-25,2,1,-224,0,0,0
2026-07-18T12:20:47.219 RX LT,6840,29,171,105,171,-18,6,1,-218,0,0,0
2026-07-18T12:20:47.219 RX LT,6860,29,171,115,173,-18,6,1,-211,0,0,0
2026-07-18T12:20:47.219 RX LT,6880,29,171,105,184,-18,6,1,-204,0,0,0
2026-07-18T12:20:47.219 TX SET LINEKD 2250 1668563171
2026-07-18T12:20:47.318 RX LT,6900,29,171,71,174,-18,6,1,-197,0,0,0
2026-07-18T12:20:47.318 RX LT,6920,5,175,113,174,-25,2,1,-189,0,0,0
2026-07-18T12:20:47.318 RX SA,1668563171,LINEKD,2250
2026-07-18T12:20:47.318 RX LT,6940,29,171,104,174,-18,6,1,-178,0,0,0
2026-07-18T12:20:47.318 RX LT,6960,64,136,104,141,-18,6,1,-171,0,0,0
2026-07-18T12:20:47.318 RX LT,6980,29,171,115,171,-18,6,1,-164,0,0,0
2026-07-18T12:20:47.448 RX LT,7000,29,171,105,217,-18,6,1,-158,0,0,0
2026-07-18T12:20:47.448 RX LT,7020,29,171,104,176,-18,6,1,-152,0,0,0
2026-07-18T12:20:47.448 RX LT,7040,29,171,104,174,-18,6,1,-146,0,0,0
2026-07-18T12:20:47.448 RX LT,7060,29,171,104,184,-18,6,1,-140,0,0,0
2026-07-18T12:20:47.448 RX LT,7080,29,171,60,174,-18,6,1,-134,0,0,0
2026-07-18T12:20:47.448 RX LT,7100,29,171,69,174,-18,6,1,-127,0,0,0
2026-07-18T12:20:47.568 RX LT,7120,29,171,58,174,-18,6,1,-121,0,0,0
2026-07-18T12:20:47.568 RX LT,7140,29,171,68,217,-18,6,1,-115,0,0,0
2026-07-18T12:20:47.568 RX LT,7160,29,171,58,176,-18,6,1,-105,0,0,0
2026-07-18T12:20:47.568 RX LT,7180,29,171,68,174,-18,6,1,-99,0,0,0
2026-07-18T12:20:47.568 RX LT,7200,29,171,58,174,-18,6,1,-94,0,0,0
2026-07-18T12:20:47.568 RX LT,7220,29,171,68,174,-18,6,1,-88,0,0,0
2026-07-18T12:20:47.700 RX LT,7240,29,171,58,174,-18,6,1,-82,0,0,0
2026-07-18T12:20:47.700 RX LT,7260,57,171,101,174,-11,4,1,-77,0,0,0
2026-07-18T12:20:47.700 RX LT,7280,57,171,60,184,-11,4,1,-71,0,0,0
2026-07-18T12:20:47.700 RX LT,7300,57,171,101,174,-11,4,1,-65,0,0,0
2026-07-18T12:20:47.700 RX LT,7320,57,171,60,174,-11,4,1,-60,0,0,0
2026-07-18T12:20:47.700 RX LT,7340,57,171,69,174,-11,4,1,-55,0,0,0
2026-07-18T12:20:47.848 RX LT,7360,57,171,102,184,-11,4,1,-47,0,0,0
2026-07-18T12:20:47.848 RX LT,7380,57,171,104,174,-11,4,1,-43,0,0,0
2026-07-18T12:20:47.848 RX LT,7400,73,167,60,217,-6,12,1,-37,0,0,0
2026-07-18T12:20:47.848 RX LT,7420,73,167,69,176,-6,12,1,-33,0,0,0
2026-07-18T12:20:47.848 RX LT,7440,73,167,69,174,-6,12,1,-28,0,0,0
2026-07-18T12:20:47.848 RX LT,7460,73,167,102,184,-6,12,1,-23,0,0,0
2026-07-18T12:20:47.848 RX LT,7480,73,167,60,174,-6,12,1,-18,0,0,0
2026-07-18T12:20:47.968 RX LT,7500,73,167,69,217,-6,12,1,-13,0,0,0
2026-07-18T12:20:47.968 RX LT,7520,73,167,102,176,-6,12,1,-8,0,0,0
2026-07-18T12:20:47.968 RX LT,7540,93,147,60,174,-2,8,1,-3,0,0,0
2026-07-18T12:20:47.968 RX LT,7560,108,132,69,174,-2,8,1,1,0,0,0
2026-07-18T12:20:47.968 RX LT,7580,120,120,69,174,0,24,1,7,0,0,0
2026-07-18T12:20:47.968 RX LT,7600,120,120,102,130,0,24,1,11,0,0,0
2026-07-18T12:20:48.102 RX LT,7620,120,120,104,171,0,24,1,14,0,0,0
2026-07-18T12:20:48.103 RX LT,7640,120,120,104,162,0,24,1,17,0,0,0
2026-07-18T12:20:48.103 RX LT,7660,120,120,71,173,0,24,1,19,0,0,0
2026-07-18T12:20:48.103 RX LT,7680,120,120,113,173,0,24,1,20,0,0,0
2026-07-18T12:20:48.103 RX LT,7700,132,108,104,163,2,16,1,21,0,0,0
2026-07-18T12:20:48.103 RX LT,7720,140,100,115,162,6,48,1,22,0,0,0
2026-07-18T12:20:48.103 TX SET LINEKP 8150 1668563172
2026-07-18T12:20:48.231 RX LT,7740,156,84,72,162,6,48,1,22,0,0,0
2026-07-18T12:20:48.231 RX LT,7760,167,73,113,118,6,48,1,21,0,0,0
2026-07-18T12:20:48.231 RX SA,1668563172,LINEKP,8150
2026-07-18T12:20:48.231 RX LT,7780,167,73,115,127,6,48,1,20,0,0,0
2026-07-18T12:20:48.231 RX LT,7800,136,104,115,116,6,48,1,17,0,0,0
2026-07-18T12:20:48.231 RX LT,7820,152,88,115,159,6,48,1,15,0,0,0
2026-07-18T12:20:48.232 RX LT,7840,167,73,115,118,6,48,1,12,0,0,0
2026-07-18T12:20:48.359 RX LT,7860,167,73,115,105,6,48,1,10,0,0,0
2026-07-18T12:20:48.359 RX LT,7880,167,73,126,71,6,48,1,7,0,0,0
2026-07-18T12:20:48.359 RX LT,7900,167,73,116,113,6,48,1,3,0,0,0
2026-07-18T12:20:48.359 RX LT,7920,167,73,126,115,6,48,1,-1,0,0,0
2026-07-18T12:20:48.359 RX LT,7940,167,73,160,105,6,48,1,-6,0,0,0
2026-07-18T12:20:48.359 RX LT,7960,167,73,162,71,6,48,1,-11,0,0,0
2026-07-18T12:20:48.508 RX LT,7990,167,73,129,113,6,48,1,-22,0,0,0
2026-07-18T12:20:48.508 RX LT,8010,167,73,214,94,6,48,1,-25,0,0,0
2026-07-18T12:20:48.508 RX LT,8030,167,73,165,71,6,48,1,-31,0,0,0
2026-07-18T12:20:48.508 RX LT,8050,167,73,173,69,6,48,1,-37,0,0,0
2026-07-18T12:20:48.508 RX LT,8070,167,73,173,113,6,48,1,-43,0,0,0
2026-07-18T12:20:48.508 RX LT,8090,167,73,163,104,6,48,1,-49,0,0,0
2026-07-18T12:20:48.508 RX LT,8110,167,73,173,104,6,48,1,-55,0,0,0
2026-07-18T12:20:48.628 RX LT,8130,167,73,173,71,6,48,1,-65,0,0,0
2026-07-18T12:20:48.628 RX LT,8150,157,83,173,69,3,56,1,-71,0,0,0
2026-07-18T12:20:48.628 RX LT,8170,147,93,173,102,0,62,0,-77,0,0,0
2026-07-18T12:20:48.628 RX LT,8190,140,140,173,71,0,62,0,0,0,1,0
2026-07-18T12:20:48.628 RX LT,8210,140,140,173,102,0,62,0,0,0,1,0
2026-07-18T12:20:48.628 RX LT,8230,140,140,173,71,0,62,0,0,0,1,0
2026-07-18T12:20:48.758 RX LT,8250,-165,165,163,113,0,31,0,-2,0,2,2
2026-07-18T12:20:48.758 RX LT,8270,-165,165,31,115,-24,7,1,-5,0,2,3
2026-07-18T12:20:48.758 RX LT,8290,-165,165,12,72,-30,3,1,-7,0,2,5
2026-07-18T12:20:48.758 RX LT,8310,-165,165,11,113,-36,1,1,-3,0,2,6
2026-07-18T12:20:48.758 RX LT,8330,-165,165,0,126,-36,1,1,6,0,2,7
2026-07-18T12:20:48.758 RX LT,8350,-165,165,54,127,-36,1,1,20,0,2,9
2026-07-18T12:20:48.886 RX LT,8370,-165,165,101,73,-36,1,1,36,0,2,11
2026-07-18T12:20:48.886 RX LT,8390,-165,165,60,156,-30,3,1,51,0,2,13
2026-07-18T12:20:48.886 RX LT,8410,-165,165,69,118,-30,3,1,67,0,2,15
2026-07-18T12:20:48.886 RX LT,8430,-165,165,102,159,-30,3,1,82,0,2,18
2026-07-18T12:20:48.886 RX LT,8450,-165,165,104,118,-30,3,1,97,0,2,20
2026-07-18T12:20:48.886 RX LT,8470,-165,165,71,127,-30,3,1,113,0,2,22
2026-07-18T12:20:49.010 RX LT,8490,-165,165,113,127,-24,7,1,129,0,2,25
2026-07-18T12:20:49.010 RX LT,8510,-165,165,115,127,-24,7,1,145,0,2,27
2026-07-18T12:20:49.010 RX LT,8530,-165,165,115,171,-24,7,1,161,0,2,30
2026-07-18T12:20:49.010 RX LT,8550,-165,165,159,130,-18,6,1,187,0,2,33
2026-07-18T12:20:49.010 RX LT,8570,-165,165,162,171,-18,6,1,204,0,2,36
2026-07-18T12:20:49.010 RX LT,8590,-165,165,118,162,-12,14,1,222,0,2,39
2026-07-18T12:20:49.138 RX LT,8610,-165,165,170,173,-6,12,1,240,0,2,42
2026-07-18T12:20:49.138 RX LT,8630,-165,165,173,163,-6,12,1,258,0,2,45
2026-07-18T12:20:49.138 RX LT,8650,-165,165,173,173,-6,12,1,277,0,2,49
2026-07-18T12:20:49.138 RX LT,8670,-105,105,173,130,0,24,1,295,0,2,52
2026-07-18T12:20:49.138 RX LT,8690,-100,100,173,127,0,24,1,313,0,2,55
2026-07-18T12:20:49.138 RX LT,8710,-95,95,173,127,0,24,1,331,0,2,58
2026-07-18T12:20:49.257 RX LT,8730,-90,90,173,116,0,24,1,347,0,2,61
2026-07-18T12:20:49.257 RX LT,8750,-85,85,163,116,2,16,1,361,0,2,64
2026-07-18T12:20:49.257 RX LT,8770,-82,82,173,72,2,16,1,381,0,2,66
2026-07-18T12:20:49.257 RX LT,8790,-77,77,130,69,6,48,1,392,0,2,69
2026-07-18T12:20:49.257 RX LT,8810,-74,74,171,69,6,48,1,402,0,2,71
2026-07-18T12:20:49.257 RX LT,8830,-70,70,162,69,6,48,1,411,0,3,73
2026-07-18T12:20:49.388 RX TURN CAPTURE,1,419,76,48,6
2026-07-18T12:20:49.388 RX LT,8850,0,0,118,102,6,48,1,419,0,5,76
2026-07-18T12:20:49.388 RX LT,8870,0,0,116,60,6,48,1,426,0,5,77
2026-07-18T12:20:49.388 RX LT,8890,0,0,72,3,11,32,1,432,0,5,78
2026-07-18T12:20:49.388 RX LT,8910,0,0,58,43,11,32,1,434,0,5,79
2026-07-18T12:20:49.388 RX LT,8930,0,0,58,46,11,32,1,433,0,5,80
2026-07-18T12:20:49.388 RX LT,8950,0,0,58,2,11,32,1,432,0,5,81
2026-07-18T12:20:49.518 RX LT,8970,0,0,47,0,11,32,1,429,0,5,81
2026-07-18T12:20:49.518 RX LT,8990,0,0,2,0,11,32,1,421,0,5,81
2026-07-18T12:20:49.518 RX LT,9010,105,95,0,0,11,32,1,414,0,6,81
2026-07-18T12:20:49.518 RX LT,9030,115,85,43,54,11,32,1,407,0,6,82
2026-07-18T12:20:49.518 RX LT,9050,125,75,57,57,11,32,1,404,0,6,83
2026-07-18T12:20:49.518 RX LT,9070,135,65,57,3,11,32,1,396,0,6,84
2026-07-18T12:20:49.638 RX LT,9090,145,55,57,43,11,32,1,388,0,6,84
2026-07-18T12:20:49.647 RX LT,9110,145,55,57,2,11,32,1,384,0,6,85
2026-07-18T12:20:49.648 RX LT,9130,145,55,68,11,11,32,1,376,0,6,86
2026-07-18T12:20:49.648 RX LT,9150,145,55,69,0,11,32,1,367,0,6,87
2026-07-18T12:20:49.648 RX LT,9170,145,55,102,10,11,32,1,359,0,6,88
2026-07-18T12:20:49.648 RX LT,9190,145,55,104,44,6,48,1,351,0,6,89
2026-07-18T12:20:49.648 RX LT,9210,145,55,104,2,6,48,1,339,0,6,90
2026-07-18T12:20:49.746 RX TURN CENTER,1,335,90,48,6
2026-07-18T12:20:49.746 RX TURN LEARN,1,900,93
2026-07-18T12:20:49.746 RX TURN DONE,1,335,1030
2026-07-18T12:20:49.746 RX LT,9230,128,112,104,43,6,48,1,-4,1,0,90
2026-07-18T12:20:49.746 RX LT,9250,144,96,104,2,6,48,1,-12,1,0,90
2026-07-18T12:20:49.746 RX LT,9270,160,80,115,54,6,48,1,-19,1,0,90
2026-07-18T12:20:49.746 RX LT,9290,167,73,105,46,6,48,1,-25,1,0,90
2026-07-18T12:20:49.869 RX LT,9310,167,73,71,46,6,48,1,-31,1,0,90
2026-07-18T12:20:49.869 RX LT,9330,167,73,113,57,6,48,1,-37,1,0,90
2026-07-18T12:20:49.869 RX LT,9350,167,73,72,47,6,48,1,-42,1,0,90
2026-07-18T12:20:49.869 RX LT,9370,147,93,113,57,2,16,1,-48,1,0,90
2026-07-18T12:20:49.869 RX LT,9390,132,108,115,57,2,16,1,-53,1,0,90
2026-07-18T12:20:49.869 RX LT,9410,132,108,72,57,2,16,1,-59,1,0,90
2026-07-18T12:20:49.999 RX LT,9430,132,108,113,68,2,16,1,-61,1,0,90
2026-07-18T12:20:49.999 RX LT,9450,132,108,115,69,2,16,1,-64,1,0,90
2026-07-18T12:20:49.999 RX LT,9470,132,108,115,113,2,16,1,-66,1,0,90
2026-07-18T12:20:49.999 RX LT,9490,122,118,105,104,0,24,1,-67,1,0,90
2026-07-18T12:20:49.999 RX LT,9510,120,120,115,115,0,24,1,-68,1,0,90
2026-07-18T12:20:49.999 RX LT,9530,120,120,115,72,0,24,1,-69,1,0,90
2026-07-18T12:20:50.118 RX LT,9550,120,120,115,113,0,24,1,-70,1,0,90
2026-07-18T12:20:50.118 RX LT,9570,120,120,115,126,0,24,1,-70,1,0,90
2026-07-18T12:20:50.118 RX LT,9590,120,120,115,116,0,24,1,-71,1,0,90
2026-07-18T12:20:50.118 RX LT,9610,108,132,115,116,-2,8,1,-71,1,0,90
2026-07-18T12:20:50.118 RX LT,9630,108,132,115,159,-2,8,1,-72,1,0,90
2026-07-18T12:20:50.118 RX LT,9650,108,132,115,118,-2,8,1,-72,1,0,90
2026-07-18T12:20:50.268 RX LT,9670,108,132,115,116,-2,8,1,-72,1,0,90
2026-07-18T12:20:50.268 RX LT,9690,108,132,159,126,-2,8,1,-72,1,0,90
2026-07-18T12:20:50.268 RX LT,9710,108,132,118,160,-2,8,1,-72,1,0,90
2026-07-18T12:20:50.268 RX LT,9730,100,140,116,118,-6,12,1,-72,1,0,90
2026-07-18T12:20:50.268 RX LT,9750,84,156,116,127,-6,12,1,-72,1,0,90
2026-07-18T12:20:50.268 RX LT,9770,73,167,159,160,-6,12,1,-72,1,0,90
2026-07-18T12:20:50.379 RX LT,9790,73,167,118,162,-6,12,1,-72,1,0,90
2026-07-18T12:20:50.379 RX LT,9810,57,171,203,258,-11,4,1,-71,1,0,90
2026-07-18T12:20:50.380 RX LT,9830,57,171,121,135,-11,4,1,-70,1,0,90
2026-07-18T12:20:50.380 RX LT,9850,57,171,116,128,-11,4,1,-70,1,0,90
2026-07-18T12:20:50.380 RX LT,9870,57,171,116,162,-11,4,1,-69,1,0,90
2026-07-18T12:20:50.380 RX LT,9890,57,171,116,129,-11,4,1,-68,1,0,90
2026-07-18T12:20:50.497 RX LT,9910,57,171,105,127,-11,4,1,-66,1,0,90
2026-07-18T12:20:50.497 RX LT,9930,57,171,115,171,-11,4,1,-64,1,0,90
2026-07-18T12:20:50.497 RX LT,9950,57,171,105,162,-11,4,1,-62,1,0,90
2026-07-18T12:20:50.497 RX LT,9970,57,171,115,162,-11,4,1,-60,1,0,90
2026-07-18T12:20:50.497 RX LT,9990,57,171,105,129,-11,4,1,-59,1,0,90
2026-07-18T12:20:50.497 RX LT,10010,57,171,115,171,-11,4,1,-57,1,0,90
2026-07-18T12:20:50.638 RX LT,10030,57,171,105,162,-11,4,1,-55,1,0,90
2026-07-18T12:20:50.638 RX LT,10050,57,171,71,129,-11,4,1,-53,1,0,90
2026-07-18T12:20:50.638 RX LT,10070,57,171,69,171,-11,4,1,-51,1,0,90
2026-07-18T12:20:50.638 RX LT,10090,57,171,113,162,-11,4,1,-50,1,0,90
2026-07-18T12:20:50.638 RX LT,10110,57,171,104,173,-11,4,1,-49,1,0,90
2026-07-18T12:20:50.638 RX LT,10139,57,171,71,130,-11,4,1,-45,1,0,90
2026-07-18T12:20:50.764 RX LT,10159,57,171,134,214,-11,4,1,-43,1,0,90
2026-07-18T12:20:50.764 RX LT,10179,57,171,106,165,-11,4,1,-41,1,0,90
2026-07-18T12:20:50.766 RX LT,10199,57,171,104,173,-11,4,1,-39,1,0,90
2026-07-18T12:20:50.768 RX LT,10219,57,171,104,163,-11,4,1,-37,1,0,90
2026-07-18T12:20:50.768 RX LT,10239,57,171,104,129,-11,4,1,-36,1,0,90
2026-07-18T12:20:50.768 RX LT,10259,57,171,104,171,-11,4,1,-34,1,0,90
2026-07-18T12:20:50.890 RX LT,10279,57,171,104,173,-11,4,1,-33,1,0,90
2026-07-18T12:20:50.890 RX LT,10299,57,171,60,163,-11,4,1,-31,1,0,90
2026-07-18T12:20:50.893 RX LT,10319,57,171,101,173,-11,4,1,-29,1,0,90
2026-07-18T12:20:50.893 RX LT,10339,57,171,17,163,-11,4,1,-26,1,0,90
2026-07-18T12:20:50.893 RX LT,10359,57,171,55,129,-11,4,1,-23,1,0,90
2026-07-18T12:20:50.897 RX LT,10379,57,171,57,171,-11,4,1,-20,1,0,90
2026-07-18T12:20:51.008 RX LT,10399,57,171,57,162,-11,4,1,-17,1,0,90
2026-07-18T12:20:51.008 RX LT,10419,57,171,14,173,-11,4,1,-14,1,0,90
2026-07-18T12:20:51.008 RX LT,10439,57,171,55,173,-11,4,1,-12,1,0,90
2026-07-18T12:20:51.008 TX SET LINEKP 8250 1668563173
2026-07-18T12:20:51.008 RX LT,10459,57,171,101,163,-11,4,1,-10,1,0,90
2026-07-18T12:20:51.008 RX LT,10479,57,171,60,173,-11,4,1,-8,1,0,90
2026-07-18T12:20:51.008 RX LT,10499,57,171,58,173,-11,4,1,-6,1,0,90
2026-07-18T12:20:51.118 RX LT,10519,57,171,58,141,-11,4,1,-3,1,0,90
2026-07-18T12:20:51.118 RX LT,10539,57,171,58,171,-11,4,1,-2,1,0,90
2026-07-18T12:20:51.118 RX SA,1668563173,LINEKP,8250
2026-07-18T12:20:51.118 RX LT,10559,97,131,101,217,-11,4,1,-1,1,0,90
2026-07-18T12:20:51.118 RX LT,10579,87,153,60,133,-6,12,1,0,1,0,90
2026-07-18T12:20:51.118 RX LT,10599,73,167,69,171,-6,12,1,1,1,0,90
2026-07-18T12:20:51.250 RX LT,10619,73,167,58,184,-6,12,1,1,1,0,90
2026-07-18T12:20:51.250 RX LT,10639,93,147,101,163,-2,8,1,0,1,0,90
2026-07-18T12:20:51.250 RX LT,10659,108,132,60,173,-2,8,1,-1,1,0,90
2026-07-18T12:20:51.250 RX LT,10679,108,132,101,173,-2,8,1,-2,1,0,90
2026-07-18T12:20:51.251 RX LT,10699,108,132,104,163,-2,8,1,-3,1,0,90
2026-07-18T12:20:51.251 RX LT,10719,108,132,60,129,-2,8,1,-5,1,0,90
2026-07-18T12:20:51.369 RX LT,10739,108,132,69,171,-2,8,1,-8,1,0,90
2026-07-18T12:20:51.369 RX LT,10759,108,132,102,162,-2,8,1,-11,1,0,90
2026-07-18T12:20:51.369 RX LT,10779,108,132,104,162,-2,8,1,-14,1,0,90
2026-07-18T12:20:51.369 RX LT,10799,108,132,104,162,-2,8,1,-18,1,0,90
2026-07-18T12:20:51.369 RX LT,10819,108,132,104,162,-2,8,1,-22,1,0,90
2026-07-18T12:20:51.369 RX LT,10839,118,122,104,162,0,24,1,-26,1,0,90
2026-07-18T12:20:51.498 RX LT,10859,120,120,60,118,0,24,1,-29,1,0,90
2026-07-18T12:20:51.498 RX LT,10879,120,120,112,127,0,24,1,-33,1,0,90
2026-07-18T12:20:51.498 RX LT,10899,130,110,104,127,2,16,1,-37,1,0,90
2026-07-18T12:20:51.498 RX LT,10919,132,108,71,116,2,16,1,-40,1,0,90
2026-07-18T12:20:51.498 RX LT,10939,132,108,113,126,2,16,1,-46,1,0,90
2026-07-18T12:20:51.498 RX LT,10959,132,108,104,127,2,16,1,-50,1,0,90
2026-07-18T12:20:51.498 TX SET LINEKP 8350 1668563174
2026-07-18T12:20:51.599 RX LT,10979,132,108,115,116,2,16,1,-55,1,0,90
2026-07-18T12:20:51.599 RX LT,10999,132,108,115,159,2,16,1,-61,1,0,90
2026-07-18T12:20:51.599 RX SA,1668563174,LINEKP,8350
2026-07-18T12:20:51.599 RX LT,11019,130,110,105,118,2,16,1,-65,1,0,90
2026-07-18T12:20:51.599 RX LT,11039,132,108,115,159,2,16,1,-70,1,0,90
2026-07-18T12:20:51.599 RX LT,11059,132,108,115,118,2,16,1,-74,1,0,90
2026-07-18T12:20:51.728 RX LT,11079,132,108,115,127,2,16,1,-78,1,0,90
2026-07-18T12:20:51.728 RX LT,11099,148,92,115,116,6,48,1,-83,1,0,90
2026-07-18T12:20:51.728 RX LT,11119,164,76,115,159,6,48,1,-88,1,0,90
2026-07-18T12:20:51.728 RX LT,11139,167,73,159,107,6,48,1,-92,1,0,90
2026-07-18T12:20:51.729 RX LT,11159,167,73,118,71,6,48,1,-99,1,0,90
2026-07-18T12:20:51.729 RX LT,11179,167,73,159,156,6,48,1,-105,1,0,90
2026-07-18T12:20:51.855 RX LT,11199,167,73,162,75,6,48,1,-111,1,0,90
2026-07-18T12:20:51.855 RX LT,11219,171,57,162,113,11,32,1,-118,1,0,90
2026-07-18T12:20:51.855 RX LT,11239,171,57,162,72,11,32,1,-125,1,0,90
2026-07-18T12:20:51.855 RX LT,11259,171,57,162,69,11,32,1,-132,1,0,90
2026-07-18T12:20:51.856 RX LT,11279,171,57,162,113,11,32,1,-140,1,0,90
2026-07-18T12:20:51.856 RX LT,11299,171,57,129,61,11,32,1,-147,1,0,90
2026-07-18T12:20:51.980 RX LT,11319,171,57,127,69,11,32,1,-155,1,0,90
2026-07-18T12:20:51.980 RX LT,11339,171,57,171,102,11,32,1,-163,1,0,90
2026-07-18T12:20:51.980 RX LT,11359,171,57,173,104,11,32,1,-171,1,0,90
2026-07-18T12:20:51.980 RX LT,11379,171,57,163,60,11,32,1,-179,1,0,90
2026-07-18T12:20:51.980 RX LT,11399,171,57,162,101,11,32,1,-187,1,0,90
2026-07-18T12:20:51.980 RX LT,11419,171,57,162,60,11,32,1,-194,1,0,90
2026-07-18T12:20:52.098 RX LT,11439,171,57,173,69,11,32,1,-202,1,0,90
2026-07-18T12:20:52.098 RX LT,11459,171,57,130,58,11,32,1,-209,1,0,90
2026-07-18T12:20:52.098 RX LT,11479,171,57,171,101,11,32,1,-215,1,0,90
2026-07-18T12:20:52.098 RX LT,11499,167,73,173,60,6,48,1,-222,1,0,90
2026-07-18T12:20:52.098 RX LT,11519,167,73,173,58,6,48,1,-229,1,0,90
2026-07-18T12:20:52.098 RX LT,11539,167,73,130,68,6,48,1,-236,1,0,90
2026-07-18T12:20:52.228 RX LT,11559,167,73,171,58,6,48,1,-241,1,0,90
2026-07-18T12:20:52.228 RX LT,11579,167,73,173,58,6,48,1,-247,1,0,90
2026-07-18T12:20:52.228 RX LT,11599,167,73,173,101,6,48,1,-255,1,0,90
2026-07-18T12:20:52.228 RX LT,11619,167,73,173,60,6,48,1,-260,1,0,90
2026-07-18T12:20:52.228 RX LT,11639,167,73,217,101,6,48,1,-264,1,0,90
2026-07-18T12:20:52.228 RX LT,11659,167,73,176,60,6,48,1,-269,1,0,90
2026-07-18T12:20:52.340 RX LT,11679,167,73,174,101,6,48,1,-274,1,0,90
2026-07-18T12:20:52.340 RX LT,11699,167,73,184,60,6,48,1,-279,1,0,90
2026-07-18T12:20:52.341 RX LT,11719,147,93,174,101,2,16,1,-285,1,0,90
2026-07-18T12:20:52.341 RX LT,11739,132,108,174,60,2,16,1,-290,1,0,90
2026-07-18T12:20:52.341 RX LT,11759,132,108,174,69,2,16,1,-294,1,0,90
2026-07-18T12:20:52.468 RX LT,11779,132,108,174,102,2,16,1,-299,1,0,90
2026-07-18T12:20:52.468 RX LT,11799,132,108,174,104,2,16,1,-304,1,0,90
2026-07-18T12:20:52.468 RX LT,11824,132,108,217,69,2,16,1,-310,1,0,90
2026-07-18T12:20:52.468 RX LT,11844,120,120,209,123,0,24,1,-312,1,0,90
2026-07-18T12:20:52.468 RX LT,11864,120,120,176,62,0,24,1,-315,1,0,90
2026-07-18T12:20:52.468 RX LT,11884,120,120,130,69,0,24,1,-317,1,0,90
2026-07-18T12:20:52.588 RX LT,11904,120,120,171,69,0,24,1,-320,1,0,90
2026-07-18T12:20:52.588 RX LT,11924,120,120,162,69,0,24,1,-322,1,0,90
2026-07-18T12:20:52.588 RX LT,11944,108,132,173,113,-2,8,1,-324,1,0,90
2026-07-18T12:20:52.588 RX LT,11964,108,132,173,104,-2,8,1,-327,1,0,90
2026-07-18T12:20:52.588 RX LT,11984,108,132,163,104,-2,8,1,-329,1,0,90
2026-07-18T12:20:52.588 RX LT,12004,108,132,173,71,-2,8,1,-330,1,0,90
2026-07-18T12:20:52.718 RX LT,12024,108,132,163,113,-2,8,1,-332,1,0,90
2026-07-18T12:20:52.718 RX LT,12044,108,132,173,115,-2,8,1,-333,1,0,90
2026-07-18T12:20:52.718 RX LT,12064,108,132,163,115,-2,8,1,-334,1,0,90
2026-07-18T12:20:52.718 RX LT,12084,92,148,173,115,-6,12,1,-335,1,0,90
2026-07-18T12:20:52.718 RX LT,12104,76,164,163,115,-6,12,1,-336,1,0,90
2026-07-18T12:20:52.718 RX LT,12124,57,171,162,115,-11,4,1,-338,1,0,90
2026-07-18T12:20:52.829 RX LT,12144,57,171,162,115,-11,4,1,-338,1,0,90
2026-07-18T12:20:52.829 RX LT,12164,57,171,118,126,-11,4,1,-338,1,0,90
2026-07-18T12:20:52.832 RX LT,12184,57,171,116,116,-11,4,1,-338,1,0,90
2026-07-18T12:20:52.832 RX LT,12204,57,171,126,126,-11,4,1,-338,1,0,90
2026-07-18T12:20:52.832 RX LT,12224,57,171,160,127,-11,4,1,-337,1,0,90
2026-07-18T12:20:52.948 RX LT,12244,57,171,118,171,-11,4,1,-335,1,0,90
2026-07-18T12:20:52.948 RX LT,12264,57,171,159,162,-11,4,1,-334,1,0,90
2026-07-18T12:20:52.948 RX LT,12284,57,171,118,162,-11,4,1,-332,1,0,90
2026-07-18T12:20:52.948 RX LT,12304,57,171,159,162,-11,4,1,-331,1,0,90
2026-07-18T12:20:52.948 RX LT,12324,57,171,118,129,-11,4,1,-330,1,0,90
2026-07-18T12:20:52.948 RX LT,12344,57,171,116,171,-11,4,1,-328,1,0,90
2026-07-18T12:20:53.068 RX LT,12364,57,171,116,162,-11,4,1,-327,1,0,90
2026-07-18T12:20:53.068 RX LT,12384,57,171,116,129,-11,4,1,-326,1,0,90
2026-07-18T12:20:53.068 RX LT,12404,57,171,126,171,-11,4,1,-325,1,0,90
2026-07-18T12:20:53.068 RX LT,12424,29,171,116,162,-18,6,1,-323,1,0,90
2026-07-18T12:20:53.068 RX LT,12444,29,171,105,173,-18,6,1,-321,1,0,90
2026-07-18T12:20:53.068 RX LT,12464,29,171,71,163,-18,6,1,-319,1,0,90
2026-07-18T12:20:53.184 RX LT,12484,29,171,69,129,-18,6,1,-317,1,0,90
2026-07-18T12:20:53.184 RX LT,12504,29,171,69,171,-18,6,1,-316,1,0,90
2026-07-18T12:20:53.186 RX LT,12524,29,171,69,173,-18,6,1,-313,1,0,90
2026-07-18T12:20:53.189 RX LT,12544,29,171,113,173,-18,6,1,-311,1,0,90
2026-07-18T12:20:53.192 RX LT,12564,29,171,61,163,-18,6,1,-308,1,0,90
2026-07-18T12:20:53.308 RX LT,12584,29,171,69,173,-18,6,1,-305,1,0,90
2026-07-18T12:20:53.310 RX LT,12604,29,171,58,173,-18,6,1,-302,1,0,90
2026-07-18T12:20:53.311 RX LT,12624,29,171,101,163,-18,6,1,-299,1,0,90
2026-07-18T12:20:53.311 RX LT,12644,29,171,60,173,-18,6,1,-296,1,0,90
2026-07-18T12:20:53.311 RX LT,12664,57,171,101,173,-11,4,1,-293,1,0,90
2026-07-18T12:20:53.311 RX LT,12684,85,155,60,173,0,36,0,-291,1,0,90
2026-07-18T12:20:53.311 TX SET LINEKP 8250 1668563175
2026-07-18T12:20:53.408 RX LT,12704,85,155,69,173,0,36,0,-289,1,0,90
2026-07-18T12:20:53.408 RX LT,12724,85,155,102,130,0,52,1,-288,1,0,90
2026-07-18T12:20:53.408 RX SA,1668563175,LINEKP,8250
2026-07-18T12:20:53.408 RX LT,12744,126,110,104,214,9,116,1,-286,1,0,90
2026-07-18T12:20:53.418 RX LT,12764,142,94,104,165,9,116,1,-285,1,0,90
2026-07-18T12:20:53.418 RX LT,12784,152,88,104,119,0,118,0,-285,1,0,90
2026-07-18T12:20:53.555 RX LT,12804,152,88,71,116,0,118,0,-287,1,0,90
2026-07-18T12:20:53.555 RX LT,12824,152,88,113,126,0,118,0,-289,1,0,90
2026-07-18T12:20:53.555 RX LT,12844,136,104,115,127,-5,54,1,-292,1,0,90
2026-07-18T12:20:53.555 RX LT,12864,120,120,115,116,-5,54,1,-296,1,0,90
2026-07-18T12:20:53.555 RX LT,12884,104,136,105,126,-5,54,1,-301,1,0,90
2026-07-18T12:20:53.555 RX LT,12904,120,120,115,171,0,52,1,-305,1,0,90
2026-07-18T12:20:53.658 RX LT,12924,120,120,115,162,0,52,1,-309,1,0,90
2026-07-18T12:20:53.658 RX LT,12944,120,120,202,258,0,36,0,-314,1,0,90
2026-07-18T12:20:53.658 RX LT,12964,120,120,77,81,0,52,1,-316,1,0,90
2026-07-18T12:20:53.658 RX LT,12984,120,120,113,157,0,52,1,-319,1,0,90
2026-07-18T12:20:53.658 RX LT,13004,120,120,115,162,0,52,1,-322,1,0,90
2026-07-18T12:20:53.658 RX LT,13024,120,120,105,118,0,36,0,-324,1,0,90
2026-07-18T12:20:53.772 RX LT,13044,120,120,71,159,0,36,0,-326,1,0,90
2026-07-18T12:20:53.772 RX LT,13064,80,148,113,118,-11,4,1,-328,1,0,90
2026-07-18T12:20:53.772 RX LT,13084,57,171,104,127,-11,4,1,-329,1,0,90
2026-07-18T12:20:53.773 RX LT,13104,57,171,71,127,-11,4,1,-330,1,0,90
2026-07-18T12:20:53.773 RX LT,13124,57,171,69,127,-11,4,1,-330,1,0,90
2026-07-18T12:20:53.773 RX LT,13144,57,171,113,127,-11,4,1,-330,1,0,90
2026-07-18T12:20:53.899 RX LT,13164,57,171,71,162,-11,4,1,-330,1,0,90
2026-07-18T12:20:53.899 RX LT,13184,57,171,69,129,-11,4,1,-329,1,0,90
2026-07-18T12:20:53.899 RX LT,13204,57,171,104,162,-11,4,1,-328,1,0,90
2026-07-18T12:20:53.899 RX LT,13224,57,171,60,129,-11,4,1,-327,1,0,90
2026-07-18T12:20:53.899 RX LT,13244,57,171,102,162,-11,4,1,-325,1,0,90
2026-07-18T12:20:54.019 RX LT,13264,73,167,69,162,-6,12,1,-324,1,0,90
2026-07-18T12:20:54.019 RX LT,13284,73,167,69,129,-6,12,1,-323,1,0,90
2026-07-18T12:20:54.019 RX LT,13304,83,157,104,162,-2,8,1,-321,1,0,90
2026-07-18T12:20:54.019 RX LT,13324,108,132,69,162,-2,8,1,-320,1,0,90
2026-07-18T12:20:54.019 RX LT,13344,108,132,113,162,-2,8,1,-320,1,0,90
2026-07-18T12:20:54.019 RX LT,13364,108,132,104,162,-2,8,1,-320,1,0,90
2026-07-18T12:20:54.148 RX LT,13384,108,132,71,162,-2,8,1,-320,1,0,90
2026-07-18T12:20:54.148 RX LT,13404,108,132,113,129,-2,8,1,-321,1,0,90
2026-07-18T12:20:54.148 RX LT,13424,108,132,115,162,-2,8,1,-322,1,0,90
2026-07-18T12:20:54.148 RX LT,13444,108,132,72,162,-2,8,1,-322,1,0,90
2026-07-18T12:20:54.148 RX LT,13464,108,132,113,162,-2,8,1,-322,1,0,90
2026-07-18T12:20:54.148 RX LT,13484,108,132,115,129,-2,8,1,-323,1,0,90
2026-07-18T12:20:54.249 RX LT,13504,118,122,105,160,0,24,1,-324,1,0,90
2026-07-18T12:20:54.249 RX LT,13524,120,120,115,162,0,24,1,-324,1,0,90
2026-07-18T12:20:54.249 RX LT,13544,120,120,115,118,0,24,1,-326,1,0,90
2026-07-18T12:20:54.249 RX LT,13564,130,110,115,170,2,16,1,-326,1,0,90
2026-07-18T12:20:54.249 RX LT,13584,132,108,115,119,2,16,1,-328,1,0,90
2026-07-18T12:20:54.378 RX LT,13604,132,108,115,159,2,16,1,-329,1,0,90
2026-07-18T12:20:54.378 RX LT,13624,132,108,115,118,2,16,1,-331,1,0,90
2026-07-18T12:20:54.378 RX LT,13644,132,108,115,127,2,16,1,-332,1,0,90
2026-07-18T12:20:54.378 RX LT,13664,132,108,115,116,2,16,1,-334,1,0,90
2026-07-18T12:20:54.378 RX LT,13684,132,108,115,126,2,16,1,-335,1,0,90
2026-07-18T12:20:54.378 RX LT,13704,132,108,115,127,2,16,1,-336,1,0,90
2026-07-18T12:20:54.498 RX LT,13724,132,108,115,116,2,16,1,-337,1,0,90
2026-07-18T12:20:54.498 RX LT,13744,132,108,115,159,2,16,1,-339,1,0,90
2026-07-18T12:20:54.498 RX LT,13764,140,100,126,118,6,48,1,-342,1,0,90
2026-07-18T12:20:54.498 RX LT,13784,156,84,116,127,6,48,1,-344,1,0,90
2026-07-18T12:20:54.498 RX LT,13804,167,73,159,116,6,48,1,-346,1,0,90
2026-07-18T12:20:54.498 RX LT,13824,167,73,118,105,6,48,1,-349,1,0,90
2026-07-18T12:20:54.630 RX LT,13844,167,73,127,104,6,48,1,-352,1,0,90
2026-07-18T12:20:54.630 RX LT,13864,167,73,160,115,6,48,1,-356,1,0,90
2026-07-18T12:20:54.630 RX LT,13884,167,73,118,72,6,48,1,-360,1,0,90
2026-07-18T12:20:54.630 RX LT,13904,167,73,127,113,6,48,1,-364,1,0,90
2026-07-18T12:20:54.630 RX LT,13924,167,73,171,104,6,48,1,-369,1,0,90
2026-07-18T12:20:54.630 RX LT,13944,167,73,119,104,6,48,1,-374,1,0,90
2026-07-18T12:20:54.749 RX LT,13964,167,73,170,71,6,48,1,-379,1,0,90
2026-07-18T12:20:54.749 RX LT,13984,167,73,162,69,6,48,1,-386,1,0,90
2026-07-18T12:20:54.757 RX LT,14004,167,73,162,113,6,48,1,-390,1,0,90
2026-07-18T12:20:54.757 RX LT,14024,167,73,129,104,6,48,1,-395,1,0,90
2026-07-18T12:20:54.757 RX LT,14044,167,73,127,104,6,48,1,-400,1,0,90
2026-07-18T12:20:54.757 RX LT,14064,167,73,171,104,6,48,1,-404,1,0,90
2026-07-18T12:20:54.858 RX LT,14084,167,73,162,71,6,48,1,-408,1,0,90
2026-07-18T12:20:54.858 RX LT,14104,167,73,173,102,6,48,1,-412,1,0,90
2026-07-18T12:20:54.858 RX LT,14124,167,73,163,71,6,48,1,-416,1,0,90
2026-07-18T12:20:54.858 RX LT,14144,167,73,173,69,6,48,1,-420,1,0,90
2026-07-18T12:20:54.858 RX LT,14164,167,73,163,113,6,48,1,-425,1,0,90
2026-07-18T12:20:54.858 RX LT,14184,167,73,173,104,6,48,1,-430,1,0,90
2026-07-18T12:20:54.989 RX LT,14204,167,73,173,104,6,48,1,-437,1,0,90
2026-07-18T12:20:54.989 RX LT,14224,167,73,173,104,6,48,1,-442,1,0,90
2026-07-18T12:20:54.989 RX LT,14244,167,73,173,104,6,48,1,-447,1,0,90
2026-07-18T12:20:54.989 RX LT,14264,167,73,163,104,6,48,1,-451,1,0,90
2026-07-18T12:20:54.989 RX LT,14284,167,73,173,60,6,48,1,-456,1,0,90
2026-07-18T12:20:55.113 RX LT,14304,167,73,173,69,6,48,1,-461,1,0,90
2026-07-18T12:20:55.113 RX LT,14324,167,73,173,69,6,48,1,-465,1,0,90
2026-07-18T12:20:55.113 RX LT,14344,167,73,173,102,6,48,1,-469,1,0,90
2026-07-18T12:20:55.113 RX LT,14364,167,73,173,104,6,48,1,-474,1,0,90
2026-07-18T12:20:55.113 RX LT,14384,157,83,130,60,2,16,1,-478,1,0,90
2026-07-18T12:20:55.113 RX LT,14404,137,103,171,112,2,16,1,-486,1,0,90
2026-07-18T12:20:55.229 RX LT,14424,132,108,173,61,2,16,1,-487,1,0,90
2026-07-18T12:20:55.238 RX LT,14444,132,108,173,112,2,16,1,-490,1,0,90
2026-07-18T12:20:55.238 RX LT,14464,132,108,163,104,2,16,1,-493,1,0,90
2026-07-18T12:20:55.239 RX LT,14484,132,108,173,104,2,16,1,-496,1,0,90
2026-07-18T12:20:55.239 RX LT,14504,132,108,173,104,2,16,1,-498,1,0,90
2026-07-18T12:20:55.239 RX LT,14524,132,108,163,71,2,16,1,-501,1,0,90
2026-07-18T12:20:55.360 RX LT,14544,132,108,173,69,2,16,1,-503,1,0,90
2026-07-18T12:20:55.360 RX LT,14564,122,118,173,69,0,24,1,-506,1,0,90
2026-07-18T12:20:55.360 RX LT,14584,120,120,173,113,0,24,1,-509,1,0,90
2026-07-18T12:20:55.360 RX LT,14604,120,120,163,104,0,24,1,-510,1,0,90
2026-07-18T12:20:55.360 RX LT,14624,120,120,173,104,0,24,1,-514,1,0,90
2026-07-18T12:20:55.360 RX LT,14644,120,120,173,71,0,24,1,-516,1,0,90
2026-07-18T12:20:55.469 RX LT,14664,108,132,163,113,-2,8,1,-518,1,0,90
2026-07-18T12:20:55.469 RX LT,14684,108,132,173,104,-2,8,1,-520,1,0,90
2026-07-18T12:20:55.469 RX LT,14704,108,132,173,115,-2,8,1,-522,1,0,90
2026-07-18T12:20:55.469 RX LT,14724,108,132,163,105,-2,8,1,-524,1,0,90
2026-07-18T12:20:55.469 RX LT,14744,108,132,173,115,-2,8,1,-526,1,0,90
2026-07-18T12:20:55.593 RX LT,14764,108,132,163,105,-2,8,1,-528,1,0,90
2026-07-18T12:20:55.593 RX LT,14784,108,132,129,115,-2,8,1,-529,1,0,90
2026-07-18T12:20:55.593 RX LT,14804,100,140,171,105,-6,12,1,-531,1,0,90
2026-07-18T12:20:55.593 RX LT,14825,92,148,129,113,-6,12,1,-532,1,0,90
2026-07-18T12:20:55.593 RX LT,14845,76,164,203,137,-6,12,1,-533,1,0,90
2026-07-18T12:20:55.593 RX LT,14865,73,167,121,117,-6,12,1,-534,1,0,90
2026-07-18T12:20:55.719 RX LT,14885,73,167,127,116,-6,12,1,-534,1,0,90
2026-07-18T12:20:55.719 RX LT,14905,57,171,116,116,-11,4,1,-533,1,0,90
2026-07-18T12:20:55.719 RX LT,14925,57,171,126,159,-11,4,1,-531,1,0,90
2026-07-18T12:20:55.719 RX LT,14945,57,171,116,118,-11,4,1,-529,1,0,90
2026-07-18T12:20:55.719 RX LT,14965,57,171,116,116,-11,4,1,-525,1,0,90
2026-07-18T12:20:55.719 RX LT,14985,57,171,116,159,-11,4,1,-522,1,0,90
2026-07-18T12:20:55.829 RX LT,15005,57,171,159,118,-11,4,1,-519,1,0,90
2026-07-18T12:20:55.829 RX LT,15025,57,171,118,127,-11,4,1,-514,1,0,90
2026-07-18T12:20:55.830 RX LT,15045,57,171,116,127,-11,4,1,-510,1,0,90
2026-07-18T12:20:55.830 RX LT,15065,57,171,105,127,-11,4,1,-506,1,0,90
2026-07-18T12:20:55.830 RX LT,15085,57,171,115,160,-11,4,1,-503,1,0,90
2026-07-18T12:20:55.948 RX LT,15105,57,171,115,162,-11,4,1,-500,1,0,90
2026-07-18T12:20:55.948 RX LT,15125,57,171,105,162,-11,4,1,-496,1,0,90
2026-07-18T12:20:55.948 RX LT,15145,57,171,71,162,-11,4,1,-491,1,0,90
2026-07-18T12:20:55.948 RX LT,15165,57,171,113,129,-11,4,1,-487,1,0,90
2026-07-18T12:20:55.948 RX LT,15185,57,171,104,127,-11,4,1,-480,1,0,90
2026-07-18T12:20:55.948 RX LT,15205,57,171,115,171,-11,4,1,-478,1,0,90
2026-07-18T12:20:56.077 RX LT,15225,57,171,105,130,-11,4,1,-474,1,0,90
2026-07-18T12:20:56.077 RX LT,15245,57,171,104,171,-11,4,1,-469,1,0,90
2026-07-18T12:20:56.077 RX LT,15265,57,171,115,173,-11,4,1,-465,1,0,90
2026-07-18T12:20:56.077 RX LT,15285,57,171,105,163,-11,4,1,-461,1,0,90
2026-07-18T12:20:56.077 RX LT,15305,57,171,104,173,-11,4,1,-456,1,0,90
2026-07-18T12:20:56.077 RX LT,15325,57,171,71,130,-11,4,1,-452,1,0,90
2026-07-18T12:20:56.208 RX LT,15345,57,171,69,171,-11,4,1,-447,1,0,90
2026-07-18T12:20:56.208 RX LT,15365,57,171,69,173,-11,4,1,-442,1,0,90
2026-07-18T12:20:56.208 RX LT,15385,57,171,69,173,-11,4,1,-440,1,0,90
2026-07-18T12:20:56.208 RX LT,15405,57,171,102,173,-11,4,1,-438,1,0,90
2026-07-18T12:20:56.208 RX LT,15425,57,171,104,173,-11,4,1,-431,1,0,90
2026-07-18T12:20:56.208 RX LT,15445,57,171,104,173,-11,4,1,-426,1,0,90
2026-07-18T12:20:56.309 RX LT,15465,57,171,104,173,-11,4,1,-421,1,0,90
2026-07-18T12:20:56.309 RX LT,15485,57,171,104,130,-11,4,1,-419,1,0,90
2026-07-18T12:20:56.309 RX LT,15505,57,171,104,214,-11,4,1,-414,1,0,90
2026-07-18T12:20:56.309 RX LT,15525,57,171,104,133,-11,4,1,-409,1,0,90
2026-07-18T12:20:56.309 RX LT,15545,57,171,104,182,-11,4,1,-405,1,0,90
2026-07-18T12:20:56.428 RX LT,15565,57,171,104,174,-11,4,1,-401,1,0,90
2026-07-18T12:20:56.428 RX LT,15585,57,171,115,174,-11,4,1,-398,1,0,90
2026-07-18T12:20:56.428 RX LT,15605,57,171,105,217,-11,4,1,-394,1,0,90
2026-07-18T12:20:56.428 RX LT,15625,57,171,115,220,-11,4,1,-389,1,0,90
2026-07-18T12:20:56.428 RX LT,15645,57,171,115,187,-11,4,1,-384,1,0,90
2026-07-18T12:20:56.438 RX LT,15665,57,171,72,174,-11,4,1,-380,1,0,90
2026-07-18T12:20:56.561 RX LT,15685,57,171,113,217,-11,4,1,-376,1,0,90
2026-07-18T12:20:56.561 RX LT,15705,57,171,104,176,-11,4,1,-371,1,0,90
2026-07-18T12:20:56.561 RX LT,15725,73,167,104,174,-6,12,1,-367,1,0,90
2026-07-18T12:20:56.561 RX LT,15745,73,167,104,174,-6,12,1,-363,1,0,90
2026-07-18T12:20:56.562 RX LT,15765,73,167,71,174,-6,12,1,-361,1,0,90
2026-07-18T12:20:56.562 RX LT,15785,93,147,69,174,-2,8,1,-358,1,0,90
2026-07-18T12:20:56.668 RX LT,15805,108,132,113,174,-2,8,1,-355,1,0,90
2026-07-18T12:20:56.668 RX LT,15825,108,132,72,163,-2,8,1,-352,1,0,90
2026-07-18T12:20:56.668 RX LT,15845,108,132,113,173,-2,8,1,-349,1,0,90
2026-07-18T12:20:56.668 RX LT,15865,108,132,72,163,-2,8,1,-347,1,0,90
2026-07-18T12:20:56.668 RX LT,15885,108,132,113,129,-2,8,1,-346,1,0,90
2026-07-18T12:20:56.668 RX LT,15905,108,132,72,127,-2,8,1,-345,1,0,90
2026-07-18T12:20:56.788 RX LT,15925,108,132,113,127,-2,8,1,-345,1,0,90
2026-07-18T12:20:56.788 RX LT,15945,108,132,115,171,-2,8,1,-344,1,0,90
2026-07-18T12:20:56.788 RX LT,15965,108,132,105,119,-2,8,1,-344,1,0,90
2026-07-18T12:20:56.788 RX LT,15985,120,120,115,127,0,24,1,-344,1,0,90
2026-07-18T12:20:56.788 RX LT,16005,120,120,115,127,0,24,1,-343,1,0,90
2026-07-18T12:20:56.918 RX LT,16025,120,120,105,127,0,24,1,-343,1,0,90
2026-07-18T12:20:56.918 RX LT,16045,130,110,115,160,2,16,1,-343,1,0,90
2026-07-18T12:20:56.918 RX LT,16065,132,108,115,118,2,16,1,-343,1,0,90
2026-07-18T12:20:56.918 RX LT,16085,132,108,115,127,2,16,1,-343,1,0,90
2026-07-18T12:20:56.918 RX LT,16105,132,108,115,116,2,16,1,-344,1,0,90
2026-07-18T12:20:56.918 RX LT,16125,132,108,115,126,2,16,1,-345,1,0,90
2026-07-18T12:20:57.044 RX LT,16145,132,108,115,116,2,16,1,-345,1,0,90
2026-07-18T12:20:57.044 RX LT,16165,132,108,115,126,2,16,1,-346,1,0,90
2026-07-18T12:20:57.044 RX LT,16185,132,108,115,116,2,16,1,-347,1,0,90
2026-07-18T12:20:57.044 RX LT,16205,132,108,115,159,2,16,1,-347,1,0,90
2026-07-18T12:20:57.045 RX LT,16225,132,108,115,118,2,16,1,-348,1,0,90
2026-07-18T12:20:57.045 RX LT,16245,140,100,115,116,6,48,1,-349,1,0,90
2026-07-18T12:20:57.148 RX LT,16265,156,84,115,116,6,48,1,-351,1,0,90
2026-07-18T12:20:57.148 RX LT,16285,167,73,126,72,6,48,1,-352,1,0,90
2026-07-18T12:20:57.148 RX LT,16305,167,73,116,113,6,48,1,-354,1,0,90
2026-07-18T12:20:57.148 RX LT,16325,167,73,116,104,6,48,1,-357,1,0,90
2026-07-18T12:20:57.148 RX LT,16345,167,73,126,104,6,48,1,-360,1,0,90
2026-07-18T12:20:57.268 RX LT,16365,167,73,160,71,6,48,1,-362,1,0,90
2026-07-18T12:20:57.268 RX LT,16385,167,73,118,69,6,48,1,-365,1,0,90
2026-07-18T12:20:57.268 RX LT,16405,167,73,159,113,6,48,1,-368,1,0,90
2026-07-18T12:20:57.278 RX LT,16425,167,73,162,72,6,48,1,-372,1,0,90
2026-07-18T12:20:57.278 RX LT,16445,167,73,173,113,6,48,1,-377,1,0,90
2026-07-18T12:20:57.278 RX LT,16465,167,73,228,126,6,48,1,-383,1,0,90
2026-07-18T12:20:57.401 RX LT,16485,167,73,123,73,6,48,1,-391,1,0,90
2026-07-18T12:20:57.401 RX LT,16505,167,73,159,102,6,48,1,-397,1,0,90
2026-07-18T12:20:57.401 RX LT,16525,167,73,173,71,6,48,1,-404,1,0,90
2026-07-18T12:20:57.401 RX LT,16545,167,73,173,102,6,48,1,-410,1,0,90
2026-07-18T12:20:57.401 RX LT,16565,167,73,130,60,6,48,1,-415,1,0,90
2026-07-18T12:20:57.401 RX LT,16585,167,73,171,69,6,48,1,-420,1,0,90
2026-07-18T12:20:57.528 RX LT,16605,167,73,130,102,6,48,1,-426,1,0,90
2026-07-18T12:20:57.528 RX LT,16625,167,73,171,104,6,48,1,-431,1,0,90
2026-07-18T12:20:57.528 RX LT,16645,167,73,173,60,6,48,1,-436,1,0,90
2026-07-18T12:20:57.528 RX LT,16665,167,73,130,69,6,48,1,-442,1,0,90
2026-07-18T12:20:57.528 RX LT,16685,167,73,171,69,6,48,1,-451,1,0,90
2026-07-18T12:20:57.528 RX LT,16705,167,73,130,102,6,48,1,-454,1,0,90
2026-07-18T12:20:57.655 RX LT,16725,167,73,171,104,6,48,1,-458,1,0,90
2026-07-18T12:20:57.655 RX LT,16745,167,73,173,60,6,48,1,-463,1,0,90
2026-07-18T12:20:57.656 RX LT,16765,167,73,130,69,6,48,1,-468,1,0,90
2026-07-18T12:20:57.656 RX LT,16787,167,73,163,104,6,48,1,-472,1,0,90
2026-07-18T12:20:57.656 RX LT,16807,147,93,216,82,2,16,1,-477,1,0,90
2026-07-18T12:20:57.656 RX LT,16827,132,108,165,103,2,16,1,-481,1,0,90
2026-07-18T12:20:57.785 RX LT,16847,132,108,173,104,2,16,1,-485,1,0,90
2026-07-18T12:20:57.785 RX LT,16867,132,108,163,60,2,16,1,-488,1,0,90
2026-07-18T12:20:57.785 RX LT,16887,132,108,118,101,2,16,1,-491,1,0,90
2026-07-18T12:20:57.786 RX LT,16907,132,108,170,104,2,16,1,-493,1,0,90
2026-07-18T12:20:57.786 RX LT,16927,132,108,162,104,2,16,1,-495,1,0,90
2026-07-18T12:20:57.786 RX LT,16947,132,108,129,104,2,16,1,-498,1,0,90
2026-07-18T12:20:57.878 RX LT,16967,132,108,171,104,2,16,1,-500,1,0,90
2026-07-18T12:20:57.888 RX LT,16987,132,108,162,104,2,16,1,-503,1,0,90
2026-07-18T12:20:57.888 RX LT,17007,120,120,129,104,0,24,1,-506,1,0,90
2026-07-18T12:20:57.888 RX LT,17027,120,120,171,104,0,24,1,-510,1,0,90
2026-07-18T12:20:57.889 RX LT,17047,120,120,162,104,0,24,1,-512,1,0,90
2026-07-18T12:20:58.010 RX LT,17067,120,120,162,104,0,24,1,-515,1,0,90
2026-07-18T12:20:58.010 RX LT,17087,120,120,129,71,0,24,1,-517,1,0,90
2026-07-18T12:20:58.010 RX LT,17107,120,120,171,69,0,24,1,-519,1,0,90
2026-07-18T12:20:58.010 RX LT,17127,120,120,162,69,0,24,1,-522,1,0,90
2026-07-18T12:20:58.011 RX LT,17147,120,120,129,113,0,24,1,-524,1,0,90
2026-07-18T12:20:58.011 RX LT,17167,108,132,171,104,-2,8,1,-527,1,0,90
2026-07-18T12:20:58.137 RX LT,17187,108,132,162,71,-2,8,1,-529,1,0,90
2026-07-18T12:20:58.137 RX LT,17207,108,132,162,113,-2,8,1,-531,1,0,90
2026-07-18T12:20:58.137 RX LT,17227,108,132,129,104,-2,8,1,-533,1,0,90
2026-07-18T12:20:58.137 RX LT,17247,68,128,127,71,-19,9,1,-536,1,0,90
2026-07-18T12:20:58.137 RX LT,17267,34,166,127,113,-18,15,1,-537,1,0,90
2026-07-18T12:20:58.137 RX LT,17287,29,171,116,104,-18,15,1,-539,1,0,90
2026-07-18T12:20:58.238 RX LT,17307,29,171,72,115,-18,15,1,-539,1,0,90
2026-07-18T12:20:58.238 RX LT,17327,29,171,113,115,-18,15,1,-538,1,0,90
2026-07-18T12:20:58.238 RX LT,17347,53,171,115,115,-12,14,1,-536,1,0,90
2026-07-18T12:20:58.238 RX LT,17367,73,167,115,126,-6,12,1,-533,1,0,90
2026-07-18T12:20:58.238 RX LT,17387,73,167,115,116,-6,12,1,-528,1,0,90
2026-07-18T12:20:58.368 RX LT,17407,85,155,115,116,0,0,0,-524,1,0,90
2026-07-18T12:20:58.368 RX LT,17427,85,155,72,126,0,0,0,-520,1,0,90
2026-07-18T12:20:58.368 RX LT,17447,85,155,113,160,0,0,0,-517,1,0,90
2026-07-18T12:20:58.368 RX LT,17467,85,155,104,118,0,0,0,-512,1,0,90
2026-07-18T12:20:58.368 RX LT,17487,85,155,115,159,0,0,0,-510,1,0,90
2026-07-18T12:20:58.368 RX LT,17507,65,135,115,118,0,0,0,-508,1,0,90
2026-07-18T12:20:58.496 RX LT,17527,65,135,105,116,0,0,0,-505,1,0,90
2026-07-18T12:20:58.496 RX LT,17547,65,135,71,126,0,0,0,-502,1,0,90
2026-07-18T12:20:58.497 RX LT,17567,65,135,113,116,0,0,0,-499,1,0,90
2026-07-18T12:20:58.497 RX LT,17587,65,135,104,126,0,0,0,-497,1,0,90
2026-07-18T12:20:58.497 RX LT,17607,65,135,71,116,0,0,0,-495,1,0,90
2026-07-18T12:20:58.498 RX LT,17627,65,135,113,159,0,0,0,-493,1,0,90
2026-07-18T12:20:58.641 RX LT,17647,65,135,104,118,0,0,0,-491,1,0,90
2026-07-18T12:20:58.641 RX LT,17667,65,135,104,159,0,0,0,-489,1,0,90
2026-07-18T12:20:58.641 RX LT,17687,65,135,71,118,0,0,0,-486,1,0,90
2026-07-18T12:20:58.642 RX LT,17707,65,135,69,116,0,0,0,-484,1,0,90
2026-07-18T12:20:58.642 RX LT,17727,65,135,69,159,0,0,0,-483,1,0,90
2026-07-18T12:20:58.642 RX LT,17747,65,135,69,118,0,0,0,-481,1,0,90
2026-07-18T12:20:58.642 RX LT,17767,65,135,69,116,0,0,0,-480,1,0,90
2026-07-18T12:20:58.768 RX LT,17787,65,135,69,116,0,0,0,-478,1,0,90
2026-07-18T12:20:58.768 RX LT,17807,65,135,69,116,0,0,0,-476,1,0,90
2026-07-18T12:20:58.768 RX LT,17827,65,135,69,159,0,0,0,-474,1,0,90
2026-07-18T12:20:58.769 RX LT,17847,65,135,69,118,0,0,0,-473,1,0,90
2026-07-18T12:20:58.769 RX LT,17867,65,135,69,116,0,0,0,-471,1,0,90
2026-07-18T12:20:58.770 RX LT,17887,65,135,69,116,0,0,0,-469,1,0,90
2026-07-18T12:20:58.968 RX LT,17907,65,135,102,159,0,0,0,-467,1,0,90
2026-07-18T12:20:58.968 RX LT,17927,65,135,104,118,0,0,0,-465,1,0,90
2026-07-18T12:20:58.968 RX LT,17947,65,135,60,116,0,0,0,-463,1,0,90
2026-07-18T12:20:58.968 RX LT,17967,65,135,69,126,0,0,0,-461,1,0,90
2026-07-18T12:20:58.968 RX LT,17987,65,135,102,116,0,0,0,-459,1,0,90
2026-07-18T12:20:58.968 RX SQUARE ERROR,LINE LOST
2026-07-18T12:20:58.968 TX STOP
2026-07-18T12:20:58.968 TX STOP
2026-07-18T12:20:59.103 RX OK STOP
2026-07-18T12:20:59.103 RX OK STOP
2026-07-18T12:20:59.103 TX PROFILE GIMBAL
2026-07-18T12:20:59.158 RX OK PROFILE GIMBAL FLASH 3
2026-07-18T12:20:59.158 TX PARAM
2026-07-18T12:20:59.323 RX PARAM,x1000,PROFILE,1,FLASHVER,3,GUARDVER,23,LKP,350,LKI,100,RKP,500,RKI,350,LFF,460,RFF,437,LMIN,32,RMIN,26,SYNC,1000,BIAS,50,GSTART,10,LINEKP,6750,LINEKD,2000,TURNANGLE,900,TURNFAST,185,TURNSLOW,140,TURNMARGIN,180,TURNEXIT,140,TURNDIST,98
2026-07-18T12:20:59.323 RX PARAM,x1000,PROFILE,1,FLASHVER,3,GUARDVER,23,LKP,350,LKI,100,RKP,500,RKI,350,LFF,460,RFF,437,LMIN,32,RMIN,26,SYNC,1000,BIAS,50,GSTART,10,LINEKP,6750,LINEKD,2000,TURNANGLE,900,TURNFAST,185,TURNSLOW,140,TURNMARGIN,180,TURNEXIT,140,TURNDIST,98
2026-07-18T12:20:59.323 TX SET TURNSLOW 80 1668563176
2026-07-18T12:20:59.449 RX SA,1668563176,TURNSLOW,80
2026-07-18T12:20:59.449 TX SET LKP 350 1668563177
2026-07-18T12:20:59.582 RX SA,1668563177,LKP,350
2026-07-18T12:20:59.582 TX SET LKI 100 1668563178
2026-07-18T12:20:59.712 RX SA,1668563178,LKI,100
2026-07-18T12:20:59.712 TX SET LFF 460 1668563179
2026-07-18T12:20:59.839 RX SA,1668563179,LFF,460
2026-07-18T12:20:59.839 TX SET LMIN 32 1668563180
2026-07-18T12:20:59.968 RX SA,1668563180,LMIN,32
2026-07-18T12:20:59.968 TX SET RKP 500 1668563181
2026-07-18T12:21:00.108 RX SA,1668563181,RKP,500
2026-07-18T12:21:00.108 TX SET RKI 350 1668563182
2026-07-18T12:21:00.243 RX SA,1668563182,RKI,350
2026-07-18T12:21:00.243 TX SET RFF 437 1668563183
2026-07-18T12:21:00.373 RX SA,1668563183,RFF,437
2026-07-18T12:21:00.373 TX SET RMIN 26 1668563184
2026-07-18T12:21:00.518 RX SA,1668563184,RMIN,26
2026-07-18T12:21:00.518 TX SET SYNC 1000 1668563185
2026-07-18T12:21:00.658 RX SA,1668563185,SYNC,1000
2026-07-18T12:21:00.658 TX SET BIAS 50 1668563186
2026-07-18T12:21:00.799 RX SA,1668563186,BIAS,50
2026-07-18T12:21:00.799 TX SET LINEKP 6750 1668563187
2026-07-18T12:21:00.938 RX SA,1668563187,LINEKP,6750
2026-07-18T12:21:00.938 TX SET LINEKD 2000 1668563188
2026-07-18T12:21:01.078 RX SA,1668563188,LINEKD,2000
2026-07-18T12:21:01.078 TX SET TURNANGLE 900 1668563189
2026-07-18T12:21:01.218 RX SA,1668563189,TURNANGLE,900
2026-07-18T12:21:01.218 TX SET TURNFAST 185 1668563190
2026-07-18T12:21:01.348 RX SA,1668563190,TURNFAST,185
2026-07-18T12:21:01.348 TX SET TURNMARGIN 180 1668563191
2026-07-18T12:21:01.474 RX SA,1668563191,TURNMARGIN,180
2026-07-18T12:21:01.474 TX SET TURNEXIT 140 1668563192
2026-07-18T12:21:01.608 RX SA,1668563192,TURNEXIT,140
2026-07-18T12:21:01.608 TX SET TURNDIST 98 1668563193
2026-07-18T12:21:01.738 RX SA,1668563193,TURNDIST,98
2026-07-18T12:21:01.738 TX SET GSTART 0 1668563194
2026-07-18T12:21:01.878 RX SA,1668563194,GSTART,0
2026-07-18T12:21:01.878 TX SET TURNSLOW 140 1668563195
2026-07-18T12:21:02.008 RX SA,1668563195,TURNSLOW,140
2026-07-18T12:21:02.009 TX STOP
