2026-07-18T11:37:36.271 TX HELLO 1343664778
2026-07-18T11:37:36.411 RX HELLO,1343664778,2,STBY,HIGH,ENCODER_MM_X1000,580,SAMPLE_MS,10
2026-07-18T11:37:36.411 TX STOP
2026-07-18T11:37:36.550 RX OK STOP
2026-07-18T11:37:36.550 TX PARAM
2026-07-18T11:37:36.705 RX PARAM,x1000,PROFILE,1,FLASHVER,3,GUARDVER,20,LKP,350,LKI,100,RKP,500,RKI,350,LFF,540,RFF,520,LMIN,90,RMIN,85,SYNC,500,BIAS,80,GSTART,10,LINEKP,8250,LINEKD,2250,TURNANGLE,900,TURNFAST,185,TURNSLOW,140,TURNMARGIN,180,TURNEXIT,140,TURNDIST,98
2026-07-18T11:37:36.705 TX STATUS
2026-07-18T11:37:37.382 TX STATUS
2026-07-18T11:37:37.507 RX ERR COMMAND; SEND HELP
2026-07-18T11:37:38.041 TX STATUS
2026-07-18T11:37:38.190 RX STATUS,65980,IDLE,0,0,0,0,0,0,SAFE,SELECTED_LAPS,1,STBY,HIGH
2026-07-18T11:37:38.191 TX SENSOR
2026-07-18T11:37:38.320 RX SENSOR,OK,24,0,93,0,24
2026-07-18T11:37:38.320 TX SENSOR
2026-07-18T11:37:38.446 RX SENSOR,OK,24,0,93,0,24
2026-07-18T11:37:38.446 TX SENSOR
2026-07-18T11:37:38.587 RX SENSOR,OK,24,0,93,0,24
2026-07-18T11:37:38.587 TX SENSOR
2026-07-18T11:37:38.713 RX SENSOR,OK,24,0,93,0,24
2026-07-18T11:37:38.714 TX SENSOR
2026-07-18T11:37:38.840 RX SENSOR,OK,24,0,93,0,24
2026-07-18T11:37:38.840 TX IMU
2026-07-18T11:37:38.971 RX IMU,OK,-826,5981,91,VER,1,1,0,0
2026-07-18T11:37:38.971 TX STREAM TUNE
2026-07-18T11:37:39.100 RX OK STREAM TUNE
2026-07-18T11:37:39.100 TX SQUARE 120 3 1343664779
2026-07-18T11:37:40.090 TX SQUARE 120 3 1343664779
2026-07-18T11:37:40.227 RX ERR COMMAND; SEND HELP
2026-07-18T11:37:41.090 TX SQUARE 120 3 1343664779
2026-07-18T11:37:41.260 RX TEST START,SQUARE,120,3
2026-07-18T11:37:41.260 RX SQ,1343664779,OK
2026-07-18T11:37:41.260 RX LT,20,2,2,0,0,0,24,1,0,0,0,0
2026-07-18T11:37:41.260 RX LT,40,4,4,10,0,0,24,1,0,0,0,0
2026-07-18T11:37:41.260 RX LT,60,6,6,55,43,0,24,1,0,0,0,0
2026-07-18T11:37:41.260 RX LT,80,9,9,3,2,0,24,1,1,0,0,0
2026-07-18T11:37:41.260 RX LT,100,11,11,0,0,0,24,1,1,0,0,0
2026-07-18T11:37:41.260 RX LT,120,14,14,10,0,0,24,1,0,0,0,0
2026-07-18T11:37:41.430 RX LT,140,16,16,0,10,0,24,1,0,0,0,0
2026-07-18T11:37:41.430 RX LT,160,18,18,43,0,0,24,1,0,0,0,0
2026-07-18T11:37:41.430 RX LT,180,21,21,2,0,0,24,1,0,0,0,0
2026-07-18T11:37:41.430 RX LT,200,23,23,0,0,0,24,1,1,0,0,0
2026-07-18T11:37:41.430 RX LT,220,26,26,0,10,0,24,1,2,0,0,0
2026-07-18T11:37:41.430 RX LT,240,28,28,0,0,0,24,1,2,0,0,0
2026-07-18T11:37:41.430 RX LT,260,30,30,0,0,0,24,1,3,0,0,0
2026-07-18T11:37:41.430 RX LT,280,33,33,0,0,0,24,1,3,0,0,0
2026-07-18T11:37:41.600 RX LT,300,35,35,0,0,0,24,1,3,0,0,0
2026-07-18T11:37:41.600 RX LT,320,38,38,0,0,0,24,1,3,0,0,0
2026-07-18T11:37:41.600 RX LT,340,40,40,0,0,0,24,1,3,0,0,0
2026-07-18T11:37:41.600 RX LT,360,42,42,0,0,0,24,1,3,0,0,0
2026-07-18T11:37:41.601 RX LT,380,45,45,0,0,0,24,1,3,0,0,0
2026-07-18T11:37:41.601 RX LT,400,47,47,0,0,0,24,1,3,0,0,0
2026-07-18T11:37:41.601 RX LT,420,50,50,0,0,0,24,1,3,0,0,0
2026-07-18T11:37:41.602 RX LT,440,52,52,0,0,0,24,1,3,0,0,0
2026-07-18T11:37:41.759 RX LT,460,54,54,0,43,0,24,1,3,0,0,0
2026-07-18T11:37:41.759 RX LT,480,57,57,0,2,0,24,1,4,0,0,0
2026-07-18T11:37:41.759 RX LT,500,59,59,0,0,0,24,1,4,0,0,0
2026-07-18T11:37:41.759 RX LT,520,62,62,0,0,0,24,1,4,0,0,0
2026-07-18T11:37:41.759 RX LT,540,64,64,43,10,0,24,1,5,0,0,0
2026-07-18T11:37:41.759 RX LT,560,66,66,2,0,0,24,1,5,0,0,0
2026-07-18T11:37:41.759 RX LT,580,69,69,0,10,0,24,1,6,0,0,0
2026-07-18T11:37:41.896 RX LT,600,71,71,0,44,0,24,1,6,0,0,0
2026-07-18T11:37:41.896 RX LT,620,74,74,10,46,0,24,1,7,0,0,0
2026-07-18T11:37:41.896 RX LT,640,76,76,0,46,0,24,1,9,0,0,0
2026-07-18T11:37:41.896 RX LT,660,78,78,43,13,0,24,1,10,0,0,0
2026-07-18T11:37:41.896 RX LT,680,81,81,2,55,0,24,1,12,0,0,0
2026-07-18T11:37:41.897 RX LT,700,83,83,43,57,0,24,1,14,0,0,0
2026-07-18T11:37:41.897 RX LT,720,86,86,2,57,0,24,1,17,0,0,0
2026-07-18T11:37:42.040 RX LT,740,88,88,43,101,0,24,1,20,0,0,0
2026-07-18T11:37:42.040 RX LT,760,90,90,2,60,0,24,1,24,0,0,0
2026-07-18T11:37:42.040 RX LT,780,93,93,11,69,0,24,1,27,0,0,0
2026-07-18T11:37:42.040 RX LT,800,95,95,11,69,0,24,1,31,0,0,0
2026-07-18T11:37:42.040 RX LT,820,98,98,44,113,0,24,1,35,0,0,0
2026-07-18T11:37:42.040 RX LT,840,100,100,13,104,0,24,1,39,0,0,0
2026-07-18T11:37:42.040 RX LT,860,102,102,55,115,0,24,1,43,0,0,0
2026-07-18T11:37:42.182 RX LT,880,105,105,46,115,0,24,1,47,0,0,0
2026-07-18T11:37:42.182 RX LT,900,117,97,57,115,2,16,1,55,0,0,0
2026-07-18T11:37:42.182 RX LT,920,136,84,57,159,6,48,1,56,0,0,0
2026-07-18T11:37:42.182 RX LT,940,154,70,57,118,6,48,1,60,0,0,0
2026-07-18T11:37:42.182 RX LT,960,161,67,57,116,6,48,1,62,0,0,0
2026-07-18T11:37:42.182 RX LT,980,164,70,68,116,6,48,1,64,0,0,0
2026-07-18T11:37:42.182 RX LT,1000,166,72,69,159,6,48,1,65,0,0,0
2026-07-18T11:37:42.329 RX LT,1020,167,73,69,118,6,48,1,65,0,0,0
2026-07-18T11:37:42.329 RX LT,1040,167,73,113,116,6,48,1,65,0,0,0
2026-07-18T11:37:42.329 RX LT,1060,167,73,115,159,6,48,1,65,0,0,0
2026-07-18T11:37:42.329 RX LT,1080,167,73,115,118,6,48,1,64,0,0,0
2026-07-18T11:37:42.329 RX LT,1100,167,73,115,116,6,48,1,62,0,0,0
2026-07-18T11:37:42.330 RX LT,1133,167,73,115,159,6,48,1,59,0,0,0
2026-07-18T11:37:42.472 RX LT,1153,167,73,148,151,6,48,1,58,0,0,0
2026-07-18T11:37:42.472 RX LT,1173,167,73,161,150,6,48,1,57,0,0,0
2026-07-18T11:37:42.472 RX LT,1193,167,73,162,161,6,48,1,55,0,0,0
2026-07-18T11:37:42.472 RX LT,1213,167,73,162,162,6,48,1,52,0,0,0
2026-07-18T11:37:42.472 RX LT,1233,167,73,162,162,6,48,1,49,0,0,0
2026-07-18T11:37:42.476 RX LT,1253,167,73,129,118,6,48,1,46,0,0,0
2026-07-18T11:37:42.476 RX LT,1273,167,73,171,159,6,48,1,43,0,0,0
2026-07-18T11:37:42.599 RX LT,1293,167,73,162,162,6,48,1,40,0,0,0
2026-07-18T11:37:42.599 RX LT,1313,167,73,173,118,6,48,1,38,0,0,0
2026-07-18T11:37:42.599 RX LT,1333,167,73,163,127,6,48,1,36,0,0,0
2026-07-18T11:37:42.599 RX LT,1353,171,57,173,127,11,32,1,33,0,0,0
2026-07-18T11:37:42.599 RX LT,1373,171,57,130,127,11,32,1,30,0,0,0
2026-07-18T11:37:42.599 RX LT,1393,171,57,171,116,11,32,1,28,0,0,0
2026-07-18T11:37:42.721 RX LT,1413,171,57,173,126,11,32,1,25,0,0,0
2026-07-18T11:37:42.721 RX LT,1433,171,57,173,116,11,32,1,22,0,0,0
2026-07-18T11:37:42.721 RX LT,1453,171,57,173,126,11,32,1,17,0,0,0
2026-07-18T11:37:42.721 RX LT,1473,171,57,173,160,11,32,1,14,0,0,0
2026-07-18T11:37:42.721 RX LT,1493,171,57,184,118,11,32,1,10,0,0,0
2026-07-18T11:37:42.721 RX LT,1513,171,57,174,116,11,32,1,5,0,0,0
2026-07-18T11:37:42.872 RX LT,1533,171,57,184,116,11,32,1,0,0,0,0
2026-07-18T11:37:42.872 RX LT,1553,171,57,218,126,11,32,1,-5,0,0,0
2026-07-18T11:37:42.872 RX LT,1573,171,57,176,116,11,32,1,-11,0,0,0
2026-07-18T11:37:42.873 RX LT,1593,171,57,185,116,11,32,1,-16,0,0,0
2026-07-18T11:37:42.873 RX LT,1613,171,57,218,116,11,32,1,-19,0,0,0
2026-07-18T11:37:42.873 RX LT,1633,171,57,220,116,11,32,1,-26,0,0,0
2026-07-18T11:37:42.874 RX LT,1653,171,57,220,159,11,32,1,-32,0,0,0
2026-07-18T11:37:42.990 RX LT,1673,171,57,220,75,11,32,1,-40,0,0,0
2026-07-18T11:37:42.990 RX LT,1693,167,73,220,156,6,48,1,-46,0,0,0
2026-07-18T11:37:42.990 RX LT,1713,167,73,220,118,6,48,1,-52,0,0,0
2026-07-18T11:37:42.990 RX LT,1733,167,73,220,105,6,48,1,-58,0,0,0
2026-07-18T11:37:42.990 RX LT,1753,167,73,220,115,6,48,1,-63,0,0,0
2026-07-18T11:37:42.990 RX LT,1773,167,73,220,115,6,48,1,-68,0,0,0
2026-07-18T11:37:43.126 RX LT,1793,167,73,220,115,6,48,1,-71,0,0,0
2026-07-18T11:37:43.127 RX LT,1813,167,73,220,115,6,48,1,-76,0,0,0
2026-07-18T11:37:43.127 RX LT,1833,167,73,220,115,6,48,1,-81,0,0,0
2026-07-18T11:37:43.127 RX LT,1853,167,73,220,115,6,48,1,-86,0,0,0
2026-07-18T11:37:43.127 RX LT,1873,167,73,187,115,6,48,1,-94,0,0,0
2026-07-18T11:37:43.127 RX LT,1893,167,73,174,115,6,48,1,-97,0,0,0
2026-07-18T11:37:43.249 RX LT,1913,167,73,184,72,6,48,1,-101,0,0,0
2026-07-18T11:37:43.249 RX LT,1933,167,73,185,156,6,48,1,-106,0,0,0
2026-07-18T11:37:43.249 RX LT,1953,167,73,185,118,6,48,1,-110,0,0,0
2026-07-18T11:37:43.249 RX LT,1973,167,73,185,72,6,48,1,-113,0,0,0
2026-07-18T11:37:43.249 RX LT,1993,167,73,229,113,6,48,1,-119,0,0,0
2026-07-18T11:37:43.249 RX LT,2013,167,73,220,115,6,48,1,-121,0,0,0
2026-07-18T11:37:43.371 RX LT,2033,147,93,220,115,0,24,1,-125,0,0,0
2026-07-18T11:37:43.371 RX LT,2053,127,113,220,115,0,24,1,-130,0,0,0
2026-07-18T11:37:43.371 RX LT,2073,120,120,187,126,0,24,1,-135,0,0,0
2026-07-18T11:37:43.371 RX LT,2093,120,120,218,116,0,24,1,-140,0,0,0
2026-07-18T11:37:43.371 RX LT,2113,120,120,220,126,0,24,1,-143,0,0,0
2026-07-18T11:37:43.371 RX LT,2133,120,120,176,116,0,24,1,-146,0,0,0
2026-07-18T11:37:43.501 RX LT,2153,120,120,185,126,0,24,1,-148,0,0,0
2026-07-18T11:37:43.501 RX LT,2173,115,125,174,160,-3,28,1,-150,0,0,0
2026-07-18T11:37:43.501 RX LT,2193,105,135,217,118,-3,28,1,-152,0,0,0
2026-07-18T11:37:43.501 RX LT,2213,94,146,176,127,-6,12,1,-153,0,0,0
2026-07-18T11:37:43.501 RX LT,2233,78,162,174,127,-6,12,1,-155,0,0,0
2026-07-18T11:37:43.501 RX LT,2253,73,167,174,127,-6,12,1,-156,0,0,0
2026-07-18T11:37:43.621 RX LT,2273,73,167,174,171,-6,12,1,-156,0,0,0
2026-07-18T11:37:43.621 RX LT,2293,73,167,130,130,-6,12,1,-155,0,0,0
2026-07-18T11:37:43.621 RX LT,2313,73,167,171,182,-6,12,1,-152,0,0,0
2026-07-18T11:37:43.621 RX LT,2333,73,167,173,174,-6,12,1,-150,0,0,0
2026-07-18T11:37:43.621 RX LT,2353,73,167,163,174,-6,12,1,-148,0,0,0
2026-07-18T11:37:43.621 RX LT,2373,57,171,173,174,-11,4,1,-145,0,0,0
2026-07-18T11:37:43.754 RX LT,2393,29,171,163,217,-18,6,1,-142,0,0,0
2026-07-18T11:37:43.754 RX LT,2413,29,171,162,176,-18,6,1,-139,0,0,0
2026-07-18T11:37:43.756 RX LT,2433,29,171,118,217,-18,6,1,-135,0,0,0
2026-07-18T11:37:43.756 RX LT,2453,85,155,159,220,0,38,0,-131,0,0,0
2026-07-18T11:37:43.756 RX LT,2473,29,171,129,220,-18,6,1,-125,0,0,0
2026-07-18T11:37:43.756 RX LT,2493,57,171,127,220,-11,22,1,-120,0,0,0
2026-07-18T11:37:43.880 RX LT,2513,57,171,116,220,-11,22,1,-113,0,0,0
2026-07-18T11:37:43.880 RX LT,2533,57,171,126,220,-11,22,1,-108,0,0,0
2026-07-18T11:37:43.880 RX LT,2553,29,171,127,220,-18,6,1,-103,0,0,0
2026-07-18T11:37:43.881 RX LT,2573,29,171,116,220,-18,6,1,-97,0,0,0
2026-07-18T11:37:43.881 RX LT,2593,29,171,116,220,-18,6,1,-92,0,0,0
2026-07-18T11:37:43.881 RX LT,2613,29,171,116,220,-18,6,1,-86,0,0,0
2026-07-18T11:37:44.000 RX LT,2633,29,171,72,187,-18,6,1,-80,0,0,0
2026-07-18T11:37:44.000 RX LT,2653,29,171,113,218,-18,6,1,-74,0,0,0
2026-07-18T11:37:44.000 RX LT,2673,29,171,72,220,-18,6,1,-68,0,0,0
2026-07-18T11:37:44.000 RX LT,2693,29,171,69,220,-18,6,1,-62,0,0,0
2026-07-18T11:37:44.000 RX LT,2713,29,171,69,176,-18,6,1,-56,0,0,0
2026-07-18T11:37:44.000 RX LT,2733,29,171,113,228,-18,6,1,-46,0,0,0
2026-07-18T11:37:44.131 RX LT,2753,29,171,104,220,-18,6,1,-40,0,0,0
2026-07-18T11:37:44.131 RX LT,2773,29,171,104,176,-18,6,1,-35,0,0,0
2026-07-18T11:37:44.131 RX LT,2793,57,171,104,185,-11,4,1,-29,0,0,0
2026-07-18T11:37:44.131 RX LT,2813,57,171,104,185,-11,4,1,-24,0,0,0
2026-07-18T11:37:44.131 RX LT,2833,57,171,71,185,-11,4,1,-19,0,0,0
2026-07-18T11:37:44.131 RX LT,2853,73,167,69,218,-6,12,1,-14,0,0,0
2026-07-18T11:37:44.277 RX LT,2873,73,167,69,220,-6,12,1,-8,0,0,0
2026-07-18T11:37:44.277 RX LT,2893,73,167,69,220,-6,12,1,-3,0,0,0
2026-07-18T11:37:44.277 RX LT,2913,73,167,69,220,-6,12,1,2,0,0,0
2026-07-18T11:37:44.277 RX LT,2933,73,167,113,220,-6,12,1,7,0,0,0
2026-07-18T11:37:44.277 RX LT,2953,73,167,104,220,-6,12,1,14,0,0,0
2026-07-18T11:37:44.277 RX LT,2973,73,167,71,220,-6,12,1,18,0,0,0
2026-07-18T11:37:44.277 RX LT,2993,73,167,113,220,-6,12,1,22,0,0,0
2026-07-18T11:37:44.401 RX LT,3013,73,167,104,220,-6,12,1,26,0,0,0
2026-07-18T11:37:44.401 RX LT,3033,73,167,71,220,-6,12,1,30,0,0,0
2026-07-18T11:37:44.401 RX LT,3053,83,157,69,176,-2,8,1,34,0,0,0
2026-07-18T11:37:44.401 RX LT,3073,103,137,113,228,0,24,1,39,0,0,0
2026-07-18T11:37:44.401 RX LT,3093,120,120,72,177,0,24,1,42,0,0,0
2026-07-18T11:37:44.401 RX LT,3113,120,120,113,217,0,24,1,46,0,0,0
2026-07-18T11:37:44.533 RX LT,3133,120,120,115,165,0,24,1,48,0,0,0
2026-07-18T11:37:44.533 RX LT,3153,120,120,72,184,0,24,1,55,0,0,0
2026-07-18T11:37:44.533 RX LT,3173,120,120,113,174,0,24,1,54,0,0,0
2026-07-18T11:37:44.533 RX LT,3193,120,120,115,174,0,24,1,56,0,0,0
2026-07-18T11:37:44.533 RX LT,3213,120,120,115,174,0,24,1,56,0,0,0
2026-07-18T11:37:44.534 TX SET LINEKD 2150 1343664780
2026-07-18T11:37:44.534 RX LT,3233,136,104,115,174,6,48,1,57,0,0,0
2026-07-18T11:37:44.650 RX LT,3253,152,88,115,174,6,48,1,57,0,0,0
2026-07-18T11:37:44.650 RX LT,3273,167,73,115,130,6,48,1,57,0,0,0
2026-07-18T11:37:44.650 RX SA,1343664780,LINEKD,2150
2026-07-18T11:37:44.650 RX LT,3293,128,112,159,127,6,48,1,56,0,0,0
2026-07-18T11:37:44.650 RX LT,3313,144,96,118,171,6,48,1,54,0,0,0
2026-07-18T11:37:44.650 RX LT,3333,160,80,159,162,6,48,1,51,0,0,0
2026-07-18T11:37:44.650 RX LT,3353,167,73,118,118,6,48,1,48,0,0,0
2026-07-18T11:37:44.785 RX LT,3373,167,73,127,159,6,48,1,43,0,0,0
2026-07-18T11:37:44.785 RX LT,3393,167,73,160,118,6,48,1,40,0,0,0
2026-07-18T11:37:44.785 RX LT,3413,167,73,162,116,6,48,1,36,0,0,0
2026-07-18T11:37:44.785 RX LT,3433,167,73,162,159,6,48,1,31,0,0,0
2026-07-18T11:37:44.787 RX LT,3453,167,73,129,118,6,48,1,26,0,0,0
2026-07-18T11:37:44.787 RX LT,3473,167,73,171,116,6,48,1,21,0,0,0
2026-07-18T11:37:44.929 RX LT,3493,167,73,130,148,6,48,1,15,0,0,0
2026-07-18T11:37:44.929 RX LT,3513,167,73,171,118,6,48,1,9,0,0,0
2026-07-18T11:37:44.929 RX LT,3533,167,73,173,105,6,48,1,3,0,0,0
2026-07-18T11:37:44.929 RX LT,3553,167,73,173,115,6,48,1,-3,0,0,0
2026-07-18T11:37:44.929 RX LT,3573,167,73,173,115,6,48,1,-9,0,0,0
2026-07-18T11:37:44.930 RX LT,3593,171,57,173,115,11,32,1,-18,0,0,0
2026-07-18T11:37:44.930 RX LT,3613,171,57,173,115,11,32,1,-24,0,0,0
2026-07-18T11:37:45.055 RX LT,3633,171,57,173,105,11,32,1,-29,0,0,0
2026-07-18T11:37:45.055 RX LT,3653,171,57,173,104,11,32,1,-34,0,0,0
2026-07-18T11:37:45.055 RX LT,3673,171,57,184,115,11,32,1,-41,0,0,0
2026-07-18T11:37:45.055 RX LT,3693,171,57,174,105,11,32,1,-47,0,0,0
2026-07-18T11:37:45.055 RX LT,3713,171,57,174,71,11,32,1,-54,0,0,0
2026-07-18T11:37:45.056 RX LT,3733,171,57,184,69,11,32,1,-61,0,0,0
2026-07-18T11:37:45.180 RX LT,3753,171,57,174,113,11,32,1,-68,0,0,0
2026-07-18T11:37:45.181 RX LT,3773,171,57,184,104,11,32,1,-74,0,0,0
2026-07-18T11:37:45.181 RX LT,3793,171,57,218,104,11,32,1,-86,0,0,0
2026-07-18T11:37:45.181 RX LT,3813,171,57,176,115,11,32,1,-91,0,0,0
2026-07-18T11:37:45.181 RX LT,3833,167,73,217,105,6,48,1,-97,0,0,0
2026-07-18T11:37:45.182 RX LT,3853,167,73,176,104,6,48,1,-103,0,0,0
2026-07-18T11:37:45.308 RX LT,3873,167,73,185,115,6,48,1,-109,0,0,0
2026-07-18T11:37:45.308 RX LT,3893,167,73,218,115,6,48,1,-115,0,0,0
2026-07-18T11:37:45.309 RX LT,3913,167,73,176,105,6,48,1,-122,0,0,0
2026-07-18T11:37:45.309 RX LT,3933,167,73,185,104,6,48,1,-128,0,0,0
2026-07-18T11:37:45.310 RX LT,3953,167,73,185,104,6,48,1,-135,0,0,0
2026-07-18T11:37:45.310 RX LT,3973,167,73,218,104,6,48,1,-141,0,0,0
2026-07-18T11:37:45.433 RX LT,3993,167,73,220,71,6,48,1,-146,0,0,0
2026-07-18T11:37:45.433 RX LT,4013,167,73,176,102,6,48,1,-154,0,0,0
2026-07-18T11:37:45.433 RX LT,4033,167,73,185,71,6,48,1,-160,0,0,0
2026-07-18T11:37:45.433 RX LT,4053,167,73,218,113,6,48,1,-165,0,0,0
2026-07-18T11:37:45.434 RX LT,4073,167,73,187,104,6,48,1,-171,0,0,0
2026-07-18T11:37:45.434 RX LT,4093,162,78,218,104,-4,50,1,-177,0,0,0
2026-07-18T11:37:45.563 RX LT,4113,152,88,176,71,-4,50,1,-182,0,0,0
2026-07-18T11:37:45.563 RX LT,4133,155,85,185,113,3,56,1,-187,0,0,0
2026-07-18T11:37:45.563 RX LT,4153,158,82,185,104,6,48,1,-192,0,0,0
2026-07-18T11:37:45.563 RX LT,4173,148,92,218,104,3,56,1,-197,0,0,0
2026-07-18T11:37:45.564 RX LT,4193,133,107,176,71,0,24,1,-202,0,0,0
2026-07-18T11:37:45.564 RX LT,4213,120,120,185,113,0,24,1,-207,0,0,0
2026-07-18T11:37:45.691 RX LT,4233,120,120,174,104,0,24,1,-213,0,0,0
2026-07-18T11:37:45.691 RX LT,4253,120,120,184,71,0,24,1,-216,0,0,0
2026-07-18T11:37:45.691 RX LT,4273,120,120,174,113,0,24,1,-220,0,0,0
2026-07-18T11:37:45.692 RX LT,4293,120,120,174,104,0,24,1,-222,0,0,0
2026-07-18T11:37:45.693 RX LT,4313,120,120,174,115,0,24,1,-225,0,0,0
2026-07-18T11:37:45.695 RX LT,4333,120,120,174,72,0,24,1,-227,0,0,0
2026-07-18T11:37:45.811 RX LT,4353,110,130,174,113,-2,8,1,-229,0,0,0
2026-07-18T11:37:45.811 RX LT,4373,94,146,174,126,-6,12,1,-231,0,0,0
2026-07-18T11:37:45.813 RX LT,4393,78,162,130,116,-6,12,1,-232,0,0,0
2026-07-18T11:37:45.814 RX LT,4413,73,167,171,116,-6,12,1,-233,0,0,0
2026-07-18T11:37:45.816 RX LT,4433,73,167,130,126,-6,12,1,-233,0,0,0
2026-07-18T11:37:45.817 RX LT,4453,73,167,171,160,-6,12,1,-232,0,0,0
2026-07-18T11:37:45.936 RX LT,4473,73,167,162,129,-6,12,1,-230,0,0,0
2026-07-18T11:37:45.936 RX LT,4493,73,167,162,127,-6,12,1,-228,0,0,0
2026-07-18T11:37:45.936 RX LT,4513,73,167,162,171,-6,12,1,-226,0,0,0
2026-07-18T11:37:45.936 RX LT,4533,73,167,129,162,-6,12,1,-224,0,0,0
2026-07-18T11:37:45.936 RX LT,4553,73,167,127,173,-6,12,1,-221,0,0,0
2026-07-18T11:37:45.936 RX LT,4573,29,171,127,130,-18,6,1,-219,0,0,0
2026-07-18T11:37:46.062 RX LT,4593,29,171,116,171,-18,6,1,-217,0,0,0
2026-07-18T11:37:46.063 RX LT,4613,29,171,116,173,-18,6,1,-214,0,0,0
2026-07-18T11:37:46.063 RX LT,4633,29,171,116,173,-18,6,1,-211,0,0,0
2026-07-18T11:37:46.063 RX LT,4653,29,171,159,173,-18,6,1,-205,0,0,0
2026-07-18T11:37:46.063 RX LT,4673,29,171,118,173,-18,6,1,-201,0,0,0
2026-07-18T11:37:46.064 RX LT,4693,29,171,116,173,-18,6,1,-197,0,0,0
2026-07-18T11:37:46.189 RX LT,4713,29,171,72,173,-18,6,1,-191,0,0,0
2026-07-18T11:37:46.189 RX LT,4733,29,171,113,173,-18,6,1,-186,0,0,0
2026-07-18T11:37:46.191 RX LT,4753,29,171,115,184,-18,6,1,-180,0,0,0
2026-07-18T11:37:46.193 RX LT,4773,29,171,105,174,-18,6,1,-175,0,0,0
2026-07-18T11:37:46.196 RX LT,4793,29,171,115,174,-18,6,1,-169,0,0,0
2026-07-18T11:37:46.198 RX LT,4813,29,171,105,174,-18,6,1,-166,0,0,0
2026-07-18T11:37:46.315 RX LT,4833,29,171,71,174,-18,6,1,-160,0,0,0
2026-07-18T11:37:46.315 RX LT,4853,29,171,113,174,-18,6,1,-154,0,0,0
2026-07-18T11:37:46.316 RX LT,4873,29,171,104,174,-18,6,1,-146,0,0,0
2026-07-18T11:37:46.318 RX LT,4893,29,171,60,174,-18,6,1,-140,0,0,0
2026-07-18T11:37:46.320 TX SET LINEKD 2250 1343664781
2026-07-18T11:37:46.321 RX LT,4913,29,171,69,217,-18,6,1,-134,0,0,0
2026-07-18T11:37:46.321 RX LT,4933,29,171,69,133,-18,6,1,-128,0,0,0
2026-07-18T11:37:46.441 RX LT,4953,29,171,69,214,-18,6,1,-123,0,0,0
2026-07-18T11:37:46.442 RX LT,4973,29,171,58,176,-18,6,1,-117,0,0,0
2026-07-18T11:37:46.442 RX SA,1343664781,LINEKD,2250
2026-07-18T11:37:46.442 RX LT,4993,82,118,101,174,-18,6,1,-110,0,0,0
2026-07-18T11:37:46.442 RX LT,5013,46,154,60,174,-18,6,1,-104,0,0,0
2026-07-18T11:37:46.442 RX LT,5033,57,171,101,174,-11,4,1,-98,0,0,0
2026-07-18T11:37:46.442 RX LT,5053,57,171,60,174,-11,4,1,-93,0,0,0
2026-07-18T11:37:46.567 RX LT,5073,57,171,69,174,-11,4,1,-87,0,0,0
2026-07-18T11:37:46.567 RX LT,5093,73,167,102,174,-6,12,1,-80,0,0,0
2026-07-18T11:37:46.568 RX LT,5113,73,167,104,217,-6,12,1,-76,0,0,0
2026-07-18T11:37:46.568 RX LT,5133,73,167,60,176,-6,12,1,-71,0,0,0
2026-07-18T11:37:46.568 RX LT,5153,73,167,69,174,-6,12,1,-66,0,0,0
2026-07-18T11:37:46.568 RX LT,5173,73,167,69,174,-6,12,1,-61,0,0,0
2026-07-18T11:37:46.693 RX LT,5193,73,167,102,184,-6,12,1,-57,0,0,0
2026-07-18T11:37:46.693 RX LT,5213,73,167,104,174,-6,12,1,-52,0,0,0
2026-07-18T11:37:46.693 RX LT,5233,73,167,104,174,-6,12,1,-48,0,0,0
2026-07-18T11:37:46.693 RX LT,5253,73,167,104,184,-6,12,1,-44,0,0,0
2026-07-18T11:37:46.694 RX LT,5273,73,167,104,174,-6,12,1,-40,0,0,0
2026-07-18T11:37:46.694 RX LT,5293,73,167,60,217,-6,12,1,-34,0,0,0
2026-07-18T11:37:46.819 RX LT,5313,83,157,69,176,-2,8,1,-30,0,0,0
2026-07-18T11:37:46.819 RX LT,5333,103,137,69,174,0,24,1,-27,0,0,0
2026-07-18T11:37:46.819 RX LT,5353,120,120,102,174,0,24,1,-23,0,0,0
2026-07-18T11:37:46.819 RX LT,5373,120,120,71,174,0,24,1,-19,0,0,0
2026-07-18T11:37:46.819 RX LT,5393,120,120,69,163,0,24,1,-16,0,0,0
2026-07-18T11:37:46.820 RX LT,5413,120,120,69,129,0,24,1,-14,0,0,0
2026-07-18T11:37:46.820 TX SET LINEKD 2350 1343664782
2026-07-18T11:37:46.948 RX LT,5433,120,120,113,171,0,24,1,-12,0,0,0
2026-07-18T11:37:46.948 RX LT,5453,120,120,72,130,0,24,1,-10,0,0,0
2026-07-18T11:37:46.948 RX SA,1343664782,LINEKD,2350
2026-07-18T11:37:46.949 RX LT,5473,120,120,113,171,0,24,1,-9,0,0,0
2026-07-18T11:37:46.949 RX LT,5493,120,120,104,162,0,24,1,-8,0,0,0
2026-07-18T11:37:46.949 RX LT,5513,130,110,115,173,2,16,1,-6,0,0,0
2026-07-18T11:37:46.949 RX LT,5533,140,100,72,163,6,48,1,-6,0,0,0
2026-07-18T11:37:47.069 RX LT,5553,156,84,113,118,6,48,1,-5,0,0,0
2026-07-18T11:37:47.069 RX LT,5573,167,73,115,127,6,48,1,-6,0,0,0
2026-07-18T11:37:47.069 RX LT,5593,167,73,115,116,6,48,1,-6,0,0,0
2026-07-18T11:37:47.069 RX LT,5613,167,73,159,116,6,48,1,-8,0,0,0
2026-07-18T11:37:47.069 RX LT,5633,167,73,118,126,6,48,1,-9,0,0,0
2026-07-18T11:37:47.069 RX LT,5653,167,73,116,116,6,48,1,-12,0,0,0
2026-07-18T11:37:47.198 RX LT,5673,167,73,126,72,6,48,1,-15,0,0,0
2026-07-18T11:37:47.198 RX LT,5693,167,73,116,156,6,48,1,-18,0,0,0
2026-07-18T11:37:47.198 RX LT,5713,167,73,126,107,6,48,1,-27,0,0,0
2026-07-18T11:37:47.199 RX LT,5733,167,73,127,115,6,48,1,-29,0,0,0
2026-07-18T11:37:47.199 RX LT,5753,167,73,127,105,6,48,1,-34,0,0,0
2026-07-18T11:37:47.199 RX LT,5773,167,73,171,115,6,48,1,-39,0,0,0
2026-07-18T11:37:47.343 RX LT,5793,167,73,162,72,6,48,1,-44,0,0,0
2026-07-18T11:37:47.343 RX LT,5813,167,73,129,113,6,48,1,-50,0,0,0
2026-07-18T11:37:47.343 RX LT,5833,167,73,171,72,6,48,1,-55,0,0,0
2026-07-18T11:37:47.343 RX LT,5853,167,73,173,113,6,48,1,-61,0,0,0
2026-07-18T11:37:47.343 RX LT,5873,167,73,173,72,6,48,1,-67,0,0,0
2026-07-18T11:37:47.343 RX LT,5893,167,73,163,113,6,48,1,-72,0,0,0
2026-07-18T11:37:47.343 RX LT,5913,167,73,173,72,6,48,1,-77,0,0,0
2026-07-18T11:37:47.469 RX LT,5933,167,73,173,113,6,48,1,-85,0,0,0
2026-07-18T11:37:47.469 RX LT,5953,167,73,173,72,6,48,1,-91,0,0,0
2026-07-18T11:37:47.469 RX LT,5973,167,73,217,113,6,48,1,-97,0,0,0
2026-07-18T11:37:47.469 RX LT,5993,167,73,176,104,6,48,1,-103,0,0,0
2026-07-18T11:37:47.469 RX LT,6013,167,73,174,71,6,48,1,-108,0,0,0
2026-07-18T11:37:47.470 RX LT,6033,167,73,174,113,6,48,1,-114,0,0,0
2026-07-18T11:37:47.595 RX LT,6053,167,73,217,104,6,48,1,-119,0,0,0
2026-07-18T11:37:47.595 RX LT,6073,167,73,176,115,6,48,1,-124,0,0,0
2026-07-18T11:37:47.595 RX LT,6093,167,73,174,105,6,48,1,-128,0,0,0
2026-07-18T11:37:47.596 RX LT,6113,167,73,174,71,6,48,1,-133,0,0,0
2026-07-18T11:37:47.596 RX LT,6133,167,73,217,113,6,48,1,-137,0,0,0
2026-07-18T11:37:47.596 RX LT,6153,167,73,176,104,6,48,1,-144,0,0,0
2026-07-18T11:37:47.721 RX LT,6173,167,73,217,115,6,48,1,-148,0,0,0
2026-07-18T11:37:47.721 RX LT,6193,167,73,176,105,6,48,1,-153,0,0,0
2026-07-18T11:37:47.722 RX LT,6213,167,73,217,71,6,48,1,-158,0,0,0
2026-07-18T11:37:47.722 RX LT,6233,167,73,176,113,6,48,1,-163,0,0,0
2026-07-18T11:37:47.722 RX LT,6253,167,73,174,104,6,48,1,-166,0,0,0
2026-07-18T11:37:47.722 RX LT,6273,167,73,184,71,6,48,1,-172,0,0,0
2026-07-18T11:37:47.849 RX LT,6293,167,73,218,113,6,48,1,-177,0,0,0
2026-07-18T11:37:47.849 RX LT,6313,167,73,176,104,6,48,1,-182,0,0,0
2026-07-18T11:37:47.849 RX LT,6333,167,73,185,104,6,48,1,-188,0,0,0
2026-07-18T11:37:47.849 RX LT,6353,167,73,185,71,6,48,1,-194,0,0,0
2026-07-18T11:37:47.849 RX LT,6373,167,73,218,102,6,48,1,-203,0,0,0
2026-07-18T11:37:47.849 RX LT,6393,167,73,220,104,6,48,1,-209,0,0,0
2026-07-18T11:37:47.975 RX LT,6413,167,73,176,60,6,48,1,-215,0,0,0
2026-07-18T11:37:47.976 RX LT,6433,167,73,185,69,6,48,1,-220,0,0,0
2026-07-18T11:37:47.976 RX LT,6453,147,93,218,69,2,16,1,-225,0,0,0
2026-07-18T11:37:47.976 RX LT,6473,127,113,176,69,0,24,1,-230,0,0,0
2026-07-18T11:37:47.977 RX LT,6493,120,120,217,69,0,24,1,-234,0,0,0
2026-07-18T11:37:47.977 RX LT,6513,120,120,176,113,0,24,1,-238,0,0,0
2026-07-18T11:37:48.101 RX LT,6533,120,120,174,104,0,24,1,-241,0,0,0
2026-07-18T11:37:48.101 RX LT,6553,120,120,174,104,0,24,1,-244,0,0,0
2026-07-18T11:37:48.103 RX LT,6573,120,120,184,71,0,24,1,-248,0,0,0
2026-07-18T11:37:48.104 RX LT,6593,120,120,174,113,0,24,1,-251,0,0,0
2026-07-18T11:37:48.105 RX LT,6613,110,130,217,104,-3,28,1,-253,0,0,0
2026-07-18T11:37:48.106 RX LT,6633,97,143,176,115,-6,12,1,-256,0,0,0
2026-07-18T11:37:48.227 RX LT,6653,81,159,174,115,-6,12,1,-258,0,0,0
2026-07-18T11:37:48.227 RX LT,6673,73,167,174,115,-6,12,1,-260,0,0,0
2026-07-18T11:37:48.229 RX LT,6693,73,167,163,115,-6,12,1,-262,0,0,0
2026-07-18T11:37:48.229 RX LT,6713,73,167,129,159,-6,12,1,-263,0,0,0
2026-07-18T11:37:48.229 RX LT,6733,73,167,171,118,-6,12,1,-263,0,0,0
2026-07-18T11:37:48.229 RX LT,6753,73,167,173,127,-6,12,1,-262,0,0,0
2026-07-18T11:37:48.354 RX LT,6773,57,171,130,127,-11,4,1,-261,0,0,0
2026-07-18T11:37:48.354 RX LT,6793,29,171,171,171,-18,6,1,-257,0,0,0
2026-07-18T11:37:48.355 RX LT,6813,29,171,119,162,-18,6,1,-254,0,0,0
2026-07-18T11:37:48.357 RX LT,6833,29,171,127,129,-18,6,1,-250,0,0,0
2026-07-18T11:37:48.358 RX LT,6853,29,171,116,171,-18,6,1,-246,0,0,0
2026-07-18T11:37:48.360 RX LT,6873,29,171,126,173,-18,6,1,-240,0,0,0
2026-07-18T11:37:48.479 RX LT,6893,85,155,116,130,0,38,0,-235,0,0,0
2026-07-18T11:37:48.479 RX LT,6913,29,171,159,171,-18,6,1,-229,0,0,0
2026-07-18T11:37:48.481 RX LT,6933,29,171,118,173,-18,6,1,-223,0,0,0
2026-07-18T11:37:48.483 RX LT,6953,29,171,105,163,-18,6,1,-217,0,0,0
2026-07-18T11:37:48.484 RX LT,6973,29,171,71,173,-18,6,1,-212,0,0,0
2026-07-18T11:37:48.485 RX LT,6993,29,171,113,173,-18,6,1,-206,0,0,0
2026-07-18T11:37:48.605 RX LT,7013,29,171,104,130,-18,6,1,-197,0,0,0
2026-07-18T11:37:48.605 RX LT,7033,29,171,71,214,-18,6,1,-192,0,0,0
2026-07-18T11:37:48.607 RX LT,7053,29,171,113,133,-18,6,1,-185,0,0,0
2026-07-18T11:37:48.610 RX LT,7073,29,171,104,171,-18,6,1,-180,0,0,0
2026-07-18T11:37:48.612 TX SET LINEKD 2250 1343664783
2026-07-18T11:37:48.612 RX LT,7093,29,171,104,173,-18,6,1,-174,0,0,0
2026-07-18T11:37:48.613 RX LT,7113,29,171,71,173,-18,6,1,-168,0,0,0
2026-07-18T11:37:48.721 RX LT,7133,29,171,113,173,-18,6,1,-163,0,0,0
2026-07-18T11:37:48.721 RX LT,7153,29,171,104,163,-18,6,1,-157,0,0,0
2026-07-18T11:37:48.721 RX SA,1343664783,LINEKD,2250
2026-07-18T11:37:48.721 RX LT,7173,82,118,71,140,-18,6,1,-152,0,0,0
2026-07-18T11:37:48.721 RX LT,7193,46,154,113,171,-18,6,1,-146,0,0,0
2026-07-18T11:37:48.721 RX LT,7213,29,171,72,173,-18,6,1,-137,0,0,0
2026-07-18T11:37:48.721 RX LT,7233,29,171,58,173,-18,6,1,-132,0,0,0
2026-07-18T11:37:48.850 RX LT,7253,29,171,68,163,-18,6,1,-127,0,0,0
2026-07-18T11:37:48.850 RX LT,7273,29,171,102,173,-18,6,1,-121,0,0,0
2026-07-18T11:37:48.850 RX LT,7293,29,171,60,173,-18,6,1,-116,0,0,0
2026-07-18T11:37:48.850 RX LT,7313,29,171,69,173,-18,6,1,-110,0,0,0
2026-07-18T11:37:48.850 RX LT,7333,29,171,69,173,-18,6,1,-105,0,0,0
2026-07-18T11:37:48.850 RX LT,7353,29,171,58,173,-18,6,1,-99,0,0,0
2026-07-18T11:37:48.981 RX LT,7373,29,171,68,173,-18,6,1,-94,0,0,0
2026-07-18T11:37:48.981 RX LT,7393,29,171,58,173,-18,6,1,-88,0,0,0
2026-07-18T11:37:48.981 RX LT,7413,29,171,101,173,-18,6,1,-83,0,0,0
2026-07-18T11:37:48.981 RX LT,7433,29,171,60,217,-18,6,1,-74,0,0,0
2026-07-18T11:37:48.982 RX LT,7453,29,171,58,165,-18,6,1,-68,0,0,0
2026-07-18T11:37:48.982 RX LT,7473,57,171,68,184,-11,4,1,-63,0,0,0
2026-07-18T11:37:49.106 RX LT,7493,57,171,58,174,-11,4,1,-57,0,0,0
2026-07-18T11:37:49.106 RX LT,7513,57,171,68,174,-11,4,1,-51,0,0,0
2026-07-18T11:37:49.106 RX LT,7533,73,167,102,174,-6,12,1,-46,0,0,0
2026-07-18T11:37:49.106 RX LT,7553,73,167,60,174,-6,12,1,-41,0,0,0
2026-07-18T11:37:49.106 RX LT,7573,73,167,58,174,-6,12,1,-36,0,0,0
2026-07-18T11:37:49.106 RX LT,7593,73,167,68,174,-6,12,1,-32,0,0,0
2026-07-18T11:37:49.251 RX LT,7613,73,167,102,184,-6,12,1,-27,0,0,0
2026-07-18T11:37:49.251 RX LT,7633,73,167,60,174,-6,12,1,-22,0,0,0
2026-07-18T11:37:49.251 RX LT,7653,73,167,101,174,-6,12,1,-16,0,0,0
2026-07-18T11:37:49.251 RX LT,7673,73,167,60,174,-6,12,1,-12,0,0,0
2026-07-18T11:37:49.251 RX LT,7693,73,167,69,174,-6,12,1,-7,0,0,0
2026-07-18T11:37:49.251 RX LT,7713,85,155,102,217,0,24,1,-3,0,0,0
2026-07-18T11:37:49.251 RX LT,7733,103,137,60,176,0,24,1,2,0,0,0
2026-07-18T11:37:49.380 RX LT,7753,120,120,69,174,0,24,1,6,0,0,0
2026-07-18T11:37:49.380 RX LT,7773,120,120,102,163,0,24,1,10,0,0,0
2026-07-18T11:37:49.381 RX LT,7793,125,115,104,129,3,56,1,14,0,0,0
2026-07-18T11:37:49.381 RX LT,7813,135,105,104,171,3,56,1,17,0,0,0
2026-07-18T11:37:49.381 RX LT,7833,138,102,104,162,3,56,1,20,0,0,0
2026-07-18T11:37:49.381 RX LT,7853,138,102,115,162,3,56,1,21,0,0,0
2026-07-18T11:37:49.381 TX SET LINEKP 8150 1343664784
2026-07-18T11:37:49.501 RX LT,7873,138,102,105,162,3,56,1,21,0,0,0
2026-07-18T11:37:49.501 RX LT,7893,138,102,115,118,3,56,1,20,0,0,0
2026-07-18T11:37:49.501 RX SA,1343664784,LINEKP,8150
2026-07-18T11:37:49.501 RX LT,7913,128,112,115,127,6,48,1,19,0,0,0
2026-07-18T11:37:49.501 RX LT,7933,144,96,105,116,6,48,1,18,0,0,0
2026-07-18T11:37:49.501 RX LT,7953,160,80,115,126,6,48,1,17,0,0,0
2026-07-18T11:37:49.501 RX LT,7973,167,73,115,73,6,48,1,14,0,0,0
2026-07-18T11:37:49.631 RX LT,7993,157,83,115,113,3,56,1,12,0,0,0
2026-07-18T11:37:49.631 RX LT,8013,147,93,159,115,3,56,1,9,0,0,0
2026-07-18T11:37:49.631 RX LT,8033,127,113,118,115,0,60,1,5,0,0,0
2026-07-18T11:37:49.631 RX LT,8053,120,120,116,115,0,62,0,1,0,0,0
2026-07-18T11:37:49.631 RX LT,8073,140,140,126,126,0,62,0,0,0,1,0
2026-07-18T11:37:49.631 RX LT,8093,140,140,116,116,0,62,0,0,0,1,0
2026-07-18T11:37:49.751 RX LT,8113,140,140,159,116,0,62,0,0,0,1,0
2026-07-18T11:37:49.751 RX LT,8133,-185,185,118,126,0,31,0,-1,0,2,1
2026-07-18T11:37:49.751 RX LT,8153,-185,185,61,127,-18,15,1,-2,0,2,4
2026-07-18T11:37:49.751 RX LT,8173,-185,185,3,127,-24,7,1,-1,0,2,5
2026-07-18T11:37:49.751 RX LT,8193,-185,185,0,171,-24,7,1,6,0,2,7
2026-07-18T11:37:49.751 RX LT,8213,-185,185,0,217,-24,7,1,16,0,2,9
2026-07-18T11:37:49.881 RX LT,8233,-185,185,54,176,-24,7,1,29,0,2,11
2026-07-18T11:37:49.881 RX LT,8253,-185,185,101,130,-24,7,1,44,0,2,13
2026-07-18T11:37:49.881 RX LT,8273,-185,185,104,214,-24,7,1,59,0,2,16
2026-07-18T11:37:49.881 RX LT,8293,-185,185,104,176,-24,7,1,83,0,2,19
2026-07-18T11:37:49.881 RX LT,8313,-185,185,115,217,-24,7,1,101,0,2,22
2026-07-18T11:37:49.881 RX LT,8333,-185,185,115,176,-18,6,1,119,0,2,25
2026-07-18T11:37:50.002 RX LT,8353,-185,185,115,185,-18,6,1,138,0,2,28
2026-07-18T11:37:50.002 RX LT,8373,-185,185,170,185,-18,6,1,158,0,2,32
2026-07-18T11:37:50.002 RX LT,8393,-185,185,162,185,-6,12,1,178,0,2,35
2026-07-18T11:37:50.002 RX LT,8413,-185,185,173,185,-6,12,1,199,0,2,39
2026-07-18T11:37:50.002 RX LT,8433,-185,185,217,185,-6,12,1,220,0,2,43
2026-07-18T11:37:50.002 RX LT,8453,-185,185,220,218,-6,12,1,241,0,2,47
2026-07-18T11:37:50.116 RX LT,8473,-185,185,187,176,0,24,1,264,0,2,51
2026-07-18T11:37:50.116 RX LT,8493,-185,185,229,185,0,24,1,297,0,2,55
2026-07-18T11:37:50.116 RX LT,8513,-183,183,242,174,0,24,1,308,0,2,60
2026-07-18T11:37:50.117 RX LT,8533,-181,181,276,184,2,16,1,331,0,2,64
2026-07-18T11:37:50.117 RX LT,8553,-125,125,278,174,6,48,1,353,0,2,68
2026-07-18T11:37:50.241 RX LT,8573,-105,105,234,163,6,48,1,365,0,2,72
2026-07-18T11:37:50.241 RX TURN CAPTURE,1,386,76,48,6
2026-07-18T11:37:50.241 RX LT,8593,0,0,232,173,6,48,1,386,0,5,76
2026-07-18T11:37:50.241 RX LT,8613,0,0,221,119,11,32,1,407,0,5,80
2026-07-18T11:37:50.241 RX LT,8633,0,0,187,83,11,32,1,425,0,5,83
2026-07-18T11:37:50.241 RX LT,8653,0,0,218,113,23,96,1,441,0,5,86
2026-07-18T11:37:50.241 RX LT,8673,0,0,176,115,23,96,1,454,0,5,89
2026-07-18T11:37:50.381 RX LT,8693,0,0,174,115,23,96,1,466,0,5,92
2026-07-18T11:37:50.381 RX LT,8713,0,0,130,115,23,96,1,480,0,5,95
2026-07-18T11:37:50.381 RX LT,8733,0,0,127,105,36,64,1,487,0,5,96
2026-07-18T11:37:50.381 RX LT,8753,0,0,116,104,36,64,1,493,0,5,99
2026-07-18T11:37:50.381 RX LT,8773,0,0,116,60,36,64,1,496,0,5,100
2026-07-18T11:37:50.381 RX LT,8793,0,0,61,58,36,64,1,497,0,5,102
2026-07-18T11:37:50.381 RX LT,8813,0,0,69,14,36,64,1,497,0,5,103
2026-07-18T11:37:50.531 RX LT,8833,0,0,58,11,36,64,1,495,0,5,104
2026-07-18T11:37:50.531 RX LT,8853,0,0,47,11,36,64,1,491,0,5,104
2026-07-18T11:37:50.532 RX LT,8873,0,0,2,11,36,64,1,486,0,5,105
2026-07-18T11:37:50.532 RX LT,8893,0,0,11,0,36,64,1,480,0,5,105
2026-07-18T11:37:50.532 RX LT,8913,0,0,0,0,36,64,1,467,0,5,105
2026-07-18T11:37:50.532 RX LT,8933,0,0,0,0,36,64,1,458,0,5,105
2026-07-18T11:37:50.712 RX LT,8953,0,0,0,0,36,64,1,450,0,5,105
2026-07-18T11:37:50.712 RX LT,8973,0,0,0,0,36,64,1,441,0,5,105
2026-07-18T11:37:50.713 RX LT,8993,0,0,0,0,36,64,1,434,0,5,105
2026-07-18T11:37:50.713 RX LT,9013,0,0,0,0,36,64,1,427,0,5,105
2026-07-18T11:37:50.713 RX LT,9033,0,0,0,0,36,64,1,420,0,5,105
2026-07-18T11:37:50.713 RX SQUARE ERROR,GIMBAL CAPTURE LINE LOST
2026-07-18T11:37:50.713 TX STOP
2026-07-18T11:37:50.713 TX STOP
2026-07-18T11:37:50.851 RX OK STOP
2026-07-18T11:37:50.851 RX OK STOP
2026-07-18T11:37:50.851 TX PROFILE GIMBAL
2026-07-18T11:37:50.906 RX OK PROFILE GIMBAL FLASH 3
2026-07-18T11:37:50.906 TX PARAM
2026-07-18T11:37:51.060 RX PARAM,x1000,PROFILE,1,FLASHVER,3,GUARDVER,20,LKP,350,LKI,100,RKP,500,RKI,350,LFF,460,RFF,437,LMIN,32,RMIN,26,SYNC,1000,BIAS,50,GSTART,10,LINEKP,6750,LINEKD,2000,TURNANGLE,900,TURNFAST,185,TURNSLOW,140,TURNMARGIN,180,TURNEXIT,140,TURNDIST,98
2026-07-18T11:37:51.060 RX PARAM,x1000,PROFILE,1,FLASHVER,3,GUARDVER,20,LKP,350,LKI,100,RKP,500,RKI,350,LFF,460,RFF,437,LMIN,32,RMIN,26,SYNC,1000,BIAS,50,GSTART,10,LINEKP,6750,LINEKD,2000,TURNANGLE,900,TURNFAST,185,TURNSLOW,140,TURNMARGIN,180,TURNEXIT,140,TURNDIST,98
2026-07-18T11:37:51.060 TX SET TURNSLOW 80 1343664785
2026-07-18T11:37:51.186 RX SA,1343664785,TURNSLOW,80
2026-07-18T11:37:51.186 TX SET LKP 350 1343664786
2026-07-18T11:37:51.321 RX SA,1343664786,LKP,350
2026-07-18T11:37:51.321 TX SET LKI 100 1343664787
2026-07-18T11:37:51.451 RX SA,1343664787,LKI,100
2026-07-18T11:37:51.451 TX SET LFF 460 1343664788
2026-07-18T11:37:52.106 TX SET LFF 460 1343664788
2026-07-18T11:37:52.241 RX ERR COMMAND; SEND HELP
2026-07-18T11:37:52.291 TX SET LFF 460 1343664789
2026-07-18T11:37:52.417 RX SA,1343664789,LFF,460
2026-07-18T11:37:52.417 TX SET LMIN 32 1343664790
2026-07-18T11:37:52.557 RX SA,1343664790,LMIN,32
2026-07-18T11:37:52.557 TX SET RKP 500 1343664791
2026-07-18T11:37:52.697 RX SA,1343664791,RKP,500
2026-07-18T11:37:52.697 TX SET RKI 350 1343664792
2026-07-18T11:37:52.837 RX SA,1343664792,RKI,350
2026-07-18T11:37:52.837 TX SET RFF 437 1343664793
2026-07-18T11:37:52.976 RX SA,1343664793,RFF,437
2026-07-18T11:37:52.976 TX SET RMIN 26 1343664794
2026-07-18T11:37:53.117 RX SA,1343664794,RMIN,26
2026-07-18T11:37:53.117 TX SET SYNC 1000 1343664795
2026-07-18T11:37:53.250 RX SA,1343664795,SYNC,1000
2026-07-18T11:37:53.250 TX SET BIAS 50 1343664796
2026-07-18T11:37:53.391 RX SA,1343664796,BIAS,50
2026-07-18T11:37:53.391 TX SET LINEKP 6750 1343664797
2026-07-18T11:37:53.516 RX SA,1343664797,LINEKP,6750
2026-07-18T11:37:53.516 TX SET LINEKD 2000 1343664798
2026-07-18T11:37:53.660 RX SA,1343664798,LINEKD,2000
2026-07-18T11:37:53.660 TX SET TURNANGLE 900 1343664799
2026-07-18T11:37:53.797 RX SA,1343664799,TURNANGLE,900
2026-07-18T11:37:53.797 TX SET TURNFAST 185 1343664800
2026-07-18T11:37:53.937 RX SA,1343664800,TURNFAST,185
2026-07-18T11:37:53.937 TX SET TURNMARGIN 180 1343664801
2026-07-18T11:37:54.071 RX SA,1343664801,TURNMARGIN,180
2026-07-18T11:37:54.071 TX SET TURNEXIT 140 1343664802
2026-07-18T11:37:54.211 RX SA,1343664802,TURNEXIT,140
2026-07-18T11:37:54.211 TX SET TURNDIST 98 1343664803
2026-07-18T11:37:54.340 RX SA,1343664803,TURNDIST,98
2026-07-18T11:37:54.341 TX SET GSTART 0 1343664804
2026-07-18T11:37:54.471 RX SA,1343664804,GSTART,0
2026-07-18T11:37:54.471 TX SET TURNSLOW 140 1343664805
2026-07-18T11:37:54.601 RX SA,1343664805,TURNSLOW,140
2026-07-18T11:37:54.601 TX STOP
