2026-07-18T11:34:49.209 TX HELLO 964002908
2026-07-18T11:34:49.354 RX HELLO,964002908,2,STBY,HIGH,ENCODER_MM_X1000,580,SAMPLE_MS,10
2026-07-18T11:34:49.354 TX STOP
2026-07-18T11:34:49.495 RX OK STOP
2026-07-18T11:34:49.495 TX PARAM
2026-07-18T11:34:49.655 RX PARAM,x1000,PROFILE,1,FLASHVER,3,GUARDVER,20,LKP,350,LKI,100,RKP,500,RKI,350,LFF,540,RFF,520,LMIN,90,RMIN,85,SYNC,500,BIAS,80,GSTART,10,LINEKP,8250,LINEKD,2250,TURNANGLE,900,TURNFAST,185,TURNSLOW,140,TURNMARGIN,180,TURNEXIT,140,TURNDIST,98
2026-07-18T11:34:49.655 TX STATUS
2026-07-18T11:34:49.789 RX STATUS,170044,IDLE,0,0,0,0,0,0,SAFE,SELECTED_LAPS,1,STBY,HIGH
2026-07-18T11:34:49.789 TX SENSOR
2026-07-18T11:34:49.920 RX SENSOR,OK,56,0,93,0,56
2026-07-18T11:34:49.920 TX SENSOR
2026-07-18T11:34:50.040 RX SENSOR,OK,56,0,93,0,56
2026-07-18T11:34:50.040 TX SENSOR
2026-07-18T11:34:50.174 RX SENSOR,OK,56,0,93,0,56
2026-07-18T11:34:50.174 TX SENSOR
2026-07-18T11:34:50.291 RX SENSOR,OK,56,0,93,0,56
2026-07-18T11:34:50.291 TX SENSOR
2026-07-18T11:34:50.410 RX SENSOR,OK,56,0,93,0,56
2026-07-18T11:34:50.410 TX IMU
2026-07-18T11:34:50.539 RX IMU,OK,-812,16218,257,VER,1,1,0,0
2026-07-18T11:34:50.539 TX STREAM TUNE
2026-07-18T11:34:50.669 RX OK STREAM TUNE
2026-07-18T11:34:50.669 TX SQUARE 120 3 964002909
2026-07-18T11:34:50.841 RX TEST START,SQUARE,120,3
2026-07-18T11:34:50.841 RX SQ,964002909,OK
2026-07-18T11:34:50.841 RX LT,20,12,0,0,0,3,56,1,0,0,0,0
2026-07-18T11:34:50.841 RX LT,40,22,0,10,0,3,56,1,0,0,0,0
2026-07-18T11:34:50.841 RX LT,60,24,0,0,0,3,56,1,-1,0,0,0
2026-07-18T11:34:50.841 RX LT,80,27,0,0,0,3,56,1,-1,0,0,0
2026-07-18T11:34:50.841 RX LT,100,29,0,43,0,3,56,1,-1,0,0,0
2026-07-18T11:34:50.841 RX LT,120,32,0,2,0,3,56,1,-1,0,0,0
2026-07-18T11:34:51.009 RX LT,140,34,0,0,0,3,56,1,-2,0,0,0
2026-07-18T11:34:51.009 RX LT,160,36,0,0,0,3,56,1,-2,0,0,0
2026-07-18T11:34:51.009 RX LT,180,39,3,0,0,3,56,1,-1,0,0,0
2026-07-18T11:34:51.009 RX LT,200,41,5,0,54,3,56,1,-2,0,0,0
2026-07-18T11:34:51.009 RX LT,220,44,8,0,46,3,56,1,-1,0,0,0
2026-07-18T11:34:51.009 RX LT,240,46,10,0,2,3,56,1,0,0,0,0
2026-07-18T11:34:51.009 RX LT,260,48,12,0,0,3,56,1,1,0,0,0
2026-07-18T11:34:51.009 RX LT,280,51,15,0,10,3,56,1,2,0,0,0
2026-07-18T11:34:51.159 RX LT,300,53,17,0,0,3,56,1,2,0,0,0
2026-07-18T11:34:51.159 RX LT,320,56,20,43,0,3,56,1,2,0,0,0
2026-07-18T11:34:51.159 RX LT,340,58,22,2,0,3,56,1,3,0,0,0
2026-07-18T11:34:51.159 RX LT,360,60,24,0,0,3,56,1,3,0,0,0
2026-07-18T11:34:51.159 RX LT,380,63,27,0,10,3,56,1,3,0,0,0
2026-07-18T11:34:51.159 RX LT,400,65,29,0,0,3,56,1,4,0,0,0
2026-07-18T11:34:51.159 RX LT,420,68,32,0,0,3,56,1,4,0,0,0
2026-07-18T11:34:51.319 RX LT,440,70,34,0,0,3,56,1,4,0,0,0
2026-07-18T11:34:51.319 RX LT,460,72,36,0,0,3,56,1,4,0,0,0
2026-07-18T11:34:51.319 RX LT,480,75,39,0,0,3,56,1,4,0,0,0
2026-07-18T11:34:51.329 RX LT,500,77,41,0,0,3,56,1,4,0,0,0
2026-07-18T11:34:51.329 RX LT,520,80,44,0,0,3,56,1,5,0,0,0
2026-07-18T11:34:51.330 RX LT,540,82,46,0,0,3,56,1,5,0,0,0
2026-07-18T11:34:51.330 RX LT,560,84,48,43,0,3,56,1,5,0,0,0
2026-07-18T11:34:51.330 RX LT,580,87,51,2,10,3,56,1,5,0,0,0
2026-07-18T11:34:51.469 RX LT,600,89,53,0,0,3,56,1,4,0,0,0
2026-07-18T11:34:51.469 RX LT,620,92,56,10,43,3,56,1,4,0,0,0
2026-07-18T11:34:51.469 RX LT,640,94,58,0,2,3,56,1,5,0,0,0
2026-07-18T11:34:51.469 RX LT,660,96,60,43,11,3,56,1,6,0,0,0
2026-07-18T11:34:51.469 RX LT,680,99,63,2,11,3,56,1,6,0,0,0
2026-07-18T11:34:51.469 RX LT,700,101,65,11,44,3,56,1,6,0,0,0
2026-07-18T11:34:51.469 RX LT,720,104,68,11,46,3,56,1,6,0,0,0
2026-07-18T11:34:51.469 RX LT,740,106,70,11,46,3,56,1,6,0,0,0
2026-07-18T11:34:51.642 RX LT,760,108,72,11,46,3,56,1,5,0,0,0
2026-07-18T11:34:51.642 RX LT,780,111,75,55,13,3,56,1,4,0,0,0
2026-07-18T11:34:51.642 RX LT,800,113,77,46,55,3,56,1,4,0,0,0
2026-07-18T11:34:51.642 RX LT,820,116,80,57,57,3,56,1,4,0,0,0
2026-07-18T11:34:51.642 RX LT,840,118,82,57,57,3,56,1,3,0,0,0
2026-07-18T11:34:51.642 RX LT,860,120,84,57,57,3,56,1,2,0,0,0
2026-07-18T11:34:51.642 RX LT,880,123,87,101,57,3,56,1,1,0,0,0
2026-07-18T11:34:51.759 RX LT,900,107,107,60,57,0,24,1,0,0,0,0
2026-07-18T11:34:51.759 RX LT,920,110,110,101,57,0,24,1,-1,0,0,0
2026-07-18T11:34:51.769 RX LT,940,112,112,60,68,0,24,1,-1,0,0,0
2026-07-18T11:34:51.769 RX LT,960,114,114,69,69,0,24,1,-1,0,0,0
2026-07-18T11:34:51.769 RX LT,980,117,117,102,113,0,24,1,0,0,0,0
2026-07-18T11:34:51.770 RX LT,1000,119,119,60,115,0,24,1,1,0,0,0
2026-07-18T11:34:51.910 RX LT,1020,120,120,69,126,0,24,1,4,0,0,0
2026-07-18T11:34:51.910 RX LT,1040,120,120,69,160,0,24,1,11,0,0,0
2026-07-18T11:34:51.910 RX LT,1060,130,110,113,162,3,56,1,10,0,0,0
2026-07-18T11:34:51.910 RX LT,1080,138,102,104,162,3,56,1,12,0,0,0
2026-07-18T11:34:51.910 RX LT,1100,146,94,71,129,6,48,1,15,0,0,0
2026-07-18T11:34:51.910 RX LT,1120,162,78,113,127,6,48,1,18,0,0,0
2026-07-18T11:34:51.910 RX LT,1140,167,73,115,127,6,48,1,20,0,0,0
2026-07-18T11:34:52.039 RX LT,1160,167,73,115,127,6,48,1,21,0,0,0
2026-07-18T11:34:52.039 RX LT,1180,167,73,115,127,6,48,1,22,0,0,0
2026-07-18T11:34:52.039 RX LT,1200,167,73,126,127,6,48,1,22,0,0,0
2026-07-18T11:34:52.039 RX LT,1220,167,73,160,127,6,48,1,21,0,0,0
2026-07-18T11:34:52.039 RX LT,1240,167,73,162,127,6,48,1,20,0,0,0
2026-07-18T11:34:52.039 RX LT,1260,167,73,162,127,6,48,1,17,0,0,0
2026-07-18T11:34:52.169 RX LT,1280,167,73,162,127,6,48,1,15,0,0,0
2026-07-18T11:34:52.169 RX LT,1300,167,73,173,160,6,48,1,12,0,0,0
2026-07-18T11:34:52.169 RX LT,1320,167,73,163,162,6,48,1,10,0,0,0
2026-07-18T11:34:52.169 RX LT,1340,167,73,129,118,6,48,1,7,0,0,0
2026-07-18T11:34:52.169 RX LT,1360,167,73,171,127,6,48,1,5,0,0,0
2026-07-18T11:34:52.169 RX LT,1380,167,73,173,160,6,48,1,2,0,0,0
2026-07-18T11:34:52.169 RX LT,1400,167,73,173,162,6,48,1,-1,0,0,0
2026-07-18T11:34:52.309 RX LT,1420,167,73,173,118,6,48,1,-4,0,0,0
2026-07-18T11:34:52.309 RX LT,1440,167,73,173,127,6,48,1,-8,0,0,0
2026-07-18T11:34:52.309 RX LT,1460,167,73,173,160,6,48,1,-11,0,0,0
2026-07-18T11:34:52.309 RX LT,1480,167,73,173,118,6,48,1,-16,0,0,0
2026-07-18T11:34:52.309 RX LT,1500,167,73,217,159,6,48,1,-21,0,0,0
2026-07-18T11:34:52.309 RX LT,1520,167,73,176,118,6,48,1,-25,0,0,0
2026-07-18T11:34:52.439 RX LT,1540,167,73,217,116,6,48,1,-30,0,0,0
2026-07-18T11:34:52.439 RX LT,1560,167,73,176,126,6,48,1,-32,0,0,0
2026-07-18T11:34:52.439 RX LT,1580,167,73,217,160,6,48,1,-36,0,0,0
2026-07-18T11:34:52.439 RX LT,1600,167,73,220,118,6,48,1,-40,0,0,0
2026-07-18T11:34:52.439 RX LT,1620,167,73,176,159,6,48,1,-44,0,0,0
2026-07-18T11:34:52.439 RX LT,1640,167,73,185,118,6,48,1,-48,0,0,0
2026-07-18T11:34:52.565 RX LT,1660,167,73,185,159,6,48,1,-53,0,0,0
2026-07-18T11:34:52.565 RX LT,1680,167,73,185,118,6,48,1,-57,0,0,0
2026-07-18T11:34:52.565 RX LT,1700,167,73,185,127,6,48,1,-64,0,0,0
2026-07-18T11:34:52.565 RX LT,1720,167,73,185,116,6,48,1,-68,0,0,0
2026-07-18T11:34:52.565 RX LT,1740,167,73,185,159,6,48,1,-73,0,0,0
2026-07-18T11:34:52.565 RX LT,1760,157,83,185,118,3,56,1,-77,0,0,0
2026-07-18T11:34:52.690 RX LT,1780,147,93,185,116,3,56,1,-81,0,0,0
2026-07-18T11:34:52.690 RX LT,1800,138,102,185,126,3,56,1,-84,0,0,0
2026-07-18T11:34:52.690 RX LT,1820,138,102,218,160,3,56,1,-88,0,0,0
2026-07-18T11:34:52.690 RX LT,1840,138,102,176,118,3,56,1,-91,0,0,0
2026-07-18T11:34:52.690 RX LT,1860,138,102,185,159,3,56,1,-94,0,0,0
2026-07-18T11:34:52.690 RX LT,1880,128,112,218,162,0,24,1,-96,0,0,0
2026-07-18T11:34:52.819 RX LT,1900,120,120,176,118,0,24,1,-98,0,0,0
2026-07-18T11:34:52.819 RX LT,1920,120,120,217,159,0,24,1,-101,0,0,0
2026-07-18T11:34:52.819 RX LT,1940,120,120,176,162,0,24,1,-102,0,0,0
2026-07-18T11:34:52.819 RX LT,1960,120,120,174,118,0,24,1,-103,0,0,0
2026-07-18T11:34:52.819 RX LT,1980,120,120,217,127,0,24,1,-105,0,0,0
2026-07-18T11:34:52.819 RX LT,2000,120,120,176,127,0,24,1,-105,0,0,0
2026-07-18T11:34:52.940 RX LT,2020,120,120,174,127,0,24,1,-106,0,0,0
2026-07-18T11:34:52.940 RX LT,2040,110,130,174,127,-3,28,1,-106,0,0,0
2026-07-18T11:34:52.940 RX LT,2060,102,138,174,127,-3,28,1,-106,0,0,0
2026-07-18T11:34:52.940 RX LT,2080,102,138,174,171,-3,28,1,-106,0,0,0
2026-07-18T11:34:52.940 RX LT,2100,86,154,119,162,-6,12,1,-104,0,0,0
2026-07-18T11:34:52.940 RX LT,2120,73,167,127,173,-6,12,1,-101,0,0,0
2026-07-18T11:34:53.069 RX LT,2140,73,167,127,163,-6,12,1,-98,0,0,0
2026-07-18T11:34:53.069 RX LT,2160,73,167,127,173,-6,12,1,-95,0,0,0
2026-07-18T11:34:53.069 RX LT,2180,73,167,127,173,-6,12,1,-92,0,0,0
2026-07-18T11:34:53.069 RX LT,2200,73,167,160,173,-6,12,1,-89,0,0,0
2026-07-18T11:34:53.069 RX LT,2220,73,167,162,141,-6,12,1,-85,0,0,0
2026-07-18T11:34:53.069 RX LT,2240,73,167,118,215,-6,12,1,-81,0,0,0
2026-07-18T11:34:53.197 RX LT,2260,73,167,127,176,-6,12,1,-78,0,0,0
2026-07-18T11:34:53.197 RX LT,2280,73,167,160,174,-6,12,1,-74,0,0,0
2026-07-18T11:34:53.197 RX LT,2300,73,167,162,184,-6,12,1,-71,0,0,0
2026-07-18T11:34:53.197 RX LT,2320,73,167,162,174,-6,12,1,-67,0,0,0
2026-07-18T11:34:53.197 RX LT,2340,73,167,118,184,-6,12,1,-61,0,0,0
2026-07-18T11:34:53.197 RX LT,2360,73,167,127,218,-6,12,1,-58,0,0,0
2026-07-18T11:34:53.342 RX LT,2380,85,155,127,176,0,44,1,-54,0,0,0
2026-07-18T11:34:53.342 RX LT,2400,103,137,160,217,0,44,1,-51,0,0,0
2026-07-18T11:34:53.344 RX LT,2420,120,120,129,176,0,44,1,-48,0,0,0
2026-07-18T11:34:53.344 RX LT,2440,120,120,127,185,0,44,1,-45,0,0,0
2026-07-18T11:34:53.344 RX LT,2460,120,120,127,174,0,44,1,-43,0,0,0
2026-07-18T11:34:53.344 RX LT,2480,120,120,171,174,0,44,1,-41,0,0,0
2026-07-18T11:34:53.344 RX LT,2500,120,120,162,174,0,60,1,-40,0,0,0
2026-07-18T11:34:53.349 TX SET LINEKD 2150 964002910
2026-07-18T11:34:53.439 RX LT,2520,120,120,129,184,0,60,1,-39,0,0,0
2026-07-18T11:34:53.439 RX LT,2540,120,120,171,174,0,60,1,-38,0,0,0
2026-07-18T11:34:53.439 RX SA,964002910,LINEKD,2150
2026-07-18T11:34:53.449 RX LT,2560,120,120,162,174,0,60,1,-37,0,0,0
2026-07-18T11:34:53.449 RX LT,2580,115,125,129,174,-3,28,1,-37,0,0,0
2026-07-18T11:34:53.449 RX LT,2600,99,141,171,174,-6,12,1,-37,0,0,0
2026-07-18T11:34:53.573 RX LT,2620,83,157,162,217,-6,12,1,-37,0,0,0
2026-07-18T11:34:53.573 RX LT,2640,73,167,162,176,-6,12,1,-36,0,0,0
2026-07-18T11:34:53.573 RX LT,2660,73,167,162,174,-6,12,1,-35,0,0,0
2026-07-18T11:34:53.573 RX LT,2680,73,167,162,184,-6,12,1,-33,0,0,0
2026-07-18T11:34:53.574 RX LT,2700,73,167,118,218,-6,12,1,-30,0,0,0
2026-07-18T11:34:53.574 RX LT,2720,73,167,127,176,-6,12,1,-28,0,0,0
2026-07-18T11:34:53.701 RX LT,2740,73,167,160,185,-6,12,1,-25,0,0,0
2026-07-18T11:34:53.702 RX LT,2760,73,167,118,218,-6,12,1,-21,0,0,0
2026-07-18T11:34:53.702 RX LT,2780,73,167,127,220,-6,12,1,-18,0,0,0
2026-07-18T11:34:53.702 RX LT,2800,73,167,160,176,-6,12,1,-16,0,0,0
2026-07-18T11:34:53.703 RX LT,2820,73,167,118,185,-6,12,1,-13,0,0,0
2026-07-18T11:34:53.703 RX LT,2840,73,167,127,218,-6,12,1,-11,0,0,0
2026-07-18T11:34:53.847 RX LT,2860,73,167,160,220,-6,12,1,-9,0,0,0
2026-07-18T11:34:53.847 RX LT,2880,73,167,118,176,-6,12,1,-5,0,0,0
2026-07-18T11:34:53.847 RX LT,2900,73,167,116,185,-6,12,1,-2,0,0,0
2026-07-18T11:34:53.847 RX LT,2920,79,161,159,218,-3,28,1,1,0,0,0
2026-07-18T11:34:53.847 RX LT,2940,88,152,118,220,-3,28,1,4,0,0,0
2026-07-18T11:34:53.847 RX LT,2960,98,142,127,176,-3,28,1,6,0,0,0
2026-07-18T11:34:53.847 RX LT,2980,112,128,116,185,0,24,1,9,0,0,0
2026-07-18T11:34:53.969 RX LT,3000,120,120,126,174,0,24,1,11,0,0,0
2026-07-18T11:34:53.969 RX LT,3020,120,120,160,174,0,24,1,12,0,0,0
2026-07-18T11:34:53.969 RX LT,3040,120,120,162,174,0,24,1,13,0,0,0
2026-07-18T11:34:53.969 RX LT,3060,120,120,118,174,0,24,1,13,0,0,0
2026-07-18T11:34:53.969 RX LT,3080,120,120,127,174,0,24,1,13,0,0,0
2026-07-18T11:34:53.969 RX LT,3100,120,120,160,174,0,24,1,13,0,0,0
2026-07-18T11:34:54.089 RX LT,3120,120,120,162,174,0,24,1,13,0,0,0
2026-07-18T11:34:54.089 RX LT,3140,120,120,118,174,0,24,1,13,0,0,0
2026-07-18T11:34:54.089 RX LT,3160,120,120,159,174,0,24,1,13,0,0,0
2026-07-18T11:34:54.089 RX LT,3180,120,120,162,174,0,24,1,13,0,0,0
2026-07-18T11:34:54.089 RX LT,3200,120,120,118,163,0,24,1,12,0,0,0
2026-07-18T11:34:54.089 RX LT,3220,130,110,127,173,3,56,1,11,0,0,0
2026-07-18T11:34:54.240 RX LT,3240,138,102,127,173,3,56,1,11,0,0,0
2026-07-18T11:34:54.240 RX LT,3260,146,94,160,163,6,48,1,10,0,0,0
2026-07-18T11:34:54.240 RX LT,3280,162,78,129,162,6,48,1,8,0,0,0
2026-07-18T11:34:54.240 RX LT,3300,167,73,127,118,6,48,1,6,0,0,0
2026-07-18T11:34:54.240 RX LT,3320,167,73,127,159,6,48,1,4,0,0,0
2026-07-18T11:34:54.240 RX LT,3340,167,73,171,162,6,48,1,1,0,0,0
2026-07-18T11:34:54.240 RX LT,3360,167,73,173,118,6,48,1,-3,0,0,0
2026-07-18T11:34:54.369 RX LT,3380,167,73,173,116,6,48,1,-5,0,0,0
2026-07-18T11:34:54.369 RX LT,3400,167,73,163,126,6,48,1,-13,0,0,0
2026-07-18T11:34:54.369 RX LT,3420,167,73,140,116,6,48,1,-18,0,0,0
2026-07-18T11:34:54.369 RX LT,3440,167,73,171,116,6,48,1,-23,0,0,0
2026-07-18T11:34:54.369 RX LT,3460,167,73,184,116,6,48,1,-29,0,0,0
2026-07-18T11:34:54.369 RX LT,3480,167,73,174,116,6,48,1,-35,0,0,0
2026-07-18T11:34:54.499 RX LT,3500,167,73,174,126,6,48,1,-41,0,0,0
2026-07-18T11:34:54.499 RX LT,3520,167,73,184,105,6,48,1,-46,0,0,0
2026-07-18T11:34:54.499 RX LT,3543,167,73,176,113,6,48,1,-53,0,0,0
2026-07-18T11:34:54.499 RX LT,3563,167,73,217,148,6,48,1,-59,0,0,0
2026-07-18T11:34:54.500 RX LT,3583,167,73,220,107,6,48,1,-66,0,0,0
2026-07-18T11:34:54.503 RX LT,3603,167,73,176,104,6,48,1,-72,0,0,0
2026-07-18T11:34:54.621 RX LT,3623,167,73,185,115,6,48,1,-79,0,0,0
2026-07-18T11:34:54.621 RX LT,3643,167,73,185,83,6,48,1,-86,0,0,0
2026-07-18T11:34:54.621 RX LT,3663,167,73,218,113,6,48,1,-94,0,0,0
2026-07-18T11:34:54.629 RX LT,3683,167,73,176,104,6,48,1,-100,0,0,0
2026-07-18T11:34:54.629 RX LT,3703,167,73,185,71,6,48,1,-107,0,0,0
2026-07-18T11:34:54.629 RX LT,3723,157,83,185,113,3,56,1,-115,0,0,0
2026-07-18T11:34:54.749 RX LT,3743,147,93,218,115,3,56,1,-120,0,0,0
2026-07-18T11:34:54.749 RX LT,3763,138,102,176,72,3,56,1,-125,0,0,0
2026-07-18T11:34:54.749 RX LT,3783,138,102,185,80,3,56,1,-129,0,0,0
2026-07-18T11:34:54.749 RX LT,3803,128,112,185,113,0,24,1,-134,0,0,0
2026-07-18T11:34:54.749 RX LT,3823,120,120,174,115,0,24,1,-139,0,0,0
2026-07-18T11:34:54.749 RX LT,3843,120,120,174,159,0,24,1,-142,0,0,0
2026-07-18T11:34:54.875 RX LT,3863,120,120,174,107,0,24,1,-144,0,0,0
2026-07-18T11:34:54.875 RX LT,3883,120,120,184,115,0,24,1,-147,0,0,0
2026-07-18T11:34:54.879 RX LT,3903,120,120,174,115,0,24,1,-150,0,0,0
2026-07-18T11:34:54.879 RX LT,3923,120,120,174,115,0,24,1,-152,0,0,0
2026-07-18T11:34:54.879 RX LT,3943,120,120,217,115,0,24,1,-157,0,0,0
2026-07-18T11:34:54.879 RX LT,3963,115,125,176,115,-3,28,1,-160,0,0,0
2026-07-18T11:34:55.000 RX LT,3983,100,136,174,115,-9,30,1,-163,0,0,0
2026-07-18T11:34:55.000 RX LT,4003,84,152,174,148,-9,30,1,-166,0,0,0
2026-07-18T11:34:55.000 RX LT,4023,85,155,174,74,0,62,0,-169,0,0,0
2026-07-18T11:34:55.009 RX LT,4043,140,140,174,124,0,62,0,0,0,1,0
2026-07-18T11:34:55.009 RX LT,4063,140,140,174,116,0,62,0,0,0,1,0
2026-07-18T11:34:55.010 TX SET LINEKD 2250 964002911
2026-07-18T11:34:55.010 RX LT,4083,140,140,174,116,0,62,0,0,0,1,0
2026-07-18T11:34:55.129 RX LT,4103,-185,185,174,116,0,60,1,-1,0,2,1
2026-07-18T11:34:55.129 RX LT,4123,-185,185,76,126,0,44,1,-3,0,2,4
2026-07-18T11:34:55.130 RX SA,964002911,LINEKD,2250
2026-07-18T11:34:55.130 RX LT,4143,-185,185,4,116,-6,12,1,-4,0,2,5
2026-07-18T11:34:55.130 RX LT,4163,-185,185,11,170,-6,12,1,7,0,2,7
2026-07-18T11:34:55.131 RX LT,4183,-185,185,0,173,-6,12,1,21,0,2,8
2026-07-18T11:34:55.131 RX LT,4203,-185,185,43,173,-6,12,1,38,0,2,11
2026-07-18T11:34:55.250 RX LT,4223,-185,185,111,163,-6,12,1,57,0,2,13
2026-07-18T11:34:55.250 RX LT,4243,-185,185,72,129,-6,12,1,75,0,2,16
2026-07-18T11:34:55.250 RX LT,4263,-185,185,113,182,-2,8,1,94,0,2,18
2026-07-18T11:34:55.250 RX LT,4283,-185,185,115,131,0,24,1,113,0,2,21
2026-07-18T11:34:55.250 RX LT,4303,-185,185,115,214,0,24,1,133,0,2,24
2026-07-18T11:34:55.250 RX LT,4323,-185,185,159,176,0,24,1,152,0,2,28
2026-07-18T11:34:55.379 RX LT,4343,-185,185,162,185,0,24,1,172,0,2,31
2026-07-18T11:34:55.379 RX LT,4363,-185,185,162,174,2,16,1,202,0,2,34
2026-07-18T11:34:55.379 RX LT,4383,-185,185,173,217,6,48,1,223,0,2,38
2026-07-18T11:34:55.379 RX LT,4403,-185,185,173,176,6,48,1,243,0,2,41
2026-07-18T11:34:55.379 RX LT,4423,-185,185,173,217,6,48,1,264,0,2,45
2026-07-18T11:34:55.379 RX LT,4443,-185,185,184,176,6,48,1,285,0,2,49
2026-07-18T11:34:55.480 RX LT,4463,-184,184,185,217,6,48,1,306,0,2,54
2026-07-18T11:34:55.480 RX LT,4483,-181,181,229,176,11,32,1,327,0,2,57
2026-07-18T11:34:55.480 RX LT,4503,-178,178,220,174,23,96,1,347,0,2,61
2026-07-18T11:34:55.480 RX LT,4523,-176,176,274,174,23,96,1,367,0,2,65
2026-07-18T11:34:55.480 RX LT,4543,-115,115,234,174,23,96,1,388,0,2,70
2026-07-18T11:34:55.609 RX LT,4563,-100,100,406,304,36,64,1,417,0,3,74
2026-07-18T11:34:55.609 RX LT,4583,-100,100,242,171,36,64,1,436,0,3,77
2026-07-18T11:34:55.609 RX LT,4603,-100,100,189,119,36,64,1,454,0,3,81
2026-07-18T11:34:55.609 RX LT,4623,-100,100,185,127,36,64,1,468,0,3,84
2026-07-18T11:34:55.609 RX LT,4643,-100,100,220,118,0,0,0,475,0,3,85
2026-07-18T11:34:55.609 RX LT,4663,-100,100,220,118,0,0,0,495,0,3,91
2026-07-18T11:34:55.729 RX LT,4683,-100,100,176,116,0,0,0,508,0,3,94
2026-07-18T11:34:55.729 RX LT,4703,-100,100,217,126,0,0,0,525,0,3,97
2026-07-18T11:34:55.729 RX TURN ANGLE,1,530,99
2026-07-18T11:34:55.729 RX LT,4723,100,100,176,116,0,0,0,530,0,4,99
2026-07-18T11:34:55.729 RX LT,4743,100,100,76,116,0,0,0,530,0,4,99
2026-07-18T11:34:55.729 RX LT,4763,100,100,4,72,0,0,0,530,0,4,99
2026-07-18T11:34:55.729 RX LT,4783,100,100,1,105,0,0,0,530,0,4,99
2026-07-18T11:34:55.859 RX LT,4803,100,100,0,115,0,0,0,530,0,4,99
2026-07-18T11:34:55.859 RX LT,4823,100,100,0,115,0,0,0,530,0,4,99
2026-07-18T11:34:55.859 RX LT,4843,100,100,0,72,0,0,0,530,0,4,99
2026-07-18T11:34:55.859 RX LT,4863,100,100,0,113,0,0,0,530,0,4,99
2026-07-18T11:34:55.859 RX LT,4883,100,100,43,72,0,0,0,530,0,4,99
2026-07-18T11:34:55.859 RX LT,4903,100,100,46,113,0,0,0,530,0,4,99
2026-07-18T11:34:55.997 RX LT,4923,100,100,13,115,0,0,0,530,0,4,99
2026-07-18T11:34:55.997 RX LT,4943,100,100,55,105,0,0,0,530,0,4,99
2026-07-18T11:34:55.997 RX LT,4963,100,100,57,115,0,0,0,530,0,4,99
2026-07-18T11:34:55.997 RX LT,4983,100,100,57,115,0,0,0,530,0,4,99
2026-07-18T11:34:55.999 RX LT,5003,100,100,57,115,0,0,0,530,0,4,99
2026-07-18T11:34:55.999 RX LT,5023,100,100,57,148,0,0,0,530,0,4,99
2026-07-18T11:34:56.136 RX LT,5043,100,100,68,107,0,0,0,530,0,4,99
2026-07-18T11:34:56.136 RX LT,5063,100,100,58,126,0,0,0,530,0,4,99
2026-07-18T11:34:56.136 RX LT,5083,100,100,101,116,0,0,0,530,0,4,99
2026-07-18T11:34:56.137 RX LT,5103,100,100,60,116,0,0,0,530,0,4,99
2026-07-18T11:34:56.137 RX LT,5123,100,100,69,126,0,0,0,530,0,4,99
2026-07-18T11:34:56.137 RX LT,5143,100,100,102,116,0,0,0,530,0,4,99
2026-07-18T11:34:56.137 RX LT,5163,100,100,60,126,0,0,0,530,0,4,99
2026-07-18T11:34:56.254 RX LT,5183,100,100,69,160,0,0,0,530,0,4,99
2026-07-18T11:34:56.254 RX LT,5203,100,100,102,118,0,0,0,530,0,4,99
2026-07-18T11:34:56.254 RX LT,5223,100,100,60,127,0,0,0,530,0,4,99
2026-07-18T11:34:56.254 RX LT,5243,100,100,69,127,0,0,0,530,0,4,99
2026-07-18T11:34:56.254 RX LT,5263,100,100,69,127,0,0,0,530,0,4,99
2026-07-18T11:34:56.254 RX LT,5283,100,100,69,160,0,0,0,530,0,4,99
2026-07-18T11:34:56.399 RX LT,5303,100,100,69,162,0,0,0,530,0,4,99
2026-07-18T11:34:56.399 RX SQUARE ERROR,LINE LOST
2026-07-18T11:34:56.400 TX STOP
2026-07-18T11:34:56.400 TX STOP
2026-07-18T11:34:56.529 RX OK STOP
2026-07-18T11:34:56.529 RX OK STOP
2026-07-18T11:34:56.529 TX PROFILE GIMBAL
2026-07-18T11:34:56.585 RX OK PROFILE GIMBAL FLASH 3
2026-07-18T11:34:56.585 TX PARAM
2026-07-18T11:34:56.736 RX PARAM,x1000,PROFILE,1,FLASHVER,3,GUARDVER,20,LKP,350,LKI,100,RKP,500,RKI,350,LFF,460,RFF,437,LMIN,32,RMIN,26,SYNC,1000,BIAS,50,GSTART,10,LINEKP,6750,LINEKD,2000,TURNANGLE,900,TURNFAST,185,TURNSLOW,140,TURNMARGIN,180,TURNEXIT,140,TURNDIST,98
2026-07-18T11:34:56.736 RX PARAM,x1000,PROFILE,1,FLASHVER,3,GUARDVER,20,LKP,350,LKI,100,RKP,500,RKI,350,LFF,460,RFF,437,LMIN,32,RMIN,26,SYNC,1000,BIAS,50,GSTART,10,LINEKP,6750,LINEKD,2000,TURNANGLE,900,TURNFAST,185,TURNSLOW,140,TURNMARGIN,180,TURNEXIT,140,TURNDIST,98
2026-07-18T11:34:56.736 TX SET TURNSLOW 80 964002912
2026-07-18T11:34:56.875 RX ERR COMMAND; SEND HELP
2026-07-18T11:34:56.925 TX SET TURNSLOW 80 964002913
2026-07-18T11:34:57.059 RX SA,964002913,TURNSLOW,80
2026-07-18T11:34:57.059 TX SET LKP 350 964002914
2026-07-18T11:34:57.189 RX SA,964002914,LKP,350
2026-07-18T11:34:57.189 TX SET LKI 100 964002915
2026-07-18T11:34:57.319 RX SA,964002915,LKI,100
2026-07-18T11:34:57.319 TX SET LFF 460 964002916
2026-07-18T11:34:57.446 RX SA,964002916,LFF,460
2026-07-18T11:34:57.446 TX SET LMIN 32 964002917
2026-07-18T11:34:57.575 RX SA,964002917,LMIN,32
2026-07-18T11:34:57.575 TX SET RKP 500 964002918
2026-07-18T11:34:57.707 RX SA,964002918,RKP,500
2026-07-18T11:34:57.707 TX SET RKI 350 964002919
2026-07-18T11:34:57.845 RX SA,964002919,RKI,350
2026-07-18T11:34:57.845 TX SET RFF 437 964002920
2026-07-18T11:34:57.979 RX SA,964002920,RFF,437
2026-07-18T11:34:57.979 TX SET RMIN 26 964002921
2026-07-18T11:34:58.125 RX SA,964002921,RMIN,26
2026-07-18T11:34:58.125 TX SET SYNC 1000 964002922
2026-07-18T11:34:58.259 RX SA,964002922,SYNC,1000
2026-07-18T11:34:58.259 TX SET BIAS 50 964002923
2026-07-18T11:34:58.389 RX SA,964002923,BIAS,50
2026-07-18T11:34:58.389 TX SET LINEKP 6750 964002924
2026-07-18T11:34:58.529 RX SA,964002924,LINEKP,6750
2026-07-18T11:34:58.529 TX SET LINEKD 2000 964002925
2026-07-18T11:34:58.655 RX SA,964002925,LINEKD,2000
2026-07-18T11:34:58.655 TX SET TURNANGLE 900 964002926
2026-07-18T11:34:58.790 RX SA,964002926,TURNANGLE,900
2026-07-18T11:34:58.790 TX SET TURNFAST 185 964002927
2026-07-18T11:34:58.929 RX SA,964002927,TURNFAST,185
2026-07-18T11:34:58.929 TX SET TURNMARGIN 180 964002928
2026-07-18T11:34:59.062 RX SA,964002928,TURNMARGIN,180
2026-07-18T11:34:59.062 TX SET TURNEXIT 140 964002929
2026-07-18T11:34:59.198 RX SA,964002929,TURNEXIT,140
2026-07-18T11:34:59.198 TX SET TURNDIST 98 964002930
2026-07-18T11:34:59.329 RX SA,964002930,TURNDIST,98
2026-07-18T11:34:59.329 TX SET GSTART 10 964002931
2026-07-18T11:34:59.459 RX SA,964002931,GSTART,10
2026-07-18T11:34:59.459 TX SET TURNSLOW 140 964002932
2026-07-18T11:35:00.109 TX SET TURNSLOW 140 964002932
2026-07-18T11:35:00.255 RX ERR COMMAND; SEND HELP
2026-07-18T11:35:00.305 TX SET TURNSLOW 140 964002933
2026-07-18T11:35:00.434 RX SA,964002933,TURNSLOW,140
2026-07-18T11:35:00.440 TX STOP
