2026-07-15T03:25:47.067 TX STOP
2026-07-15T03:25:47.122 RX OK STOP
2026-07-15T03:25:47.895 TX IMU
2026-07-15T03:25:47.953 RX IMU,OK,110,6124,811,VER,1,1,0,0
2026-07-15T03:25:48.014 TX IMU
2026-07-15T03:25:48.061 RX IMU,OK,109,6134,812,VER,1,1,0,0
2026-07-15T03:25:48.136 TX IMU
2026-07-15T03:25:48.184 RX IMU,OK,110,6143,813,VER,1,1,0,0
2026-07-15T03:25:48.244 TX IMU
2026-07-15T03:25:48.292 RX IMU,OK,110,6153,813,VER,1,1,0,0
2026-07-15T03:25:48.352 TX IMU
2026-07-15T03:25:48.416 RX IMU,OK,110,6163,814,VER,1,1,0,0
2026-07-15T03:25:48.461 TX IMU
2026-07-15T03:25:48.523 RX IMU,OK,110,6169,816,VER,1,1,0,0
2026-07-15T03:25:48.583 TX IMU
2026-07-15T03:25:48.646 RX IMU,OK,110,6178,816,VER,1,1,0,0
2026-07-15T03:25:48.705 TX IMU
2026-07-15T03:25:48.754 RX IMU,OK,110,6187,818,VER,1,1,0,0
2026-07-15T03:25:48.830 TX IMU
2026-07-15T03:25:48.878 RX IMU,OK,111,6199,818,VER,1,1,0,0
2026-07-15T03:25:48.954 TX IMU
2026-07-15T03:25:49.017 RX IMU,OK,111,6209,819,VER,1,1,0,0
2026-07-15T03:25:49.078 TX IMU
2026-07-15T03:25:49.125 RX IMU,OK,111,6219,820,VER,1,1,0,0
2026-07-15T03:25:49.202 TX IMU
2026-07-15T03:25:49.265 RX IMU,OK,111,6232,820,VER,1,1,0,0
2026-07-15T03:25:49.327 TX IMU
2026-07-15T03:25:49.390 RX IMU,OK,111,6240,822,VER,1,1,0,0
2026-07-15T03:25:49.449 TX IMU
2026-07-15T03:25:49.512 RX IMU,OK,111,6247,824,VER,1,1,0,0
2026-07-15T03:25:49.573 TX IMU
2026-07-15T03:25:49.636 RX IMU,OK,111,6255,827,VER,1,1,0,0
2026-07-15T03:25:49.680 TX IMU
2026-07-15T03:25:49.728 RX IMU,OK,111,6264,828,VER,1,1,0,0
2026-07-15T03:25:49.789 TX IMU
2026-07-15T03:25:49.868 RX IMU,OK,110,6274,828,VER,1,1,0,0
2026-07-15T03:25:49.913 TX PWM B 120
2026-07-15T03:25:49.962 RX OK PWM,STBY,HIGH
2026-07-15T03:25:50.119 TX IMU
2026-07-15T03:25:50.177 RX IMU,OK,110,6299,832,VER,1,1,0,0
2026-07-15T03:25:50.237 TX IMU
2026-07-15T03:25:50.284 RX IMU,OK,110,6306,835,VER,1,1,0,0
2026-07-15T03:25:50.360 TX IMU
2026-07-15T03:25:50.409 RX IMU,OK,110,6316,836,VER,1,1,0,0
2026-07-15T03:25:50.484 TX IMU
2026-07-15T03:25:50.549 RX IMU,OK,110,6326,838,VER,1,1,0,0
2026-07-15T03:25:50.609 TX IMU
2026-07-15T03:25:50.656 RX IMU,OK,110,6335,839,VER,1,1,0,0
2026-07-15T03:25:50.732 TX IMU
2026-07-15T03:25:50.781 RX IMU,OK,110,6346,840,VER,1,1,0,0
2026-07-15T03:25:50.856 TX IMU
2026-07-15T03:25:50.905 RX IMU,OK,110,6356,841,VER,1,1,0,0
2026-07-15T03:25:50.980 TX IMU
2026-07-15T03:25:51.028 RX IMU,OK,110,6365,843,VER,1,1,0,0
2026-07-15T03:25:51.103 TX IMU
2026-07-15T03:25:51.167 RX IMU,OK,110,6376,843,VER,1,1,0,0
2026-07-15T03:25:51.212 TX IMU
2026-07-15T03:25:51.275 RX IMU,OK,110,6383,845,VER,1,1,0,0
2026-07-15T03:25:51.320 TX IMU
2026-07-15T03:25:51.368 RX IMU,OK,110,6392,845,VER,1,1,0,0
2026-07-15T03:25:51.442 TX IMU
2026-07-15T03:25:51.492 RX IMU,OK,110,6401,847,VER,1,1,0,0
2026-07-15T03:25:51.567 TX IMU
2026-07-15T03:25:51.617 RX IMU,OK,110,6411,849,VER,1,1,0,0
2026-07-15T03:25:51.692 TX IMU
2026-07-15T03:25:51.756 RX IMU,OK,110,6423,849,VER,1,1,0,0
2026-07-15T03:25:51.816 TX IMU
2026-07-15T03:25:51.895 RX IMU,OK,110,6433,850,VER,1,1,0,0
2026-07-15T03:25:51.940 TX IMU
2026-07-15T03:25:51.988 RX IMU,OK,110,6439,853,VER,1,1,0,0
2026-07-15T03:25:52.049 RX SAFE STOP: PWM TIMEOUT
2026-07-15T03:25:52.059 TX IMU
2026-07-15T03:25:52.112 RX IMU,OK,110,6450,854,VER,1,1,0,0
2026-07-15T03:25:52.187 TX IMU
2026-07-15T03:25:52.252 RX IMU,OK,110,6459,856,VER,1,1,0,0
2026-07-15T03:25:52.312 TX STOP
2026-07-15T03:25:52.360 RX OK STOP
2026-07-15T03:25:53.136 TX IMU
2026-07-15T03:25:53.194 RX IMU,OK,110,6532,865,VER,1,1,0,0
2026-07-15T03:25:53.254 TX IMU
2026-07-15T03:25:53.318 RX IMU,OK,110,6543,865,VER,1,1,0,0
2026-07-15T03:25:53.378 TX IMU
2026-07-15T03:25:53.427 RX IMU,OK,110,6553,866,VER,1,1,0,0
2026-07-15T03:25:53.503 TX IMU
2026-07-15T03:25:53.566 RX IMU,OK,110,6563,868,VER,1,1,0,0
2026-07-15T03:25:53.626 TX IMU
2026-07-15T03:25:53.689 RX IMU,OK,110,6573,870,VER,1,1,0,0
2026-07-15T03:25:53.750 TX IMU
2026-07-15T03:25:53.815 RX IMU,OK,110,6582,870,VER,1,1,0,0
2026-07-15T03:25:53.875 TX IMU
2026-07-15T03:25:53.922 RX IMU,OK,110,6594,870,VER,1,1,0,0
2026-07-15T03:25:53.999 TX IMU
2026-07-15T03:25:54.046 RX IMU,OK,110,6602,871,VER,1,1,0,0
2026-07-15T03:25:54.122 TX IMU
2026-07-15T03:25:54.169 RX IMU,OK,110,6612,873,VER,1,1,0,0
2026-07-15T03:25:54.245 TX IMU
2026-07-15T03:25:54.294 RX IMU,OK,110,6621,875,VER,1,1,0,0
2026-07-15T03:25:54.355 TX IMU
2026-07-15T03:25:54.409 RX IMU,OK,110,6627,877,VER,1,1,0,0
2026-07-15T03:25:54.470 TX IMU
2026-07-15T03:25:54.517 RX IMU,OK,110,6636,879,VER,1,1,0,0
2026-07-15T03:25:54.593 TX IMU
2026-07-15T03:25:54.640 RX IMU,OK,110,6646,880,VER,1,1,0,0
2026-07-15T03:25:54.718 TX IMU
2026-07-15T03:25:54.766 RX IMU,OK,110,6657,880,VER,1,1,0,0
2026-07-15T03:25:54.843 TX IMU
2026-07-15T03:25:54.890 RX IMU,OK,110,6668,881,VER,1,1,0,0
2026-07-15T03:25:54.966 TX IMU
2026-07-15T03:25:55.030 RX IMU,OK,110,6680,881,VER,1,1,0,0
2026-07-15T03:25:55.092 TX IMU
2026-07-15T03:25:55.154 RX IMU,OK,110,6691,882,VER,1,1,0,0
