2026-07-17T11:19:41.176 TX HELLO 1783777563
2026-07-17T11:19:41.319 RX HELLO,1783777563,2,STBY,HIGH,ENCODER_MM_X1000,580,SAMPLE_MS,10
2026-07-17T11:19:41.319 TX STOP
2026-07-17T11:19:41.448 RX OK STOP
2026-07-17T11:19:41.448 TX PARAM
2026-07-17T11:19:41.660 RX PARAM,x1000,PROFILE,1,FLASHVER,3,GUARDVER,9,LKP,350,LKI,100,RKP,500,RKI,350,LFF,460,RFF,437,LMIN,32,RMIN,26,SYNC,500,BIAS,80,GSTART,10,LINEKP,3000,LINEKD,800,TURNANGLE,900,TURNFAST,150,TURNSLOW,100,TURNMARGIN,300,TURNEXIT,100,TURNDIST,98
2026-07-17T11:19:41.661 TX STATUS
2026-07-17T11:19:41.797 RX STATUS,31582,IDLE,0,0,0,0,0,0,SAFE,SELECTED_LAPS,1,STBY,HIGH
2026-07-17T11:19:41.797 TX SENSOR
2026-07-17T11:19:41.927 RX SENSOR,OK,24,0,93,0,24
2026-07-17T11:19:41.928 TX SENSOR
2026-07-17T11:19:42.054 RX SENSOR,OK,24,0,93,0,24
2026-07-17T11:19:42.054 TX SENSOR
2026-07-17T11:19:42.190 RX SENSOR,OK,24,0,93,0,24
2026-07-17T11:19:42.190 TX SENSOR
2026-07-17T11:19:42.321 RX SENSOR,OK,24,0,93,0,24
2026-07-17T11:19:42.321 TX SENSOR
2026-07-17T11:19:42.454 RX SENSOR,OK,24,0,93,0,24
2026-07-17T11:19:42.454 TX IMU
2026-07-17T11:19:42.594 RX IMU,OK,-816,2598,35,VER,1,1,0,0
2026-07-17T11:19:42.594 TX STREAM TUNE
2026-07-17T11:19:42.721 RX OK STREAM TUNE
2026-07-17T11:19:42.721 TX SQUARE 120 3 1783777564
2026-07-17T11:19:42.897 RX TEST START,SQUARE,120,3
2026-07-17T11:19:42.897 RX SQ,1783777564,OK
2026-07-17T11:19:42.897 RX LT,20,0,0,0,0,0,24,1,0,0,0,0
2026-07-17T11:19:42.897 RX LT,40,0,0,0,0,0,24,1,0,0,0,0
2026-07-17T11:19:42.897 RX LT,60,0,0,0,0,0,24,1,0,0,0,0
2026-07-17T11:19:42.897 RX LT,80,0,0,0,0,0,24,1,0,0,0,0
2026-07-17T11:19:42.897 RX LT,100,0,0,0,0,0,24,1,0,0,0,0
2026-07-17T11:19:42.897 RX LT,120,0,0,0,0,0,24,1,0,0,0,0
2026-07-17T11:19:42.897 RX LT,140,0,0,0,0,0,24,1,0,0,0,0
2026-07-17T11:19:43.084 RX LT,160,0,0,0,0,0,24,1,0,0,0,0
2026-07-17T11:19:43.084 RX LT,180,0,0,0,0,0,24,1,0,0,0,0
2026-07-17T11:19:43.084 RX LT,200,0,0,0,0,0,24,1,0,0,0,0
2026-07-17T11:19:43.084 RX LT,220,0,0,0,0,0,24,1,0,0,0,0
2026-07-17T11:19:43.084 RX LT,240,0,0,0,0,0,24,1,0,0,0,0
2026-07-17T11:19:43.084 RX LT,260,0,0,0,0,0,24,1,0,0,0,0
2026-07-17T11:19:43.084 RX LT,280,0,0,0,0,0,24,1,0,0,0,0
2026-07-17T11:19:43.084 RX LT,300,0,0,0,0,0,24,1,0,0,0,0
2026-07-17T11:19:43.228 RX LT,320,0,0,0,0,0,24,1,0,0,0,0
2026-07-17T11:19:43.228 RX LT,340,40,40,0,0,0,24,1,0,0,0,0
2026-07-17T11:19:43.228 RX LT,360,42,42,0,0,0,24,1,0,0,0,0
2026-07-17T11:19:43.228 RX LT,380,45,45,10,0,0,24,1,1,0,0,0
2026-07-17T11:19:43.229 RX LT,400,47,47,11,43,0,24,1,1,0,0,0
2026-07-17T11:19:43.229 RX LT,420,50,50,0,2,0,24,1,1,0,0,0
2026-07-17T11:19:43.229 RX LT,440,52,52,0,0,0,24,1,1,0,0,0
2026-07-17T11:19:43.397 RX LT,460,54,54,0,0,0,24,1,1,0,0,0
2026-07-17T11:19:43.397 RX LT,480,57,57,0,0,0,24,1,2,0,0,0
2026-07-17T11:19:43.397 RX LT,500,59,59,0,0,0,24,1,3,0,0,0
2026-07-17T11:19:43.397 RX LT,520,62,62,0,0,0,24,1,3,0,0,0
2026-07-17T11:19:43.397 RX LT,540,64,64,0,0,0,24,1,4,0,0,0
2026-07-17T11:19:43.397 RX LT,560,66,66,0,10,0,24,1,4,0,0,0
2026-07-17T11:19:43.397 RX LT,580,69,69,0,0,0,24,1,4,0,0,0
2026-07-17T11:19:43.397 RX LT,600,71,71,0,0,0,24,1,5,0,0,0
2026-07-17T11:19:43.564 RX LT,620,74,74,0,0,0,24,1,5,0,0,0
2026-07-17T11:19:43.564 RX LT,640,76,76,0,0,0,24,1,5,0,0,0
2026-07-17T11:19:43.564 RX LT,660,78,78,0,0,0,24,1,5,0,0,0
2026-07-17T11:19:43.564 RX LT,680,81,81,0,0,0,24,1,6,0,0,0
2026-07-17T11:19:43.564 RX LT,700,83,83,0,0,0,24,1,6,0,0,0
2026-07-17T11:19:43.564 RX LT,720,86,86,0,0,0,24,1,7,0,0,0
2026-07-17T11:19:43.564 RX LT,740,88,88,0,0,0,24,1,7,0,0,0
2026-07-17T11:19:43.564 RX LT,760,90,90,0,43,0,24,1,7,0,0,0
2026-07-17T11:19:43.712 RX LT,780,93,93,0,2,0,24,1,7,0,0,0
2026-07-17T11:19:43.712 RX LT,800,95,95,0,0,0,24,1,8,0,0,0
2026-07-17T11:19:43.712 RX LT,820,98,98,0,0,0,24,1,8,0,0,0
2026-07-17T11:19:43.712 RX LT,840,100,100,43,0,0,24,1,8,0,0,0
2026-07-17T11:19:43.712 RX LT,860,102,102,2,10,0,24,1,9,0,0,0
2026-07-17T11:19:43.712 RX LT,880,105,105,0,0,0,24,1,9,0,0,0
2026-07-17T11:19:43.712 RX LT,900,107,107,0,10,0,24,1,10,0,0,0
2026-07-17T11:19:43.858 RX LT,920,110,110,10,0,0,24,1,10,0,0,0
2026-07-17T11:19:43.858 RX LT,940,112,112,0,10,0,24,1,10,0,0,0
2026-07-17T11:19:43.858 RX LT,960,114,114,10,44,0,24,1,10,0,0,0
2026-07-17T11:19:43.858 RX LT,980,117,117,0,46,0,24,1,11,0,0,0
2026-07-17T11:19:43.858 RX LT,1000,119,119,10,46,0,24,1,12,0,0,0
2026-07-17T11:19:43.858 RX LT,1020,120,120,44,13,0,24,1,13,0,0,0
2026-07-17T11:19:43.858 RX LT,1040,120,120,2,55,0,24,1,15,0,0,0
2026-07-17T11:19:44.005 RX LT,1060,120,120,11,57,0,24,1,17,0,0,0
2026-07-17T11:19:44.005 RX LT,1080,120,120,11,57,0,24,1,20,0,0,0
2026-07-17T11:19:44.005 RX LT,1100,120,120,44,57,0,24,1,22,0,0,0
2026-07-17T11:19:44.005 RX LT,1120,120,120,46,68,0,24,1,24,0,0,0
2026-07-17T11:19:44.005 RX LT,1140,120,120,46,58,0,24,1,27,0,0,0
2026-07-17T11:19:44.005 RX LT,1160,120,120,46,68,2,16,1,30,0,0,0
2026-07-17T11:19:44.005 RX LT,1180,120,120,13,69,2,16,1,33,0,0,0
2026-07-17T11:19:44.131 RX LT,1200,120,120,11,69,2,16,1,36,0,0,0
2026-07-17T11:19:44.131 RX LT,1220,120,120,11,69,2,16,1,41,0,0,0
2026-07-17T11:19:44.131 RX LT,1240,120,120,11,69,2,16,1,44,0,0,0
2026-07-17T11:19:44.131 RX LT,1260,120,120,55,113,2,16,1,48,0,0,0
2026-07-17T11:19:44.131 RX LT,1280,120,120,46,104,2,16,1,51,0,0,0
2026-07-17T11:19:44.131 RX LT,1300,120,120,46,71,2,16,1,55,0,0,0
2026-07-17T11:19:44.277 RX LT,1320,128,96,13,113,6,48,1,58,0,0,0
2026-07-17T11:19:44.277 RX LT,1340,130,94,55,72,6,48,1,62,0,0,0
2026-07-17T11:19:44.277 RX LT,1360,130,94,46,113,6,48,1,65,0,0,0
2026-07-17T11:19:44.277 RX LT,1380,130,94,46,104,6,48,1,69,0,0,0
2026-07-17T11:19:44.277 RX LT,1400,130,94,13,115,6,48,1,72,0,0,0
2026-07-17T11:19:44.277 RX LT,1420,130,94,55,105,6,48,1,75,0,0,0
2026-07-17T11:19:44.277 RX LT,1440,130,94,46,115,6,48,1,79,0,0,0
2026-07-17T11:19:44.404 RX LT,1460,130,94,57,105,6,48,1,81,0,0,0
2026-07-17T11:19:44.404 RX LT,1480,130,94,47,115,6,48,1,83,0,0,0
2026-07-17T11:19:44.404 RX LT,1500,130,94,57,105,6,48,1,86,0,0,0
2026-07-17T11:19:44.404 RX LT,1520,130,94,57,71,6,48,1,88,0,0,0
2026-07-17T11:19:44.404 RX LT,1540,130,94,14,113,6,48,1,90,0,0,0
2026-07-17T11:19:44.404 RX LT,1560,130,94,55,72,6,48,1,92,0,0,0
2026-07-17T11:19:44.551 RX LT,1580,130,94,57,113,6,48,1,93,0,0,0
2026-07-17T11:19:44.551 RX LT,1600,130,94,57,104,6,48,1,94,0,0,0
2026-07-17T11:19:44.551 RX LT,1620,130,94,57,115,6,48,1,95,0,0,0
2026-07-17T11:19:44.551 RX LT,1640,120,64,101,105,11,32,1,96,0,0,0
2026-07-17T11:19:44.551 RX LT,1660,125,59,60,71,11,32,1,97,0,0,0
2026-07-17T11:19:44.551 RX LT,1680,125,59,58,69,11,32,1,97,0,0,0
2026-07-17T11:19:44.551 RX LT,1700,125,59,58,102,11,32,1,98,0,0,0
2026-07-17T11:19:44.677 RX LT,1720,125,59,58,71,11,32,1,98,0,0,0
2026-07-17T11:19:44.677 RX LT,1740,125,35,58,69,23,96,1,98,0,0,0
2026-07-17T11:19:44.677 RX LT,1760,125,35,58,58,23,96,1,98,0,0,0
2026-07-17T11:19:44.677 RX LT,1780,125,35,58,58,23,96,1,97,0,0,0
2026-07-17T11:19:44.677 RX LT,1800,125,35,58,68,23,96,1,96,0,0,0
2026-07-17T11:19:44.677 RX LT,1820,125,35,58,15,23,96,1,93,0,0,0
2026-07-17T11:19:44.823 RX LT,1840,125,35,58,98,23,96,1,91,0,0,0
2026-07-17T11:19:44.823 RX LT,1860,125,35,58,60,23,96,1,88,0,0,0
2026-07-17T11:19:44.823 RX LT,1880,125,35,14,47,23,96,1,86,0,0,0
2026-07-17T11:19:44.823 RX LT,1900,125,35,55,24,23,96,1,85,0,0,0
2026-07-17T11:19:44.823 RX LT,1920,125,35,14,55,23,96,1,83,0,0,0
2026-07-17T11:19:44.823 RX LT,1940,125,35,55,57,23,96,1,81,0,0,0
2026-07-17T11:19:44.823 RX LT,1960,125,35,57,47,23,96,1,79,0,0,0
2026-07-17T11:19:44.952 RX LT,1980,125,35,47,57,23,96,1,77,0,0,0
2026-07-17T11:19:44.952 RX LT,2000,125,35,57,14,23,96,1,75,0,0,0
2026-07-17T11:19:44.952 RX LT,2020,125,35,47,55,23,96,1,73,0,0,0
2026-07-17T11:19:44.952 RX LT,2040,125,35,57,57,23,96,1,72,0,0,0
2026-07-17T11:19:44.952 RX LT,2060,125,35,14,47,23,96,1,70,0,0,0
2026-07-17T11:19:44.952 RX LT,2080,125,35,55,13,23,96,1,67,0,0,0
2026-07-17T11:19:45.096 RX LT,2100,125,35,57,55,23,96,1,65,0,0,0
2026-07-17T11:19:45.096 RX LT,2120,125,35,14,14,23,96,1,62,0,0,0
2026-07-17T11:19:45.096 RX LT,2140,125,35,55,55,23,96,1,60,0,0,0
2026-07-17T11:19:45.096 RX LT,2160,125,35,57,57,23,96,1,58,0,0,0
2026-07-17T11:19:45.096 RX LT,2180,125,35,57,47,23,96,1,56,0,0,0
2026-07-17T11:19:45.096 RX LT,2200,125,35,57,57,36,64,1,54,0,0,0
2026-07-17T11:19:45.096 RX LT,2220,125,35,14,14,36,64,1,52,0,0,0
2026-07-17T11:19:45.243 RX LT,2240,125,35,55,55,36,64,1,51,0,0,0
2026-07-17T11:19:45.243 RX LT,2260,125,35,14,57,36,64,1,49,0,0,0
2026-07-17T11:19:45.243 RX LT,2280,125,35,55,47,36,64,1,48,0,0,0
2026-07-17T11:19:45.243 RX LT,2300,125,35,46,57,36,64,1,48,0,0,0
2026-07-17T11:19:45.243 RX LT,2320,125,35,46,47,36,64,1,47,0,0,0
2026-07-17T11:19:45.243 RX LT,2340,125,35,46,46,36,64,1,46,0,0,0
2026-07-17T11:19:45.243 RX LT,2360,125,35,46,46,36,64,1,45,0,0,0
2026-07-17T11:19:45.369 RX LT,2380,125,35,46,46,36,64,1,44,0,0,0
2026-07-17T11:19:45.369 RX LT,2400,125,35,46,46,36,64,1,43,0,0,0
2026-07-17T11:19:45.369 RX LT,2420,125,35,46,46,36,64,1,42,0,0,0
2026-07-17T11:19:45.369 RX LT,2440,125,35,46,46,36,64,1,41,0,0,0
2026-07-17T11:19:45.369 RX LT,2460,125,35,46,46,36,64,1,40,0,0,0
2026-07-17T11:19:45.369 RX LT,2480,125,35,13,46,36,64,1,39,0,0,0
2026-07-17T11:19:45.515 RX LT,2500,125,35,55,46,36,64,1,37,0,0,0
2026-07-17T11:19:45.516 RX LT,2520,125,35,46,13,36,64,1,35,0,0,0
2026-07-17T11:19:45.516 RX LT,2540,125,35,57,11,36,64,1,33,0,0,0
2026-07-17T11:19:45.516 RX LT,2560,125,35,57,55,36,64,1,32,0,0,0
2026-07-17T11:19:45.516 RX LT,2580,125,35,47,46,36,64,1,30,0,0,0
2026-07-17T11:19:45.516 RX LT,2600,125,35,57,13,36,64,1,28,0,0,0
2026-07-17T11:19:45.516 RX LT,2620,125,35,57,55,36,64,1,26,0,0,0
2026-07-17T11:19:45.641 RX LT,2640,125,35,57,57,36,64,1,25,0,0,0
2026-07-17T11:19:45.641 RX LT,2660,125,35,101,57,36,64,1,24,0,0,0
2026-07-17T11:19:45.641 RX LT,2680,125,35,104,57,36,64,1,24,0,0,0
2026-07-17T11:19:45.641 RX LT,2700,125,35,60,57,36,64,1,22,0,0,0
2026-07-17T11:19:45.641 RX LT,2720,125,35,58,57,36,64,1,21,0,0,0
2026-07-17T11:19:45.641 RX LT,2740,125,35,68,57,36,64,1,18,0,0,0
2026-07-17T11:19:45.788 RX LT,2760,125,35,58,57,36,64,1,17,0,0,0
2026-07-17T11:19:45.788 RX LT,2780,125,35,58,57,36,64,1,15,0,0,0
2026-07-17T11:19:45.788 RX LT,2800,125,35,58,47,36,64,1,13,0,0,0
2026-07-17T11:19:45.788 RX LT,2820,125,35,101,68,36,64,1,11,0,0,0
2026-07-17T11:19:45.788 RX LT,2840,125,35,60,47,36,64,1,9,0,0,0
2026-07-17T11:19:45.788 RX LT,2860,125,35,58,57,36,64,1,7,0,0,0
2026-07-17T11:19:45.788 RX LT,2880,125,35,14,47,36,64,1,6,0,0,0
2026-07-17T11:19:45.915 RX LT,2900,125,35,55,13,36,64,1,5,0,0,0
2026-07-17T11:19:45.916 RX LT,2920,125,35,57,55,36,64,1,4,0,0,0
2026-07-17T11:19:45.916 RX LT,2940,125,35,57,14,36,64,1,2,0,0,0
2026-07-17T11:19:45.916 RX LT,2960,125,35,14,55,36,64,1,1,0,0,0
2026-07-17T11:19:45.916 RX LT,2980,125,35,55,46,36,64,1,0,0,0,0
2026-07-17T11:19:45.916 RX LT,3000,125,35,57,13,36,64,1,-1,0,0,0
2026-07-17T11:19:45.916 RX LT,3020,125,35,57,55,36,64,1,-2,0,0,0
2026-07-17T11:19:46.060 RX LT,3040,125,35,57,14,36,64,1,-3,0,0,0
2026-07-17T11:19:46.060 RX LT,3060,125,35,101,55,36,64,1,-5,0,0,0
2026-07-17T11:19:46.060 RX LT,3080,125,35,60,14,36,64,1,-6,0,0,0
2026-07-17T11:19:46.060 RX LT,3100,125,35,58,55,36,64,1,-8,0,0,0
2026-07-17T11:19:46.060 RX LT,3120,125,35,58,14,36,64,1,-10,0,0,0
2026-07-17T11:19:46.060 RX LT,3140,125,35,58,11,36,64,1,-11,0,0,0
2026-07-17T11:19:46.190 RX LT,3160,125,35,58,55,36,64,1,-13,0,0,0
2026-07-17T11:19:46.190 RX LT,3180,125,35,68,14,36,64,1,-15,0,0,0
2026-07-17T11:19:46.190 RX LT,3200,125,35,58,55,36,64,1,-17,0,0,0
2026-07-17T11:19:46.190 RX LT,3220,125,35,58,14,36,64,1,-19,0,0,0
2026-07-17T11:19:46.190 RX LT,3240,125,35,58,55,36,64,1,-20,0,0,0
2026-07-17T11:19:46.190 RX LT,3260,125,35,58,14,36,64,1,-21,0,0,0
2026-07-17T11:19:46.333 RX LT,3280,125,35,68,55,36,64,1,-23,0,0,0
2026-07-17T11:19:46.334 RX LT,3300,125,35,58,57,36,64,1,-24,0,0,0
2026-07-17T11:19:46.334 RX LT,3320,125,35,58,47,36,64,1,-25,0,0,0
2026-07-17T11:19:46.334 RX LT,3340,125,35,68,57,36,64,1,-27,0,0,0
2026-07-17T11:19:46.334 RX LT,3360,125,35,102,14,36,64,1,-29,0,0,0
2026-07-17T11:19:46.334 RX LT,3380,125,35,60,55,36,64,1,-31,0,0,0
2026-07-17T11:19:46.334 RX LT,3400,125,35,58,57,36,64,1,-33,0,0,0
2026-07-17T11:19:46.463 RX LT,3420,125,35,68,47,36,64,1,-35,0,0,0
2026-07-17T11:19:46.463 RX LT,3440,125,35,58,13,36,64,1,-37,0,0,0
2026-07-17T11:19:46.463 RX LT,3460,125,35,68,55,36,64,1,-39,0,0,0
2026-07-17T11:19:46.463 RX LT,3480,125,35,102,14,36,64,1,-41,0,0,0
2026-07-17T11:19:46.463 RX LT,3500,125,35,60,55,36,64,1,-43,0,0,0
2026-07-17T11:19:46.463 RX LT,3520,125,35,101,14,36,64,1,-45,0,0,0
2026-07-17T11:19:46.587 RX LT,3540,125,35,60,55,36,64,1,-47,0,0,0
2026-07-17T11:19:46.587 RX LT,3560,125,35,69,57,36,64,1,-49,0,0,0
2026-07-17T11:19:46.587 RX LT,3580,125,35,102,47,36,64,1,-51,0,0,0
2026-07-17T11:19:46.587 RX LT,3600,125,35,60,13,36,64,1,-54,0,0,0
2026-07-17T11:19:46.587 RX LT,3620,125,35,69,55,36,64,1,-56,0,0,0
2026-07-17T11:19:46.587 RX LT,3640,125,35,102,46,36,64,1,-58,0,0,0
2026-07-17T11:19:46.732 RX LT,3660,125,35,60,57,36,64,1,-60,0,0,0
2026-07-17T11:19:46.732 RX LT,3680,125,35,69,47,36,64,1,-61,0,0,0
2026-07-17T11:19:46.732 RX LT,3700,125,35,58,13,36,64,1,-63,0,0,0
2026-07-17T11:19:46.732 RX LT,3720,125,35,68,55,36,64,1,-65,0,0,0
2026-07-17T11:19:46.732 RX LT,3740,125,35,69,14,36,64,1,-68,0,0,0
2026-07-17T11:19:46.732 RX LT,3760,125,35,69,55,36,64,1,-70,0,0,0
2026-07-17T11:19:46.732 RX LT,3780,125,35,69,14,36,64,1,-72,0,0,0
2026-07-17T11:19:46.858 RX LT,3800,125,35,102,55,36,64,1,-74,0,0,0
2026-07-17T11:19:46.858 RX LT,3820,125,35,104,46,36,64,1,-77,0,0,0
2026-07-17T11:19:46.858 RX LT,3840,125,35,104,13,36,64,1,-80,0,0,0
2026-07-17T11:19:46.858 RX LT,3860,125,35,60,55,36,64,1,-82,0,0,0
2026-07-17T11:19:46.858 RX LT,3880,125,35,69,46,36,64,1,-84,0,0,0
2026-07-17T11:19:46.858 RX LT,3900,125,35,69,13,36,64,1,-86,0,0,0
2026-07-17T11:19:46.986 RX LT,3920,125,35,102,55,36,64,1,-88,0,0,0
2026-07-17T11:19:46.986 RX LT,3940,125,35,104,46,36,64,1,-91,0,0,0
2026-07-17T11:19:46.986 RX LT,3960,125,35,104,13,36,64,1,-93,0,0,0
2026-07-17T11:19:46.986 RX LT,3980,125,35,60,11,36,64,1,-95,0,0,0
2026-07-17T11:19:46.986 RX LT,4000,125,35,69,55,36,64,1,-96,0,0,0
2026-07-17T11:19:46.986 RX LT,4020,125,35,69,46,36,64,1,-98,0,0,0
2026-07-17T11:19:47.130 RX LT,4040,125,35,69,13,36,64,1,-101,0,0,0
2026-07-17T11:19:47.130 RX LT,4060,125,35,102,55,36,64,1,-104,0,0,0
2026-07-17T11:19:47.130 RX LT,4080,125,35,104,14,36,64,1,-106,0,0,0
2026-07-17T11:19:47.130 RX LT,4100,125,35,104,55,36,64,1,-107,0,0,0
2026-07-17T11:19:47.130 RX LT,4120,125,35,71,46,36,64,1,-109,0,0,0
2026-07-17T11:19:47.130 RX LT,4140,125,35,69,57,36,64,1,-110,0,0,0
2026-07-17T11:19:47.130 RX LT,4160,125,35,69,14,36,64,1,-112,0,0,0
2026-07-17T11:19:47.256 RX LT,4180,125,35,69,55,36,64,1,-114,0,0,0
2026-07-17T11:19:47.256 RX LT,4200,125,35,69,14,36,64,1,-116,0,0,0
2026-07-17T11:19:47.256 RX LT,4220,125,35,69,55,36,64,1,-118,0,0,0
2026-07-17T11:19:47.256 RX LT,4240,125,35,69,46,36,64,1,-120,0,0,0
2026-07-17T11:19:47.256 RX LT,4260,125,35,69,57,36,64,1,-123,0,0,0
2026-07-17T11:19:47.256 RX LT,4280,125,35,69,47,36,64,1,-125,0,0,0
2026-07-17T11:19:47.381 RX LT,4300,125,35,69,57,36,64,1,-126,0,0,0
2026-07-17T11:19:47.381 RX LT,4320,125,35,69,47,36,64,1,-128,0,0,0
2026-07-17T11:19:47.381 RX LT,4340,125,35,102,57,36,64,1,-130,0,0,0
2026-07-17T11:19:47.381 RX LT,4360,125,35,104,47,36,64,1,-131,0,0,0
2026-07-17T11:19:47.381 RX LT,4380,125,35,104,57,36,64,1,-133,0,0,0
2026-07-17T11:19:47.381 RX LT,4400,125,35,104,47,36,64,1,-134,0,0,0
2026-07-17T11:19:47.508 RX LT,4420,125,35,104,13,23,96,1,-136,0,0,0
2026-07-17T11:19:47.508 RX LT,4440,125,35,71,55,23,96,1,-138,0,0,0
2026-07-17T11:19:47.508 RX LT,4460,125,35,69,14,23,96,1,-140,0,0,0
2026-07-17T11:19:47.508 RX LT,4480,125,35,69,55,23,96,1,-142,0,0,0
2026-07-17T11:19:47.508 RX LT,4500,125,35,69,57,23,96,1,-143,0,0,0
2026-07-17T11:19:47.508 RX LT,4520,125,35,69,47,23,96,1,-144,0,0,0
2026-07-17T11:19:47.636 RX LT,4540,125,35,102,13,23,96,1,-145,0,0,0
2026-07-17T11:19:47.636 RX LT,4560,125,35,60,55,23,96,1,-145,0,0,0
2026-07-17T11:19:47.636 RX LT,4580,125,35,101,46,23,96,1,-146,0,0,0
2026-07-17T11:19:47.636 RX LT,4600,125,35,60,46,23,96,1,-147,0,0,0
2026-07-17T11:19:47.636 RX LT,4620,125,35,69,13,23,96,1,-148,0,0,0
2026-07-17T11:19:47.636 RX LT,4640,125,35,102,55,23,96,1,-149,0,0,0
2026-07-17T11:19:47.776 RX LT,4660,125,35,104,46,23,96,1,-150,0,0,0
2026-07-17T11:19:47.776 RX LT,4680,125,35,113,55,23,96,1,-152,0,0,0
2026-07-17T11:19:47.776 RX LT,4700,125,35,72,57,23,96,1,-153,0,0,0
2026-07-17T11:19:47.776 RX LT,4720,125,35,102,47,23,96,1,-153,0,0,0
2026-07-17T11:19:47.776 RX LT,4740,125,35,60,13,23,96,1,-154,0,0,0
2026-07-17T11:19:47.776 RX LT,4760,123,61,58,11,11,32,1,-155,0,0,0
2026-07-17T11:19:47.776 RX LT,4780,125,59,68,11,11,32,1,-156,0,0,0
2026-07-17T11:19:47.907 RX LT,4800,125,59,58,55,11,32,1,-156,0,0,0
2026-07-17T11:19:47.907 RX LT,4820,125,59,68,46,11,32,1,-157,0,0,0
2026-07-17T11:19:47.907 RX LT,4840,125,59,58,57,11,32,1,-157,0,0,0
2026-07-17T11:19:47.907 RX LT,4860,125,59,68,47,11,32,1,-157,0,0,0
2026-07-17T11:19:47.907 RX LT,4880,125,59,69,13,11,32,1,-158,0,0,0
2026-07-17T11:19:47.907 RX LT,4900,125,59,58,55,11,32,1,-159,0,0,0
2026-07-17T11:19:48.037 RX LT,4920,125,59,68,46,11,32,1,-160,0,0,0
2026-07-17T11:19:48.037 RX LT,4940,137,87,102,13,6,48,1,-160,0,0,0
2026-07-17T11:19:48.037 RX LT,4960,130,94,60,55,6,48,1,-161,0,0,0
2026-07-17T11:19:48.037 RX LT,4980,130,94,69,57,6,48,1,-162,0,0,0
2026-07-17T11:19:48.037 RX LT,5000,130,94,102,47,6,48,1,-162,0,0,0
2026-07-17T11:19:48.037 RX LT,5020,130,94,104,57,6,48,1,-163,0,0,0
2026-07-17T11:19:48.159 RX LT,5040,130,94,104,57,6,48,1,-163,0,0,0
2026-07-17T11:19:48.159 RX LT,5060,130,94,104,57,6,48,1,-164,0,0,0
2026-07-17T11:19:48.159 RX LT,5080,130,94,71,57,6,48,1,-165,0,0,0
2026-07-17T11:19:48.159 RX LT,5100,130,94,113,57,6,48,1,-166,0,0,0
2026-07-17T11:19:48.160 RX LT,5120,130,94,104,68,6,48,1,-167,0,0,0
2026-07-17T11:19:48.160 RX LT,5140,130,94,71,58,6,48,1,-167,0,0,0
2026-07-17T11:19:48.305 RX LT,5160,130,94,113,101,6,48,1,-168,0,0,0
2026-07-17T11:19:48.305 RX LT,5180,130,94,115,60,6,48,1,-169,0,0,0
2026-07-17T11:19:48.305 RX LT,5200,130,94,115,101,6,48,1,-170,0,0,0
2026-07-17T11:19:48.305 RX LT,5220,130,94,105,60,6,48,1,-171,0,0,0
2026-07-17T11:19:48.305 RX LT,5240,129,111,115,69,2,16,1,-172,0,0,0
2026-07-17T11:19:48.305 RX LT,5260,120,120,115,58,2,16,1,-174,0,0,0
2026-07-17T11:19:48.305 RX LT,5280,120,120,115,68,2,16,1,-174,0,0,0
2026-07-17T11:19:48.430 RX LT,5300,120,120,115,69,0,24,1,-175,0,0,0
2026-07-17T11:19:48.430 RX LT,5320,120,120,115,102,0,24,1,-176,0,0,0
2026-07-17T11:19:48.430 RX LT,5340,120,120,115,104,0,24,1,-176,0,0,0
2026-07-17T11:19:48.430 RX LT,5360,120,120,115,71,0,24,1,-176,0,0,0
2026-07-17T11:19:48.430 RX LT,5380,120,120,115,69,0,24,1,-177,0,0,0
2026-07-17T11:19:48.430 RX LT,5400,120,120,115,69,0,24,1,-177,0,0,0
2026-07-17T11:19:48.430 TX SET LINEKP 2500 1783777565
2026-07-17T11:19:48.536 RX LT,5420,120,120,126,113,0,24,1,-178,0,0,0
2026-07-17T11:19:48.536 RX LT,5440,120,120,116,104,0,24,1,-178,0,0,0
2026-07-17T11:19:48.536 RX SA,1783777565,LINEKP,2500
2026-07-17T11:19:48.536 RX LT,5460,120,120,116,115,0,24,1,-179,0,0,0
2026-07-17T11:19:48.536 RX LT,5480,104,120,116,105,-6,12,1,-179,0,0,0
2026-07-17T11:19:48.536 RX LT,5500,97,127,116,115,-6,12,1,-179,0,0,0
2026-07-17T11:19:48.662 RX LT,5520,97,127,126,105,-6,12,1,-179,0,0,0
2026-07-17T11:19:48.662 RX LT,5540,97,127,116,115,-6,12,1,-179,0,0,0
2026-07-17T11:19:48.662 RX LT,5560,97,127,116,72,-6,12,1,-178,0,0,0
2026-07-17T11:19:48.662 RX LT,5580,97,127,116,113,-6,12,1,-177,0,0,0
2026-07-17T11:19:48.662 RX LT,5600,97,127,116,115,-6,12,1,-176,0,0,0
2026-07-17T11:19:48.662 RX LT,5620,97,127,105,105,-6,12,1,-175,0,0,0
2026-07-17T11:19:48.787 RX LT,5640,97,127,115,115,-6,12,1,-174,0,0,0
2026-07-17T11:19:48.787 RX LT,5660,97,127,115,115,-6,12,1,-172,0,0,0
2026-07-17T11:19:48.788 RX LT,5680,65,119,115,72,-11,4,1,-171,0,0,0
2026-07-17T11:19:48.788 RX LT,5700,65,119,105,113,-11,4,1,-168,0,0,0
2026-07-17T11:19:48.788 RX LT,5720,35,125,115,115,-18,6,1,-166,0,0,0
2026-07-17T11:19:48.788 RX LT,5740,35,125,105,115,-18,6,1,-165,0,0,0
2026-07-17T11:19:48.927 RX LT,5760,35,125,60,72,-18,6,1,-163,0,0,0
2026-07-17T11:19:48.928 RX LT,5780,35,125,69,113,-18,6,1,-161,0,0,0
2026-07-17T11:19:48.928 RX LT,5812,35,125,104,115,-18,6,1,-157,0,0,0
2026-07-17T11:19:48.928 RX LT,5833,35,125,64,121,-18,6,1,-152,0,0,0
2026-07-17T11:19:48.928 RX LT,5853,35,125,103,73,-18,6,1,-148,0,0,0
2026-07-17T11:19:48.928 RX LT,5873,35,125,60,80,-18,6,1,-145,0,0,0
2026-07-17T11:19:49.048 RX LT,5893,35,125,69,113,-18,6,1,-141,0,0,0
2026-07-17T11:19:49.048 RX LT,5913,35,125,69,104,-18,6,1,-137,0,0,0
2026-07-17T11:19:49.054 RX LT,5933,35,125,58,71,-18,6,1,-133,0,0,0
2026-07-17T11:19:49.054 RX LT,5953,35,125,68,113,-18,6,1,-129,0,0,0
2026-07-17T11:19:49.054 RX LT,5973,35,125,58,115,-18,6,1,-125,0,0,0
2026-07-17T11:19:49.054 RX LT,5993,35,125,58,105,-18,6,1,-121,0,0,0
2026-07-17T11:19:49.178 RX LT,6013,35,125,68,115,-18,6,1,-117,0,0,0
2026-07-17T11:19:49.178 RX LT,6033,35,125,58,115,-18,6,1,-112,0,0,0
2026-07-17T11:19:49.178 RX LT,6053,35,125,58,105,-18,6,1,-106,0,0,0
2026-07-17T11:19:49.179 RX LT,6073,35,125,14,115,-25,2,1,-102,0,0,0
2026-07-17T11:19:49.179 RX LT,6093,35,125,22,115,-25,2,1,-98,0,0,0
2026-07-17T11:19:49.179 RX LT,6113,35,125,23,72,-25,2,1,-94,0,0,0
2026-07-17T11:19:49.327 RX LT,6133,35,125,66,113,-25,2,1,-90,0,0,0
2026-07-17T11:19:49.327 RX LT,6153,35,125,15,115,-25,2,1,-85,0,0,0
2026-07-17T11:19:49.328 RX LT,6173,35,125,22,115,-25,2,1,-81,0,0,0
2026-07-17T11:19:49.328 RX LT,6193,35,125,23,115,-25,2,1,-77,0,0,0
2026-07-17T11:19:49.328 RX LT,6213,35,125,55,115,-25,2,1,-73,0,0,0
2026-07-17T11:19:49.328 RX LT,6233,35,125,57,115,-25,2,1,-71,0,0,0
2026-07-17T11:19:49.329 RX LT,6253,35,125,57,115,-25,2,1,-62,0,0,0
2026-07-17T11:19:49.452 RX LT,6273,35,125,57,115,-25,2,1,-59,0,0,0
2026-07-17T11:19:49.452 RX LT,6293,35,125,47,115,-25,2,1,-54,0,0,0
2026-07-17T11:19:49.452 RX LT,6313,35,125,13,105,-25,2,1,-49,0,0,0
2026-07-17T11:19:49.452 RX LT,6333,35,125,11,115,-25,2,1,-47,0,0,0
2026-07-17T11:19:49.452 RX LT,6353,35,125,11,115,-25,2,1,-41,0,0,0
2026-07-17T11:19:49.452 RX LT,6373,35,125,11,115,-25,2,1,-36,0,0,0
2026-07-17T11:19:49.578 RX LT,6393,38,122,11,115,-18,6,1,-30,0,0,0
2026-07-17T11:19:49.578 RX LT,6413,35,125,11,115,-18,6,1,-24,0,0,0
2026-07-17T11:19:49.578 RX LT,6433,35,125,11,115,-18,6,1,-18,0,0,0
2026-07-17T11:19:49.578 RX LT,6453,35,125,11,115,-18,6,1,-12,0,0,0
2026-07-17T11:19:49.578 RX LT,6473,35,125,44,115,-18,6,1,-4,0,0,0
2026-07-17T11:19:49.579 RX LT,6493,35,125,46,115,-18,6,1,2,0,0,0
2026-07-17T11:19:49.725 RX LT,6513,35,125,46,115,-18,6,1,7,0,0,0
2026-07-17T11:19:49.725 RX LT,6533,35,125,46,115,-18,6,1,12,0,0,0
2026-07-17T11:19:49.725 RX LT,6553,35,125,46,115,-18,6,1,15,0,0,0
2026-07-17T11:19:49.725 RX LT,6573,35,125,46,115,-18,6,1,19,0,0,0
2026-07-17T11:19:49.725 RX LT,6593,35,125,13,115,-18,6,1,23,0,0,0
2026-07-17T11:19:49.725 RX LT,6613,35,125,11,115,-18,6,1,28,0,0,0
2026-07-17T11:19:49.725 RX LT,6633,35,125,55,126,-18,6,1,31,0,0,0
2026-07-17T11:19:49.851 RX LT,6653,35,125,46,116,-18,6,1,33,0,0,0
2026-07-17T11:19:49.851 RX LT,6673,66,118,46,116,-11,4,1,38,0,0,0
2026-07-17T11:19:49.851 RX LT,6693,65,119,13,116,-11,4,1,44,0,0,0
2026-07-17T11:19:49.851 RX LT,6713,65,119,11,116,-11,4,1,49,0,0,0
2026-07-17T11:19:49.851 RX LT,6733,65,119,11,116,-11,4,1,51,0,0,0
2026-07-17T11:19:49.851 RX LT,6753,65,119,55,116,-11,4,1,54,0,0,0
2026-07-17T11:19:49.978 RX LT,6773,65,119,46,116,-11,4,1,56,0,0,0
2026-07-17T11:19:49.978 RX LT,6793,65,119,46,116,-11,4,1,60,0,0,0
2026-07-17T11:19:49.978 RX LT,6813,65,119,46,116,-11,4,1,63,0,0,0
2026-07-17T11:19:49.978 RX LT,6833,97,127,46,116,-6,12,1,66,0,0,0
2026-07-17T11:19:49.978 RX LT,6853,97,127,13,116,-6,12,1,70,0,0,0
2026-07-17T11:19:49.978 RX LT,6873,97,127,55,116,-6,12,1,73,0,0,0
2026-07-17T11:19:50.123 RX LT,6893,97,127,46,116,-6,12,1,74,0,0,0
2026-07-17T11:19:50.123 RX LT,6913,97,127,57,159,-6,12,1,79,0,0,0
2026-07-17T11:19:50.123 RX LT,6933,97,127,47,118,-6,12,1,81,0,0,0
2026-07-17T11:19:50.123 RX LT,6953,97,127,57,116,-6,12,1,84,0,0,0
2026-07-17T11:19:50.123 RX LT,6973,97,127,14,116,-6,12,1,86,0,0,0
2026-07-17T11:19:50.123 RX LT,6993,97,127,55,116,-6,12,1,89,0,0,0
2026-07-17T11:19:50.123 RX LT,7013,97,127,57,159,-6,12,1,91,0,0,0
2026-07-17T11:19:50.248 RX LT,7033,120,120,47,118,-2,8,1,94,0,0,0
2026-07-17T11:19:50.248 RX LT,7053,120,120,57,116,-2,8,1,97,0,0,0
2026-07-17T11:19:50.248 RX LT,7073,120,120,14,126,0,24,1,100,0,0,0
2026-07-17T11:19:50.248 RX LT,7093,120,120,55,116,0,24,1,102,0,0,0
2026-07-17T11:19:50.248 RX LT,7113,120,120,57,116,0,24,1,104,0,0,0
2026-07-17T11:19:50.248 RX LT,7133,120,120,57,126,0,24,1,107,0,0,0
2026-07-17T11:19:50.248 TX SET LINEKP 3000 1783777566
2026-07-17T11:19:50.375 RX LT,7153,120,120,57,116,0,24,1,108,0,0,0
2026-07-17T11:19:50.375 RX LT,7173,120,120,57,116,0,24,1,110,0,0,0
2026-07-17T11:19:50.375 RX SA,1783777566,LINEKP,3000
2026-07-17T11:19:50.375 RX LT,7193,120,120,57,126,0,24,1,111,0,0,0
2026-07-17T11:19:50.375 RX LT,7213,120,120,57,116,0,24,1,113,0,0,0
2026-07-17T11:19:50.375 RX LT,7233,120,120,57,116,2,16,1,114,0,0,0
2026-07-17T11:19:50.375 RX LT,7253,120,120,57,116,2,16,1,115,0,0,0
2026-07-17T11:19:50.500 RX LT,7273,120,120,57,126,2,16,1,116,0,0,0
2026-07-17T11:19:50.500 RX LT,7293,128,96,101,116,6,48,1,117,0,0,0
2026-07-17T11:19:50.500 RX LT,7313,130,94,60,159,6,48,1,117,0,0,0
2026-07-17T11:19:50.500 RX LT,7333,130,94,101,75,6,48,1,117,0,0,0
2026-07-17T11:19:50.500 RX LT,7353,130,94,60,124,6,48,1,117,0,0,0
2026-07-17T11:19:50.500 RX LT,7373,130,94,101,73,6,48,1,116,0,0,0
2026-07-17T11:19:50.631 RX LT,7393,130,94,60,113,6,48,1,115,0,0,0
2026-07-17T11:19:50.631 RX LT,7416,130,94,58,115,6,48,1,114,0,0,0
2026-07-17T11:19:50.631 RX LT,7437,130,94,66,113,6,48,1,113,0,0,0
2026-07-17T11:19:50.631 RX LT,7458,130,94,69,115,6,48,1,112,0,0,0
2026-07-17T11:19:50.631 RX LT,7478,130,94,102,148,6,48,1,110,0,0,0
2026-07-17T11:19:50.631 RX LT,7498,125,59,60,107,11,32,1,109,0,0,0
2026-07-17T11:19:50.778 RX LT,7518,123,37,69,71,23,96,1,107,0,0,0
2026-07-17T11:19:50.778 RX LT,7538,125,35,102,69,23,96,1,105,0,0,0
2026-07-17T11:19:50.778 RX LT,7558,125,35,104,58,23,96,1,103,0,0,0
2026-07-17T11:19:50.778 RX LT,7578,125,35,60,101,23,96,1,100,0,0,0
2026-07-17T11:19:50.778 RX LT,7598,125,35,101,60,23,96,1,97,0,0,0
2026-07-17T11:19:50.778 RX LT,7618,125,35,60,58,23,96,1,93,0,0,0
2026-07-17T11:19:50.778 RX LT,7638,125,35,69,101,23,96,1,89,0,0,0
2026-07-17T11:19:50.904 RX LT,7658,125,35,102,60,23,96,1,85,0,0,0
2026-07-17T11:19:50.904 RX LT,7678,125,35,60,90,23,96,1,81,0,0,0
2026-07-17T11:19:50.904 RX LT,7698,125,35,69,60,23,96,1,74,0,0,0
2026-07-17T11:19:50.904 RX LT,7718,125,35,58,58,23,96,1,70,0,0,0
2026-07-17T11:19:50.904 RX LT,7738,125,35,68,58,23,96,1,66,0,0,0
2026-07-17T11:19:50.904 RX LT,7758,125,35,102,14,23,96,1,62,0,0,0
2026-07-17T11:19:51.051 RX LT,7778,125,35,60,98,23,96,1,58,0,0,0
2026-07-17T11:19:51.051 RX LT,7798,125,35,69,60,23,96,1,54,0,0,0
2026-07-17T11:19:51.051 RX LT,7818,125,35,102,47,23,96,1,50,0,0,0
2026-07-17T11:19:51.051 RX LT,7838,125,35,60,68,23,96,1,47,0,0,0
2026-07-17T11:19:51.051 RX LT,7858,125,35,69,58,36,64,1,44,0,0,0
2026-07-17T11:19:51.051 RX LT,7878,125,35,102,14,36,64,1,41,0,0,0
2026-07-17T11:19:51.051 RX LT,7898,125,35,60,66,36,64,1,38,0,0,0
2026-07-17T11:19:51.175 RX LT,7918,125,35,69,58,36,64,1,32,0,0,0
2026-07-17T11:19:51.175 RX LT,7938,125,35,69,58,36,64,1,28,0,0,0
2026-07-17T11:19:51.175 RX LT,7958,125,35,69,90,36,64,1,25,0,0,0
2026-07-17T11:19:51.175 RX LT,7978,125,35,102,60,36,64,1,21,0,0,0
2026-07-17T11:19:51.175 RX LT,7998,125,35,104,14,36,64,1,18,0,0,0
2026-07-17T11:19:51.176 RX LT,8018,125,35,104,55,36,64,1,14,0,0,0
2026-07-17T11:19:51.323 RX LT,8038,125,35,104,57,36,64,1,11,0,0,0
2026-07-17T11:19:51.323 RX LT,8058,125,35,60,57,36,64,1,7,0,0,0
2026-07-17T11:19:51.323 RX LT,8078,125,35,69,57,36,64,1,4,0,0,0
2026-07-17T11:19:51.323 RX LT,8098,125,35,69,57,36,64,1,1,0,0,0
2026-07-17T11:19:51.323 RX LT,8118,125,35,69,57,36,64,1,-3,0,0,0
2026-07-17T11:19:51.323 RX LT,8138,125,35,69,57,36,64,1,-7,0,0,0
2026-07-17T11:19:51.323 RX LT,8158,125,35,69,57,36,64,1,-10,0,0,0
2026-07-17T11:19:51.448 RX LT,8178,125,35,69,57,36,64,1,-13,0,0,0
2026-07-17T11:19:51.448 RX LT,8198,125,35,69,47,36,64,1,-17,0,0,0
2026-07-17T11:19:51.448 RX LT,8218,125,35,113,57,36,64,1,-20,0,0,0
2026-07-17T11:19:51.448 RX LT,8238,125,35,104,57,36,64,1,-24,0,0,0
2026-07-17T11:19:51.448 RX LT,8258,125,35,104,57,36,64,1,-27,0,0,0
2026-07-17T11:19:51.448 RX LT,8278,125,35,71,57,36,64,1,-30,0,0,0
2026-07-17T11:19:51.578 RX LT,8298,125,35,113,57,36,64,1,-33,0,0,0
2026-07-17T11:19:51.579 RX LT,8318,125,35,104,57,36,64,1,-37,0,0,0
2026-07-17T11:19:51.579 RX LT,8338,125,35,71,47,36,64,1,-41,0,0,0
2026-07-17T11:19:51.579 RX LT,8358,125,35,113,68,36,64,1,-46,0,0,0
2026-07-17T11:19:51.579 RX LT,8378,125,35,104,47,36,64,1,-49,0,0,0
2026-07-17T11:19:51.579 RX LT,8398,125,35,71,57,36,64,1,-52,0,0,0
2026-07-17T11:19:51.722 RX LT,8418,125,35,113,57,36,64,1,-55,0,0,0
2026-07-17T11:19:51.722 RX LT,8438,125,35,104,57,36,64,1,-58,0,0,0
2026-07-17T11:19:51.722 RX LT,8458,125,35,71,57,36,64,1,-61,0,0,0
2026-07-17T11:19:51.722 RX LT,8478,125,35,69,47,36,64,1,-65,0,0,0
2026-07-17T11:19:51.722 RX LT,8498,125,35,113,57,36,64,1,-68,0,0,0
2026-07-17T11:19:51.722 RX LT,8518,125,35,104,57,36,64,1,-71,0,0,0
2026-07-17T11:19:51.722 RX LT,8538,125,35,71,47,36,64,1,-74,0,0,0
2026-07-17T11:19:51.848 RX LT,8558,125,35,113,57,36,64,1,-82,0,0,0
2026-07-17T11:19:51.848 RX LT,8578,125,35,104,14,36,64,1,-82,0,0,0
2026-07-17T11:19:51.848 RX LT,8598,125,35,71,55,36,64,1,-85,0,0,0
2026-07-17T11:19:51.848 RX LT,8618,125,35,113,14,36,64,1,-88,0,0,0
2026-07-17T11:19:51.848 RX LT,8638,125,35,104,55,36,64,1,-91,0,0,0
2026-07-17T11:19:51.848 RX LT,8658,125,35,60,57,36,64,1,-93,0,0,0
2026-07-17T11:19:51.972 RX LT,8678,125,35,69,47,36,64,1,-95,0,0,0
2026-07-17T11:19:51.972 RX LT,8698,125,35,69,57,36,64,1,-97,0,0,0
2026-07-17T11:19:51.972 RX LT,8718,125,35,102,47,36,64,1,-99,0,0,0
2026-07-17T11:19:51.972 RX LT,8738,125,35,104,13,36,64,1,-101,0,0,0
2026-07-17T11:19:51.972 RX LT,8758,125,35,71,55,36,64,1,-103,0,0,0
2026-07-17T11:19:51.972 RX LT,8778,125,35,69,14,36,64,1,-108,0,0,0
2026-07-17T11:19:52.101 RX LT,8798,125,35,113,11,36,64,1,-112,0,0,0
2026-07-17T11:19:52.101 RX LT,8818,125,35,104,55,36,64,1,-115,0,0,0
2026-07-17T11:19:52.101 RX LT,8838,125,35,104,14,36,64,1,-117,0,0,0
2026-07-17T11:19:52.101 RX LT,8858,125,35,104,55,36,64,1,-120,0,0,0
2026-07-17T11:19:52.101 RX LT,8878,125,35,104,46,36,64,1,-122,0,0,0
2026-07-17T11:19:52.101 RX LT,8898,125,35,104,13,36,64,1,-124,0,0,0
2026-07-17T11:19:52.226 RX LT,8918,125,35,104,55,36,64,1,-126,0,0,0
2026-07-17T11:19:52.226 RX LT,8938,125,35,104,46,36,64,1,-129,0,0,0
2026-07-17T11:19:52.226 RX LT,8958,125,35,104,13,36,64,1,-131,0,0,0
2026-07-17T11:19:52.226 RX LT,8978,125,35,104,11,36,64,1,-134,0,0,0
2026-07-17T11:19:52.226 RX LT,8998,125,35,104,55,36,64,1,-137,0,0,0
2026-07-17T11:19:52.226 RX LT,9018,125,35,60,46,36,64,1,-139,0,0,0
2026-07-17T11:19:52.372 RX LT,9038,125,35,69,13,36,64,1,-141,0,0,0
2026-07-17T11:19:52.372 RX LT,9058,125,35,69,11,36,64,1,-144,0,0,0
2026-07-17T11:19:52.372 RX LT,9078,125,35,69,55,36,64,1,-146,0,0,0
2026-07-17T11:19:52.372 RX LT,9098,125,35,69,46,36,64,1,-149,0,0,0
2026-07-17T11:19:52.372 RX LT,9118,125,35,69,46,36,64,1,-152,0,0,0
2026-07-17T11:19:52.372 RX LT,9138,125,35,113,46,36,64,1,-154,0,0,0
2026-07-17T11:19:52.372 RX LT,9158,125,35,104,13,36,64,1,-158,0,0,0
2026-07-17T11:19:52.498 RX LT,9178,125,35,104,11,36,64,1,-161,0,0,0
2026-07-17T11:19:52.498 RX LT,9198,125,35,71,11,23,96,1,-163,0,0,0
2026-07-17T11:19:52.498 RX LT,9218,125,35,113,11,23,96,1,-168,0,0,0
2026-07-17T11:19:52.498 RX LT,9238,125,35,104,11,23,96,1,-171,0,0,0
2026-07-17T11:19:52.498 RX LT,9258,125,35,71,55,23,96,1,-174,0,0,0
2026-07-17T11:19:52.498 RX LT,9278,125,35,113,46,23,96,1,-178,0,0,0
2026-07-17T11:19:52.623 RX LT,9298,125,35,104,46,23,96,1,-179,0,0,0
2026-07-17T11:19:52.623 RX LT,9318,125,35,71,46,23,96,1,-183,0,0,0
2026-07-17T11:19:52.623 RX LT,9338,125,35,113,46,23,96,1,-186,0,0,0
2026-07-17T11:19:52.623 RX LT,9358,125,35,72,46,23,96,1,-189,0,0,0
2026-07-17T11:19:52.623 RX LT,9378,125,35,113,46,23,96,1,-193,0,0,0
2026-07-17T11:19:52.623 RX LT,9398,125,35,72,13,23,96,1,-196,0,0,0
2026-07-17T11:19:52.750 RX LT,9418,125,35,113,11,23,96,1,-200,0,0,0
2026-07-17T11:19:52.750 RX LT,9438,125,35,72,11,23,96,1,-206,0,0,0
2026-07-17T11:19:52.750 RX LT,9458,125,35,113,11,23,96,1,-210,0,0,0
2026-07-17T11:19:52.750 RX LT,9478,123,61,115,55,11,32,1,-214,0,0,0
2026-07-17T11:19:52.750 RX LT,9498,125,59,115,46,11,32,1,-217,0,0,0
2026-07-17T11:19:52.750 RX LT,9518,125,59,72,13,11,32,1,-220,0,0,0
2026-07-17T11:19:52.874 RX LT,9538,125,59,113,55,11,32,1,-223,0,0,0
2026-07-17T11:19:52.874 RX LT,9558,125,59,115,14,11,32,1,-226,0,0,0
2026-07-17T11:19:52.874 RX LT,9578,125,59,115,55,11,32,1,-229,0,0,0
2026-07-17T11:19:52.874 RX LT,9598,125,59,115,46,11,32,1,-232,0,0,0
2026-07-17T11:19:52.874 RX LT,9618,130,94,115,57,6,48,1,-236,0,0,0
2026-07-17T11:19:52.874 RX LT,9638,130,94,115,47,6,48,1,-239,0,0,0
2026-07-17T11:19:53.021 RX LT,9658,130,94,105,57,6,48,1,-243,0,0,0
2026-07-17T11:19:53.021 RX LT,9678,130,94,115,57,6,48,1,-244,0,0,0
2026-07-17T11:19:53.021 RX LT,9698,130,94,72,57,6,48,1,-245,0,0,0
2026-07-17T11:19:53.021 RX LT,9718,130,94,113,57,6,48,1,-245,0,0,0
2026-07-17T11:19:53.021 RX LT,9738,130,94,115,57,6,48,1,-247,0,0,0
2026-07-17T11:19:53.021 RX LT,9758,130,94,115,57,6,48,1,-248,0,0,0
2026-07-17T11:19:53.021 RX LT,9778,130,94,115,57,6,48,1,-249,0,0,0
2026-07-17T11:19:53.145 RX LT,9798,130,94,115,68,6,48,1,-251,0,0,0
2026-07-17T11:19:53.145 RX SQUARE ERROR,GIMBAL HEADING GUARD
2026-07-17T11:19:53.145 TX STOP
2026-07-17T11:19:53.145 TX STOP
2026-07-17T11:19:53.272 RX OK STOP
2026-07-17T11:19:53.272 RX OK STOP
2026-07-17T11:19:53.272 TX PROFILE GIMBAL
2026-07-17T11:19:53.327 RX OK PROFILE GIMBAL FLASH 3
2026-07-17T11:19:53.327 TX PARAM
2026-07-17T11:19:53.484 RX PARAM,x1000,PROFILE,1,FLASHVER,3,GUARDVER,9,LKP,350,LKI,100,RKP,500,RKI,350,LFF,460,RFF,437,LMIN,32,RMIN,26,SYNC,1000,BIAS,50,GSTART,10,LINEKP,6750,LINEKD,2000,TURNANGLE,900,TURNFAST,185,TURNSLOW,140,TURNMARGIN,180,TURNEXIT,140,TURNDIST,98
2026-07-17T11:19:53.484 RX PARAM,x1000,PROFILE,1,FLASHVER,3,GUARDVER,9,LKP,350,LKI,100,RKP,500,RKI,350,LFF,460,RFF,437,LMIN,32,RMIN,26,SYNC,1000,BIAS,50,GSTART,10,LINEKP,6750,LINEKD,2000,TURNANGLE,900,TURNFAST,185,TURNSLOW,140,TURNMARGIN,180,TURNEXIT,140,TURNDIST,98
2026-07-17T11:19:53.484 TX SET TURNSLOW 80 1783777567
2026-07-17T11:19:53.617 RX SA,1783777567,TURNSLOW,80
2026-07-17T11:19:53.617 TX SET LKP 350 1783777568
2026-07-17T11:19:53.757 RX SA,1783777568,LKP,350
2026-07-17T11:19:53.757 TX SET LKI 100 1783777569
2026-07-17T11:19:53.900 RX SA,1783777569,LKI,100
2026-07-17T11:19:53.900 TX SET LFF 460 1783777570
2026-07-17T11:19:54.023 RX SA,1783777570,LFF,460
2026-07-17T11:19:54.023 TX SET LMIN 32 1783777571
2026-07-17T11:19:54.157 RX SA,1783777571,LMIN,32
2026-07-17T11:19:54.157 TX SET RKP 500 1783777572
2026-07-17T11:19:54.299 RX SA,1783777572,RKP,500
2026-07-17T11:19:54.299 TX SET RKI 350 1783777573
2026-07-17T11:19:54.430 RX SA,1783777573,RKI,350
2026-07-17T11:19:54.430 TX SET RFF 437 1783777574
2026-07-17T11:19:54.563 RX SA,1783777574,RFF,437
2026-07-17T11:19:54.563 TX SET RMIN 26 1783777575
2026-07-17T11:19:54.693 RX SA,1783777575,RMIN,26
2026-07-17T11:19:54.693 TX SET SYNC 1000 1783777576
2026-07-17T11:19:54.829 RX SA,1783777576,SYNC,1000
2026-07-17T11:19:54.829 TX SET BIAS 50 1783777577
2026-07-17T11:19:54.963 RX SA,1783777577,BIAS,50
2026-07-17T11:19:54.963 TX SET LINEKP 6750 1783777578
2026-07-17T11:19:55.093 RX SA,1783777578,LINEKP,6750
2026-07-17T11:19:55.093 TX SET LINEKD 2000 1783777579
2026-07-17T11:19:55.223 RX SA,1783777579,LINEKD,2000
2026-07-17T11:19:55.223 TX SET TURNANGLE 900 1783777580
2026-07-17T11:19:55.357 RX SA,1783777580,TURNANGLE,900
2026-07-17T11:19:55.357 TX SET TURNFAST 185 1783777581
2026-07-17T11:19:55.499 RX SA,1783777581,TURNFAST,185
2026-07-17T11:19:55.499 TX SET TURNMARGIN 180 1783777582
2026-07-17T11:19:55.629 RX SA,1783777582,TURNMARGIN,180
2026-07-17T11:19:55.629 TX SET TURNEXIT 140 1783777583
2026-07-17T11:19:55.763 RX SA,1783777583,TURNEXIT,140
2026-07-17T11:19:55.763 TX SET TURNDIST 98 1783777584
2026-07-17T11:19:55.896 RX SA,1783777584,TURNDIST,98
2026-07-17T11:19:55.896 TX SET GSTART 0 1783777585
2026-07-17T11:19:56.029 RX SA,1783777585,GSTART,0
2026-07-17T11:19:56.030 TX SET TURNSLOW 140 1783777586
2026-07-17T11:19:56.169 RX SA,1783777586,TURNSLOW,140
2026-07-17T11:19:56.171 TX STOP
