2026-07-19T14:20:03.788 TX HELLO 1737373023
2026-07-19T14:20:03.925 RX HELLO,1737373023,2,STBY,HIGH,ENCODER_MM_X1000,580,SAMPLE_MS,10
2026-07-19T14:20:03.925 TX STOP
2026-07-19T14:20:04.049 RX OK STOP
2026-07-19T14:20:04.049 TX PROFILE GIMBAL
2026-07-19T14:20:04.104 RX OK PROFILE GIMBAL FLASH 3
2026-07-19T14:20:04.104 TX PARAM
2026-07-19T14:20:04.266 RX PARAM,x1000,PROFILE,1,FLASHVER,3,GUARDVER,25,LKP,350,LKI,100,RKP,500,RKI,350,LFF,460,RFF,437,LMIN,32,RMIN,26,SYNC,1000,BIAS,50,GSTART,10,LINEKP,6750,LINEKD,2000,TURNANGLE,900,TURNFAST,185,TURNSLOW,140,TURNMARGIN,180,TURNEXIT,140,TURNDIST,98
2026-07-19T14:20:04.266 RX PARAM,x1000,PROFILE,1,FLASHVER,3,GUARDVER,25,LKP,350,LKI,100,RKP,500,RKI,350,LFF,460,RFF,437,LMIN,32,RMIN,26,SYNC,1000,BIAS,50,GSTART,10,LINEKP,6750,LINEKD,2000,TURNANGLE,900,TURNFAST,185,TURNSLOW,140,TURNMARGIN,180,TURNEXIT,140,TURNDIST,98
2026-07-19T14:20:04.267 TX PARAM
2026-07-19T14:20:04.267 TX STATUS
2026-07-19T14:20:04.321 RX PARAM,x1000,PROFILE,1,FLASHVER,3,GUARDVER,25,LKP,350,LKI,100,RKP,500,RKI,350,LFF,460,RFF,437,LMIN,32,RMIN,26,SYNC,1000,BIAS,50,GSTART,10,LINEKP,6750,LINEKD,2000,TURNANGLE,900,TURNFAST,185,TURNSLOW,140,TURNMARGIN,180,TURNEXIT,140,TURNDIST,98
2026-07-19T14:20:04.437 RX STATUS,106504,IDLE,0,0,0,0,0,0,SAFE,SELECTED_LAPS,1,STBY,HIGH
2026-07-19T14:20:04.437 TX SENSOR
2026-07-19T14:20:04.562 RX SENSOR,OK,24,0,93,0,24
2026-07-19T14:20:04.562 TX SENSOR
2026-07-19T14:20:04.703 RX SENSOR,OK,24,0,93,0,24
2026-07-19T14:20:04.703 TX SENSOR
2026-07-19T14:20:04.843 RX SENSOR,OK,24,0,93,0,24
2026-07-19T14:20:04.843 TX SENSOR
2026-07-19T14:20:04.982 RX SENSOR,OK,24,0,93,0,24
2026-07-19T14:20:04.982 TX SENSOR
2026-07-19T14:20:05.123 RX SENSOR,OK,24,0,93,0,24
2026-07-19T14:20:05.123 TX IMU
2026-07-19T14:20:05.264 RX IMU,OK,-953,9958,172,VER,1,1,0,0
2026-07-19T14:20:05.264 TX STREAM TUNE
2026-07-19T14:20:05.405 RX OK STREAM TUNE
2026-07-19T14:20:05.405 TX SQUARE 180 10 1737373024
2026-07-19T14:20:05.577 RX TEST START,SQUARE,180,10
2026-07-19T14:20:05.577 RX SQ,1737373024,OK
2026-07-19T14:20:05.577 RX LT,20,4,4,0,0,0,24,1,0,0,0,0
2026-07-19T14:20:05.577 RX LT,40,10,10,0,0,0,24,1,0,0,0,0
2026-07-19T14:20:05.577 RX LT,60,16,16,0,0,0,24,1,0,0,0,0
2026-07-19T14:20:05.577 RX LT,80,22,22,0,0,0,24,1,0,0,0,0
2026-07-19T14:20:05.577 RX LT,100,28,28,0,10,0,24,1,0,0,0,0
2026-07-19T14:20:05.577 RX LT,120,34,34,43,11,0,24,1,0,0,0,0
2026-07-19T14:20:05.725 RX LT,140,40,40,46,0,0,24,1,0,0,0,0
2026-07-19T14:20:05.725 RX LT,160,46,46,2,43,0,24,1,1,0,0,0
2026-07-19T14:20:05.725 RX LT,180,52,52,11,2,0,24,1,1,0,0,0
2026-07-19T14:20:05.725 RX LT,200,58,58,0,0,0,24,1,1,0,0,0
2026-07-19T14:20:05.725 RX LT,220,64,64,10,0,0,24,1,0,0,0,0
2026-07-19T14:20:05.725 RX LT,240,70,70,0,0,0,24,1,0,0,0,0
2026-07-19T14:20:05.725 RX LT,260,76,76,10,43,0,24,1,-1,0,0,0
2026-07-19T14:20:05.725 RX LT,280,82,82,44,2,0,24,1,-2,0,0,0
2026-07-19T14:20:05.871 RX LT,300,88,88,46,0,0,24,1,-3,0,0,0
2026-07-19T14:20:05.871 RX LT,320,94,94,46,10,0,24,1,-5,0,0,0
2026-07-19T14:20:05.871 RX LT,340,100,100,13,0,0,24,1,-7,0,0,0
2026-07-19T14:20:05.871 RX LT,360,106,106,55,10,0,24,1,-8,0,0,0
2026-07-19T14:20:05.871 RX LT,380,112,112,14,11,0,24,1,-10,0,0,0
2026-07-19T14:20:05.871 RX LT,400,118,118,55,55,0,24,1,-11,0,0,0
2026-07-19T14:20:06.018 RX LT,420,124,124,46,46,0,24,1,-11,0,0,0
2026-07-19T14:20:06.018 RX LT,440,130,130,13,57,0,24,1,-11,0,0,0
2026-07-19T14:20:06.018 RX LT,460,136,136,11,14,0,24,1,-10,0,0,0
2026-07-19T14:20:06.018 RX LT,480,142,142,55,55,0,24,1,-9,0,0,0
2026-07-19T14:20:06.018 RX LT,500,148,148,46,57,0,24,1,-7,0,0,0
2026-07-19T14:20:06.018 RX LT,520,154,154,13,57,0,24,1,-6,0,0,0
2026-07-19T14:20:06.018 RX LT,540,160,160,55,68,0,24,1,-4,0,0,0
2026-07-19T14:20:06.165 RX LT,560,166,166,14,102,0,24,1,-1,0,0,0
2026-07-19T14:20:06.165 RX LT,580,172,172,55,104,0,24,1,2,0,0,0
2026-07-19T14:20:06.165 RX LT,600,178,178,14,71,0,24,1,5,0,0,0
2026-07-19T14:20:06.165 RX LT,620,180,180,55,124,0,24,1,10,0,0,0
2026-07-19T14:20:06.165 RX LT,640,180,180,57,116,0,24,1,15,0,0,0
2026-07-19T14:20:06.165 RX LT,660,182,172,57,159,2,16,1,20,0,0,0
2026-07-19T14:20:06.165 TX SET LINEKP 8250 1737373025
2026-07-19T14:20:06.165 RX LT,680,182,172,101,118,2,16,1,25,0,0,0
2026-07-19T14:20:06.271 RX LT,700,188,166,60,127,2,16,1,33,0,0,0
2026-07-19T14:20:06.271 RX LT,720,194,152,101,127,6,48,1,38,0,0,0
2026-07-19T14:20:06.271 RX SA,1737373025,LINEKP,8250
2026-07-19T14:20:06.271 RX LT,740,175,159,104,171,6,48,1,43,0,0,0
2026-07-19T14:20:06.271 TX SET LINEKD 2350 1737373026
2026-07-19T14:20:06.271 RX LT,760,191,143,104,162,6,48,1,48,0,0,0
2026-07-19T14:20:06.271 RX LT,780,206,128,104,173,6,48,1,53,0,0,0
2026-07-19T14:20:06.394 RX LT,800,206,128,115,163,6,48,1,58,0,0,0
2026-07-19T14:20:06.394 RX LT,820,206,128,72,129,6,48,1,63,0,0,0
2026-07-19T14:20:06.394 RX SA,1737373026,LINEKD,2350
2026-07-19T14:20:06.394 RX LT,840,175,159,69,171,6,48,1,68,0,0,0
2026-07-19T14:20:06.394 RX LT,860,191,143,102,173,6,48,1,73,0,0,0
2026-07-19T14:20:06.394 RX LT,880,206,128,115,163,6,48,1,77,0,0,0
2026-07-19T14:20:06.394 RX LT,900,206,128,105,173,6,48,1,80,0,0,0
2026-07-19T14:20:06.522 RX LT,920,206,128,115,163,6,48,1,85,0,0,0
2026-07-19T14:20:06.522 RX LT,940,206,128,105,162,6,48,1,87,0,0,0
2026-07-19T14:20:06.522 RX LT,960,206,128,115,162,6,48,1,89,0,0,0
2026-07-19T14:20:06.522 RX LT,980,206,128,115,162,6,48,1,90,0,0,0
2026-07-19T14:20:06.522 RX LT,1000,203,121,115,162,11,32,1,91,0,0,0
2026-07-19T14:20:06.522 RX LT,1020,204,120,72,118,11,32,1,92,0,0,0
2026-07-19T14:20:06.667 RX LT,1040,218,106,113,127,11,32,1,93,0,0,0
2026-07-19T14:20:06.667 RX LT,1060,224,100,115,116,23,96,1,94,0,0,0
2026-07-19T14:20:06.667 RX LT,1080,225,99,115,116,23,96,1,94,0,0,0
2026-07-19T14:20:06.667 RX LT,1100,226,98,115,116,23,96,1,94,0,0,0
2026-07-19T14:20:06.667 RX LT,1120,226,98,115,116,23,96,1,93,0,0,0
2026-07-19T14:20:06.667 RX LT,1140,226,98,115,116,23,96,1,92,0,0,0
2026-07-19T14:20:06.667 RX LT,1160,226,98,115,116,23,96,1,91,0,0,0
2026-07-19T14:20:06.792 RX LT,1180,227,97,115,116,23,96,1,90,0,0,0
2026-07-19T14:20:06.792 RX LT,1200,227,97,115,116,23,96,1,88,0,0,0
2026-07-19T14:20:06.792 RX LT,1220,227,97,159,116,23,96,1,86,0,0,0
2026-07-19T14:20:06.792 RX LT,1240,227,97,118,116,23,96,1,83,0,0,0
2026-07-19T14:20:06.792 RX LT,1260,227,97,127,116,23,96,1,81,0,0,0
2026-07-19T14:20:06.792 RX LT,1280,227,97,160,116,23,96,1,78,0,0,0
2026-07-19T14:20:06.918 RX LT,1300,227,97,129,105,23,96,1,74,0,0,0
2026-07-19T14:20:06.918 RX LT,1320,227,97,127,115,23,96,1,70,0,0,0
2026-07-19T14:20:06.919 RX LT,1340,227,97,127,115,23,96,1,65,0,0,0
2026-07-19T14:20:06.919 RX LT,1360,227,97,127,115,23,96,1,58,0,0,0
2026-07-19T14:20:06.919 RX LT,1380,227,97,127,72,23,96,1,54,0,0,0
2026-07-19T14:20:06.919 RX LT,1400,227,97,171,113,23,96,1,50,0,0,0
2026-07-19T14:20:07.050 RX LT,1420,227,97,162,115,23,96,1,45,0,0,0
2026-07-19T14:20:07.051 RX LT,1440,227,97,173,115,23,96,1,41,0,0,0
2026-07-19T14:20:07.051 RX LT,1460,228,96,141,105,36,64,1,37,0,0,0
2026-07-19T14:20:07.051 RX LT,1480,229,95,117,82,36,64,1,32,0,0,0
2026-07-19T14:20:07.051 RX LT,1500,229,95,170,113,36,64,1,27,0,0,0
2026-07-19T14:20:07.051 RX LT,1520,229,95,162,104,36,64,1,22,0,0,0
2026-07-19T14:20:07.192 RX LT,1540,229,95,129,71,36,64,1,18,0,0,0
2026-07-19T14:20:07.192 RX LT,1560,229,95,127,69,36,64,1,13,0,0,0
2026-07-19T14:20:07.192 RX LT,1580,229,95,171,113,36,64,1,5,0,0,0
2026-07-19T14:20:07.192 RX LT,1600,229,95,130,104,36,64,1,1,0,0,0
2026-07-19T14:20:07.192 RX LT,1620,211,113,171,71,23,96,1,-4,0,0,0
2026-07-19T14:20:07.192 RX LT,1640,210,114,173,113,23,96,1,-10,0,0,0
2026-07-19T14:20:07.192 RX LT,1660,209,115,130,72,23,96,1,-15,0,0,0
2026-07-19T14:20:07.318 RX LT,1680,227,97,171,113,23,96,1,-19,0,0,0
2026-07-19T14:20:07.318 RX LT,1700,227,97,130,72,23,96,1,-24,0,0,0
2026-07-19T14:20:07.318 RX LT,1720,226,98,171,113,23,96,1,-28,0,0,0
2026-07-19T14:20:07.318 RX LT,1740,226,98,173,72,23,96,1,-34,0,0,0
2026-07-19T14:20:07.318 RX LT,1760,226,98,173,113,23,96,1,-39,0,0,0
2026-07-19T14:20:07.318 RX LT,1780,226,98,173,72,23,96,1,-45,0,0,0
2026-07-19T14:20:07.442 RX LT,1800,226,98,173,113,23,96,1,-53,0,0,0
2026-07-19T14:20:07.442 RX LT,1820,226,98,184,104,23,96,1,-59,0,0,0
2026-07-19T14:20:07.442 RX LT,1840,226,98,174,71,23,96,1,-65,0,0,0
2026-07-19T14:20:07.442 RX LT,1860,226,98,174,113,23,96,1,-71,0,0,0
2026-07-19T14:20:07.442 RX LT,1880,227,97,174,72,23,96,1,-74,0,0,0
2026-07-19T14:20:07.442 RX LT,1900,227,97,184,113,23,96,1,-80,0,0,0
2026-07-19T14:20:07.570 RX LT,1920,227,97,174,72,23,96,1,-86,0,0,0
2026-07-19T14:20:07.570 RX LT,1940,227,97,217,113,23,96,1,-91,0,0,0
2026-07-19T14:20:07.570 RX LT,1960,227,97,176,72,23,96,1,-97,0,0,0
2026-07-19T14:20:07.570 RX LT,1980,227,97,174,113,23,96,1,-102,0,0,0
2026-07-19T14:20:07.570 RX LT,2000,208,116,217,104,11,32,1,-108,0,0,0
2026-07-19T14:20:07.570 RX LT,2020,207,117,176,115,11,32,1,-116,0,0,0
2026-07-19T14:20:07.694 RX LT,2040,206,118,174,72,11,32,1,-121,0,0,0
2026-07-19T14:20:07.694 RX LT,2060,217,107,174,113,6,48,1,-125,0,0,0
2026-07-19T14:20:07.695 RX LT,2080,207,117,174,115,6,48,1,-130,0,0,0
2026-07-19T14:20:07.695 RX LT,2100,201,127,174,105,6,48,1,-135,0,0,0
2026-07-19T14:20:07.695 RX LT,2120,203,125,174,115,6,48,1,-138,0,0,0
2026-07-19T14:20:07.695 RX LT,2140,204,130,174,115,6,48,1,-141,0,0,0
2026-07-19T14:20:07.821 RX LT,2160,204,130,174,115,6,48,1,-145,0,0,0
2026-07-19T14:20:07.821 RX LT,2180,204,130,174,115,6,48,1,-149,0,0,0
2026-07-19T14:20:07.821 RX LT,2200,204,130,174,72,6,48,1,-152,0,0,0
2026-07-19T14:20:07.821 RX LT,2220,204,130,174,113,6,48,1,-155,0,0,0
2026-07-19T14:20:07.821 RX LT,2240,204,130,174,115,6,48,1,-160,0,0,0
2026-07-19T14:20:07.821 RX LT,2260,204,130,174,159,6,48,1,-163,0,0,0
2026-07-19T14:20:07.946 RX LT,2280,204,130,174,118,6,48,1,-166,0,0,0
2026-07-19T14:20:07.946 RX LT,2300,204,130,174,116,6,48,1,-169,0,0,0
2026-07-19T14:20:07.946 RX LT,2320,204,130,174,116,6,48,1,-172,0,0,0
2026-07-19T14:20:07.946 RX LT,2340,200,142,174,116,2,16,1,-175,0,0,0
2026-07-19T14:20:07.946 RX LT,2360,189,161,174,116,0,24,1,-178,0,0,0
2026-07-19T14:20:07.946 RX LT,2380,177,177,174,116,0,24,1,-181,0,0,0
2026-07-19T14:20:08.080 RX LT,2400,177,177,174,126,0,24,1,-183,0,0,0
2026-07-19T14:20:08.080 RX LT,2420,174,186,174,116,0,24,1,-185,0,0,0
2026-07-19T14:20:08.080 RX LT,2440,180,180,174,126,0,24,1,-186,0,0,0
2026-07-19T14:20:08.080 RX LT,2460,180,180,174,127,0,24,1,-186,0,0,0
2026-07-19T14:20:08.080 RX LT,2480,180,180,163,127,0,24,1,-186,0,0,0
2026-07-19T14:20:08.080 RX LT,2500,180,180,173,127,0,24,1,-186,0,0,0
2026-07-19T14:20:08.198 RX LT,2520,165,185,173,127,-6,12,1,-185,0,0,0
2026-07-19T14:20:08.198 RX LT,2540,155,191,163,171,-6,12,1,-185,0,0,0
2026-07-19T14:20:08.198 RX LT,2560,138,200,173,130,-6,12,1,-183,0,0,0
2026-07-19T14:20:08.198 RX LT,2580,132,206,163,171,-6,12,1,-182,0,0,0
2026-07-19T14:20:08.198 RX LT,2600,132,206,129,162,-6,12,1,-180,0,0,0
2026-07-19T14:20:08.198 RX LT,2620,128,206,127,173,-6,12,1,-177,0,0,0
2026-07-19T14:20:08.306 RX LT,2640,128,206,171,173,-6,12,1,-175,0,0,0
2026-07-19T14:20:08.306 RX LT,2660,128,206,162,173,-6,12,1,-172,0,0,0
2026-07-19T14:20:08.306 RX LT,2680,128,206,162,206,-6,12,1,-168,0,0,0
2026-07-19T14:20:08.306 RX LT,2700,128,206,162,165,-6,12,1,-165,0,0,0
2026-07-19T14:20:08.306 RX LT,2720,124,204,129,216,-11,4,1,-161,0,0,0
2026-07-19T14:20:08.430 RX LT,2740,120,204,127,176,-11,4,1,-156,0,0,0
2026-07-19T14:20:08.431 RX LT,2760,106,218,127,174,-11,4,1,-151,0,0,0
2026-07-19T14:20:08.431 RX LT,2780,106,218,160,217,-11,4,1,-146,0,0,0
2026-07-19T14:20:08.431 RX LT,2800,102,222,118,176,-18,6,1,-140,0,0,0
2026-07-19T14:20:08.431 RX LT,2820,101,223,127,217,-18,6,1,-135,0,0,0
2026-07-19T14:20:08.431 RX LT,2840,100,224,116,176,-18,6,1,-128,0,0,0
2026-07-19T14:20:08.554 RX LT,2860,100,224,116,185,-18,6,1,-122,0,0,0
2026-07-19T14:20:08.554 RX LT,2880,100,224,116,185,-18,6,1,-118,0,0,0
2026-07-19T14:20:08.554 RX LT,2900,100,224,116,229,-18,6,1,-105,0,0,0
2026-07-19T14:20:08.554 RX LT,2920,100,224,116,177,-18,6,1,-97,0,0,0
2026-07-19T14:20:08.554 RX LT,2940,100,224,116,185,-18,6,1,-88,0,0,0
2026-07-19T14:20:08.554 RX LT,2960,100,224,72,185,-18,6,1,-80,0,0,0
2026-07-19T14:20:08.681 RX LT,2980,100,224,113,229,-18,6,1,-71,0,0,0
2026-07-19T14:20:08.681 RX LT,3000,100,224,72,220,-18,6,1,-61,0,0,0
2026-07-19T14:20:08.681 RX LT,3020,102,222,113,187,-11,4,1,-52,0,0,0
2026-07-19T14:20:08.681 RX LT,3040,104,220,104,229,-11,4,1,-42,0,0,0
2026-07-19T14:20:08.681 RX LT,3060,105,219,71,220,-11,4,1,-32,0,0,0
2026-07-19T14:20:08.681 RX LT,3080,105,219,69,220,-11,4,1,-23,0,0,0
2026-07-19T14:20:08.808 RX LT,3100,106,218,113,231,-11,4,1,-18,0,0,0
2026-07-19T14:20:08.808 RX LT,3120,108,216,115,231,-11,4,1,-2,0,0,0
2026-07-19T14:20:08.808 RX LT,3140,108,216,105,231,-11,4,1,8,0,0,0
2026-07-19T14:20:08.808 RX LT,3160,118,206,60,231,-6,12,1,19,0,0,0
2026-07-19T14:20:08.808 RX LT,3180,125,199,58,221,-6,12,1,31,0,0,0
2026-07-19T14:20:08.808 RX LT,3200,129,199,68,231,-6,12,1,41,0,0,0
2026-07-19T14:20:08.953 RX LT,3220,136,198,69,221,-6,12,1,51,0,0,0
2026-07-19T14:20:08.953 RX LT,3240,136,198,102,220,-6,12,1,61,0,0,0
2026-07-19T14:20:08.953 RX LT,3260,136,198,60,187,-6,12,1,71,0,0,0
2026-07-19T14:20:08.953 RX LT,3280,136,198,69,218,-6,12,1,79,0,0,0
2026-07-19T14:20:08.953 RX LT,3300,136,198,69,187,-6,12,1,87,0,0,0
2026-07-19T14:20:08.953 RX LT,3320,152,190,102,218,-2,8,1,96,0,0,0
2026-07-19T14:20:08.953 RX LT,3340,164,182,60,176,0,24,1,108,0,0,0
2026-07-19T14:20:09.078 RX LT,3360,188,166,69,185,0,24,1,116,0,0,0
2026-07-19T14:20:09.079 RX LT,3380,189,165,69,174,0,24,1,124,0,0,0
2026-07-19T14:20:09.079 RX LT,3400,198,162,69,184,0,24,1,132,0,0,0
2026-07-19T14:20:09.079 RX LT,3420,198,162,69,174,0,24,1,138,0,0,0
2026-07-19T14:20:09.079 RX LT,3440,198,162,69,217,0,24,1,144,0,0,0
2026-07-19T14:20:09.079 RX LT,3460,192,168,113,133,0,24,1,148,0,0,0
2026-07-19T14:20:09.204 RX LT,3480,195,159,104,214,2,16,1,153,0,0,0
2026-07-19T14:20:09.204 RX LT,3500,200,150,115,165,6,48,1,157,0,0,0
2026-07-19T14:20:09.204 RX LT,3520,202,140,72,173,6,48,1,160,0,0,0
2026-07-19T14:20:09.204 RX LT,3540,208,130,113,173,6,48,1,164,0,0,0
2026-07-19T14:20:09.204 RX LT,3560,208,130,115,163,6,48,1,168,0,0,0
2026-07-19T14:20:09.204 RX LT,3580,208,130,115,129,6,48,1,170,0,0,0
2026-07-19T14:20:09.330 RX LT,3600,206,128,115,127,6,48,1,171,0,0,0
2026-07-19T14:20:09.330 RX LT,3620,206,128,115,127,6,48,1,172,0,0,0
2026-07-19T14:20:09.330 RX LT,3640,206,128,159,127,6,48,1,172,0,0,0
2026-07-19T14:20:09.330 RX LT,3660,206,128,118,171,6,48,1,172,0,0,0
2026-07-19T14:20:09.330 RX LT,3680,206,128,116,162,6,48,1,172,0,0,0
2026-07-19T14:20:09.330 RX LT,3700,204,124,159,162,11,32,1,171,0,0,0
2026-07-19T14:20:09.458 RX LT,3720,204,120,118,162,11,32,1,170,0,0,0
2026-07-19T14:20:09.458 RX LT,3740,218,106,127,162,11,32,1,168,0,0,0
2026-07-19T14:20:09.458 RX LT,3760,223,101,160,118,23,96,1,166,0,0,0
2026-07-19T14:20:09.458 RX LT,3780,225,99,162,116,23,96,1,161,0,0,0
2026-07-19T14:20:09.458 RX LT,3800,226,98,162,116,23,96,1,158,0,0,0
2026-07-19T14:20:09.458 RX LT,3820,226,98,162,116,23,96,1,155,0,0,0
2026-07-19T14:20:09.582 RX LT,3840,226,98,173,116,23,96,1,151,0,0,0
2026-07-19T14:20:09.582 RX LT,3860,226,98,163,126,23,96,1,149,0,0,0
2026-07-19T14:20:09.582 RX LT,3880,227,97,173,105,23,96,1,144,0,0,0
2026-07-19T14:20:09.582 RX LT,3900,227,97,130,126,23,96,1,138,0,0,0
2026-07-19T14:20:09.582 RX LT,3920,227,97,171,116,23,96,1,133,0,0,0
2026-07-19T14:20:09.582 RX LT,3940,227,97,173,116,23,96,1,127,0,0,0
2026-07-19T14:20:09.709 RX LT,3960,227,97,173,116,23,96,1,121,0,0,0
2026-07-19T14:20:09.710 RX LT,3980,227,97,173,116,23,96,1,114,0,0,0
2026-07-19T14:20:09.710 RX LT,4000,226,98,173,72,23,96,1,104,0,0,0
2026-07-19T14:20:09.710 RX LT,4020,226,98,217,156,23,96,1,97,0,0,0
2026-07-19T14:20:09.710 RX LT,4040,226,98,176,118,23,96,1,90,0,0,0
2026-07-19T14:20:09.710 RX LT,4060,226,98,174,105,23,96,1,83,0,0,0
2026-07-19T14:20:09.854 RX LT,4080,228,96,174,115,36,64,1,75,0,0,0
2026-07-19T14:20:09.854 RX LT,4100,228,96,217,72,36,64,1,68,0,0,0
2026-07-19T14:20:09.854 RX LT,4120,229,95,176,113,36,64,1,60,0,0,0
2026-07-19T14:20:09.854 RX LT,4140,229,95,174,72,36,64,1,52,0,0,0
2026-07-19T14:20:09.854 RX LT,4160,229,95,184,113,36,64,1,45,0,0,0
2026-07-19T14:20:09.854 RX LT,4180,229,95,174,72,36,64,1,37,0,0,0
2026-07-19T14:20:09.854 RX LT,4200,229,95,217,113,36,64,1,29,0,0,0
2026-07-19T14:20:09.980 RX LT,4220,229,95,176,104,36,64,1,17,0,0,0
2026-07-19T14:20:09.980 RX LT,4240,229,95,185,104,36,64,1,9,0,0,0
2026-07-19T14:20:09.980 RX LT,4260,210,114,174,71,23,96,1,1,0,0,0
2026-07-19T14:20:09.980 RX LT,4280,209,115,217,69,23,96,1,-3,0,0,0
2026-07-19T14:20:09.980 RX LT,4300,209,115,133,69,23,96,1,-11,0,0,0
2026-07-19T14:20:09.980 RX LT,4320,227,97,182,113,23,96,1,-17,0,0,0
2026-07-19T14:20:10.106 RX LT,4340,227,97,174,104,23,96,1,-23,0,0,0
2026-07-19T14:20:10.106 RX LT,4360,226,98,174,104,23,96,1,-30,0,0,0
2026-07-19T14:20:10.106 RX LT,4380,226,98,184,104,23,96,1,-38,0,0,0
2026-07-19T14:20:10.106 RX LT,4400,226,98,174,71,23,96,1,-45,0,0,0
2026-07-19T14:20:10.106 RX LT,4420,226,98,217,69,23,96,1,-53,0,0,0
2026-07-19T14:20:10.106 RX LT,4440,226,98,176,69,23,96,1,-61,0,0,0
2026-07-19T14:20:10.235 RX LT,4460,226,98,185,69,23,96,1,-69,0,0,0
2026-07-19T14:20:10.235 RX LT,4480,226,98,185,69,23,96,1,-77,0,0,0
2026-07-19T14:20:10.235 RX LT,4500,226,98,218,102,23,96,1,-85,0,0,0
2026-07-19T14:20:10.235 RX LT,4520,226,98,176,71,23,96,1,-92,0,0,0
2026-07-19T14:20:10.235 RX LT,4540,208,116,185,102,11,32,1,-100,0,0,0
2026-07-19T14:20:10.235 RX LT,4560,207,117,185,104,11,32,1,-108,0,0,0
2026-07-19T14:20:10.357 RX LT,4580,206,118,174,104,11,32,1,-116,0,0,0
2026-07-19T14:20:10.358 RX LT,4600,217,107,184,104,6,48,1,-123,0,0,0
2026-07-19T14:20:10.358 RX LT,4620,207,117,185,71,6,48,1,-130,0,0,0
2026-07-19T14:20:10.358 RX LT,4640,199,129,218,69,6,48,1,-142,0,0,0
2026-07-19T14:20:10.358 RX LT,4660,199,129,359,191,6,48,1,-147,0,0,0
2026-07-19T14:20:10.358 RX LT,4680,199,129,185,109,6,48,1,-153,0,0,0
2026-07-19T14:20:10.484 RX LT,4700,198,136,218,72,6,48,1,-159,0,0,0
2026-07-19T14:20:10.484 RX LT,4720,198,136,220,113,6,48,1,-165,0,0,0
2026-07-19T14:20:10.484 RX LT,4740,198,136,176,104,6,48,1,-171,0,0,0
2026-07-19T14:20:10.484 RX LT,4760,202,132,217,71,6,48,1,-176,0,0,0
2026-07-19T14:20:10.484 RX LT,4780,198,136,176,113,6,48,1,-185,0,0,0
2026-07-19T14:20:10.484 RX LT,4800,196,146,217,72,2,16,1,-190,0,0,0
2026-07-19T14:20:10.621 RX LT,4820,185,165,176,113,0,24,1,-196,0,0,0
2026-07-19T14:20:10.621 RX LT,4840,171,183,185,115,0,24,1,-201,0,0,0
2026-07-19T14:20:10.621 RX LT,4860,171,183,218,115,0,24,1,-206,0,0,0
2026-07-19T14:20:10.621 RX LT,4880,168,192,176,115,0,24,1,-210,0,0,0
2026-07-19T14:20:10.621 RX LT,4900,174,186,185,159,0,24,1,-213,0,0,0
2026-07-19T14:20:10.621 RX LT,4920,174,186,174,118,0,24,1,-216,0,0,0
2026-07-19T14:20:10.749 RX LT,4952,174,186,217,160,0,24,1,-221,0,0,0
2026-07-19T14:20:10.749 RX LT,4973,152,194,263,194,-6,12,1,-222,0,0,0
2026-07-19T14:20:10.749 RX LT,4993,148,194,136,164,-6,12,1,-224,0,0,0
2026-07-19T14:20:10.749 RX LT,5013,132,206,171,162,-6,12,1,-225,0,0,0
2026-07-19T14:20:10.749 RX LT,5033,132,206,173,129,-6,12,1,-225,0,0,0
2026-07-19T14:20:10.749 RX LT,5053,128,206,173,127,-6,12,1,-224,0,0,0
2026-07-19T14:20:10.875 RX LT,5073,128,206,163,171,-6,12,1,-223,0,0,0
2026-07-19T14:20:10.875 RX LT,5093,121,203,173,173,-11,4,1,-221,0,0,0
2026-07-19T14:20:10.875 RX LT,5113,103,221,163,163,-18,6,1,-219,0,0,0
2026-07-19T14:20:10.875 RX LT,5133,101,223,129,173,-18,6,1,-213,0,0,0
2026-07-19T14:20:10.875 RX LT,5153,101,223,127,173,-18,6,1,-208,0,0,0
2026-07-19T14:20:10.875 RX LT,5173,100,224,116,173,-18,6,1,-204,0,0,0
2026-07-19T14:20:11.001 RX LT,5193,100,224,126,173,-18,6,1,-199,0,0,0
2026-07-19T14:20:11.001 RX LT,5213,100,224,127,184,-18,6,1,-194,0,0,0
2026-07-19T14:20:11.001 RX LT,5233,100,224,116,174,-18,6,1,-188,0,0,0
2026-07-19T14:20:11.001 RX LT,5253,100,224,126,184,-18,6,1,-181,0,0,0
2026-07-19T14:20:11.001 RX LT,5273,100,224,127,185,-18,6,1,-173,0,0,0
2026-07-19T14:20:11.001 RX LT,5293,100,224,116,185,-18,6,1,-165,0,0,0
2026-07-19T14:20:11.108 RX LT,5313,100,224,126,229,-18,6,1,-157,0,0,0
2026-07-19T14:20:11.108 RX LT,5333,100,224,116,188,-18,6,1,-148,0,0,0
2026-07-19T14:20:11.108 RX LT,5353,99,225,116,185,-25,2,1,-136,0,0,0
2026-07-19T14:20:11.108 RX LT,5373,98,226,116,229,-25,2,1,-127,0,0,0
2026-07-19T14:20:11.108 RX LT,5393,98,226,116,231,-25,2,1,-118,0,0,0
2026-07-19T14:20:11.252 RX LT,5413,98,226,116,188,-25,2,1,-109,0,0,0
2026-07-19T14:20:11.252 RX LT,5433,98,226,116,229,-25,2,1,-100,0,0,0
2026-07-19T14:20:11.252 RX LT,5453,97,227,116,231,-25,2,1,-90,0,0,0
2026-07-19T14:20:11.252 RX LT,5473,97,227,105,188,-25,2,1,-80,0,0,0
2026-07-19T14:20:11.252 RX LT,5493,98,226,115,196,-18,6,1,-70,0,0,0
2026-07-19T14:20:11.252 RX LT,5513,99,225,105,229,-18,6,1,-61,0,0,0
2026-07-19T14:20:11.252 RX LT,5533,100,224,60,220,-18,6,1,-51,0,0,0
2026-07-19T14:20:11.378 RX LT,5553,100,224,112,220,-18,6,1,-42,0,0,0
2026-07-19T14:20:11.378 RX LT,5573,101,223,104,231,-18,6,1,-27,0,0,0
2026-07-19T14:20:11.378 RX LT,5593,101,223,71,188,-18,6,1,-18,0,0,0
2026-07-19T14:20:11.378 RX LT,5613,101,223,69,229,-18,6,1,-8,0,0,0
2026-07-19T14:20:11.378 RX LT,5633,101,223,69,231,-18,6,1,2,0,0,0
2026-07-19T14:20:11.378 RX LT,5653,101,223,69,188,-18,6,1,11,0,0,0
2026-07-19T14:20:11.504 RX LT,5673,101,223,69,229,-18,6,1,16,0,0,0
2026-07-19T14:20:11.504 RX LT,5693,100,224,69,231,-18,6,1,25,0,0,0
2026-07-19T14:20:11.504 RX LT,5713,100,224,69,188,-18,6,1,35,0,0,0
2026-07-19T14:20:11.504 RX LT,5733,102,222,69,229,-11,4,1,45,0,0,0
2026-07-19T14:20:11.504 RX LT,5753,104,220,69,231,-11,4,1,55,0,0,0
2026-07-19T14:20:11.504 RX LT,5773,105,219,69,231,-11,4,1,64,0,0,0
2026-07-19T14:20:11.629 RX LT,5793,110,214,69,231,-6,12,1,79,0,0,0
2026-07-19T14:20:11.629 RX LT,5813,124,200,69,231,-6,12,1,89,0,0,0
2026-07-19T14:20:11.629 RX LT,5833,132,196,69,188,-6,12,1,98,0,0,0
2026-07-19T14:20:11.629 RX LT,5853,132,196,69,229,-6,12,1,107,0,0,0
2026-07-19T14:20:11.629 RX LT,5873,141,193,69,231,-6,12,1,116,0,0,0
2026-07-19T14:20:11.629 RX LT,5893,141,193,69,188,-6,12,1,124,0,0,0
2026-07-19T14:20:11.757 RX LT,5913,151,187,69,229,-2,8,1,132,0,0,0
2026-07-19T14:20:11.757 RX LT,5933,165,181,113,220,0,24,1,140,0,0,0
2026-07-19T14:20:11.757 RX LT,5953,187,163,104,187,0,24,1,147,0,0,0
2026-07-19T14:20:11.757 RX LT,5973,189,165,71,185,0,24,1,154,0,0,0
2026-07-19T14:20:11.757 RX LT,5993,198,162,113,185,0,24,1,160,0,0,0
2026-07-19T14:20:11.757 RX LT,6013,198,162,115,218,0,24,1,168,0,0,0
2026-07-19T14:20:11.885 RX LT,6033,192,168,115,176,0,24,1,172,0,0,0
2026-07-19T14:20:11.885 RX LT,6053,200,150,115,185,6,48,1,176,0,0,0
2026-07-19T14:20:11.885 RX LT,6073,202,140,159,185,6,48,1,179,0,0,0
2026-07-19T14:20:11.885 RX LT,6093,208,130,118,174,6,48,1,181,0,0,0
2026-07-19T14:20:11.885 RX LT,6113,208,130,127,184,6,48,1,183,0,0,0
2026-07-19T14:20:11.885 RX LT,6133,206,132,160,131,6,48,1,183,0,0,0
2026-07-19T14:20:12.009 RX LT,6153,206,128,162,138,6,48,1,183,0,0,0
2026-07-19T14:20:12.009 RX LT,6173,206,128,118,171,6,48,1,182,0,0,0
2026-07-19T14:20:12.009 RX LT,6193,206,128,170,173,6,48,1,181,0,0,0
2026-07-19T14:20:12.009 RX LT,6213,206,128,162,163,6,48,1,179,0,0,0
2026-07-19T14:20:12.009 RX LT,6233,203,121,162,129,11,32,1,175,0,0,0
2026-07-19T14:20:12.009 RX LT,6253,222,102,129,171,23,96,1,173,0,0,0
2026-07-19T14:20:12.135 RX LT,6273,225,99,171,119,23,96,1,169,0,0,0
2026-07-19T14:20:12.135 RX LT,6293,226,98,130,127,23,96,1,165,0,0,0
2026-07-19T14:20:12.135 RX LT,6313,226,98,171,160,23,96,1,161,0,0,0
2026-07-19T14:20:12.135 RX LT,6333,226,98,173,118,23,96,1,156,0,0,0
2026-07-19T14:20:12.135 RX LT,6353,226,98,173,116,23,96,1,150,0,0,0
2026-07-19T14:20:12.135 RX LT,6373,227,97,173,126,23,96,1,143,0,0,0
2026-07-19T14:20:12.281 RX LT,6393,227,97,173,116,23,96,1,137,0,0,0
2026-07-19T14:20:12.281 RX LT,6413,227,97,173,116,23,96,1,130,0,0,0
2026-07-19T14:20:12.281 RX LT,6433,227,97,173,116,23,96,1,123,0,0,0
2026-07-19T14:20:12.281 RX LT,6453,227,97,173,126,36,64,1,114,0,0,0
2026-07-19T14:20:12.281 RX LT,6473,228,96,173,116,36,64,1,107,0,0,0
2026-07-19T14:20:12.281 RX LT,6493,229,95,173,116,36,64,1,99,0,0,0
2026-07-19T14:20:12.281 RX LT,6513,229,95,141,116,36,64,1,92,0,0,0
2026-07-19T14:20:12.405 RX LT,6533,229,95,182,72,36,64,1,85,0,0,0
2026-07-19T14:20:12.405 RX LT,6553,229,95,174,124,36,64,1,77,0,0,0
2026-07-19T14:20:12.405 RX LT,6573,229,95,184,116,36,64,1,69,0,0,0
2026-07-19T14:20:12.405 RX LT,6593,229,95,174,72,36,64,1,61,0,0,0
2026-07-19T14:20:12.405 RX LT,6613,229,95,217,113,36,64,1,53,0,0,0
2026-07-19T14:20:12.406 RX LT,6633,229,95,220,115,36,64,1,46,0,0,0
2026-07-19T14:20:12.531 RX LT,6653,229,95,176,115,36,64,1,42,0,0,0
2026-07-19T14:20:12.531 RX LT,6673,229,95,185,105,36,64,1,30,0,0,0
2026-07-19T14:20:12.531 RX LT,6693,229,95,218,115,36,64,1,21,0,0,0
2026-07-19T14:20:12.532 RX LT,6713,229,95,176,105,36,64,1,12,0,0,0
2026-07-19T14:20:12.532 RX LT,6733,229,95,185,115,36,64,1,4,0,0,0
2026-07-19T14:20:12.532 RX LT,6753,229,95,185,105,36,64,1,-5,0,0,0
2026-07-19T14:20:12.662 RX LT,6773,229,95,185,71,36,64,1,-14,0,0,0
2026-07-19T14:20:12.662 RX LT,6793,229,95,185,113,36,64,1,-23,0,0,0
2026-07-19T14:20:12.662 RX LT,6813,229,95,229,72,36,64,1,-32,0,0,0
2026-07-19T14:20:12.662 RX LT,6833,229,95,220,113,36,64,1,-41,0,0,0
2026-07-19T14:20:12.662 RX LT,6853,229,95,220,104,36,64,1,-50,0,0,0
2026-07-19T14:20:12.662 RX LT,6873,229,95,231,115,36,64,1,-55,0,0,0
2026-07-19T14:20:12.785 RX LT,6893,229,95,231,72,36,64,1,-70,0,0,0
2026-07-19T14:20:12.785 RX LT,6913,211,113,221,69,23,96,1,-80,0,0,0
2026-07-19T14:20:12.785 RX LT,6933,209,115,231,113,23,96,1,-90,0,0,0
2026-07-19T14:20:12.785 RX LT,6953,209,115,188,104,23,96,1,-99,0,0,0
2026-07-19T14:20:12.785 RX LT,6973,226,98,229,71,23,96,1,-109,0,0,0
2026-07-19T14:20:12.785 RX LT,6993,226,98,188,69,23,96,1,-118,0,0,0
2026-07-19T14:20:12.913 RX LT,7013,226,98,229,113,23,96,1,-127,0,0,0
2026-07-19T14:20:12.913 RX LT,7033,226,98,188,72,23,96,1,-136,0,0,0
2026-07-19T14:20:12.913 RX LT,7053,226,98,229,69,23,96,1,-145,0,0,0
2026-07-19T14:20:12.913 RX LT,7073,226,98,188,113,23,96,1,-154,0,0,0
2026-07-19T14:20:12.913 RX LT,7093,226,98,229,72,23,96,1,-166,0,0,0
2026-07-19T14:20:12.913 RX LT,7113,208,116,188,113,11,32,1,-175,0,0,0
2026-07-19T14:20:13.036 RX LT,7133,206,118,229,104,11,32,1,-183,0,0,0
2026-07-19T14:20:13.037 RX LT,7153,204,120,188,71,6,48,1,-192,0,0,0
2026-07-19T14:20:13.037 RX LT,7173,199,125,229,69,6,48,1,-200,0,0,0
2026-07-19T14:20:13.037 RX LT,7193,197,127,188,113,6,48,1,-207,0,0,0
2026-07-19T14:20:13.037 RX LT,7213,199,129,185,115,6,48,1,-213,0,0,0
2026-07-19T14:20:13.037 RX LT,7233,198,136,218,105,6,48,1,-219,0,0,0
2026-07-19T14:20:13.163 RX LT,7253,198,136,187,115,6,48,1,-226,0,0,0
2026-07-19T14:20:13.163 RX LT,7273,198,136,185,115,6,48,1,-231,0,0,0
2026-07-19T14:20:13.163 RX LT,7293,183,151,185,115,-12,51,1,-237,0,0,0
2026-07-19T14:20:13.163 RX LT,7313,165,159,185,115,-12,51,1,-245,0,0,0
2026-07-19T14:20:13.163 RX LT,7333,140,140,185,115,0,31,0,0,0,1,0
2026-07-19T14:20:13.163 RX LT,7353,140,140,174,115,0,31,0,0,0,1,0
2026-07-19T14:20:13.307 RX LT,7373,140,140,184,115,0,31,0,0,0,1,0
2026-07-19T14:20:13.307 RX LT,7393,-185,185,185,126,-9,30,1,-2,0,2,1
2026-07-19T14:20:13.307 RX LT,7413,-185,185,44,160,-9,30,1,-4,0,2,4
2026-07-19T14:20:13.307 RX LT,7433,-185,185,46,162,-3,28,1,-3,0,2,5
2026-07-19T14:20:13.307 RX LT,7453,-185,185,2,162,-3,28,1,8,0,2,7
2026-07-19T14:20:13.307 RX LT,7473,-185,185,0,216,-3,28,1,23,0,2,9
2026-07-19T14:20:13.307 RX LT,7493,-185,185,54,176,0,24,1,44,0,2,11
2026-07-19T14:20:13.414 RX LT,7513,-185,185,101,163,0,24,1,66,0,2,13
2026-07-19T14:20:13.414 RX LT,7533,-185,185,71,173,0,24,1,89,0,2,16
2026-07-19T14:20:13.414 RX LT,7553,-185,185,69,217,2,16,1,124,0,2,19
2026-07-19T14:20:13.414 RX LT,7573,-185,185,113,176,2,16,1,147,0,2,22
2026-07-19T14:20:13.414 RX LT,7593,-185,185,126,174,6,48,1,172,0,2,25
2026-07-19T14:20:13.541 RX LT,7613,-185,185,116,174,2,16,1,197,0,2,28
2026-07-19T14:20:13.541 RX LT,7633,-185,185,159,184,0,0,0,222,0,2,31
2026-07-19T14:20:13.541 RX LT,7653,-185,185,162,174,0,0,0,248,0,2,35
2026-07-19T14:20:13.541 RX LT,7673,-185,185,129,184,0,0,0,274,0,2,38
2026-07-19T14:20:13.541 RX LT,7693,-184,184,171,185,-24,7,1,301,0,2,42
2026-07-19T14:20:13.541 RX LT,7713,-181,181,184,174,-24,7,1,327,0,2,45
2026-07-19T14:20:13.664 RX LT,7733,-177,177,163,228,-24,7,1,355,0,2,49
2026-07-19T14:20:13.664 RX LT,7753,-137,137,162,231,-24,7,1,381,0,2,53
2026-07-19T14:20:13.664 RX LT,7773,-134,134,129,221,-18,15,1,420,0,2,57
2026-07-19T14:20:13.664 RX LT,7793,-130,130,171,187,-12,14,1,446,0,2,61
2026-07-19T14:20:13.664 RX LT,7813,-128,128,162,229,-12,14,1,471,0,2,64
2026-07-19T14:20:13.664 RX LT,7833,-125,125,118,188,-12,14,1,495,0,2,67
2026-07-19T14:20:13.790 RX LT,7853,-122,122,127,185,-12,14,1,519,0,2,71
2026-07-19T14:20:13.790 RX TURN CAPTURE,1,542,74,12,-6
2026-07-19T14:20:13.790 RX LT,7873,0,0,127,185,-6,12,1,542,0,5,74
2026-07-19T14:20:13.790 RX LT,7893,0,0,127,174,-3,28,1,564,0,5,77
2026-07-19T14:20:13.790 RX LT,7913,0,0,51,108,-3,28,1,586,0,5,79
2026-07-19T14:20:13.790 RX LT,7933,0,0,46,115,-3,28,1,602,0,5,80
2026-07-19T14:20:13.790 RX LT,7953,0,0,46,126,-3,28,1,614,0,5,82
2026-07-19T14:20:13.918 RX LT,7973,0,0,57,116,-3,28,1,624,0,5,83
2026-07-19T14:20:13.918 RX LT,7993,0,0,57,61,0,24,1,636,0,5,85
2026-07-19T14:20:13.918 RX LT,8013,0,0,47,58,0,24,1,642,0,5,86
2026-07-19T14:20:13.918 RX LT,8033,0,0,2,58,0,24,1,646,0,5,86
2026-07-19T14:20:13.918 RX LT,8053,0,0,11,14,0,24,1,648,0,5,87
2026-07-19T14:20:13.918 RX LT,8073,0,0,0,0,0,24,1,648,0,6,87
2026-07-19T14:20:14.023 RX LT,8093,100,100,0,10,0,24,1,646,0,6,87
2026-07-19T14:20:14.023 RX LT,8113,100,100,43,55,0,24,1,642,0,6,88
2026-07-19T14:20:14.024 RX TURN CENTER,1,639,88,24,0
2026-07-19T14:20:14.024 RX TURN LEARN,1,900,92
2026-07-19T14:20:14.024 RX TURN DONE,1,639,790
2026-07-19T14:20:14.024 RX LT,8133,180,180,2,14,0,24,1,-4,1,0,88
2026-07-19T14:20:14.024 RX LT,8153,180,180,11,0,0,24,1,-9,1,0,88
2026-07-19T14:20:14.024 RX LT,8173,180,180,55,54,0,24,1,-13,1,0,88
2026-07-19T14:20:14.147 RX LT,8193,174,186,46,57,0,24,1,-18,1,0,88
2026-07-19T14:20:14.147 RX LT,8213,180,180,13,57,0,24,1,-21,1,0,88
2026-07-19T14:20:14.147 RX LT,8233,180,180,66,112,0,24,1,-23,1,0,88
2026-07-19T14:20:14.147 RX LT,8253,171,183,58,104,-3,28,1,-24,1,0,88
2026-07-19T14:20:14.147 RX LT,8273,163,187,58,115,-3,28,1,-25,1,0,88
2026-07-19T14:20:14.147 RX LT,8293,155,191,58,126,-6,12,1,-25,1,0,88
2026-07-19T14:20:14.271 RX LT,8313,138,200,68,116,-6,12,1,-25,1,0,88
2026-07-19T14:20:14.271 RX LT,8333,132,206,58,170,-6,12,1,-24,1,0,88
2026-07-19T14:20:14.271 RX LT,8353,132,206,101,162,-6,12,1,-22,1,0,88
2026-07-19T14:20:14.271 RX LT,8373,128,206,49,173,-6,12,1,-18,1,0,88
2026-07-19T14:20:14.271 RX LT,8393,128,206,57,173,-6,12,1,-14,1,0,88
2026-07-19T14:20:14.271 RX LT,8413,130,204,68,184,-6,12,1,-6,1,0,88
2026-07-19T14:20:14.398 RX LT,8433,130,204,15,174,-6,12,1,0,1,0,88
2026-07-19T14:20:14.398 RX LT,8453,130,204,66,184,-6,12,1,6,1,0,88
2026-07-19T14:20:14.398 RX LT,8473,130,204,58,185,-6,12,1,12,1,0,88
2026-07-19T14:20:14.398 RX LT,8493,130,204,58,185,-6,12,1,19,1,0,88
2026-07-19T14:20:14.398 RX LT,8513,130,204,58,185,-6,12,1,26,1,0,88
2026-07-19T14:20:14.398 RX LT,8533,130,204,101,229,-6,12,1,32,1,0,88
2026-07-19T14:20:14.525 RX LT,8553,130,204,60,220,-6,12,1,38,1,0,88
2026-07-19T14:20:14.525 RX LT,8573,130,204,58,220,-6,12,1,45,1,0,88
2026-07-19T14:20:14.526 RX LT,8593,130,204,58,187,-6,12,1,52,1,0,88
2026-07-19T14:20:14.526 RX LT,8613,125,203,68,185,-11,4,1,59,1,0,88
2026-07-19T14:20:14.526 RX LT,8633,127,201,58,229,-6,12,1,69,1,0,88
2026-07-19T14:20:14.526 RX LT,8653,127,201,58,220,-6,12,1,75,1,0,88
2026-07-19T14:20:14.650 RX LT,8673,132,202,101,187,-6,12,1,82,1,0,88
2026-07-19T14:20:14.650 RX LT,8693,132,202,60,185,-6,12,1,88,1,0,88
2026-07-19T14:20:14.650 RX LT,8713,132,202,58,185,-6,12,1,94,1,0,88
2026-07-19T14:20:14.650 RX LT,8733,132,202,101,229,-6,12,1,101,1,0,88
2026-07-19T14:20:14.650 RX LT,8753,132,202,60,188,-6,12,1,107,1,0,88
2026-07-19T14:20:14.650 RX LT,8773,132,202,58,185,-6,12,1,113,1,0,88
2026-07-19T14:20:14.776 RX LT,8793,130,204,68,185,-6,12,1,116,1,0,88
2026-07-19T14:20:14.776 RX LT,8813,130,204,58,229,-6,12,1,122,1,0,88
2026-07-19T14:20:14.776 RX LT,8833,130,204,101,220,-6,12,1,128,1,0,88
2026-07-19T14:20:14.776 RX LT,8853,142,200,60,231,-2,8,1,138,1,0,88
2026-07-19T14:20:14.776 RX LT,8873,154,192,101,221,-2,8,1,144,1,0,88
2026-07-19T14:20:14.776 RX LT,8893,164,182,60,187,-2,8,1,150,1,0,88
2026-07-19T14:20:14.901 RX LT,8913,175,175,69,185,-2,8,1,155,1,0,88
2026-07-19T14:20:14.901 RX LT,8933,175,175,102,185,-2,8,1,160,1,0,88
2026-07-19T14:20:14.901 RX LT,8953,175,175,104,185,-2,8,1,165,1,0,88
2026-07-19T14:20:14.901 RX LT,8973,175,175,104,185,-2,8,1,169,1,0,88
2026-07-19T14:20:14.901 RX LT,8993,175,175,71,185,-2,8,1,172,1,0,88
2026-07-19T14:20:14.901 RX LT,9013,169,181,113,218,-2,8,1,175,1,0,88
2026-07-19T14:20:15.027 RX LT,9033,177,177,104,176,0,24,1,177,1,0,88
2026-07-19T14:20:15.027 RX LT,9053,177,177,115,185,0,24,1,179,1,0,88
2026-07-19T14:20:15.027 RX LT,9073,186,174,115,218,0,24,1,182,1,0,88
2026-07-19T14:20:15.028 RX LT,9093,186,174,115,220,2,16,1,183,1,0,88
2026-07-19T14:20:15.028 RX LT,9113,183,171,115,176,2,16,1,184,1,0,88
2026-07-19T14:20:15.028 RX LT,9133,183,171,115,185,2,16,1,186,1,0,88
2026-07-19T14:20:15.168 RX LT,9153,187,163,115,218,2,16,1,187,1,0,88
2026-07-19T14:20:15.168 RX LT,9173,187,163,115,176,2,16,1,187,1,0,88
2026-07-19T14:20:15.168 RX LT,9193,187,163,126,185,2,16,1,187,1,0,88
2026-07-19T14:20:15.168 RX LT,9213,187,163,116,174,2,16,1,187,1,0,88
2026-07-19T14:20:15.168 RX LT,9246,190,156,126,184,6,48,1,186,1,0,88
2026-07-19T14:20:15.168 RX LT,9267,200,138,127,141,6,48,1,185,1,0,88
2026-07-19T14:20:15.294 RX LT,9287,206,132,127,171,6,48,1,183,1,0,88
2026-07-19T14:20:15.294 RX LT,9308,206,132,127,173,6,48,1,181,1,0,88
2026-07-19T14:20:15.294 RX LT,9328,206,128,171,173,6,48,1,179,1,0,88
2026-07-19T14:20:15.294 RX LT,9348,203,121,162,173,11,32,1,176,1,0,88
2026-07-19T14:20:15.294 RX LT,9368,204,120,129,163,11,32,1,172,1,0,88
2026-07-19T14:20:15.294 RX LT,9388,218,106,171,129,11,32,1,168,1,0,88
2026-07-19T14:20:15.421 RX LT,9408,218,106,173,127,11,32,1,162,1,0,88
2026-07-19T14:20:15.421 RX LT,9428,218,106,173,127,11,32,1,153,1,0,88
2026-07-19T14:20:15.421 RX LT,9448,218,106,173,160,11,32,1,146,1,0,88
2026-07-19T14:20:15.421 RX LT,9468,218,106,206,118,11,32,1,138,1,0,88
2026-07-19T14:20:15.421 RX LT,9488,218,106,132,127,11,32,1,130,1,0,88
2026-07-19T14:20:15.421 RX LT,9508,218,106,214,160,11,32,1,122,1,0,88
2026-07-19T14:20:15.545 RX LT,9528,218,106,176,118,11,32,1,114,1,0,88
2026-07-19T14:20:15.546 RX LT,9548,218,106,174,159,11,32,1,107,1,0,88
2026-07-19T14:20:15.546 RX LT,9568,217,107,174,118,11,32,1,98,1,0,88
2026-07-19T14:20:15.546 RX LT,9588,217,107,184,127,11,32,1,90,1,0,88
2026-07-19T14:20:15.546 RX LT,9608,217,107,174,160,11,32,1,82,1,0,88
2026-07-19T14:20:15.546 RX LT,9628,217,107,217,118,11,32,1,74,1,0,88
2026-07-19T14:20:15.670 RX LT,9648,216,108,176,116,11,32,1,60,1,0,88
2026-07-19T14:20:15.670 RX LT,9668,216,108,217,159,11,32,1,51,1,0,88
2026-07-19T14:20:15.670 RX LT,9688,216,108,176,118,11,32,1,41,1,0,88
2026-07-19T14:20:15.670 RX LT,9708,216,108,185,116,11,32,1,32,1,0,88
2026-07-19T14:20:15.670 RX LT,9728,216,108,218,116,11,32,1,22,1,0,88
2026-07-19T14:20:15.670 RX LT,9748,216,108,176,126,11,32,1,13,1,0,88
2026-07-19T14:20:15.797 RX LT,9768,216,108,217,116,11,32,1,5,1,0,88
2026-07-19T14:20:15.797 RX LT,9788,216,108,220,105,11,32,1,-4,1,0,88
2026-07-19T14:20:15.797 RX LT,9808,216,108,176,126,11,32,1,-14,1,0,88
2026-07-19T14:20:15.797 RX LT,9828,216,108,185,105,11,32,1,-23,1,0,88
2026-07-19T14:20:15.797 RX LT,9848,216,108,185,115,11,32,1,-33,1,0,88
2026-07-19T14:20:15.797 RX LT,9868,214,110,185,115,11,32,1,-47,1,0,88
2026-07-19T14:20:15.904 RX LT,9888,214,110,185,115,11,32,1,-56,1,0,88
2026-07-19T14:20:15.904 RX LT,9908,214,110,185,115,11,32,1,-65,1,0,88
2026-07-19T14:20:15.904 RX LT,9928,214,110,185,115,11,32,1,-74,1,0,88
2026-07-19T14:20:15.904 RX LT,9948,214,110,185,115,11,32,1,-83,1,0,88
2026-07-19T14:20:15.904 RX LT,9968,214,110,185,115,11,32,1,-92,1,0,88
2026-07-19T14:20:16.027 RX LT,9988,214,110,185,115,11,32,1,-100,1,0,88
2026-07-19T14:20:16.027 RX LT,10008,214,110,185,115,11,32,1,-109,1,0,88
2026-07-19T14:20:16.027 RX LT,10028,214,110,185,115,11,32,1,-117,1,0,88
2026-07-19T14:20:16.027 RX LT,10048,214,110,185,115,11,32,1,-126,1,0,88
2026-07-19T14:20:16.027 RX LT,10068,200,124,185,115,6,48,1,-134,1,0,88
2026-07-19T14:20:16.027 RX LT,10088,196,132,218,72,6,48,1,-146,1,0,88
2026-07-19T14:20:16.153 RX LT,10108,196,132,220,113,6,48,1,-155,1,0,88
2026-07-19T14:20:16.153 RX LT,10128,198,136,220,126,6,48,1,-162,1,0,88
2026-07-19T14:20:16.153 RX LT,10148,198,136,176,116,6,48,1,-169,1,0,88
2026-07-19T14:20:16.153 RX LT,10168,198,136,228,116,6,48,1,-176,1,0,88
2026-07-19T14:20:16.153 RX LT,10188,190,152,220,116,2,16,1,-183,1,0,88
2026-07-19T14:20:16.153 RX LT,10208,182,164,220,126,2,16,1,-190,1,0,88
2026-07-19T14:20:16.260 RX LT,10228,173,173,220,116,2,16,1,-197,1,0,88
2026-07-19T14:20:16.260 RX LT,10248,169,181,187,159,2,16,1,-203,1,0,88
2026-07-19T14:20:16.260 RX LT,10268,169,181,185,162,2,16,1,-209,1,0,88
2026-07-19T14:20:16.260 RX LT,10288,175,175,185,118,0,24,1,-214,1,0,88
2026-07-19T14:20:16.260 RX LT,10308,171,183,185,170,0,24,1,-221,1,0,88
2026-07-19T14:20:16.384 RX LT,10328,168,192,229,162,0,24,1,-226,1,0,88
2026-07-19T14:20:16.384 RX LT,10348,168,192,177,162,0,24,1,-230,1,0,88
2026-07-19T14:20:16.384 RX LT,10368,165,189,185,173,-2,8,1,-233,1,0,88
2026-07-19T14:20:16.384 RX LT,10388,165,189,185,163,-2,8,1,-236,1,0,88
2026-07-19T14:20:16.384 RX LT,10408,165,189,185,173,-2,8,1,-238,1,0,88
2026-07-19T14:20:16.384 RX LT,10428,157,193,218,173,-2,8,1,-240,1,0,88
2026-07-19T14:20:16.510 RX LT,10448,163,187,176,173,-2,8,1,-241,1,0,88
2026-07-19T14:20:16.510 RX LT,10468,155,191,217,173,-6,12,1,-242,1,0,88
2026-07-19T14:20:16.510 RX LT,10488,138,200,176,173,-6,12,1,-243,1,0,88
2026-07-19T14:20:16.510 RX LT,10508,132,206,174,173,-6,12,1,-244,1,0,88
2026-07-19T14:20:16.510 RX LT,10528,132,206,174,184,-6,12,1,-242,1,0,88
2026-07-19T14:20:16.510 RX LT,10548,128,206,163,174,-6,12,1,-241,1,0,88
2026-07-19T14:20:16.618 RX LT,10568,121,203,173,174,-11,4,1,-239,1,0,88
2026-07-19T14:20:16.618 RX LT,10588,120,204,173,217,-11,4,1,-237,1,0,88
2026-07-19T14:20:16.618 RX LT,10608,106,218,163,176,-11,4,1,-235,1,0,88
2026-07-19T14:20:16.618 RX LT,10628,106,218,129,174,-11,4,1,-232,1,0,88
2026-07-19T14:20:16.618 RX LT,10648,105,219,171,184,-11,4,1,-230,1,0,88
2026-07-19T14:20:16.740 RX LT,10668,105,219,162,218,-11,4,1,-226,1,0,88
2026-07-19T14:20:16.740 RX LT,10688,105,219,162,220,-11,4,1,-222,1,0,88
2026-07-19T14:20:16.740 RX LT,10708,105,219,162,220,-11,4,1,-220,1,0,88
2026-07-19T14:20:16.740 RX LT,10728,105,219,162,176,-11,4,1,-215,1,0,88
2026-07-19T14:20:16.740 RX LT,10748,106,218,118,185,-11,4,1,-207,1,0,88
2026-07-19T14:20:16.740 RX LT,10768,106,218,127,185,-11,4,1,-202,1,0,88
2026-07-19T14:20:16.847 RX LT,10788,106,218,160,185,-11,4,1,-197,1,0,88
2026-07-19T14:20:16.847 RX LT,10808,106,218,118,229,-11,4,1,-191,1,0,88
2026-07-19T14:20:16.847 RX LT,10828,106,218,159,220,-11,4,1,-186,1,0,88
2026-07-19T14:20:16.847 RX LT,10848,106,218,118,187,-11,4,1,-180,1,0,88
2026-07-19T14:20:16.847 RX LT,10868,106,218,116,185,-11,4,1,-174,1,0,88
2026-07-19T14:20:16.970 RX LT,10888,106,218,116,229,-11,4,1,-168,1,0,88
2026-07-19T14:20:16.970 RX LT,10908,106,218,159,220,-11,4,1,-162,1,0,88
2026-07-19T14:20:16.971 RX LT,10928,106,218,118,187,-11,4,1,-156,1,0,88
2026-07-19T14:20:16.971 RX LT,10948,106,218,116,229,-11,4,1,-149,1,0,88
2026-07-19T14:20:16.971 RX LT,10968,107,217,116,220,-11,4,1,-140,1,0,88
2026-07-19T14:20:16.971 RX LT,10988,107,217,116,187,-11,4,1,-134,1,0,88
2026-07-19T14:20:17.097 RX LT,11008,107,217,116,229,-11,4,1,-127,1,0,88
2026-07-19T14:20:17.097 RX LT,11028,107,217,116,220,-11,4,1,-121,1,0,88
2026-07-19T14:20:17.097 RX LT,11048,107,217,116,231,-11,4,1,-114,1,0,88
2026-07-19T14:20:17.097 RX LT,11068,107,217,116,221,-11,4,1,-108,1,0,88
2026-07-19T14:20:17.097 RX LT,11088,107,217,72,231,-11,4,1,-101,1,0,88
2026-07-19T14:20:17.097 RX LT,11108,107,217,113,221,-11,4,1,-94,1,0,88
2026-07-19T14:20:17.203 RX LT,11128,107,217,115,231,-11,4,1,-87,1,0,88
2026-07-19T14:20:17.203 RX LT,11148,107,217,115,231,-11,4,1,-80,1,0,88
2026-07-19T14:20:17.203 RX LT,11168,107,217,115,221,-11,4,1,-73,1,0,88
2026-07-19T14:20:17.203 RX LT,11188,123,201,115,231,-6,12,1,-63,1,0,88
2026-07-19T14:20:17.203 RX LT,11208,129,199,72,188,-6,12,1,-56,1,0,88
2026-07-19T14:20:17.333 RX LT,11228,129,199,113,229,-6,12,1,-49,1,0,88
2026-07-19T14:20:17.333 RX LT,11248,136,198,115,231,-6,12,1,-43,1,0,88
2026-07-19T14:20:17.334 RX LT,11268,152,190,115,221,-2,8,1,-37,1,0,88
2026-07-19T14:20:17.334 RX LT,11288,164,182,115,220,-2,8,1,-32,1,0,88
2026-07-19T14:20:17.334 RX LT,11308,167,179,115,187,-2,8,1,-26,1,0,88
2026-07-19T14:20:17.334 RX LT,11328,175,175,115,185,-2,8,1,-22,1,0,88
2026-07-19T14:20:17.452 RX LT,11348,175,175,115,218,-2,8,1,-17,1,0,88
2026-07-19T14:20:17.452 RX LT,11368,175,175,159,220,-2,8,1,-13,1,0,88
2026-07-19T14:20:17.452 RX LT,11388,175,175,118,176,0,24,1,-9,1,0,88
2026-07-19T14:20:17.452 RX LT,11408,183,171,116,185,0,24,1,-4,1,0,88
2026-07-19T14:20:17.454 RX LT,11428,189,165,126,185,2,16,1,-1,1,0,88
2026-07-19T14:20:17.454 RX LT,11448,189,165,116,174,2,16,1,1,1,0,88
2026-07-19T14:20:17.579 RX LT,11468,183,171,126,217,2,16,1,2,1,0,88
2026-07-19T14:20:17.579 RX LT,11488,187,163,160,176,2,16,1,4,1,0,88
2026-07-19T14:20:17.579 RX LT,11508,187,163,162,174,2,16,1,5,1,0,88
2026-07-19T14:20:17.579 RX LT,11528,187,163,118,217,2,16,1,6,1,0,88
2026-07-19T14:20:17.579 RX LT,11548,190,156,127,176,6,48,1,7,1,0,88
2026-07-19T14:20:17.579 RX LT,11568,194,148,127,174,6,48,1,7,1,0,88
2026-07-19T14:20:17.711 RX LT,11588,206,132,171,174,6,48,1,7,1,0,88
2026-07-19T14:20:17.711 RX LT,11608,206,132,162,174,6,48,1,5,1,0,88
2026-07-19T14:20:17.711 RX LT,11628,206,128,129,163,6,48,1,6,1,0,88
2026-07-19T14:20:17.711 RX LT,11648,203,121,171,129,11,32,1,4,1,0,88
2026-07-19T14:20:17.711 RX LT,11668,204,120,130,171,11,32,1,2,1,0,88
2026-07-19T14:20:17.711 RX LT,11688,218,106,127,162,11,32,1,1,1,0,88
2026-07-19T14:20:17.829 RX LT,11708,218,106,171,162,11,32,1,-1,1,0,88
2026-07-19T14:20:17.829 RX LT,11728,219,105,173,129,11,32,1,-4,1,0,88
2026-07-19T14:20:17.829 RX LT,11748,219,105,163,116,11,32,1,-8,1,0,88
2026-07-19T14:20:17.829 RX LT,11768,219,105,173,126,11,32,1,-13,1,0,88
2026-07-19T14:20:17.829 RX LT,11788,219,105,173,127,11,32,1,-17,1,0,88
2026-07-19T14:20:17.829 RX LT,11808,219,105,173,116,11,32,1,-23,1,0,88
2026-07-19T14:20:17.955 RX LT,11828,218,106,173,126,11,32,1,-32,1,0,88
2026-07-19T14:20:17.956 RX LT,11848,223,101,173,160,23,96,1,-35,1,0,88
2026-07-19T14:20:17.956 RX LT,11868,225,99,173,118,23,96,1,-41,1,0,88
2026-07-19T14:20:17.956 RX LT,11888,226,98,173,116,23,96,1,-46,1,0,88
2026-07-19T14:20:17.956 RX LT,11908,226,98,173,159,23,96,1,-52,1,0,88
2026-07-19T14:20:17.956 RX LT,11928,228,96,173,118,36,64,1,-58,1,0,88
2026-07-19T14:20:18.065 RX LT,11948,228,96,217,116,36,64,1,-64,1,0,88
2026-07-19T14:20:18.065 RX LT,11968,229,95,176,116,36,64,1,-71,1,0,88
2026-07-19T14:20:18.066 RX LT,11988,229,95,174,116,36,64,1,-78,1,0,88
2026-07-19T14:20:18.066 RX LT,12008,229,95,184,116,36,64,1,-86,1,0,88
2026-07-19T14:20:18.066 RX LT,12028,229,95,185,116,36,64,1,-94,1,0,88
2026-07-19T14:20:18.187 RX LT,12048,229,95,218,116,36,64,1,-102,1,0,88
2026-07-19T14:20:18.187 RX LT,12068,229,95,220,72,36,64,1,-114,1,0,88
2026-07-19T14:20:18.187 RX LT,12088,229,95,220,156,36,64,1,-123,1,0,88
2026-07-19T14:20:18.187 RX LT,12108,229,95,220,107,36,64,1,-131,1,0,88
2026-07-19T14:20:18.187 RX LT,12128,229,95,187,71,36,64,1,-140,1,0,88
2026-07-19T14:20:18.187 RX LT,12148,229,95,185,113,36,64,1,-148,1,0,88
2026-07-19T14:20:18.313 RX LT,12168,210,114,229,72,23,96,1,-157,1,0,88
2026-07-19T14:20:18.314 RX LT,12188,209,115,220,113,23,96,1,-166,1,0,88
2026-07-19T14:20:18.314 RX LT,12208,209,115,187,104,23,96,1,-175,1,0,88
2026-07-19T14:20:18.314 RX LT,12228,209,115,229,115,11,32,1,-183,1,0,88
2026-07-19T14:20:18.314 RX LT,12248,207,117,220,115,11,32,1,-191,1,0,88
2026-07-19T14:20:18.314 RX LT,12268,206,118,231,72,11,32,1,-199,1,0,88
2026-07-19T14:20:18.421 RX LT,12288,219,105,221,113,11,32,1,-211,1,0,88
2026-07-19T14:20:18.421 RX LT,12308,218,106,220,115,11,32,1,-218,1,0,88
2026-07-19T14:20:18.421 RX LT,12328,216,108,231,72,11,32,1,-227,1,0,88
2026-07-19T14:20:18.421 RX LT,12348,216,108,231,113,11,32,1,-235,1,0,88
2026-07-19T14:20:18.421 RX LT,12368,216,108,231,126,11,32,1,-242,1,0,88
2026-07-19T14:20:18.543 RX LT,12388,216,108,188,105,11,32,1,-250,1,0,88
2026-07-19T14:20:18.543 RX LT,12408,216,108,229,115,11,32,1,-257,1,0,88
2026-07-19T14:20:18.543 RX LT,12428,214,110,231,105,6,48,1,-265,1,0,88
2026-07-19T14:20:18.543 RX LT,12448,199,125,188,71,6,48,1,-272,1,0,88
2026-07-19T14:20:18.543 RX LT,12468,199,129,185,113,6,48,1,-279,1,0,88
2026-07-19T14:20:18.543 RX LT,12488,199,129,229,115,6,48,1,-285,1,0,88
2026-07-19T14:20:18.683 RX LT,12508,198,136,220,72,6,48,1,-294,1,0,88
2026-07-19T14:20:18.683 RX LT,12540,198,136,229,105,6,48,1,-303,1,0,88
2026-07-19T14:20:18.683 RX LT,12562,185,157,188,113,2,16,1,-308,1,0,88
2026-07-19T14:20:18.683 RX LT,12582,179,167,229,115,2,16,1,-313,1,0,88
2026-07-19T14:20:18.683 RX LT,12602,175,175,188,126,2,16,1,-318,1,0,88
2026-07-19T14:20:18.683 RX LT,12622,175,175,185,116,0,24,1,-323,1,0,88
2026-07-19T14:20:18.791 RX LT,12642,171,183,218,116,0,24,1,-327,1,0,88
2026-07-19T14:20:18.791 RX LT,12662,174,186,176,116,0,24,1,-330,1,0,88
2026-07-19T14:20:18.791 RX LT,12682,174,186,185,159,0,24,1,-332,1,0,88
2026-07-19T14:20:18.791 RX LT,12702,174,186,185,118,0,24,1,-335,1,0,88
2026-07-19T14:20:18.791 RX LT,12722,171,183,218,127,-2,8,1,-336,1,0,88
2026-07-19T14:20:18.914 RX LT,12742,171,183,176,127,-2,8,1,-338,1,0,88
2026-07-19T14:20:18.914 RX LT,12762,163,187,185,127,-6,12,1,-339,1,0,88
2026-07-19T14:20:18.914 RX LT,12782,149,193,218,171,-6,12,1,-339,1,0,88
2026-07-19T14:20:18.914 RX LT,12802,136,202,176,162,-6,12,1,-340,1,0,88
2026-07-19T14:20:18.914 RX LT,12822,132,206,217,129,-6,12,1,-340,1,0,88
2026-07-19T14:20:18.914 RX LT,12842,128,206,176,171,-6,12,1,-339,1,0,88
2026-07-19T14:20:19.041 RX LT,12862,124,204,174,173,-11,4,1,-338,1,0,88
2026-07-19T14:20:19.041 RX LT,12882,120,204,174,173,-11,4,1,-335,1,0,88
2026-07-19T14:20:19.041 RX LT,12902,106,218,174,173,-11,4,1,-333,1,0,88
2026-07-19T14:20:19.041 RX LT,12922,106,218,163,173,-11,4,1,-330,1,0,88
2026-07-19T14:20:19.041 RX LT,12942,106,218,173,217,-11,4,1,-326,1,0,88
2026-07-19T14:20:19.041 RX LT,12962,102,222,163,220,-18,6,1,-322,1,0,88
2026-07-19T14:20:19.145 RX LT,12982,101,223,173,220,-18,6,1,-318,1,0,88
2026-07-19T14:20:19.145 RX LT,13002,100,224,130,220,-18,6,1,-313,1,0,88
2026-07-19T14:20:19.145 RX LT,13022,100,224,171,176,-18,6,1,-308,1,0,88
2026-07-19T14:20:19.145 RX LT,13042,99,225,130,228,-25,2,1,-303,1,0,88
2026-07-19T14:20:19.145 RX LT,13062,98,226,127,220,-25,2,1,-294,1,0,88
2026-07-19T14:20:19.271 RX LT,13082,97,227,171,220,-25,2,1,-287,1,0,88
2026-07-19T14:20:19.271 RX LT,13102,97,227,162,187,-25,2,1,-281,1,0,88
2026-07-19T14:20:19.271 RX LT,13122,97,227,162,229,-25,2,1,-274,1,0,88
2026-07-19T14:20:19.271 RX LT,13142,97,227,162,188,-25,2,1,-266,1,0,88
2026-07-19T14:20:19.271 RX LT,13162,97,227,162,229,-25,2,1,-259,1,0,88
2026-07-19T14:20:19.271 RX LT,13182,97,227,162,231,-25,2,1,-251,1,0,88
2026-07-19T14:20:19.397 RX LT,13202,97,227,118,221,-25,2,1,-242,1,0,88
2026-07-19T14:20:19.397 RX LT,13222,97,227,127,231,-25,2,1,-234,1,0,88
2026-07-19T14:20:19.397 RX LT,13242,97,227,116,231,-25,2,1,-226,1,0,88
2026-07-19T14:20:19.397 RX LT,13262,97,227,116,231,-25,2,1,-217,1,0,88
2026-07-19T14:20:19.397 RX LT,13282,97,227,159,221,-25,2,1,-205,1,0,88
2026-07-19T14:20:19.397 RX LT,13302,97,227,118,231,-25,2,1,-197,1,0,88
2026-07-19T14:20:19.503 RX LT,13322,97,227,116,188,-25,2,1,-189,1,0,88
2026-07-19T14:20:19.503 RX LT,13342,97,227,116,229,-25,2,1,-181,1,0,88
2026-07-19T14:20:19.503 RX LT,13362,97,227,72,188,-25,2,1,-173,1,0,88
2026-07-19T14:20:19.503 RX LT,13382,97,227,113,229,-25,2,1,-164,1,0,88
2026-07-19T14:20:19.503 RX LT,13402,97,227,115,231,-25,2,1,-156,1,0,88
2026-07-19T14:20:19.628 RX LT,13422,97,227,72,188,-25,2,1,-148,1,0,88
2026-07-19T14:20:19.628 RX LT,13442,97,227,113,229,-25,2,1,-140,1,0,88
2026-07-19T14:20:19.628 RX LT,13462,97,227,115,231,-25,2,1,-132,1,0,88
2026-07-19T14:20:19.628 RX LT,13482,97,227,115,221,-25,2,1,-124,1,0,88
2026-07-19T14:20:19.628 RX LT,13502,98,226,105,231,-25,2,1,-112,1,0,88
2026-07-19T14:20:19.629 RX LT,13522,98,226,115,231,-25,2,1,-103,1,0,88
2026-07-19T14:20:19.754 RX LT,13542,98,226,72,231,-18,6,1,-95,1,0,88
2026-07-19T14:20:19.754 RX LT,13562,99,225,113,231,-18,6,1,-87,1,0,88
2026-07-19T14:20:19.754 RX LT,13582,101,223,115,231,-11,4,1,-79,1,0,88
2026-07-19T14:20:19.754 RX LT,13602,103,221,105,188,-11,4,1,-71,1,0,88
2026-07-19T14:20:19.754 RX LT,13622,106,218,71,229,-11,4,1,-63,1,0,88
2026-07-19T14:20:19.754 RX LT,13642,108,216,113,231,-11,4,1,-55,1,0,88
2026-07-19T14:20:19.863 RX LT,13662,108,216,72,231,-11,4,1,-47,1,0,88
2026-07-19T14:20:19.863 RX LT,13682,108,216,113,231,-11,4,1,-40,1,0,88
2026-07-19T14:20:19.863 RX LT,13702,108,216,104,221,-11,4,1,-32,1,0,88
2026-07-19T14:20:19.863 RX LT,13722,110,214,71,187,-11,4,1,-22,1,0,88
2026-07-19T14:20:19.863 RX LT,13742,110,214,113,229,-6,12,1,-15,1,0,88
2026-07-19T14:20:19.863 RX LT,13762,125,199,72,231,-6,12,1,-8,1,0,88
2026-07-19T14:20:19.986 RX LT,13782,136,198,113,221,-2,8,1,-1,1,0,88
2026-07-19T14:20:19.986 RX LT,13802,152,190,104,231,-2,8,1,5,1,0,88
2026-07-19T14:20:19.986 RX LT,13822,164,182,115,221,-2,8,1,12,1,0,88
2026-07-19T14:20:19.986 RX LT,13842,167,179,72,187,-2,8,1,17,1,0,88
2026-07-19T14:20:19.986 RX LT,13862,175,175,113,229,-2,8,1,23,1,0,88
2026-07-19T14:20:19.986 RX LT,13882,175,175,115,177,0,24,1,28,1,0,88
2026-07-19T14:20:20.110 RX LT,13902,183,171,115,185,0,24,1,32,1,0,88
2026-07-19T14:20:20.110 RX LT,13922,195,159,115,185,2,16,1,36,1,0,88
2026-07-19T14:20:20.110 RX LT,13942,195,159,115,218,2,16,1,41,1,0,88
2026-07-19T14:20:20.110 RX LT,13962,195,159,126,176,2,16,1,45,1,0,88
2026-07-19T14:20:20.110 RX LT,13982,193,157,116,217,2,16,1,47,1,0,88
2026-07-19T14:20:20.237 RX LT,14002,198,148,126,176,6,48,1,49,1,0,88
2026-07-19T14:20:20.237 RX LT,14022,206,132,160,185,6,48,1,50,1,0,88
2026-07-19T14:20:20.237 RX LT,14042,206,132,162,174,6,48,1,50,1,0,88
2026-07-19T14:20:20.237 RX LT,14062,204,124,162,174,11,32,1,50,1,0,88
2026-07-19T14:20:20.237 RX LT,14082,203,121,162,163,11,32,1,49,1,0,88
2026-07-19T14:20:20.237 RX LT,14102,218,106,162,173,11,32,1,47,1,0,88
2026-07-19T14:20:20.360 RX LT,14122,218,106,129,130,11,32,1,45,1,0,88
2026-07-19T14:20:20.360 RX LT,14142,218,106,171,160,11,32,1,42,1,0,88
2026-07-19T14:20:20.360 RX LT,14162,218,106,130,129,11,32,1,36,1,0,88
2026-07-19T14:20:20.360 RX LT,14182,223,101,171,160,23,96,1,32,1,0,88
2026-07-19T14:20:20.360 RX LT,14202,225,99,173,118,23,96,1,27,1,0,88
2026-07-19T14:20:20.360 RX LT,14222,226,98,173,127,23,96,1,21,1,0,88
2026-07-19T14:20:20.486 RX LT,14242,228,96,173,116,36,64,1,15,1,0,88
2026-07-19T14:20:20.486 RX LT,14262,228,96,184,159,36,64,1,9,1,0,88
2026-07-19T14:20:20.487 RX LT,14282,229,95,174,118,36,64,1,3,1,0,88
2026-07-19T14:20:20.487 RX LT,14302,229,95,174,116,36,64,1,-4,1,0,88
2026-07-19T14:20:20.487 RX LT,14322,229,95,184,116,36,64,1,-11,1,0,88
2026-07-19T14:20:20.487 RX LT,14342,229,95,218,116,36,64,1,-19,1,0,88
2026-07-19T14:20:20.613 RX LT,14362,229,95,176,116,36,64,1,-27,1,0,88
2026-07-19T14:20:20.613 RX LT,14382,229,95,185,159,36,64,1,-40,1,0,88
2026-07-19T14:20:20.613 RX LT,14402,229,95,185,107,36,64,1,-48,1,0,88
2026-07-19T14:20:20.613 RX LT,14422,229,95,185,115,36,64,1,-58,1,0,88
2026-07-19T14:20:20.613 RX LT,14442,229,95,185,115,36,64,1,-67,1,0,88
2026-07-19T14:20:20.613 RX LT,14462,229,95,185,72,36,64,1,-76,1,0,88
2026-07-19T14:20:20.737 RX LT,14482,210,114,229,113,23,96,1,-86,1,0,88
2026-07-19T14:20:20.737 RX LT,14502,209,115,220,72,16,112,1,-95,1,0,88
2026-07-19T14:20:20.738 RX LT,14522,208,116,220,113,11,120,1,-103,1,0,88
2026-07-19T14:20:20.738 RX LT,14542,110,52,220,72,0,126,0,-112,1,0,88
2026-07-19T14:20:20.738 RX LT,14562,102,60,176,69,0,63,0,-121,1,0,88
2026-07-19T14:20:20.738 RX LT,14582,140,140,174,102,0,63,0,0,1,1,88
2026-07-19T14:20:20.873 RX LT,14602,140,140,174,115,0,63,0,0,1,1,88
2026-07-19T14:20:20.873 RX LT,14622,140,140,228,115,0,63,0,0,1,2,0
2026-07-19T14:20:20.873 RX LT,14642,-185,185,133,115,0,0,0,-6,1,2,3
2026-07-19T14:20:20.873 RX LT,14662,-185,185,19,72,0,0,0,-11,1,2,4
2026-07-19T14:20:20.873 RX LT,14682,-185,185,12,124,0,0,0,-9,1,2,5
2026-07-19T14:20:20.873 RX LT,14702,-185,185,0,160,0,0,0,-2,1,2,7
2026-07-19T14:20:20.990 RX LT,14722,-185,185,10,162,0,0,0,11,1,2,8
2026-07-19T14:20:20.990 RX LT,14742,-185,185,98,129,0,0,0,26,1,2,11
2026-07-19T14:20:20.990 RX LT,14762,-185,185,104,116,0,0,0,43,1,2,13
2026-07-19T14:20:20.990 RX LT,14782,-185,185,71,170,0,0,0,61,1,2,16
2026-07-19T14:20:20.990 RX LT,14802,-185,185,113,173,0,0,0,79,1,2,18
2026-07-19T14:20:20.990 RX LT,14822,-185,185,115,130,0,0,0,108,1,2,21
2026-07-19T14:20:21.118 RX LT,14842,-185,185,115,214,-36,1,1,128,1,2,24
2026-07-19T14:20:21.118 RX LT,14862,-185,185,159,176,-36,1,1,148,1,2,27
2026-07-19T14:20:21.118 RX LT,14882,-185,185,162,174,-30,3,1,170,1,2,30
2026-07-19T14:20:21.118 RX LT,14902,-185,185,162,217,-30,3,1,192,1,2,34
2026-07-19T14:20:21.118 RX LT,14922,-185,185,162,220,-30,3,1,214,1,2,37
2026-07-19T14:20:21.118 RX LT,14942,-185,185,173,176,-18,6,1,237,1,2,41
2026-07-19T14:20:21.221 RX LT,14962,-185,185,173,185,-18,6,1,261,1,2,45
2026-07-19T14:20:21.221 RX LT,14982,-138,138,173,229,-18,6,1,285,1,2,49
2026-07-19T14:20:21.221 RX LT,15002,-135,135,163,188,-11,4,1,309,1,2,52
2026-07-19T14:20:21.221 RX TURN CAPTURE,2,332,56,12,-6
2026-07-19T14:20:21.221 RX LT,15022,0,0,162,229,-6,12,1,332,1,5,56
2026-07-19T14:20:21.221 RX LT,15042,0,0,129,177,-6,12,1,368,1,5,59
2026-07-19T14:20:21.346 RX LT,15062,0,0,18,119,-6,12,1,390,1,5,61
2026-07-19T14:20:21.346 RX LT,15082,0,0,55,159,-2,8,1,405,1,5,63
2026-07-19T14:20:21.346 RX LT,15102,0,0,57,129,-2,8,1,417,1,5,65
2026-07-19T14:20:21.346 RX LT,15122,0,0,57,116,-2,8,1,428,1,5,66
2026-07-19T14:20:21.346 RX LT,15142,0,0,57,105,-2,8,1,437,1,5,68
2026-07-19T14:20:21.346 RX LT,15162,0,0,47,60,-2,8,1,444,1,5,69
2026-07-19T14:20:21.489 RX LT,15182,0,0,46,101,-2,8,1,450,1,5,70
2026-07-19T14:20:21.489 RX LT,15202,0,0,46,17,-2,8,1,453,1,5,70
2026-07-19T14:20:21.489 RX LT,15222,0,0,2,11,0,24,1,455,1,5,71
2026-07-19T14:20:21.489 RX LT,15242,0,0,11,11,0,24,1,455,1,5,71
2026-07-19T14:20:21.489 RX LT,15262,0,0,0,0,0,24,1,451,1,6,71
2026-07-19T14:20:21.490 RX LT,15282,100,100,0,0,0,24,1,447,1,6,71
2026-07-19T14:20:21.490 RX LT,15302,100,100,43,97,0,24,1,441,1,6,72
2026-07-19T14:20:21.579 RX TURN CENTER,2,438,72,24,0
2026-07-19T14:20:21.579 RX TURN LEARN,2,900,83
2026-07-19T14:20:21.579 RX TURN DONE,2,438,739
2026-07-19T14:20:21.579 RX LT,15322,180,180,2,6,0,24,1,-2,2,0,72
2026-07-19T14:20:21.579 RX LT,15342,171,183,43,0,-2,8,1,-7,2,0,72
2026-07-19T14:20:21.579 RX LT,15362,171,183,13,54,-2,8,1,-11,2,0,72
2026-07-19T14:20:21.579 RX LT,15382,171,183,11,14,-2,8,1,-15,2,0,72
2026-07-19T14:20:21.708 RX LT,15402,163,187,55,55,-2,8,1,-19,2,0,72
2026-07-19T14:20:21.708 RX LT,15422,163,187,57,68,-2,8,1,-23,2,0,72
2026-07-19T14:20:21.708 RX LT,15442,163,187,57,102,-2,8,1,-26,2,0,72
2026-07-19T14:20:21.708 RX LT,15462,163,187,57,104,-2,8,1,-29,2,0,72
2026-07-19T14:20:21.708 RX LT,15482,163,187,57,115,-2,8,1,-32,2,0,72
2026-07-19T14:20:21.708 RX LT,15502,163,187,68,115,-2,8,1,-33,2,0,72
2026-07-19T14:20:21.831 RX LT,15522,163,187,58,115,-2,8,1,-34,2,0,72
2026-07-19T14:20:21.831 RX LT,15542,163,187,68,159,-2,8,1,-35,2,0,72
2026-07-19T14:20:21.831 RX LT,15562,163,187,58,118,-2,8,1,-35,2,0,72
2026-07-19T14:20:21.831 RX LT,15582,163,187,68,170,-2,8,1,-34,2,0,72
2026-07-19T14:20:21.831 RX LT,15602,163,187,102,130,-2,8,1,-33,2,0,72
2026-07-19T14:20:21.831 RX LT,15622,163,187,60,171,-2,8,1,-31,2,0,72
2026-07-19T14:20:21.956 RX LT,15642,163,187,101,173,-2,8,1,-28,2,0,72
2026-07-19T14:20:21.956 RX LT,15662,163,187,104,173,-2,8,1,-25,2,0,72
2026-07-19T14:20:21.956 RX LT,15682,163,187,60,217,-2,8,1,-21,2,0,72
2026-07-19T14:20:21.956 RX LT,15702,163,187,112,176,-2,8,1,-16,2,0,72
2026-07-19T14:20:21.956 RX LT,15722,163,187,104,174,-2,8,1,-13,2,0,72
2026-07-19T14:20:21.956 RX LT,15742,163,187,104,217,-2,8,1,-9,2,0,72
2026-07-19T14:20:22.083 RX LT,15762,163,187,104,220,-2,8,1,-5,2,0,72
2026-07-19T14:20:22.083 RX LT,15782,163,187,104,176,-2,8,1,0,2,0,72
2026-07-19T14:20:22.083 RX LT,15802,163,187,104,185,-2,8,1,4,2,0,72
2026-07-19T14:20:22.083 RX LT,15822,163,187,71,185,-2,8,1,7,2,0,72
2026-07-19T14:20:22.083 RX LT,15842,163,187,113,185,-2,8,1,10,2,0,72
2026-07-19T14:20:22.083 RX LT,15862,163,187,72,218,-2,8,1,14,2,0,72
2026-07-19T14:20:22.210 RX LT,15882,163,187,113,220,-2,8,1,16,2,0,72
2026-07-19T14:20:22.210 RX LT,15902,163,187,104,220,-2,8,1,20,2,0,72
2026-07-19T14:20:22.210 RX LT,15922,169,181,115,220,-2,8,1,27,2,0,72
2026-07-19T14:20:22.210 RX LT,15942,169,181,105,220,-2,8,1,32,2,0,72
2026-07-19T14:20:22.210 RX LT,15962,169,181,71,220,-2,8,1,36,2,0,72
2026-07-19T14:20:22.210 RX LT,15982,169,181,113,220,-2,8,1,40,2,0,72
2026-07-19T14:20:22.335 RX LT,16002,169,181,115,220,-2,8,1,44,2,0,72
2026-07-19T14:20:22.335 RX LT,16022,169,181,72,220,-2,8,1,48,2,0,72
2026-07-19T14:20:22.335 RX LT,16042,177,177,113,176,0,24,1,52,2,0,72
2026-07-19T14:20:22.335 RX LT,16062,186,174,115,185,0,24,1,55,2,0,72
2026-07-19T14:20:22.335 RX LT,16082,186,174,115,185,0,24,1,58,2,0,72
2026-07-19T14:20:22.335 RX LT,16102,189,165,115,218,2,16,1,61,2,0,72
2026-07-19T14:20:22.458 RX LT,16122,189,165,159,220,2,16,1,64,2,0,72
2026-07-19T14:20:22.458 RX LT,16142,193,157,118,176,2,16,1,67,2,0,72
2026-07-19T14:20:22.458 RX LT,16162,193,157,116,217,2,16,1,70,2,0,72
2026-07-19T14:20:22.458 RX LT,16182,187,163,126,176,2,16,1,71,2,0,72
2026-07-19T14:20:22.458 RX LT,16202,187,163,116,174,2,16,1,73,2,0,72
2026-07-19T14:20:22.458 RX LT,16222,187,163,126,184,2,16,1,74,2,0,72
2026-07-19T14:20:22.584 RX LT,16242,187,163,127,174,2,16,1,75,2,0,72
2026-07-19T14:20:22.584 RX LT,16262,187,163,160,184,2,16,1,75,2,0,72
2026-07-19T14:20:22.584 RX LT,16282,187,163,162,174,2,16,1,76,2,0,72
2026-07-19T14:20:22.584 RX LT,16302,187,163,162,184,2,16,1,76,2,0,72
2026-07-19T14:20:22.584 RX LT,16322,191,155,162,174,6,48,1,76,2,0,72
2026-07-19T14:20:22.584 RX LT,16342,200,138,162,174,6,48,1,74,2,0,72
2026-07-19T14:20:22.709 RX LT,16362,206,132,162,174,6,48,1,75,2,0,72
2026-07-19T14:20:22.710 RX LT,16382,206,132,162,174,6,48,1,75,2,0,72
2026-07-19T14:20:22.710 RX LT,16402,206,128,129,163,6,48,1,74,2,0,72
2026-07-19T14:20:22.710 RX LT,16422,206,128,171,129,6,48,1,72,2,0,72
2026-07-19T14:20:22.710 RX LT,16442,206,128,130,171,6,48,1,70,2,0,72
2026-07-19T14:20:22.710 RX LT,16462,203,121,171,173,11,32,1,68,2,0,72
2026-07-19T14:20:22.835 RX LT,16482,204,120,130,130,11,32,1,65,2,0,72
2026-07-19T14:20:22.835 RX LT,16502,218,106,171,171,11,32,1,61,2,0,72
2026-07-19T14:20:22.835 RX LT,16522,218,106,173,162,11,32,1,57,2,0,72
2026-07-19T14:20:22.835 RX LT,16542,219,105,173,118,11,32,1,53,2,0,72
2026-07-19T14:20:22.835 RX LT,16562,218,106,130,127,11,32,1,46,2,0,72
2026-07-19T14:20:22.835 RX LT,16582,218,106,182,127,11,32,1,40,2,0,72
2026-07-19T14:20:22.961 RX LT,16602,218,106,174,160,11,32,1,34,2,0,72
2026-07-19T14:20:22.961 RX LT,16622,218,106,174,118,11,32,1,27,2,0,72
2026-07-19T14:20:22.961 RX LT,16642,218,106,174,127,11,32,1,20,2,0,72
2026-07-19T14:20:22.961 RX LT,16662,218,106,174,160,11,32,1,14,2,0,72
2026-07-19T14:20:22.961 RX LT,16682,218,106,174,118,11,32,1,6,2,0,72
2026-07-19T14:20:22.961 RX LT,16702,218,106,184,159,11,32,1,-1,2,0,72
2026-07-19T14:20:23.068 RX LT,16722,218,106,174,118,11,32,1,-9,2,0,72
2026-07-19T14:20:23.068 RX LT,16742,217,107,184,116,11,32,1,-18,2,0,72
2026-07-19T14:20:23.068 RX LT,16762,217,107,218,126,11,32,1,-27,2,0,72
2026-07-19T14:20:23.068 RX LT,16782,217,107,176,116,11,32,1,-36,2,0,72
2026-07-19T14:20:23.068 RX LT,16802,216,108,174,116,11,32,1,-49,2,0,72
2026-07-19T14:20:23.192 RX LT,16822,216,108,217,116,11,32,1,-57,2,0,72
2026-07-19T14:20:23.192 RX LT,16842,216,108,187,116,11,32,1,-67,2,0,72
2026-07-19T14:20:23.192 RX LT,16862,216,108,174,116,11,32,1,-76,2,0,72
2026-07-19T14:20:23.192 RX LT,16882,216,108,184,116,11,32,1,-85,2,0,72
2026-07-19T14:20:23.192 RX LT,16902,216,108,185,116,11,32,1,-94,2,0,72
2026-07-19T14:20:23.192 RX LT,16922,216,108,185,116,11,32,1,-103,2,0,72
2026-07-19T14:20:23.319 RX LT,16942,216,108,218,116,11,32,1,-112,2,0,72
2026-07-19T14:20:23.319 RX LT,16962,216,108,176,116,11,32,1,-121,2,0,72
2026-07-19T14:20:23.319 RX LT,16982,208,116,185,116,6,48,1,-130,2,0,72
2026-07-19T14:20:23.319 RX LT,17002,197,127,185,159,6,48,1,-143,2,0,72
2026-07-19T14:20:23.319 RX LT,17022,199,129,185,75,6,48,1,-148,2,0,72
2026-07-19T14:20:23.319 RX LT,17042,199,129,218,156,6,48,1,-157,2,0,72
2026-07-19T14:20:23.424 RX LT,17062,198,136,220,118,6,48,1,-165,2,0,72
2026-07-19T14:20:23.424 RX LT,17082,198,136,176,116,6,48,1,-173,2,0,72
2026-07-19T14:20:23.424 RX LT,17102,193,145,185,116,2,16,1,-181,2,0,72
2026-07-19T14:20:23.424 RX LT,17122,185,157,185,126,2,16,1,-189,2,0,72
2026-07-19T14:20:23.424 RX LT,17142,177,169,185,116,2,16,1,-197,2,0,72
2026-07-19T14:20:23.549 RX LT,17162,169,181,218,159,2,16,1,-205,2,0,72
2026-07-19T14:20:23.549 RX LT,17182,169,181,187,118,2,16,1,-213,2,0,72
2026-07-19T14:20:23.549 RX LT,17202,169,181,218,127,2,16,1,-220,2,0,72
2026-07-19T14:20:23.549 RX LT,17222,163,187,176,160,2,16,1,-231,2,0,72
2026-07-19T14:20:23.549 RX LT,17242,169,181,185,129,2,16,1,-236,2,0,72
2026-07-19T14:20:23.549 RX LT,17262,169,181,185,160,0,24,1,-242,2,0,72
2026-07-19T14:20:23.674 RX LT,17282,165,189,185,162,0,24,1,-248,2,0,72
2026-07-19T14:20:23.674 RX LT,17302,162,198,185,129,0,24,1,-254,2,0,72
2026-07-19T14:20:23.674 RX LT,17322,168,192,218,127,0,24,1,-259,2,0,72
2026-07-19T14:20:23.674 RX LT,17342,159,195,187,171,-2,8,1,-264,2,0,72
2026-07-19T14:20:23.674 RX LT,17362,159,195,218,162,-2,8,1,-269,2,0,72
2026-07-19T14:20:23.674 RX LT,17382,150,200,220,129,-2,8,1,-274,2,0,72
2026-07-19T14:20:23.782 RX LT,17402,150,200,176,171,-2,8,1,-278,2,0,72
2026-07-19T14:20:23.782 RX LT,17422,150,200,185,173,-2,8,1,-282,2,0,72
2026-07-19T14:20:23.782 RX LT,17442,157,193,174,130,-2,8,1,-286,2,0,72
2026-07-19T14:20:23.782 RX LT,17462,150,196,184,171,-6,12,1,-288,2,0,72
2026-07-19T14:20:23.782 RX LT,17482,141,201,174,173,-6,12,1,-290,2,0,72
2026-07-19T14:20:23.905 RX LT,17502,132,206,174,173,-6,12,1,-291,2,0,72
2026-07-19T14:20:23.905 RX LT,17522,132,206,217,173,-6,12,1,-293,2,0,72
2026-07-19T14:20:23.905 RX LT,17542,128,206,176,173,-6,12,1,-294,2,0,72
2026-07-19T14:20:23.905 RX LT,17562,121,203,163,184,-11,4,1,-294,2,0,72
2026-07-19T14:20:23.905 RX LT,17582,120,204,173,174,-11,4,1,-293,2,0,72
2026-07-19T14:20:23.905 RX LT,17602,106,218,163,184,-11,4,1,-291,2,0,72
2026-07-19T14:20:24.046 RX LT,17622,106,218,162,174,-11,4,1,-289,2,0,72
2026-07-19T14:20:24.046 RX LT,17642,105,219,129,184,-11,4,1,-288,2,0,72
2026-07-19T14:20:24.046 RX LT,17662,106,218,127,185,-11,4,1,-283,2,0,72
2026-07-19T14:20:24.046 RX LT,17682,106,218,127,185,-11,4,1,-280,2,0,72
2026-07-19T14:20:24.046 RX LT,17714,106,218,162,176,-11,4,1,-274,2,0,72
2026-07-19T14:20:24.046 RX LT,17735,106,218,124,190,-11,4,1,-270,2,0,72
2026-07-19T14:20:24.150 RX LT,17755,106,218,127,218,-11,4,1,-265,2,0,72
2026-07-19T14:20:24.150 RX LT,17775,106,218,118,272,-11,4,1,-260,2,0,72
2026-07-19T14:20:24.150 RX LT,17795,106,218,127,223,-11,4,1,-253,2,0,72
2026-07-19T14:20:24.150 RX LT,17815,107,217,116,177,-11,4,1,-249,2,0,72
2026-07-19T14:20:24.150 RX LT,17835,107,217,116,228,-11,4,1,-243,2,0,72
2026-07-19T14:20:24.275 RX LT,17855,107,217,159,188,-11,4,1,-237,2,0,72
2026-07-19T14:20:24.275 RX LT,17875,107,217,75,185,-11,4,1,-232,2,0,72
2026-07-19T14:20:24.275 RX LT,17895,107,217,124,229,-11,4,1,-226,2,0,72
2026-07-19T14:20:24.275 RX LT,17915,107,217,116,220,-11,4,1,-221,2,0,72
2026-07-19T14:20:24.275 RX LT,17935,107,217,116,231,-11,4,1,-215,2,0,72
2026-07-19T14:20:24.275 RX LT,17955,107,217,126,221,-11,4,1,-210,2,0,72
2026-07-19T14:20:24.383 RX LT,17975,107,217,116,220,-11,4,1,-204,2,0,72
2026-07-19T14:20:24.383 RX LT,17995,107,217,105,231,-11,4,1,-197,2,0,72
2026-07-19T14:20:24.383 RX LT,18015,107,217,126,242,-11,4,1,-186,2,0,72
2026-07-19T14:20:24.383 RX LT,18035,108,216,73,189,-11,4,1,-179,2,0,72
2026-07-19T14:20:24.383 RX LT,18055,108,216,113,229,-11,4,1,-172,2,0,72
2026-07-19T14:20:24.507 RX LT,18075,108,216,115,231,-11,4,1,-165,2,0,72
2026-07-19T14:20:24.507 RX LT,18095,123,201,115,231,-6,12,1,-158,2,0,72
2026-07-19T14:20:24.507 RX LT,18115,129,199,115,188,-6,12,1,-151,2,0,72
2026-07-19T14:20:24.507 RX LT,18135,129,199,115,229,-6,12,1,-144,2,0,72
2026-07-19T14:20:24.507 RX LT,18155,145,193,115,231,-2,8,1,-137,2,0,72
2026-07-19T14:20:24.507 RX LT,18175,159,187,115,188,-2,8,1,-131,2,0,72
2026-07-19T14:20:24.637 RX LT,18195,169,177,115,229,-2,8,1,-125,2,0,72
2026-07-19T14:20:24.637 RX LT,18215,181,169,115,220,-2,8,1,-119,2,0,72
2026-07-19T14:20:24.637 RX LT,18235,181,169,115,176,-2,8,1,-110,2,0,72
2026-07-19T14:20:24.637 RX LT,18255,189,165,159,185,0,24,1,-105,2,0,72
2026-07-19T14:20:24.637 RX LT,18278,183,171,126,220,0,24,1,-100,2,0,72
2026-07-19T14:20:24.637 RX LT,18299,192,168,124,188,0,24,1,-96,2,0,72
2026-07-19T14:20:24.743 RX LT,18319,186,174,160,218,0,24,1,-93,2,0,72
2026-07-19T14:20:24.743 RX LT,18340,186,174,162,176,0,24,1,-91,2,0,72
2026-07-19T14:20:24.743 RX LT,18360,183,171,162,228,2,16,1,-90,2,0,72
2026-07-19T14:20:24.743 RX LT,18380,183,171,162,177,2,16,1,-89,2,0,72
2026-07-19T14:20:24.743 RX LT,18400,187,163,162,174,2,16,1,-89,2,0,72
2026-07-19T14:20:24.869 RX LT,18420,187,163,162,174,2,16,1,-90,2,0,72
2026-07-19T14:20:24.869 RX LT,18440,187,163,129,174,2,16,1,-90,2,0,72
2026-07-19T14:20:24.869 RX LT,18460,190,156,171,174,6,48,1,-91,2,0,72
2026-07-19T14:20:24.869 RX LT,18480,194,148,162,174,6,48,1,-92,2,0,72
2026-07-19T14:20:24.869 RX LT,18500,206,132,173,130,6,48,1,-93,2,0,72
2026-07-19T14:20:24.869 RX LT,18520,206,132,130,171,6,48,1,-95,2,0,72
2026-07-19T14:20:24.993 RX LT,18540,206,128,171,130,6,48,1,-97,2,0,72
2026-07-19T14:20:24.993 RX LT,18560,206,128,173,127,6,48,1,-100,2,0,72
2026-07-19T14:20:24.993 RX LT,18580,206,128,173,171,6,48,1,-102,2,0,72
2026-07-19T14:20:24.993 RX LT,18600,206,128,217,206,6,48,1,-106,2,0,72
2026-07-19T14:20:24.993 RX LT,18620,204,124,176,176,11,32,1,-110,2,0,72
2026-07-19T14:20:24.993 RX LT,18640,204,120,174,163,11,32,1,-113,2,0,72
2026-07-19T14:20:25.100 RX LT,18660,218,106,184,173,11,32,1,-118,2,0,72
2026-07-19T14:20:25.100 RX LT,18680,218,106,174,163,11,32,1,-123,2,0,72
2026-07-19T14:20:25.100 RX LT,18700,218,106,141,129,11,32,1,-128,2,0,72
2026-07-19T14:20:25.100 RX LT,18720,219,105,215,127,11,32,1,-132,2,0,72
2026-07-19T14:20:25.100 RX LT,18740,219,105,176,160,11,32,1,-138,2,0,72
2026-07-19T14:20:25.100 RX LT,18760,218,106,185,118,11,32,1,-145,2,0,72
2026-07-19T14:20:25.225 RX LT,18780,218,106,174,127,11,32,1,-151,2,0,72
2026-07-19T14:20:25.225 RX LT,18800,217,107,184,160,11,32,1,-160,2,0,72
2026-07-19T14:20:25.225 RX LT,18820,217,107,218,118,11,32,1,-168,2,0,72
2026-07-19T14:20:25.225 RX LT,18840,217,107,176,127,11,32,1,-175,2,0,72
2026-07-19T14:20:25.225 RX LT,18860,217,107,185,116,11,32,1,-182,2,0,72
2026-07-19T14:20:25.349 RX LT,18880,217,107,218,126,11,32,1,-190,2,0,72
2026-07-19T14:20:25.349 RX LT,18900,217,107,176,116,11,32,1,-197,2,0,72
2026-07-19T14:20:25.349 RX LT,18920,217,107,217,126,11,32,1,-204,2,0,72
2026-07-19T14:20:25.349 RX LT,18940,217,107,220,116,11,32,1,-211,2,0,72
2026-07-19T14:20:25.350 RX LT,18960,217,107,176,126,11,32,1,-218,2,0,72
2026-07-19T14:20:25.350 RX LT,18980,217,107,185,116,11,32,1,-226,2,0,72
2026-07-19T14:20:25.454 RX LT,19000,217,107,185,116,11,32,1,-234,2,0,72
2026-07-19T14:20:25.454 RX LT,19020,217,107,185,126,11,32,1,-242,2,0,72
2026-07-19T14:20:25.454 RX LT,19040,216,108,185,116,11,32,1,-253,2,0,72
2026-07-19T14:20:25.454 RX LT,19060,216,108,185,116,11,32,1,-262,2,0,72
2026-07-19T14:20:25.454 RX LT,19080,216,108,229,126,11,32,1,-271,2,0,72
2026-07-19T14:20:25.579 RX LT,19100,216,108,220,116,11,32,1,-280,2,0,72
2026-07-19T14:20:25.579 RX LT,19120,216,108,220,116,11,32,1,-289,2,0,72
2026-07-19T14:20:25.579 RX LT,19140,216,108,231,116,11,32,1,-299,2,0,72
2026-07-19T14:20:25.579 RX LT,19160,217,107,221,116,11,32,1,-304,2,0,72
2026-07-19T14:20:25.579 RX LT,19180,217,107,187,116,11,32,1,-313,2,0,72
2026-07-19T14:20:25.579 RX LT,19200,217,107,229,116,11,32,1,-323,2,0,72
2026-07-19T14:20:25.687 RX LT,19220,217,107,231,116,11,32,1,-333,2,0,72
2026-07-19T14:20:25.687 RX LT,19240,216,108,188,116,11,32,1,-346,2,0,72
2026-07-19T14:20:25.687 RX LT,19260,216,108,229,116,11,32,1,-355,2,0,72
2026-07-19T14:20:25.687 RX LT,19280,201,123,188,116,6,48,1,-364,2,0,72
2026-07-19T14:20:25.687 RX LT,19300,199,129,229,116,6,48,1,-373,2,0,72
2026-07-19T14:20:25.810 RX LT,19320,199,129,188,116,6,48,1,-382,2,0,72
2026-07-19T14:20:25.810 RX LT,19340,202,132,229,116,6,48,1,-386,2,0,72
2026-07-19T14:20:25.810 RX LT,19360,202,132,220,116,6,48,1,-394,2,0,72
2026-07-19T14:20:25.810 RX LT,19380,196,146,231,116,2,16,1,-402,2,0,72
2026-07-19T14:20:25.810 RX LT,19400,188,158,221,126,2,16,1,-409,2,0,72
2026-07-19T14:20:25.810 RX LT,19420,179,167,187,116,2,16,1,-416,2,0,72
2026-07-19T14:20:25.936 RX LT,19440,175,175,229,116,2,16,1,-424,2,0,72
2026-07-19T14:20:25.936 RX LT,19460,169,181,220,126,2,16,1,-433,2,0,72
2026-07-19T14:20:25.936 RX LT,19480,169,181,220,116,2,16,1,-439,2,0,72
2026-07-19T14:20:25.936 RX LT,19500,165,189,220,126,0,24,1,-445,2,0,72
2026-07-19T14:20:25.936 RX LT,19520,171,183,187,127,0,24,1,-450,2,0,72
2026-07-19T14:20:25.936 RX LT,19540,174,186,185,160,0,24,1,-452,2,0,72
2026-07-19T14:20:26.044 RX LT,19560,165,189,185,162,-2,8,1,-456,2,0,72
2026-07-19T14:20:26.044 RX LT,19580,165,189,185,129,-2,8,1,-461,2,0,72
2026-07-19T14:20:26.044 RX LT,19600,165,189,185,171,-2,8,1,-464,2,0,72
2026-07-19T14:20:26.044 RX LT,19620,157,193,185,130,-2,8,1,-467,2,0,72
2026-07-19T14:20:26.044 RX LT,19640,150,196,185,171,-6,12,1,-470,2,0,72
2026-07-19T14:20:26.167 RX LT,19660,141,201,218,130,-6,12,1,-472,2,0,72
2026-07-19T14:20:26.167 RX LT,19680,132,206,176,171,-6,12,1,-473,2,0,72
2026-07-19T14:20:26.167 RX LT,19700,132,206,185,173,-6,12,1,-476,2,0,72
2026-07-19T14:20:26.167 RX LT,19720,121,203,174,173,-11,4,1,-477,2,0,72
2026-07-19T14:20:26.167 RX LT,19740,120,204,174,173,-11,4,1,-476,2,0,72
2026-07-19T14:20:26.167 RX LT,19760,106,218,174,217,-11,4,1,-476,2,0,72
2026-07-19T14:20:26.293 RX LT,19780,106,218,163,176,-11,4,1,-474,2,0,72
2026-07-19T14:20:26.293 RX LT,19800,105,219,129,217,-11,4,1,-473,2,0,72
2026-07-19T14:20:26.293 RX LT,19820,105,219,171,176,-11,4,1,-470,2,0,72
2026-07-19T14:20:26.293 RX LT,19840,105,219,173,185,-11,4,1,-467,2,0,72
2026-07-19T14:20:26.293 RX LT,19860,104,220,163,185,-18,6,1,-463,2,0,72
2026-07-19T14:20:26.293 RX LT,19880,101,223,129,185,-18,6,1,-459,2,0,72
2026-07-19T14:20:26.398 RX LT,19900,101,223,171,229,-18,6,1,-452,2,0,72
2026-07-19T14:20:26.398 RX LT,19920,100,224,162,220,-18,6,1,-447,2,0,72
2026-07-19T14:20:26.398 RX LT,19940,100,224,162,187,-18,6,1,-441,2,0,72
2026-07-19T14:20:26.398 RX LT,19960,100,224,162,229,-18,6,1,-436,2,0,72
2026-07-19T14:20:26.398 RX LT,19980,100,224,162,188,-18,6,1,-430,2,0,72
2026-07-19T14:20:26.524 RX LT,20000,98,226,162,229,-25,2,1,-424,2,0,72
2026-07-19T14:20:26.524 RX LT,20020,97,227,162,188,-25,2,1,-418,2,0,72
2026-07-19T14:20:26.524 RX LT,20040,97,227,162,229,-25,2,1,-411,2,0,72
2026-07-19T14:20:26.524 RX LT,20060,97,227,118,188,-25,2,1,-407,2,0,72
2026-07-19T14:20:26.524 RX LT,20080,97,227,127,229,-25,2,1,-400,2,0,72
2026-07-19T14:20:26.524 RX LT,20100,97,227,116,231,-25,2,1,-393,2,0,72
2026-07-19T14:20:26.630 RX LT,20120,97,227,116,221,-25,2,1,-382,2,0,72
2026-07-19T14:20:26.630 RX LT,20140,97,227,126,231,-25,2,1,-375,2,0,72
2026-07-19T14:20:26.630 RX LT,20160,98,226,116,231,-18,6,1,-367,2,0,72
2026-07-19T14:20:26.630 RX LT,20180,98,226,116,221,-18,6,1,-360,2,0,72
2026-07-19T14:20:26.630 RX LT,20200,99,225,116,231,-18,6,1,-353,2,0,72
2026-07-19T14:20:26.630 RX LT,20220,99,225,116,231,-18,6,1,-346,2,0,72
2026-07-19T14:20:26.755 RX LT,20240,100,224,116,221,-18,6,1,-338,2,0,72
2026-07-19T14:20:26.755 RX LT,20260,100,224,116,231,-18,6,1,-330,2,0,72
2026-07-19T14:20:26.755 RX LT,20280,100,224,116,231,-18,6,1,-322,2,0,72
2026-07-19T14:20:26.755 RX LT,20300,101,223,105,221,-11,4,1,-314,2,0,72
2026-07-19T14:20:26.755 RX LT,20320,103,221,115,231,-11,4,1,-306,2,0,72
2026-07-19T14:20:26.880 RX LT,20340,105,219,105,231,-11,4,1,-294,2,0,72
2026-07-19T14:20:26.880 RX LT,20360,106,218,115,188,-11,4,1,-285,2,0,72
2026-07-19T14:20:26.880 RX LT,20380,108,216,72,229,-11,4,1,-277,2,0,72
2026-07-19T14:20:26.880 RX LT,20400,108,216,113,231,-11,4,1,-269,2,0,72
2026-07-19T14:20:26.880 RX LT,20420,108,216,72,221,-11,4,1,-262,2,0,72
2026-07-19T14:20:26.880 RX LT,20440,108,216,113,231,-11,4,1,-254,2,0,72
2026-07-19T14:20:26.987 RX LT,20460,118,206,104,221,-6,12,1,-246,2,0,72
2026-07-19T14:20:26.988 RX LT,20480,125,199,104,231,-6,12,1,-237,2,0,72
2026-07-19T14:20:26.988 RX LT,20500,129,199,104,188,-6,12,1,-229,2,0,72
2026-07-19T14:20:26.988 RX LT,20520,136,198,115,229,-6,12,1,-221,2,0,72
2026-07-19T14:20:26.988 RX LT,20540,136,198,105,220,-6,12,1,-213,2,0,72
2026-07-19T14:20:27.110 RX LT,20560,152,190,71,187,-2,8,1,-202,2,0,72
2026-07-19T14:20:27.110 RX LT,20580,164,182,113,229,-2,8,1,-196,2,0,72
2026-07-19T14:20:27.110 RX LT,20600,181,169,72,220,0,24,1,-189,2,0,72
2026-07-19T14:20:27.110 RX LT,20620,189,165,113,176,0,24,1,-182,2,0,72
2026-07-19T14:20:27.110 RX LT,20640,198,162,115,185,0,24,1,-176,2,0,72
2026-07-19T14:20:27.110 RX LT,20660,192,168,115,174,0,24,1,-171,2,0,72
2026-07-19T14:20:27.239 RX LT,20680,192,168,115,184,0,24,1,-166,2,0,72
2026-07-19T14:20:27.239 RX LT,20700,189,165,115,174,2,16,1,-163,2,0,72
2026-07-19T14:20:27.239 RX LT,20720,193,157,159,184,6,48,1,-159,2,0,72
2026-07-19T14:20:27.239 RX LT,20740,199,143,118,174,6,48,1,-156,2,0,72
2026-07-19T14:20:27.239 RX LT,20760,208,130,159,141,6,48,1,-154,2,0,72
2026-07-19T14:20:27.239 RX LT,20780,208,130,118,171,6,48,1,-152,2,0,72
2026-07-19T14:20:27.343 RX LT,20800,206,132,127,173,6,48,1,-151,2,0,72
2026-07-19T14:20:27.343 RX LT,20820,206,128,160,173,6,48,1,-151,2,0,72
2026-07-19T14:20:27.343 RX LT,20840,206,128,162,163,6,48,1,-152,2,0,72
2026-07-19T14:20:27.343 RX LT,20860,206,128,162,129,6,48,1,-153,2,0,72
2026-07-19T14:20:27.343 RX LT,20880,206,128,162,171,6,48,1,-155,2,0,72
2026-07-19T14:20:27.467 RX LT,20900,204,124,129,162,11,32,1,-157,2,0,72
2026-07-19T14:20:27.468 RX LT,20920,204,120,171,162,11,32,1,-159,2,0,72
2026-07-19T14:20:27.468 RX LT,20940,218,106,162,162,11,32,1,-162,2,0,72
2026-07-19T14:20:27.468 RX LT,20960,222,102,173,118,23,96,1,-166,2,0,72
2026-07-19T14:20:27.468 RX LT,20980,224,100,163,127,23,96,1,-169,2,0,72
2026-07-19T14:20:27.468 RX LT,21000,226,98,173,160,23,96,1,-169,2,0,72
2026-07-19T14:20:27.593 RX LT,21020,226,98,173,118,23,96,1,-177,2,0,72
2026-07-19T14:20:27.593 RX LT,21040,226,98,173,159,23,96,1,-183,2,0,72
2026-07-19T14:20:27.593 RX LT,21060,226,98,173,118,23,96,1,-189,2,0,72
2026-07-19T14:20:27.593 RX LT,21080,227,97,173,116,23,96,1,-196,2,0,72
2026-07-19T14:20:27.593 RX LT,21100,227,97,217,116,23,96,1,-203,2,0,72
2026-07-19T14:20:27.593 RX LT,21120,226,98,176,116,23,96,1,-212,2,0,72
2026-07-19T14:20:27.700 RX LT,21140,226,98,174,116,23,96,1,-220,2,0,72
2026-07-19T14:20:27.700 RX LT,21160,228,96,217,116,36,64,1,-228,2,0,72
2026-07-19T14:20:27.701 RX LT,21180,228,96,220,72,36,64,1,-237,2,0,72
2026-07-19T14:20:27.701 RX LT,21200,229,95,176,113,36,64,1,-246,2,0,72
2026-07-19T14:20:27.701 RX LT,21220,229,95,185,159,36,64,1,-260,2,0,72
2026-07-19T14:20:27.823 RX LT,21240,229,95,185,107,36,64,1,-270,2,0,72
2026-07-19T14:20:27.823 RX LT,21260,229,95,185,115,36,64,1,-280,2,0,72
2026-07-19T14:20:27.823 RX LT,21280,229,95,185,72,36,64,1,-290,2,0,72
2026-07-19T14:20:27.823 RX LT,21300,229,95,185,113,36,64,1,-300,2,0,72
2026-07-19T14:20:27.823 RX LT,21320,229,95,185,72,36,64,1,-311,2,0,72
2026-07-19T14:20:27.823 RX LT,21340,229,95,229,113,36,64,1,-322,2,0,72
2026-07-19T14:20:27.952 RX LT,21360,229,95,220,104,36,64,1,-332,2,0,72
2026-07-19T14:20:27.952 RX LT,21380,211,113,187,104,23,96,1,-343,2,0,72
2026-07-19T14:20:27.952 RX LT,21400,210,114,185,115,23,96,1,-354,2,0,72
2026-07-19T14:20:27.952 RX LT,21420,209,115,229,105,16,112,1,-365,2,0,72
2026-07-19T14:20:27.952 RX LT,21440,111,51,220,71,0,126,0,-381,2,0,72
2026-07-19T14:20:27.952 RX LT,21460,103,59,176,102,0,127,0,-390,2,0,72
2026-07-19T14:20:28.075 RX LT,21480,97,65,130,60,0,127,0,-398,2,0,72
2026-07-19T14:20:28.075 RX LT,21500,93,69,171,69,0,127,0,-408,2,0,72
2026-07-19T14:20:28.075 RX LT,21520,89,73,130,69,0,127,0,-416,2,0,72
2026-07-19T14:20:28.075 RX LT,21540,87,75,171,69,0,127,0,-424,2,0,72
2026-07-19T14:20:28.075 RX LT,21560,95,107,130,69,2,16,1,-432,2,0,72
2026-07-19T14:20:28.075 RX LT,21580,78,84,127,69,0,0,0,-438,2,0,72
2026-07-19T14:20:28.201 RX LT,21600,80,82,160,102,0,0,0,-444,2,0,72
2026-07-19T14:20:28.201 RX LT,21620,81,81,118,60,0,0,0,-449,2,0,72
2026-07-19T14:20:28.202 RX LT,21640,81,81,116,58,0,0,0,-453,2,0,72
2026-07-19T14:20:28.202 RX LT,21660,81,81,83,101,0,0,0,-458,2,0,72
2026-07-19T14:20:28.202 RX LT,21680,81,81,113,93,0,0,0,-462,2,0,72
2026-07-19T14:20:28.202 RX LT,21700,81,81,104,60,0,0,0,-465,2,0,72
2026-07-19T14:20:28.327 RX LT,21720,81,81,115,58,0,0,0,-468,2,0,72
2026-07-19T14:20:28.327 RX LT,21740,81,81,105,58,0,0,0,-471,2,0,72
2026-07-19T14:20:28.327 RX LT,21760,81,81,104,58,0,0,0,-474,2,0,72
2026-07-19T14:20:28.327 RX LT,21780,81,81,71,58,0,0,0,-477,2,0,72
2026-07-19T14:20:28.327 RX LT,21800,81,81,69,58,0,0,0,-479,2,0,72
2026-07-19T14:20:28.327 RX LT,21820,81,81,69,58,0,0,0,-482,2,0,72
2026-07-19T14:20:28.473 RX LT,21840,81,81,69,58,0,0,0,-484,2,0,72
2026-07-19T14:20:28.473 RX LT,21860,81,81,69,58,0,0,0,-487,2,0,72
2026-07-19T14:20:28.473 RX LT,21880,81,81,69,58,0,0,0,-490,2,0,72
2026-07-19T14:20:28.473 RX LT,21900,81,81,69,58,0,0,0,-492,2,0,72
2026-07-19T14:20:28.473 RX LT,21920,81,81,69,68,0,0,0,-494,2,0,72
2026-07-19T14:20:28.473 RX LT,21940,81,81,69,58,0,0,0,-496,2,0,72
2026-07-19T14:20:28.473 RX LT,21960,81,81,69,58,0,0,0,-497,2,0,72
2026-07-19T14:20:28.598 RX LT,21980,81,81,113,101,0,0,0,-500,2,0,72
2026-07-19T14:20:28.599 RX LT,22000,81,81,115,60,0,0,0,-503,2,0,72
2026-07-19T14:20:28.599 RX LT,22020,81,81,148,58,0,0,0,-507,2,0,72
2026-07-19T14:20:28.599 RX LT,22040,81,81,118,58,0,0,0,-513,2,0,72
2026-07-19T14:20:28.599 RX LT,22060,81,81,116,101,0,0,0,-519,2,0,72
2026-07-19T14:20:28.599 RX LT,22080,81,81,159,60,0,0,0,-521,2,0,72
2026-07-19T14:20:28.763 RX LT,22100,81,81,118,58,0,0,0,-528,2,0,72
2026-07-19T14:20:28.763 RX LT,22120,81,81,159,68,0,0,0,-531,2,0,72
2026-07-19T14:20:28.763 RX LT,22140,81,81,107,58,0,0,0,-534,2,0,72
2026-07-19T14:20:28.763 RX SQUARE ERROR,LINE LOST
2026-07-19T14:20:28.763 TX STOP
2026-07-19T14:20:28.763 TX STOP
2026-07-19T14:20:28.901 RX OK STOP
2026-07-19T14:20:28.901 RX OK STOP
2026-07-19T14:20:28.901 TX PROFILE GIMBAL
2026-07-19T14:20:28.954 RX OK PROFILE GIMBAL FLASH 3
2026-07-19T14:20:28.954 TX PARAM
2026-07-19T14:20:29.120 RX PARAM,x1000,PROFILE,1,FLASHVER,3,GUARDVER,25,LKP,350,LKI,100,RKP,500,RKI,350,LFF,460,RFF,437,LMIN,32,RMIN,26,SYNC,1000,BIAS,50,GSTART,10,LINEKP,6750,LINEKD,2000,TURNANGLE,900,TURNFAST,185,TURNSLOW,140,TURNMARGIN,180,TURNEXIT,140,TURNDIST,98
2026-07-19T14:20:29.120 RX PARAM,x1000,PROFILE,1,FLASHVER,3,GUARDVER,25,LKP,350,LKI,100,RKP,500,RKI,350,LFF,460,RFF,437,LMIN,32,RMIN,26,SYNC,1000,BIAS,50,GSTART,10,LINEKP,6750,LINEKD,2000,TURNANGLE,900,TURNFAST,185,TURNSLOW,140,TURNMARGIN,180,TURNEXIT,140,TURNDIST,98
2026-07-19T14:20:29.120 TX SET TURNSLOW 80 1737373027
2026-07-19T14:20:29.260 RX SA,1737373027,TURNSLOW,80
2026-07-19T14:20:29.260 TX SET LKP 350 1737373028
2026-07-19T14:20:29.399 RX SA,1737373028,LKP,350
2026-07-19T14:20:29.399 TX SET LKI 100 1737373029
2026-07-19T14:20:29.538 RX SA,1737373029,LKI,100
2026-07-19T14:20:29.538 TX SET LFF 460 1737373030
2026-07-19T14:20:29.677 RX SA,1737373030,LFF,460
2026-07-19T14:20:29.677 TX SET LMIN 32 1737373031
2026-07-19T14:20:29.817 RX SA,1737373031,LMIN,32
2026-07-19T14:20:29.817 TX SET RKP 500 1737373032
2026-07-19T14:20:29.958 RX SA,1737373032,RKP,500
2026-07-19T14:20:29.958 TX SET RKI 350 1737373033
2026-07-19T14:20:30.098 RX SA,1737373033,RKI,350
2026-07-19T14:20:30.098 TX SET RFF 437 1737373034
2026-07-19T14:20:30.238 RX SA,1737373034,RFF,437
2026-07-19T14:20:30.238 TX SET RMIN 26 1737373035
2026-07-19T14:20:30.377 RX SA,1737373035,RMIN,26
2026-07-19T14:20:30.377 TX SET SYNC 1000 1737373036
2026-07-19T14:20:30.517 RX SA,1737373036,SYNC,1000
2026-07-19T14:20:30.517 TX SET BIAS 50 1737373037
2026-07-19T14:20:30.655 RX SA,1737373037,BIAS,50
2026-07-19T14:20:30.655 TX SET LINEKP 6750 1737373038
2026-07-19T14:20:30.793 RX SA,1737373038,LINEKP,6750
2026-07-19T14:20:30.793 TX SET LINEKD 2000 1737373039
2026-07-19T14:20:30.933 RX SA,1737373039,LINEKD,2000
2026-07-19T14:20:30.933 TX SET TURNANGLE 900 1737373040
2026-07-19T14:20:31.073 RX SA,1737373040,TURNANGLE,900
2026-07-19T14:20:31.073 TX SET TURNFAST 185 1737373041
2026-07-19T14:20:31.213 RX SA,1737373041,TURNFAST,185
2026-07-19T14:20:31.213 TX SET TURNMARGIN 180 1737373042
2026-07-19T14:20:31.352 RX SA,1737373042,TURNMARGIN,180
2026-07-19T14:20:31.352 TX SET TURNEXIT 140 1737373043
2026-07-19T14:20:31.493 RX SA,1737373043,TURNEXIT,140
2026-07-19T14:20:31.493 TX SET TURNDIST 98 1737373044
2026-07-19T14:20:31.633 RX SA,1737373044,TURNDIST,98
2026-07-19T14:20:31.633 TX SET GSTART 0 1737373045
2026-07-19T14:20:31.772 RX SA,1737373045,GSTART,0
2026-07-19T14:20:31.772 TX SET TURNSLOW 140 1737373046
2026-07-19T14:20:31.911 RX SA,1737373046,TURNSLOW,140
2026-07-19T14:20:31.912 TX STOP
