2026-07-16T07:37:22.741 TX HELLO 707011443
2026-07-16T07:37:22.881 RX HELLO,707011443,2,STBY,HIGH,ENCODER_MM_X1000,580,SAMPLE_MS,10
2026-07-16T07:37:22.881 TX STOP
2026-07-16T07:37:23.012 RX OK STOP
2026-07-16T07:37:23.012 TX PARAM
2026-07-16T07:37:23.163 RX PARAM,x1000,PROFILE,1,FLASHVER,3,GUARDVER,7,LKP,350,LKI,100,RKP,500,RKI,350,LFF,460,RFF,437,LMIN,32,RMIN,26,SYNC,500,BIAS,80,GSTART,10,LINEKP,3000,LINEKD,800,TURNANGLE,900,TURNFAST,150,TURNSLOW,100,TURNMARGIN,300,TURNEXIT,100,TURNDIST,98
2026-07-16T07:37:23.163 TX SENSOR
2026-07-16T07:37:23.297 RX SENSOR,OK,24,0,93,0,24
2026-07-16T07:37:23.297 TX IMU
2026-07-16T07:37:23.430 RX IMU,OK,-949,20706,340,VER,1,1,0,0
2026-07-16T07:37:23.430 TX SET TURNSLOW 80 707011444
2026-07-16T07:37:23.574 RX SA,707011444,TURNSLOW,80
2026-07-16T07:37:23.574 TX SET TURNFAST 150 707011445
2026-07-16T07:37:23.708 RX SA,707011445,TURNFAST,150
2026-07-16T07:37:23.708 TX SET TURNSLOW 100 707011446
2026-07-16T07:37:23.845 RX SA,707011446,TURNSLOW,100
2026-07-16T07:37:23.845 TX SET TURNANGLE 900 707011447
2026-07-16T07:37:23.984 RX SA,707011447,TURNANGLE,900
2026-07-16T07:37:23.984 TX SET TURNMARGIN 300 707011448
2026-07-16T07:37:24.113 RX SA,707011448,TURNMARGIN,300
2026-07-16T07:37:24.113 TX SET TURNEXIT 100 707011449
2026-07-16T07:37:24.242 RX SA,707011449,TURNEXIT,100
2026-07-16T07:37:24.243 TX SET TURNDIST 98 707011450
2026-07-16T07:37:24.373 RX SA,707011450,TURNDIST,98
2026-07-16T07:37:24.373 TX SQUARE 120 1 707011451
2026-07-16T07:37:24.428 RX TEST START,SQUARE,120,1
2026-07-16T07:37:24.428 RX CSV,time_ms,mode,left_target,right_target,left_mmps,right_mmps,left_pwm,right_pwm,left_error,right_error,count_diff,line_error,line_mask,line_valid,yaw_x10,corner_count,square_state,turn_travel_mm
2026-07-16T07:37:24.428 RX SQ,707011451,OK
2026-07-16T07:37:24.513 RX PID,20,SQUARE,0,0,0,0,0,0,0,0,0,0,24,1,0,0,0,0
2026-07-16T07:37:24.513 RX PID,40,SQUARE,0,0,0,0,0,0,0,0,0,0,24,1,0,0,0,0
2026-07-16T07:37:24.523 RX PID,60,SQUARE,0,0,0,0,0,0,0,0,0,0,24,1,0,0,0,0
2026-07-16T07:37:24.523 RX PID,80,SQUARE,0,0,0,0,0,0,0,0,0,0,24,1,0,0,0,0
2026-07-16T07:37:24.523 RX PID,100,SQUARE,0,0,0,0,0,0,0,0,0,0,24,1,0,0,0,0
2026-07-16T07:37:24.631 RX PID,120,SQUARE,0,0,0,0,0,0,0,0,0,0,24,1,0,0,0,0
2026-07-16T07:37:24.631 RX PID,140,SQUARE,0,0,0,0,0,0,0,0,0,0,24,1,0,0,0,0
2026-07-16T07:37:24.631 RX PID,160,SQUARE,0,0,0,0,0,0,0,0,0,0,24,1,0,0,0,0
2026-07-16T07:37:24.631 RX PID,180,SQUARE,0,0,0,0,0,0,0,0,0,0,24,1,0,0,0,0
2026-07-16T07:37:24.631 RX PID,200,SQUARE,0,0,0,0,0,0,0,0,0,0,24,1,0,0,0,0
2026-07-16T07:37:24.754 RX PID,220,SQUARE,0,0,0,0,0,0,0,0,0,0,24,1,0,0,0,0
2026-07-16T07:37:24.754 RX PID,240,SQUARE,0,0,0,0,0,0,0,0,0,0,24,1,0,0,0,0
2026-07-16T07:37:24.754 RX PID,260,SQUARE,0,0,0,0,0,0,0,0,0,0,24,1,0,0,0,0
2026-07-16T07:37:24.754 RX PID,280,SQUARE,0,0,0,0,0,0,0,0,0,0,24,1,0,0,0,0
2026-07-16T07:37:24.754 RX PID,300,SQUARE,0,0,0,0,0,0,0,0,0,0,24,1,0,0,0,0
2026-07-16T07:37:24.754 RX PID,320,SQUARE,0,0,0,0,0,0,0,0,0,0,24,1,0,0,0,0
2026-07-16T07:37:24.845 RX PID,340,SQUARE,50,30,0,0,80,54,50,30,0,0,24,1,0,0,0,0
2026-07-16T07:37:24.846 RX PID,360,SQUARE,52,32,10,0,80,55,42,32,1,0,24,1,0,0,0,0
2026-07-16T07:37:24.846 RX PID,380,SQUARE,55,35,55,10,80,53,0,25,1,0,24,1,0,0,0,0
2026-07-16T07:37:24.846 RX PID,400,SQUARE,57,37,14,55,73,50,43,-18,1,0,24,1,1,0,0,0
2026-07-16T07:37:24.938 RX PID,420,SQUARE,62,38,44,46,66,38,18,-8,1,0,24,1,2,0,0,0
2026-07-16T07:37:24.938 RX PID,440,SQUARE,64,40,2,13,82,56,62,27,-1,0,24,1,5,0,0,0
2026-07-16T07:37:24.938 RX PID,460,SQUARE,66,42,0,55,85,38,66,-13,-1,0,24,1,7,0,0,0
2026-07-16T07:37:24.938 RX PID,480,SQUARE,69,45,10,46,83,45,59,-1,-2,0,24,1,9,0,0,0
2026-07-16T07:37:24.938 RX PID,500,SQUARE,71,47,0,13,88,63,71,34,-4,0,24,1,11,0,0,0
2026-07-16T07:37:25.028 RX PID,520,SQUARE,78,46,0,55,94,42,78,-9,-4,0,24,1,12,0,0,0
2026-07-16T07:37:25.028 RX PID,540,SQUARE,84,44,10,3,95,65,74,41,-5,0,24,1,12,0,0,0
2026-07-16T07:37:25.028 RX PID,560,SQUARE,90,42,0,11,105,59,90,31,-5,0,24,1,13,0,0,0
2026-07-16T07:37:25.028 RX PID,580,SQUARE,94,44,0,0,108,68,94,44,-5,0,24,1,13,0,0,0
2026-07-16T07:37:25.115 RX PID,600,SQUARE,96,46,43,0,95,70,53,46,-4,0,24,1,13,0,0,0
2026-07-16T07:37:25.115 RX PID,620,SQUARE,95,53,2,0,108,76,93,53,-4,0,24,1,12,0,0,0
2026-07-16T07:37:25.115 RX PID,640,SQUARE,94,58,0,0,108,82,94,58,-4,0,24,1,12,0,0,0
2026-07-16T07:37:25.115 RX PID,660,SQUARE,96,60,0,43,111,62,96,17,-4,0,24,1,11,0,0,0
2026-07-16T07:37:25.216 RX PID,680,SQUARE,99,63,10,2,110,85,89,61,-4,0,24,1,10,0,0,0
2026-07-16T07:37:25.216 RX PID,700,SQUARE,101,65,0,0,115,89,101,65,-4,0,24,1,10,0,0,0
2026-07-16T07:37:25.216 RX PID,720,SQUARE,100,72,0,0,115,96,100,72,-4,0,24,1,10,0,0,0
2026-07-16T07:37:25.216 RX PID,740,SQUARE,98,78,0,0,113,103,98,78,-4,0,24,1,10,0,0,0
2026-07-16T07:37:25.216 RX PID,760,SQUARE,97,83,0,0,111,107,97,83,-4,0,24,1,10,0,0,0
2026-07-16T07:37:25.300 RX PID,780,SQUARE,100,86,0,0,116,111,100,86,-4,0,24,1,11,0,0,0
2026-07-16T07:37:25.300 RX PID,800,SQUARE,102,88,0,43,116,91,102,45,-5,0,24,1,11,0,0,0
2026-07-16T07:37:25.300 RX PID,820,SQUARE,109,87,0,2,123,112,109,85,-5,0,24,1,12,0,0,0
2026-07-16T07:37:25.300 RX PID,840,SQUARE,115,85,0,0,127,112,115,85,-5,0,24,1,12,0,0,0
2026-07-16T07:37:25.380 RX PID,860,SQUARE,117,87,43,10,113,109,74,77,-5,0,24,1,13,0,0,0
2026-07-16T07:37:25.380 RX PID,880,SQUARE,120,90,2,0,132,118,118,90,-6,0,24,1,14,0,0,0
2026-07-16T07:37:25.380 RX PID,900,SQUARE,122,92,43,10,119,115,79,82,-5,0,24,1,14,0,0,0
2026-07-16T07:37:25.380 RX PID,920,SQUARE,129,91,2,44,139,97,127,47,-6,0,24,1,14,0,0,0
2026-07-16T07:37:25.470 RX PID,940,SQUARE,132,92,0,2,142,120,132,90,-6,0,24,1,15,0,0,0
2026-07-16T07:37:25.470 RX PID,960,SQUARE,134,94,10,54,141,97,124,40,-7,0,24,1,15,0,0,0
2026-07-16T07:37:25.470 RX PID,980,SQUARE,137,97,11,46,144,103,126,51,-7,0,24,1,16,0,0,0
2026-07-16T07:37:25.470 RX PID,1000,SQUARE,139,99,0,46,148,105,139,53,-7,0,24,1,16,0,0,0
2026-07-16T07:37:25.552 RX PID,1020,SQUARE,139,101,10,46,145,108,129,55,-8,0,24,1,17,0,0,0
2026-07-16T07:37:25.552 RX PID,1040,SQUARE,139,101,11,57,145,103,128,44,-9,0,24,1,19,0,0,0
2026-07-16T07:37:25.552 RX PID,1060,SQUARE,139,101,44,47,134,109,95,54,-9,0,24,1,20,0,0,0
2026-07-16T07:37:25.552 RX PID,1080,SQUARE,139,101,46,13,133,126,93,88,-10,0,24,1,21,0,0,0
2026-07-16T07:37:25.638 RX PID,1100,SQUARE,139,101,46,55,133,106,93,46,-10,0,24,1,22,0,0,0
2026-07-16T07:37:25.638 RX PID,1120,SQUARE,143,97,46,57,136,101,97,40,-11,0,24,1,24,0,0,0
2026-07-16T07:37:25.638 RX PID,1140,SQUARE,145,95,13,57,151,99,132,38,-12,0,24,1,25,0,0,0
2026-07-16T07:37:25.638 RX PID,1160,SQUARE,145,95,55,57,136,99,90,38,-12,0,24,1,26,0,0,0
2026-07-16T07:37:25.722 RX PID,1180,SQUARE,145,95,46,57,139,100,99,38,-14,0,24,1,28,0,0,0
2026-07-16T07:37:25.722 RX PID,1200,SQUARE,145,95,13,68,151,94,132,27,-14,2,16,1,30,0,0,0
2026-07-16T07:37:25.722 RX PID,1220,SQUARE,145,95,55,58,137,99,90,37,-15,2,16,1,31,0,0,0
2026-07-16T07:37:25.722 RX PID,1240,SQUARE,145,95,57,101,136,78,88,-6,-16,2,16,1,33,0,0,0
2026-07-16T07:37:25.803 RX PID,1260,SQUARE,145,95,47,60,140,98,98,35,-17,2,16,1,34,0,0,0
2026-07-16T07:37:25.803 RX PID,1280,SQUARE,145,95,57,101,136,78,88,-6,-17,2,16,1,35,0,0,0
2026-07-16T07:37:25.803 RX PID,1300,SQUARE,145,95,57,60,136,99,88,35,-18,2,16,1,36,0,0,0
2026-07-16T07:37:25.803 RX PID,1320,SQUARE,145,95,57,69,136,95,88,26,-19,2,16,1,38,0,0,0
2026-07-16T07:37:25.890 RX PID,1340,SQUARE,145,95,57,102,137,79,88,-7,-20,2,16,1,40,0,0,0
2026-07-16T07:37:25.890 RX PID,1360,SQUARE,145,95,57,104,137,78,88,-9,-21,2,16,1,41,0,0,0
2026-07-16T07:37:25.890 RX PID,1380,SQUARE,148,92,57,104,140,75,91,-12,-22,6,48,1,43,0,0,0
2026-07-16T07:37:25.890 RX PID,1400,SQUARE,154,86,57,104,144,69,97,-18,-23,6,48,1,45,0,0,0
2026-07-16T07:37:25.972 RX PID,1420,SQUARE,160,80,57,104,150,63,103,-24,-24,6,48,1,47,0,0,0
2026-07-16T07:37:25.972 RX PID,1440,SQUARE,163,77,57,104,153,61,106,-27,-25,6,48,1,49,0,0,0
2026-07-16T07:37:25.972 RX PID,1460,SQUARE,163,77,57,104,153,61,106,-27,-26,6,48,1,51,0,0,0
2026-07-16T07:37:25.972 RX RECOVERY SETTLE
2026-07-16T07:37:25.972 RX PID,1480,SQUARE,110,50,57,104,110,35,53,-54,-27,6,48,1,53,0,0,0
2026-07-16T07:37:26.053 RX PID,1500,SQUARE,110,50,57,60,110,57,53,-10,-28,6,48,1,54,0,0,0
2026-07-16T07:37:26.053 RX PID,1520,SQUARE,110,50,57,101,110,36,53,-51,-28,6,48,1,55,0,0,0
2026-07-16T07:37:26.053 RX PID,1540,SQUARE,110,50,57,60,110,56,53,-10,-28,6,48,1,57,0,0,0
2026-07-16T07:37:26.053 RX PID,1560,SQUARE,110,50,57,58,110,57,53,-8,-28,6,48,1,58,0,0,0
2026-07-16T07:37:26.138 RX PID,1580,SQUARE,110,50,57,101,111,36,53,-51,-29,6,48,1,59,0,0,0
2026-07-16T07:37:26.138 RX PID,1600,SQUARE,110,50,14,60,126,56,96,-10,-29,6,48,1,60,0,0,0
2026-07-16T07:37:26.138 RX PID,1620,SQUARE,110,50,55,58,112,57,55,-8,-30,6,48,1,60,0,0,0
2026-07-16T07:37:26.138 RX PID,1640,SQUARE,110,50,57,68,111,52,53,-18,-31,6,48,1,61,0,0,0
2026-07-16T07:37:26.214 RX PID,1660,SQUARE,110,50,57,58,111,57,53,-8,-31,6,48,1,61,0,0,0
2026-07-16T07:37:26.214 RX PID,1680,SQUARE,110,50,57,58,111,56,53,-8,-32,6,48,1,61,0,0,0
2026-07-16T07:37:26.214 RX PID,1700,SQUARE,110,50,57,101,111,35,53,-51,-32,6,48,1,60,0,0,0
2026-07-16T07:37:26.214 RX PID,1720,SQUARE,110,50,47,49,115,60,63,1,-32,6,48,1,59,0,0,0
2026-07-16T07:37:26.307 RX PID,1740,SQUARE,110,50,57,57,111,57,53,-7,-32,6,48,1,58,0,0,0
2026-07-16T07:37:26.307 RX PID,1760,SQUARE,110,50,57,57,112,57,53,-7,-32,6,48,1,58,0,0,0
2026-07-16T07:37:26.307 RX PID,1780,SQUARE,110,50,47,57,116,57,63,-7,-32,6,48,1,57,0,0,0
2026-07-16T07:37:26.307 RX PID,1800,SQUARE,110,50,57,57,112,57,53,-7,-33,6,48,1,57,0,0,0
2026-07-16T07:37:26.389 RX PID,1820,SQUARE,110,50,57,57,112,57,53,-7,-33,6,48,1,57,0,0,0
2026-07-16T07:37:26.389 RX PID,1840,SQUARE,110,50,57,90,112,40,53,-40,-33,6,48,1,57,0,0,0
2026-07-16T07:37:26.389 RX PID,1860,SQUARE,110,50,14,49,127,60,96,1,-33,6,48,1,56,0,0,0
2026-07-16T07:37:26.389 RX PID,1880,SQUARE,110,50,55,57,113,57,55,-7,-33,6,48,1,56,0,0,0
2026-07-16T07:37:26.472 RX PID,1900,SQUARE,110,50,57,57,112,57,53,-7,-34,6,48,1,56,0,0,0
2026-07-16T07:37:26.472 RX PID,1920,SQUARE,110,50,57,57,113,57,53,-7,-34,6,48,1,55,0,0,0
2026-07-16T07:37:26.472 RX PID,1940,SQUARE,110,50,57,57,113,57,53,-7,-34,6,48,1,55,0,0,0
2026-07-16T07:37:26.472 RX PID,1960,SQUARE,110,50,57,57,113,57,53,-7,-34,6,48,1,55,0,0,0
2026-07-16T07:37:26.550 RX PID,1980,SQUARE,110,50,47,57,117,57,63,-7,-33,6,48,1,54,0,0,0
2026-07-16T07:37:26.550 RX PID,2000,SQUARE,110,50,57,57,113,57,53,-7,-34,6,48,1,54,0,0,0
2026-07-16T07:37:26.550 RX PID,2020,SQUARE,110,50,57,57,113,57,53,-7,-34,6,48,1,53,0,0,0
2026-07-16T07:37:26.550 RX PID,2040,SQUARE,110,50,57,47,113,61,53,3,-34,6,48,1,52,0,0,0
2026-07-16T07:37:26.646 RX PID,2060,SQUARE,110,50,47,57,117,57,63,-7,-33,6,48,1,52,0,0,0
2026-07-16T07:37:26.647 RX PID,2080,SQUARE,110,50,57,57,113,57,53,-7,-34,6,48,1,51,0,0,0
2026-07-16T07:37:26.647 RX PID,2100,SQUARE,110,50,14,47,129,61,96,3,-34,6,48,1,51,0,0,0
2026-07-16T07:37:26.647 RX PID,2120,SQUARE,110,50,55,57,115,57,55,-7,-34,6,48,1,51,0,0,0
2026-07-16T07:37:26.729 RX PID,2140,SQUARE,110,50,57,57,114,57,53,-7,-34,6,48,1,50,0,0,0
2026-07-16T07:37:26.729 RX PID,2160,SQUARE,110,50,47,47,118,61,63,3,-35,6,48,1,50,0,0,0
2026-07-16T07:37:26.729 RX PID,2180,SQUARE,110,50,57,57,114,57,53,-7,-34,6,48,1,49,0,0,0
2026-07-16T07:37:26.729 RX PID,2200,SQUARE,110,50,57,14,114,78,53,36,-34,6,48,1,48,0,0,0
2026-07-16T07:37:26.813 RX PID,2220,SQUARE,110,50,47,55,118,58,63,-5,-34,6,48,1,47,0,0,0
2026-07-16T07:37:26.813 RX PID,2240,SQUARE,110,50,57,14,114,78,53,36,-34,6,48,1,47,0,0,0
2026-07-16T07:37:26.813 RX PID,2260,SQUARE,110,50,14,55,130,58,96,-5,-33,6,48,1,46,0,0,0
2026-07-16T07:37:26.813 RX PID,2280,SQUARE,110,50,55,14,116,78,55,36,-34,6,48,1,45,0,0,0
2026-07-16T07:37:26.899 RX PID,2300,SQUARE,110,50,57,55,115,58,53,-5,-33,6,48,1,43,0,0,0
2026-07-16T07:37:26.899 RX PID,2320,SQUARE,110,50,14,46,130,62,96,4,-32,6,48,1,42,0,0,0
2026-07-16T07:37:26.899 RX PID,2340,SQUARE,110,50,55,46,116,63,55,4,-31,6,48,1,41,0,0,0
2026-07-16T07:37:26.899 RX PID,2360,SQUARE,110,50,57,57,115,58,53,-7,-32,6,48,1,39,0,0,0
2026-07-16T07:37:26.981 RX PID,2380,SQUARE,110,50,57,47,115,62,53,3,-31,6,48,1,38,0,0,0
2026-07-16T07:37:26.981 RX PID,2400,SQUARE,110,50,57,13,115,79,53,37,-31,6,48,1,36,0,0,0
2026-07-16T07:37:26.981 RX PID,2420,SQUARE,108,52,14,55,129,61,94,-3,-30,6,48,1,35,0,0,0
2026-07-16T07:37:26.981 RX PID,2440,SQUARE,106,54,55,57,113,62,51,-3,-30,6,48,1,34,0,0,0
2026-07-16T07:37:27.063 RX PID,2460,SQUARE,106,54,57,47,113,66,49,7,-31,6,48,1,33,0,0,0
2026-07-16T07:37:27.063 RX PID,2480,SQUARE,108,52,57,57,114,60,51,-5,-30,11,32,1,33,0,0,0
2026-07-16T07:37:27.063 RX RECOVERY SEEK
2026-07-16T07:37:27.063 RX PID,2500,SQUARE,114,46,57,57,119,55,57,-11,-30,11,32,1,32,0,0,0
2026-07-16T07:37:27.063 RX PID,2520,SQUARE,124,36,14,47,143,50,110,-11,-29,11,32,1,31,0,0,0
2026-07-16T07:37:27.148 RX PID,2540,SQUARE,125,35,55,13,129,66,70,22,-29,11,32,1,30,0,0,0
2026-07-16T07:37:27.148 RX PID,2560,SQUARE,125,35,57,55,128,45,68,-20,-28,11,32,1,29,0,0,0
2026-07-16T07:37:27.148 RX PID,2580,SQUARE,125,35,57,57,129,44,68,-22,-29,11,32,1,28,0,0,0
2026-07-16T07:37:27.148 RX PID,2600,SQUARE,125,35,57,47,129,49,68,-12,-28,11,32,1,27,0,0,0
2026-07-16T07:37:27.232 RX PID,2620,SQUARE,123,37,14,57,143,46,109,-20,-28,11,32,1,27,0,0,0
2026-07-16T07:37:27.232 RX PID,2640,SQUARE,123,37,55,47,128,51,68,-10,-28,11,32,1,26,0,0,0
2026-07-16T07:37:27.232 RX PID,2660,SQUARE,123,37,46,57,131,45,77,-20,-29,11,32,1,26,0,0,0
2026-07-16T07:37:27.232 RX PID,2680,SQUARE,123,37,57,47,128,50,66,-10,-28,11,32,1,25,0,0,0
2026-07-16T07:37:27.313 RX PID,2700,SQUARE,123,37,14,13,144,67,109,24,-27,11,32,1,25,0,0,0
2026-07-16T07:37:27.313 RX PID,2720,SQUARE,127,33,55,55,133,42,72,-22,-27,11,32,1,24,0,0,0
2026-07-16T07:37:27.313 RX PID,2740,SQUARE,127,33,57,46,132,47,70,-13,-26,11,32,1,22,0,0,0
2026-07-16T07:37:27.313 RX PID,2760,SQUARE,127,33,57,13,132,63,70,20,-26,11,32,1,21,0,0,0
2026-07-16T07:37:27.398 RX PID,2780,SQUARE,127,33,57,11,132,64,70,22,-25,11,32,1,19,0,0,0
2026-07-16T07:37:27.398 RX PID,2800,SQUARE,127,33,57,55,132,42,70,-22,-24,11,32,1,17,0,0,0
2026-07-16T07:37:27.398 RX PID,2820,SQUARE,123,37,68,46,125,51,55,-9,-23,11,32,1,14,0,0,0
2026-07-16T07:37:27.398 RX PID,2840,SQUARE,123,37,58,13,128,67,65,24,-22,11,32,1,11,0,0,0
2026-07-16T07:37:27.480 RX PID,2860,SQUARE,123,37,58,55,129,46,65,-18,-22,11,32,1,9,0,0,0
2026-07-16T07:37:27.480 RX PID,2880,SQUARE,123,37,58,46,129,51,65,-9,-21,11,32,1,7,0,0,0
2026-07-16T07:37:27.480 RX PID,2900,SQUARE,123,37,47,13,133,67,76,24,-20,11,32,1,6,0,0,0
2026-07-16T07:37:27.480 RX PID,2920,SQUARE,123,37,57,55,130,46,66,-18,-20,11,32,1,4,0,0,0
2026-07-16T07:37:27.564 RX PID,2940,SQUARE,123,37,57,46,130,51,66,-9,-19,11,32,1,3,0,0,0
2026-07-16T07:37:27.564 RX PID,2960,SQUARE,123,37,57,13,130,67,66,24,-18,11,32,1,2,0,0,0
2026-07-16T07:37:27.564 RX PID,2980,SQUARE,123,37,101,55,114,46,22,-18,-18,11,32,1,0,0,0,0
2026-07-16T07:37:27.564 RX PID,3000,SQUARE,123,37,60,46,130,51,63,-9,-17,11,32,1,-2,0,0,0
2026-07-16T07:37:27.649 RX PID,3020,SQUARE,123,37,69,57,126,45,54,-20,-16,11,32,1,-4,0,0,0
2026-07-16T07:37:27.649 RX PID,3040,SQUARE,123,37,113,57,111,45,10,-20,-14,11,32,1,-7,0,0,0
2026-07-16T07:37:27.649 RX PID,3060,SQUARE,123,37,72,57,125,45,51,-20,-13,11,32,1,-12,0,0,0
2026-07-16T07:37:27.649 RX PID,3080,SQUARE,123,37,102,57,115,45,21,-20,-12,11,32,1,-15,0,0,0
2026-07-16T07:37:27.732 RX PID,3100,SQUARE,123,37,104,47,114,50,19,-10,-10,11,32,1,-17,0,0,0
2026-07-16T07:37:27.732 RX PID,3120,SQUARE,123,37,71,68,126,39,52,-31,-10,11,32,1,-20,0,0,0
2026-07-16T07:37:27.732 RX PID,3140,SQUARE,123,37,102,47,115,49,21,-10,-8,11,32,1,-23,0,0,0
2026-07-16T07:37:27.732 RX PID,3160,SQUARE,123,37,104,57,114,44,19,-20,-7,11,32,1,-26,0,0,0
2026-07-16T07:37:27.816 RX PID,3180,SQUARE,123,37,104,57,114,44,19,-20,-6,11,32,1,-28,0,0,0
2026-07-16T07:37:27.816 RX PID,3200,SQUARE,123,37,60,57,130,44,63,-20,-5,11,32,1,-31,0,0,0
2026-07-16T07:37:27.816 RX PID,3220,SQUARE,123,37,69,47,126,49,54,-10,-3,11,32,1,-33,0,0,0
2026-07-16T07:37:27.816 RX PID,3240,SQUARE,123,37,69,57,126,44,54,-20,-2,11,32,1,-36,0,0,0
2026-07-16T07:37:27.883 RX PID,3260,SQUARE,123,37,102,14,115,65,21,23,-1,11,32,1,-37,0,0,0
2026-07-16T07:37:27.883 RX PID,3280,SQUARE,123,37,104,55,115,45,19,-18,0,11,32,1,-41,0,0,0
2026-07-16T07:37:27.883 RX PID,3300,SQUARE,117,43,60,14,125,70,57,29,1,6,48,1,-43,0,0,0
2026-07-16T07:37:27.883 RX RECOVERY SETTLE
2026-07-16T07:37:27.986 RX PID,3320,SQUARE,107,53,69,55,115,60,38,-2,2,6,48,1,-46,0,0,0
2026-07-16T07:37:27.986 RX PID,3340,SQUARE,100,60,102,57,99,65,-2,3,3,6,48,1,-48,0,0,0
2026-07-16T07:37:27.986 RX PID,3360,SQUARE,96,64,60,47,109,73,36,17,4,6,48,1,-50,0,0,0
2026-07-16T07:37:27.986 RX PID,3380,SQUARE,93,67,101,57,93,72,-8,10,5,6,48,1,-51,0,0,0
2026-07-16T07:37:27.986 RX PID,3400,SQUARE,93,67,60,57,106,72,33,10,5,6,48,1,-53,0,0,0
2026-07-16T07:37:28.064 RX PID,3420,SQUARE,93,67,58,47,107,78,35,20,6,6,48,1,-54,0,0,0
2026-07-16T07:37:28.064 RX PID,3440,SQUARE,93,67,68,57,103,73,25,10,7,6,48,1,-55,0,0,0
2026-07-16T07:37:28.064 RX PID,3460,SQUARE,93,67,58,57,107,73,35,10,8,6,48,1,-57,0,0,0
2026-07-16T07:37:28.064 RX PID,3480,SQUARE,93,67,68,57,103,73,25,10,8,6,48,1,-58,0,0,0
2026-07-16T07:37:28.151 RX PID,3500,SQUARE,93,67,58,47,107,78,35,20,9,6,48,1,-60,0,0,0
2026-07-16T07:37:28.151 RX PID,3520,SQUARE,93,67,68,57,103,73,25,10,10,6,48,1,-61,0,0,0
2026-07-16T07:37:28.151 RX PID,3540,SQUARE,93,67,58,57,107,73,35,10,10,6,48,1,-62,0,0,0
2026-07-16T07:37:28.151 RX PID,3560,SQUARE,93,67,101,14,93,94,-8,53,11,6,48,1,-63,0,0,0
2026-07-16T07:37:28.239 RX PID,3580,SQUARE,93,67,60,55,106,75,33,12,11,6,48,1,-64,0,0,0
2026-07-16T07:37:28.239 RX PID,3600,SQUARE,93,67,58,57,107,74,35,10,13,6,48,1,-66,0,0,0
2026-07-16T07:37:28.239 RX PID,3620,SQUARE,93,67,68,57,103,74,25,10,13,6,48,1,-67,0,0,0
2026-07-16T07:37:28.239 RX PID,3640,SQUARE,93,67,58,47,107,79,35,20,14,6,48,1,-68,0,0,0
2026-07-16T07:37:28.320 RX PID,3660,SQUARE,93,67,68,57,103,74,25,10,15,6,48,1,-70,0,0,0
2026-07-16T07:37:28.320 RX PID,3680,SQUARE,93,67,58,14,108,95,35,53,16,6,48,1,-71,0,0,0
2026-07-16T07:37:28.320 RX PID,3700,SQUARE,93,67,68,55,104,75,25,12,17,6,48,1,-72,0,0,0
2026-07-16T07:37:28.320 RX PID,3720,SQUARE,93,67,58,57,108,74,35,10,17,6,48,1,-74,0,0,0
2026-07-16T07:37:28.405 RX PID,3740,SQUARE,93,67,58,47,108,80,35,20,19,6,48,1,-75,0,0,0
2026-07-16T07:37:28.405 RX PID,3760,SQUARE,93,67,68,57,104,75,25,10,19,6,48,1,-77,0,0,0
2026-07-16T07:37:28.405 RX PID,3780,SQUARE,93,67,102,14,93,96,-9,53,20,6,48,1,-78,0,0,0
2026-07-16T07:37:28.405 RX PID,3800,SQUARE,93,67,60,55,107,76,33,12,21,6,48,1,-79,0,0,0
2026-07-16T07:37:28.488 RX PID,3820,SQUARE,93,67,101,57,94,75,-8,10,22,6,48,1,-81,0,0,0
2026-07-16T07:37:28.488 RX PID,3840,SQUARE,93,67,60,47,107,80,33,20,22,6,48,1,-82,0,0,0
2026-07-16T07:37:28.488 RX PID,3860,SQUARE,93,67,101,57,94,75,-8,10,24,6,48,1,-83,0,0,0
2026-07-16T07:37:28.488 RX PID,3880,SQUARE,93,67,60,57,107,76,33,10,24,6,48,1,-84,0,0,0
2026-07-16T07:37:28.593 RX PID,3900,SQUARE,93,67,101,14,94,97,-8,53,25,6,48,1,-85,0,0,0
2026-07-16T07:37:28.593 RX PID,3920,SQUARE,93,67,60,55,107,77,33,12,26,6,48,1,-87,0,0,0
2026-07-16T07:37:28.593 RX PID,3940,SQUARE,93,67,58,57,108,76,35,10,27,6,48,1,-88,0,0,0
2026-07-16T07:37:28.593 RX PID,3960,SQUARE,93,67,68,47,104,81,25,20,28,6,48,1,-89,0,0,0
2026-07-16T07:37:28.593 RX PID,3980,SQUARE,93,67,58,57,108,76,35,10,29,6,48,1,-90,0,0,0
2026-07-16T07:37:28.676 RX PID,4000,SQUARE,93,67,68,47,104,82,25,20,29,6,48,1,-92,0,0,0
2026-07-16T07:37:28.676 RX PID,4020,SQUARE,93,67,58,57,108,77,35,10,31,6,48,1,-93,0,0,0
2026-07-16T07:37:28.676 RX PID,4040,SQUARE,93,67,101,14,94,98,-8,53,31,6,48,1,-94,0,0,0
2026-07-16T07:37:28.676 RX PID,4060,SQUARE,93,67,60,55,107,78,33,12,32,6,48,1,-95,0,0,0
2026-07-16T07:37:28.760 RX PID,4080,SQUARE,93,67,101,57,94,77,-8,10,33,6,48,1,-96,0,0,0
2026-07-16T07:37:28.760 RX PID,4100,SQUARE,93,67,60,57,107,77,33,10,34,6,48,1,-97,0,0,0
2026-07-16T07:37:28.760 RX PID,4120,SQUARE,93,67,101,47,95,82,-8,20,34,6,48,1,-98,0,0,0
2026-07-16T07:37:28.760 RX PID,4140,SQUARE,93,67,60,57,108,77,33,10,36,6,48,1,-98,0,0,0
2026-07-16T07:37:28.836 RX PID,4160,SQUARE,93,67,69,57,105,78,24,10,37,6,48,1,-101,0,0,0
2026-07-16T07:37:28.836 RX PID,4180,SQUARE,93,67,69,57,105,78,24,10,38,6,48,1,-102,0,0,0
2026-07-16T07:37:28.836 RX PID,4200,SQUARE,93,67,69,14,105,99,24,53,39,6,48,1,-104,0,0,0
2026-07-16T07:37:28.836 RX PID,4220,SQUARE,93,67,69,55,105,79,24,12,39,6,48,1,-106,0,0,0
2026-07-16T07:37:28.925 RX PID,4240,SQUARE,87,73,102,57,90,83,-15,16,40,2,16,1,-108,0,0,0
2026-07-16T07:37:28.925 RX PID,4260,SQUARE,84,76,104,57,86,86,-20,19,41,2,16,1,-109,0,0,0
2026-07-16T07:37:28.925 RX PID,4280,SQUARE,75,85,104,57,79,95,-29,28,42,2,16,1,-110,0,0,0
2026-07-16T07:37:28.925 RX PID,4300,SQUARE,75,85,104,57,79,96,-29,28,43,2,16,1,-111,0,0,0
2026-07-16T07:37:28.925 RX RECOVERY CENTER
2026-07-16T07:37:29.012 RX PID,4320,SQUARE,90,70,60,57,106,81,30,13,44,2,16,1,-111,0,0,0
2026-07-16T07:37:29.012 RX PID,4340,SQUARE,92,72,69,101,105,62,23,-29,45,2,16,1,-112,0,0,0
2026-07-16T07:37:29.012 RX PID,4360,SQUARE,95,75,69,93,107,68,26,-18,45,2,16,1,-112,0,0,0
2026-07-16T07:37:29.012 RX PID,4380,SQUARE,98,78,102,92,99,72,-4,-14,46,0,24,1,-113,0,0,0
2026-07-16T07:37:29.097 RX PID,4400,SQUARE,100,80,104,60,100,89,-4,20,47,0,24,1,-114,0,0,0
2026-07-16T07:37:29.097 RX PID,4420,SQUARE,101,85,104,14,100,117,-3,71,48,0,24,1,-115,0,0,0
2026-07-16T07:37:29.097 RX PID,4440,SQUARE,100,92,104,98,100,82,-4,-6,49,0,24,1,-116,0,0,0
2026-07-16T07:37:29.097 RX PID,4460,SQUARE,98,98,60,60,113,107,38,38,50,0,24,1,-117,0,0,0
2026-07-16T07:37:29.161 RX PID,4480,SQUARE,97,105,112,58,94,114,-15,47,51,0,24,1,-118,0,0,0
2026-07-16T07:37:29.161 RX PID,4500,SQUARE,99,109,104,58,99,118,-5,51,51,0,24,1,-119,0,0,0
2026-07-16T07:37:29.161 RX PID,4520,SQUARE,101,111,104,68,100,116,-3,43,52,0,24,1,-119,0,0,0
2026-07-16T07:37:29.236 RX PID,4540,SQUARE,104,114,104,58,102,124,0,56,53,0,24,1,-120,0,0,0
2026-07-16T07:37:29.236 RX PID,4560,SQUARE,107,117,71,101,116,106,36,16,54,0,24,1,-121,0,0,0
2026-07-16T07:37:29.236 RX PID,4580,SQUARE,109,119,113,104,104,106,-4,15,54,0,24,1,-121,0,0,0
2026-07-16T07:37:29.236 RX PID,4600,SQUARE,112,122,104,104,108,110,8,18,54,0,24,1,-121,0,0,0
2026-07-16T07:37:29.327 RX PID,4620,SQUARE,115,125,71,104,122,112,44,21,55,0,24,1,-121,0,0,0
2026-07-16T07:37:29.327 RX PID,4640,SQUARE,115,125,113,60,107,134,2,65,55,0,24,1,-122,0,0,0
2026-07-16T07:37:29.327 RX PID,4660,SQUARE,115,125,104,69,110,131,11,56,56,0,24,1,-122,0,0,0
2026-07-16T07:37:29.327 RX PID,4680,SQUARE,115,125,115,113,107,109,0,12,57,0,24,1,-123,0,0,0
2026-07-16T07:37:29.405 RX PID,4700,SQUARE,115,125,115,104,107,113,0,21,57,0,24,1,-123,0,0,0
2026-07-16T07:37:29.405 RX PID,4720,SQUARE,115,125,105,60,110,135,10,65,58,0,24,1,-123,0,0,0
2026-07-16T07:37:29.405 RX PID,4740,SQUARE,115,125,115,112,107,110,0,13,58,0,24,1,-123,0,0,0
2026-07-16T07:37:29.405 RX PID,4760,SQUARE,115,125,105,104,110,114,10,21,59,-2,8,1,-124,0,0,0
2026-07-16T07:37:29.469 RX PID,4780,SQUARE,112,128,115,104,105,117,-3,24,60,-6,12,1,-124,0,0,0
2026-07-16T07:37:29.469 RX RECOVERY SETTLE
2026-07-16T07:37:29.469 RX PID,4800,SQUARE,66,94,115,71,68,102,-49,23,59,-6,12,1,-124,0,0,0
2026-07-16T07:37:29.469 RX PID,4820,SQUARE,60,100,72,69,78,108,-12,31,60,-6,12,1,-124,0,0,0
2026-07-16T07:37:29.556 RX PID,4840,SQUARE,57,103,69,113,77,90,-12,-10,60,-6,12,1,-123,0,0,0
2026-07-16T07:37:29.556 RX PID,4860,SQUARE,57,103,113,72,62,110,-56,31,59,-6,12,1,-121,0,0,0
2026-07-16T07:37:29.556 RX PID,4880,SQUARE,57,103,104,69,65,112,-47,34,59,-6,12,1,-120,0,0,0
2026-07-16T07:37:29.556 RX PID,4900,SQUARE,57,103,60,69,80,113,-3,34,59,-6,12,1,-118,0,0,0
2026-07-16T07:37:29.645 RX PID,4920,SQUARE,57,103,69,113,77,90,-12,-10,59,-6,12,1,-117,0,0,0
2026-07-16T07:37:29.645 RX PID,4940,SQUARE,57,103,69,104,77,96,-12,-1,58,-6,12,1,-115,0,0,0
2026-07-16T07:37:29.645 RX PID,4960,SQUARE,57,103,58,60,81,117,-1,43,58,-6,12,1,-112,0,0,0
2026-07-16T07:37:29.645 RX PID,4980,SQUARE,57,103,101,69,66,113,-44,34,57,-6,12,1,-110,0,0,0
2026-07-16T07:37:29.723 RX PID,5000,SQUARE,57,103,60,113,80,91,-3,-10,56,-6,12,1,-107,0,0,0
2026-07-16T07:37:29.723 RX PID,5020,SQUARE,59,101,58,61,82,115,1,40,56,-6,12,1,-104,0,0,0
2026-07-16T07:37:29.723 RX PID,5040,SQUARE,59,101,101,69,68,111,-42,32,55,-6,12,1,-101,0,0,0
2026-07-16T07:37:29.723 RX PID,5060,SQUARE,59,101,60,69,82,111,-1,32,55,-6,12,1,-99,0,0,0
2026-07-16T07:37:29.810 RX PID,5080,SQUARE,59,101,58,102,82,96,1,-1,55,-6,12,1,-97,0,0,0
2026-07-16T07:37:29.810 RX PID,5100,SQUARE,59,101,58,104,82,95,1,-3,54,-6,12,1,-95,0,0,0
2026-07-16T07:37:29.810 RX PID,5120,SQUARE,61,99,68,60,81,114,-7,39,53,-6,12,1,-93,0,0,0
2026-07-16T07:37:29.810 RX PID,5140,SQUARE,65,95,58,69,86,106,7,26,52,-6,12,1,-90,0,0,0
2026-07-16T07:37:29.889 RX PID,5160,SQUARE,65,95,58,69,86,106,7,26,51,-6,12,1,-88,0,0,0
2026-07-16T07:37:29.889 RX PID,5180,SQUARE,65,95,58,69,86,106,7,26,50,-6,12,1,-85,0,0,0
2026-07-16T07:37:29.889 RX PID,5200,SQUARE,65,95,58,69,86,106,7,26,50,-6,12,1,-82,0,0,0
2026-07-16T07:37:29.889 RX PID,5220,SQUARE,67,93,58,69,88,104,9,24,49,-6,12,1,-80,0,0,0
2026-07-16T07:37:29.978 RX PID,5240,SQUARE,71,89,58,69,91,100,13,20,48,-6,12,1,-73,0,0,0
2026-07-16T07:37:29.978 RX PID,5260,SQUARE,71,89,68,113,88,78,3,-24,47,-6,12,1,-73,0,0,0
2026-07-16T07:37:29.978 RX PID,5280,SQUARE,71,89,58,104,91,83,13,-15,46,-6,12,1,-71,0,0,0
2026-07-16T07:37:29.978 RX PID,5300,SQUARE,71,89,58,104,91,83,13,-15,45,-6,12,1,-69,0,0,0
2026-07-16T07:37:30.064 RX PID,5320,SQUARE,73,87,58,60,93,103,15,27,45,-6,12,1,-67,0,0,0
2026-07-16T07:37:30.064 RX PID,5340,SQUARE,76,84,101,69,81,95,-25,15,44,-6,12,1,-65,0,0,0
2026-07-16T07:37:30.064 RX PID,5360,SQUARE,76,84,60,69,94,95,16,15,43,-6,12,1,-63,0,0,0
2026-07-16T07:37:30.064 RX PID,5380,SQUARE,76,84,58,69,95,95,18,15,43,-6,12,1,-61,0,0,0
2026-07-16T07:37:30.164 RX PID,5400,SQUARE,76,84,58,69,95,95,18,15,42,-6,12,1,-59,0,0,0
2026-07-16T07:37:30.164 RX PID,5420,SQUARE,74,86,68,69,91,97,6,17,42,-6,12,1,-58,0,0,0
2026-07-16T07:37:30.164 RX PID,5440,SQUARE,71,89,58,102,91,84,13,-13,40,-6,12,1,-56,0,0,0
2026-07-16T07:37:30.164 RX PID,5460,SQUARE,71,89,58,104,91,83,13,-15,40,-6,12,1,-53,0,0,0
2026-07-16T07:37:30.164 RX PID,5480,SQUARE,71,89,58,104,91,83,13,-15,39,-6,12,1,-51,0,0,0
2026-07-16T07:37:30.230 RX PID,5500,SQUARE,71,89,58,104,91,83,13,-15,39,-6,12,1,-49,0,0,0
2026-07-16T07:37:30.230 RX PID,5520,SQUARE,73,87,101,104,79,82,-28,-17,38,-6,12,1,-47,0,0,0
2026-07-16T07:37:30.230 RX PID,5540,SQUARE,76,84,60,104,94,78,16,-20,37,-6,12,1,-45,0,0,0
2026-07-16T07:37:30.230 RX PID,5560,SQUARE,76,84,58,104,95,78,18,-20,36,-6,12,1,-43,0,0,0
2026-07-16T07:37:30.332 RX PID,5580,SQUARE,76,84,58,104,95,78,18,-20,35,-6,12,1,-41,0,0,0
2026-07-16T07:37:30.332 RX PID,5600,SQUARE,76,84,58,104,95,78,18,-20,35,-6,12,1,-39,0,0,0
2026-07-16T07:37:30.332 RX PID,5620,SQUARE,76,84,58,104,95,78,18,-20,34,-6,12,1,-37,0,0,0
2026-07-16T07:37:30.332 RX PID,5640,SQUARE,76,84,68,104,91,78,8,-20,33,-6,12,1,-37,0,0,0
2026-07-16T07:37:30.415 RX PID,5660,SQUARE,76,84,58,60,95,100,18,24,32,-6,12,1,-35,0,0,0
2026-07-16T07:37:30.415 RX PID,5680,SQUARE,76,84,58,69,95,95,18,15,31,-6,12,1,-32,0,0,0
2026-07-16T07:37:30.415 RX PID,5700,SQUARE,76,84,58,69,95,95,18,15,30,-6,12,1,-31,0,0,0
2026-07-16T07:37:30.415 RX PID,5720,SQUARE,76,84,58,69,95,95,18,15,29,-6,12,1,-29,0,0,0
2026-07-16T07:37:30.501 RX PID,5740,SQUARE,76,84,58,69,95,95,18,15,29,-6,12,1,-27,0,0,0
2026-07-16T07:37:30.501 RX PID,5760,SQUARE,76,84,58,102,95,79,18,-18,29,-6,12,1,-26,0,0,0
2026-07-16T07:37:30.501 RX PID,5780,SQUARE,76,84,58,104,95,78,18,-20,28,-6,12,1,-24,0,0,0
2026-07-16T07:37:30.501 RX PID,5800,SQUARE,76,84,58,60,95,100,18,24,27,-6,12,1,-22,0,0,0
2026-07-16T07:37:30.584 RX PID,5820,SQUARE,76,84,58,69,95,95,18,15,26,-6,12,1,-21,0,0,0
2026-07-16T07:37:30.584 RX PID,5840,SQUARE,76,84,58,69,95,95,18,15,26,-6,12,1,-19,0,0,0
2026-07-16T07:37:30.584 RX PID,5860,SQUARE,76,84,58,102,95,79,18,-18,25,-6,12,1,-18,0,0,0
2026-07-16T07:37:30.584 RX PID,5880,SQUARE,76,84,68,104,91,78,8,-20,24,-6,12,1,-16,0,0,0
2026-07-16T07:37:30.664 RX PID,5900,SQUARE,76,84,58,60,95,101,18,24,23,-6,12,1,-13,0,0,0
2026-07-16T07:37:30.664 RX PID,5920,SQUARE,76,84,58,112,95,74,18,-28,22,-6,12,1,-12,0,0,0
2026-07-16T07:37:30.664 RX PID,5940,SQUARE,76,84,58,61,95,100,18,23,21,-6,12,1,-10,0,0,0
2026-07-16T07:37:30.664 RX PID,5960,SQUARE,76,84,58,69,96,96,18,15,21,-6,12,1,-9,0,0,0
2026-07-16T07:37:30.746 RX PID,5980,SQUARE,76,84,58,102,96,80,18,-18,20,-6,12,1,-7,0,0,0
2026-07-16T07:37:30.746 RX PID,6000,SQUARE,76,84,58,60,96,101,18,24,19,-6,12,1,-6,0,0,0
2026-07-16T07:37:30.746 RX PID,6020,SQUARE,76,84,58,69,96,96,18,15,19,-6,12,1,-4,0,0,0
2026-07-16T07:37:30.746 RX PID,6040,SQUARE,76,84,47,102,100,80,29,-18,18,-6,12,1,-3,0,0,0
2026-07-16T07:37:30.835 RX PID,6060,SQUARE,76,84,57,104,96,79,19,-20,17,-6,12,1,-1,0,0,0
2026-07-16T07:37:30.835 RX PID,6080,SQUARE,76,84,57,60,96,101,19,24,16,-6,12,1,0,0,0,0
2026-07-16T07:37:30.835 RX PID,6100,SQUARE,76,84,57,69,96,96,19,15,15,-6,12,1,2,0,0,0
2026-07-16T07:37:30.835 RX PID,6120,SQUARE,76,84,57,69,96,96,19,15,15,-6,12,1,4,0,0,0
2026-07-16T07:37:30.924 RX PID,6142,SQUARE,76,84,57,60,96,101,19,24,13,-6,12,1,5,0,0,0
2026-07-16T07:37:30.924 RX PID,6163,SQUARE,76,84,68,79,92,91,8,5,13,-6,12,1,7,0,0,0
2026-07-16T07:37:30.924 RX PID,6183,SQUARE,76,84,58,70,96,96,18,14,12,-6,12,1,8,0,0,0
2026-07-16T07:37:30.924 RX PID,6203,SQUARE,76,84,58,102,96,80,18,-18,11,-6,12,1,9,0,0,0
2026-07-16T07:37:31.028 RX PID,6223,SQUARE,76,84,58,104,96,79,18,-20,10,-6,12,1,10,0,0,0
2026-07-16T07:37:31.028 RX PID,6243,SQUARE,76,84,68,104,92,79,8,-20,10,-6,12,1,11,0,0,0
2026-07-16T07:37:31.028 RX PID,6263,SQUARE,76,84,58,104,96,79,18,-20,9,-6,12,1,13,0,0,0
2026-07-16T07:37:31.028 RX PID,6283,SQUARE,76,84,58,60,96,101,18,24,8,-6,12,1,14,0,0,0
2026-07-16T07:37:31.028 RX PID,6303,SQUARE,76,84,58,69,96,96,18,15,8,-6,12,1,16,0,0,0
2026-07-16T07:37:31.113 RX PID,6323,SQUARE,76,84,58,69,96,96,18,15,7,-6,12,1,17,0,0,0
2026-07-16T07:37:31.113 RX PID,6343,SQUARE,76,84,58,69,96,96,18,15,6,-6,12,1,18,0,0,0
2026-07-16T07:37:31.113 RX PID,6363,SQUARE,76,84,68,69,92,96,8,15,5,-6,12,1,19,0,0,0
2026-07-16T07:37:31.113 RX PID,6383,SQUARE,76,84,58,69,96,96,18,15,4,-6,12,1,20,0,0,0
2026-07-16T07:37:31.200 RX PID,6403,SQUARE,76,84,58,102,96,80,18,-18,4,-6,12,1,21,0,0,0
2026-07-16T07:37:31.200 RX PID,6423,SQUARE,76,84,58,71,96,95,18,13,3,-6,12,1,23,0,0,0
2026-07-16T07:37:31.200 RX PID,6443,SQUARE,76,84,58,69,96,96,18,15,2,-6,12,1,24,0,0,0
2026-07-16T07:37:31.200 RX PID,6463,SQUARE,76,84,58,69,96,96,18,15,1,-6,12,1,26,0,0,0
2026-07-16T07:37:31.284 RX PID,6483,SQUARE,76,84,68,69,92,96,8,15,0,-6,12,1,28,0,0,0
2026-07-16T07:37:31.284 RX PID,6503,SQUARE,76,84,58,69,96,96,18,15,0,-6,12,1,29,0,0,0
2026-07-16T07:37:31.284 RX PID,6523,SQUARE,76,84,58,69,96,96,18,15,-1,-6,12,1,30,0,0,0
2026-07-16T07:37:31.285 RX PID,6543,SQUARE,76,84,58,69,96,96,18,15,-2,-6,12,1,31,0,0,0
2026-07-16T07:37:31.372 RX PID,6563,SQUARE,76,84,68,69,92,95,8,15,-3,-6,12,1,32,0,0,0
2026-07-16T07:37:31.372 RX PID,6583,SQUARE,76,84,58,69,96,95,18,15,-4,-6,12,1,34,0,0,0
2026-07-16T07:37:31.372 RX PID,6603,SQUARE,76,84,58,102,96,80,18,-18,-5,-6,12,1,35,0,0,0
2026-07-16T07:37:31.372 RX PID,6623,SQUARE,76,84,58,104,96,78,18,-20,-6,-6,12,1,36,0,0,0
2026-07-16T07:37:31.470 RX PID,6643,SQUARE,76,84,58,104,97,78,18,-20,-6,-6,12,1,37,0,0,0
2026-07-16T07:37:31.470 RX PID,6663,SQUARE,76,84,58,104,97,78,18,-20,-7,-6,12,1,39,0,0,0
2026-07-16T07:37:31.470 RX PID,6683,SQUARE,76,84,58,104,97,78,18,-20,-8,-6,12,1,40,0,0,0
2026-07-16T07:37:31.470 RX PID,6703,SQUARE,76,84,68,104,93,78,8,-20,-9,-6,12,1,41,0,0,0
2026-07-16T07:37:31.470 RX PID,6723,SQUARE,76,84,58,71,97,94,18,13,-9,-6,12,1,42,0,0,0
2026-07-16T07:37:31.553 RX PID,6743,SQUARE,76,84,58,69,97,95,18,15,-10,-6,12,1,43,0,0,0
2026-07-16T07:37:31.553 RX PID,6763,SQUARE,76,84,58,69,97,95,18,15,-11,-6,12,1,44,0,0,0
2026-07-16T07:37:31.554 RX PID,6783,SQUARE,76,84,101,69,83,95,-25,15,-12,-6,12,1,45,0,0,0
2026-07-16T07:37:31.554 RX PID,6803,SQUARE,76,84,60,69,96,95,16,15,-13,-6,12,1,46,0,0,0
2026-07-16T07:37:31.637 RX PID,6823,SQUARE,76,84,58,102,97,79,18,-18,-14,-6,12,1,47,0,0,0
2026-07-16T07:37:31.637 RX PID,6843,SQUARE,76,84,58,104,97,78,18,-20,-14,-6,12,1,48,0,0,0
2026-07-16T07:37:31.637 RX PID,6863,SQUARE,76,84,58,60,97,100,18,24,-15,-6,12,1,50,0,0,0
2026-07-16T07:37:31.637 RX PID,6883,SQUARE,76,84,58,69,97,95,18,15,-16,-6,12,1,50,0,0,0
2026-07-16T07:37:31.720 RX PID,6903,SQUARE,76,84,58,102,97,79,18,-18,-16,-6,12,1,51,0,0,0
2026-07-16T07:37:31.720 RX PID,6923,SQUARE,76,84,58,60,97,101,18,24,-17,-2,8,1,52,0,0,0
2026-07-16T07:37:31.720 RX PID,6943,SQUARE,76,84,47,101,101,81,29,-17,-17,-2,8,1,52,0,0,0
2026-07-16T07:37:31.720 RX PID,6963,SQUARE,102,58,57,60,118,77,45,-2,-18,-2,8,1,53,0,0,0
2026-07-16T07:37:31.786 RX PID,6983,SQUARE,105,55,57,69,121,69,48,-14,-18,-2,8,1,54,0,0,0
2026-07-16T07:37:31.786 RX PID,7003,SQUARE,105,55,57,58,121,75,48,-3,-20,-2,8,1,55,0,0,0
2026-07-16T07:37:31.786 RX RECOVERY CENTER
2026-07-16T07:37:31.786 RX PID,7023,SQUARE,91,71,57,68,109,84,34,3,-21,-2,8,1,56,0,0,0
2026-07-16T07:37:31.786 RX PID,7043,SQUARE,94,74,57,102,112,70,37,-28,-21,-2,8,1,57,0,0,0
2026-07-16T07:37:31.889 RX PID,7063,SQUARE,96,76,47,60,119,93,49,16,-22,-2,8,1,58,0,0,0
2026-07-16T07:37:31.889 RX PID,7083,SQUARE,99,79,57,101,117,75,42,-22,-22,0,24,1,58,0,0,0
2026-07-16T07:37:31.889 RX PID,7103,SQUARE,102,82,57,60,119,98,45,22,-23,0,24,1,59,0,0,0
2026-07-16T07:37:31.889 RX PID,7123,SQUARE,108,80,57,69,124,91,51,11,-24,0,24,1,59,0,0,0
2026-07-16T07:37:31.972 RX PID,7143,SQUARE,115,79,57,102,130,75,58,-23,-24,0,24,1,60,0,0,0
2026-07-16T07:37:31.972 RX PID,7163,SQUARE,122,78,68,60,132,95,54,18,-25,0,24,1,60,0,0,0
2026-07-16T07:37:31.972 RX PID,7183,SQUARE,127,77,58,69,140,89,69,8,-26,0,24,1,60,0,0,0
2026-07-16T07:37:31.972 RX PID,7203,SQUARE,130,80,58,69,142,91,72,11,-26,0,24,1,60,0,0,0
2026-07-16T07:37:32.056 RX PID,7223,SQUARE,133,83,68,102,141,79,65,-19,-27,0,24,1,60,0,0,0
2026-07-16T07:37:32.056 RX PID,7243,SQUARE,135,85,58,104,147,80,77,-19,-27,0,24,1,60,0,0,0
2026-07-16T07:37:32.056 RX PID,7263,SQUARE,138,88,101,104,134,82,37,-16,-28,0,24,1,61,0,0,0
2026-07-16T07:37:32.056 RX PID,7283,SQUARE,141,91,60,104,151,85,81,-13,-28,0,24,1,61,0,0,0
2026-07-16T07:37:32.122 RX PID,7303,SQUARE,143,93,101,71,138,103,42,22,-29,0,24,1,61,0,0,0
2026-07-16T07:37:32.122 RX PID,7323,SQUARE,145,95,60,69,154,106,85,26,-29,0,24,1,62,0,0,0
2026-07-16T07:37:32.122 RX PID,7343,SQUARE,145,95,69,113,151,84,76,-18,-29,0,24,1,62,0,0,0
2026-07-16T07:37:32.122 RX PID,7363,SQUARE,145,95,69,104,151,89,76,-9,-30,0,24,1,62,0,0,0
2026-07-16T07:37:32.201 RX PID,7383,SQUARE,145,95,102,71,140,105,43,24,-30,0,24,1,62,0,0,0
2026-07-16T07:37:32.201 RX PID,7403,SQUARE,145,95,104,113,140,84,41,-18,-31,0,24,1,63,0,0,0
2026-07-16T07:37:32.201 RX PID,7423,SQUARE,145,95,104,115,140,83,41,-20,-32,0,24,1,63,0,0,0
2026-07-16T07:37:32.289 RX PID,7443,SQUARE,145,95,104,115,140,83,41,-20,-32,0,24,1,63,0,0,0
2026-07-16T07:37:32.289 RX PID,7463,SQUARE,145,95,71,105,151,88,74,-10,-33,0,24,1,63,0,0,0
2026-07-16T07:37:32.289 RX PID,7483,SQUARE,145,95,113,115,137,83,32,-20,-34,0,24,1,63,0,0,0
2026-07-16T07:37:32.289 RX PID,7503,SQUARE,145,95,104,72,140,104,41,23,-33,2,16,1,62,0,0,0
2026-07-16T07:37:32.368 RX PID,7523,SQUARE,145,95,71,113,151,84,74,-18,-34,2,16,1,62,0,0,0
2026-07-16T07:37:32.368 RX PID,7543,SQUARE,145,95,113,115,137,83,32,-20,-34,2,16,1,61,0,0,0
2026-07-16T07:37:32.368 RX PID,7563,SQUARE,145,95,72,115,151,83,73,-20,-35,2,16,1,61,0,0,0
2026-07-16T07:37:32.368 RX PID,7583,SQUARE,145,95,113,115,137,82,32,-20,-35,2,16,1,60,0,0,0
2026-07-16T07:37:32.455 RX PID,7603,SQUARE,145,95,72,105,152,88,73,-10,-35,2,16,1,59,0,0,0
2026-07-16T07:37:32.455 RX PID,7623,SQUARE,143,97,113,115,136,84,30,-18,-35,2,16,1,59,0,0,0
2026-07-16T07:37:32.455 RX PID,7643,SQUARE,143,97,72,115,150,84,71,-18,-36,2,16,1,59,0,0,0
2026-07-16T07:37:32.455 RX PID,7663,SQUARE,149,91,113,115,141,78,36,-24,-36,6,48,1,58,0,0,0
2026-07-16T07:37:32.455 RX RECOVERY SETTLE
2026-07-16T07:37:32.538 RX PID,7683,SQUARE,110,50,115,115,110,40,-5,-65,-36,6,48,1,58,0,0,0
2026-07-16T07:37:32.538 RX PID,7703,SQUARE,110,50,105,72,112,60,5,-22,-36,6,48,1,57,0,0,0
2026-07-16T07:37:32.538 RX PID,7723,SQUARE,110,50,115,102,110,45,-5,-52,-35,6,48,1,57,0,0,0
2026-07-16T07:37:32.538 RX PID,7743,SQUARE,110,50,105,104,112,44,5,-54,-34,6,48,1,56,0,0,0
2026-07-16T07:37:32.623 RX PID,7763,SQUARE,110,50,71,60,124,66,39,-10,-34,6,48,1,55,0,0,0
2026-07-16T07:37:32.623 RX PID,7783,SQUARE,110,50,69,69,125,62,41,-19,-34,6,48,1,52,0,0,0
2026-07-16T07:37:32.623 RX PID,7803,SQUARE,110,50,69,69,125,61,41,-19,-34,6,48,1,51,0,0,0
2026-07-16T07:37:32.623 RX PID,7823,SQUARE,110,50,113,69,110,61,-3,-19,-33,6,48,1,49,0,0,0
2026-07-16T07:37:32.704 RX PID,7843,SQUARE,110,50,61,58,128,66,49,-8,-33,6,48,1,47,0,0,0
2026-07-16T07:37:32.704 RX PID,7863,SQUARE,110,50,69,68,125,61,41,-18,-33,6,48,1,45,0,0,0
2026-07-16T07:37:32.704 RX PID,7883,SQUARE,110,50,69,69,125,60,41,-19,-33,6,48,1,43,0,0,0
2026-07-16T07:37:32.704 RX PID,7903,SQUARE,110,50,69,58,125,65,41,-8,-32,6,48,1,40,0,0,0
2026-07-16T07:37:32.790 RX PID,7923,SQUARE,109,51,69,68,125,62,40,-17,-31,6,48,1,38,0,0,0
2026-07-16T07:37:32.790 RX PID,7943,SQUARE,105,55,102,58,110,71,3,-3,-31,6,48,1,36,0,0,0
2026-07-16T07:37:32.790 RX PID,7963,SQUARE,101,59,104,58,106,73,-3,1,-31,6,48,1,33,0,0,0
2026-07-16T07:37:32.790 RX PID,7983,SQUARE,99,61,60,58,119,75,39,3,-30,6,48,1,31,0,0,0
2026-07-16T07:37:32.878 RX PID,8003,SQUARE,99,61,69,101,116,54,30,-40,-29,6,48,1,28,0,0,0
2026-07-16T07:37:32.878 RX PID,8023,SQUARE,95,65,69,60,113,78,26,5,-28,6,48,1,26,0,0,0
2026-07-16T07:37:32.878 RX PID,8043,SQUARE,93,67,102,58,100,81,-9,9,-29,6,48,1,25,0,0,0
2026-07-16T07:37:32.878 RX PID,8063,SQUARE,93,67,60,58,115,81,33,9,-28,6,48,1,23,0,0,0
2026-07-16T07:37:32.960 RX PID,8083,SQUARE,93,67,69,58,112,81,24,9,-28,6,48,1,22,0,0,0
2026-07-16T07:37:32.960 RX PID,8103,SQUARE,93,67,58,68,116,77,35,-1,-27,6,48,1,21,0,0,0
2026-07-16T07:37:32.960 RX PID,8123,SQUARE,97,63,68,58,116,77,29,5,-26,6,48,1,19,0,0,0
2026-07-16T07:37:32.960 RX PID,8143,SQUARE,101,59,102,58,108,73,-1,1,-27,6,48,1,18,0,0,0
2026-07-16T07:37:33.045 RX PID,8163,SQUARE,101,59,60,58,122,73,41,1,-26,6,48,1,16,0,0,0
2026-07-16T07:37:33.045 RX PID,8183,SQUARE,101,59,69,58,119,73,32,1,-25,6,48,1,14,0,0,0
2026-07-16T07:37:33.045 RX PID,8203,SQUARE,101,59,102,58,108,73,-1,1,-24,6,48,1,13,0,0,0
2026-07-16T07:37:33.045 RX PID,8223,SQUARE,97,63,104,101,104,56,-7,-38,-24,6,48,1,10,0,0,0
2026-07-16T07:37:33.129 RX PID,8243,SQUARE,96,64,60,60,118,77,36,4,-23,6,48,1,8,0,0,0
2026-07-16T07:37:33.129 RX PID,8263,SQUARE,96,64,69,58,115,78,27,6,-23,6,48,1,6,0,0,0
2026-07-16T07:37:33.129 RX PID,8283,SQUARE,96,64,102,58,104,78,-6,6,-23,6,48,1,5,0,0,0
2026-07-16T07:37:33.129 RX PID,8303,SQUARE,96,64,60,101,118,57,36,-37,-22,6,48,1,3,0,0,0
2026-07-16T07:37:33.230 RX PID,8323,SQUARE,93,67,69,60,112,80,24,7,-21,6,48,1,2,0,0,0
2026-07-16T07:37:33.230 RX PID,8343,SQUARE,93,67,69,58,112,81,24,9,-21,6,48,1,0,0,0,0
2026-07-16T07:37:33.230 RX PID,8363,SQUARE,93,67,69,58,112,81,24,9,-20,6,48,1,-2,0,0,0
2026-07-16T07:37:33.230 RX PID,8383,SQUARE,93,67,69,68,112,77,24,-1,-19,6,48,1,-4,0,0,0
2026-07-16T07:37:33.230 RX PID,8403,SQUARE,93,67,69,58,112,81,24,9,-18,6,48,1,-6,0,0,0
2026-07-16T07:37:33.311 RX PID,8423,SQUARE,93,67,69,58,112,81,24,9,-17,6,48,1,-8,0,0,0
2026-07-16T07:37:33.311 RX PID,8443,SQUARE,93,67,69,58,112,81,24,9,-17,6,48,1,-11,0,0,0
2026-07-16T07:37:33.311 RX PID,8463,SQUARE,93,67,69,58,112,81,24,9,-16,6,48,1,-12,0,0,0
2026-07-16T07:37:33.311 RX PID,8483,SQUARE,93,67,69,58,112,81,24,9,-15,6,48,1,-14,0,0,0
2026-07-16T07:37:33.400 RX PID,8503,SQUARE,93,67,69,68,112,77,24,-1,-14,6,48,1,-16,0,0,0
2026-07-16T07:37:33.400 RX PID,8523,SQUARE,93,67,69,58,112,81,24,9,-14,6,48,1,-18,0,0,0
2026-07-16T07:37:33.400 RX PID,8543,SQUARE,93,67,69,58,112,81,24,9,-13,6,48,1,-19,0,0,0
2026-07-16T07:37:33.400 RX PID,8563,SQUARE,93,67,69,101,112,60,24,-34,-12,6,48,1,-21,0,0,0
2026-07-16T07:37:33.482 RX PID,8583,SQUARE,93,67,69,60,112,80,24,7,-11,6,48,1,-23,0,0,0
2026-07-16T07:37:33.482 RX PID,8603,SQUARE,93,67,69,58,112,81,24,9,-11,6,48,1,-25,0,0,0
2026-07-16T07:37:33.482 RX PID,8623,SQUARE,93,67,69,101,112,60,24,-34,-10,6,48,1,-26,0,0,0
2026-07-16T07:37:33.482 RX PID,8643,SQUARE,93,67,69,60,112,80,24,7,-9,6,48,1,-28,0,0,0
2026-07-16T07:37:33.571 RX PID,8663,SQUARE,93,67,69,58,112,81,24,9,-9,6,48,1,-31,0,0,0
2026-07-16T07:37:33.571 RX PID,8683,SQUARE,93,67,69,101,112,60,24,-34,-8,6,48,1,-32,0,0,0
2026-07-16T07:37:33.571 RX PID,8703,SQUARE,93,67,69,60,112,80,24,7,-7,6,48,1,-34,0,0,0
2026-07-16T07:37:33.571 RX PID,8723,SQUARE,93,67,69,58,112,81,24,9,-7,6,48,1,-36,0,0,0
2026-07-16T07:37:33.653 RX PID,8743,SQUARE,93,67,69,58,112,81,24,9,-6,6,48,1,-38,0,0,0
2026-07-16T07:37:33.653 RX PID,8763,SQUARE,93,67,69,58,112,81,24,9,-5,6,48,1,-39,0,0,0
2026-07-16T07:37:33.653 RX PID,8783,SQUARE,93,67,69,58,112,82,24,9,-4,6,48,1,-41,0,0,0
2026-07-16T07:37:33.653 RX PID,8803,SQUARE,93,67,102,68,101,77,-9,-1,-3,6,48,1,-42,0,0,0
2026-07-16T07:37:33.737 RX PID,8823,SQUARE,93,67,104,58,101,81,-11,9,-3,6,48,1,-43,0,0,0
2026-07-16T07:37:33.737 RX PID,8843,SQUARE,93,67,60,58,115,82,33,9,-2,6,48,1,-45,0,0,0
2026-07-16T07:37:33.737 RX PID,8863,SQUARE,93,67,101,58,102,82,-8,9,-2,6,48,1,-46,0,0,0
2026-07-16T07:37:33.737 RX PID,8883,SQUARE,93,67,60,58,116,82,33,9,-1,6,48,1,-47,0,0,0
2026-07-16T07:37:33.834 RX PID,8903,SQUARE,93,67,58,47,117,88,35,20,-1,6,48,1,-48,0,0,0
2026-07-16T07:37:33.834 RX PID,8923,SQUARE,93,67,68,57,113,83,25,10,0,6,48,1,-49,0,0,0
2026-07-16T07:37:33.834 RX PID,8943,SQUARE,93,67,58,57,117,83,35,10,1,6,48,1,-50,0,0,0
2026-07-16T07:37:33.834 RX PID,8963,SQUARE,93,67,58,47,117,88,35,20,1,6,48,1,-52,0,0,0
2026-07-16T07:37:33.834 RX PID,8983,SQUARE,93,67,68,57,113,83,25,10,1,6,48,1,-53,0,0,0
2026-07-16T07:37:33.921 RX PID,9003,SQUARE,93,67,58,57,117,83,35,10,2,6,48,1,-54,0,0,0
2026-07-16T07:37:33.921 RX PID,9023,SQUARE,93,67,68,57,113,84,25,10,3,6,48,1,-55,0,0,0
2026-07-16T07:37:33.921 RX PID,9043,SQUARE,93,67,102,57,102,84,-9,10,3,6,48,1,-57,0,0,0
2026-07-16T07:37:33.921 RX PID,9063,SQUARE,93,67,60,57,116,84,33,10,4,6,48,1,-57,0,0,0
2026-07-16T07:37:34.007 RX PID,9083,SQUARE,93,67,69,57,113,84,24,10,4,6,48,1,-58,0,0,0
2026-07-16T07:37:34.007 RX PID,9103,SQUARE,93,67,58,57,117,84,35,10,5,6,48,1,-60,0,0,0
2026-07-16T07:37:34.007 RX PID,9123,SQUARE,93,67,68,101,113,62,25,-34,6,6,48,1,-61,0,0,0
2026-07-16T07:37:34.007 RX PID,9143,SQUARE,93,67,69,49,113,88,24,18,7,6,48,1,-63,0,0,0
2026-07-16T07:37:34.086 RX PID,9163,SQUARE,93,67,102,57,102,84,-9,10,7,6,48,1,-64,0,0,0
2026-07-16T07:37:34.086 RX PID,9183,SQUARE,93,67,60,25,116,100,33,42,8,6,48,1,-65,0,0,0
2026-07-16T07:37:34.086 RX PID,9203,SQUARE,93,67,101,55,103,85,-8,12,8,6,48,1,-66,0,0,0
2026-07-16T07:37:34.086 RX PID,9223,SQUARE,93,67,60,68,116,79,33,-1,9,6,48,1,-67,0,0,0
2026-07-16T07:37:34.170 RX PID,9243,SQUARE,93,67,101,47,103,89,-8,20,9,6,48,1,-68,0,0,0
2026-07-16T07:37:34.170 RX PID,9263,SQUARE,93,67,60,57,116,84,33,10,10,6,48,1,-69,0,0,0
2026-07-16T07:37:34.170 RX PID,9283,SQUARE,93,67,101,57,103,84,-8,10,10,6,48,1,-70,0,0,0
2026-07-16T07:37:34.170 RX PID,9303,SQUARE,93,67,60,57,116,84,33,10,11,6,48,1,-71,0,0,0
2026-07-16T07:37:34.263 RX PID,9323,SQUARE,93,67,69,57,113,85,24,10,13,6,48,1,-73,0,0,0
2026-07-16T07:37:34.263 RX PID,9343,SQUARE,93,67,102,57,102,85,-9,10,13,6,48,1,-75,0,0,0
2026-07-16T07:37:34.263 RX PID,9363,SQUARE,93,67,60,57,116,85,33,10,14,6,48,1,-76,0,0,0
2026-07-16T07:37:34.263 RX PID,9383,SQUARE,93,67,69,57,113,85,24,10,14,6,48,1,-77,0,0,0
2026-07-16T07:37:34.340 RX PID,9403,SQUARE,93,67,102,57,103,85,-9,10,14,6,48,1,-78,0,0,0
2026-07-16T07:37:34.340 RX PID,9423,SQUARE,93,67,60,57,117,85,33,10,15,6,48,1,-79,0,0,0
2026-07-16T07:37:34.340 RX PID,9443,SQUARE,93,67,69,57,114,85,24,10,16,6,48,1,-80,0,0,0
2026-07-16T07:37:34.340 RX PID,9463,SQUARE,93,67,102,57,103,85,-9,10,17,6,48,1,-81,0,0,0
2026-07-16T07:37:34.443 RX PID,9483,SQUARE,93,67,104,68,103,80,-11,-1,17,6,48,1,-82,0,0,0
2026-07-16T07:37:34.443 RX PID,9503,SQUARE,93,67,104,58,103,84,-11,9,18,6,48,1,-83,0,0,0
2026-07-16T07:37:34.443 RX PID,9523,SQUARE,93,67,60,58,117,84,33,9,19,6,48,1,-84,0,0,0
2026-07-16T07:37:34.443 RX PID,9543,SQUARE,93,67,69,58,114,84,24,9,19,6,48,1,-86,0,0,0
2026-07-16T07:37:34.443 RX PID,9563,SQUARE,93,67,69,58,114,84,24,9,20,6,48,1,-87,0,0,0
2026-07-16T07:37:34.526 RX PID,9583,SQUARE,93,67,69,101,114,63,24,-34,21,6,48,1,-89,0,0,0
2026-07-16T07:37:34.526 RX PID,9603,SQUARE,93,67,69,60,114,83,24,7,22,6,48,1,-90,0,0,0
2026-07-16T07:37:34.526 RX PID,9623,SQUARE,93,67,69,58,114,84,24,9,22,6,48,1,-91,0,0,0
2026-07-16T07:37:34.526 RX PID,9643,SQUARE,93,67,69,101,114,63,24,-34,23,6,48,1,-93,0,0,0
2026-07-16T07:37:34.610 RX PID,9663,SQUARE,87,73,69,60,110,88,18,13,24,2,16,1,-94,0,0,0
2026-07-16T07:37:34.610 RX PID,9683,SQUARE,84,76,69,58,107,93,15,18,24,2,16,1,-95,0,0,0
2026-07-16T07:37:34.610 RX PID,9703,SQUARE,75,85,69,58,100,101,6,27,25,2,16,1,-97,0,0,0
2026-07-16T07:37:34.610 RX PID,9723,SQUARE,75,85,69,68,100,96,6,17,26,2,16,1,-97,0,0,0
2026-07-16T07:37:34.610 RX RECOVERY CENTER
2026-07-16T07:37:34.699 RX PID,9743,SQUARE,90,70,102,58,101,88,-12,12,26,2,16,1,-103,0,0,0
2026-07-16T07:37:34.699 RX PID,9763,SQUARE,92,72,104,68,102,84,-12,4,27,2,16,1,-99,0,0,0
2026-07-16T07:37:34.699 RX PID,9783,SQUARE,95,75,71,58,115,92,24,17,28,2,16,1,-101,0,0,0
2026-07-16T07:37:34.699 RX PID,9803,SQUARE,98,78,69,58,119,96,29,20,28,2,16,1,-102,0,0,0
2026-07-16T07:37:34.763 RX PID,9823,SQUARE,100,80,102,101,110,76,-2,-21,29,2,16,1,-103,0,0,0
2026-07-16T07:37:34.763 RX PID,9843,SQUARE,101,85,104,60,109,101,-3,25,28,2,16,1,-104,0,0,0
2026-07-16T07:37:34.763 RX PID,9863,SQUARE,100,92,104,58,109,109,-4,34,30,0,24,1,-104,0,0,0
2026-07-16T07:37:34.848 RX PID,9883,SQUARE,98,98,104,68,107,109,-6,30,31,0,24,1,-105,0,0,0
2026-07-16T07:37:34.848 RX PID,9903,SQUARE,97,105,71,58,117,120,26,47,31,0,24,1,-107,0,0,0
2026-07-16T07:37:34.848 RX PID,9923,SQUARE,99,109,69,101,119,104,30,8,31,0,24,1,-108,0,0,0
2026-07-16T07:37:34.848 RX PID,9943,SQUARE,101,111,113,104,106,104,-12,7,33,0,24,1,-109,0,0,0
2026-07-16T07:37:34.931 RX PID,9963,SQUARE,104,114,72,104,122,107,32,10,33,0,24,1,-111,0,0,0
2026-07-16T07:37:34.931 RX PID,9983,SQUARE,107,117,113,60,111,132,-6,57,34,0,24,1,-112,0,0,0
2026-07-16T07:37:34.931 RX PID,10003,SQUARE,109,119,115,69,112,131,-6,50,35,0,24,1,-113,0,0,0
2026-07-16T07:37:34.931 RX PID,10023,SQUARE,112,122,105,69,117,133,7,53,35,0,24,1,-114,0,0,0
2026-07-16T07:37:35.012 RX PID,10043,SQUARE,115,125,115,113,116,114,0,12,36,0,24,1,-116,0,0,0
2026-07-16T07:37:35.012 RX PID,10063,SQUARE,115,125,115,104,116,118,0,21,37,0,24,1,-117,0,0,0
2026-07-16T07:37:35.012 RX PID,10083,SQUARE,115,125,115,104,116,119,0,21,37,0,24,1,-118,0,0,0
2026-07-16T07:37:35.012 RX PID,10103,SQUARE,115,125,115,104,116,119,0,21,38,0,24,1,-120,0,0,0
2026-07-16T07:37:35.088 RX PID,10123,SQUARE,115,125,115,71,116,136,0,54,40,0,24,1,-121,0,0,0
2026-07-16T07:37:35.088 RX PID,10143,SQUARE,115,125,126,113,113,115,-11,12,40,0,24,1,-123,0,0,0
2026-07-16T07:37:35.088 RX PID,10163,SQUARE,115,125,116,72,116,135,-1,53,41,0,24,1,-125,0,0,0
2026-07-16T07:37:35.088 RX PID,10183,SQUARE,115,125,159,113,101,115,-44,12,42,0,24,1,-126,0,0,0
2026-07-16T07:37:35.162 RX PID,10203,SQUARE,115,125,118,115,115,115,-3,10,43,0,24,1,-129,0,0,0
2026-07-16T07:37:35.162 RX PID,10223,SQUARE,115,125,127,105,112,120,-12,20,44,0,24,1,-130,0,0,0
2026-07-16T07:37:35.162 RX PID,10243,SQUARE,115,125,160,115,101,115,-45,10,45,0,24,1,-132,0,0,0
2026-07-16T07:37:35.237 RX PID,10263,SQUARE,115,125,118,115,115,115,-3,10,46,-2,8,1,-134,0,0,0
2026-07-16T07:37:35.237 RX PID,10283,SQUARE,115,125,127,105,112,120,-12,20,47,-2,8,1,-135,0,0,0
2026-07-16T07:37:35.237 RX PID,10303,SQUARE,115,125,160,115,101,115,-45,10,48,-2,8,1,-137,0,0,0
2026-07-16T07:37:35.237 RX PID,10323,SQUARE,112,128,118,115,113,117,-6,13,49,-6,12,1,-139,0,0,0
2026-07-16T07:37:35.237 RX RECOVERY SETTLE
2026-07-16T07:37:35.313 RX PID,10343,SQUARE,66,94,127,72,72,108,-61,22,50,-6,12,1,-140,0,0,0
2026-07-16T07:37:35.313 RX PID,10363,SQUARE,60,100,160,113,55,93,-100,-13,51,-6,12,1,-142,0,0,0
2026-07-16T07:37:35.313 RX PID,10383,SQUARE,57,103,118,72,68,116,-61,31,52,-6,12,1,-143,0,0,0
2026-07-16T07:37:35.393 RX PID,10403,SQUARE,57,103,105,113,73,96,-48,-10,51,-6,12,1,-146,0,0,0
2026-07-16T07:37:35.393 RX PID,10423,SQUARE,57,103,115,115,69,95,-58,-12,52,-6,12,1,-147,0,0,0
2026-07-16T07:37:35.393 RX PID,10443,SQUARE,57,103,115,105,69,100,-58,-2,52,-6,12,1,-147,0,0,0
2026-07-16T07:37:35.393 RX PID,10463,SQUARE,57,103,72,71,84,118,-15,32,52,-6,12,1,-147,0,0,0
2026-07-16T07:37:35.475 RX PID,10483,SQUARE,57,103,113,113,70,96,-56,-10,52,-6,12,1,-147,0,0,0
2026-07-16T07:37:35.475 RX PID,10503,SQUARE,57,103,115,104,69,102,-58,-1,53,-6,12,1,-146,0,0,0
2026-07-16T07:37:35.475 RX PID,10523,SQUARE,57,103,115,71,68,118,-58,32,53,-6,12,1,-144,0,0,0
2026-07-16T07:37:35.475 RX PID,10543,SQUARE,57,103,105,69,72,119,-48,34,54,-6,12,1,-142,0,0,0
2026-07-16T07:37:35.568 RX PID,10563,SQUARE,57,103,104,113,72,97,-47,-10,52,-6,12,1,-140,0,0,0
2026-07-16T07:37:35.568 RX PID,10583,SQUARE,57,103,60,104,87,102,-3,-1,53,-6,12,1,-138,0,0,0
2026-07-16T07:37:35.568 RX PID,10603,SQUARE,57,103,101,104,73,102,-44,-1,52,-6,12,1,-137,0,0,0
2026-07-16T07:37:35.568 RX PID,10623,SQUARE,57,103,104,104,72,102,-47,-1,52,-6,12,1,-135,0,0,0
2026-07-16T07:37:35.626 RX PID,10643,SQUARE,57,103,104,71,72,118,-47,32,51,-6,12,1,-133,0,0,0
2026-07-16T07:37:35.626 RX PID,10663,SQUARE,57,103,60,113,87,97,-3,-10,51,-6,12,1,-131,0,0,0
2026-07-16T07:37:35.626 RX PID,10683,SQUARE,57,103,69,104,84,102,-12,-1,50,-6,12,1,-129,0,0,0
2026-07-16T07:37:35.706 RX PID,10703,SQUARE,57,103,58,71,88,118,-1,32,49,-6,12,1,-127,0,0,0
2026-07-16T07:37:35.706 RX PID,10723,SQUARE,57,103,68,113,85,97,-11,-10,48,-6,12,1,-124,0,0,0
2026-07-16T07:37:35.706 RX PID,10743,SQUARE,57,103,58,72,88,117,-1,31,47,-6,12,1,-121,0,0,0
2026-07-16T07:37:35.706 RX PID,10763,SQUARE,55,105,68,113,83,98,-13,-8,45,-11,4,1,-119,0,0,0
2026-07-16T07:37:35.706 RX RECOVERY SEEK
2026-07-16T07:37:35.786 RX PID,10783,SQUARE,49,111,58,104,81,108,-9,7,45,-11,4,1,-116,0,0,0
2026-07-16T07:37:35.786 RX PID,10803,SQUARE,43,117,101,71,61,132,-58,46,44,-11,4,1,-113,0,0,0
2026-07-16T07:37:35.786 RX PID,10823,SQUARE,42,118,60,113,75,111,-18,5,42,-11,4,1,-110,0,0,0
2026-07-16T07:37:35.786 RX PID,10843,SQUARE,44,116,58,104,78,114,-14,12,41,-11,4,1,-105,0,0,0
2026-07-16T07:37:35.872 RX PID,10863,SQUARE,48,112,58,71,81,126,-10,41,40,-11,4,1,-102,0,0,0
2026-07-16T07:37:35.872 RX PID,10883,SQUARE,49,111,58,113,81,105,-9,-2,38,-11,4,1,-98,0,0,0
2026-07-16T07:37:35.872 RX PID,10903,SQUARE,49,111,58,104,81,109,-9,7,37,-11,4,1,-95,0,0,0
2026-07-16T07:37:35.872 RX PID,10923,SQUARE,49,111,58,71,81,126,-9,40,36,-11,4,1,-92,0,0,0
2026-07-16T07:37:35.947 RX PID,10943,SQUARE,51,109,58,113,83,103,-7,-4,34,-11,4,1,-89,0,0,0
2026-07-16T07:37:35.947 RX PID,10963,SQUARE,55,105,58,115,86,98,-3,-10,33,-11,4,1,-85,0,0,0
2026-07-16T07:37:35.947 RX PID,10983,SQUARE,57,103,58,72,88,118,-1,31,32,-11,4,1,-82,0,0,0
2026-07-16T07:37:35.947 RX PID,11003,SQUARE,57,103,58,113,88,98,-1,-10,30,-11,4,1,-79,0,0,0
2026-07-16T07:37:36.015 RX PID,11023,SQUARE,57,103,101,115,73,97,-44,-12,28,-11,4,1,-77,0,0,0
2026-07-16T07:37:36.015 RX PID,11043,SQUARE,65,95,60,72,92,110,5,23,27,-6,12,1,-74,0,0,0
2026-07-16T07:37:36.015 RX RECOVERY SETTLE
2026-07-16T07:37:36.015 RX PID,11063,SQUARE,72,88,58,113,99,84,14,-25,26,-6,12,1,-69,0,0,0
2026-07-16T07:37:36.102 RX PID,11083,SQUARE,75,85,58,115,101,80,17,-30,24,-6,12,1,-66,0,0,0
2026-07-16T07:37:36.102 RX PID,11103,SQUARE,75,85,101,72,87,101,-26,13,23,-6,12,1,-63,0,0,0
2026-07-16T07:37:36.102 RX PID,11123,SQUARE,75,85,60,113,101,81,15,-28,22,-6,12,1,-61,0,0,0
2026-07-16T07:37:36.102 RX PID,11143,SQUARE,76,84,58,104,102,84,18,-20,20,-6,12,1,-58,0,0,0
2026-07-16T07:37:36.187 RX PID,11163,SQUARE,76,84,58,71,102,100,18,13,19,-6,12,1,-56,0,0,0
2026-07-16T07:37:36.187 RX PID,11183,SQUARE,76,84,58,113,102,79,18,-29,19,-6,12,1,-54,0,0,0
2026-07-16T07:37:36.187 RX PID,11203,SQUARE,76,84,58,104,102,83,18,-20,17,-6,12,1,-51,0,0,0
2026-07-16T07:37:36.187 RX PID,11223,SQUARE,76,84,58,71,102,99,18,13,16,-6,12,1,-49,0,0,0
2026-07-16T07:37:36.286 RX PID,11243,SQUARE,76,84,58,113,102,79,18,-29,14,-6,12,1,-47,0,0,0
2026-07-16T07:37:36.286 RX PID,11263,SQUARE,76,84,58,72,102,99,18,12,13,-6,12,1,-44,0,0,0
2026-07-16T07:37:36.286 RX PID,11283,SQUARE,76,84,68,113,98,79,8,-29,11,-6,12,1,-41,0,0,0
2026-07-16T07:37:36.286 RX PID,11303,SQUARE,76,84,58,104,102,83,18,-20,11,-6,12,1,-38,0,0,0
2026-07-16T07:37:36.356 RX PID,11323,SQUARE,76,84,58,115,102,78,18,-31,10,-6,12,1,-36,0,0,0
2026-07-16T07:37:36.356 RX PID,11343,SQUARE,76,84,58,105,102,83,18,-21,8,-6,12,1,-35,0,0,0
2026-07-16T07:37:36.356 RX PID,11363,SQUARE,76,84,58,71,102,99,18,13,7,-6,12,1,-33,0,0,0
2026-07-16T07:37:36.356 RX PID,11383,SQUARE,76,84,68,113,98,78,8,-29,5,-6,12,1,-31,0,0,0
2026-07-16T07:37:36.440 RX PID,11403,SQUARE,76,84,58,104,102,82,18,-20,4,-6,12,1,-29,0,0,0
2026-07-16T07:37:36.440 RX PID,11423,SQUARE,76,84,58,71,102,98,18,13,3,-6,12,1,-27,0,0,0
2026-07-16T07:37:36.441 RX PID,11443,SQUARE,76,84,58,113,102,78,18,-29,2,-6,12,1,-25,0,0,0
2026-07-16T07:37:36.441 RX PID,11463,SQUARE,76,84,58,104,102,82,18,-20,1,-6,12,1,-22,0,0,0
2026-07-16T07:37:36.522 RX PID,11483,SQUARE,76,84,58,115,102,77,18,-31,0,-6,12,1,-21,0,0,0
2026-07-16T07:37:36.522 RX PID,11503,SQUARE,76,84,101,105,88,82,-25,-21,-2,-6,12,1,-18,0,0,0
2026-07-16T07:37:36.522 RX PID,11523,SQUARE,76,84,60,71,101,98,16,13,-3,-6,12,1,-16,0,0,0
2026-07-16T07:37:36.522 RX PID,11543,SQUARE,76,84,58,113,102,78,18,-29,-4,-6,12,1,-14,0,0,0
2026-07-16T07:37:36.602 RX PID,11563,SQUARE,76,84,58,104,102,82,18,-20,-5,-6,12,1,-12,0,0,0
2026-07-16T07:37:36.602 RX PID,11583,SQUARE,76,84,58,115,102,76,18,-31,-6,-6,12,1,-10,0,0,0
2026-07-16T07:37:36.602 RX PID,11603,SQUARE,76,84,58,105,102,81,18,-21,-8,-6,12,1,-8,0,0,0
2026-07-16T07:37:36.602 RX PID,11623,SQUARE,76,84,101,71,88,97,-25,13,-9,-6,12,1,-7,0,0,0
2026-07-16T07:37:36.691 RX PID,11643,SQUARE,76,84,60,113,101,77,16,-29,-11,-6,12,1,-5,0,0,0
2026-07-16T07:37:36.692 RX PID,11663,SQUARE,76,84,58,104,102,81,18,-20,-12,-6,12,1,-3,0,0,0
2026-07-16T07:37:36.692 RX PID,11683,SQUARE,76,84,58,104,103,81,18,-20,-13,-6,12,1,-2,0,0,0
2026-07-16T07:37:36.692 RX PID,11703,SQUARE,76,84,58,71,103,97,18,13,-14,-6,12,1,0,0,0,0
2026-07-16T07:37:36.772 RX PID,11723,SQUARE,76,84,58,113,103,77,18,-29,-16,-6,12,1,2,0,0,0
2026-07-16T07:37:36.772 RX PID,11743,SQUARE,76,84,58,104,103,81,18,-20,-16,-6,12,1,4,0,0,0
2026-07-16T07:37:36.772 RX PID,11763,SQUARE,76,84,58,104,103,81,18,-20,-17,-6,12,1,5,0,0,0
2026-07-16T07:37:36.772 RX PID,11783,SQUARE,76,84,58,71,103,97,18,13,-18,-6,12,1,7,0,0,0
2026-07-16T07:37:36.852 RX PID,11803,SQUARE,76,84,58,113,103,77,18,-29,-19,-6,12,1,8,0,0,0
2026-07-16T07:37:36.852 RX PID,11823,SQUARE,76,84,58,104,103,81,18,-20,-21,-2,8,1,10,0,0,0
2026-07-16T07:37:36.852 RX PID,11843,SQUARE,76,84,25,104,114,81,51,-20,-22,-2,8,1,11,0,0,0
2026-07-16T07:37:36.852 RX PID,11863,SQUARE,105,55,99,104,113,54,6,-49,-23,-2,8,1,12,0,0,0
2026-07-16T07:37:36.928 RX PID,11883,SQUARE,105,55,60,71,126,70,45,-16,-24,-2,8,1,13,0,0,0
2026-07-16T07:37:36.928 RX RECOVERY CENTER
2026-07-16T07:37:36.928 RX PID,11903,SQUARE,90,70,58,102,115,68,32,-32,-24,0,24,1,14,0,0,0
2026-07-16T07:37:36.928 RX PID,11923,SQUARE,92,72,58,104,116,69,34,-32,-25,0,24,1,15,0,0,0
2026-07-16T07:37:37.007 RX PID,11943,SQUARE,95,75,58,71,118,88,37,4,-26,0,24,1,16,0,0,0
2026-07-16T07:37:37.007 RX PID,11963,SQUARE,98,78,68,102,118,76,30,-24,-27,0,24,1,15,0,0,0
2026-07-16T07:37:37.007 RX PID,11983,SQUARE,100,80,58,104,123,76,42,-24,-27,0,24,1,15,0,0,0
2026-07-16T07:37:37.007 RX PID,12003,SQUARE,105,81,58,60,127,99,47,21,-27,0,24,1,16,0,0,0
2026-07-16T07:37:37.092 RX PID,12023,SQUARE,112,80,58,69,132,93,54,11,-28,0,24,1,16,0,0,0
2026-07-16T07:37:37.092 RX PID,12043,SQUARE,117,79,68,69,134,93,49,10,-29,0,24,1,16,0,0,0
2026-07-16T07:37:37.092 RX PID,12063,SQUARE,120,82,58,113,140,74,62,-31,-30,0,24,1,17,0,0,0
2026-07-16T07:37:37.092 RX PID,12083,SQUARE,123,85,101,104,127,82,22,-19,-31,0,24,1,18,0,0,0
2026-07-16T07:37:37.177 RX PID,12103,SQUARE,126,86,60,71,144,98,66,15,-31,0,24,1,18,0,0,0
2026-07-16T07:37:37.177 RX PID,12123,SQUARE,129,89,69,113,144,79,60,-24,-32,0,24,1,19,0,0,0
2026-07-16T07:37:37.177 RX PID,12143,SQUARE,132,92,102,104,134,87,30,-12,-32,0,24,1,19,0,0,0
2026-07-16T07:37:37.177 RX PID,12163,SQUARE,134,94,104,71,135,105,30,23,-32,0,24,1,19,0,0,0
2026-07-16T07:37:37.257 RX PID,12183,SQUARE,137,97,104,113,138,87,33,-16,-33,0,24,1,19,0,0,0
2026-07-16T07:37:37.257 RX PID,12203,SQUARE,138,102,71,115,150,91,67,-13,-34,0,24,1,18,0,0,0
2026-07-16T07:37:37.257 RX PID,12223,SQUARE,136,104,113,72,134,114,23,32,-33,0,24,1,18,0,0,0
2026-07-16T07:37:37.257 RX PID,12243,SQUARE,136,104,72,113,148,94,64,-9,-34,0,24,1,17,0,0,0
2026-07-16T07:37:37.334 RX PID,12263,SQUARE,136,104,113,115,135,93,23,-11,-34,0,24,1,16,0,0,0
2026-07-16T07:37:37.334 RX PID,12283,SQUARE,136,104,115,115,134,93,21,-11,-35,0,24,1,16,0,0,0
2026-07-16T07:37:37.334 RX PID,12303,SQUARE,134,106,115,159,132,73,19,-53,-35,0,24,1,16,0,0,0
2026-07-16T07:37:37.334 RX PID,12323,SQUARE,131,109,105,118,134,96,26,-9,-36,0,24,1,15,0,0,0
2026-07-16T07:37:37.425 RX PID,12343,SQUARE,132,108,115,116,130,96,17,-8,-36,2,16,1,15,0,0,0
2026-07-16T07:37:37.425 RX PID,12363,SQUARE,131,109,115,116,130,97,16,-7,-36,2,16,1,14,0,0,0
2026-07-16T07:37:37.425 RX PID,12383,SQUARE,131,109,115,116,130,97,16,-7,-36,2,16,1,14,0,0,0
2026-07-16T07:37:37.425 RX PID,12403,SQUARE,129,111,72,116,143,99,57,-5,-36,2,16,1,13,0,0,0
2026-07-16T07:37:37.490 RX PID,12423,SQUARE,129,111,113,116,129,99,16,-5,-37,2,16,1,13,0,0,0
2026-07-16T07:37:37.490 RX PID,12443,SQUARE,135,105,115,159,134,70,20,-54,-38,6,48,1,13,0,0,0
2026-07-16T07:37:37.490 RX PID,12463,SQUARE,141,99,115,118,138,86,26,-19,-38,6,48,1,13,0,0,0
2026-07-16T07:37:37.571 RX PID,12483,SQUARE,147,93,115,116,143,81,32,-23,-38,6,48,1,12,0,0,0
2026-07-16T07:37:37.571 RX PID,12503,SQUARE,149,91,115,159,144,57,34,-68,-39,6,48,1,12,0,0,0
2026-07-16T07:37:37.571 RX PID,12523,SQUARE,151,89,115,118,146,75,36,-29,-39,6,48,1,12,0,0,0
2026-07-16T07:37:37.571 RX PID,12543,SQUARE,151,89,115,116,146,76,36,-27,-39,6,48,1,12,0,0,0
2026-07-16T07:37:37.658 RX PID,12563,SQUARE,151,89,115,116,146,76,36,-27,-39,6,48,1,11,0,0,0
2026-07-16T07:37:37.658 RX PID,12583,SQUARE,151,89,115,116,146,76,36,-27,-39,6,48,1,11,0,0,0
2026-07-16T07:37:37.658 RX PID,12603,SQUARE,149,91,115,116,144,78,34,-25,-39,6,48,1,10,0,0,0
2026-07-16T07:37:37.658 RX PID,12623,SQUARE,148,92,72,116,160,79,76,-24,-40,6,48,1,10,0,0,0
2026-07-16T07:37:37.735 RX PID,12643,SQUARE,148,92,113,116,146,78,35,-24,-40,6,48,1,10,0,0,0
2026-07-16T07:37:37.735 RX PID,12663,SQUARE,148,92,115,116,145,78,33,-24,-40,6,48,1,9,0,0,0
2026-07-16T07:37:37.735 RX PID,12683,SQUARE,148,92,115,116,145,78,33,-24,-40,6,48,1,7,0,0,0
2026-07-16T07:37:37.735 RX PID,12703,SQUARE,146,94,115,116,143,80,31,-22,-40,6,48,1,6,0,0,0
2026-07-16T07:37:37.824 RX PID,12723,SQUARE,143,97,115,116,140,83,28,-19,-40,6,48,1,5,0,0,0
2026-07-16T07:37:37.824 RX PID,12743,SQUARE,143,97,115,116,140,83,28,-19,-40,6,48,1,4,0,0,0
2026-07-16T07:37:37.824 RX PID,12763,SQUARE,143,97,115,116,140,82,28,-19,-40,6,48,1,3,0,0,0
2026-07-16T07:37:37.824 RX PID,12783,SQUARE,143,97,115,116,140,82,28,-19,-40,6,48,1,2,0,0,0
2026-07-16T07:37:37.904 RX PID,12803,SQUARE,141,99,115,72,139,105,26,27,-39,6,48,1,1,0,0,0
2026-07-16T07:37:37.904 RX PID,12823,SQUARE,139,101,115,113,137,87,24,-12,-40,6,48,1,-1,0,0,0
2026-07-16T07:37:37.904 RX PID,12843,SQUARE,139,101,115,115,137,86,24,-14,-39,6,48,1,-2,0,0,0
2026-07-16T07:37:37.904 RX PID,12863,SQUARE,139,101,115,115,137,86,24,-14,-39,6,48,1,-3,0,0,0
2026-07-16T07:37:37.964 RX PID,12883,SQUARE,139,101,115,115,137,86,24,-14,-39,6,48,1,-3,0,0,0
2026-07-16T07:37:37.964 RX PID,12903,SQUARE,138,102,115,115,137,87,23,-13,-39,6,48,1,-4,0,0,0
2026-07-16T07:37:37.964 RX PID,12923,SQUARE,144,96,115,115,142,81,29,-19,-39,11,32,1,-5,0,0,0
2026-07-16T07:37:37.964 RX RECOVERY SEEK
2026-07-16T07:37:38.053 RX PID,12943,SQUARE,110,50,115,115,115,37,-5,-65,-39,11,32,1,-6,0,0,0
2026-07-16T07:37:38.053 RX PID,12963,SQUARE,113,47,115,72,117,56,-2,-25,-38,11,32,1,-7,0,0,0
2026-07-16T07:37:38.053 RX PID,12983,SQUARE,113,47,115,102,117,41,-2,-55,-37,11,32,1,-8,0,0,0
2026-07-16T07:37:38.054 RX PID,13003,SQUARE,115,45,115,104,118,38,0,-59,-36,11,32,1,-9,0,0,0
2026-07-16T07:37:38.138 RX PID,13023,SQUARE,119,41,105,71,124,49,14,-30,-36,11,32,1,-11,0,0,0
2026-07-16T07:37:38.138 RX PID,13043,SQUARE,123,37,115,102,124,31,8,-65,-35,11,32,1,-14,0,0,0
2026-07-16T07:37:38.138 RX PID,13063,SQUARE,124,36,115,60,127,50,9,-24,-34,11,32,1,-17,0,0,0
2026-07-16T07:37:38.138 RX PID,13083,SQUARE,127,33,105,69,132,42,22,-36,-32,23,96,1,-20,0,0,0
2026-07-16T07:37:38.205 RX PID,13103,SQUARE,133,27,115,58,134,42,18,-31,-31,23,96,1,-23,0,0,0
2026-07-16T07:37:38.205 RX PID,13123,SQUARE,127,33,72,58,144,48,55,-25,-30,11,32,1,-27,0,0,0
2026-07-16T07:37:38.205 RX PID,13143,SQUARE,124,36,113,58,127,50,11,-22,-28,11,32,1,-31,0,0,0
2026-07-16T07:37:38.288 RX PID,13163,SQUARE,124,36,115,58,127,50,9,-22,-26,11,32,1,-36,0,0,0
2026-07-16T07:37:38.288 RX PID,13183,SQUARE,124,36,105,58,130,49,19,-22,-25,11,32,1,-40,0,0,0
2026-07-16T07:37:38.288 RX PID,13203,SQUARE,124,36,115,58,127,49,9,-22,-23,11,32,1,-44,0,0,0
2026-07-16T07:37:38.288 RX PID,13223,SQUARE,124,36,105,58,130,49,19,-22,-22,11,32,1,-48,0,0,0
2026-07-16T07:37:38.374 RX PID,13243,SQUARE,124,36,115,58,127,49,9,-22,-20,11,32,1,-54,0,0,0
2026-07-16T07:37:38.374 RX PID,13263,SQUARE,124,36,105,58,130,49,19,-22,-19,11,32,1,-57,0,0,0
2026-07-16T07:37:38.374 RX PID,13286,SQUARE,124,36,113,58,127,49,11,-22,-17,11,32,1,-61,0,0,0
2026-07-16T07:37:38.374 RX PID,13306,SQUARE,124,36,137,79,120,38,-13,-43,-16,11,32,1,-63,0,0,0
2026-07-16T07:37:38.452 RX PID,13326,SQUARE,124,36,106,48,130,53,18,-12,-13,11,32,1,-66,0,0,0
2026-07-16T07:37:38.452 RX PID,13346,SQUARE,124,36,115,57,127,49,9,-21,-12,11,32,1,-70,0,0,0
2026-07-16T07:37:38.452 RX PID,13366,SQUARE,124,36,105,57,130,49,19,-21,-10,11,32,1,-75,0,0,0
2026-07-16T07:37:38.452 RX PID,13386,SQUARE,124,36,115,57,127,49,9,-21,-9,11,32,1,-79,0,0,0
2026-07-16T07:37:38.531 RX PID,13406,SQUARE,124,36,105,57,130,49,19,-21,-7,11,32,1,-83,0,0,0
2026-07-16T07:37:38.531 RX PID,13426,SQUARE,124,36,71,57,142,49,53,-21,-6,11,32,1,-86,0,0,0
2026-07-16T07:37:38.531 RX PID,13446,SQUARE,124,36,113,57,127,48,11,-21,-5,11,32,1,-90,0,0,0
2026-07-16T07:37:38.531 RX PID,13466,SQUARE,124,36,104,57,131,48,20,-21,-3,11,32,1,-93,0,0,0
2026-07-16T07:37:38.605 RX PID,13486,SQUARE,124,36,71,57,142,48,53,-21,-2,11,32,1,-97,0,0,0
2026-07-16T07:37:38.605 RX PID,13506,SQUARE,124,36,113,14,127,69,11,22,-1,11,32,1,-100,0,0,0
2026-07-16T07:37:38.605 RX PID,13526,SQUARE,118,42,104,55,125,55,14,-13,1,6,48,1,-103,0,0,0
2026-07-16T07:37:38.605 RX RECOVERY SETTLE
2026-07-16T07:37:38.687 RX PID,13546,SQUARE,110,50,115,57,116,61,-5,-7,3,6,48,1,-107,0,0,0
2026-07-16T07:37:38.687 RX PID,13566,SQUARE,109,51,105,57,119,62,4,-6,5,6,48,1,-110,0,0,0
2026-07-16T07:37:38.687 RX PID,13586,SQUARE,109,51,115,57,116,62,-6,-6,6,6,48,1,-115,0,0,0
2026-07-16T07:37:38.687 RX PID,13606,SQUARE,107,53,105,57,117,64,2,-4,8,6,48,1,-118,0,0,0
2026-07-16T07:37:38.771 RX PID,13626,SQUARE,103,57,115,57,111,67,-12,0,9,6,48,1,-121,0,0,0
2026-07-16T07:37:38.771 RX PID,13646,SQUARE,99,61,105,57,111,71,-6,4,11,6,48,1,-124,0,0,0
2026-07-16T07:37:38.771 RX PID,13666,SQUARE,95,65,115,57,104,75,-20,8,12,6,48,1,-127,0,0,0
2026-07-16T07:37:38.771 RX PID,13686,SQUARE,94,66,72,57,118,75,22,9,14,6,48,1,-130,0,0,0
2026-07-16T07:37:38.855 RX PID,13706,SQUARE,94,66,113,57,104,75,-19,9,15,6,48,1,-133,0,0,0
2026-07-16T07:37:38.855 RX PID,13726,SQUARE,94,66,72,57,117,75,22,9,17,6,48,1,-135,0,0,0
2026-07-16T07:37:38.855 RX PID,13746,SQUARE,94,66,113,57,104,75,-19,9,18,6,48,1,-138,0,0,0
2026-07-16T07:37:38.855 RX PID,13771,SQUARE,94,66,115,57,103,75,-21,9,20,6,48,1,-143,0,0,0
2026-07-16T07:37:38.945 RX PID,13791,SQUARE,94,66,94,68,110,70,0,-2,21,6,48,1,-144,0,0,0
2026-07-16T07:37:38.945 RX PID,13811,SQUARE,94,66,114,58,103,75,-20,8,23,6,48,1,-147,0,0,0
2026-07-16T07:37:38.945 RX PID,13831,SQUARE,94,66,72,101,117,54,22,-35,24,6,48,1,-149,0,0,0
2026-07-16T07:37:38.945 RX PID,13851,SQUARE,94,66,113,60,104,74,-19,6,25,6,48,1,-152,0,0,0
2026-07-16T07:37:39.021 RX PID,13871,SQUARE,94,66,104,58,107,75,-10,8,27,6,48,1,-154,0,0,0
2026-07-16T07:37:39.021 RX PID,13891,SQUARE,94,66,115,58,103,75,-21,8,28,6,48,1,-156,0,0,0
2026-07-16T07:37:39.021 RX PID,13911,SQUARE,94,66,105,14,107,97,-11,52,30,6,48,1,-160,0,0,0
2026-07-16T07:37:39.021 RX PID,13931,SQUARE,94,66,115,55,103,76,-21,11,31,6,48,1,-162,0,0,0
2026-07-16T07:37:39.109 RX PID,13951,SQUARE,94,66,105,57,107,76,-11,9,33,6,48,1,-165,0,0,0
2026-07-16T07:37:39.109 RX PID,13971,SQUARE,94,66,71,57,118,76,23,9,34,6,48,1,-167,0,0,0
2026-07-16T07:37:39.109 RX PID,13991,SQUARE,94,66,113,57,104,76,-19,9,35,6,48,1,-169,0,0,0
2026-07-16T07:37:39.109 RX PID,14011,SQUARE,91,69,104,57,104,80,-13,12,37,-12,51,1,-171,0,0,0
2026-07-16T07:37:39.109 RX RECOVERY SEEK
2026-07-16T07:37:39.187 RX PID,14031,SQUARE,85,75,71,57,110,85,14,18,38,-12,51,1,-173,0,0,0
2026-07-16T07:37:39.187 RX PID,14051,SQUARE,100,100,69,57,100,100,31,43,39,0,55,0,0,0,1,0
2026-07-16T07:37:39.187 RX PID,14071,SQUARE,100,100,69,57,100,100,31,43,40,0,55,0,0,0,1,0
2026-07-16T07:37:39.187 RX PID,14091,SQUARE,100,100,69,57,100,100,31,43,41,0,55,0,0,0,1,0
2026-07-16T07:37:39.261 RX PID,14111,SQUARE,-150,150,102,68,-150,150,-252,82,42,0,63,0,0,0,2,1
2026-07-16T07:37:39.261 RX PID,14131,SQUARE,-150,150,17,58,-150,150,-167,92,40,0,63,0,1,0,2,1
2026-07-16T07:37:39.261 RX PID,14151,SQUARE,-150,150,11,68,-150,150,-161,82,38,0,63,0,1,0,2,3
2026-07-16T07:37:39.263 RX PID,14171,SQUARE,-150,150,0,58,-150,150,-150,92,35,0,63,0,6,0,2,3
2026-07-16T07:37:39.339 RX PID,14191,SQUARE,-150,150,0,68,-150,150,-150,82,33,0,63,0,14,0,2,4
2026-07-16T07:37:39.339 RX PID,14211,SQUARE,-150,150,10,113,-150,150,-160,37,31,0,63,0,25,0,2,6
2026-07-16T07:37:39.339 RX PID,14231,SQUARE,-150,150,55,61,-150,150,-205,89,30,0,63,0,36,0,2,7
2026-07-16T07:37:39.427 RX PID,14251,SQUARE,-150,150,14,58,-150,150,-164,92,28,0,63,0,46,0,2,7
2026-07-16T07:37:39.427 RX PID,14271,SQUARE,-150,150,11,112,-150,150,-161,38,26,0,63,0,56,0,2,9
2026-07-16T07:37:39.427 RX PID,14291,SQUARE,-150,150,44,104,-150,150,-194,46,24,0,63,0,66,0,2,10
2026-07-16T07:37:39.427 RX PID,14311,SQUARE,-150,150,13,104,-150,150,-163,46,23,0,63,0,76,0,2,11
2026-07-16T07:37:39.492 RX PID,14331,SQUARE,-150,150,55,104,-150,150,-205,46,20,0,63,0,86,0,2,13
2026-07-16T07:37:39.492 RX PID,14351,SQUARE,-150,150,46,71,-150,150,-196,79,18,0,63,0,102,0,2,14
2026-07-16T07:37:39.492 RX PID,14371,SQUARE,-150,150,57,113,-150,150,-207,37,17,0,63,0,114,0,2,16
2026-07-16T07:37:39.575 RX PID,14391,SQUARE,-150,150,57,115,-150,150,-207,35,15,0,63,0,126,0,2,17
2026-07-16T07:37:39.575 RX PID,14411,SQUARE,-150,150,57,115,-150,150,-207,35,13,0,63,0,139,0,2,19
2026-07-16T07:37:39.575 RX PID,14431,SQUARE,-150,150,57,148,-150,150,-207,2,12,0,63,0,152,0,2,21
2026-07-16T07:37:39.575 RX PID,14451,SQUARE,-150,150,68,118,-150,150,-218,32,10,0,63,0,167,0,2,23
2026-07-16T07:37:39.651 RX PID,14471,SQUARE,-150,150,69,116,-150,150,-219,34,9,0,63,0,182,0,2,25
2026-07-16T07:37:39.651 RX PID,14491,SQUARE,-150,150,69,159,-150,150,-219,-9,7,0,63,0,197,0,2,28
2026-07-16T07:37:39.651 RX PID,14511,SQUARE,-150,150,113,162,-150,150,-263,-12,6,0,63,0,213,0,2,30
2026-07-16T07:37:39.651 RX PID,14531,SQUARE,-150,150,104,118,-150,150,-254,32,5,0,63,0,231,0,2,32
2026-07-16T07:37:39.721 RX PID,14551,SQUARE,-150,150,115,127,-150,150,-265,23,4,0,62,0,248,0,2,35
2026-07-16T07:37:39.721 RX PID,14571,SQUARE,-150,150,115,160,-150,150,-265,-10,3,0,62,0,276,0,2,37
2026-07-16T07:37:39.721 RX PID,14591,SQUARE,-150,150,126,162,-150,150,-276,-12,3,0,62,0,294,0,2,40
2026-07-16T07:37:39.794 RX PID,14611,SQUARE,-150,150,116,162,-150,150,-266,-12,2,0,62,0,313,0,2,43
2026-07-16T07:37:39.794 RX PID,14631,SQUARE,-150,150,126,162,-150,150,-276,-12,1,0,60,1,332,0,2,45
2026-07-16T07:37:39.794 RX PID,14651,SQUARE,-150,150,116,173,-150,150,-266,-23,0,0,60,1,352,0,2,49
2026-07-16T07:37:39.794 RX PID,14671,SQUARE,-150,150,159,130,-150,150,-309,20,0,0,60,1,371,0,2,52
2026-07-16T07:37:39.864 RX PID,14691,SQUARE,-150,150,118,214,-150,150,-268,-64,-3,3,56,1,391,0,2,55
2026-07-16T07:37:39.864 RX PID,14711,SQUARE,-150,150,127,176,-150,150,-277,-26,-4,3,56,1,411,0,2,58
2026-07-16T07:37:39.864 RX PID,14731,SQUARE,-150,150,160,174,-150,150,-310,-24,-5,3,56,1,432,0,2,61
2026-07-16T07:37:39.933 RX PID,14751,SQUARE,-150,150,118,174,-150,150,-268,-24,-7,6,48,1,452,0,2,64
2026-07-16T07:37:39.933 RX PID,14771,SQUARE,-150,150,127,174,-150,150,-277,-24,-8,6,48,1,472,0,2,67
2026-07-16T07:37:39.933 RX PID,14791,SQUARE,-150,150,127,174,-150,150,-277,-24,-9,6,48,1,502,0,2,70
2026-07-16T07:37:39.933 RX PID,14811,SQUARE,-100,100,160,174,-100,100,-260,-74,-11,6,48,1,522,0,3,74
2026-07-16T07:37:40.012 RX PID,14831,SQUARE,-100,100,162,141,-100,100,-262,-41,-13,6,48,1,542,0,3,77
2026-07-16T07:37:40.012 RX PID,14851,SQUARE,-100,100,258,339,-100,100,-358,-239,-13,6,48,1,562,0,3,80
2026-07-16T07:37:40.012 RX PID,14871,SQUARE,-100,100,124,184,-100,100,-224,-84,-15,6,48,1,581,0,3,83
2026-07-16T07:37:40.078 RX PID,14891,SQUARE,-100,100,116,131,-100,100,-216,-31,-16,6,48,1,599,0,3,86
2026-07-16T07:37:40.078 RX PID,14911,SQUARE,-100,100,126,127,-100,100,-226,-27,-16,23,96,1,623,0,3,88
2026-07-16T07:37:40.078 RX PID,14931,SQUARE,-100,100,116,127,-100,100,-216,-27,-17,23,96,1,639,0,3,91
2026-07-16T07:37:40.159 RX PID,14951,SQUARE,-100,100,116,162,-100,100,-216,-62,-19,23,96,1,647,0,3,93
2026-07-16T07:37:40.159 RX PID,14971,SQUARE,-100,100,72,162,-100,100,-172,-62,-20,23,96,1,661,0,3,95
2026-07-16T07:37:40.159 RX PID,14991,SQUARE,-100,100,113,118,-100,100,-213,-18,-22,23,96,1,675,0,3,97
2026-07-16T07:37:40.159 RX PID,15011,SQUARE,-100,100,104,127,-100,100,-204,-27,-22,23,96,1,688,0,3,99
2026-07-16T07:37:40.216 RX PID,15031,SQUARE,-100,100,115,116,-100,100,-215,-16,-23,23,96,1,700,0,3,102
2026-07-16T07:37:40.216 RX PID,15051,SQUARE,-100,100,105,126,-100,100,-205,-26,-25,23,96,1,712,0,3,104
2026-07-16T07:37:40.216 RX PID,15071,SQUARE,-100,100,104,116,-100,100,-204,-16,-25,23,96,1,724,0,3,106
2026-07-16T07:37:40.287 RX PID,15091,SQUARE,-100,100,71,116,-100,100,-171,-16,-26,36,64,1,735,0,3,108
2026-07-16T07:37:40.287 RX PID,15111,SQUARE,-100,100,69,116,-100,100,-169,-16,-27,36,64,1,747,0,3,110
2026-07-16T07:37:40.287 RX PID,15131,SQUARE,-100,100,69,116,-100,100,-169,-16,-27,36,64,1,757,0,3,112
2026-07-16T07:37:40.368 RX PID,15151,SQUARE,-100,100,69,105,-100,100,-169,-5,-28,36,64,1,772,0,3,114
2026-07-16T07:37:40.368 RX PID,15171,SQUARE,-100,100,69,115,-100,100,-169,-15,-29,36,64,1,782,0,3,116
2026-07-16T07:37:40.368 RX PID,15191,SQUARE,-100,100,69,115,-100,100,-169,-15,-30,36,64,1,791,0,3,118
2026-07-16T07:37:40.368 RX PID,15211,SQUARE,-100,100,69,115,-100,100,-169,-15,-30,36,64,1,801,0,3,120
2026-07-16T07:37:40.434 RX PID,15231,SQUARE,-100,100,69,72,-100,100,-169,28,-32,36,64,1,810,0,3,122
2026-07-16T07:37:40.434 RX PID,15251,SQUARE,-100,100,102,113,-100,100,-202,-13,-33,36,64,1,819,0,3,124
2026-07-16T07:37:40.434 RX PID,15271,SQUARE,-100,100,104,72,-100,100,-204,28,-33,0,0,0,827,0,3,126
2026-07-16T07:37:40.514 RX PID,15291,SQUARE,-100,100,60,113,-100,100,-160,-13,-34,0,0,0,835,0,3,128
2026-07-16T07:37:40.514 RX PID,15311,SQUARE,-100,100,69,104,-100,100,-169,-4,-35,0,0,0,843,0,3,129
2026-07-16T07:37:40.514 RX PID,15331,SQUARE,-100,100,58,71,-100,100,-158,29,-35,0,0,0,851,0,3,131
2026-07-16T07:37:40.514 RX PID,15351,SQUARE,-100,100,68,113,-100,100,-168,-13,-36,0,0,0,858,0,3,132
2026-07-16T07:37:40.572 RX PID,15371,SQUARE,-100,100,58,104,-100,100,-158,-4,-36,0,0,0,869,0,3,134
2026-07-16T07:37:40.572 RX PID,15391,SQUARE,-100,100,68,71,-100,100,-168,29,-38,0,0,0,876,0,3,136
2026-07-16T07:37:40.572 RX PID,15411,SQUARE,-100,100,58,69,-100,100,-158,31,-38,0,0,0,883,0,3,138
2026-07-16T07:37:40.662 RX PID,15431,SQUARE,-100,100,68,69,-100,100,-168,31,-39,0,0,0,890,0,3,139
2026-07-16T07:37:40.662 RX PID,15451,SQUARE,-100,100,58,69,-100,100,-158,31,-40,0,0,0,896,0,3,140
2026-07-16T07:37:40.662 RX TURN CAPTURE,1,902,142,0,0
2026-07-16T07:37:40.662 RX PID,15471,SQUARE,0,0,58,69,0,0,-58,-69,-41,0,0,0,902,0,5,142
2026-07-16T07:37:40.662 RX PID,15491,SQUARE,0,0,58,69,0,0,-58,-69,-41,0,0,0,908,0,5,144
2026-07-16T07:37:40.738 RX PID,15511,SQUARE,0,0,47,47,0,0,-47,-47,-41,0,0,0,914,0,5,144
2026-07-16T07:37:40.738 RX PID,15531,SQUARE,0,0,2,46,0,0,-2,-46,-42,0,0,0,918,0,5,144
2026-07-16T07:37:40.738 RX PID,15551,SQUARE,0,0,43,46,0,0,-43,-46,-42,0,0,0,920,0,5,145
2026-07-16T07:37:40.738 RX PID,15571,SQUARE,0,0,2,2,0,0,-2,-2,-42,0,0,0,920,0,5,145
2026-07-16T07:37:40.825 RX PID,15591,SQUARE,0,0,0,0,0,0,0,0,-42,0,0,0,916,0,5,145
2026-07-16T07:37:40.825 RX PID,15611,SQUARE,0,0,0,0,0,0,0,0,-42,0,0,0,911,0,6,145
2026-07-16T07:37:40.825 RX PID,15631,SQUARE,111,89,0,43,146,105,111,46,-43,0,0,0,905,0,6,145
2026-07-16T07:37:40.825 RX PID,15651,SQUARE,111,89,54,57,127,99,57,32,-43,0,0,0,900,0,6,146
2026-07-16T07:37:40.906 RX PID,15671,SQUARE,111,89,46,3,130,126,65,86,-42,0,0,0,893,0,6,147
2026-07-16T07:37:40.906 RX PID,15691,SQUARE,111,89,2,0,146,128,109,89,-42,0,0,0,886,0,6,147
2026-07-16T07:37:40.906 RX PID,15711,SQUARE,111,89,11,10,143,123,100,79,-42,0,0,0,880,0,6,147
2026-07-16T07:37:40.906 RX PID,15731,SQUARE,111,89,55,11,128,124,56,78,-41,0,0,0,874,0,6,148
2026-07-16T07:37:40.998 RX PID,15751,SQUARE,111,89,46,44,131,107,65,45,-41,0,0,0,867,0,6,149
2026-07-16T07:37:40.998 RX PID,15771,SQUARE,111,89,46,2,131,129,65,87,-40,0,0,0,860,0,6,149
2026-07-16T07:37:40.998 RX PID,15791,SQUARE,111,89,13,11,143,125,98,78,-40,0,0,0,850,0,6,149
2026-07-16T07:37:40.998 RX PID,15811,SQUARE,111,89,11,11,144,126,100,78,-39,0,0,0,844,0,6,150
2026-07-16T07:37:41.078 RX PID,15831,SQUARE,111,89,11,11,144,126,100,78,-39,0,0,0,841,0,6,150
2026-07-16T07:37:41.078 RX PID,15851,SQUARE,111,89,55,44,128,109,56,45,-39,0,0,0,835,0,6,151
2026-07-16T07:37:41.078 RX PID,15871,SQUARE,111,89,46,46,132,109,65,43,-40,0,0,0,828,0,6,152
2026-07-16T07:37:41.078 RX PID,15891,SQUARE,111,89,46,13,132,126,65,76,-39,0,0,0,823,0,6,153
2026-07-16T07:37:41.141 RX PID,15911,SQUARE,111,89,13,11,144,128,98,78,-39,0,0,0,817,0,6,153
2026-07-16T07:37:41.141 RX PID,15931,SQUARE,111,89,55,55,129,106,56,34,-39,0,0,0,812,0,6,154
2026-07-16T07:37:41.141 RX PID,15951,SQUARE,111,89,46,46,132,110,65,43,-39,0,0,0,807,0,6,155
2026-07-16T07:37:41.231 RX PID,15971,SQUARE,111,89,13,57,144,106,98,32,-40,0,0,0,802,0,6,156
2026-07-16T07:37:41.231 RX PID,15991,SQUARE,111,89,55,57,129,106,56,32,-40,0,0,0,797,0,6,157
2026-07-16T07:37:41.231 RX PID,16011,SQUARE,111,89,46,57,133,106,65,32,-42,0,0,0,790,0,6,158
2026-07-16T07:37:41.231 RX PID,16031,SQUARE,111,89,13,57,145,106,98,32,-42,0,0,0,786,0,6,159
2026-07-16T07:37:41.312 RX PID,16051,SQUARE,111,89,55,57,130,106,56,32,-43,0,0,0,783,0,6,160
2026-07-16T07:37:41.312 RX PID,16071,SQUARE,111,89,46,101,133,85,65,-12,-44,0,0,0,780,0,6,161
2026-07-16T07:37:41.312 RX PID,16091,SQUARE,111,89,57,60,129,105,54,29,-46,0,0,0,777,0,6,162
2026-07-16T07:37:41.313 RX PID,16111,SQUARE,111,89,47,69,133,101,64,20,-46,0,0,0,774,0,6,163
2026-07-16T07:37:41.394 RX PID,16131,SQUARE,111,89,57,69,129,101,54,20,-47,0,0,0,772,0,6,165
2026-07-16T07:37:41.394 RX PID,16151,SQUARE,111,89,57,102,130,85,54,-13,-49,0,0,0,770,0,6,166
2026-07-16T07:37:41.394 RX PID,16171,SQUARE,111,89,47,104,134,84,64,-15,-50,0,0,0,768,0,6,167
2026-07-16T07:37:41.394 RX PID,16191,SQUARE,111,89,57,71,130,100,54,18,-52,0,0,0,766,0,6,169
2026-07-16T07:37:41.480 RX PID,16211,SQUARE,111,89,57,69,130,101,54,20,-53,0,0,0,764,0,6,171
2026-07-16T07:37:41.480 RX PID,16231,SQUARE,111,89,57,69,130,101,54,20,-54,0,0,0,762,0,6,172
2026-07-16T07:37:41.480 RX PID,16251,SQUARE,111,89,14,113,145,79,97,-24,-56,0,0,0,760,0,6,173
2026-07-16T07:37:41.480 RX PID,16271,SQUARE,111,89,55,104,131,84,56,-15,-57,0,0,0,760,0,6,174
2026-07-16T07:37:41.545 RX PID,16291,SQUARE,111,89,57,104,130,84,54,-15,-59,0,0,0,759,0,6,176
2026-07-16T07:37:41.545 RX PID,16311,SQUARE,111,89,57,71,131,100,54,18,-60,0,0,0,757,0,6,178
2026-07-16T07:37:41.545 RX PID,16331,SQUARE,111,89,57,113,131,79,54,-24,-61,0,0,0,756,0,6,179
2026-07-16T07:37:41.627 RX PID,16351,SQUARE,111,89,57,72,131,99,54,17,-64,0,0,0,755,0,6,181
2026-07-16T07:37:41.627 RX PID,16371,SQUARE,111,89,57,113,131,78,54,-24,-66,0,0,0,754,0,6,182
2026-07-16T07:37:41.627 RX PID,16391,SQUARE,111,89,14,72,146,98,97,17,-67,0,0,0,753,0,6,184
2026-07-16T07:37:41.627 RX PID,16411,SQUARE,111,89,55,113,132,78,56,-24,-69,0,0,0,752,0,6,185
2026-07-16T07:37:41.709 RX PID,16431,SQUARE,111,89,57,115,131,77,54,-26,-70,0,0,0,752,0,6,187
2026-07-16T07:37:41.709 RX PID,16451,SQUARE,111,89,57,105,131,82,54,-16,-72,0,0,0,751,0,6,188
2026-07-16T07:37:41.709 RX PID,16471,SQUARE,111,89,57,115,131,77,54,-26,-73,0,0,0,750,0,6,190
2026-07-16T07:37:41.709 RX PID,16491,SQUARE,111,89,68,105,129,82,43,-16,-74,0,0,0,749,0,6,192
2026-07-16T07:37:41.794 RX PID,16511,SQUARE,111,89,58,115,132,77,53,-26,-75,0,0,0,748,0,6,194
2026-07-16T07:37:41.794 RX PID,16531,SQUARE,111,89,58,105,132,82,53,-16,-77,0,0,0,747,0,6,195
2026-07-16T07:37:41.794 RX PID,16551,SQUARE,111,89,58,71,132,99,53,18,-78,0,0,0,746,0,6,197
2026-07-16T07:37:41.794 RX PID,16571,SQUARE,111,89,58,113,132,78,53,-24,-80,0,0,0,745,0,6,199
2026-07-16T07:37:41.860 RX PID,16591,SQUARE,111,89,58,115,132,76,53,-26,-80,0,0,0,744,0,6,200
2026-07-16T07:37:41.860 RX PID,16611,SQUARE,111,89,68,105,129,81,43,-16,-82,0,0,0,742,0,6,202
2026-07-16T07:37:41.860 RX PID,16631,SQUARE,111,89,58,115,132,76,53,-26,-83,0,0,0,741,0,6,204
2026-07-16T07:37:41.944 RX PID,16651,SQUARE,111,89,58,105,132,81,53,-16,-84,0,0,0,740,0,6,205
2026-07-16T07:37:41.944 RX PID,16671,SQUARE,111,89,68,71,129,98,43,18,-85,0,0,0,739,0,6,207
2026-07-16T07:37:41.944 RX PID,16691,SQUARE,111,89,58,113,132,77,53,-24,-86,0,0,0,737,0,6,209
2026-07-16T07:37:41.944 RX PID,16711,SQUARE,111,89,101,104,118,82,10,-15,-87,0,0,0,735,0,6,211
2026-07-16T07:37:42.122 RX PID,16731,SQUARE,111,89,60,115,132,76,51,-26,-88,0,0,0,734,0,6,212
2026-07-16T07:37:42.122 RX PID,16751,SQUARE,111,89,58,105,133,81,53,-16,-90,0,0,0,732,0,6,214
2026-07-16T07:37:42.123 RX PID,16771,SQUARE,111,89,101,71,118,98,10,18,-90,0,0,0,730,0,6,215
2026-07-16T07:37:42.123 RX PID,16791,SQUARE,111,89,60,69,132,99,51,20,-91,0,0,0,728,0,6,217
2026-07-16T07:37:42.123 RX SQUARE ERROR,LINE LOST
2026-07-16T07:37:42.123 TX STOP
2026-07-16T07:37:42.123 TX STOP
2026-07-16T07:37:42.247 RX OK STOP
2026-07-16T07:37:42.247 RX OK STOP
2026-07-16T07:37:42.247 TX SET TURNANGLE 900 707011452
2026-07-16T07:37:42.376 RX SA,707011452,TURNANGLE,900
2026-07-16T07:37:42.376 TX SET TURNFAST 150 707011453
2026-07-16T07:37:42.501 RX SA,707011453,TURNFAST,150
2026-07-16T07:37:42.501 TX SET TURNSLOW 100 707011454
2026-07-16T07:37:42.647 RX SA,707011454,TURNSLOW,100
2026-07-16T07:37:42.647 TX SET TURNMARGIN 300 707011455
2026-07-16T07:37:42.784 RX SA,707011455,TURNMARGIN,300
2026-07-16T07:37:42.784 TX SET TURNEXIT 100 707011456
2026-07-16T07:37:42.917 RX SA,707011456,TURNEXIT,100
2026-07-16T07:37:42.917 TX SET TURNDIST 98 707011457
2026-07-16T07:37:43.052 RX SA,707011457,TURNDIST,98
2026-07-16T07:37:43.052 TX SET GSTART 10 707011458
2026-07-16T07:37:43.181 RX SA,707011458,GSTART,10
2026-07-16T07:37:43.182 TX STOP
2026-07-16T07:37:43.317 RX OK STOP
2026-07-16T07:37:43.317 TX STOP
2026-07-16T07:37:43.439 RX OK STOP
2026-07-16T07:37:43.439 TX SET LINEKP 6750 707011459
2026-07-16T07:37:43.573 RX SA,707011459,LINEKP,6750
2026-07-16T07:37:43.573 TX SET LINEKD 2000 707011460
2026-07-16T07:37:43.711 RX SA,707011460,LINEKD,2000
2026-07-16T07:37:43.711 TX SET TURNANGLE 900 707011461
2026-07-16T07:37:43.838 RX SA,707011461,TURNANGLE,900
2026-07-16T07:37:43.838 TX SET TURNDIST 98 707011462
2026-07-16T07:37:43.972 RX SA,707011462,TURNDIST,98
2026-07-16T07:37:43.973 TX SET GSTART 10 707011463
2026-07-16T07:37:44.105 RX SA,707011463,GSTART,10
2026-07-16T07:37:44.105 TX SET TURNFAST 185 707011464
2026-07-16T07:37:44.242 RX SA,707011464,TURNFAST,185
2026-07-16T07:37:44.242 TX SET TURNSLOW 140 707011465
2026-07-16T07:37:44.382 RX SA,707011465,TURNSLOW,140
2026-07-16T07:37:44.382 TX SET TURNMARGIN 180 707011466
2026-07-16T07:37:44.515 RX SA,707011466,TURNMARGIN,180
2026-07-16T07:37:44.515 TX SET TURNEXIT 140 707011467
2026-07-16T07:37:44.647 RX SA,707011467,TURNEXIT,140
2026-07-16T07:37:44.647 TX STOP
2026-07-16T07:37:44.647 TX STOP
