[19:13:55] 日志目录：F:\k230gc\pidtest\host\logs\20260707_191355
[19:13:56] TX > RADIOPING,attempt=1
[19:13:56] BRIDGE_RADIO_TX_OK
[19:13:56] BRIDGE_RADIO_PONG
[19:13:56] TX > PING,attempt=1
[19:13:56] ERR,UNKNOWN_COMMAND,RADIOPING
[19:13:56] PONG
[19:13:56] TX > AUTOTUNE,attempt=1
[19:13:57] OK,AUTOTUNE_WAIT_TARGET
[19:13:57] AUTOTUNE_WAIT_TARGET,frames=2
[19:13:57] AUTOTUNE_START
[19:13:57] AUTOTUNE_SCORE_PROFILE,PID_FAST_FOLLOW_STABLE_V10
[19:13:57] TUNE,X,BEGIN,MODE,PID_CHAMPIONSHIP
[19:13:57] TUNE,X,CALIBRATE,PROBE
[19:13:58] TUNE,X,POLARITY,1,DELTA,10,KICK_DEG,14.0
[19:13:58] TUNE,X,RECENTER
[19:13:59] TUNE,X,RECENTERED,ERROR,2
[19:13:59] TUNE,X,SAFE_LIMIT,STEP,60.0,MAXRPM,12.0
[19:13:59] TUNE,X,CHAMPIONSHIP_COARSE,COUNT,30
[19:13:59] TUNE,X,RECENTER
[19:13:59] TUNE,X,RECENTERED,ERROR,1
[19:13:59] TUNE,X,PID_TEST,KP,0.100,KI,0.080,KD,0.003,STEP,60.0,MAXRPM,12.0,FFG,0.032,FFMAX,4.0,ILIM,12.0,LISCALE,0.15
[19:14:07] TUNE,X,RESULT,MODE,PID,KP,0.100,KI,0.080,KD,0.003,SCORE,387.958
[19:14:07] TUNE,X,RECENTER
[19:14:07] TUNE,X,RECENTERED,ERROR,-3
[19:14:07] TUNE,X,PID_TEST,KP,0.100,KI,0.080,KD,0.010,STEP,60.0,MAXRPM,12.0,FFG,0.032,FFMAX,4.0,ILIM,12.0,LISCALE,0.15
[19:14:14] TUNE,X,RESULT,MODE,PID,KP,0.100,KI,0.080,KD,0.010,SCORE,389.926
[19:14:14] TUNE,X,RECENTER
[19:14:14] TUNE,X,RECENTERED,ERROR,-2
[19:14:14] TUNE,X,PID_TEST,KP,0.100,KI,0.200,KD,0.003,STEP,60.0,MAXRPM,12.0,FFG,0.032,FFMAX,4.0,ILIM,12.0,LISCALE,0.15
[19:14:22] TUNE,X,RESULT,MODE,PID,KP,0.100,KI,0.200,KD,0.003,SCORE,280.940
[19:14:22] TUNE,X,RECENTER
[19:14:22] TUNE,X,RECENTERED,ERROR,-1
[19:14:22] TUNE,X,PID_TEST,KP,0.100,KI,0.200,KD,0.010,STEP,60.0,MAXRPM,12.0,FFG,0.032,FFMAX,4.0,ILIM,12.0,LISCALE,0.15
[19:14:29] TUNE,X,RESULT,MODE,PID,KP,0.100,KI,0.200,KD,0.010,SCORE,348.007
[19:14:30] TUNE,X,RECENTER
[19:14:30] TUNE,X,RECENTERED,ERROR,4
[19:14:30] TUNE,X,PID_TEST,KP,0.100,KI,0.320,KD,0.003,STEP,60.0,MAXRPM,12.0,FFG,0.032,FFMAX,4.0,ILIM,12.0,LISCALE,0.15
[19:14:37] TUNE,X,RESULT,MODE,PID,KP,0.100,KI,0.320,KD,0.003,SCORE,246.349
[19:14:37] TUNE,X,RECENTER
[19:14:37] TUNE,X,RECENTERED,ERROR,1
[19:14:37] TUNE,X,PID_TEST,KP,0.100,KI,0.320,KD,0.010,STEP,60.0,MAXRPM,12.0,FFG,0.032,FFMAX,4.0,ILIM,12.0,LISCALE,0.15
[19:14:45] TUNE,X,RESULT,MODE,PID,KP,0.100,KI,0.320,KD,0.010,SCORE,246.048
[19:14:45] TUNE,X,RECENTER
[19:14:45] TUNE,X,RECENTERED,ERROR,-1
[19:14:45] TUNE,X,PID_TEST,KP,0.160,KI,0.080,KD,0.003,STEP,60.0,MAXRPM,12.0,FFG,0.032,FFMAX,4.0,ILIM,12.0,LISCALE,0.15
[19:14:52] TUNE,X,RESULT,MODE,PID,KP,0.160,KI,0.080,KD,0.003,SCORE,309.413
[19:14:52] TUNE,X,RECENTER
[19:14:52] TUNE,X,RECENTERED,ERROR,-2
[19:14:53] TUNE,X,PID_TEST,KP,0.160,KI,0.080,KD,0.010,STEP,60.0,MAXRPM,12.0,FFG,0.032,FFMAX,4.0,ILIM,12.0,LISCALE,0.15
[19:15:00] TUNE,X,RESULT,MODE,PID,KP,0.160,KI,0.080,KD,0.010,SCORE,295.055
[19:15:00] TUNE,X,RECENTER
[19:15:00] TUNE,X,RECENTERED,ERROR,-1
[19:15:00] TUNE,X,PID_TEST,KP,0.160,KI,0.200,KD,0.003,STEP,60.0,MAXRPM,12.0,FFG,0.032,FFMAX,4.0,ILIM,12.0,LISCALE,0.15
[19:15:08] TUNE,X,RESULT,MODE,PID,KP,0.160,KI,0.200,KD,0.003,SCORE,254.522
[19:15:08] TUNE,X,RECENTER
[19:15:08] TUNE,X,RECENTERED,ERROR,-1
[19:15:08] TUNE,X,PID_TEST,KP,0.160,KI,0.200,KD,0.010,STEP,60.0,MAXRPM,12.0,FFG,0.032,FFMAX,4.0,ILIM,12.0,LISCALE,0.15
[19:15:15] TUNE,X,RESULT,MODE,PID,KP,0.160,KI,0.200,KD,0.010,SCORE,286.503
[19:15:15] TUNE,X,RECENTER
[19:15:15] TUNE,X,RECENTERED,ERROR,2
[19:15:15] TUNE,X,PID_TEST,KP,0.160,KI,0.320,KD,0.003,STEP,60.0,MAXRPM,12.0,FFG,0.032,FFMAX,4.0,ILIM,12.0,LISCALE,0.15
[19:15:23] TUNE,X,RESULT,MODE,PID,KP,0.160,KI,0.320,KD,0.003,SCORE,218.615
[19:15:23] TUNE,X,RECENTER
[19:15:23] TUNE,X,RECENTERED,ERROR,3
[19:15:23] TUNE,X,PID_TEST,KP,0.160,KI,0.320,KD,0.010,STEP,60.0,MAXRPM,12.0,FFG,0.032,FFMAX,4.0,ILIM,12.0,LISCALE,0.15
[19:15:30] TUNE,X,RESULT,MODE,PID,KP,0.160,KI,0.320,KD,0.010,SCORE,263.031
[19:15:30] TUNE,X,RECENTER
[19:15:30] TUNE,X,RECENTERED,ERROR,2
[19:15:30] TUNE,X,PID_TEST,KP,0.220,KI,0.080,KD,0.003,STEP,60.0,MAXRPM,12.0,FFG,0.032,FFMAX,4.0,ILIM,12.0,LISCALE,0.15
[19:15:38] TUNE,X,RESULT,MODE,PID,KP,0.220,KI,0.080,KD,0.003,SCORE,366.167
[19:15:38] TUNE,X,RECENTER
[19:15:38] TUNE,X,RECENTERED,ERROR,2
[19:15:38] TUNE,X,PID_TEST,KP,0.220,KI,0.080,KD,0.010,STEP,60.0,MAXRPM,12.0,FFG,0.032,FFMAX,4.0,ILIM,12.0,LISCALE,0.15
[19:15:46] TUNE,X,RESULT,MODE,PID,KP,0.220,KI,0.080,KD,0.010,SCORE,337.252
[19:15:46] TUNE,X,RECENTER
[19:15:46] TUNE,X,RECENTERED,ERROR,2
[19:15:46] TUNE,X,PID_TEST,KP,0.220,KI,0.200,KD,0.003,STEP,60.0,MAXRPM,12.0,FFG,0.032,FFMAX,4.0,ILIM,12.0,LISCALE,0.15
[19:15:53] TUNE,X,RESULT,MODE,PID,KP,0.220,KI,0.200,KD,0.003,SCORE,327.021
[19:15:53] TUNE,X,RECENTER
[19:15:53] TUNE,X,RECENTERED,ERROR,0
[19:15:53] TUNE,X,PID_TEST,KP,0.220,KI,0.200,KD,0.010,STEP,60.0,MAXRPM,12.0,FFG,0.032,FFMAX,4.0,ILIM,12.0,LISCALE,0.15
[19:16:01] TUNE,X,RESULT,MODE,PID,KP,0.220,KI,0.200,KD,0.010,SCORE,348.334
[19:16:01] TUNE,X,RECENTER
[19:16:01] TUNE,X,RECENTERED,ERROR,2
[19:16:01] TUNE,X,PID_TEST,KP,0.220,KI,0.320,KD,0.003,STEP,60.0,MAXRPM,12.0,FFG,0.032,FFMAX,4.0,ILIM,12.0,LISCALE,0.15
[19:16:08] TUNE,X,RESULT,MODE,PID,KP,0.220,KI,0.320,KD,0.003,SCORE,293.488
[19:16:08] TUNE,X,RECENTER
[19:16:09] TUNE,X,RECENTERED,ERROR,4
[19:16:09] TUNE,X,PID_TEST,KP,0.220,KI,0.320,KD,0.010,STEP,60.0,MAXRPM,12.0,FFG,0.032,FFMAX,4.0,ILIM,12.0,LISCALE,0.15
[19:16:16] TUNE,X,RESULT,MODE,PID,KP,0.220,KI,0.320,KD,0.010,SCORE,336.488
[19:16:16] TUNE,X,RECENTER
[19:16:16] TUNE,X,RECENTERED,ERROR,2
[19:16:16] TUNE,X,PID_TEST,KP,0.280,KI,0.080,KD,0.003,STEP,60.0,MAXRPM,12.0,FFG,0.032,FFMAX,4.0,ILIM,12.0,LISCALE,0.15
[19:16:24] TUNE,X,RESULT,MODE,PID,KP,0.280,KI,0.080,KD,0.003,SCORE,418.916
[19:16:24] TUNE,X,RECENTER
[19:16:24] TUNE,X,RECENTERED,ERROR,-2
[19:16:24] TUNE,X,PID_TEST,KP,0.280,KI,0.080,KD,0.010,STEP,60.0,MAXRPM,12.0,FFG,0.032,FFMAX,4.0,ILIM,12.0,LISCALE,0.15
[19:16:31] TUNE,X,RESULT,MODE,PID,KP,0.280,KI,0.080,KD,0.010,SCORE,418.742
[19:16:31] TUNE,X,RECENTER
[19:16:32] TUNE,X,RECENTERED,ERROR,2
[19:16:32] TUNE,X,PID_TEST,KP,0.280,KI,0.200,KD,0.003,STEP,60.0,MAXRPM,12.0,FFG,0.032,FFMAX,4.0,ILIM,12.0,LISCALE,0.15
[19:16:39] TUNE,X,RESULT,MODE,PID,KP,0.280,KI,0.200,KD,0.003,SCORE,370.202
[19:16:39] TUNE,X,RECENTER
[19:16:39] TUNE,X,RECENTERED,ERROR,-2
[19:16:39] TUNE,X,PID_TEST,KP,0.280,KI,0.200,KD,0.010,STEP,60.0,MAXRPM,12.0,FFG,0.032,FFMAX,4.0,ILIM,12.0,LISCALE,0.15
[19:16:47] TUNE,X,RESULT,MODE,PID,KP,0.280,KI,0.200,KD,0.010,SCORE,395.733
[19:16:47] TUNE,X,RECENTER
[19:16:47] TUNE,X,RECENTERED,ERROR,1
[19:16:47] TUNE,X,PID_TEST,KP,0.280,KI,0.320,KD,0.003,STEP,60.0,MAXRPM,12.0,FFG,0.032,FFMAX,4.0,ILIM,12.0,LISCALE,0.15
[19:16:55] TUNE,X,RESULT,MODE,PID,KP,0.280,KI,0.320,KD,0.003,SCORE,388.077
[19:16:55] TUNE,X,RECENTER
[19:16:55] TUNE,X,RECENTERED,ERROR,-2
[19:16:55] TUNE,X,PID_TEST,KP,0.280,KI,0.320,KD,0.010,STEP,60.0,MAXRPM,12.0,FFG,0.032,FFMAX,4.0,ILIM,12.0,LISCALE,0.15
[19:17:02] TUNE,X,RESULT,MODE,PID,KP,0.280,KI,0.320,KD,0.010,SCORE,396.755
[19:17:02] TUNE,X,RECENTER
[19:17:02] TUNE,X,RECENTERED,ERROR,3
[19:17:02] TUNE,X,PID_TEST,KP,0.340,KI,0.080,KD,0.003,STEP,60.0,MAXRPM,12.0,FFG,0.032,FFMAX,4.0,ILIM,12.0,LISCALE,0.15
[19:17:10] TUNE,X,RESULT,MODE,PID,KP,0.340,KI,0.080,KD,0.003,SCORE,446.301
[19:17:10] TUNE,X,RECENTER
[19:17:10] TUNE,X,RECENTERED,ERROR,3
[19:17:10] TUNE,X,PID_TEST,KP,0.340,KI,0.080,KD,0.010,STEP,60.0,MAXRPM,12.0,FFG,0.032,FFMAX,4.0,ILIM,12.0,LISCALE,0.15
[19:17:17] TUNE,X,RESULT,MODE,PID,KP,0.340,KI,0.080,KD,0.010,SCORE,440.729
[19:17:18] TUNE,X,RECENTER
[19:17:18] TUNE,X,RECENTERED,ERROR,-2
[19:17:18] TUNE,X,PID_TEST,KP,0.340,KI,0.200,KD,0.003,STEP,60.0,MAXRPM,12.0,FFG,0.032,FFMAX,4.0,ILIM,12.0,LISCALE,0.15
[19:17:25] TUNE,X,RESULT,MODE,PID,KP,0.340,KI,0.200,KD,0.003,SCORE,434.839
[19:17:25] TUNE,X,RECENTER
[19:17:25] TUNE,X,RECENTERED,ERROR,1
[19:17:25] TUNE,X,PID_TEST,KP,0.340,KI,0.200,KD,0.010,STEP,60.0,MAXRPM,12.0,FFG,0.032,FFMAX,4.0,ILIM,12.0,LISCALE,0.15
[19:17:33] TUNE,X,RESULT,MODE,PID,KP,0.340,KI,0.200,KD,0.010,SCORE,539.864
[19:17:33] TUNE,X,RECENTER
[19:17:33] TUNE,X,RECENTERED,ERROR,1
[19:17:33] TUNE,X,PID_TEST,KP,0.340,KI,0.320,KD,0.003,STEP,60.0,MAXRPM,12.0,FFG,0.032,FFMAX,4.0,ILIM,12.0,LISCALE,0.15
[19:17:41] TUNE,X,RESULT,MODE,PID,KP,0.340,KI,0.320,KD,0.003,SCORE,441.557
[19:17:41] TUNE,X,RECENTER
[19:17:41] TUNE,X,RECENTERED,ERROR,1
[19:17:41] TUNE,X,PID_TEST,KP,0.340,KI,0.320,KD,0.010,STEP,60.0,MAXRPM,12.0,FFG,0.032,FFMAX,4.0,ILIM,12.0,LISCALE,0.15
[19:17:48] TUNE,X,RESULT,MODE,PID,KP,0.340,KI,0.320,KD,0.010,SCORE,433.196
[19:17:48] TUNE,X,CHAMPIONSHIP_QUARTERFINAL,COUNT,8
[19:17:48] TUNE,X,RECENTER
[19:17:49] TUNE,X,RECENTERED,ERROR,0
[19:17:49] TUNE,X,PID_TEST,KP,0.160,KI,0.320,KD,0.003,STEP,60.0,MAXRPM,12.0,FFG,0.032,FFMAX,4.0,ILIM,12.0,LISCALE,0.15
[19:17:56] TUNE,X,RESULT,MODE,PID,KP,0.160,KI,0.320,KD,0.003,SCORE,259.150
[19:17:56] TUNE,X,RECENTER
[19:17:56] TUNE,X,RECENTERED,ERROR,2
[19:17:56] TUNE,X,PID_TEST,KP,0.100,KI,0.320,KD,0.010,STEP,60.0,MAXRPM,12.0,FFG,0.032,FFMAX,4.0,ILIM,12.0,LISCALE,0.15
[19:18:04] TUNE,X,RESULT,MODE,PID,KP,0.100,KI,0.320,KD,0.010,SCORE,264.792
[19:18:04] TUNE,X,RECENTER
[19:18:04] TUNE,X,RECENTERED,ERROR,1
[19:18:04] TUNE,X,PID_TEST,KP,0.100,KI,0.320,KD,0.003,STEP,60.0,MAXRPM,12.0,FFG,0.032,FFMAX,4.0,ILIM,12.0,LISCALE,0.15
[19:18:11] TUNE,X,RESULT,MODE,PID,KP,0.100,KI,0.320,KD,0.003,SCORE,255.897
[19:18:11] TUNE,X,RECENTER
[19:18:11] TUNE,X,RECENTERED,ERROR,2
[19:18:11] TUNE,X,PID_TEST,KP,0.160,KI,0.200,KD,0.003,STEP,60.0,MAXRPM,12.0,FFG,0.032,FFMAX,4.0,ILIM,12.0,LISCALE,0.15
[19:18:19] TUNE,X,RESULT,MODE,PID,KP,0.160,KI,0.200,KD,0.003,SCORE,292.390
[19:18:19] TUNE,X,RECENTER
[19:18:19] TUNE,X,RECENTERED,ERROR,0
[19:18:19] TUNE,X,PID_TEST,KP,0.160,KI,0.320,KD,0.010,STEP,60.0,MAXRPM,12.0,FFG,0.032,FFMAX,4.0,ILIM,12.0,LISCALE,0.15
[19:18:26] TUNE,X,RESULT,MODE,PID,KP,0.160,KI,0.320,KD,0.010,SCORE,271.917
[19:18:26] TUNE,X,RECENTER
[19:18:27] TUNE,X,RECENTERED,ERROR,2
[19:18:27] TUNE,X,PID_TEST,KP,0.100,KI,0.200,KD,0.003,STEP,60.0,MAXRPM,12.0,FFG,0.032,FFMAX,4.0,ILIM,12.0,LISCALE,0.15
[19:18:34] TUNE,X,RESULT,MODE,PID,KP,0.100,KI,0.200,KD,0.003,SCORE,340.069
[19:18:34] TUNE,X,RECENTER
[19:18:34] TUNE,X,RECENTERED,ERROR,-2
[19:18:34] TUNE,X,PID_TEST,KP,0.160,KI,0.200,KD,0.010,STEP,60.0,MAXRPM,12.0,FFG,0.032,FFMAX,4.0,ILIM,12.0,LISCALE,0.15
[19:18:42] TUNE,X,RESULT,MODE,PID,KP,0.160,KI,0.200,KD,0.010,SCORE,443.227
[19:18:42] TUNE,X,RECENTER
[19:18:42] TUNE,X,RECENTERED,ERROR,-2
[19:18:42] TUNE,X,PID_TEST,KP,0.220,KI,0.320,KD,0.003,STEP,60.0,MAXRPM,12.0,FFG,0.032,FFMAX,4.0,ILIM,12.0,LISCALE,0.15
[19:18:49] TUNE,X,RESULT,MODE,PID,KP,0.220,KI,0.320,KD,0.003,SCORE,270.595
[19:18:49] TUNE,X,CHAMPIONSHIP_LOCAL,COUNT,18
[19:18:49] TUNE,X,RECENTER
[19:18:49] TUNE,X,RECENTERED,ERROR,-3
[19:18:49] TUNE,X,PID_TEST,KP,0.120,KI,0.320,KD,0.003,STEP,60.0,MAXRPM,12.0,FFG,0.032,FFMAX,4.0,ILIM,12.0,LISCALE,0.15
[19:18:57] TUNE,X,RESULT,MODE,PID,KP,0.120,KI,0.320,KD,0.003,SCORE,260.598
[19:18:57] TUNE,X,RECENTER
[19:18:57] TUNE,X,RECENTERED,ERROR,3
[19:18:57] TUNE,X,PID_TEST,KP,0.200,KI,0.320,KD,0.003,STEP,60.0,MAXRPM,12.0,FFG,0.032,FFMAX,4.0,ILIM,12.0,LISCALE,0.15
[19:19:04] TUNE,X,RESULT,MODE,PID,KP,0.200,KI,0.320,KD,0.003,SCORE,281.284
[19:19:04] TUNE,X,RECENTER
[19:19:05] TUNE,X,RECENTERED,ERROR,2
[19:19:05] TUNE,X,PID_TEST,KP,0.160,KI,0.240,KD,0.003,STEP,60.0,MAXRPM,12.0,FFG,0.032,FFMAX,4.0,ILIM,12.0,LISCALE,0.15
[19:19:12] TUNE,X,RESULT,MODE,PID,KP,0.160,KI,0.240,KD,0.003,SCORE,276.505
[19:19:12] TUNE,X,RECENTER
[19:19:12] TUNE,X,RECENTERED,ERROR,4
[19:19:12] TUNE,X,PID_TEST,KP,0.160,KI,0.400,KD,0.003,STEP,60.0,MAXRPM,12.0,FFG,0.032,FFMAX,4.0,ILIM,12.0,LISCALE,0.15
[19:19:20] TUNE,X,RESULT,MODE,PID,KP,0.160,KI,0.400,KD,0.003,SCORE,254.644
[19:19:20] TUNE,X,RECENTER
[19:19:20] TUNE,X,RECENTERED,ERROR,4
[19:19:20] TUNE,X,PID_TEST,KP,0.160,KI,0.320,KD,0.000,STEP,60.0,MAXRPM,12.0,FFG,0.032,FFMAX,4.0,ILIM,12.0,LISCALE,0.15
[19:19:27] TUNE,X,RESULT,MODE,PID,KP,0.160,KI,0.320,KD,0.000,SCORE,231.326
[19:19:27] TUNE,X,RECENTER
[19:19:27] TUNE,X,RECENTERED,ERROR,1
[19:19:27] TUNE,X,PID_TEST,KP,0.160,KI,0.320,KD,0.007,STEP,60.0,MAXRPM,12.0,FFG,0.032,FFMAX,4.0,ILIM,12.0,LISCALE,0.15
[19:19:35] TUNE,X,RESULT,MODE,PID,KP,0.160,KI,0.320,KD,0.007,SCORE,266.087
[19:19:35] TUNE,X,RECENTER
[19:19:35] TUNE,X,RECENTERED,ERROR,-1
[19:19:35] TUNE,X,PID_TEST,KP,0.080,KI,0.320,KD,0.003,STEP,60.0,MAXRPM,12.0,FFG,0.032,FFMAX,4.0,ILIM,12.0,LISCALE,0.15
[19:19:42] TUNE,X,RESULT,MODE,PID,KP,0.080,KI,0.320,KD,0.003,SCORE,285.569
[19:19:42] TUNE,X,RECENTER
[19:19:43] TUNE,X,RECENTERED,ERROR,1
[19:19:43] TUNE,X,PID_TEST,KP,0.140,KI,0.320,KD,0.003,STEP,60.0,MAXRPM,12.0,FFG,0.032,FFMAX,4.0,ILIM,12.0,LISCALE,0.15
[19:19:50] TUNE,X,RESULT,MODE,PID,KP,0.140,KI,0.320,KD,0.003,SCORE,220.445
[19:19:50] TUNE,X,RECENTER
[19:19:50] TUNE,X,RECENTERED,ERROR,1
[19:19:50] TUNE,X,PID_TEST,KP,0.100,KI,0.240,KD,0.003,STEP,60.0,MAXRPM,12.0,FFG,0.032,FFMAX,4.0,ILIM,12.0,LISCALE,0.15
[19:19:58] TUNE,X,RESULT,MODE,PID,KP,0.100,KI,0.240,KD,0.003,SCORE,294.452
[19:19:58] TUNE,X,RECENTER
[19:19:58] TUNE,X,RECENTERED,ERROR,1
[19:19:58] TUNE,X,PID_TEST,KP,0.100,KI,0.400,KD,0.003,STEP,60.0,MAXRPM,12.0,FFG,0.032,FFMAX,4.0,ILIM,12.0,LISCALE,0.15
[19:20:05] TUNE,X,RESULT,MODE,PID,KP,0.100,KI,0.400,KD,0.003,SCORE,268.146
[19:20:05] TUNE,X,RECENTER
[19:20:06] TUNE,X,RECENTERED,ERROR,1
[19:20:06] TUNE,X,PID_TEST,KP,0.100,KI,0.320,KD,0.000,STEP,60.0,MAXRPM,12.0,FFG,0.032,FFMAX,4.0,ILIM,12.0,LISCALE,0.15
[19:20:13] TUNE,X,RESULT,MODE,PID,KP,0.100,KI,0.320,KD,0.000,SCORE,278.537
[19:20:13] TUNE,X,RECENTER
[19:20:13] TUNE,X,RECENTERED,ERROR,1
[19:20:13] TUNE,X,PID_TEST,KP,0.100,KI,0.320,KD,0.007,STEP,60.0,MAXRPM,12.0,FFG,0.032,FFMAX,4.0,ILIM,12.0,LISCALE,0.15
[19:20:21] TUNE,X,RESULT,MODE,PID,KP,0.100,KI,0.320,KD,0.007,SCORE,258.783
[19:20:21] TUNE,X,RECENTER
[19:20:21] TUNE,X,RECENTERED,ERROR,-1
[19:20:21] TUNE,X,PID_TEST,KP,0.080,KI,0.320,KD,0.010,STEP,60.0,MAXRPM,12.0,FFG,0.032,FFMAX,4.0,ILIM,12.0,LISCALE,0.15
[19:20:28] TUNE,X,RESULT,MODE,PID,KP,0.080,KI,0.320,KD,0.010,SCORE,292.586
[19:20:28] TUNE,X,RECENTER
[19:20:28] TUNE,X,RECENTERED,ERROR,3
[19:20:28] TUNE,X,PID_TEST,KP,0.140,KI,0.320,KD,0.010,STEP,60.0,MAXRPM,12.0,FFG,0.032,FFMAX,4.0,ILIM,12.0,LISCALE,0.15
[19:20:36] TUNE,X,RESULT,MODE,PID,KP,0.140,KI,0.320,KD,0.010,SCORE,258.727
[19:20:36] TUNE,X,RECENTER
[19:20:36] TUNE,X,RECENTERED,ERROR,-1
[19:20:36] TUNE,X,PID_TEST,KP,0.100,KI,0.240,KD,0.010,STEP,60.0,MAXRPM,12.0,FFG,0.032,FFMAX,4.0,ILIM,12.0,LISCALE,0.15
[19:20:44] TUNE,X,RESULT,MODE,PID,KP,0.100,KI,0.240,KD,0.010,SCORE,328.909
[19:20:44] TUNE,X,RECENTER
[19:20:44] TUNE,X,RECENTERED,ERROR,2
[19:20:44] TUNE,X,PID_TEST,KP,0.100,KI,0.400,KD,0.010,STEP,60.0,MAXRPM,12.0,FFG,0.032,FFMAX,4.0,ILIM,12.0,LISCALE,0.15
[19:20:51] TUNE,X,RESULT,MODE,PID,KP,0.100,KI,0.400,KD,0.010,SCORE,250.828
[19:20:51] TUNE,X,RECENTER
[19:20:52] TUNE,X,RECENTERED,ERROR,1
[19:20:52] TUNE,X,PID_TEST,KP,0.100,KI,0.320,KD,0.006,STEP,60.0,MAXRPM,12.0,FFG,0.032,FFMAX,4.0,ILIM,12.0,LISCALE,0.15
[19:20:59] TUNE,X,RESULT,MODE,PID,KP,0.100,KI,0.320,KD,0.006,SCORE,265.960
[19:20:59] TUNE,X,RECENTER
[19:20:59] TUNE,X,RECENTERED,ERROR,2
[19:20:59] TUNE,X,PID_TEST,KP,0.100,KI,0.320,KD,0.014,STEP,60.0,MAXRPM,12.0,FFG,0.032,FFMAX,4.0,ILIM,12.0,LISCALE,0.15
[19:21:07] TUNE,X,RESULT,MODE,PID,KP,0.100,KI,0.320,KD,0.014,SCORE,255.316
[19:21:07] TUNE,X,CHAMPIONSHIP_SEMIFINAL,COUNT,6
[19:21:07] TUNE,X,RECENTER
[19:21:07] TUNE,X,RECENTERED,ERROR,-1
[19:21:07] TUNE,X,PID_TEST,KP,0.140,KI,0.320,KD,0.003,STEP,60.0,MAXRPM,12.0,FFG,0.032,FFMAX,4.0,ILIM,12.0,LISCALE,0.15
[19:21:14] TUNE,X,RESULT,MODE,PID,KP,0.140,KI,0.320,KD,0.003,SCORE,210.787
[19:21:14] TUNE,X,RECENTER
[19:21:14] TUNE,X,RECENTERED,ERROR,2
[19:21:14] TUNE,X,PID_TEST,KP,0.160,KI,0.320,KD,0.000,STEP,60.0,MAXRPM,12.0,FFG,0.032,FFMAX,4.0,ILIM,12.0,LISCALE,0.15
[19:21:22] TUNE,X,RESULT,MODE,PID,KP,0.160,KI,0.320,KD,0.000,SCORE,252.301
[19:21:22] TUNE,X,RECENTER
[19:21:22] TUNE,X,RECENTERED,ERROR,3
[19:21:22] TUNE,X,PID_TEST,KP,0.100,KI,0.400,KD,0.010,STEP,60.0,MAXRPM,12.0,FFG,0.032,FFMAX,4.0,ILIM,12.0,LISCALE,0.15
[19:21:29] TUNE,X,RESULT,MODE,PID,KP,0.100,KI,0.400,KD,0.010,SCORE,235.736
[19:21:29] TUNE,X,RECENTER
[19:21:29] TUNE,X,RECENTERED,ERROR,2
[19:21:29] TUNE,X,PID_TEST,KP,0.160,KI,0.400,KD,0.003,STEP,60.0,MAXRPM,12.0,FFG,0.032,FFMAX,4.0,ILIM,12.0,LISCALE,0.15
[19:21:37] TUNE,X,RESULT,MODE,PID,KP,0.160,KI,0.400,KD,0.003,SCORE,260.254
[19:21:37] TUNE,X,RECENTER
[19:21:37] TUNE,X,RECENTERED,ERROR,0
[19:21:37] TUNE,X,PID_TEST,KP,0.100,KI,0.320,KD,0.014,STEP,60.0,MAXRPM,12.0,FFG,0.032,FFMAX,4.0,ILIM,12.0,LISCALE,0.15
[19:21:44] TUNE,X,RESULT,MODE,PID,KP,0.100,KI,0.320,KD,0.014,SCORE,282.045
[19:21:44] TUNE,X,CHAMPIONSHIP_FINE,COUNT,11
[19:21:44] TUNE,X,RECENTER
[19:21:45] TUNE,X,RECENTERED,ERROR,-1
[19:21:45] TUNE,X,PID_TEST,KP,0.125,KI,0.320,KD,0.003,STEP,60.0,MAXRPM,12.0,FFG,0.032,FFMAX,4.0,ILIM,12.0,LISCALE,0.15
[19:21:52] TUNE,X,RESULT,MODE,PID,KP,0.125,KI,0.320,KD,0.003,SCORE,223.343
[19:21:52] TUNE,X,RECENTER
[19:21:52] TUNE,X,RECENTERED,ERROR,1
[19:21:52] TUNE,X,PID_TEST,KP,0.155,KI,0.320,KD,0.003,STEP,60.0,MAXRPM,12.0,FFG,0.032,FFMAX,4.0,ILIM,12.0,LISCALE,0.15
[19:22:00] TUNE,X,RESULT,MODE,PID,KP,0.155,KI,0.320,KD,0.003,SCORE,298.117
[19:22:00] TUNE,X,RECENTER
[19:22:00] TUNE,X,RECENTERED,ERROR,2
[19:22:00] TUNE,X,PID_TEST,KP,0.140,KI,0.285,KD,0.003,STEP,60.0,MAXRPM,12.0,FFG,0.032,FFMAX,4.0,ILIM,12.0,LISCALE,0.15
[19:22:07] TUNE,X,RESULT,MODE,PID,KP,0.140,KI,0.285,KD,0.003,SCORE,251.224
[19:22:07] TUNE,X,RECENTER
[19:22:07] TUNE,X,RECENTERED,ERROR,1
[19:22:07] TUNE,X,PID_TEST,KP,0.140,KI,0.355,KD,0.003,STEP,60.0,MAXRPM,12.0,FFG,0.032,FFMAX,4.0,ILIM,12.0,LISCALE,0.15
[19:22:15] TUNE,X,RESULT,MODE,PID,KP,0.140,KI,0.355,KD,0.003,SCORE,230.605
[19:22:15] TUNE,X,RECENTER
[19:22:15] TUNE,X,RECENTERED,ERROR,1
[19:22:15] TUNE,X,PID_TEST,KP,0.140,KI,0.320,KD,0.002,STEP,60.0,MAXRPM,12.0,FFG,0.032,FFMAX,4.0,ILIM,12.0,LISCALE,0.15
[19:22:22] TUNE,X,RESULT,MODE,PID,KP,0.140,KI,0.320,KD,0.002,SCORE,236.507
[19:22:22] TUNE,X,RECENTER
[19:22:23] TUNE,X,RECENTERED,ERROR,-1
[19:22:23] TUNE,X,PID_TEST,KP,0.140,KI,0.320,KD,0.005,STEP,60.0,MAXRPM,12.0,FFG,0.032,FFMAX,4.0,ILIM,12.0,LISCALE,0.15
[19:22:30] TUNE,X,RESULT,MODE,PID,KP,0.140,KI,0.320,KD,0.005,SCORE,219.958
[19:22:30] TUNE,X,RECENTER
[19:22:30] TUNE,X,RECENTERED,ERROR,2
[19:22:30] TUNE,X,PID_TEST,KP,0.145,KI,0.320,KD,0.000,STEP,60.0,MAXRPM,12.0,FFG,0.032,FFMAX,4.0,ILIM,12.0,LISCALE,0.15
[19:22:38] TUNE,X,RESULT,MODE,PID,KP,0.145,KI,0.320,KD,0.000,SCORE,232.832
[19:22:38] TUNE,X,RECENTER
[19:22:38] TUNE,X,RECENTERED,ERROR,1
[19:22:38] TUNE,X,PID_TEST,KP,0.175,KI,0.320,KD,0.000,STEP,60.0,MAXRPM,12.0,FFG,0.032,FFMAX,4.0,ILIM,12.0,LISCALE,0.15
[19:22:45] TUNE,X,RESULT,MODE,PID,KP,0.175,KI,0.320,KD,0.000,SCORE,245.352
[19:22:45] TUNE,X,RECENTER
[19:22:45] TUNE,X,RECENTERED,ERROR,2
[19:22:45] TUNE,X,PID_TEST,KP,0.160,KI,0.285,KD,0.000,STEP,60.0,MAXRPM,12.0,FFG,0.032,FFMAX,4.0,ILIM,12.0,LISCALE,0.15
[19:22:53] TUNE,X,RESULT,MODE,PID,KP,0.160,KI,0.285,KD,0.000,SCORE,227.320
[19:22:53] TUNE,X,RECENTER
[19:22:53] TUNE,X,RECENTERED,ERROR,1
[19:22:53] TUNE,X,PID_TEST,KP,0.160,KI,0.355,KD,0.000,STEP,60.0,MAXRPM,12.0,FFG,0.032,FFMAX,4.0,ILIM,12.0,LISCALE,0.15
[19:23:00] TUNE,X,RESULT,MODE,PID,KP,0.160,KI,0.355,KD,0.000,SCORE,256.530
[19:23:00] TUNE,X,RECENTER
[19:23:01] TUNE,X,RECENTERED,ERROR,0
[19:23:01] TUNE,X,PID_TEST,KP,0.160,KI,0.320,KD,0.002,STEP,60.0,MAXRPM,12.0,FFG,0.032,FFMAX,4.0,ILIM,12.0,LISCALE,0.15
[19:23:08] TUNE,X,RESULT,MODE,PID,KP,0.160,KI,0.320,KD,0.002,SCORE,246.629
[19:23:08] TUNE,X,CHAMPIONSHIP_FINAL,COUNT,4,REPEATS,3
[19:23:08] TUNE,X,RECENTER
[19:23:08] TUNE,X,RECENTERED,ERROR,1
[19:23:08] TUNE,X,PID_TEST,KP,0.140,KI,0.320,KD,0.003,STEP,60.0,MAXRPM,12.0,FFG,0.032,FFMAX,4.0,ILIM,12.0,LISCALE,0.15
[19:23:16] TUNE,X,RESULT,MODE,PID,KP,0.140,KI,0.320,KD,0.003,SCORE,234.455
[19:23:16] TUNE,X,RECENTER
[19:23:16] TUNE,X,RECENTERED,ERROR,1
[19:23:16] TUNE,X,PID_TEST,KP,0.140,KI,0.320,KD,0.005,STEP,60.0,MAXRPM,12.0,FFG,0.032,FFMAX,4.0,ILIM,12.0,LISCALE,0.15
[19:23:22] TUNE,X,RESULT,MODE,PID,KP,0.140,KI,0.320,KD,0.005,SCORE,1000000.000,FAIL,TARGET_LOST
[19:23:22] TUNE,TARGET_REACQUIRED,X_PID_FAILED
[19:23:22] TUNE,X,RECENTER
[19:23:22] TUNE,X,RECENTERED,ERROR,-2
[19:23:22] TUNE,X,PID_TEST,KP,0.140,KI,0.320,KD,0.005,STEP,60.0,MAXRPM,12.0,FFG,0.032,FFMAX,4.0,ILIM,12.0,LISCALE,0.15
[19:23:30] TUNE,X,RESULT,MODE,PID,KP,0.140,KI,0.320,KD,0.005,SCORE,272.591
[19:23:30] TUNE,X,RECENTER
[19:23:30] TUNE,X,RECENTERED,ERROR,3
[19:23:30] TUNE,X,PID_TEST,KP,0.125,KI,0.320,KD,0.003,STEP,60.0,MAXRPM,12.0,FFG,0.032,FFMAX,4.0,ILIM,12.0,LISCALE,0.15
[19:23:37] TUNE,X,RESULT,MODE,PID,KP,0.125,KI,0.320,KD,0.003,SCORE,240.706
[19:23:37] TUNE,X,RECENTER
[19:23:37] TUNE,X,RECENTERED,ERROR,-1
[19:23:37] TUNE,X,PID_TEST,KP,0.125,KI,0.320,KD,0.003,STEP,60.0,MAXRPM,12.0,FFG,0.032,FFMAX,4.0,ILIM,12.0,LISCALE,0.15
[19:23:45] TUNE,X,RESULT,MODE,PID,KP,0.125,KI,0.320,KD,0.003,SCORE,261.594
[19:23:45] TUNE,X,RECENTER
[19:23:45] TUNE,X,RECENTERED,ERROR,-1
[19:23:45] TUNE,X,PID_TEST,KP,0.160,KI,0.285,KD,0.000,STEP,60.0,MAXRPM,12.0,FFG,0.032,FFMAX,4.0,ILIM,12.0,LISCALE,0.15
[19:23:52] TUNE,X,RESULT,MODE,PID,KP,0.160,KI,0.285,KD,0.000,SCORE,199.713
[19:23:52] TUNE,X,RECENTER
[19:23:53] TUNE,X,RECENTERED,ERROR,1
[19:23:53] TUNE,X,PID_TEST,KP,0.160,KI,0.285,KD,0.000,STEP,60.0,MAXRPM,12.0,FFG,0.032,FFMAX,4.0,ILIM,12.0,LISCALE,0.15
[19:24:00] TUNE,X,RESULT,MODE,PID,KP,0.160,KI,0.285,KD,0.000,SCORE,236.663
[19:24:00] TUNE,X,CHAMPIONSHIP_POLISH,COUNT,10
[19:24:00] TUNE,X,RECENTER
[19:24:00] TUNE,X,RECENTERED,ERROR,1
[19:24:00] TUNE,X,PID_TEST,KP,0.130,KI,0.320,KD,0.003,STEP,60.0,MAXRPM,12.0,FFG,0.032,FFMAX,4.0,ILIM,12.0,LISCALE,0.15
[19:24:08] TUNE,X,RESULT,MODE,PID,KP,0.130,KI,0.320,KD,0.003,SCORE,278.742
[19:24:08] TUNE,X,RECENTER
[19:24:08] TUNE,X,RECENTERED,ERROR,3
[19:24:08] TUNE,X,PID_TEST,KP,0.150,KI,0.320,KD,0.003,STEP,60.0,MAXRPM,12.0,FFG,0.032,FFMAX,4.0,ILIM,12.0,LISCALE,0.15
[19:24:15] TUNE,X,RESULT,MODE,PID,KP,0.150,KI,0.320,KD,0.003,SCORE,269.249
[19:24:15] TUNE,X,RECENTER
[19:24:15] TUNE,X,RECENTERED,ERROR,-1
[19:24:15] TUNE,X,PID_TEST,KP,0.135,KI,0.320,KD,0.003,STEP,60.0,MAXRPM,12.0,FFG,0.032,FFMAX,4.0,ILIM,12.0,LISCALE,0.15
[19:24:23] TUNE,X,RESULT,MODE,PID,KP,0.135,KI,0.320,KD,0.003,SCORE,215.689
[19:24:23] TUNE,X,RECENTER
[19:24:23] TUNE,X,RECENTERED,ERROR,1
[19:24:23] TUNE,X,PID_TEST,KP,0.145,KI,0.320,KD,0.003,STEP,60.0,MAXRPM,12.0,FFG,0.032,FFMAX,4.0,ILIM,12.0,LISCALE,0.15
[19:24:30] TUNE,X,RESULT,MODE,PID,KP,0.145,KI,0.320,KD,0.003,SCORE,301.683
[19:24:30] TUNE,X,RECENTER
[19:24:30] TUNE,X,RECENTERED,ERROR,1
[19:24:30] TUNE,X,PID_TEST,KP,0.140,KI,0.290,KD,0.003,STEP,60.0,MAXRPM,12.0,FFG,0.032,FFMAX,4.0,ILIM,12.0,LISCALE,0.15
[19:24:38] TUNE,X,RESULT,MODE,PID,KP,0.140,KI,0.290,KD,0.003,SCORE,223.247
[19:24:38] TUNE,X,RECENTER
[19:24:38] TUNE,X,RECENTERED,ERROR,-3
[19:24:38] TUNE,X,PID_TEST,KP,0.140,KI,0.350,KD,0.003,STEP,60.0,MAXRPM,12.0,FFG,0.032,FFMAX,4.0,ILIM,12.0,LISCALE,0.15
[19:24:45] TUNE,X,RESULT,MODE,PID,KP,0.140,KI,0.350,KD,0.003,SCORE,248.017
[19:24:46] TUNE,X,RECENTER
[19:24:46] TUNE,X,RECENTERED,ERROR,2
[19:24:46] TUNE,X,PID_TEST,KP,0.140,KI,0.305,KD,0.003,STEP,60.0,MAXRPM,12.0,FFG,0.032,FFMAX,4.0,ILIM,12.0,LISCALE,0.15
[19:24:53] TUNE,X,RESULT,MODE,PID,KP,0.140,KI,0.305,KD,0.003,SCORE,237.310
[19:24:53] TUNE,X,RECENTER
[19:24:53] TUNE,X,RECENTERED,ERROR,3
[19:24:53] TUNE,X,PID_TEST,KP,0.140,KI,0.335,KD,0.003,STEP,60.0,MAXRPM,12.0,FFG,0.032,FFMAX,4.0,ILIM,12.0,LISCALE,0.15
[19:25:01] TUNE,X,RESULT,MODE,PID,KP,0.140,KI,0.335,KD,0.003,SCORE,209.203
[19:25:01] TUNE,X,RECENTER
[19:25:01] TUNE,X,RECENTERED,ERROR,2
[19:25:01] TUNE,X,PID_TEST,KP,0.140,KI,0.320,KD,0.002,STEP,60.0,MAXRPM,12.0,FFG,0.032,FFMAX,4.0,ILIM,12.0,LISCALE,0.15
[19:25:08] TUNE,X,RESULT,MODE,PID,KP,0.140,KI,0.320,KD,0.002,SCORE,242.872
[19:25:08] TUNE,X,RECENTER
[19:25:08] TUNE,X,RECENTERED,ERROR,2
[19:25:08] TUNE,X,PID_TEST,KP,0.140,KI,0.320,KD,0.004,STEP,60.0,MAXRPM,12.0,FFG,0.032,FFMAX,4.0,ILIM,12.0,LISCALE,0.15
[19:25:16] TUNE,X,RESULT,MODE,PID,KP,0.140,KI,0.320,KD,0.004,SCORE,213.442
[19:25:16] TUNE,X,CHAMPIONSHIP_POLISH_FINAL,COUNT,4,REPEATS,2
[19:25:16] TUNE,X,RECENTER
[19:25:16] TUNE,X,RECENTERED,ERROR,3
[19:25:16] TUNE,X,PID_TEST,KP,0.140,KI,0.335,KD,0.003,STEP,60.0,MAXRPM,12.0,FFG,0.032,FFMAX,4.0,ILIM,12.0,LISCALE,0.15
[19:25:23] TUNE,X,RESULT,MODE,PID,KP,0.140,KI,0.335,KD,0.003,SCORE,207.649
[19:25:23] TUNE,X,RECENTER
[19:25:24] TUNE,X,RECENTERED,ERROR,2
[19:25:24] TUNE,X,PID_TEST,KP,0.140,KI,0.320,KD,0.004,STEP,60.0,MAXRPM,12.0,FFG,0.032,FFMAX,4.0,ILIM,12.0,LISCALE,0.15
[19:25:31] TUNE,X,RESULT,MODE,PID,KP,0.140,KI,0.320,KD,0.004,SCORE,241.918
[19:25:31] TUNE,X,RECENTER
[19:25:31] TUNE,X,RECENTERED,ERROR,4
[19:25:31] TUNE,X,PID_TEST,KP,0.135,KI,0.320,KD,0.003,STEP,60.0,MAXRPM,12.0,FFG,0.032,FFMAX,4.0,ILIM,12.0,LISCALE,0.15
[19:25:39] TUNE,X,RESULT,MODE,PID,KP,0.135,KI,0.320,KD,0.003,SCORE,246.545
[19:25:39] TUNE,X,RECENTER
[19:25:39] TUNE,X,RECENTERED,ERROR,1
[19:25:39] TUNE,X,PID_TEST,KP,0.140,KI,0.290,KD,0.003,STEP,60.0,MAXRPM,12.0,FFG,0.032,FFMAX,4.0,ILIM,12.0,LISCALE,0.15
[19:25:46] TUNE,X,RESULT,MODE,PID,KP,0.140,KI,0.290,KD,0.003,SCORE,245.761
[19:25:46] TUNE,X,RECENTER
[19:25:46] TUNE,X,RECENTERED,ERROR,-2
[19:25:46] TUNE,X,COMPLETE,KP,0.140,KI,0.335,KD,0.003,SCORE,208.698,TESTS,2
[19:25:47] TUNE,Y,BEGIN,MODE,PID_CHAMPIONSHIP
[19:25:47] TUNE,Y,CALIBRATE,PROBE
[19:25:48] TUNE,Y,POLARITY,1,DELTA,30,KICK_DEG,10.8
[19:25:48] TUNE,Y,RECENTER
[19:25:49] TUNE,Y,RECENTERED,ERROR,1
[19:25:49] TUNE,Y,SAFE_LIMIT,STEP,36.0,MAXRPM,8.0
[19:25:49] TUNE,Y,CHAMPIONSHIP_COARSE,COUNT,30
[19:25:49] TUNE,Y,RECENTER
[19:25:49] TUNE,Y,RECENTERED,ERROR,0
[19:25:49] TUNE,Y,PID_TEST,KP,0.100,KI,0.080,KD,0.003,STEP,36.0,MAXRPM,8.0,FFG,0.032,FFMAX,4.0,ILIM,12.0,LISCALE,0.15
[19:25:56] TUNE,Y,RESULT,MODE,PID,KP,0.100,KI,0.080,KD,0.003,SCORE,266.850
[19:25:56] TUNE,Y,RECENTER
[19:25:57] TUNE,Y,RECENTERED,ERROR,-2
[19:25:57] TUNE,Y,PID_TEST,KP,0.100,KI,0.080,KD,0.010,STEP,36.0,MAXRPM,8.0,FFG,0.032,FFMAX,4.0,ILIM,12.0,LISCALE,0.15
[19:26:04] TUNE,Y,RESULT,MODE,PID,KP,0.100,KI,0.080,KD,0.010,SCORE,298.562
[19:26:04] TUNE,Y,RECENTER
[19:26:04] TUNE,Y,RECENTERED,ERROR,3
[19:26:04] TUNE,Y,PID_TEST,KP,0.100,KI,0.200,KD,0.003,STEP,36.0,MAXRPM,8.0,FFG,0.032,FFMAX,4.0,ILIM,12.0,LISCALE,0.15
[19:26:12] TUNE,Y,RESULT,MODE,PID,KP,0.100,KI,0.200,KD,0.003,SCORE,232.045
[19:26:12] TUNE,Y,RECENTER
[19:26:12] TUNE,Y,RECENTERED,ERROR,1
[19:26:12] TUNE,Y,PID_TEST,KP,0.100,KI,0.200,KD,0.010,STEP,36.0,MAXRPM,8.0,FFG,0.032,FFMAX,4.0,ILIM,12.0,LISCALE,0.15
[19:26:19] TUNE,Y,RESULT,MODE,PID,KP,0.100,KI,0.200,KD,0.010,SCORE,225.556
[19:26:19] TUNE,Y,RECENTER
[19:26:19] TUNE,Y,RECENTERED,ERROR,-3
[19:26:19] TUNE,Y,PID_TEST,KP,0.100,KI,0.320,KD,0.003,STEP,36.0,MAXRPM,8.0,FFG,0.032,FFMAX,4.0,ILIM,12.0,LISCALE,0.15
[19:26:27] TUNE,Y,RESULT,MODE,PID,KP,0.100,KI,0.320,KD,0.003,SCORE,190.959
[19:26:27] TUNE,Y,RECENTER
[19:26:27] TUNE,Y,RECENTERED,ERROR,-1
[19:26:27] TUNE,Y,PID_TEST,KP,0.100,KI,0.320,KD,0.010,STEP,36.0,MAXRPM,8.0,FFG,0.032,FFMAX,4.0,ILIM,12.0,LISCALE,0.15
[19:26:34] TUNE,Y,RESULT,MODE,PID,KP,0.100,KI,0.320,KD,0.010,SCORE,224.095
[19:26:34] TUNE,Y,RECENTER
[19:26:34] TUNE,Y,RECENTERED,ERROR,-3
[19:26:34] TUNE,Y,PID_TEST,KP,0.160,KI,0.080,KD,0.003,STEP,36.0,MAXRPM,8.0,FFG,0.032,FFMAX,4.0,ILIM,12.0,LISCALE,0.15
[19:26:42] TUNE,Y,RESULT,MODE,PID,KP,0.160,KI,0.080,KD,0.003,SCORE,242.609
[19:26:42] TUNE,Y,RECENTER
[19:26:42] TUNE,Y,RECENTERED,ERROR,0
[19:26:42] TUNE,Y,PID_TEST,KP,0.160,KI,0.080,KD,0.010,STEP,36.0,MAXRPM,8.0,FFG,0.032,FFMAX,4.0,ILIM,12.0,LISCALE,0.15
[19:26:50] TUNE,Y,RESULT,MODE,PID,KP,0.160,KI,0.080,KD,0.010,SCORE,281.712
[19:26:50] TUNE,Y,RECENTER
[19:26:50] TUNE,Y,RECENTERED,ERROR,-1
[19:26:50] TUNE,Y,PID_TEST,KP,0.160,KI,0.200,KD,0.003,STEP,36.0,MAXRPM,8.0,FFG,0.032,FFMAX,4.0,ILIM,12.0,LISCALE,0.15
[19:26:57] TUNE,Y,RESULT,MODE,PID,KP,0.160,KI,0.200,KD,0.003,SCORE,263.615
[19:26:57] TUNE,Y,RECENTER
[19:26:57] TUNE,Y,RECENTERED,ERROR,-1
[19:26:58] TUNE,Y,PID_TEST,KP,0.160,KI,0.200,KD,0.010,STEP,36.0,MAXRPM,8.0,FFG,0.032,FFMAX,4.0,ILIM,12.0,LISCALE,0.15
[19:27:05] TUNE,Y,RESULT,MODE,PID,KP,0.160,KI,0.200,KD,0.010,SCORE,271.946
[19:27:05] TUNE,Y,RECENTER
[19:27:05] TUNE,Y,RECENTERED,ERROR,2
[19:27:05] TUNE,Y,PID_TEST,KP,0.160,KI,0.320,KD,0.003,STEP,36.0,MAXRPM,8.0,FFG,0.032,FFMAX,4.0,ILIM,12.0,LISCALE,0.15
[19:27:13] TUNE,Y,RESULT,MODE,PID,KP,0.160,KI,0.320,KD,0.003,SCORE,277.268
[19:27:13] TUNE,Y,RECENTER
[19:27:13] TUNE,Y,RECENTERED,ERROR,-3
[19:27:13] TUNE,Y,PID_TEST,KP,0.160,KI,0.320,KD,0.010,STEP,36.0,MAXRPM,8.0,FFG,0.032,FFMAX,4.0,ILIM,12.0,LISCALE,0.15
[19:27:20] TUNE,Y,RESULT,MODE,PID,KP,0.160,KI,0.320,KD,0.010,SCORE,305.783
[19:27:20] TUNE,Y,RECENTER
[19:27:20] TUNE,Y,RECENTERED,ERROR,0
[19:27:20] TUNE,Y,PID_TEST,KP,0.220,KI,0.080,KD,0.003,STEP,36.0,MAXRPM,8.0,FFG,0.032,FFMAX,4.0,ILIM,12.0,LISCALE,0.15
[19:27:28] TUNE,Y,RESULT,MODE,PID,KP,0.220,KI,0.080,KD,0.003,SCORE,313.678
[19:27:28] TUNE,Y,RECENTER
[19:27:28] TUNE,Y,RECENTERED,ERROR,2
[19:27:28] TUNE,Y,PID_TEST,KP,0.220,KI,0.080,KD,0.010,STEP,36.0,MAXRPM,8.0,FFG,0.032,FFMAX,4.0,ILIM,12.0,LISCALE,0.15
[19:27:35] TUNE,Y,RESULT,MODE,PID,KP,0.220,KI,0.080,KD,0.010,SCORE,378.417
[19:27:36] TUNE,Y,RECENTER
[19:27:36] TUNE,Y,RECENTERED,ERROR,1
[19:27:36] TUNE,Y,PID_TEST,KP,0.220,KI,0.200,KD,0.003,STEP,36.0,MAXRPM,8.0,FFG,0.032,FFMAX,4.0,ILIM,12.0,LISCALE,0.15
[19:27:43] TUNE,Y,RESULT,MODE,PID,KP,0.220,KI,0.200,KD,0.003,SCORE,353.343
[19:27:43] TUNE,Y,RECENTER
[19:27:43] TUNE,Y,RECENTERED,ERROR,-2
[19:27:43] TUNE,Y,PID_TEST,KP,0.220,KI,0.200,KD,0.010,STEP,36.0,MAXRPM,8.0,FFG,0.032,FFMAX,4.0,ILIM,12.0,LISCALE,0.15
[19:27:51] TUNE,Y,RESULT,MODE,PID,KP,0.220,KI,0.200,KD,0.010,SCORE,424.719
[19:27:51] TUNE,Y,RECENTER
[19:27:51] TUNE,Y,RECENTERED,ERROR,3
[19:27:51] TUNE,Y,PID_TEST,KP,0.220,KI,0.320,KD,0.003,STEP,36.0,MAXRPM,8.0,FFG,0.032,FFMAX,4.0,ILIM,12.0,LISCALE,0.15
[19:27:59] TUNE,Y,RESULT,MODE,PID,KP,0.220,KI,0.320,KD,0.003,SCORE,367.301
[19:27:59] TUNE,Y,RECENTER
[19:27:59] TUNE,Y,RECENTERED,ERROR,3
[19:27:59] TUNE,Y,PID_TEST,KP,0.220,KI,0.320,KD,0.010,STEP,36.0,MAXRPM,8.0,FFG,0.032,FFMAX,4.0,ILIM,12.0,LISCALE,0.15
[19:27:59] TUNE,Y,RESULT,MODE,PID,KP,0.220,KI,0.320,KD,0.010,SCORE,750000.000,FAIL,EDGE_LIMIT
[19:27:59] TUNE,Y,RECENTER
[19:28:00] TUNE,Y,RECENTERED,ERROR,-1
[19:28:00] TUNE,Y,PID_TEST,KP,0.280,KI,0.080,KD,0.003,STEP,36.0,MAXRPM,8.0,FFG,0.032,FFMAX,4.0,ILIM,12.0,LISCALE,0.15
[19:28:08] TUNE,Y,RESULT,MODE,PID,KP,0.280,KI,0.080,KD,0.003,SCORE,370.723
[19:28:08] TUNE,Y,RECENTER
[19:28:08] TUNE,Y,RECENTERED,ERROR,3
[19:28:08] TUNE,Y,PID_TEST,KP,0.280,KI,0.080,KD,0.010,STEP,36.0,MAXRPM,8.0,FFG,0.032,FFMAX,4.0,ILIM,12.0,LISCALE,0.15
[19:28:16] TUNE,Y,RESULT,MODE,PID,KP,0.280,KI,0.080,KD,0.010,SCORE,459.291
[19:28:16] TUNE,Y,RECENTER
[19:28:16] TUNE,Y,RECENTERED,ERROR,-2
[19:28:16] TUNE,Y,PID_TEST,KP,0.280,KI,0.200,KD,0.003,STEP,36.0,MAXRPM,8.0,FFG,0.032,FFMAX,4.0,ILIM,12.0,LISCALE,0.15
[19:28:23] TUNE,Y,RESULT,MODE,PID,KP,0.280,KI,0.200,KD,0.003,SCORE,405.496
[19:28:23] TUNE,Y,RECENTER
[19:28:24] TUNE,Y,RECENTERED,ERROR,1
[19:28:24] TUNE,Y,PID_TEST,KP,0.280,KI,0.200,KD,0.010,STEP,36.0,MAXRPM,8.0,FFG,0.032,FFMAX,4.0,ILIM,12.0,LISCALE,0.15
[19:28:31] TUNE,Y,RESULT,MODE,PID,KP,0.280,KI,0.200,KD,0.010,SCORE,403.865
[19:28:31] TUNE,Y,RECENTER
[19:28:31] TUNE,Y,RECENTERED,ERROR,3
[19:28:31] TUNE,Y,PID_TEST,KP,0.280,KI,0.320,KD,0.003,STEP,36.0,MAXRPM,8.0,FFG,0.032,FFMAX,4.0,ILIM,12.0,LISCALE,0.15
[19:28:32] TUNE,Y,RESULT,MODE,PID,KP,0.280,KI,0.320,KD,0.003,SCORE,750000.000,FAIL,EDGE_LIMIT
[19:28:33] TUNE,Y,RECENTER
[19:28:33] TUNE,Y,RECENTERED,ERROR,2
[19:28:33] TUNE,Y,PID_TEST,KP,0.280,KI,0.320,KD,0.010,STEP,36.0,MAXRPM,8.0,FFG,0.032,FFMAX,4.0,ILIM,12.0,LISCALE,0.15
[19:28:41] TUNE,Y,RESULT,MODE,PID,KP,0.280,KI,0.320,KD,0.010,SCORE,484.463
[19:28:41] TUNE,Y,RECENTER
[19:28:41] TUNE,Y,RECENTERED,ERROR,2
[19:28:41] TUNE,Y,PID_TEST,KP,0.340,KI,0.080,KD,0.003,STEP,36.0,MAXRPM,8.0,FFG,0.032,FFMAX,4.0,ILIM,12.0,LISCALE,0.15
[19:28:46] TUNE,Y,RESULT,MODE,PID,KP,0.340,KI,0.080,KD,0.003,SCORE,750000.000,FAIL,EDGE_LIMIT
[19:28:46] TUNE,Y,RECENTER
[19:28:47] 951752,1,236,171,-4,11,29162,0.00,-1.17,19
[19:28:47] TUNE,Y,RECENTERED,ERROR,3
[19:28:47] TUNE,Y,PID_TEST,KP,0.340,KI,0.080,KD,0.010,STEP,36.0,MAXRPM,8.0,FFG,0.032,FFMAX,4.0,ILIM,12.0,LISCALE,0.15
[19:28:55] TUNE,Y,RESULT,MODE,PID,KP,0.340,KI,0.080,KD,0.010,SCORE,538.280
[19:28:55] TUNE,Y,RECENTER
[19:28:55] TUNE,Y,RECENTERED,ERROR,1
[19:28:55] TUNE,Y,PID_TEST,KP,0.340,KI,0.200,KD,0.003,STEP,36.0,MAXRPM,8.0,FFG,0.032,FFMAX,4.0,ILIM,12.0,LISCALE,0.15
[19:29:03] TUNE,Y,RESULT,MODE,PID,KP,0.340,KI,0.200,KD,0.003,SCORE,675.407
[19:29:03] TUNE,Y,RECENTER
[19:29:03] TUNE,Y,RECENTERED,ERROR,3
[19:29:03] TUNE,Y,PID_TEST,KP,0.340,KI,0.200,KD,0.010,STEP,36.0,MAXRPM,8.0,FFG,0.032,FFMAX,4.0,ILIM,12.0,LISCALE,0.15
[19:29:11] TUNE,Y,RESULT,MODE,PID,KP,0.340,KI,0.200,KD,0.010,SCORE,721.128
[19:29:11] TUNE,Y,RECENTER
[19:29:11] TUNE,Y,RECENTERED,ERROR,-4
[19:29:11] TUNE,Y,PID_TEST,KP,0.340,KI,0.320,KD,0.003,STEP,36.0,MAXRPM,8.0,FFG,0.032,FFMAX,4.0,ILIM,12.0,LISCALE,0.15
[19:29:18] TUNE,Y,RESULT,MODE,PID,KP,0.340,KI,0.320,KD,0.003,SCORE,644.088
[19:29:18] TUNE,Y,RECENTER
[19:29:19] TUNE,Y,RECENTERED,ERROR,-4
[19:29:19] TUNE,Y,PID_TEST,KP,0.340,KI,0.320,KD,0.010,STEP,36.0,MAXRPM,8.0,FFG,0.032,FFMAX,4.0,ILIM,12.0,LISCALE,0.15
[19:29:26] TUNE,Y,RESULT,MODE,PID,KP,0.340,KI,0.320,KD,0.010,SCORE,640.961
[19:29:26] TUNE,Y,CHAMPIONSHIP_QUARTERFINAL,COUNT,8
[19:29:26] TUNE,Y,RECENTER
[19:29:26] TUNE,Y,RECENTERED,ERROR,-4
[19:29:26] TUNE,Y,PID_TEST,KP,0.100,KI,0.320,KD,0.003,STEP,36.0,MAXRPM,8.0,FFG,0.032,FFMAX,4.0,ILIM,12.0,LISCALE,0.15
[19:29:34] TUNE,Y,RESULT,MODE,PID,KP,0.100,KI,0.320,KD,0.003,SCORE,213.023
[19:29:34] TUNE,Y,RECENTER
[19:29:34] TUNE,Y,RECENTERED,ERROR,-3
[19:29:34] TUNE,Y,PID_TEST,KP,0.100,KI,0.320,KD,0.010,STEP,36.0,MAXRPM,8.0,FFG,0.032,FFMAX,4.0,ILIM,12.0,LISCALE,0.15
[19:29:41] TUNE,Y,RESULT,MODE,PID,KP,0.100,KI,0.320,KD,0.010,SCORE,280.597
[19:29:41] TUNE,Y,RECENTER
[19:29:42] TUNE,Y,RECENTERED,ERROR,3
[19:29:42] TUNE,Y,PID_TEST,KP,0.100,KI,0.200,KD,0.010,STEP,36.0,MAXRPM,8.0,FFG,0.032,FFMAX,4.0,ILIM,12.0,LISCALE,0.15
[19:29:49] TUNE,Y,RESULT,MODE,PID,KP,0.100,KI,0.200,KD,0.010,SCORE,250.811
[19:29:49] TUNE,Y,RECENTER
[19:29:49] TUNE,Y,RECENTERED,ERROR,-2
[19:29:49] TUNE,Y,PID_TEST,KP,0.100,KI,0.200,KD,0.003,STEP,36.0,MAXRPM,8.0,FFG,0.032,FFMAX,4.0,ILIM,12.0,LISCALE,0.15
[19:29:57] TUNE,Y,RESULT,MODE,PID,KP,0.100,KI,0.200,KD,0.003,SCORE,197.684
[19:29:57] TUNE,Y,RECENTER
[19:29:57] TUNE,Y,RECENTERED,ERROR,3
[19:29:57] TUNE,Y,PID_TEST,KP,0.160,KI,0.080,KD,0.003,STEP,36.0,MAXRPM,8.0,FFG,0.032,FFMAX,4.0,ILIM,12.0,LISCALE,0.15
[19:30:04] TUNE,Y,RESULT,MODE,PID,KP,0.160,KI,0.080,KD,0.003,SCORE,232.559
[19:30:04] TUNE,Y,RECENTER
[19:30:04] TUNE,Y,RECENTERED,ERROR,0
[19:30:04] TUNE,Y,PID_TEST,KP,0.160,KI,0.200,KD,0.003,STEP,36.0,MAXRPM,8.0,FFG,0.032,FFMAX,4.0,ILIM,12.0,LISCALE,0.15
[19:30:12] TUNE,Y,RESULT,MODE,PID,KP,0.160,KI,0.200,KD,0.003,SCORE,243.658
[19:30:12] TUNE,Y,RECENTER
[19:30:12] TUNE,Y,RECENTERED,ERROR,-1
[19:30:12] TUNE,Y,PID_TEST,KP,0.100,KI,0.080,KD,0.003,STEP,36.0,MAXRPM,8.0,FFG,0.032,FFMAX,4.0,ILIM,12.0,LISCALE,0.15
[19:30:19] TUNE,Y,RESULT,MODE,PID,KP,0.100,KI,0.080,KD,0.003,SCORE,205.526
[19:30:19] TUNE,Y,RECENTER
[19:30:20] TUNE,Y,RECENTERED,ERROR,-2
[19:30:20] TUNE,Y,PID_TEST,KP,0.160,KI,0.200,KD,0.010,STEP,36.0,MAXRPM,8.0,FFG,0.032,FFMAX,4.0,ILIM,12.0,LISCALE,0.15
[19:30:27] TUNE,Y,RESULT,MODE,PID,KP,0.160,KI,0.200,KD,0.010,SCORE,302.017
[19:30:27] TUNE,Y,CHAMPIONSHIP_LOCAL,COUNT,17
[19:30:27] TUNE,Y,RECENTER
[19:30:27] TUNE,Y,RECENTERED,ERROR,-3
[19:30:27] TUNE,Y,PID_TEST,KP,0.080,KI,0.320,KD,0.003,STEP,36.0,MAXRPM,8.0,FFG,0.032,FFMAX,4.0,ILIM,12.0,LISCALE,0.15
[19:30:35] TUNE,Y,RESULT,MODE,PID,KP,0.080,KI,0.320,KD,0.003,SCORE,192.708
[19:30:35] TUNE,Y,RECENTER
[19:30:35] TUNE,Y,RECENTERED,ERROR,1
[19:30:35] TUNE,Y,PID_TEST,KP,0.140,KI,0.320,KD,0.003,STEP,36.0,MAXRPM,8.0,FFG,0.032,FFMAX,4.0,ILIM,12.0,LISCALE,0.15
[19:30:42] TUNE,Y,RESULT,MODE,PID,KP,0.140,KI,0.320,KD,0.003,SCORE,228.775
[19:30:42] TUNE,Y,RECENTER
[19:30:42] TUNE,Y,RECENTERED,ERROR,-2
[19:30:42] TUNE,Y,PID_TEST,KP,0.100,KI,0.240,KD,0.003,STEP,36.0,MAXRPM,8.0,FFG,0.032,FFMAX,4.0,ILIM,12.0,LISCALE,0.15
[19:30:50] TUNE,Y,RESULT,MODE,PID,KP,0.100,KI,0.240,KD,0.003,SCORE,193.875
[19:30:50] TUNE,Y,RECENTER
[19:30:50] TUNE,Y,RECENTERED,ERROR,2
[19:30:50] TUNE,Y,PID_TEST,KP,0.100,KI,0.400,KD,0.003,STEP,36.0,MAXRPM,8.0,FFG,0.032,FFMAX,4.0,ILIM,12.0,LISCALE,0.15
[19:30:57] TUNE,Y,RESULT,MODE,PID,KP,0.100,KI,0.400,KD,0.003,SCORE,226.908
[19:30:58] TUNE,Y,RECENTER
[19:30:58] TUNE,Y,RECENTERED,ERROR,3
[19:30:58] TUNE,Y,PID_TEST,KP,0.100,KI,0.320,KD,0.000,STEP,36.0,MAXRPM,8.0,FFG,0.032,FFMAX,4.0,ILIM,12.0,LISCALE,0.15
[19:31:05] TUNE,Y,RESULT,MODE,PID,KP,0.100,KI,0.320,KD,0.000,SCORE,179.512
[19:31:05] TUNE,Y,RECENTER
[19:31:05] TUNE,Y,RECENTERED,ERROR,3
[19:31:05] TUNE,Y,PID_TEST,KP,0.100,KI,0.320,KD,0.007,STEP,36.0,MAXRPM,8.0,FFG,0.032,FFMAX,4.0,ILIM,12.0,LISCALE,0.15
[19:31:13] TUNE,Y,RESULT,MODE,PID,KP,0.100,KI,0.320,KD,0.007,SCORE,228.974
[19:31:13] TUNE,Y,RECENTER
[19:31:13] TUNE,Y,RECENTERED,ERROR,4
[19:31:13] TUNE,Y,PID_TEST,KP,0.080,KI,0.200,KD,0.003,STEP,36.0,MAXRPM,8.0,FFG,0.032,FFMAX,4.0,ILIM,12.0,LISCALE,0.15
[19:31:20] TUNE,Y,RESULT,MODE,PID,KP,0.080,KI,0.200,KD,0.003,SCORE,198.042
[19:31:20] TUNE,Y,RECENTER
[19:31:20] TUNE,Y,RECENTERED,ERROR,-1
[19:31:20] TUNE,Y,PID_TEST,KP,0.140,KI,0.200,KD,0.003,STEP,36.0,MAXRPM,8.0,FFG,0.032,FFMAX,4.0,ILIM,12.0,LISCALE,0.15
[19:31:28] TUNE,Y,RESULT,MODE,PID,KP,0.140,KI,0.200,KD,0.003,SCORE,215.917
[19:31:28] TUNE,Y,RECENTER
[19:31:28] TUNE,Y,RECENTERED,ERROR,3
[19:31:28] TUNE,Y,PID_TEST,KP,0.100,KI,0.120,KD,0.003,STEP,36.0,MAXRPM,8.0,FFG,0.032,FFMAX,4.0,ILIM,12.0,LISCALE,0.15
[19:31:35] TUNE,Y,RESULT,MODE,PID,KP,0.100,KI,0.120,KD,0.003,SCORE,209.833
[19:31:35] TUNE,Y,RECENTER
[19:31:36] TUNE,Y,RECENTERED,ERROR,-1
[19:31:36] TUNE,Y,PID_TEST,KP,0.100,KI,0.280,KD,0.003,STEP,36.0,MAXRPM,8.0,FFG,0.032,FFMAX,4.0,ILIM,12.0,LISCALE,0.15
[19:31:43] TUNE,Y,RESULT,MODE,PID,KP,0.100,KI,0.280,KD,0.003,SCORE,221.966
[19:31:43] TUNE,Y,RECENTER
[19:31:43] TUNE,Y,RECENTERED,ERROR,-1
[19:31:43] TUNE,Y,PID_TEST,KP,0.100,KI,0.200,KD,0.000,STEP,36.0,MAXRPM,8.0,FFG,0.032,FFMAX,4.0,ILIM,12.0,LISCALE,0.15
[19:31:51] TUNE,Y,RESULT,MODE,PID,KP,0.100,KI,0.200,KD,0.000,SCORE,192.109
[19:31:51] TUNE,Y,RECENTER
[19:31:51] TUNE,Y,RECENTERED,ERROR,1
[19:31:51] TUNE,Y,PID_TEST,KP,0.100,KI,0.200,KD,0.007,STEP,36.0,MAXRPM,8.0,FFG,0.032,FFMAX,4.0,ILIM,12.0,LISCALE,0.15
[19:31:58] TUNE,Y,RESULT,MODE,PID,KP,0.100,KI,0.200,KD,0.007,SCORE,188.382
[19:31:58] TUNE,Y,RECENTER
[19:31:59] TUNE,Y,RECENTERED,ERROR,-2
[19:31:59] TUNE,Y,PID_TEST,KP,0.120,KI,0.080,KD,0.003,STEP,36.0,MAXRPM,8.0,FFG,0.032,FFMAX,4.0,ILIM,12.0,LISCALE,0.15
[19:32:06] TUNE,Y,RESULT,MODE,PID,KP,0.120,KI,0.080,KD,0.003,SCORE,219.437
[19:32:06] TUNE,Y,RECENTER
[19:32:06] TUNE,Y,RECENTERED,ERROR,-1
[19:32:06] TUNE,Y,PID_TEST,KP,0.200,KI,0.080,KD,0.003,STEP,36.0,MAXRPM,8.0,FFG,0.032,FFMAX,4.0,ILIM,12.0,LISCALE,0.15
[19:32:14] TUNE,Y,RESULT,MODE,PID,KP,0.200,KI,0.080,KD,0.003,SCORE,307.746
[19:32:14] TUNE,Y,RECENTER
[19:32:14] TUNE,Y,RECENTERED,ERROR,-1
[19:32:14] TUNE,Y,PID_TEST,KP,0.160,KI,0.160,KD,0.003,STEP,36.0,MAXRPM,8.0,FFG,0.032,FFMAX,4.0,ILIM,12.0,LISCALE,0.15
[19:32:21] TUNE,Y,RESULT,MODE,PID,KP,0.160,KI,0.160,KD,0.003,SCORE,249.680
[19:32:21] TUNE,Y,RECENTER
[19:32:21] TUNE,Y,RECENTERED,ERROR,-1
[19:32:21] TUNE,Y,PID_TEST,KP,0.160,KI,0.080,KD,0.000,STEP,36.0,MAXRPM,8.0,FFG,0.032,FFMAX,4.0,ILIM,12.0,LISCALE,0.15
[19:32:29] TUNE,Y,RESULT,MODE,PID,KP,0.160,KI,0.080,KD,0.000,SCORE,239.895
[19:32:29] TUNE,Y,RECENTER
[19:32:29] TUNE,Y,RECENTERED,ERROR,1
[19:32:29] TUNE,Y,PID_TEST,KP,0.160,KI,0.080,KD,0.007,STEP,36.0,MAXRPM,8.0,FFG,0.032,FFMAX,4.0,ILIM,12.0,LISCALE,0.15
[19:32:36] TUNE,Y,RESULT,MODE,PID,KP,0.160,KI,0.080,KD,0.007,SCORE,253.601
[19:32:36] TUNE,Y,CHAMPIONSHIP_SEMIFINAL,COUNT,6
[19:32:36] TUNE,Y,RECENTER
[19:32:37] TUNE,Y,RECENTERED,ERROR,-1
[19:32:37] TUNE,Y,PID_TEST,KP,0.100,KI,0.320,KD,0.000,STEP,36.0,MAXRPM,8.0,FFG,0.032,FFMAX,4.0,ILIM,12.0,LISCALE,0.15
[19:32:44] TUNE,Y,RESULT,MODE,PID,KP,0.100,KI,0.320,KD,0.000,SCORE,182.934
[19:32:44] TUNE,Y,RECENTER
[19:32:44] TUNE,Y,RECENTERED,ERROR,-1
[19:32:44] TUNE,Y,PID_TEST,KP,0.100,KI,0.200,KD,0.007,STEP,36.0,MAXRPM,8.0,FFG,0.032,FFMAX,4.0,ILIM,12.0,LISCALE,0.15
[19:32:52] TUNE,Y,RESULT,MODE,PID,KP,0.100,KI,0.200,KD,0.007,SCORE,197.670
[19:32:52] TUNE,Y,RECENTER
[19:32:52] TUNE,Y,RECENTERED,ERROR,-4
[19:32:52] TUNE,Y,PID_TEST,KP,0.100,KI,0.200,KD,0.000,STEP,36.0,MAXRPM,8.0,FFG,0.032,FFMAX,4.0,ILIM,12.0,LISCALE,0.15
[19:32:59] TUNE,Y,RESULT,MODE,PID,KP,0.100,KI,0.200,KD,0.000,SCORE,222.176
[19:32:59] TUNE,Y,RECENTER
[19:32:59] TUNE,Y,RECENTERED,ERROR,-2
[19:33:00] TUNE,Y,PID_TEST,KP,0.080,KI,0.320,KD,0.003,STEP,36.0,MAXRPM,8.0,FFG,0.032,FFMAX,4.0,ILIM,12.0,LISCALE,0.15
[19:33:07] TUNE,Y,RESULT,MODE,PID,KP,0.080,KI,0.320,KD,0.003,SCORE,205.698
[19:33:07] TUNE,Y,RECENTER
[19:33:07] TUNE,Y,RECENTERED,ERROR,1
[19:33:07] TUNE,Y,PID_TEST,KP,0.100,KI,0.240,KD,0.003,STEP,36.0,MAXRPM,8.0,FFG,0.032,FFMAX,4.0,ILIM,12.0,LISCALE,0.15
[19:33:15] TUNE,Y,RESULT,MODE,PID,KP,0.100,KI,0.240,KD,0.003,SCORE,201.335
[19:33:15] TUNE,Y,RECENTER
[19:33:15] TUNE,Y,RECENTERED,ERROR,0
[19:33:15] TUNE,Y,PID_TEST,KP,0.080,KI,0.200,KD,0.003,STEP,36.0,MAXRPM,8.0,FFG,0.032,FFMAX,4.0,ILIM,12.0,LISCALE,0.15
[19:33:22] TUNE,Y,RESULT,MODE,PID,KP,0.080,KI,0.200,KD,0.003,SCORE,192.540
[19:33:22] TUNE,Y,CHAMPIONSHIP_FINE,COUNT,11
[19:33:22] TUNE,Y,RECENTER
[19:33:22] TUNE,Y,RECENTERED,ERROR,-3
[19:33:22] TUNE,Y,PID_TEST,KP,0.085,KI,0.320,KD,0.000,STEP,36.0,MAXRPM,8.0,FFG,0.032,FFMAX,4.0,ILIM,12.0,LISCALE,0.15
[19:33:30] TUNE,Y,RESULT,MODE,PID,KP,0.085,KI,0.320,KD,0.000,SCORE,216.215
[19:33:30] TUNE,Y,RECENTER
[19:33:30] TUNE,Y,RECENTERED,ERROR,3
[19:33:30] TUNE,Y,PID_TEST,KP,0.115,KI,0.320,KD,0.000,STEP,36.0,MAXRPM,8.0,FFG,0.032,FFMAX,4.0,ILIM,12.0,LISCALE,0.15
[19:33:37] TUNE,Y,RESULT,MODE,PID,KP,0.115,KI,0.320,KD,0.000,SCORE,184.074
[19:33:38] TUNE,Y,RECENTER
[19:33:38] TUNE,Y,RECENTERED,ERROR,1
[19:33:38] TUNE,Y,PID_TEST,KP,0.100,KI,0.285,KD,0.000,STEP,36.0,MAXRPM,8.0,FFG,0.032,FFMAX,4.0,ILIM,12.0,LISCALE,0.15
[19:33:45] TUNE,Y,RESULT,MODE,PID,KP,0.100,KI,0.285,KD,0.000,SCORE,246.473
[19:33:45] TUNE,Y,RECENTER
[19:33:45] TUNE,Y,RECENTERED,ERROR,1
[19:33:45] TUNE,Y,PID_TEST,KP,0.100,KI,0.355,KD,0.000,STEP,36.0,MAXRPM,8.0,FFG,0.032,FFMAX,4.0,ILIM,12.0,LISCALE,0.15
[19:33:53] TUNE,Y,RESULT,MODE,PID,KP,0.100,KI,0.355,KD,0.000,SCORE,186.147
[19:33:53] TUNE,Y,RECENTER
[19:33:53] TUNE,Y,RECENTERED,ERROR,3
[19:33:53] TUNE,Y,PID_TEST,KP,0.100,KI,0.320,KD,0.002,STEP,36.0,MAXRPM,8.0,FFG,0.032,FFMAX,4.0,ILIM,12.0,LISCALE,0.15
[19:34:00] TUNE,Y,RESULT,MODE,PID,KP,0.100,KI,0.320,KD,0.002,SCORE,186.451
[19:34:00] TUNE,Y,RECENTER
[19:34:00] TUNE,Y,RECENTERED,ERROR,-2
[19:34:00] TUNE,Y,PID_TEST,KP,0.085,KI,0.200,KD,0.007,STEP,36.0,MAXRPM,8.0,FFG,0.032,FFMAX,4.0,ILIM,12.0,LISCALE,0.15
[19:34:08] TUNE,Y,RESULT,MODE,PID,KP,0.085,KI,0.200,KD,0.007,SCORE,227.967
[19:34:08] TUNE,Y,RECENTER
[19:34:08] TUNE,Y,RECENTERED,ERROR,2
[19:34:08] TUNE,Y,PID_TEST,KP,0.115,KI,0.200,KD,0.007,STEP,36.0,MAXRPM,8.0,FFG,0.032,FFMAX,4.0,ILIM,12.0,LISCALE,0.15
[19:34:16] TUNE,Y,RESULT,MODE,PID,KP,0.115,KI,0.200,KD,0.007,SCORE,231.120
[19:34:16] TUNE,Y,RECENTER
[19:34:16] TUNE,Y,RECENTERED,ERROR,3
[19:34:16] TUNE,Y,PID_TEST,KP,0.100,KI,0.165,KD,0.007,STEP,36.0,MAXRPM,8.0,FFG,0.032,FFMAX,4.0,ILIM,12.0,LISCALE,0.15
[19:34:23] TUNE,Y,RESULT,MODE,PID,KP,0.100,KI,0.165,KD,0.007,SCORE,225.268
[19:34:23] TUNE,Y,RECENTER
[19:34:23] TUNE,Y,RECENTERED,ERROR,-2
[19:34:23] TUNE,Y,PID_TEST,KP,0.100,KI,0.235,KD,0.007,STEP,36.0,MAXRPM,8.0,FFG,0.032,FFMAX,4.0,ILIM,12.0,LISCALE,0.15
[19:34:31] TUNE,Y,RESULT,MODE,PID,KP,0.100,KI,0.235,KD,0.007,SCORE,236.053
[19:34:31] TUNE,Y,RECENTER
[19:34:31] TUNE,Y,RECENTERED,ERROR,0
[19:34:31] TUNE,Y,PID_TEST,KP,0.100,KI,0.200,KD,0.006,STEP,36.0,MAXRPM,8.0,FFG,0.032,FFMAX,4.0,ILIM,12.0,LISCALE,0.15
[19:34:38] TUNE,Y,RESULT,MODE,PID,KP,0.100,KI,0.200,KD,0.006,SCORE,209.963
[19:34:38] TUNE,Y,RECENTER
[19:34:38] TUNE,Y,RECENTERED,ERROR,-1
[19:34:39] TUNE,Y,PID_TEST,KP,0.100,KI,0.200,KD,0.009,STEP,36.0,MAXRPM,8.0,FFG,0.032,FFMAX,4.0,ILIM,12.0,LISCALE,0.15
[19:34:46] TUNE,Y,RESULT,MODE,PID,KP,0.100,KI,0.200,KD,0.009,SCORE,206.711
[19:34:46] TUNE,Y,CHAMPIONSHIP_FINAL,COUNT,4,REPEATS,3
[19:34:46] TUNE,Y,RECENTER
[19:34:46] TUNE,Y,RECENTERED,ERROR,-2
[19:34:46] TUNE,Y,PID_TEST,KP,0.100,KI,0.320,KD,0.000,STEP,36.0,MAXRPM,8.0,FFG,0.032,FFMAX,4.0,ILIM,12.0,LISCALE,0.15
[19:34:53] TUNE,Y,RESULT,MODE,PID,KP,0.100,KI,0.320,KD,0.000,SCORE,158.250
[19:34:54] TUNE,Y,RECENTER
[19:34:54] TUNE,Y,RECENTERED,ERROR,-2
[19:34:54] TUNE,Y,PID_TEST,KP,0.115,KI,0.320,KD,0.000,STEP,36.0,MAXRPM,8.0,FFG,0.032,FFMAX,4.0,ILIM,12.0,LISCALE,0.15
[19:35:01] TUNE,Y,RESULT,MODE,PID,KP,0.115,KI,0.320,KD,0.000,SCORE,229.992
[19:35:01] TUNE,Y,RECENTER
[19:35:01] TUNE,Y,RECENTERED,ERROR,2
[19:35:01] TUNE,Y,PID_TEST,KP,0.115,KI,0.320,KD,0.000,STEP,36.0,MAXRPM,8.0,FFG,0.032,FFMAX,4.0,ILIM,12.0,LISCALE,0.15
[19:35:09] TUNE,Y,RESULT,MODE,PID,KP,0.115,KI,0.320,KD,0.000,SCORE,236.632
[19:35:09] TUNE,Y,RECENTER
[19:35:09] TUNE,Y,RECENTERED,ERROR,0
[19:35:09] TUNE,Y,PID_TEST,KP,0.100,KI,0.355,KD,0.000,STEP,36.0,MAXRPM,8.0,FFG,0.032,FFMAX,4.0,ILIM,12.0,LISCALE,0.15
[19:35:16] TUNE,Y,RESULT,MODE,PID,KP,0.100,KI,0.355,KD,0.000,SCORE,208.906
[19:35:16] TUNE,Y,RECENTER
[19:35:17] TUNE,Y,RECENTERED,ERROR,3
[19:35:17] TUNE,Y,PID_TEST,KP,0.100,KI,0.355,KD,0.000,STEP,36.0,MAXRPM,8.0,FFG,0.032,FFMAX,4.0,ILIM,12.0,LISCALE,0.15
[19:35:24] TUNE,Y,RESULT,MODE,PID,KP,0.100,KI,0.355,KD,0.000,SCORE,192.915
[19:35:24] TUNE,Y,RECENTER
[19:35:24] TUNE,Y,RECENTERED,ERROR,1
[19:35:24] TUNE,Y,PID_TEST,KP,0.100,KI,0.320,KD,0.002,STEP,36.0,MAXRPM,8.0,FFG,0.032,FFMAX,4.0,ILIM,12.0,LISCALE,0.15
[19:35:24] 60,0.00,6.02,18
[19:35:32] TUNE,Y,RESULT,MODE,PID,KP,0.100,KI,0.320,KD,0.002,SCORE,178.038
[19:35:32] TUNE,Y,RECENTER
[19:35:32] TUNE,Y,RECENTERED,ERROR,0
[19:35:32] TUNE,Y,PID_TEST,KP,0.100,KI,0.320,KD,0.002,STEP,36.0,MAXRPM,8.0,FFG,0.032,FFMAX,4.0,ILIM,12.0,LISCALE,0.15
[19:35:39] TUNE,Y,RESULT,MODE,PID,KP,0.100,KI,0.320,KD,0.002,SCORE,182.165
[19:35:39] TUNE,Y,CHAMPIONSHIP_POLISH,COUNT,9
[19:35:39] TUNE,Y,RECENTER
[19:35:39] TUNE,Y,RECENTERED,ERROR,-1
[19:35:39] TUNE,Y,PID_TEST,KP,0.090,KI,0.320,KD,0.000,STEP,36.0,MAXRPM,8.0,FFG,0.032,FFMAX,4.0,ILIM,12.0,LISCALE,0.15
[19:35:47] TUNE,Y,RESULT,MODE,PID,KP,0.090,KI,0.320,KD,0.000,SCORE,222.151
[19:35:47] TUNE,Y,RECENTER
[19:35:47] TUNE,Y,RECENTERED,ERROR,2
[19:35:47] TUNE,Y,PID_TEST,KP,0.110,KI,0.320,KD,0.000,STEP,36.0,MAXRPM,8.0,FFG,0.032,FFMAX,4.0,ILIM,12.0,LISCALE,0.15
[19:35:54] TUNE,Y,RESULT,MODE,PID,KP,0.110,KI,0.320,KD,0.000,SCORE,189.820
[19:35:54] TUNE,Y,RECENTER
[19:35:55] TUNE,Y,RECENTERED,ERROR,-3
[19:35:55] TUNE,Y,PID_TEST,KP,0.095,KI,0.320,KD,0.000,STEP,36.0,MAXRPM,8.0,FFG,0.032,FFMAX,4.0,ILIM,12.0,LISCALE,0.15
[19:36:02] TUNE,Y,RESULT,MODE,PID,KP,0.095,KI,0.320,KD,0.000,SCORE,190.409
[19:36:02] TUNE,Y,RECENTER
[19:36:02] TUNE,Y,RECENTERED,ERROR,3
[19:36:02] TUNE,Y,PID_TEST,KP,0.105,KI,0.320,KD,0.000,STEP,36.0,MAXRPM,8.0,FFG,0.032,FFMAX,4.0,ILIM,12.0,LISCALE,0.15
[19:36:10] TUNE,Y,RESULT,MODE,PID,KP,0.105,KI,0.320,KD,0.000,SCORE,225.915
[19:36:10] TUNE,Y,RECENTER
[19:36:10] TUNE,Y,RECENTERED,ERROR,1
[19:36:10] TUNE,Y,PID_TEST,KP,0.100,KI,0.290,KD,0.000,STEP,36.0,MAXRPM,8.0,FFG,0.032,FFMAX,4.0,ILIM,12.0,LISCALE,0.15
[19:36:17] TUNE,Y,RESULT,MODE,PID,KP,0.100,KI,0.290,KD,0.000,SCORE,208.530
[19:36:17] TUNE,Y,RECENTER
[19:36:18] TUNE,Y,RECENTERED,ERROR,1
[19:36:18] TUNE,Y,PID_TEST,KP,0.100,KI,0.350,KD,0.000,STEP,36.0,MAXRPM,8.0,FFG,0.032,FFMAX,4.0,ILIM,12.0,LISCALE,0.15
[19:36:25] TUNE,Y,RESULT,MODE,PID,KP,0.100,KI,0.350,KD,0.000,SCORE,178.129
[19:36:25] TUNE,Y,RECENTER
[19:36:25] TUNE,Y,RECENTERED,ERROR,2
[19:36:25] TUNE,Y,PID_TEST,KP,0.100,KI,0.305,KD,0.000,STEP,36.0,MAXRPM,8.0,FFG,0.032,FFMAX,4.0,ILIM,12.0,LISCALE,0.15
[19:36:33] TUNE,Y,RESULT,MODE,PID,KP,0.100,KI,0.305,KD,0.000,SCORE,185.332
[19:36:33] TUNE,Y,RECENTER
[19:36:33] TUNE,Y,RECENTERED,ERROR,0
[19:36:33] TUNE,Y,PID_TEST,KP,0.100,KI,0.335,KD,0.000,STEP,36.0,MAXRPM,8.0,FFG,0.032,FFMAX,4.0,ILIM,12.0,LISCALE,0.15
[19:36:40] TUNE,Y,RESULT,MODE,PID,KP,0.100,KI,0.335,KD,0.000,SCORE,186.677
[19:36:40] TUNE,Y,RECENTER
[19:36:40] TUNE,Y,RECENTERED,ERROR,3
[19:36:40] TUNE,Y,PID_TEST,KP,0.100,KI,0.320,KD,0.001,STEP,36.0,MAXRPM,8.0,FFG,0.032,FFMAX,4.0,ILIM,12.0,LISCALE,0.15
[19:36:48] TUNE,Y,RESULT,MODE,PID,KP,0.100,KI,0.320,KD,0.001,SCORE,212.224
[19:36:48] TUNE,Y,CHAMPIONSHIP_POLISH_FINAL,COUNT,4,REPEATS,2
[19:36:48] TUNE,Y,RECENTER
[19:36:48] TUNE,Y,RECENTERED,ERROR,-1
[19:36:48] TUNE,Y,PID_TEST,KP,0.100,KI,0.350,KD,0.000,STEP,36.0,MAXRPM,8.0,FFG,0.032,FFMAX,4.0,ILIM,12.0,LISCALE,0.15
[19:36:55] TUNE,Y,RESULT,MODE,PID,KP,0.100,KI,0.350,KD,0.000,SCORE,183.625
[19:36:55] TUNE,Y,RECENTER
[19:36:56] TUNE,Y,RECENTERED,ERROR,-2
[19:36:56] TUNE,Y,PID_TEST,KP,0.100,KI,0.305,KD,0.000,STEP,36.0,MAXRPM,8.0,FFG,0.032,FFMAX,4.0,ILIM,12.0,LISCALE,0.15
[19:37:03] TUNE,Y,RESULT,MODE,PID,KP,0.100,KI,0.305,KD,0.000,SCORE,194.481
[19:37:03] TUNE,Y,RECENTER
[19:37:03] TUNE,Y,RECENTERED,ERROR,-1
[19:37:03] TUNE,Y,PID_TEST,KP,0.100,KI,0.335,KD,0.000,STEP,36.0,MAXRPM,8.0,FFG,0.032,FFMAX,4.0,ILIM,12.0,LISCALE,0.15
[19:37:11] TUNE,Y,RESULT,MODE,PID,KP,0.100,KI,0.335,KD,0.000,SCORE,198.839
[19:37:11] TUNE,Y,RECENTER
[19:37:11] TUNE,Y,RECENTERED,ERROR,1
[19:37:11] TUNE,Y,COMPLETE,KP,0.100,KI,0.320,KD,0.000,SCORE,180.710,TESTS,3
[19:37:11] TUNE,FOLLOW,BEGIN,MODE,FOLLOW_CHAMPIONSHIP,COUNT,5
[19:37:11] TUNE,X,RECENTER
[19:37:11] TUNE,X,RECENTERED,ERROR,1
[19:37:11] TUNE,X,FOLLOW_TEST,KP,0.140,KI,0.335,KD,0.003,STEP,60.0,MAXRPM,12.0,FFG,0.032,FFMAX,4.0,ILIM,12.0,LISCALE,0.15
[19:37:18] TUNE,X,RESULT,MODE,FOLLOW,KP,0.140,KI,0.335,KD,0.003,SCORE,212.810
[19:37:19] TUNE,Y,RECENTER
[19:37:19] TUNE,Y,RECENTERED,ERROR,1
[19:37:19] TUNE,Y,FOLLOW_TEST,KP,0.100,KI,0.320,KD,0.000,STEP,36.0,MAXRPM,8.0,FFG,0.032,FFMAX,4.0,ILIM,12.0,LISCALE,0.15
[19:37:26] TUNE,Y,RESULT,MODE,FOLLOW,KP,0.100,KI,0.320,KD,0.000,SCORE,225.358
[19:37:27] TUNE,FOLLOW,RESULT,MODE,FOLLOW,KP,0.000,KI,0.000,KD,0.000,FFG,0.032,FFMAX,4.0,ILIM,12.0,LISCALE,0.15,SCORE,438.168
[19:37:27] TUNE,X,RECENTER
[19:37:27] TUNE,X,RECENTERED,ERROR,-1
[19:37:27] TUNE,X,FOLLOW_TEST,KP,0.140,KI,0.335,KD,0.003,STEP,60.0,MAXRPM,12.0,FFG,0.030,FFMAX,4.0,ILIM,11.0,LISCALE,0.14
[19:37:34] TUNE,X,RESULT,MODE,FOLLOW,KP,0.140,KI,0.335,KD,0.003,SCORE,241.490
[19:37:35] TUNE,Y,RECENTER
[19:37:35] TUNE,Y,RECENTERED,ERROR,1
[19:37:35] TUNE,Y,FOLLOW_TEST,KP,0.100,KI,0.320,KD,0.000,STEP,36.0,MAXRPM,8.0,FFG,0.030,FFMAX,4.0,ILIM,11.0,LISCALE,0.14
[19:37:42] TUNE,Y,RESULT,MODE,FOLLOW,KP,0.100,KI,0.320,KD,0.000,SCORE,182.755
[19:37:42] TUNE,FOLLOW,RESULT,MODE,FOLLOW,KP,0.000,KI,0.000,KD,0.000,FFG,0.030,FFMAX,4.0,ILIM,11.0,LISCALE,0.14,SCORE,424.245
[19:37:42] TUNE,X,RECENTER
[19:37:43] TUNE,X,RECENTERED,ERROR,2
[19:37:43] TUNE,X,FOLLOW_TEST,KP,0.140,KI,0.335,KD,0.003,STEP,60.0,MAXRPM,12.0,FFG,0.034,FFMAX,4.5,ILIM,12.0,LISCALE,0.18
[19:37:50] TUNE,X,RESULT,MODE,FOLLOW,KP,0.140,KI,0.335,KD,0.003,SCORE,272.571
[19:37:50] TUNE,Y,RECENTER
[19:37:50] TUNE,Y,RECENTERED,ERROR,1
[19:37:50] TUNE,Y,FOLLOW_TEST,KP,0.100,KI,0.320,KD,0.000,STEP,36.0,MAXRPM,8.0,FFG,0.034,FFMAX,4.5,ILIM,12.0,LISCALE,0.18
[19:37:58] TUNE,Y,RESULT,MODE,FOLLOW,KP,0.100,KI,0.320,KD,0.000,SCORE,206.895
[19:37:58] TUNE,FOLLOW,RESULT,MODE,FOLLOW,KP,0.000,KI,0.000,KD,0.000,FFG,0.034,FFMAX,4.5,ILIM,12.0,LISCALE,0.18,SCORE,479.466
[19:37:58] TUNE,X,RECENTER
[19:37:58] TUNE,X,RECENTERED,ERROR,1
[19:37:58] TUNE,X,FOLLOW_TEST,KP,0.140,KI,0.335,KD,0.003,STEP,60.0,MAXRPM,12.0,FFG,0.038,FFMAX,5.0,ILIM,13.0,LISCALE,0.20
[19:38:06] TUNE,X,RESULT,MODE,FOLLOW,KP,0.140,KI,0.335,KD,0.003,SCORE,258.429
[19:38:06] TUNE,Y,RECENTER
[19:38:06] TUNE,Y,RECENTERED,ERROR,0
[19:38:06] TUNE,Y,FOLLOW_TEST,KP,0.100,KI,0.320,KD,0.000,STEP,36.0,MAXRPM,8.0,FFG,0.038,FFMAX,5.0,ILIM,13.0,LISCALE,0.20
[19:38:14] TUNE,Y,RESULT,MODE,FOLLOW,KP,0.100,KI,0.320,KD,0.000,SCORE,186.212
[19:38:14] TUNE,FOLLOW,RESULT,MODE,FOLLOW,KP,0.000,KI,0.000,KD,0.000,FFG,0.038,FFMAX,5.0,ILIM,13.0,LISCALE,0.20,SCORE,444.641
[19:38:14] TUNE,X,RECENTER
[19:38:14] TUNE,X,RECENTERED,ERROR,-1
[19:38:14] TUNE,X,FOLLOW_TEST,KP,0.140,KI,0.335,KD,0.003,STEP,60.0,MAXRPM,12.0,FFG,0.042,FFMAX,5.0,ILIM,13.0,LISCALE,0.22
[19:38:21] TUNE,X,RESULT,MODE,FOLLOW,KP,0.140,KI,0.335,KD,0.003,SCORE,224.214
[19:38:22] TUNE,Y,RECENTER
[19:38:22] TUNE,Y,RECENTERED,ERROR,-1
[19:38:22] TUNE,Y,FOLLOW_TEST,KP,0.100,KI,0.320,KD,0.000,STEP,36.0,MAXRPM,8.0,FFG,0.042,FFMAX,5.0,ILIM,13.0,LISCALE,0.22
[19:38:29] TUNE,Y,RESULT,MODE,FOLLOW,KP,0.100,KI,0.320,KD,0.000,SCORE,194.040
[19:38:30] TUNE,FOLLOW,RESULT,MODE,FOLLOW,KP,0.000,KI,0.000,KD,0.000,FFG,0.042,FFMAX,5.0,ILIM,13.0,LISCALE,0.22,SCORE,418.254
[19:38:30] TUNE,FOLLOW,FINAL,COUNT,2,REPEATS,2
[19:38:30] TUNE,X,RECENTER
[19:38:30] TUNE,X,RECENTERED,ERROR,3
[19:38:30] TUNE,X,FOLLOW_TEST,KP,0.140,KI,0.335,KD,0.003,STEP,60.0,MAXRPM,12.0,FFG,0.042,FFMAX,5.0,ILIM,13.0,LISCALE,0.22
[19:38:37] TUNE,X,RESULT,MODE,FOLLOW,KP,0.140,KI,0.335,KD,0.003,SCORE,288.242
[19:38:37] TUNE,Y,RECENTER
[19:38:38] TUNE,Y,RECENTERED,ERROR,0
[19:38:38] TUNE,Y,FOLLOW_TEST,KP,0.100,KI,0.320,KD,0.000,STEP,36.0,MAXRPM,8.0,FFG,0.042,FFMAX,5.0,ILIM,13.0,LISCALE,0.22
[19:38:45] TUNE,Y,RESULT,MODE,FOLLOW,KP,0.100,KI,0.320,KD,0.000,SCORE,221.748
[19:38:45] TUNE,FOLLOW,RESULT,MODE,FOLLOW,KP,0.000,KI,0.000,KD,0.000,FFG,0.042,FFMAX,5.0,ILIM,13.0,LISCALE,0.22,SCORE,480.176
[19:38:45] TUNE,X,RECENTER
[19:38:45] TUNE,X,RECENTERED,ERROR,1
[19:38:45] TUNE,X,FOLLOW_TEST,KP,0.140,KI,0.335,KD,0.003,STEP,60.0,MAXRPM,12.0,FFG,0.030,FFMAX,4.0,ILIM,11.0,LISCALE,0.14
[19:38:53] TUNE,X,RESULT,MODE,FOLLOW,KP,0.140,KI,0.335,KD,0.003,SCORE,215.582
[19:38:53] TUNE,Y,RECENTER
[19:38:53] TUNE,Y,RECENTERED,ERROR,0
[19:38:53] TUNE,Y,FOLLOW_TEST,KP,0.100,KI,0.320,KD,0.000,STEP,36.0,MAXRPM,8.0,FFG,0.030,FFMAX,4.0,ILIM,11.0,LISCALE,0.14
[19:39:01] TUNE,Y,RESULT,MODE,FOLLOW,KP,0.100,KI,0.320,KD,0.000,SCORE,220.471
[19:39:01] TUNE,FOLLOW,RESULT,MODE,FOLLOW,KP,0.000,KI,0.000,KD,0.000,FFG,0.030,FFMAX,4.0,ILIM,11.0,LISCALE,0.14,SCORE,432.215
[19:39:01] TUNE,FOLLOW,POLISH,COUNT,8
[19:39:01] TUNE,X,RECENTER
[19:39:01] TUNE,X,RECENTERED,ERROR,0
[19:39:01] TUNE,X,FOLLOW_TEST,KP,0.140,KI,0.335,KD,0.003,STEP,60.0,MAXRPM,12.0,FFG,0.028,FFMAX,4.0,ILIM,11.0,LISCALE,0.14
[19:39:09] TUNE,X,RESULT,MODE,FOLLOW,KP,0.140,KI,0.335,KD,0.003,SCORE,246.389
[19:39:09] TUNE,Y,RECENTER
[19:39:09] TUNE,Y,RECENTERED,ERROR,1
[19:39:09] TUNE,Y,FOLLOW_TEST,KP,0.100,KI,0.320,KD,0.000,STEP,36.0,MAXRPM,8.0,FFG,0.028,FFMAX,4.0,ILIM,11.0,LISCALE,0.14
[19:39:16] TUNE,Y,RESULT,MODE,FOLLOW,KP,0.100,KI,0.320,KD,0.000,SCORE,173.024
[19:39:17] TUNE,FOLLOW,RESULT,MODE,FOLLOW,KP,0.000,KI,0.000,KD,0.000,FFG,0.028,FFMAX,4.0,ILIM,11.0,LISCALE,0.14,SCORE,419.413
[19:39:17] TUNE,X,RECENTER
[19:39:17] TUNE,X,RECENTERED,ERROR,-1
[19:39:17] TUNE,X,FOLLOW_TEST,KP,0.140,KI,0.335,KD,0.003,STEP,60.0,MAXRPM,12.0,FFG,0.032,FFMAX,4.0,ILIM,11.0,LISCALE,0.14
[19:39:25] TUNE,X,RESULT,MODE,FOLLOW,KP,0.140,KI,0.335,KD,0.003,SCORE,254.546
[19:39:25] TUNE,Y,RECENTER
[19:39:25] TUNE,Y,RECENTERED,ERROR,-3
[19:39:25] TUNE,Y,FOLLOW_TEST,KP,0.100,KI,0.320,KD,0.000,STEP,36.0,MAXRPM,8.0,FFG,0.032,FFMAX,4.0,ILIM,11.0,LISCALE,0.14
[19:39:32] TUNE,Y,RESULT,MODE,FOLLOW,KP,0.100,KI,0.320,KD,0.000,SCORE,183.379
[19:39:33] TUNE,FOLLOW,RESULT,MODE,FOLLOW,KP,0.000,KI,0.000,KD,0.000,FFG,0.032,FFMAX,4.0,ILIM,11.0,LISCALE,0.14,SCORE,437.925
[19:39:33] TUNE,X,RECENTER
[19:39:33] TUNE,X,RECENTERED,ERROR,-1
[19:39:33] TUNE,X,FOLLOW_TEST,KP,0.140,KI,0.335,KD,0.003,STEP,60.0,MAXRPM,12.0,FFG,0.029,FFMAX,4.0,ILIM,11.0,LISCALE,0.14
[19:39:40] TUNE,X,RESULT,MODE,FOLLOW,KP,0.140,KI,0.335,KD,0.003,SCORE,234.106
[19:39:41] TUNE,Y,RECENTER
[19:39:41] TUNE,Y,RECENTERED,ERROR,1
[19:39:41] TUNE,Y,FOLLOW_TEST,KP,0.100,KI,0.320,KD,0.000,STEP,36.0,MAXRPM,8.0,FFG,0.029,FFMAX,4.0,ILIM,11.0,LISCALE,0.14
[19:39:48] TUNE,Y,RESULT,MODE,FOLLOW,KP,0.100,KI,0.320,KD,0.000,SCORE,198.655
[19:39:49] TUNE,FOLLOW,RESULT,MODE,FOLLOW,KP,0.000,KI,0.000,KD,0.000,FFG,0.029,FFMAX,4.0,ILIM,11.0,LISCALE,0.14,SCORE,432.761
[19:39:49] TUNE,X,RECENTER
[19:39:49] TUNE,X,RECENTERED,ERROR,1
[19:39:49] TUNE,X,FOLLOW_TEST,KP,0.140,KI,0.335,KD,0.003,STEP,60.0,MAXRPM,12.0,FFG,0.031,FFMAX,4.0,ILIM,11.0,LISCALE,0.14
[19:39:56] TUNE,X,RESULT,MODE,FOLLOW,KP,0.140,KI,0.335,KD,0.003,SCORE,210.126
[19:39:56] TUNE,Y,RECENTER
[19:39:57] TUNE,Y,RECENTERED,ERROR,3
[19:39:57] TUNE,Y,FOLLOW_TEST,KP,0.100,KI,0.320,KD,0.000,STEP,36.0,MAXRPM,8.0,FFG,0.031,FFMAX,4.0,ILIM,11.0,LISCALE,0.14
[19:40:04] TUNE,Y,RESULT,MODE,FOLLOW,KP,0.100,KI,0.320,KD,0.000,SCORE,192.728
[19:40:04] TUNE,FOLLOW,RESULT,MODE,FOLLOW,KP,0.000,KI,0.000,KD,0.000,FFG,0.031,FFMAX,4.0,ILIM,11.0,LISCALE,0.14,SCORE,402.853
[19:40:04] TUNE,X,RECENTER
[19:40:04] TUNE,X,RECENTERED,ERROR,3
[19:40:04] TUNE,X,FOLLOW_TEST,KP,0.140,KI,0.335,KD,0.003,STEP,60.0,MAXRPM,12.0,FFG,0.030,FFMAX,3.5,ILIM,11.0,LISCALE,0.14
[19:40:12] TUNE,X,RESULT,MODE,FOLLOW,KP,0.140,KI,0.335,KD,0.003,SCORE,223.975
[19:40:12] TUNE,Y,RECENTER
[19:40:12] TUNE,Y,RECENTERED,ERROR,0
[19:40:12] TUNE,Y,FOLLOW_TEST,KP,0.100,KI,0.320,KD,0.000,STEP,36.0,MAXRPM,8.0,FFG,0.030,FFMAX,3.5,ILIM,11.0,LISCALE,0.14
[19:40:20] TUNE,Y,RESULT,MODE,FOLLOW,KP,0.100,KI,0.320,KD,0.000,SCORE,187.939
[19:40:20] TUNE,FOLLOW,RESULT,MODE,FOLLOW,KP,0.000,KI,0.000,KD,0.000,FFG,0.030,FFMAX,3.5,ILIM,11.0,LISCALE,0.14,SCORE,411.914
[19:40:20] TUNE,X,RECENTER
[19:40:20] TUNE,X,RECENTERED,ERROR,2
[19:40:20] TUNE,X,FOLLOW_TEST,KP,0.140,KI,0.335,KD,0.003,STEP,60.0,MAXRPM,12.0,FFG,0.030,FFMAX,4.5,ILIM,11.0,LISCALE,0.14
[19:40:28] TUNE,X,RESULT,MODE,FOLLOW,KP,0.140,KI,0.335,KD,0.003,SCORE,240.054
[19:40:28] TUNE,Y,RECENTER
[19:40:28] TUNE,Y,RECENTERED,ERROR,-2
[19:40:28] TUNE,Y,FOLLOW_TEST,KP,0.100,KI,0.320,KD,0.000,STEP,36.0,MAXRPM,8.0,FFG,0.030,FFMAX,4.5,ILIM,11.0,LISCALE,0.14
[19:40:35] TUNE,Y,RESULT,MODE,FOLLOW,KP,0.100,KI,0.320,KD,0.000,SCORE,213.068
[19:40:36] TUNE,FOLLOW,RESULT,MODE,FOLLOW,KP,0.000,KI,0.000,KD,0.000,FFG,0.030,FFMAX,4.5,ILIM,11.0,LISCALE,0.14,SCORE,453.122
[19:40:36] TUNE,X,RECENTER
[19:40:36] TUNE,X,RECENTERED,ERROR,3
[19:40:36] TUNE,X,FOLLOW_TEST,KP,0.140,KI,0.335,KD,0.003,STEP,60.0,MAXRPM,12.0,FFG,0.030,FFMAX,4.0,ILIM,10.0,LISCALE,0.14
[19:40:43] TUNE,X,RESULT,MODE,FOLLOW,KP,0.140,KI,0.335,KD,0.003,SCORE,224.023
[19:40:44] TUNE,Y,RECENTER
[19:40:44] TUNE,Y,RECENTERED,ERROR,2
[19:40:44] TUNE,Y,FOLLOW_TEST,KP,0.100,KI,0.320,KD,0.000,STEP,36.0,MAXRPM,8.0,FFG,0.030,FFMAX,4.0,ILIM,10.0,LISCALE,0.14
[19:40:51] TUNE,Y,RESULT,MODE,FOLLOW,KP,0.100,KI,0.320,KD,0.000,SCORE,187.447
[19:40:51] TUNE,FOLLOW,RESULT,MODE,FOLLOW,KP,0.000,KI,0.000,KD,0.000,FFG,0.030,FFMAX,4.0,ILIM,10.0,LISCALE,0.14,SCORE,411.470
[19:40:51] TUNE,X,RECENTER
[19:40:52] TUNE,X,RECENTERED,ERROR,1
[19:40:52] TUNE,X,FOLLOW_TEST,KP,0.140,KI,0.335,KD,0.003,STEP,60.0,MAXRPM,12.0,FFG,0.030,FFMAX,4.0,ILIM,12.0,LISCALE,0.14
[19:40:59] TUNE,X,RESULT,MODE,FOLLOW,KP,0.140,KI,0.335,KD,0.003,SCORE,244.752
[19:40:59] TUNE,Y,RECENTER
[19:40:59] TUNE,Y,RECENTERED,ERROR,-2
[19:40:59] TUNE,Y,FOLLOW_TEST,KP,0.100,KI,0.320,KD,0.000,STEP,36.0,MAXRPM,8.0,FFG,0.030,FFMAX,4.0,ILIM,12.0,LISCALE,0.14
[19:41:07] TUNE,Y,RESULT,MODE,FOLLOW,KP,0.100,KI,0.320,KD,0.000,SCORE,177.306
[19:41:07] TUNE,FOLLOW,RESULT,MODE,FOLLOW,KP,0.000,KI,0.000,KD,0.000,FFG,0.030,FFMAX,4.0,ILIM,12.0,LISCALE,0.14,SCORE,422.059
[19:41:07] TUNE,FOLLOW,POLISH_FINAL,COUNT,3,REPEATS,2
[19:41:07] TUNE,X,RECENTER
[19:41:07] TUNE,X,RECENTERED,ERROR,-1
[19:41:07] TUNE,X,FOLLOW_TEST,KP,0.140,KI,0.335,KD,0.003,STEP,60.0,MAXRPM,12.0,FFG,0.031,FFMAX,4.0,ILIM,11.0,LISCALE,0.14
[19:41:15] TUNE,X,RESULT,MODE,FOLLOW,KP,0.140,KI,0.335,KD,0.003,SCORE,226.616
[19:41:15] TUNE,Y,RECENTER
[19:41:15] TUNE,Y,RECENTERED,ERROR,2
[19:41:15] TUNE,Y,FOLLOW_TEST,KP,0.100,KI,0.320,KD,0.000,STEP,36.0,MAXRPM,8.0,FFG,0.031,FFMAX,4.0,ILIM,11.0,LISCALE,0.14
[19:41:23] TUNE,Y,RESULT,MODE,FOLLOW,KP,0.100,KI,0.320,KD,0.000,SCORE,219.616
[19:41:23] TUNE,FOLLOW,RESULT,MODE,FOLLOW,KP,0.000,KI,0.000,KD,0.000,FFG,0.031,FFMAX,4.0,ILIM,11.0,LISCALE,0.14,SCORE,432.134
[19:41:23] TUNE,X,RECENTER
[19:41:23] TUNE,X,RECENTERED,ERROR,3
[19:41:23] TUNE,X,FOLLOW_TEST,KP,0.140,KI,0.335,KD,0.003,STEP,60.0,MAXRPM,12.0,FFG,0.030,FFMAX,4.0,ILIM,10.0,LISCALE,0.14
[19:41:30] TUNE,X,RESULT,MODE,FOLLOW,KP,0.140,KI,0.335,KD,0.003,SCORE,243.760
[19:41:31] TUNE,Y,RECENTER
[19:41:31] TUNE,Y,RECENTERED,ERROR,2
[19:41:31] TUNE,Y,FOLLOW_TEST,KP,0.100,KI,0.320,KD,0.000,STEP,36.0,MAXRPM,8.0,FFG,0.030,FFMAX,4.0,ILIM,10.0,LISCALE,0.14
[19:41:40] TUNE,Y,RESULT,MODE,FOLLOW,KP,0.100,KI,0.320,KD,0.000,SCORE,181.929
[19:41:40] TUNE,FOLLOW,RESULT,MODE,FOLLOW,KP,0.000,KI,0.000,KD,0.000,FFG,0.030,FFMAX,4.0,ILIM,10.0,LISCALE,0.14,SCORE,421.067
[19:41:40] TUNE,X,RECENTER
[19:41:41] TUNE,X,RECENTERED,ERROR,2
[19:41:41] TUNE,X,FOLLOW_TEST,KP,0.140,KI,0.335,KD,0.003,STEP,60.0,MAXRPM,12.0,FFG,0.030,FFMAX,3.5,ILIM,11.0,LISCALE,0.14
[19:41:48] TUNE,X,RESULT,MODE,FOLLOW,KP,0.140,KI,0.335,KD,0.003,SCORE,240.504
[19:41:48] TUNE,Y,RECENTER
[19:41:49] TUNE,Y,RECENTERED,ERROR,-1
[19:41:49] TUNE,Y,FOLLOW_TEST,KP,0.100,KI,0.320,KD,0.000,STEP,36.0,MAXRPM,8.0,FFG,0.030,FFMAX,3.5,ILIM,11.0,LISCALE,0.14
[19:41:56] TUNE,Y,RESULT,MODE,FOLLOW,KP,0.100,KI,0.320,KD,0.000,SCORE,204.067
[19:41:56] TUNE,FOLLOW,RESULT,MODE,FOLLOW,KP,0.000,KI,0.000,KD,0.000,FFG,0.030,FFMAX,3.5,ILIM,11.0,LISCALE,0.14,SCORE,433.958
[19:41:56] TUNE,FOLLOW,COMPLETE,FFG,0.030,FFMAX,4.0,ILIM,10.0,LISCALE,0.14,SCORE,421.067,TESTS,2
[19:41:57] TUNE,X,RECENTER
[19:41:57] TUNE,X,RECENTERED,ERROR,3
[19:41:57] TUNE,X,VERIFY_TEST,KP,0.140,KI,0.335,KD,0.003,STEP,60.0,MAXRPM,12.0,FFG,0.030,FFMAX,4.0,ILIM,10.0,LISCALE,0.14
[19:42:04] TUNE,X,RESULT,MODE,VERIFY,KP,0.140,KI,0.335,KD,0.003,SCORE,217.105
[19:42:05] TUNE,Y,RECENTER
[19:42:05] TUNE,Y,RECENTERED,ERROR,2
[19:42:05] TUNE,Y,VERIFY_TEST,KP,0.100,KI,0.320,KD,0.000,STEP,36.0,MAXRPM,8.0,FFG,0.030,FFMAX,4.0,ILIM,10.0,LISCALE,0.14
[19:42:12] TUNE,Y,RESULT,MODE,VERIFY,KP,0.100,KI,0.320,KD,0.000,SCORE,218.930
[19:42:13] TUNE,XY,FINAL_RECENTER
[19:42:13] TUNE,XY,RECENTERED,XERR,-1,YERR,-2
[19:42:13] OK,TRACK_ON
[19:42:13] AUTOTUNE_COMPLETE,XKP,0.140,XKI,0.335,XKD,0.003,XPOL,1,XSCORE,217.105,YKP,0.100,YKI,0.320,YKD,0.000,YPOL,1,YSCORE,218.930,FFG,0.030,FFMAX,4.0,ILIM,10.0,LISCALE,0.14,FSCORE,421.067
[19:42:13] 最佳参数已保存：F:\k230gc\pidtest\host\logs\20260707_191355\best_params.json
[19:42:13] 旧冠军使用旧评分体系；本轮已建立首个完整PID冠军
[19:43:27] ERR,INVALID_COMMAND
[19:45:46] TX > TRACK OFF
[19:45:46] OK,TRACK_OFF
[19:45:49] TX > STOP
[19:45:49] OK,STOP
[19:45:49] TX > STOP
[19:45:49] OK,STOP
