2026-07-18T11:55:15.317 TX HELLO 717852786
2026-07-18T11:55:15.467 RX HELLO,717852786,2,STBY,HIGH,ENCODER_MM_X1000,580,SAMPLE_MS,10
2026-07-18T11:55:15.467 TX STOP
2026-07-18T11:55:15.588 RX OK STOP
2026-07-18T11:55:15.588 TX PARAM
2026-07-18T11:55:15.744 RX PARAM,x1000,PROFILE,1,FLASHVER,3,GUARDVER,21,LKP,350,LKI,100,RKP,500,RKI,350,LFF,540,RFF,520,LMIN,90,RMIN,85,SYNC,500,BIAS,80,GSTART,10,LINEKP,8250,LINEKD,2250,TURNANGLE,900,TURNFAST,165,TURNSLOW,110,TURNMARGIN,180,TURNEXIT,140,TURNDIST,98
2026-07-18T11:55:15.744 TX STATUS
2026-07-18T11:55:15.883 RX STATUS,32111,IDLE,0,0,0,0,0,0,SAFE,SELECTED_LAPS,1,STBY,HIGH
2026-07-18T11:55:15.883 TX SENSOR
2026-07-18T11:55:16.009 RX SENSOR,OK,24,0,93,0,24
2026-07-18T11:55:16.009 TX SENSOR
2026-07-18T11:55:16.149 RX SENSOR,OK,24,0,93,0,24
2026-07-18T11:55:16.150 TX SENSOR
2026-07-18T11:55:16.277 RX SENSOR,OK,24,0,93,0,24
2026-07-18T11:55:16.277 TX SENSOR
2026-07-18T11:55:16.407 RX SENSOR,OK,24,0,93,0,24
2026-07-18T11:55:16.407 TX SENSOR
2026-07-18T11:55:16.519 RX SENSOR,OK,24,0,93,0,24
2026-07-18T11:55:16.519 TX IMU
2026-07-18T11:55:16.674 RX IMU,OK,-825,2647,37,VER,1,1,0,0
2026-07-18T11:55:16.674 TX STREAM TUNE
2026-07-18T11:55:16.814 RX OK STREAM TUNE
2026-07-18T11:55:16.814 TX SQUARE 120 3 717852787
2026-07-18T11:55:16.989 RX TEST START,SQUARE,120,3
2026-07-18T11:55:16.989 RX SQ,717852787,OK
2026-07-18T11:55:16.989 RX LT,20,2,2,0,0,0,24,1,0,0,0,0
2026-07-18T11:55:16.989 RX LT,40,4,4,43,0,0,24,1,0,0,0,0
2026-07-18T11:55:16.989 RX LT,60,6,6,46,10,0,24,1,0,0,0,0
2026-07-18T11:55:16.989 RX LT,80,9,9,2,0,0,24,1,1,0,0,0
2026-07-18T11:55:16.989 RX LT,100,11,11,43,10,0,24,1,2,0,0,0
2026-07-18T11:55:16.989 RX LT,120,14,14,2,0,0,24,1,1,0,0,0
2026-07-18T11:55:17.147 RX LT,140,16,16,0,43,0,24,1,1,0,0,0
2026-07-18T11:55:17.147 RX LT,160,18,18,43,2,0,24,1,2,0,0,0
2026-07-18T11:55:17.147 RX LT,180,21,21,2,0,0,24,1,2,0,0,0
2026-07-18T11:55:17.147 RX LT,200,23,23,0,0,0,24,1,2,0,0,0
2026-07-18T11:55:17.147 RX LT,220,26,26,0,0,0,24,1,2,0,0,0
2026-07-18T11:55:17.147 RX LT,240,28,28,0,0,0,24,1,2,0,0,0
2026-07-18T11:55:17.147 RX LT,260,30,30,0,0,0,24,1,3,0,0,0
2026-07-18T11:55:17.147 RX LT,280,33,33,0,0,0,24,1,3,0,0,0
2026-07-18T11:55:17.326 RX LT,300,35,35,0,0,0,24,1,3,0,0,0
2026-07-18T11:55:17.326 RX LT,320,38,38,0,0,0,24,1,3,0,0,0
2026-07-18T11:55:17.326 RX LT,340,40,40,0,0,0,24,1,3,0,0,0
2026-07-18T11:55:17.327 RX LT,360,42,42,0,0,0,24,1,3,0,0,0
2026-07-18T11:55:17.327 RX LT,380,45,45,0,0,0,24,1,3,0,0,0
2026-07-18T11:55:17.327 RX LT,400,47,47,0,0,0,24,1,3,0,0,0
2026-07-18T11:55:17.327 RX LT,420,50,50,0,0,0,24,1,3,0,0,0
2026-07-18T11:55:17.327 RX LT,440,52,52,0,0,0,24,1,3,0,0,0
2026-07-18T11:55:17.467 RX LT,460,54,54,0,0,0,24,1,4,0,0,0
2026-07-18T11:55:17.467 RX LT,480,57,57,0,10,0,24,1,4,0,0,0
2026-07-18T11:55:17.467 RX LT,500,59,59,0,0,0,24,1,5,0,0,0
2026-07-18T11:55:17.467 RX LT,520,62,62,0,0,0,24,1,5,0,0,0
2026-07-18T11:55:17.467 RX LT,540,64,64,0,43,0,24,1,5,0,0,0
2026-07-18T11:55:17.467 RX LT,560,66,66,10,2,0,24,1,5,0,0,0
2026-07-18T11:55:17.467 RX LT,580,69,69,0,0,0,24,1,5,0,0,0
2026-07-18T11:55:17.637 RX LT,600,71,71,10,10,0,24,1,5,0,0,0
2026-07-18T11:55:17.637 RX LT,620,74,74,44,44,0,24,1,5,0,0,0
2026-07-18T11:55:17.637 RX LT,640,76,76,2,2,0,24,1,4,0,0,0
2026-07-18T11:55:17.637 RX LT,660,78,78,11,11,0,24,1,4,0,0,0
2026-07-18T11:55:17.637 RX LT,680,81,81,11,44,0,24,1,4,0,0,0
2026-07-18T11:55:17.637 RX LT,700,83,83,11,46,0,24,1,4,0,0,0
2026-07-18T11:55:17.637 RX LT,720,86,86,44,13,0,24,1,4,0,0,0
2026-07-18T11:55:17.637 RX LT,740,88,88,46,11,0,24,1,5,0,0,0
2026-07-18T11:55:17.777 RX LT,760,90,90,46,55,0,24,1,6,0,0,0
2026-07-18T11:55:17.787 RX LT,780,93,93,46,57,0,24,1,7,0,0,0
2026-07-18T11:55:17.787 RX LT,800,95,95,46,57,0,24,1,9,0,0,0
2026-07-18T11:55:17.787 RX LT,820,98,98,46,68,0,24,1,12,0,0,0
2026-07-18T11:55:17.787 RX LT,840,100,100,46,102,0,24,1,15,0,0,0
2026-07-18T11:55:17.787 RX LT,860,102,102,46,104,0,24,1,18,0,0,0
2026-07-18T11:55:17.787 RX LT,880,105,105,46,115,0,24,1,22,0,0,0
2026-07-18T11:55:17.907 RX LT,900,119,95,13,115,2,16,1,26,0,0,0
2026-07-18T11:55:17.907 RX LT,920,122,98,55,148,2,16,1,30,0,0,0
2026-07-18T11:55:17.907 RX LT,940,132,92,14,118,6,48,1,32,0,0,0
2026-07-18T11:55:17.907 RX LT,960,150,78,55,116,6,48,1,37,0,0,0
2026-07-18T11:55:17.907 RX LT,980,164,70,57,159,6,48,1,41,0,0,0
2026-07-18T11:55:17.907 RX LT,1000,166,72,101,118,6,48,1,44,0,0,0
2026-07-18T11:55:18.047 RX LT,1020,167,73,60,116,6,48,1,46,0,0,0
2026-07-18T11:55:18.047 RX LT,1040,167,73,69,116,6,48,1,47,0,0,0
2026-07-18T11:55:18.047 RX LT,1060,167,73,113,116,6,48,1,48,0,0,0
2026-07-18T11:55:18.047 RX LT,1080,167,73,104,159,6,48,1,48,0,0,0
2026-07-18T11:55:18.047 RX LT,1100,167,73,115,75,6,48,1,48,0,0,0
2026-07-18T11:55:18.047 RX LT,1120,167,73,115,113,6,48,1,46,0,0,0
2026-07-18T11:55:18.047 RX LT,1140,167,73,115,126,6,48,1,45,0,0,0
2026-07-18T11:55:18.186 RX LT,1160,167,73,115,116,6,48,1,44,0,0,0
2026-07-18T11:55:18.186 RX LT,1180,167,73,115,159,6,48,1,43,0,0,0
2026-07-18T11:55:18.186 RX LT,1200,167,73,115,118,6,48,1,42,0,0,0
2026-07-18T11:55:18.186 RX LT,1220,167,73,126,159,6,48,1,40,0,0,0
2026-07-18T11:55:18.186 RX LT,1240,167,73,160,118,6,48,1,38,0,0,0
2026-07-18T11:55:18.186 RX LT,1260,167,73,162,159,6,48,1,35,0,0,0
2026-07-18T11:55:18.314 RX LT,1280,167,73,162,118,6,48,1,33,0,0,0
2026-07-18T11:55:18.314 RX LT,1300,167,73,162,159,6,48,1,31,0,0,0
2026-07-18T11:55:18.314 RX LT,1320,167,73,173,162,6,48,1,29,0,0,0
2026-07-18T11:55:18.314 RX LT,1340,167,73,173,118,6,48,1,26,0,0,0
2026-07-18T11:55:18.315 RX LT,1360,167,73,163,127,6,48,1,23,0,0,0
2026-07-18T11:55:18.315 RX LT,1380,167,73,173,160,6,48,1,20,0,0,0
2026-07-18T11:55:18.315 RX LT,1400,167,73,173,162,6,48,1,15,0,0,0
2026-07-18T11:55:18.458 RX LT,1420,167,73,173,118,6,48,1,11,0,0,0
2026-07-18T11:55:18.458 RX LT,1440,167,73,173,127,6,48,1,7,0,0,0
2026-07-18T11:55:18.459 RX LT,1460,171,57,173,160,11,32,1,3,0,0,0
2026-07-18T11:55:18.459 RX LT,1480,167,73,184,118,6,48,1,-1,0,0,0
2026-07-18T11:55:18.459 RX LT,1500,167,73,174,159,6,48,1,-4,0,0,0
2026-07-18T11:55:18.460 RX LT,1520,167,73,217,162,6,48,1,-8,0,0,0
2026-07-18T11:55:18.587 RX LT,1540,167,73,176,118,6,48,1,-12,0,0,0
2026-07-18T11:55:18.587 RX LT,1560,167,73,217,127,6,48,1,-15,0,0,0
2026-07-18T11:55:18.587 RX LT,1580,167,73,176,160,6,48,1,-18,0,0,0
2026-07-18T11:55:18.587 RX LT,1600,167,73,185,118,6,48,1,-22,0,0,0
2026-07-18T11:55:18.587 RX LT,1620,167,73,218,159,6,48,1,-27,0,0,0
2026-07-18T11:55:18.587 RX LT,1653,167,73,220,118,6,48,1,-34,0,0,0
2026-07-18T11:55:18.717 RX LT,1673,167,73,263,116,6,48,1,-37,0,0,0
2026-07-18T11:55:18.717 RX LT,1693,167,73,223,116,6,48,1,-42,0,0,0
2026-07-18T11:55:18.717 RX LT,1713,167,73,220,159,6,48,1,-46,0,0,0
2026-07-18T11:55:18.717 RX LT,1733,167,73,176,118,6,48,1,-53,0,0,0
2026-07-18T11:55:18.717 RX LT,1753,167,73,228,127,6,48,1,-58,0,0,0
2026-07-18T11:55:18.717 RX LT,1773,167,73,177,116,6,48,1,-63,0,0,0
2026-07-18T11:55:18.868 RX LT,1793,167,73,185,116,6,48,1,-67,0,0,0
2026-07-18T11:55:18.868 RX LT,1813,167,73,229,126,6,48,1,-72,0,0,0
2026-07-18T11:55:18.868 RX LT,1833,167,73,188,116,6,48,1,-78,0,0,0
2026-07-18T11:55:18.868 RX LT,1853,167,73,229,116,6,48,1,-83,0,0,0
2026-07-18T11:55:18.868 RX LT,1873,167,73,220,116,6,48,1,-89,0,0,0
2026-07-18T11:55:18.868 RX LT,1893,167,73,187,116,6,48,1,-94,0,0,0
2026-07-18T11:55:18.868 RX LT,1913,167,73,218,116,6,48,1,-100,0,0,0
2026-07-18T11:55:18.988 RX LT,1933,167,73,220,116,6,48,1,-104,0,0,0
2026-07-18T11:55:18.988 RX LT,1953,157,83,231,116,2,16,1,-111,0,0,0
2026-07-18T11:55:18.988 RX LT,1973,137,103,221,116,0,24,1,-116,0,0,0
2026-07-18T11:55:18.988 RX LT,1993,127,113,403,246,0,24,1,-121,0,0,0
2026-07-18T11:55:18.988 RX LT,2013,120,120,199,167,0,24,1,-125,0,0,0
2026-07-18T11:55:18.988 RX LT,2033,120,120,175,119,0,24,1,-128,0,0,0
2026-07-18T11:55:19.117 RX LT,2053,120,120,217,116,0,24,1,-131,0,0,0
2026-07-18T11:55:19.117 RX LT,2073,120,120,185,118,0,24,1,-134,0,0,0
2026-07-18T11:55:19.117 RX LT,2093,120,120,174,127,0,24,1,-135,0,0,0
2026-07-18T11:55:19.117 RX LT,2113,120,120,217,160,0,24,1,-137,0,0,0
2026-07-18T11:55:19.117 RX LT,2133,120,120,176,162,0,24,1,-139,0,0,0
2026-07-18T11:55:19.117 RX LT,2153,112,128,174,162,-6,12,1,-140,0,0,0
2026-07-18T11:55:19.228 RX LT,2173,104,136,217,127,-6,12,1,-140,0,0,0
2026-07-18T11:55:19.228 RX LT,2193,80,160,174,162,-6,12,1,-141,0,0,0
2026-07-18T11:55:19.228 RX LT,2213,73,167,174,171,-6,12,1,-141,0,0,0
2026-07-18T11:55:19.228 RX LT,2233,73,167,174,130,-6,12,1,-141,0,0,0
2026-07-18T11:55:19.228 RX LT,2253,73,167,130,171,-6,12,1,-140,0,0,0
2026-07-18T11:55:19.347 RX LT,2273,73,167,171,173,-6,12,1,-138,0,0,0
2026-07-18T11:55:19.357 RX LT,2293,73,167,130,173,-6,12,1,-135,0,0,0
2026-07-18T11:55:19.357 RX LT,2313,73,167,171,173,-6,12,1,-132,0,0,0
2026-07-18T11:55:19.357 RX LT,2333,73,167,130,217,-6,12,1,-129,0,0,0
2026-07-18T11:55:19.357 RX LT,2353,73,167,127,176,-6,12,1,-126,0,0,0
2026-07-18T11:55:19.357 RX LT,2373,73,167,171,174,-6,12,1,-122,0,0,0
2026-07-18T11:55:19.479 RX LT,2393,57,171,162,217,-11,4,1,-119,0,0,0
2026-07-18T11:55:19.479 RX LT,2413,57,171,162,176,-11,4,1,-116,0,0,0
2026-07-18T11:55:19.479 RX LT,2433,57,171,162,217,-11,4,1,-113,0,0,0
2026-07-18T11:55:19.479 RX LT,2453,29,171,162,220,-18,6,1,-110,0,0,0
2026-07-18T11:55:19.479 RX LT,2473,29,171,118,220,-18,6,1,-106,0,0,0
2026-07-18T11:55:19.479 RX LT,2493,29,171,116,220,-18,6,1,-102,0,0,0
2026-07-18T11:55:19.626 RX LT,2514,29,171,116,185,-18,6,1,-96,0,0,0
2026-07-18T11:55:19.626 RX LT,2534,29,171,148,229,-18,6,1,-92,0,0,0
2026-07-18T11:55:19.626 RX LT,2554,57,171,118,177,-11,4,1,-89,0,0,0
2026-07-18T11:55:19.626 RX LT,2574,57,171,159,228,-11,4,1,-84,0,0,0
2026-07-18T11:55:19.626 RX LT,2594,57,171,162,220,-11,4,1,-78,0,0,0
2026-07-18T11:55:19.626 RX LT,2614,57,171,75,187,-11,4,1,-72,0,0,0
2026-07-18T11:55:19.626 RX LT,2634,57,171,113,185,-11,4,1,-65,0,0,0
2026-07-18T11:55:19.752 RX LT,2654,57,171,115,218,-11,4,1,-60,0,0,0
2026-07-18T11:55:19.752 RX LT,2674,57,171,115,220,-11,4,1,-56,0,0,0
2026-07-18T11:55:19.752 RX LT,2694,57,171,115,220,-11,4,1,-53,0,0,0
2026-07-18T11:55:19.752 RX LT,2714,57,171,115,220,-11,4,1,-48,0,0,0
2026-07-18T11:55:19.752 RX LT,2734,57,171,105,220,-11,4,1,-43,0,0,0
2026-07-18T11:55:19.752 RX LT,2754,57,171,115,220,-11,4,1,-38,0,0,0
2026-07-18T11:55:19.877 RX LT,2774,57,171,115,187,-11,4,1,-33,0,0,0
2026-07-18T11:55:19.878 RX LT,2794,73,167,115,185,-6,12,1,-28,0,0,0
2026-07-18T11:55:19.878 RX LT,2814,73,167,72,185,-6,12,1,-23,0,0,0
2026-07-18T11:55:19.879 RX LT,2834,73,167,113,229,-6,12,1,-18,0,0,0
2026-07-18T11:55:19.879 RX LT,2854,73,167,115,220,-6,12,1,-11,0,0,0
2026-07-18T11:55:19.879 RX LT,2874,73,167,115,220,-6,12,1,-7,0,0,0
2026-07-18T11:55:19.998 RX LT,2894,73,167,115,231,-6,12,1,-3,0,0,0
2026-07-18T11:55:19.998 RX LT,2914,73,167,72,221,-6,12,1,1,0,0,0
2026-07-18T11:55:19.998 RX LT,2934,73,167,113,220,-6,12,1,6,0,0,0
2026-07-18T11:55:19.998 RX LT,2954,73,167,115,231,-6,12,1,10,0,0,0
2026-07-18T11:55:19.998 RX LT,2974,73,167,115,221,-6,12,1,15,0,0,0
2026-07-18T11:55:19.998 RX LT,2994,73,167,72,220,-6,12,1,19,0,0,0
2026-07-18T11:55:20.127 RX LT,3014,93,147,113,187,-2,8,1,23,0,0,0
2026-07-18T11:55:20.127 RX LT,3034,113,127,115,185,0,24,1,27,0,0,0
2026-07-18T11:55:20.127 RX LT,3054,120,120,115,185,0,24,1,30,0,0,0
2026-07-18T11:55:20.127 RX LT,3074,120,120,115,174,0,24,1,34,0,0,0
2026-07-18T11:55:20.127 RX LT,3094,120,120,115,174,0,24,1,35,0,0,0
2026-07-18T11:55:20.127 RX LT,3114,120,120,126,174,0,24,1,36,0,0,0
2026-07-18T11:55:20.127 TX SET LINEKD 2150 717852788
2026-07-18T11:55:20.256 RX LT,3134,120,120,105,184,0,24,1,38,0,0,0
2026-07-18T11:55:20.256 RX LT,3154,120,120,115,174,0,24,1,39,0,0,0
2026-07-18T11:55:20.256 RX SA,717852788,LINEKD,2150
2026-07-18T11:55:20.256 RX LT,3174,120,120,126,163,0,24,1,39,0,0,0
2026-07-18T11:55:20.256 RX LT,3194,132,108,116,184,2,16,1,39,0,0,0
2026-07-18T11:55:20.256 RX LT,3214,148,92,159,163,6,48,1,38,0,0,0
2026-07-18T11:55:20.256 RX LT,3234,164,76,118,129,6,48,1,37,0,0,0
2026-07-18T11:55:20.386 RX LT,3254,167,73,159,127,6,48,1,37,0,0,0
2026-07-18T11:55:20.386 RX LT,3274,167,73,162,127,6,48,1,35,0,0,0
2026-07-18T11:55:20.386 RX LT,3294,167,73,162,127,6,48,1,30,0,0,0
2026-07-18T11:55:20.386 RX LT,3314,167,73,129,116,6,48,1,25,0,0,0
2026-07-18T11:55:20.386 RX LT,3334,167,73,127,159,6,48,1,21,0,0,0
2026-07-18T11:55:20.386 RX LT,3354,167,73,171,118,6,48,1,17,0,0,0
2026-07-18T11:55:20.530 RX LT,3376,167,73,129,116,6,48,1,11,0,0,0
2026-07-18T11:55:20.530 RX LT,3396,167,73,214,148,6,48,1,6,0,0,0
2026-07-18T11:55:20.530 RX LT,3416,167,73,165,74,6,48,1,0,0,0,0
2026-07-18T11:55:20.530 RX LT,3436,167,73,173,156,6,48,1,-5,0,0,0
2026-07-18T11:55:20.531 RX LT,3456,167,73,173,118,6,48,1,-11,0,0,0
2026-07-18T11:55:20.531 RX LT,3476,167,73,173,116,6,48,1,-17,0,0,0
2026-07-18T11:55:20.531 RX LT,3496,167,73,173,72,6,48,1,-23,0,0,0
2026-07-18T11:55:20.647 RX LT,3516,167,73,173,113,6,48,1,-30,0,0,0
2026-07-18T11:55:20.647 RX LT,3536,167,73,163,115,6,48,1,-36,0,0,0
2026-07-18T11:55:20.647 RX LT,3556,167,73,173,115,6,48,1,-42,0,0,0
2026-07-18T11:55:20.647 RX LT,3576,167,73,173,105,6,48,1,-47,0,0,0
2026-07-18T11:55:20.647 RX LT,3596,167,73,173,115,6,48,1,-53,0,0,0
2026-07-18T11:55:20.647 RX LT,3616,167,73,184,72,6,48,1,-62,0,0,0
2026-07-18T11:55:20.777 RX LT,3636,167,73,174,113,6,48,1,-68,0,0,0
2026-07-18T11:55:20.777 RX LT,3656,167,73,217,72,6,48,1,-74,0,0,0
2026-07-18T11:55:20.777 RX LT,3676,167,73,176,113,6,48,1,-81,0,0,0
2026-07-18T11:55:20.777 RX LT,3696,167,73,185,104,6,48,1,-87,0,0,0
2026-07-18T11:55:20.777 RX LT,3716,167,73,174,71,6,48,1,-93,0,0,0
2026-07-18T11:55:20.777 RX LT,3736,167,73,184,113,6,48,1,-100,0,0,0
2026-07-18T11:55:20.927 RX LT,3756,167,73,185,104,6,48,1,-106,0,0,0
2026-07-18T11:55:20.927 RX LT,3776,167,73,185,71,6,48,1,-113,0,0,0
2026-07-18T11:55:20.927 RX LT,3796,167,73,218,113,6,48,1,-119,0,0,0
2026-07-18T11:55:20.927 RX LT,3816,167,73,220,104,6,48,1,-126,0,0,0
2026-07-18T11:55:20.927 RX LT,3836,167,73,220,104,6,48,1,-135,0,0,0
2026-07-18T11:55:20.927 RX LT,3856,167,73,220,71,6,48,1,-141,0,0,0
2026-07-18T11:55:20.927 RX LT,3876,167,73,220,113,6,48,1,-148,0,0,0
2026-07-18T11:55:21.055 RX LT,3896,167,73,220,104,6,48,1,-154,0,0,0
2026-07-18T11:55:21.055 RX LT,3916,167,73,187,71,6,48,1,-160,0,0,0
2026-07-18T11:55:21.055 RX LT,3936,147,93,185,113,2,16,1,-167,0,0,0
2026-07-18T11:55:21.055 RX LT,3956,132,108,185,104,2,16,1,-173,0,0,0
2026-07-18T11:55:21.055 RX LT,3976,120,120,185,71,0,24,1,-179,0,0,0
2026-07-18T11:55:21.056 RX LT,3996,120,120,185,113,0,24,1,-184,0,0,0
2026-07-18T11:55:21.181 RX LT,4016,120,120,218,115,0,24,1,-189,0,0,0
2026-07-18T11:55:21.181 RX LT,4036,120,120,176,115,0,24,1,-193,0,0,0
2026-07-18T11:55:21.181 RX LT,4056,104,136,174,105,-8,26,1,-197,0,0,0
2026-07-18T11:55:21.181 RX LT,4076,114,126,184,115,3,56,1,-201,0,0,0
2026-07-18T11:55:21.181 RX LT,4096,124,116,174,115,3,56,1,-203,0,0,0
2026-07-18T11:55:21.182 RX LT,4116,134,106,174,115,3,56,1,-203,0,0,0
2026-07-18T11:55:21.277 RX LT,4136,138,102,174,159,3,56,1,-205,0,0,0
2026-07-18T11:55:21.277 RX LT,4156,120,120,184,118,0,24,1,-208,0,0,0
2026-07-18T11:55:21.277 RX LT,4176,104,136,131,116,-6,12,1,-210,0,0,0
2026-07-18T11:55:21.277 RX LT,4196,88,152,171,116,-6,12,1,-211,0,0,0
2026-07-18T11:55:21.293 RX LT,4216,73,167,173,116,-6,12,1,-212,0,0,0
2026-07-18T11:55:21.414 RX LT,4236,73,167,130,126,-6,12,1,-213,0,0,0
2026-07-18T11:55:21.414 RX LT,4256,73,167,127,160,-6,12,1,-213,0,0,0
2026-07-18T11:55:21.415 RX LT,4276,73,167,127,162,-6,12,1,-211,0,0,0
2026-07-18T11:55:21.417 RX LT,4296,73,167,127,162,-6,12,1,-209,0,0,0
2026-07-18T11:55:21.417 RX LT,4316,73,167,127,129,-6,12,1,-207,0,0,0
2026-07-18T11:55:21.418 RX LT,4336,73,167,127,171,-6,12,1,-204,0,0,0
2026-07-18T11:55:21.539 RX LT,4356,73,167,160,130,-6,12,1,-201,0,0,0
2026-07-18T11:55:21.539 RX LT,4376,73,167,118,171,-6,12,1,-198,0,0,0
2026-07-18T11:55:21.539 RX LT,4396,73,167,159,173,-6,12,1,-195,0,0,0
2026-07-18T11:55:21.539 RX LT,4416,57,171,118,163,-11,4,1,-193,0,0,0
2026-07-18T11:55:21.547 RX LT,4436,57,171,159,173,-11,4,1,-190,0,0,0
2026-07-18T11:55:21.549 RX LT,4456,57,171,118,173,-11,4,1,-187,0,0,0
2026-07-18T11:55:21.549 TX SET LINEKD 2250 717852789
2026-07-18T11:55:21.657 RX LT,4476,57,171,127,173,-11,4,1,-182,0,0,0
2026-07-18T11:55:21.657 RX LT,4496,29,171,116,173,-18,6,1,-179,0,0,0
2026-07-18T11:55:21.657 RX SA,717852789,LINEKD,2250
2026-07-18T11:55:21.657 RX LT,4516,29,171,116,173,-18,6,1,-175,0,0,0
2026-07-18T11:55:21.657 RX LT,4536,64,136,116,173,-18,6,1,-171,0,0,0
2026-07-18T11:55:21.657 RX LT,4556,29,171,116,130,-18,6,1,-167,0,0,0
2026-07-18T11:55:21.657 RX LT,4576,29,171,159,171,-18,6,1,-164,0,0,0
2026-07-18T11:55:21.787 RX LT,4596,29,171,107,173,-18,6,1,-161,0,0,0
2026-07-18T11:55:21.787 RX LT,4616,29,171,115,173,-18,6,1,-157,0,0,0
2026-07-18T11:55:21.787 RX LT,4636,29,171,105,173,-18,6,1,-152,0,0,0
2026-07-18T11:55:21.787 RX LT,4656,29,171,115,217,-18,6,1,-147,0,0,0
2026-07-18T11:55:21.787 RX LT,4676,29,171,105,176,-18,6,1,-142,0,0,0
2026-07-18T11:55:21.787 RX LT,4696,29,171,71,174,-18,6,1,-135,0,0,0
2026-07-18T11:55:21.917 RX LT,4716,29,171,113,174,-18,6,1,-132,0,0,0
2026-07-18T11:55:21.917 RX LT,4736,57,171,104,174,-11,4,1,-126,0,0,0
2026-07-18T11:55:21.917 RX LT,4756,57,171,104,184,-11,4,1,-120,0,0,0
2026-07-18T11:55:21.917 RX LT,4776,57,171,104,174,-11,4,1,-115,0,0,0
2026-07-18T11:55:21.917 RX LT,4796,57,171,104,217,-11,4,1,-109,0,0,0
2026-07-18T11:55:21.917 RX LT,4816,57,171,71,176,-11,4,1,-104,0,0,0
2026-07-18T11:55:22.040 RX LT,4836,57,171,69,217,-11,4,1,-99,0,0,0
2026-07-18T11:55:22.040 RX LT,4856,57,171,113,176,-11,4,1,-94,0,0,0
2026-07-18T11:55:22.040 RX LT,4876,73,167,104,174,-6,12,1,-90,0,0,0
2026-07-18T11:55:22.040 RX LT,4896,73,167,115,217,-6,12,1,-86,0,0,0
2026-07-18T11:55:22.040 RX LT,4916,73,167,105,176,-6,12,1,-79,0,0,0
2026-07-18T11:55:22.040 RX LT,4936,73,167,71,217,-6,12,1,-75,0,0,0
2026-07-18T11:55:22.157 RX LT,4956,73,167,113,176,-6,12,1,-72,0,0,0
2026-07-18T11:55:22.167 RX LT,4976,73,167,72,185,-6,12,1,-68,0,0,0
2026-07-18T11:55:22.167 RX LT,4996,73,167,113,218,-6,12,1,-63,0,0,0
2026-07-18T11:55:22.168 RX LT,5016,73,167,72,176,-6,12,1,-60,0,0,0
2026-07-18T11:55:22.168 RX LT,5036,73,167,113,185,-6,12,1,-56,0,0,0
2026-07-18T11:55:22.168 RX LT,5056,73,167,72,218,-6,12,1,-52,0,0,0
2026-07-18T11:55:22.294 RX LT,5076,73,167,113,176,-6,12,1,-48,0,0,0
2026-07-18T11:55:22.294 RX LT,5096,83,157,104,185,-2,8,1,-43,0,0,0
2026-07-18T11:55:22.294 RX LT,5116,103,137,115,174,-2,8,1,-39,0,0,0
2026-07-18T11:55:22.294 RX LT,5136,120,120,115,217,0,24,1,-35,0,0,0
2026-07-18T11:55:22.294 RX LT,5156,120,120,105,165,0,24,1,-32,0,0,0
2026-07-18T11:55:22.294 RX LT,5176,120,120,115,173,0,24,1,-30,0,0,0
2026-07-18T11:55:22.417 RX LT,5196,120,120,115,163,0,24,1,-28,0,0,0
2026-07-18T11:55:22.417 RX LT,5216,120,120,115,173,0,24,1,-27,0,0,0
2026-07-18T11:55:22.417 TX SET LINEKD 2350 717852790
2026-07-18T11:55:22.417 RX LT,5236,120,120,115,130,0,24,1,-26,0,0,0
2026-07-18T11:55:22.417 RX LT,5256,120,120,72,171,0,24,1,-25,0,0,0
2026-07-18T11:55:22.417 RX LT,5276,120,120,113,130,0,24,1,-24,0,0,0
2026-07-18T11:55:22.417 RX LT,5296,120,120,115,171,0,24,1,-24,0,0,0
2026-07-18T11:55:22.562 RX LT,5316,120,120,115,130,0,24,1,-24,0,0,0
2026-07-18T11:55:22.562 RX LT,5336,132,108,115,160,2,16,1,-25,0,0,0
2026-07-18T11:55:22.562 RX SA,717852790,LINEKD,2350
2026-07-18T11:55:22.562 RX LT,5356,128,112,115,162,6,48,1,-25,0,0,0
2026-07-18T11:55:22.562 RX LT,5376,144,96,115,162,6,48,1,-26,0,0,0
2026-07-18T11:55:22.563 RX LT,5396,160,80,115,118,6,48,1,-26,0,0,0
2026-07-18T11:55:22.563 RX LT,5416,167,73,115,116,6,48,1,-26,0,0,0
2026-07-18T11:55:22.668 RX LT,5436,167,73,159,116,6,48,1,-28,0,0,0
2026-07-18T11:55:22.668 RX LT,5456,167,73,118,116,6,48,1,-30,0,0,0
2026-07-18T11:55:22.668 RX LT,5476,167,73,127,116,6,48,1,-33,0,0,0
2026-07-18T11:55:22.668 RX LT,5496,167,73,127,116,6,48,1,-36,0,0,0
2026-07-18T11:55:22.668 RX LT,5516,167,73,127,116,6,48,1,-39,0,0,0
2026-07-18T11:55:22.668 RX LT,5536,167,73,160,116,6,48,1,-43,0,0,0
2026-07-18T11:55:22.798 RX LT,5556,167,73,129,116,6,48,1,-47,0,0,0
2026-07-18T11:55:22.798 RX LT,5576,167,73,171,105,6,48,1,-53,0,0,0
2026-07-18T11:55:22.798 RX LT,5596,167,73,162,115,6,48,1,-58,0,0,0
2026-07-18T11:55:22.798 RX LT,5616,167,73,129,115,6,48,1,-63,0,0,0
2026-07-18T11:55:22.798 RX LT,5636,167,73,171,72,6,48,1,-67,0,0,0
2026-07-18T11:55:22.798 RX LT,5656,167,73,173,113,6,48,1,-73,0,0,0
2026-07-18T11:55:22.937 RX LT,5676,167,73,163,115,6,48,1,-78,0,0,0
2026-07-18T11:55:22.937 RX LT,5696,167,73,173,72,6,48,1,-83,0,0,0
2026-07-18T11:55:22.937 RX LT,5716,167,73,130,113,6,48,1,-88,0,0,0
2026-07-18T11:55:22.937 RX LT,5736,167,73,171,104,6,48,1,-93,0,0,0
2026-07-18T11:55:22.937 RX LT,5756,167,73,173,115,6,48,1,-98,0,0,0
2026-07-18T11:55:22.937 RX LT,5776,167,73,217,105,6,48,1,-106,0,0,0
2026-07-18T11:55:22.937 RX LT,5796,167,73,176,71,6,48,1,-112,0,0,0
2026-07-18T11:55:23.070 RX LT,5816,167,73,174,113,6,48,1,-117,0,0,0
2026-07-18T11:55:23.070 RX LT,5836,167,73,174,72,6,48,1,-120,0,0,0
2026-07-18T11:55:23.070 RX LT,5856,167,73,174,113,6,48,1,-126,0,0,0
2026-07-18T11:55:23.070 RX LT,5876,167,73,184,104,6,48,1,-133,0,0,0
2026-07-18T11:55:23.071 RX LT,5896,167,73,174,71,6,48,1,-139,0,0,0
2026-07-18T11:55:23.071 RX LT,5916,167,73,184,69,6,48,1,-145,0,0,0
2026-07-18T11:55:23.188 RX LT,5936,167,73,218,69,6,48,1,-152,0,0,0
2026-07-18T11:55:23.188 RX LT,5956,167,73,176,102,6,48,1,-158,0,0,0
2026-07-18T11:55:23.188 RX LT,5976,167,73,185,104,6,48,1,-164,0,0,0
2026-07-18T11:55:23.188 RX LT,5996,167,73,218,104,6,48,1,-173,0,0,0
2026-07-18T11:55:23.188 RX LT,6016,167,73,220,104,6,48,1,-179,0,0,0
2026-07-18T11:55:23.188 RX LT,6036,167,73,220,104,6,48,1,-185,0,0,0
2026-07-18T11:55:23.317 RX LT,6056,167,73,220,104,6,48,1,-191,0,0,0
2026-07-18T11:55:23.317 RX LT,6076,167,73,220,104,6,48,1,-197,0,0,0
2026-07-18T11:55:23.317 RX LT,6096,157,83,220,104,2,16,1,-203,0,0,0
2026-07-18T11:55:23.317 RX LT,6116,137,103,176,104,2,16,1,-209,0,0,0
2026-07-18T11:55:23.317 RX LT,6136,120,120,185,104,0,24,1,-214,0,0,0
2026-07-18T11:55:23.317 RX LT,6161,120,120,176,69,0,24,1,-224,0,0,0
2026-07-18T11:55:23.447 RX LT,6181,120,120,228,134,0,24,1,-226,0,0,0
2026-07-18T11:55:23.447 RX LT,6201,120,120,177,106,0,24,1,-230,0,0,0
2026-07-18T11:55:23.447 RX LT,6221,120,120,217,115,0,24,1,-233,0,0,0
2026-07-18T11:55:23.447 RX LT,6241,120,120,176,72,0,24,1,-235,0,0,0
2026-07-18T11:55:23.447 RX LT,6261,120,120,174,113,0,24,1,-236,0,0,0
2026-07-18T11:55:23.447 RX LT,6281,120,120,174,72,0,24,1,-238,0,0,0
2026-07-18T11:55:23.577 RX LT,6301,120,120,174,113,0,24,1,-239,0,0,0
2026-07-18T11:55:23.577 RX LT,6321,110,130,174,115,-2,8,1,-242,0,0,0
2026-07-18T11:55:23.577 RX LT,6341,94,146,174,115,-6,12,1,-244,0,0,0
2026-07-18T11:55:23.577 RX LT,6361,78,162,130,115,-6,12,1,-245,0,0,0
2026-07-18T11:55:23.577 RX LT,6381,73,167,171,115,-6,12,1,-245,0,0,0
2026-07-18T11:55:23.577 RX LT,6401,73,167,162,126,-6,12,1,-245,0,0,0
2026-07-18T11:55:23.703 RX LT,6421,73,167,162,160,-6,12,1,-244,0,0,0
2026-07-18T11:55:23.704 RX LT,6441,73,167,162,162,-6,12,1,-242,0,0,0
2026-07-18T11:55:23.705 RX LT,6461,73,167,162,162,-6,12,1,-240,0,0,0
2026-07-18T11:55:23.708 RX LT,6481,73,167,162,162,-6,12,1,-238,0,0,0
2026-07-18T11:55:23.709 RX LT,6501,73,167,162,162,-6,12,1,-235,0,0,0
2026-07-18T11:55:23.709 RX LT,6521,57,171,162,129,-11,4,1,-232,0,0,0
2026-07-18T11:55:23.830 RX LT,6541,57,171,118,171,-11,4,1,-227,0,0,0
2026-07-18T11:55:23.830 RX LT,6561,57,171,127,173,-11,4,1,-223,0,0,0
2026-07-18T11:55:23.830 RX LT,6581,57,171,116,163,-11,4,1,-219,0,0,0
2026-07-18T11:55:23.831 RX LT,6601,29,171,159,173,-18,6,1,-215,0,0,0
2026-07-18T11:55:23.831 RX LT,6621,29,171,118,173,-18,6,1,-210,0,0,0
2026-07-18T11:55:23.831 RX LT,6641,29,171,116,130,-18,6,1,-206,0,0,0
2026-07-18T11:55:23.831 TX SET LINEKD 2250 717852791
2026-07-18T11:55:23.937 RX LT,6661,29,171,116,171,-18,6,1,-202,0,0,0
2026-07-18T11:55:23.937 RX LT,6681,29,171,116,173,-18,6,1,-197,0,0,0
2026-07-18T11:55:23.937 RX SA,717852791,LINEKD,2250
2026-07-18T11:55:23.938 RX LT,6701,82,118,105,217,-18,6,1,-192,0,0,0
2026-07-18T11:55:23.938 RX LT,6721,46,154,158,165,-18,6,1,-186,0,0,0
2026-07-18T11:55:23.938 RX LT,6741,29,171,118,173,-18,6,1,-181,0,0,0
2026-07-18T11:55:24.062 RX LT,6761,29,171,72,173,-18,6,1,-173,0,0,0
2026-07-18T11:55:24.062 RX LT,6781,29,171,113,173,-18,6,1,-168,0,0,0
2026-07-18T11:55:24.062 RX LT,6801,29,171,104,163,-18,6,1,-164,0,0,0
2026-07-18T11:55:24.063 RX LT,6821,29,171,104,173,-18,6,1,-158,0,0,0
2026-07-18T11:55:24.063 RX LT,6841,29,171,71,173,-18,6,1,-153,0,0,0
2026-07-18T11:55:24.063 RX LT,6861,29,171,69,173,-18,6,1,-147,0,0,0
2026-07-18T11:55:24.179 RX LT,6881,29,171,69,217,-18,6,1,-141,0,0,0
2026-07-18T11:55:24.179 RX LT,6901,29,171,113,176,-18,6,1,-135,0,0,0
2026-07-18T11:55:24.179 RX LT,6921,29,171,104,206,-18,6,1,-132,0,0,0
2026-07-18T11:55:24.179 RX LT,6941,29,171,60,176,-18,6,1,-126,0,0,0
2026-07-18T11:55:24.179 RX LT,6961,57,171,69,174,-11,4,1,-117,0,0,0
2026-07-18T11:55:24.179 RX LT,6981,57,171,69,174,-11,4,1,-111,0,0,0
2026-07-18T11:55:24.307 RX LT,7001,57,171,69,174,-11,4,1,-105,0,0,0
2026-07-18T11:55:24.307 RX LT,7021,57,171,69,217,-11,4,1,-100,0,0,0
2026-07-18T11:55:24.307 RX LT,7041,57,171,69,176,-11,4,1,-94,0,0,0
2026-07-18T11:55:24.307 RX LT,7061,57,171,69,174,-11,4,1,-89,0,0,0
2026-07-18T11:55:24.307 RX LT,7081,57,171,69,174,-11,4,1,-84,0,0,0
2026-07-18T11:55:24.307 RX LT,7101,73,167,69,184,-6,12,1,-79,0,0,0
2026-07-18T11:55:24.436 RX LT,7121,73,167,69,174,-6,12,1,-74,0,0,0
2026-07-18T11:55:24.436 RX LT,7141,73,167,113,217,-6,12,1,-69,0,0,0
2026-07-18T11:55:24.436 RX LT,7161,73,167,104,176,-6,12,1,-64,0,0,0
2026-07-18T11:55:24.436 RX LT,7181,73,167,71,185,-6,12,1,-57,0,0,0
2026-07-18T11:55:24.436 RX LT,7201,73,167,69,174,-6,12,1,-52,0,0,0
2026-07-18T11:55:24.436 RX LT,7221,73,167,113,184,-6,12,1,-47,0,0,0
2026-07-18T11:55:24.436 RX LT,7241,73,167,104,218,-6,12,1,-43,0,0,0
2026-07-18T11:55:24.577 RX LT,7261,73,167,104,176,-6,12,1,-38,0,0,0
2026-07-18T11:55:24.577 RX LT,7281,73,167,104,217,-6,12,1,-33,0,0,0
2026-07-18T11:55:24.577 RX LT,7301,83,157,71,176,-2,8,1,-28,0,0,0
2026-07-18T11:55:24.577 RX LT,7321,103,137,69,185,0,24,1,-26,0,0,0
2026-07-18T11:55:24.577 RX LT,7341,120,120,113,131,0,24,1,-22,0,0,0
2026-07-18T11:55:24.577 RX LT,7361,120,120,104,171,0,24,1,-18,0,0,0
2026-07-18T11:55:24.710 RX LT,7381,120,120,104,130,0,24,1,-14,0,0,0
2026-07-18T11:55:24.710 RX LT,7401,120,120,71,171,0,24,1,-10,0,0,0
2026-07-18T11:55:24.710 RX LT,7421,120,120,113,173,0,24,1,-8,0,0,0
2026-07-18T11:55:24.711 RX LT,7441,120,120,72,163,0,24,1,-6,0,0,0
2026-07-18T11:55:24.711 RX LT,7461,120,120,113,162,0,24,1,-5,0,0,0
2026-07-18T11:55:24.711 TX SET LINEKP 8150 717852792
2026-07-18T11:55:24.711 RX LT,7481,120,120,115,129,0,24,1,-5,0,0,0
2026-07-18T11:55:24.837 RX LT,7501,128,112,105,127,6,48,1,-5,0,0,0
2026-07-18T11:55:24.837 RX LT,7521,144,96,115,127,6,48,1,-5,0,0,0
2026-07-18T11:55:24.837 RX SA,717852792,LINEKP,8150
2026-07-18T11:55:24.837 RX LT,7541,128,112,72,160,6,48,1,-5,0,0,0
2026-07-18T11:55:24.837 RX LT,7561,144,96,113,118,6,48,1,-5,0,0,0
2026-07-18T11:55:24.838 RX LT,7581,160,80,115,116,6,48,1,-6,0,0,0
2026-07-18T11:55:24.838 RX LT,7601,167,73,115,116,6,48,1,-6,0,0,0
2026-07-18T11:55:24.957 RX LT,7621,167,73,126,105,6,48,1,-9,0,0,0
2026-07-18T11:55:24.957 RX LT,7641,167,73,116,115,6,48,1,-12,0,0,0
2026-07-18T11:55:24.957 RX LT,7661,167,73,126,115,6,48,1,-15,0,0,0
2026-07-18T11:55:24.957 RX LT,7681,167,73,160,72,6,48,1,-19,0,0,0
2026-07-18T11:55:24.957 RX LT,7701,167,73,162,113,6,48,1,-24,0,0,0
2026-07-18T11:55:24.957 RX LT,7721,167,73,162,104,6,48,1,-29,0,0,0
2026-07-18T11:55:25.087 RX LT,7741,167,73,162,71,6,48,1,-34,0,0,0
2026-07-18T11:55:25.087 RX LT,7761,167,73,162,113,6,48,1,-39,0,0,0
2026-07-18T11:55:25.087 RX LT,7781,167,73,129,104,6,48,1,-44,0,0,0
2026-07-18T11:55:25.087 RX LT,7801,167,73,171,71,6,48,1,-49,0,0,0
2026-07-18T11:55:25.087 RX LT,7821,161,79,162,113,3,56,1,-54,0,0,0
2026-07-18T11:55:25.087 RX LT,7841,147,93,129,104,0,60,1,-62,0,0,0
2026-07-18T11:55:25.227 RX LT,7861,147,93,171,104,0,62,0,-67,0,0,0
2026-07-18T11:55:25.227 RX LT,7881,140,140,130,158,0,62,0,0,0,1,0
2026-07-18T11:55:25.227 RX LT,7901,140,140,127,118,0,62,0,0,0,1,0
2026-07-18T11:55:25.227 RX LT,7921,140,140,171,105,0,62,0,0,0,2,0
2026-07-18T11:55:25.227 RX LT,7941,-165,165,75,115,0,63,0,-3,0,2,2
2026-07-18T11:55:25.227 RX LT,7961,-165,165,59,115,0,31,0,-5,0,2,4
2026-07-18T11:55:25.227 RX LT,7981,-165,165,3,115,-24,7,1,-4,0,2,5
2026-07-18T11:55:25.357 RX LT,8001,-165,165,0,115,-30,3,1,3,0,2,6
2026-07-18T11:55:25.357 RX LT,8021,-165,165,43,170,-30,3,1,13,0,2,8
2026-07-18T11:55:25.357 RX LT,8041,-165,165,100,119,-30,3,1,35,0,2,10
2026-07-18T11:55:25.357 RX LT,8061,-165,165,104,116,-30,3,1,50,0,2,12
2026-07-18T11:55:25.357 RX LT,8081,-165,165,60,126,-24,7,1,66,0,2,15
2026-07-18T11:55:25.357 RX LT,8101,-165,165,69,127,-24,7,1,82,0,2,17
2026-07-18T11:55:25.473 RX LT,8121,-165,165,113,127,-24,7,1,98,0,2,19
2026-07-18T11:55:25.473 RX LT,8141,-165,165,115,127,-24,7,1,115,0,2,22
2026-07-18T11:55:25.473 RX LT,8161,-165,165,115,127,-24,7,1,131,0,2,24
2026-07-18T11:55:25.474 RX LT,8181,-165,165,115,171,-24,7,1,148,0,2,28
2026-07-18T11:55:25.474 RX LT,8201,-165,165,159,162,-12,14,1,165,0,2,30
2026-07-18T11:55:25.597 RX LT,8221,-165,165,118,173,-12,14,1,182,0,2,33
2026-07-18T11:55:25.597 RX LT,8241,-165,165,170,163,-12,14,1,200,0,2,36
2026-07-18T11:55:25.597 RX LT,8261,-165,165,130,173,-6,12,1,227,0,2,39
2026-07-18T11:55:25.597 RX LT,8281,-165,165,171,173,-3,28,1,246,0,2,43
2026-07-18T11:55:25.597 RX LT,8301,-165,165,347,304,-3,28,1,265,0,2,47
2026-07-18T11:55:25.597 RX LT,8321,-107,107,195,182,0,24,1,275,0,2,51
2026-07-18T11:55:25.722 RX LT,8341,-102,102,186,163,0,24,1,295,0,2,54
2026-07-18T11:55:25.722 RX LT,8361,-99,99,177,171,0,24,1,305,0,2,56
2026-07-18T11:55:25.722 RX LT,8381,-94,94,174,162,0,24,1,324,0,2,59
2026-07-18T11:55:25.722 RX LT,8401,-89,89,174,118,6,48,1,349,0,2,62
2026-07-18T11:55:25.722 RX LT,8421,-84,84,174,116,6,48,1,366,0,2,65
2026-07-18T11:55:25.722 RX LT,8441,-79,79,174,116,6,48,1,380,0,2,68
2026-07-18T11:55:25.837 RX LT,8461,-75,75,163,105,6,48,1,386,0,2,70
2026-07-18T11:55:25.837 RX LT,8481,-70,70,173,71,6,48,1,398,0,3,73
2026-07-18T11:55:25.837 RX TURN CAPTURE,1,408,75,48,6
2026-07-18T11:55:25.837 RX LT,8501,0,0,130,69,6,48,1,408,0,5,75
2026-07-18T11:55:25.837 RX LT,8521,0,0,116,102,11,32,1,417,0,5,77
2026-07-18T11:55:25.837 RX LT,8541,0,0,116,49,11,32,1,420,0,5,78
2026-07-18T11:55:25.837 RX LT,8561,0,0,105,13,11,32,1,425,0,5,80
2026-07-18T11:55:25.988 RX LT,8581,0,0,104,55,11,32,1,429,0,5,81
2026-07-18T11:55:25.988 RX LT,8601,0,0,60,46,23,96,1,430,0,5,82
2026-07-18T11:55:25.988 RX LT,8621,0,0,58,2,23,96,1,429,0,5,82
2026-07-18T11:55:25.988 RX LT,8641,0,0,47,11,23,96,1,426,0,5,83
2026-07-18T11:55:25.988 RX LT,8661,0,0,2,0,23,96,1,422,0,5,83
2026-07-18T11:55:25.988 RX LT,8681,0,0,0,0,23,96,1,416,0,5,83
2026-07-18T11:55:25.988 RX LT,8701,0,0,0,0,23,96,1,409,0,5,83
2026-07-18T11:55:26.139 RX LT,8721,0,0,0,0,23,96,1,403,0,5,83
2026-07-18T11:55:26.139 RX LT,8741,0,0,0,0,23,96,1,395,0,5,83
2026-07-18T11:55:26.139 RX LT,8761,0,0,0,0,23,96,1,389,0,5,83
2026-07-18T11:55:26.140 RX LT,8781,0,0,0,0,23,96,1,382,0,5,83
2026-07-18T11:55:26.140 RX LT,8801,0,0,10,0,23,96,1,377,0,5,83
2026-07-18T11:55:26.140 RX LT,8821,0,0,0,0,23,96,1,370,0,5,83
2026-07-18T11:55:26.141 RX LT,8841,0,0,0,0,23,96,1,366,0,5,83
2026-07-18T11:55:26.337 RX LT,8861,0,0,0,0,23,96,1,363,0,5,83
2026-07-18T11:55:26.337 RX LT,8881,0,0,0,0,23,96,1,359,0,5,83
2026-07-18T11:55:26.337 RX LT,8901,0,0,0,0,23,96,1,356,0,5,83
2026-07-18T11:55:26.337 RX LT,8921,0,0,0,0,23,96,1,353,0,5,83
2026-07-18T11:55:26.337 RX LT,8941,0,0,0,0,23,96,1,350,0,5,83
2026-07-18T11:55:26.337 RX SQUARE ERROR,GIMBAL CAPTURE LINE LOST
2026-07-18T11:55:26.337 TX STOP
2026-07-18T11:55:26.337 TX STOP
2026-07-18T11:55:26.478 RX OK STOP
2026-07-18T11:55:26.478 RX OK STOP
2026-07-18T11:55:26.478 TX PROFILE GIMBAL
2026-07-18T11:55:26.539 RX OK PROFILE GIMBAL FLASH 3
2026-07-18T11:55:26.539 TX PARAM
2026-07-18T11:55:26.727 RX PARAM,x1000,PROFILE,1,FLASHVER,3,GUARDVER,21,LKP,350,LKI,100,RKP,500,RKI,350,LFF,460,RFF,437,LMIN,32,RMIN,26,SYNC,1000,BIAS,50,GSTART,10,LINEKP,6750,LINEKD,2000,TURNANGLE,900,TURNFAST,185,TURNSLOW,140,TURNMARGIN,180,TURNEXIT,140,TURNDIST,98
2026-07-18T11:55:26.727 RX PARAM,x1000,PROFILE,1,FLASHVER,3,GUARDVER,21,LKP,350,LKI,100,RKP,500,RKI,350,LFF,460,RFF,437,LMIN,32,RMIN,26,SYNC,1000,BIAS,50,GSTART,10,LINEKP,6750,LINEKD,2000,TURNANGLE,900,TURNFAST,185,TURNSLOW,140,TURNMARGIN,180,TURNEXIT,140,TURNDIST,98
2026-07-18T11:55:26.728 TX SET TURNSLOW 80 717852793
2026-07-18T11:55:26.858 RX SA,717852793,TURNSLOW,80
2026-07-18T11:55:26.858 TX SET LKP 350 717852794
2026-07-18T11:55:26.998 RX SA,717852794,LKP,350
2026-07-18T11:55:26.998 TX SET LKI 100 717852795
2026-07-18T11:55:27.139 RX SA,717852795,LKI,100
2026-07-18T11:55:27.139 TX SET LFF 460 717852796
2026-07-18T11:55:27.270 RX SA,717852796,LFF,460
2026-07-18T11:55:27.270 TX SET LMIN 32 717852797
2026-07-18T11:55:27.403 RX SA,717852797,LMIN,32
2026-07-18T11:55:27.403 TX SET RKP 500 717852798
2026-07-18T11:55:27.529 RX SA,717852798,RKP,500
2026-07-18T11:55:27.529 TX SET RKI 350 717852799
2026-07-18T11:55:27.673 RX SA,717852799,RKI,350
2026-07-18T11:55:27.673 TX SET RFF 437 717852800
2026-07-18T11:55:27.807 RX SA,717852800,RFF,437
2026-07-18T11:55:27.807 TX SET RMIN 26 717852801
2026-07-18T11:55:27.932 RX SA,717852801,RMIN,26
2026-07-18T11:55:27.932 TX SET SYNC 1000 717852802
2026-07-18T11:55:28.058 RX SA,717852802,SYNC,1000
2026-07-18T11:55:28.059 TX SET BIAS 50 717852803
2026-07-18T11:55:28.188 RX SA,717852803,BIAS,50
2026-07-18T11:55:28.188 TX SET LINEKP 6750 717852804
2026-07-18T11:55:28.327 RX SA,717852804,LINEKP,6750
2026-07-18T11:55:28.328 TX SET LINEKD 2000 717852805
2026-07-18T11:55:28.463 RX SA,717852805,LINEKD,2000
2026-07-18T11:55:28.464 TX SET TURNANGLE 900 717852806
2026-07-18T11:55:28.598 RX SA,717852806,TURNANGLE,900
2026-07-18T11:55:28.598 TX SET TURNFAST 185 717852807
2026-07-18T11:55:28.727 RX SA,717852807,TURNFAST,185
2026-07-18T11:55:28.727 TX SET TURNMARGIN 180 717852808
2026-07-18T11:55:28.854 RX SA,717852808,TURNMARGIN,180
2026-07-18T11:55:28.854 TX SET TURNEXIT 140 717852809
2026-07-18T11:55:29.002 RX SA,717852809,TURNEXIT,140
2026-07-18T11:55:29.002 TX SET TURNDIST 98 717852810
2026-07-18T11:55:29.134 RX SA,717852810,TURNDIST,98
2026-07-18T11:55:29.134 TX SET GSTART 0 717852811
2026-07-18T11:55:29.273 RX SA,717852811,GSTART,0
2026-07-18T11:55:29.273 TX SET TURNSLOW 140 717852812
2026-07-18T11:55:29.398 RX SA,717852812,TURNSLOW,140
2026-07-18T11:55:29.398 TX STOP
