2026-07-16T06:58:43.697 TX HELLO 512356572
2026-07-16T06:58:43.832 RX HELLO,512356572,2,STBY,HIGH,ENCODER_MM_X1000,580,SAMPLE_MS,10
2026-07-16T06:58:43.832 TX STOP
2026-07-16T06:58:43.966 RX OK STOP
2026-07-16T06:58:43.966 TX PARAM
2026-07-16T06:58:44.121 RX PARAM,x1000,PROFILE,1,FLASHVER,3,GUARDVER,6,LKP,350,LKI,100,RKP,500,RKI,350,LFF,460,RFF,437,LMIN,32,RMIN,26,SYNC,500,BIAS,80,GSTART,10,LINEKP,3000,LINEKD,800,TURNANGLE,900,TURNFAST,150,TURNSLOW,100,TURNMARGIN,300,TURNEXIT,100,TURNDIST,98
2026-07-16T06:58:44.121 TX SENSOR
2026-07-16T06:58:44.249 RX SENSOR,OK,24,0,93,0,24
2026-07-16T06:58:44.249 TX IMU
2026-07-16T06:58:44.381 RX IMU,OK,-941,2297,42,VER,1,1,0,0
2026-07-16T06:58:44.381 TX SET TURNSLOW 80 512356573
2026-07-16T06:58:44.515 RX SA,512356573,TURNSLOW,80
2026-07-16T06:58:44.515 TX SET TURNFAST 150 512356574
2026-07-16T06:58:44.651 RX SA,512356574,TURNFAST,150
2026-07-16T06:58:44.651 TX SET TURNSLOW 100 512356575
2026-07-16T06:58:44.789 RX SA,512356575,TURNSLOW,100
2026-07-16T06:58:44.789 TX SET TURNANGLE 900 512356576
2026-07-16T06:58:44.920 RX SA,512356576,TURNANGLE,900
2026-07-16T06:58:44.920 TX SET TURNMARGIN 300 512356577
2026-07-16T06:58:45.050 RX SA,512356577,TURNMARGIN,300
2026-07-16T06:58:45.050 TX SET TURNEXIT 100 512356578
2026-07-16T06:58:45.183 RX SA,512356578,TURNEXIT,100
2026-07-16T06:58:45.183 TX SET TURNDIST 98 512356579
2026-07-16T06:58:45.306 RX SA,512356579,TURNDIST,98
2026-07-16T06:58:45.306 TX SQUARE 120 1 512356580
2026-07-16T06:58:45.360 RX TEST START,SQUARE,120,1
2026-07-16T06:58:45.360 RX CSV,time_ms,mode,left_target,right_target,left_mmps,right_mmps,left_pwm,right_pwm,left_error,right_error,count_diff,line_error,line_mask,line_valid,yaw_x10,corner_count,square_state,turn_travel_mm
2026-07-16T06:58:45.360 RX SQ,512356580,OK
2026-07-16T06:58:45.456 RX PID,20,SQUARE,0,0,0,0,0,0,0,0,0,0,24,1,0,0,0,0
2026-07-16T06:58:45.456 RX PID,40,SQUARE,0,0,0,0,0,0,0,0,0,0,24,1,0,0,0,0
2026-07-16T06:58:45.456 RX PID,60,SQUARE,0,0,0,0,0,0,0,0,0,0,24,1,0,0,0,0
2026-07-16T06:58:45.456 RX PID,80,SQUARE,0,0,0,0,0,0,0,0,0,0,24,1,0,0,0,0
2026-07-16T06:58:45.456 RX PID,100,SQUARE,0,0,0,0,0,0,0,0,0,0,24,1,0,0,0,0
2026-07-16T06:58:45.565 RX PID,120,SQUARE,0,0,0,0,0,0,0,0,0,0,24,1,0,0,0,0
2026-07-16T06:58:45.565 RX PID,140,SQUARE,0,0,0,0,0,0,0,0,0,0,24,1,0,0,0,0
2026-07-16T06:58:45.565 RX PID,160,SQUARE,0,0,0,0,0,0,0,0,0,0,24,1,0,0,0,0
2026-07-16T06:58:45.565 RX PID,180,SQUARE,0,0,0,0,0,0,0,0,0,0,24,1,0,0,0,0
2026-07-16T06:58:45.565 RX PID,200,SQUARE,0,0,0,0,0,0,0,0,0,0,24,1,0,0,0,0
2026-07-16T06:58:45.682 RX PID,220,SQUARE,0,0,0,0,0,0,0,0,0,0,24,1,0,0,0,0
2026-07-16T06:58:45.682 RX PID,240,SQUARE,0,0,0,0,0,0,0,0,0,0,24,1,0,0,0,0
2026-07-16T06:58:45.682 RX PID,260,SQUARE,0,0,0,0,0,0,0,0,0,0,24,1,0,0,0,0
2026-07-16T06:58:45.682 RX PID,280,SQUARE,0,0,0,0,0,0,0,0,0,0,24,1,0,0,0,0
2026-07-16T06:58:45.682 RX PID,300,SQUARE,0,0,0,0,0,0,0,0,0,0,24,1,0,0,0,0
2026-07-16T06:58:45.682 RX PID,320,SQUARE,0,0,0,0,0,0,0,0,0,0,24,1,0,0,0,0
2026-07-16T06:58:45.776 RX PID,340,SQUARE,50,30,0,0,80,54,50,30,0,0,24,1,0,0,0,0
2026-07-16T06:58:45.776 RX PID,360,SQUARE,52,32,43,0,80,55,9,32,1,0,24,1,0,0,0,0
2026-07-16T06:58:45.776 RX PID,380,SQUARE,55,35,2,43,80,50,53,-8,0,0,24,1,0,0,0,0
2026-07-16T06:58:45.776 RX PID,400,SQUARE,57,37,11,2,80,59,46,35,1,0,24,1,-1,0,0,0
2026-07-16T06:58:45.877 RX PID,420,SQUARE,58,42,0,0,80,65,58,42,1,0,24,1,-1,0,0,0
2026-07-16T06:58:45.877 RX PID,440,SQUARE,60,44,0,43,82,52,60,1,0,0,24,1,-1,0,0,0
2026-07-16T06:58:45.877 RX PID,460,SQUARE,62,46,43,2,82,69,19,44,1,0,24,1,-1,0,0,0
2026-07-16T06:58:45.877 RX PID,480,SQUARE,65,49,2,0,83,72,63,49,1,0,24,1,-1,0,0,0
2026-07-16T06:58:45.877 RX PID,500,SQUARE,67,51,0,0,85,75,67,51,1,0,24,1,-1,0,0,0
2026-07-16T06:58:45.960 RX PID,520,SQUARE,72,52,0,0,90,76,72,52,1,0,24,1,-1,0,0,0
2026-07-16T06:58:45.960 RX PID,540,SQUARE,74,54,0,0,92,78,74,54,1,0,24,1,-1,0,0,0
2026-07-16T06:58:45.960 RX PID,560,SQUARE,76,56,0,0,93,81,76,56,1,0,24,1,0,0,0,0
2026-07-16T06:58:45.960 RX PID,580,SQUARE,79,59,0,0,96,83,79,59,1,0,24,1,0,0,0,0
2026-07-16T06:58:46.061 RX PID,600,SQUARE,81,61,0,0,98,85,81,61,1,0,24,1,0,0,0,0
2026-07-16T06:58:46.061 RX PID,620,SQUARE,86,62,0,0,102,88,86,62,1,0,24,1,0,0,0,0
2026-07-16T06:58:46.061 RX PID,640,SQUARE,88,64,0,0,103,89,88,64,1,0,24,1,0,0,0,0
2026-07-16T06:58:46.061 RX PID,660,SQUARE,90,66,0,0,106,92,90,66,1,0,24,1,0,0,0,0
2026-07-16T06:58:46.061 RX PID,680,SQUARE,93,69,0,0,108,95,93,69,1,0,24,1,0,0,0,0
2026-07-16T06:58:46.154 RX PID,700,SQUARE,95,71,0,0,110,98,95,71,1,0,24,1,0,0,0,0
2026-07-16T06:58:46.154 RX PID,720,SQUARE,96,76,0,0,111,103,96,76,1,0,24,1,0,0,0,0
2026-07-16T06:58:46.154 RX PID,740,SQUARE,98,78,0,0,113,106,98,78,1,0,24,1,0,0,0,0
2026-07-16T06:58:46.154 RX PID,760,SQUARE,100,80,0,0,116,107,100,80,1,0,24,1,0,0,0,0
2026-07-16T06:58:46.256 RX PID,780,SQUARE,103,83,0,43,118,90,103,40,0,0,24,1,1,0,0,0
2026-07-16T06:58:46.256 RX PID,800,SQUARE,105,85,0,2,119,112,105,83,0,0,24,1,1,0,0,0
2026-07-16T06:58:46.256 RX PID,820,SQUARE,110,86,10,0,120,115,100,86,1,0,24,1,1,0,0,0
2026-07-16T06:58:46.256 RX PID,840,SQUARE,112,88,0,43,125,95,112,45,0,0,24,1,1,0,0,0
2026-07-16T06:58:46.256 RX PID,860,SQUARE,114,90,43,2,112,119,71,88,1,0,24,1,1,0,0,0
2026-07-16T06:58:46.339 RX PID,880,SQUARE,117,93,2,43,129,102,115,50,0,0,24,1,1,0,0,0
2026-07-16T06:58:46.339 RX PID,900,SQUARE,119,95,43,2,116,124,76,93,1,0,24,1,1,0,0,0
2026-07-16T06:58:46.339 RX PID,920,SQUARE,120,100,2,11,132,125,118,89,0,0,24,1,2,0,0,0
2026-07-16T06:58:46.339 RX PID,940,SQUARE,122,102,11,11,130,127,111,91,0,0,24,1,2,0,0,0
2026-07-16T06:58:46.422 RX PID,960,SQUARE,124,104,44,44,122,114,80,60,0,0,24,1,2,0,0,0
2026-07-16T06:58:46.422 RX PID,980,SQUARE,127,107,2,46,138,115,125,61,0,0,24,1,3,0,0,0
2026-07-16T06:58:46.422 RX PID,1000,SQUARE,129,109,11,46,137,118,118,63,-1,0,24,1,3,0,0,0
2026-07-16T06:58:46.422 RX PID,1020,SQUARE,134,106,11,46,141,116,123,60,-1,0,24,1,3,0,0,0
2026-07-16T06:58:46.510 RX PID,1040,SQUARE,135,105,55,46,127,115,80,59,0,0,24,1,3,0,0,0
2026-07-16T06:58:46.510 RX PID,1060,SQUARE,135,105,46,13,131,132,89,92,-1,0,24,1,2,0,0,0
2026-07-16T06:58:46.510 RX PID,1080,SQUARE,135,105,57,55,127,112,78,50,0,0,24,1,2,0,0,0
2026-07-16T06:58:46.510 RX PID,1100,SQUARE,135,105,47,57,130,111,88,48,0,0,24,1,2,0,0,0
2026-07-16T06:58:46.595 RX PID,1120,SQUARE,131,109,57,57,123,115,74,52,0,0,24,1,2,0,0,0
2026-07-16T06:58:46.595 RX PID,1140,SQUARE,128,112,101,101,105,96,27,11,-1,0,24,1,2,0,0,0
2026-07-16T06:58:46.595 RX PID,1161,SQUARE,128,112,112,155,101,70,16,-43,-2,0,24,1,3,0,0,0
2026-07-16T06:58:46.595 RX PID,1181,SQUARE,130,110,61,107,121,92,69,3,-3,0,24,1,5,0,0,0
2026-07-16T06:58:46.674 RX PID,1201,SQUARE,130,110,58,71,123,110,72,39,-5,0,24,1,8,0,0,0
2026-07-16T06:58:46.674 RX PID,1221,SQUARE,134,106,58,113,126,86,76,-7,-6,0,24,1,10,0,0,0
2026-07-16T06:58:46.674 RX PID,1241,SQUARE,138,102,58,104,130,86,80,-2,-8,0,24,1,13,0,0,0
2026-07-16T06:58:46.674 RX PID,1261,SQUARE,142,98,58,71,133,98,84,27,-9,0,24,1,16,0,0,0
2026-07-16T06:58:46.761 RX PID,1281,SQUARE,146,94,58,113,136,75,88,-19,-10,0,24,1,19,0,0,0
2026-07-16T06:58:46.761 RX PID,1301,SQUARE,147,93,58,104,137,78,89,-11,-11,0,24,1,21,0,0,0
2026-07-16T06:58:46.761 RX PID,1321,SQUARE,147,93,58,71,138,94,89,22,-13,0,24,1,24,0,0,0
2026-07-16T06:58:46.761 RX PID,1341,SQUARE,147,93,58,113,138,73,89,-20,-14,0,24,1,27,0,0,0
2026-07-16T06:58:46.847 RX PID,1361,SQUARE,147,93,58,72,138,93,89,21,-15,0,24,1,30,0,0,0
2026-07-16T06:58:46.847 RX PID,1381,SQUARE,147,93,101,113,123,73,46,-20,-16,2,16,1,32,0,0,0
2026-07-16T06:58:46.847 RX PID,1401,SQUARE,147,93,60,104,137,78,87,-11,-17,2,16,1,34,0,0,0
2026-07-16T06:58:46.847 RX PID,1421,SQUARE,147,93,14,104,153,78,133,-11,-18,2,16,1,35,0,0,0
2026-07-16T06:58:46.931 RX PID,1441,SQUARE,147,93,66,104,136,78,81,-11,-19,2,16,1,38,0,0,0
2026-07-16T06:58:46.931 RX PID,1461,SQUARE,147,93,58,104,139,78,89,-11,-20,2,16,1,40,0,0,0
2026-07-16T06:58:46.931 RX PID,1481,SQUARE,147,93,58,71,139,94,89,22,-21,2,16,1,42,0,0,0
2026-07-16T06:58:46.931 RX PID,1501,SQUARE,147,93,58,69,139,95,89,24,-22,2,16,1,44,0,0,0
2026-07-16T06:58:47.014 RX PID,1521,SQUARE,150,90,58,69,142,92,92,21,-24,6,48,1,45,0,0,0
2026-07-16T06:58:47.014 RX PID,1541,SQUARE,156,84,58,113,146,65,98,-29,-25,6,48,1,47,0,0,0
2026-07-16T06:58:47.014 RX PID,1561,SQUARE,162,78,68,104,148,64,94,-26,-25,6,48,1,49,0,0,0
2026-07-16T06:58:47.014 RX PID,1581,SQUARE,125,35,58,71,122,39,67,-36,-26,6,48,1,51,0,0,0
2026-07-16T06:58:47.099 RX PID,1601,SQUARE,125,35,101,58,107,46,24,-23,-25,6,48,1,52,0,0,0
2026-07-16T06:58:47.099 RX PID,1621,SQUARE,125,35,60,58,121,46,65,-23,-25,6,48,1,52,0,0,0
2026-07-16T06:58:47.099 RX PID,1641,SQUARE,125,35,101,58,107,46,24,-23,-25,6,48,1,52,0,0,0
2026-07-16T06:58:47.099 RX PID,1661,SQUARE,125,35,60,68,121,40,65,-33,-25,6,48,1,51,0,0,0
2026-07-16T06:58:47.184 RX PID,1681,SQUARE,125,35,101,15,107,66,24,20,-23,6,48,1,49,0,0,0
2026-07-16T06:58:47.184 RX PID,1701,SQUARE,125,35,60,55,121,46,65,-20,-24,6,48,1,47,0,0,0
2026-07-16T06:58:47.184 RX PID,1721,SQUARE,121,39,69,25,115,65,52,14,-23,6,48,1,45,0,0,0
2026-07-16T06:58:47.184 RX PID,1741,SQUARE,117,43,58,55,116,53,59,-12,-23,6,48,1,42,0,0,0
2026-07-16T06:58:47.266 RX PID,1761,SQUARE,113,47,58,25,113,72,55,22,-23,6,48,1,38,0,0,0
2026-07-16T06:58:47.266 RX PID,1781,SQUARE,113,47,58,55,113,57,55,-8,-21,6,48,1,35,0,0,0
2026-07-16T06:58:47.266 RX PID,1801,SQUARE,113,47,58,57,113,56,55,-10,-22,6,48,1,34,0,0,0
2026-07-16T06:58:47.266 RX PID,1821,SQUARE,109,51,58,14,110,81,51,37,-21,6,48,1,33,0,0,0
2026-07-16T06:58:47.351 RX PID,1841,SQUARE,105,55,58,55,107,65,47,0,-21,6,48,1,32,0,0,0
2026-07-16T06:58:47.351 RX PID,1861,SQUARE,101,59,14,57,119,67,87,2,-22,6,48,1,32,0,0,0
2026-07-16T06:58:47.351 RX PID,1881,SQUARE,97,63,55,57,101,71,42,6,-22,6,48,1,32,0,0,0
2026-07-16T06:58:47.351 RX PID,1901,SQUARE,95,65,57,14,99,94,38,51,-21,6,48,1,31,0,0,0
2026-07-16T06:58:47.448 RX PID,1921,SQUARE,99,61,47,55,107,70,52,6,-21,6,48,1,31,0,0,0
2026-07-16T06:58:47.448 RX PID,1941,SQUARE,103,57,57,57,107,65,46,0,-22,6,48,1,31,0,0,0
2026-07-16T06:58:47.448 RX PID,1961,SQUARE,107,53,57,57,110,62,50,-4,-22,6,48,1,31,0,0,0
2026-07-16T06:58:47.448 RX PID,1981,SQUARE,111,49,57,57,113,58,54,-8,-22,6,48,1,30,0,0,0
2026-07-16T06:58:47.511 RX PID,2001,SQUARE,115,45,57,14,116,75,58,31,-22,6,48,1,29,0,0,0
2026-07-16T06:58:47.511 RX PID,2021,SQUARE,115,45,57,22,116,71,58,23,-21,6,48,1,28,0,0,0
2026-07-16T06:58:47.511 RX PID,2041,SQUARE,115,45,57,55,116,55,58,-10,-21,6,48,1,28,0,0,0
2026-07-16T06:58:47.511 RX PID,2061,SQUARE,115,45,57,57,116,54,58,-12,-22,6,48,1,27,0,0,0
2026-07-16T06:58:47.603 RX PID,2081,SQUARE,115,45,57,57,116,54,58,-12,-21,6,48,1,27,0,0,0
2026-07-16T06:58:47.603 RX PID,2101,SQUARE,110,50,57,57,113,59,53,-7,-21,6,48,1,26,0,0,0
2026-07-16T06:58:47.603 RX PID,2121,SQUARE,112,52,57,57,115,61,55,-5,-21,6,48,1,26,0,0,0
2026-07-16T06:58:47.603 RX PID,2141,SQUARE,115,55,57,57,117,64,58,-2,-21,6,48,1,25,0,0,0
2026-07-16T06:58:47.704 RX PID,2161,SQUARE,118,58,57,57,120,66,61,1,-21,6,48,1,25,0,0,0
2026-07-16T06:58:47.704 RX PID,2181,SQUARE,120,60,57,57,122,68,63,3,-22,6,48,1,24,0,0,0
2026-07-16T06:58:47.704 RX PID,2201,SQUARE,125,61,57,68,125,64,68,-7,-22,6,48,1,24,0,0,0
2026-07-16T06:58:47.704 RX PID,2221,SQUARE,130,62,57,58,129,70,73,4,-22,6,48,1,23,0,0,0
2026-07-16T06:58:47.704 RX PID,2241,SQUARE,132,64,57,58,131,71,75,6,-22,6,48,1,23,0,0,0
2026-07-16T06:58:47.789 RX PID,2261,SQUARE,135,67,57,58,135,74,78,9,-22,6,48,1,23,0,0,0
2026-07-16T06:58:47.789 RX PID,2281,SQUARE,138,70,57,58,137,77,81,12,-22,6,48,1,22,0,0,0
2026-07-16T06:58:47.789 RX PID,2301,SQUARE,139,73,57,58,137,79,82,15,-22,6,48,1,22,0,0,0
2026-07-16T06:58:47.789 RX PID,2321,SQUARE,142,76,57,58,140,83,85,18,-22,6,48,1,21,0,0,0
2026-07-16T06:58:47.872 RX PID,2341,SQUARE,145,79,101,68,127,80,44,11,-22,6,48,1,21,0,0,0
2026-07-16T06:58:47.872 RX PID,2361,SQUARE,147,81,60,58,143,87,87,23,-22,6,48,1,21,0,0,0
2026-07-16T06:58:47.872 RX PID,2381,SQUARE,150,84,58,101,148,69,92,-17,-23,6,48,1,20,0,0,0
2026-07-16T06:58:47.872 RX PID,2401,SQUARE,152,88,68,60,145,93,84,28,-22,6,48,1,20,0,0,0
2026-07-16T06:58:47.956 RX PID,2421,SQUARE,152,88,58,69,148,89,94,19,-23,6,48,1,20,0,0,0
2026-07-16T06:58:47.956 RX PID,2441,SQUARE,152,88,101,69,133,89,51,19,-23,6,48,1,20,0,0,0
2026-07-16T06:58:47.956 RX PID,2461,SQUARE,152,88,104,102,132,73,48,-14,-23,6,48,1,20,0,0,0
2026-07-16T06:58:47.956 RX PID,2481,SQUARE,152,88,104,60,132,94,48,28,-22,6,48,1,20,0,0,0
2026-07-16T06:58:48.040 RX PID,2501,SQUARE,154,86,104,69,134,87,50,17,-22,6,48,1,19,0,0,0
2026-07-16T06:58:48.040 RX PID,2521,SQUARE,154,86,104,69,135,87,50,17,-22,6,48,1,18,0,0,0
2026-07-16T06:58:48.040 RX PID,2541,SQUARE,154,86,71,69,147,87,83,17,-22,6,48,1,17,0,0,0
2026-07-16T06:58:48.040 RX PID,2561,SQUARE,154,86,69,69,147,87,85,17,-22,6,48,1,16,0,0,0
2026-07-16T06:58:48.124 RX PID,2581,SQUARE,154,86,69,113,147,66,85,-27,-23,6,48,1,16,0,0,0
2026-07-16T06:58:48.124 RX PID,2601,SQUARE,152,88,69,104,146,72,83,-16,-23,6,48,1,16,0,0,0
2026-07-16T06:58:48.124 RX PID,2621,SQUARE,149,91,113,104,128,75,36,-13,-22,6,48,1,16,0,0,0
2026-07-16T06:58:48.124 RX PID,2641,SQUARE,149,91,104,71,131,91,45,20,-22,6,48,1,15,0,0,0
2026-07-16T06:58:48.200 RX PID,2661,SQUARE,149,91,104,69,131,92,45,22,-22,6,48,1,15,0,0,0
2026-07-16T06:58:48.200 RX PID,2681,SQUARE,149,91,104,113,132,70,45,-22,-23,6,48,1,14,0,0,0
2026-07-16T06:58:48.200 RX PID,2701,SQUARE,150,90,71,104,145,74,79,-14,-23,6,48,1,14,0,0,0
2026-07-16T06:58:48.200 RX PID,2721,SQUARE,150,90,69,104,146,74,81,-14,-23,6,48,1,14,0,0,0
2026-07-16T06:58:48.273 RX PID,2741,SQUARE,150,90,113,115,130,68,37,-25,-22,6,48,1,14,0,0,0
2026-07-16T06:58:48.273 RX PID,2761,SQUARE,116,44,126,115,99,25,-10,-71,-22,11,32,1,14,0,0,0
2026-07-16T06:58:48.273 RX PID,2781,SQUARE,122,38,73,61,122,46,49,-23,-21,11,32,1,13,0,0,0
2026-07-16T06:58:48.359 RX PID,2801,SQUARE,125,35,102,69,114,38,23,-34,-21,11,32,1,12,0,0,0
2026-07-16T06:58:48.359 RX PID,2821,SQUARE,125,35,115,102,109,22,10,-67,-20,11,32,1,11,0,0,0
2026-07-16T06:58:48.359 RX PID,2841,SQUARE,125,35,105,60,113,43,20,-25,-19,11,32,1,13,0,0,0
2026-07-16T06:58:48.359 RX PID,2861,SQUARE,125,35,60,101,128,22,65,-66,-19,11,32,1,9,0,0,0
2026-07-16T06:58:48.440 RX PID,2881,SQUARE,125,35,69,17,125,63,56,18,-18,11,32,1,8,0,0,0
2026-07-16T06:58:48.440 RX PID,2901,SQUARE,125,35,69,66,125,39,56,-31,-18,11,32,1,6,0,0,0
2026-07-16T06:58:48.440 RX PID,2921,SQUARE,125,35,58,47,129,48,67,-12,-18,11,32,1,5,0,0,0
2026-07-16T06:58:48.440 RX PID,2941,SQUARE,125,35,101,24,115,59,24,11,-17,11,32,1,3,0,0,0
2026-07-16T06:58:48.527 RX PID,2961,SQUARE,125,35,60,55,129,44,65,-20,-16,11,32,1,1,0,0,0
2026-07-16T06:58:48.527 RX PID,2981,SQUARE,125,35,58,57,130,43,67,-22,-16,11,32,1,0,0,0,0
2026-07-16T06:58:48.527 RX PID,3001,SQUARE,125,35,101,57,115,43,24,-22,-15,11,32,1,-2,0,0,0
2026-07-16T06:58:48.527 RX PID,3021,SQUARE,125,35,60,14,129,64,65,21,-14,11,32,1,-3,0,0,0
2026-07-16T06:58:48.601 RX PID,3041,SQUARE,125,35,58,55,130,43,67,-20,-14,11,32,1,-5,0,0,0
2026-07-16T06:58:48.601 RX PID,3061,SQUARE,125,35,58,57,130,42,67,-22,-14,11,32,1,-7,0,0,0
2026-07-16T06:58:48.601 RX PID,3081,SQUARE,125,35,58,57,130,42,67,-22,-14,11,32,1,-9,0,0,0
2026-07-16T06:58:48.601 RX PID,3101,SQUARE,125,35,101,14,115,63,24,21,-12,11,32,1,-10,0,0,0
2026-07-16T06:58:48.693 RX PID,3121,SQUARE,125,35,60,55,130,43,65,-20,-12,11,32,1,-13,0,0,0
2026-07-16T06:58:48.693 RX PID,3141,SQUARE,125,35,58,14,131,63,67,21,-11,11,32,1,-15,0,0,0
2026-07-16T06:58:48.693 RX PID,3161,SQUARE,125,35,68,55,127,43,57,-20,-10,11,32,1,-17,0,0,0
2026-07-16T06:58:48.693 RX PID,3181,SQUARE,125,35,58,14,131,63,67,21,-9,11,32,1,-19,0,0,0
2026-07-16T06:58:48.776 RX PID,3201,SQUARE,125,35,58,55,131,43,67,-20,-8,11,32,1,-21,0,0,0
2026-07-16T06:58:48.776 RX PID,3221,SQUARE,125,35,68,14,127,63,57,21,-7,11,32,1,-23,0,0,0
2026-07-16T06:58:48.776 RX PID,3241,SQUARE,125,35,58,55,131,43,67,-20,-7,11,32,1,-25,0,0,0
2026-07-16T06:58:48.776 RX PID,3261,SQUARE,125,35,101,14,116,63,24,21,-5,11,32,1,-31,0,0,0
2026-07-16T06:58:48.864 RX PID,3283,SQUARE,125,35,101,14,116,63,24,21,-5,11,32,1,-30,0,0,0
2026-07-16T06:58:48.864 RX PID,3303,SQUARE,125,35,71,66,126,37,54,-31,-5,11,32,1,-30,0,0,0
2026-07-16T06:58:48.864 RX PID,3323,SQUARE,125,35,69,15,128,62,56,20,-3,11,32,1,-32,0,0,0
2026-07-16T06:58:48.864 RX PID,3343,SQUARE,125,35,58,55,132,42,67,-20,-2,11,32,1,-33,0,0,0
2026-07-16T06:58:48.939 RX PID,3363,SQUARE,125,35,58,46,132,47,67,-11,-1,11,32,1,-35,0,0,0
2026-07-16T06:58:48.939 RX PID,3383,SQUARE,119,41,68,57,123,46,51,-16,-1,6,48,1,-37,0,0,0
2026-07-16T06:58:48.939 RX PID,3403,SQUARE,113,47,58,57,122,52,55,-10,0,6,48,1,-39,0,0,0
2026-07-16T06:58:48.939 RX PID,3423,SQUARE,106,54,68,47,113,63,38,7,1,6,48,1,-41,0,0,0
2026-07-16T06:58:49.031 RX PID,3443,SQUARE,102,58,58,57,113,62,44,1,1,6,48,1,-42,0,0,0
2026-07-16T06:58:49.031 RX PID,3463,SQUARE,98,62,101,57,96,66,-3,5,3,6,48,1,-44,0,0,0
2026-07-16T06:58:49.031 RX PID,3483,SQUARE,95,65,60,47,107,75,35,18,3,6,48,1,-45,0,0,0
2026-07-16T06:58:49.031 RX PID,3503,SQUARE,95,65,58,57,107,70,37,8,4,6,48,1,-46,0,0,0
2026-07-16T06:58:49.134 RX PID,3523,SQUARE,95,65,68,57,104,70,27,8,4,6,48,1,-48,0,0,0
2026-07-16T06:58:49.134 RX PID,3543,SQUARE,95,65,58,14,107,91,37,51,5,6,48,1,-49,0,0,0
2026-07-16T06:58:49.134 RX PID,3563,SQUARE,95,65,68,55,104,71,27,10,6,6,48,1,-51,0,0,0
2026-07-16T06:58:49.134 RX PID,3583,SQUARE,95,65,58,57,107,70,37,8,6,6,48,1,-52,0,0,0
2026-07-16T06:58:49.134 RX PID,3603,SQUARE,95,65,101,57,94,70,-6,8,8,6,48,1,-54,0,0,0
2026-07-16T06:58:49.207 RX PID,3623,SQUARE,95,65,60,14,108,91,35,51,9,6,48,1,-55,0,0,0
2026-07-16T06:58:49.207 RX PID,3643,SQUARE,95,65,69,55,105,71,26,10,9,6,48,1,-56,0,0,0
2026-07-16T06:58:49.207 RX PID,3663,SQUARE,95,65,58,57,108,70,37,8,10,6,48,1,-57,0,0,0
2026-07-16T06:58:49.207 RX PID,3683,SQUARE,95,65,68,57,105,70,27,8,10,6,48,1,-59,0,0,0
2026-07-16T06:58:49.301 RX PID,3703,SQUARE,95,65,102,57,94,71,-7,8,11,6,48,1,-60,0,0,0
2026-07-16T06:58:49.301 RX PID,3723,SQUARE,95,65,60,57,108,71,35,8,11,6,48,1,-61,0,0,0
2026-07-16T06:58:49.301 RX PID,3743,SQUARE,95,65,69,57,105,71,26,8,13,6,48,1,-62,0,0,0
2026-07-16T06:58:49.301 RX PID,3763,SQUARE,95,65,102,57,94,71,-7,8,14,6,48,1,-63,0,0,0
2026-07-16T06:58:49.384 RX PID,3783,SQUARE,95,65,60,57,108,71,35,8,14,6,48,1,-64,0,0,0
2026-07-16T06:58:49.384 RX PID,3803,SQUARE,95,65,69,57,105,71,26,8,15,6,48,1,-65,0,0,0
2026-07-16T06:58:49.384 RX PID,3823,SQUARE,95,65,102,47,94,76,-7,18,16,6,48,1,-67,0,0,0
2026-07-16T06:58:49.384 RX PID,3843,SQUARE,95,65,104,57,93,71,-9,8,17,6,48,1,-69,0,0,0
2026-07-16T06:58:49.472 RX PID,3863,SQUARE,95,65,60,57,108,71,35,8,17,6,48,1,-70,0,0,0
2026-07-16T06:58:49.472 RX PID,3883,SQUARE,95,65,69,57,105,71,26,8,18,6,48,1,-72,0,0,0
2026-07-16T06:58:49.472 RX PID,3903,SQUARE,95,65,102,57,94,71,-7,8,20,6,48,1,-73,0,0,0
2026-07-16T06:58:49.472 RX PID,3923,SQUARE,95,65,104,57,93,71,-9,8,20,6,48,1,-75,0,0,0
2026-07-16T06:58:49.573 RX PID,3943,SQUARE,95,65,60,47,108,77,35,18,21,6,48,1,-76,0,0,0
2026-07-16T06:58:49.573 RX PID,3963,SQUARE,95,65,69,57,105,72,26,8,22,6,48,1,-76,0,0,0
2026-07-16T06:58:49.573 RX PID,3983,SQUARE,95,65,102,57,94,72,-7,8,23,6,48,1,-78,0,0,0
2026-07-16T06:58:49.573 RX PID,4003,SQUARE,95,65,60,57,108,72,35,8,23,6,48,1,-79,0,0,0
2026-07-16T06:58:49.573 RX PID,4023,SQUARE,95,65,69,57,105,72,26,8,24,6,48,1,-80,0,0,0
2026-07-16T06:58:49.650 RX PID,4043,SQUARE,95,65,102,57,94,72,-7,8,25,6,48,1,-82,0,0,0
2026-07-16T06:58:49.650 RX PID,4063,SQUARE,95,65,60,57,108,72,35,8,26,6,48,1,-82,0,0,0
2026-07-16T06:58:49.650 RX PID,4083,SQUARE,95,65,69,57,105,72,26,8,27,6,48,1,-83,0,0,0
2026-07-16T06:58:49.650 RX PID,4103,SQUARE,95,65,102,14,94,93,-7,51,28,6,48,1,-84,0,0,0
2026-07-16T06:58:49.743 RX PID,4123,SQUARE,95,65,60,55,108,73,35,10,28,6,48,1,-85,0,0,0
2026-07-16T06:58:49.743 RX PID,4143,SQUARE,95,65,101,57,94,72,-6,8,29,6,48,1,-86,0,0,0
2026-07-16T06:58:49.743 RX PID,4163,SQUARE,95,65,60,57,109,72,35,8,29,6,48,1,-87,0,0,0
2026-07-16T06:58:49.743 RX PID,4183,SQUARE,95,65,69,57,106,72,26,8,30,6,48,1,-88,0,0,0
2026-07-16T06:58:49.829 RX PID,4203,SQUARE,95,65,102,57,95,73,-7,8,32,6,48,1,-89,0,0,0
2026-07-16T06:58:49.829 RX PID,4223,SQUARE,95,65,60,14,109,94,35,51,32,6,48,1,-90,0,0,0
2026-07-16T06:58:49.829 RX PID,4243,SQUARE,95,65,69,55,106,74,26,10,33,6,48,1,-92,0,0,0
2026-07-16T06:58:49.829 RX PID,4263,SQUARE,95,65,102,57,95,73,-7,8,33,6,48,1,-93,0,0,0
2026-07-16T06:58:49.913 RX PID,4283,SQUARE,95,65,60,57,109,73,35,8,34,6,48,1,-93,0,0,0
2026-07-16T06:58:49.914 RX PID,4303,SQUARE,95,65,101,57,95,73,-6,8,34,6,48,1,-94,0,0,0
2026-07-16T06:58:49.914 RX PID,4323,SQUARE,95,65,60,57,109,73,35,8,36,6,48,1,-95,0,0,0
2026-07-16T06:58:49.914 RX PID,4343,SQUARE,95,65,58,47,109,78,37,18,36,6,48,1,-95,0,0,0
2026-07-16T06:58:49.989 RX PID,4363,SQUARE,95,65,68,57,106,73,27,8,38,6,48,1,-96,0,0,0
2026-07-16T06:58:49.989 RX PID,4383,SQUARE,95,65,58,14,109,95,37,51,38,6,48,1,-97,0,0,0
2026-07-16T06:58:49.989 RX PID,4403,SQUARE,95,65,58,55,109,75,37,10,38,6,48,1,-97,0,0,0
2026-07-16T06:58:49.989 RX PID,4423,SQUARE,89,71,25,57,116,80,64,14,39,2,16,1,-98,0,0,0
2026-07-16T06:58:50.100 RX PID,4443,SQUARE,84,76,55,47,102,89,29,29,39,2,16,1,-98,0,0,0
2026-07-16T06:58:50.100 RX PID,4463,SQUARE,77,83,68,57,92,91,9,26,40,2,16,1,-98,0,0,0
2026-07-16T06:58:50.100 RX PID,4483,SQUARE,77,83,58,47,95,97,19,36,40,2,16,1,-98,0,0,0
2026-07-16T06:58:50.100 RX PID,4503,SQUARE,77,83,58,57,95,92,19,26,41,2,16,1,-98,0,0,0
2026-07-16T06:58:50.100 RX PID,4523,SQUARE,77,83,58,14,95,113,19,69,42,2,16,1,-99,0,0,0
2026-07-16T06:58:50.178 RX PID,4543,SQUARE,77,83,58,55,95,93,19,28,42,2,16,1,-99,0,0,0
2026-07-16T06:58:50.178 RX PID,4563,SQUARE,77,83,58,57,95,93,19,26,43,2,16,1,-99,0,0,0
2026-07-16T06:58:50.178 RX PID,4583,SQUARE,77,83,68,57,92,93,9,26,44,2,16,1,-100,0,0,0
2026-07-16T06:58:50.178 RX PID,4603,SQUARE,77,83,58,90,95,77,19,-7,44,0,24,1,-100,0,0,0
2026-07-16T06:58:50.264 RX PID,4623,SQUARE,77,83,58,49,95,97,19,34,44,0,24,1,-100,0,0,0
2026-07-16T06:58:50.264 RX PID,4643,SQUARE,77,83,58,68,95,87,19,15,44,0,24,1,-100,0,0,0
2026-07-16T06:58:50.264 RX PID,4663,SQUARE,77,83,58,58,96,92,19,25,44,0,24,1,-99,0,0,0
2026-07-16T06:58:50.264 RX PID,4683,SQUARE,77,83,68,90,93,78,9,-7,44,0,24,1,-98,0,0,0
2026-07-16T06:58:50.354 RX PID,4703,SQUARE,77,83,58,16,96,114,19,67,45,0,24,1,-97,0,0,0
2026-07-16T06:58:50.354 RX PID,4723,SQUARE,77,83,58,22,96,111,19,61,45,0,24,1,-97,0,0,0
2026-07-16T06:58:50.354 RX PID,4743,SQUARE,77,83,58,66,96,89,19,17,45,0,24,1,-97,0,0,0
2026-07-16T06:58:50.354 RX PID,4763,SQUARE,77,83,68,58,93,93,9,25,45,0,24,1,-97,0,0,0
2026-07-16T06:58:50.437 RX PID,4783,SQUARE,77,83,58,58,96,93,19,25,45,0,24,1,-97,0,0,0
2026-07-16T06:58:50.437 RX PID,4803,SQUARE,77,83,58,58,96,94,19,25,45,0,24,1,-96,0,0,0
2026-07-16T06:58:50.437 RX PID,4823,SQUARE,77,83,68,58,93,94,9,25,45,0,24,1,-96,0,0,0
2026-07-16T06:58:50.437 RX PID,4843,SQUARE,77,83,58,58,96,94,19,25,46,0,24,1,-95,0,0,0
2026-07-16T06:58:50.554 RX PID,4863,SQUARE,77,83,58,68,96,89,19,15,46,0,24,1,-95,0,0,0
2026-07-16T06:58:50.554 RX PID,4883,SQUARE,77,83,101,58,82,94,-24,25,45,0,24,1,-95,0,0,0
2026-07-16T06:58:50.554 RX PID,4903,SQUARE,77,83,60,58,95,94,17,25,46,0,24,1,-94,0,0,0
2026-07-16T06:58:50.554 RX PID,4923,SQUARE,77,83,58,58,96,95,19,25,46,0,24,1,-94,0,0,0
2026-07-16T06:58:50.554 RX PID,4943,SQUARE,77,83,68,58,93,95,9,25,47,0,24,1,-93,0,0,0
2026-07-16T06:58:50.624 RX PID,4963,SQUARE,77,83,58,68,96,90,19,15,47,0,24,1,-93,0,0,0
2026-07-16T06:58:50.624 RX PID,4983,SQUARE,77,83,58,58,96,95,19,25,46,0,24,1,-92,0,0,0
2026-07-16T06:58:50.624 RX PID,5003,SQUARE,77,83,68,101,93,74,9,-18,47,0,24,1,-92,0,0,0
2026-07-16T06:58:50.624 RX PID,5023,SQUARE,77,83,58,60,96,94,19,23,46,0,24,1,-91,0,0,0
2026-07-16T06:58:50.707 RX PID,5043,SQUARE,77,83,58,58,96,95,19,25,46,0,24,1,-90,0,0,0
2026-07-16T06:58:50.707 RX PID,5063,SQUARE,77,83,101,68,82,90,-24,15,45,0,24,1,-89,0,0,0
2026-07-16T06:58:50.707 RX PID,5083,SQUARE,77,83,60,58,95,95,17,25,46,0,24,1,-87,0,0,0
2026-07-16T06:58:50.707 RX PID,5103,SQUARE,77,83,58,68,96,90,19,15,45,0,24,1,-85,0,0,0
2026-07-16T06:58:50.822 RX PID,5123,SQUARE,77,83,58,102,96,74,19,-19,44,0,24,1,-83,0,0,0
2026-07-16T06:58:50.822 RX PID,5143,SQUARE,81,79,58,60,100,90,23,19,44,0,24,1,-82,0,0,0
2026-07-16T06:58:50.822 RX PID,5163,SQUARE,81,79,68,69,96,86,13,10,43,0,24,1,-80,0,0,0
2026-07-16T06:58:50.822 RX PID,5183,SQUARE,81,79,58,102,100,70,23,-23,44,0,24,1,-79,0,0,0
2026-07-16T06:58:50.956 RX PID,5203,SQUARE,81,79,58,60,100,90,23,19,43,0,24,1,-78,0,0,0
2026-07-16T06:58:50.956 RX PID,5223,SQUARE,81,79,101,58,85,92,-20,21,43,0,24,1,-77,0,0,0
2026-07-16T06:58:50.956 RX PID,5243,SQUARE,77,83,60,68,95,91,17,15,43,0,24,1,-77,0,0,0
2026-07-16T06:58:50.956 RX SQUARE ERROR,GIMBAL RECOVERY TIMEOUT
2026-07-16T06:58:50.956 TX STOP
2026-07-16T06:58:50.956 TX STOP
2026-07-16T06:58:51.084 RX OK STOP
2026-07-16T06:58:51.084 RX OK STOP
2026-07-16T06:58:51.084 TX SET TURNANGLE 900 512356581
2026-07-16T06:58:51.210 RX SA,512356581,TURNANGLE,900
2026-07-16T06:58:51.210 TX SET TURNFAST 150 512356582
2026-07-16T06:58:51.333 RX SA,512356582,TURNFAST,150
2026-07-16T06:58:51.333 TX SET TURNSLOW 100 512356583
2026-07-16T06:58:51.464 RX SA,512356583,TURNSLOW,100
2026-07-16T06:58:51.464 TX SET TURNMARGIN 300 512356584
2026-07-16T06:58:51.593 RX SA,512356584,TURNMARGIN,300
2026-07-16T06:58:51.593 TX SET TURNEXIT 100 512356585
2026-07-16T06:58:51.725 RX SA,512356585,TURNEXIT,100
2026-07-16T06:58:51.725 TX SET TURNDIST 98 512356586
2026-07-16T06:58:51.860 RX SA,512356586,TURNDIST,98
2026-07-16T06:58:51.860 TX SET GSTART 10 512356587
2026-07-16T06:58:51.992 RX SA,512356587,GSTART,10
2026-07-16T06:58:51.992 TX STOP
2026-07-16T06:58:52.117 RX OK STOP
2026-07-16T06:58:52.117 TX STOP
2026-07-16T06:58:52.242 RX OK STOP
2026-07-16T06:58:52.242 TX SET LINEKP 6750 512356588
2026-07-16T06:58:52.376 RX SA,512356588,LINEKP,6750
2026-07-16T06:58:52.376 TX SET LINEKD 2000 512356589
2026-07-16T06:58:52.512 RX SA,512356589,LINEKD,2000
2026-07-16T06:58:52.512 TX SET TURNANGLE 900 512356590
2026-07-16T06:58:52.647 RX SA,512356590,TURNANGLE,900
2026-07-16T06:58:52.647 TX SET TURNDIST 98 512356591
2026-07-16T06:58:52.787 RX SA,512356591,TURNDIST,98
2026-07-16T06:58:52.787 TX SET GSTART 10 512356592
2026-07-16T06:58:52.920 RX SA,512356592,GSTART,10
2026-07-16T06:58:52.920 TX SET TURNFAST 185 512356593
2026-07-16T06:58:53.048 RX SA,512356593,TURNFAST,185
2026-07-16T06:58:53.049 TX SET TURNSLOW 140 512356594
2026-07-16T06:58:53.172 RX SA,512356594,TURNSLOW,140
2026-07-16T06:58:53.172 TX SET TURNMARGIN 180 512356595
2026-07-16T06:58:53.299 RX SA,512356595,TURNMARGIN,180
2026-07-16T06:58:53.299 TX SET TURNEXIT 140 512356596
2026-07-16T06:58:53.431 RX SA,512356596,TURNEXIT,140
2026-07-16T06:58:53.431 TX STOP
2026-07-16T06:58:53.431 TX STOP
