2026-07-16T04:25:26.390 TX HELLO 165203485
2026-07-16T04:25:26.523 RX HELLO,165203485,2,STBY,HIGH,ENCODER_MM_X1000,580,SAMPLE_MS,10
2026-07-16T04:25:26.523 TX STOP
2026-07-16T04:25:26.654 RX OK STOP
2026-07-16T04:25:26.654 TX PARAM
2026-07-16T04:25:26.813 RX PARAM,x1000,PROFILE,1,FLASHVER,3,GUARDVER,4,LKP,350,LKI,100,RKP,500,RKI,350,LFF,460,RFF,437,LMIN,32,RMIN,26,SYNC,500,BIAS,80,GSTART,10,LINEKP,3000,LINEKD,800,TURNANGLE,900,TURNFAST,150,TURNSLOW,100,TURNMARGIN,300,TURNEXIT,100,TURNDIST,98
2026-07-16T04:25:26.813 TX SENSOR
2026-07-16T04:25:26.950 RX SENSOR,OK,24,0,93,0,24
2026-07-16T04:25:26.950 TX IMU
2026-07-16T04:25:27.082 RX IMU,OK,-941,3820,70,VER,1,1,0,0
2026-07-16T04:25:27.082 TX SET TURNSLOW 80 165203486
2026-07-16T04:25:27.241 RX SA,165203486,TURNSLOW,80
2026-07-16T04:25:27.241 TX SET TURNFAST 150 165203487
2026-07-16T04:25:27.378 RX SA,165203487,TURNFAST,150
2026-07-16T04:25:27.378 TX SET TURNSLOW 100 165203488
2026-07-16T04:25:27.516 RX SA,165203488,TURNSLOW,100
2026-07-16T04:25:27.516 TX SET TURNANGLE 900 165203489
2026-07-16T04:25:27.649 RX SA,165203489,TURNANGLE,900
2026-07-16T04:25:27.649 TX SET TURNMARGIN 300 165203490
2026-07-16T04:25:27.781 RX SA,165203490,TURNMARGIN,300
2026-07-16T04:25:27.781 TX SET TURNEXIT 100 165203491
2026-07-16T04:25:27.918 RX SA,165203491,TURNEXIT,100
2026-07-16T04:25:27.918 TX SET TURNDIST 98 165203492
2026-07-16T04:25:28.047 RX SA,165203492,TURNDIST,98
2026-07-16T04:25:28.047 TX SQUARE 120 1 165203493
2026-07-16T04:25:28.099 RX TEST START,SQUARE,120,1
2026-07-16T04:25:28.099 RX CSV,time_ms,mode,left_target,right_target,left_mmps,right_mmps,left_pwm,right_pwm,left_error,right_error,count_diff,line_error,line_mask,line_valid,yaw_x10,corner_count,square_state,turn_travel_mm
2026-07-16T04:25:28.099 RX SQ,165203493,OK
2026-07-16T04:25:28.200 RX PID,20,SQUARE,1,1,0,0,32,26,1,1,0,0,24,1,0,0,0,0
2026-07-16T04:25:28.200 RX PID,40,SQUARE,3,3,0,0,34,28,3,3,0,0,24,1,0,0,0,0
2026-07-16T04:25:28.200 RX PID,60,SQUARE,4,4,0,43,34,8,4,-39,-1,0,24,1,0,0,0,0
2026-07-16T04:25:28.200 RX PID,80,SQUARE,6,6,0,2,36,30,6,4,-1,0,24,1,0,0,0,0
2026-07-16T04:25:28.200 RX PID,100,SQUARE,8,8,0,0,37,33,8,8,-1,0,24,1,0,0,0,0
2026-07-16T04:25:28.286 RX PID,120,SQUARE,8,8,0,0,37,33,8,8,-1,0,24,1,0,0,0,0
2026-07-16T04:25:28.286 RX PID,140,SQUARE,11,11,0,0,40,35,11,11,-1,0,24,1,0,0,0,0
2026-07-16T04:25:28.286 RX PID,160,SQUARE,12,12,0,0,41,37,12,12,-1,0,24,1,0,0,0,0
2026-07-16T04:25:28.286 RX PID,180,SQUARE,13,13,0,0,41,37,13,13,-1,0,24,1,0,0,0,0
2026-07-16T04:25:28.443 RX PID,200,SQUARE,16,16,0,0,44,40,16,16,-1,0,24,1,0,0,0,0
2026-07-16T04:25:28.443 RX PID,220,SQUARE,17,17,0,0,44,41,17,17,-1,0,24,1,0,0,0,0
2026-07-16T04:25:28.443 RX PID,240,SQUARE,19,19,0,0,46,43,19,19,-1,0,24,1,0,0,0,0
2026-07-16T04:25:28.443 RX PID,260,SQUARE,20,20,0,0,48,44,20,20,-1,0,24,1,0,0,0,0
2026-07-16T04:25:28.443 RX PID,280,SQUARE,24,20,0,0,51,44,24,20,-1,0,24,1,0,0,0,0
2026-07-16T04:25:28.493 RX PID,300,SQUARE,28,20,0,0,53,45,28,20,-1,0,24,1,0,0,0,0
2026-07-16T04:25:28.493 RX PID,320,SQUARE,30,20,0,0,55,45,30,20,-1,0,24,1,1,0,0,0
2026-07-16T04:25:28.493 RX PID,340,SQUARE,34,20,0,0,58,45,34,20,-1,0,24,1,1,0,0,0
2026-07-16T04:25:28.493 RX PID,360,SQUARE,36,20,0,0,60,45,36,20,-1,0,24,1,1,0,0,0
2026-07-16T04:25:28.494 RX PID,380,SQUARE,38,20,0,0,62,45,38,20,-1,0,24,1,1,0,0,0
2026-07-16T04:25:28.573 RX PID,400,SQUARE,42,22,0,0,65,47,42,22,-1,0,24,1,1,0,0,0
2026-07-16T04:25:28.573 RX PID,420,SQUARE,43,23,0,0,66,48,43,23,-1,0,24,1,1,0,0,0
2026-07-16T04:25:28.573 RX PID,440,SQUARE,44,24,0,0,67,49,44,24,-1,0,24,1,1,0,0,0
2026-07-16T04:25:28.573 RX PID,460,SQUARE,46,26,0,0,69,52,46,26,-1,0,24,1,2,0,0,0
2026-07-16T04:25:28.681 RX PID,480,SQUARE,48,28,0,0,71,54,48,28,-1,0,24,1,2,0,0,0
2026-07-16T04:25:28.681 RX PID,500,SQUARE,50,30,0,10,73,51,50,20,-2,0,24,1,2,0,0,0
2026-07-16T04:25:28.681 RX PID,520,SQUARE,51,31,0,0,73,56,51,31,-2,0,24,1,2,0,0,0
2026-07-16T04:25:28.681 RX PID,540,SQUARE,53,33,0,0,75,58,53,33,-2,0,24,1,2,0,0,0
2026-07-16T04:25:28.681 RX PID,560,SQUARE,54,34,0,0,75,60,54,34,-2,0,24,1,3,0,0,0
2026-07-16T04:25:28.762 RX PID,580,SQUARE,55,35,0,0,77,61,55,35,-2,0,24,1,3,0,0,0
2026-07-16T04:25:28.762 RX PID,600,SQUARE,58,38,0,0,79,64,58,38,-2,0,24,1,3,0,0,0
2026-07-16T04:25:28.762 RX PID,620,SQUARE,59,39,0,0,80,65,59,39,-2,0,24,1,4,0,0,0
2026-07-16T04:25:28.762 RX PID,640,SQUARE,61,41,0,10,82,62,61,31,-3,0,24,1,4,0,0,0
2026-07-16T04:25:28.869 RX PID,660,SQUARE,62,42,0,0,83,69,62,42,-3,0,24,1,5,0,0,0
2026-07-16T04:25:28.869 RX PID,680,SQUARE,64,44,10,0,81,71,54,44,-2,0,24,1,6,0,0,0
2026-07-16T04:25:28.869 RX PID,700,SQUARE,66,46,0,43,87,51,66,3,-3,0,24,1,6,0,0,0
2026-07-16T04:25:28.869 RX PID,720,SQUARE,66,46,0,10,87,68,66,36,-3,0,24,1,7,0,0,0
2026-07-16T04:25:28.869 RX PID,740,SQUARE,69,49,0,11,89,71,69,38,-4,0,24,1,7,0,0,0
2026-07-16T04:25:28.956 RX PID,760,SQUARE,70,50,10,0,87,77,60,50,-3,0,24,1,8,0,0,0
2026-07-16T04:25:28.956 RX PID,780,SQUARE,72,52,0,10,92,74,72,42,-4,0,24,1,8,0,0,0
2026-07-16T04:25:28.956 RX PID,800,SQUARE,74,54,43,11,78,75,31,43,-4,0,24,1,9,0,0,0
2026-07-16T04:25:28.956 RX PID,820,SQUARE,74,54,10,46,90,58,64,8,-5,0,24,1,10,0,0,0
2026-07-16T04:25:29.059 RX PID,840,SQUARE,77,57,11,11,93,79,66,46,-5,0,24,1,11,0,0,0
2026-07-16T04:25:29.059 RX PID,860,SQUARE,78,58,44,55,81,58,34,3,-6,0,24,1,12,0,0,0
2026-07-16T04:25:29.059 RX PID,880,SQUARE,80,60,46,46,82,65,34,14,-6,0,24,1,13,0,0,0
2026-07-16T04:25:29.059 RX PID,900,SQUARE,82,62,46,46,84,67,36,16,-6,0,24,1,13,0,0,0
2026-07-16T04:25:29.059 RX PID,920,SQUARE,83,63,46,46,85,68,37,17,-6,0,24,1,12,0,0,0
2026-07-16T04:25:29.136 RX PID,940,SQUARE,85,65,13,2,99,92,72,63,-5,0,24,1,11,0,0,0
2026-07-16T04:25:29.136 RX PID,960,SQUARE,86,66,55,43,84,72,31,23,-4,0,24,1,9,0,0,0
2026-07-16T04:25:29.136 RX PID,980,SQUARE,88,68,46,2,89,96,42,66,-3,0,24,1,7,0,0,0
2026-07-16T04:25:29.136 RX PID,1000,SQUARE,90,70,46,43,91,77,44,27,-3,0,24,1,6,0,0,0
2026-07-16T04:25:29.224 RX PID,1020,SQUARE,90,70,11,10,104,94,79,60,-3,0,24,1,6,0,0,0
2026-07-16T04:25:29.224 RX PID,1040,SQUARE,93,73,43,11,95,97,50,62,-3,0,24,1,5,0,0,0
2026-07-16T04:25:29.224 RX PID,1060,SQUARE,94,74,2,0,111,104,92,74,-3,0,24,1,6,0,0,0
2026-07-16T04:25:29.224 RX PID,1080,SQUARE,96,76,0,10,113,102,96,66,-4,0,24,1,6,0,0,0
2026-07-16T04:25:29.308 RX PID,1100,SQUARE,98,78,0,44,115,87,98,34,-5,0,24,1,8,0,0,0
2026-07-16T04:25:29.308 RX PID,1120,SQUARE,99,79,0,2,116,109,99,77,-5,0,24,1,9,0,0,0
2026-07-16T04:25:29.308 RX PID,1140,SQUARE,101,81,0,43,118,91,101,38,-6,0,24,1,11,0,0,0
2026-07-16T04:25:29.308 RX PID,1160,SQUARE,102,82,43,46,103,90,59,36,-6,0,24,1,12,0,0,0
2026-07-16T04:25:29.415 RX PID,1180,SQUARE,104,84,2,2,119,115,102,82,-6,0,24,1,13,0,0,0
2026-07-16T04:25:29.415 RX PID,1200,SQUARE,110,82,0,11,125,108,110,71,-7,0,24,1,13,0,0,0
2026-07-16T04:25:29.415 RX PID,1220,SQUARE,111,83,10,44,123,94,101,39,-7,0,24,1,14,0,0,0
2026-07-16T04:25:29.415 RX PID,1240,SQUARE,113,85,44,46,113,95,69,39,-7,0,24,1,14,0,0,0
2026-07-16T04:25:29.415 RX PID,1260,SQUARE,115,85,2,46,129,95,113,39,-8,0,24,1,15,0,0,0
2026-07-16T04:25:29.499 RX PID,1280,SQUARE,117,87,11,13,128,115,106,74,-8,0,24,1,16,0,0,0
2026-07-16T04:25:29.499 RX PID,1300,SQUARE,120,88,44,55,119,94,76,33,-9,0,24,1,17,0,0,0
2026-07-16T04:25:29.499 RX PID,1320,SQUARE,121,89,46,46,119,99,75,43,-9,0,24,1,18,0,0,0
2026-07-16T04:25:29.499 RX PID,1340,SQUARE,124,90,2,13,138,118,122,77,-10,0,24,1,19,0,0,0
2026-07-16T04:25:29.577 RX PID,1360,SQUARE,125,91,11,11,135,120,114,80,-10,0,24,1,19,0,0,0
2026-07-16T04:25:29.577 RX PID,1380,SQUARE,128,92,11,55,137,100,117,37,-11,0,24,1,20,0,0,0
2026-07-16T04:25:29.577 RX PID,1400,SQUARE,130,94,11,46,139,107,119,48,-11,0,24,1,21,0,0,0
2026-07-16T04:25:29.577 RX PID,1420,SQUARE,132,94,11,57,141,101,121,37,-12,0,24,1,22,0,0,0
2026-07-16T04:25:29.663 RX PID,1440,SQUARE,132,96,46,14,130,125,86,82,-12,0,24,1,22,0,0,0
2026-07-16T04:25:29.663 RX PID,1460,SQUARE,136,96,11,57,145,103,125,39,-13,0,24,1,23,0,0,0
2026-07-16T04:25:29.663 RX PID,1480,SQUARE,138,98,55,57,132,105,83,41,-13,2,16,1,24,0,0,0
2026-07-16T04:25:29.663 RX PID,1500,SQUARE,141,99,46,57,137,108,95,42,-14,2,16,1,25,0,0,0
2026-07-16T04:25:29.723 RX PID,1520,SQUARE,142,98,46,57,139,106,96,41,-15,2,16,1,27,0,0,0
2026-07-16T04:25:29.723 RX PID,1540,SQUARE,144,96,46,101,141,83,98,-5,-17,2,16,1,29,0,0,0
2026-07-16T04:25:29.723 RX PID,1560,SQUARE,145,95,13,60,153,102,132,35,-18,2,16,1,32,0,0,0
2026-07-16T04:25:29.723 RX PID,1580,SQUARE,146,94,11,101,155,82,135,-7,-19,2,16,1,34,0,0,0
2026-07-16T04:25:29.807 RX PID,1600,SQUARE,147,93,55,60,140,101,92,33,-20,2,16,1,37,0,0,0
2026-07-16T04:25:29.807 RX PID,1620,SQUARE,148,92,57,69,141,96,91,23,-21,2,16,1,39,0,0,0
2026-07-16T04:25:29.807 RX PID,1640,SQUARE,150,90,47,102,147,78,103,-12,-23,2,16,1,41,0,0,0
2026-07-16T04:25:29.920 RX PID,1660,SQUARE,151,89,57,104,143,76,94,-15,-24,2,16,1,43,0,0,0
2026-07-16T04:25:29.920 RX PID,1680,SQUARE,155,85,47,60,150,94,108,25,-26,6,48,1,45,0,0,0
2026-07-16T04:25:29.920 RX PID,1700,SQUARE,155,85,57,69,147,90,98,16,-27,6,48,1,48,0,0,0
2026-07-16T04:25:29.920 RX PID,1720,SQUARE,155,85,14,113,163,68,141,-28,-29,6,48,1,50,0,0,0
2026-07-16T04:25:29.981 RX PID,1740,SQUARE,155,85,55,61,149,94,100,24,-30,6,48,1,52,0,0,0
2026-07-16T04:25:29.981 RX PID,1760,SQUARE,155,85,57,69,148,90,98,16,-31,6,48,1,54,0,0,0
2026-07-16T04:25:29.981 RX PID,1780,SQUARE,155,85,57,69,148,90,98,16,-32,6,48,1,57,0,0,0
2026-07-16T04:25:29.981 RX PID,1800,SQUARE,155,85,57,113,148,68,98,-28,-33,6,48,1,59,0,0,0
2026-07-16T04:25:30.067 RX PID,1820,SQUARE,155,85,57,104,149,73,98,-19,-34,6,48,1,61,0,0,0
2026-07-16T04:25:30.067 RX PID,1840,SQUARE,155,85,57,104,149,73,98,-19,-35,6,48,1,62,0,0,0
2026-07-16T04:25:30.067 RX PID,1860,SQUARE,155,85,57,69,149,90,98,16,-36,6,48,1,63,0,0,0
2026-07-16T04:25:30.067 RX PID,1880,SQUARE,155,85,57,104,149,73,98,-19,-37,6,48,1,64,0,0,0
2026-07-16T04:25:30.181 RX PID,1900,SQUARE,155,85,57,104,149,73,98,-19,-37,6,48,1,66,0,0,0
2026-07-16T04:25:30.181 RX PID,1920,SQUARE,155,85,68,104,146,73,87,-19,-38,6,48,1,67,0,0,0
2026-07-16T04:25:30.181 RX PID,1940,SQUARE,155,85,58,71,149,88,97,14,-38,6,48,1,67,0,0,0
2026-07-16T04:25:30.181 RX PID,1960,SQUARE,155,85,68,113,146,67,87,-28,-40,6,48,1,68,0,0,0
2026-07-16T04:25:30.234 RX PID,1980,SQUARE,155,85,58,104,149,72,97,-19,-41,6,48,1,69,0,0,0
2026-07-16T04:25:30.235 RX PID,2000,SQUARE,155,85,68,104,146,72,87,-19,-41,6,48,1,70,0,0,0
2026-07-16T04:25:30.235 RX PID,2020,SQUARE,155,85,60,113,149,67,95,-28,-41,6,48,1,70,0,0,0
2026-07-16T04:25:30.235 RX PID,2040,SQUARE,155,85,60,105,150,71,95,-20,-43,6,48,1,71,0,0,0
2026-07-16T04:25:30.313 RX PID,2060,SQUARE,155,85,69,104,147,72,86,-19,-43,6,48,1,71,0,0,0
2026-07-16T04:25:30.313 RX PID,2080,SQUARE,155,85,102,104,135,72,53,-19,-43,6,48,1,71,0,0,0
2026-07-16T04:25:30.313 RX PID,2100,SQUARE,155,85,104,104,134,72,51,-19,-43,6,48,1,70,0,0,0
2026-07-16T04:25:30.313 RX PID,2120,SQUARE,155,85,104,71,134,88,51,14,-44,6,48,1,70,0,0,0
2026-07-16T04:25:30.396 RX PID,2140,SQUARE,155,85,71,113,146,67,84,-28,-44,11,32,1,70,0,0,0
2026-07-16T04:25:30.396 RX PID,2160,SQUARE,155,85,102,104,135,72,53,-19,-44,11,32,1,69,0,0,0
2026-07-16T04:25:30.396 RX PID,2180,SQUARE,155,85,71,115,147,66,84,-30,-45,11,32,1,69,0,0,0
2026-07-16T04:25:30.396 RX PID,2200,SQUARE,155,85,69,105,148,71,86,-20,-44,11,32,1,68,0,0,0
2026-07-16T04:25:30.486 RX PID,2220,SQUARE,155,85,113,104,132,72,42,-19,-44,11,32,1,67,0,0,0
2026-07-16T04:25:30.486 RX PID,2240,SQUARE,155,85,104,104,135,72,51,-19,-44,11,32,1,65,0,0,0
2026-07-16T04:25:30.487 RX PID,2260,SQUARE,155,85,71,71,147,88,84,14,-43,11,32,1,64,0,0,0
2026-07-16T04:25:30.487 RX PID,2280,SQUARE,155,85,113,69,132,89,42,16,-43,23,96,1,62,0,0,0
2026-07-16T04:25:30.563 RX PID,2300,SQUARE,155,85,104,69,135,88,51,16,-44,23,96,1,61,0,0,0
2026-07-16T04:25:30.563 RX PID,2320,SQUARE,155,85,115,69,132,88,40,16,-42,23,96,1,59,0,0,0
2026-07-16T04:25:30.563 RX PID,2340,SQUARE,155,85,105,69,135,88,50,16,-42,23,96,1,58,0,0,0
2026-07-16T04:25:30.563 TX STOP
2026-07-16T04:25:30.563 RX PID,2360,SQUARE,155,85,104,69,136,88,51,16,-43,23,96,1,56,0,0,0
2026-07-16T04:25:30.563 TX STOP
2026-07-16T04:25:30.563 TX STOP
2026-07-16T04:25:30.708 RX PID,2380,SQUARE,155,85,71,113,148,66,84,-28,-43,23,96,1,55,0,0,0
2026-07-16T04:25:30.708 RX PID,2400,SQUARE,155,85,69,104,149,71,86,-19,-43,23,96,1,54,0,0,0
2026-07-16T04:25:30.708 RX OK STOP
2026-07-16T04:25:30.708 RX OK STOP
2026-07-16T04:25:30.708 TX SET TURNANGLE 900 165203494
2026-07-16T04:25:30.708 RX OK STOP
2026-07-16T04:25:30.831 RX SA,165203494,TURNANGLE,900
2026-07-16T04:25:30.831 TX SET TURNFAST 150 165203495
2026-07-16T04:25:30.962 RX SA,165203495,TURNFAST,150
2026-07-16T04:25:30.962 TX SET TURNSLOW 100 165203496
2026-07-16T04:25:31.102 RX SA,165203496,TURNSLOW,100
2026-07-16T04:25:31.102 TX SET TURNMARGIN 300 165203497
2026-07-16T04:25:31.223 RX SA,165203497,TURNMARGIN,300
2026-07-16T04:25:31.223 TX SET TURNEXIT 100 165203498
2026-07-16T04:25:31.356 RX SA,165203498,TURNEXIT,100
2026-07-16T04:25:31.356 TX SET TURNDIST 98 165203499
2026-07-16T04:25:31.506 RX SA,165203499,TURNDIST,98
2026-07-16T04:25:31.506 TX SET GSTART 10 165203500
2026-07-16T04:25:31.638 RX SA,165203500,GSTART,10
2026-07-16T04:25:31.638 TX STOP
2026-07-16T04:25:31.770 RX OK STOP
2026-07-16T04:25:31.770 TX STOP
2026-07-16T04:25:31.898 RX OK STOP
2026-07-16T04:25:31.898 TX SET LINEKP 6750 165203501
2026-07-16T04:25:32.044 RX SA,165203501,LINEKP,6750
2026-07-16T04:25:32.044 TX SET LINEKD 2000 165203502
2026-07-16T04:25:32.177 RX SA,165203502,LINEKD,2000
2026-07-16T04:25:32.177 TX SET TURNDIST 98 165203503
2026-07-16T04:25:32.331 RX SA,165203503,TURNDIST,98
2026-07-16T04:25:32.331 TX SET GSTART 10 165203504
2026-07-16T04:25:32.462 RX SA,165203504,GSTART,10
2026-07-16T04:25:32.462 TX SET TURNANGLE 900 165203505
2026-07-16T04:25:32.594 RX SA,165203505,TURNANGLE,900
2026-07-16T04:25:32.594 TX SET TURNFAST 185 165203506
2026-07-16T04:25:32.721 RX SA,165203506,TURNFAST,185
2026-07-16T04:25:32.722 TX SET TURNSLOW 140 165203507
2026-07-16T04:25:32.848 RX SA,165203507,TURNSLOW,140
2026-07-16T04:25:32.848 TX SET TURNMARGIN 180 165203508
2026-07-16T04:25:32.984 RX SA,165203508,TURNMARGIN,180
2026-07-16T04:25:32.984 TX SET TURNEXIT 140 165203509
2026-07-16T04:25:33.116 RX SA,165203509,TURNEXIT,140
2026-07-16T04:25:33.116 TX STOP
2026-07-16T04:25:33.121 TX STOP
