2026-07-18T12:50:29.982 TX HELLO 1537917904
2026-07-18T12:50:30.137 RX HELLO,1537917904,2,STBY,HIGH,ENCODER_MM_X1000,580,SAMPLE_MS,10
2026-07-18T12:50:30.137 TX STOP
2026-07-18T12:50:30.276 RX OK STOP
2026-07-18T12:50:30.276 TX PARAM
2026-07-18T12:50:30.440 RX PARAM,x1000,PROFILE,1,FLASHVER,3,GUARDVER,25,LKP,350,LKI,100,RKP,500,RKI,350,LFF,540,RFF,520,LMIN,90,RMIN,85,SYNC,500,BIAS,80,GSTART,10,LINEKP,8250,LINEKD,2250,TURNANGLE,900,TURNFAST,165,TURNSLOW,110,TURNMARGIN,180,TURNEXIT,140,TURNDIST,98
2026-07-18T12:50:30.440 TX STATUS
2026-07-18T12:50:30.581 RX STATUS,37362,IDLE,0,0,0,0,0,0,SAFE,SELECTED_LAPS,1,STBY,HIGH
2026-07-18T12:50:30.581 TX SENSOR
2026-07-18T12:50:30.707 RX SENSOR,OK,24,0,93,0,24
2026-07-18T12:50:30.708 TX SENSOR
2026-07-18T12:50:30.846 RX SENSOR,OK,24,0,93,0,24
2026-07-18T12:50:30.846 TX SENSOR
2026-07-18T12:50:30.987 RX SENSOR,OK,24,0,93,0,24
2026-07-18T12:50:30.987 TX SENSOR
2026-07-18T12:50:31.127 RX SENSOR,OK,24,0,93,0,24
2026-07-18T12:50:31.127 TX SENSOR
2026-07-18T12:50:31.267 RX SENSOR,OK,24,0,93,0,24
2026-07-18T12:50:31.267 TX IMU
2026-07-18T12:50:31.407 RX IMU,OK,-827,3159,54,VER,1,1,0,0
2026-07-18T12:50:31.407 TX STREAM TUNE
2026-07-18T12:50:31.533 RX OK STREAM TUNE
2026-07-18T12:50:31.533 TX SQUARE 120 3 1537917905
2026-07-18T12:50:31.707 RX TEST START,SQUARE,120,3
2026-07-18T12:50:31.707 RX SQ,1537917905,OK
2026-07-18T12:50:31.707 RX LT,20,2,2,0,0,0,24,1,0,0,0,0
2026-07-18T12:50:31.707 RX LT,40,4,4,0,43,0,24,1,0,0,0,0
2026-07-18T12:50:31.707 RX LT,60,6,6,10,2,0,24,1,0,0,0,0
2026-07-18T12:50:31.708 RX LT,80,9,9,0,43,0,24,1,0,0,0,0
2026-07-18T12:50:31.708 RX LT,100,11,11,0,2,0,24,1,0,0,0,0
2026-07-18T12:50:31.708 RX LT,120,14,14,10,0,0,24,1,0,0,0,0
2026-07-18T12:50:31.880 RX LT,140,16,16,0,10,0,24,1,1,0,0,0
2026-07-18T12:50:31.880 RX LT,160,18,18,0,0,0,24,1,2,0,0,0
2026-07-18T12:50:31.880 RX LT,180,21,21,0,10,0,24,1,2,0,0,0
2026-07-18T12:50:31.880 RX LT,200,23,23,0,0,0,24,1,2,0,0,0
2026-07-18T12:50:31.880 RX LT,220,26,26,10,0,0,24,1,3,0,0,0
2026-07-18T12:50:31.880 RX LT,240,28,28,0,43,0,24,1,3,0,0,0
2026-07-18T12:50:31.880 RX LT,260,30,30,0,2,0,24,1,3,0,0,0
2026-07-18T12:50:31.881 RX LT,280,33,33,0,0,0,24,1,4,0,0,0
2026-07-18T12:50:32.022 RX LT,300,35,35,0,10,0,24,1,5,0,0,0
2026-07-18T12:50:32.022 RX LT,320,38,38,0,11,0,24,1,6,0,0,0
2026-07-18T12:50:32.022 RX LT,340,40,40,0,44,0,24,1,7,0,0,0
2026-07-18T12:50:32.022 RX LT,360,42,42,10,46,0,24,1,10,0,0,0
2026-07-18T12:50:32.022 RX LT,380,45,45,0,13,0,24,1,12,0,0,0
2026-07-18T12:50:32.022 RX LT,400,47,47,0,11,0,24,1,15,0,0,0
2026-07-18T12:50:32.022 RX LT,420,50,50,0,55,0,24,1,17,0,0,0
2026-07-18T12:50:32.167 RX LT,440,52,52,0,14,0,24,1,19,0,0,0
2026-07-18T12:50:32.167 RX LT,460,54,54,43,55,0,24,1,22,0,0,0
2026-07-18T12:50:32.167 RX LT,480,57,57,2,57,0,24,1,24,0,0,0
2026-07-18T12:50:32.168 RX LT,500,59,59,43,14,0,24,1,26,0,0,0
2026-07-18T12:50:32.168 RX LT,520,62,62,2,55,0,24,1,28,0,0,0
2026-07-18T12:50:32.168 RX LT,540,64,64,43,57,0,24,1,30,0,0,0
2026-07-18T12:50:32.168 RX LT,560,66,66,2,57,0,24,1,33,0,0,0
2026-07-18T12:50:32.311 RX LT,580,81,57,11,57,2,16,1,36,0,0,0
2026-07-18T12:50:32.311 RX LT,600,83,59,11,68,2,16,1,38,0,0,0
2026-07-18T12:50:32.311 RX LT,620,86,62,11,58,2,16,1,40,0,0,0
2026-07-18T12:50:32.311 RX LT,640,88,64,55,101,2,16,1,41,0,0,0
2026-07-18T12:50:32.311 RX LT,660,90,66,46,60,2,16,1,43,0,0,0
2026-07-18T12:50:32.311 RX LT,680,93,69,57,69,2,16,1,44,0,0,0
2026-07-18T12:50:32.311 RX LT,700,95,71,47,102,2,16,1,46,0,0,0
2026-07-18T12:50:32.461 RX LT,720,98,74,57,71,2,16,1,47,0,0,0
2026-07-18T12:50:32.461 RX LT,740,100,76,57,113,2,16,1,50,0,0,0
2026-07-18T12:50:32.462 RX LT,760,102,78,47,104,2,16,1,52,0,0,0
2026-07-18T12:50:32.462 RX LT,780,105,81,57,115,2,16,1,55,0,0,0
2026-07-18T12:50:32.462 RX LT,800,115,75,57,105,6,48,1,58,0,0,0
2026-07-18T12:50:32.462 RX LT,820,134,62,57,115,6,48,1,60,0,0,0
2026-07-18T12:50:32.462 RX LT,840,147,53,68,115,6,48,1,62,0,0,0
2026-07-18T12:50:32.602 RX LT,860,149,55,58,105,6,48,1,63,0,0,0
2026-07-18T12:50:32.602 RX LT,880,152,58,68,115,6,48,1,64,0,0,0
2026-07-18T12:50:32.602 RX LT,900,154,60,69,61,6,48,1,63,0,0,0
2026-07-18T12:50:32.610 RX LT,920,157,63,69,112,6,48,1,62,0,0,0
2026-07-18T12:50:32.610 RX LT,940,159,65,113,104,6,48,1,60,0,0,0
2026-07-18T12:50:32.610 RX LT,960,161,67,72,104,6,48,1,58,0,0,0
2026-07-18T12:50:32.611 RX LT,980,164,70,113,115,6,48,1,56,0,0,0
2026-07-18T12:50:32.731 RX LT,1000,166,72,115,115,6,48,1,54,0,0,0
2026-07-18T12:50:32.731 RX LT,1020,167,73,159,115,6,48,1,52,0,0,0
2026-07-18T12:50:32.731 RX LT,1040,167,73,118,115,6,48,1,50,0,0,0
2026-07-18T12:50:32.731 RX LT,1060,167,73,159,115,6,48,1,48,0,0,0
2026-07-18T12:50:32.731 RX LT,1080,167,73,162,115,6,48,1,45,0,0,0
2026-07-18T12:50:32.731 RX LT,1100,167,73,162,126,6,48,1,43,0,0,0
2026-07-18T12:50:32.880 RX LT,1120,167,73,162,116,6,48,1,39,0,0,0
2026-07-18T12:50:32.880 RX LT,1140,167,73,162,116,6,48,1,36,0,0,0
2026-07-18T12:50:32.881 RX LT,1160,167,73,129,126,6,48,1,33,0,0,0
2026-07-18T12:50:32.881 RX LT,1180,167,73,171,116,6,48,1,30,0,0,0
2026-07-18T12:50:32.881 RX LT,1200,167,73,173,159,6,48,1,27,0,0,0
2026-07-18T12:50:32.881 RX LT,1220,167,73,130,118,6,48,1,24,0,0,0
2026-07-18T12:50:32.881 RX LT,1240,167,73,171,127,6,48,1,18,0,0,0
2026-07-18T12:50:33.003 RX LT,1260,167,73,173,116,6,48,1,15,0,0,0
2026-07-18T12:50:33.003 RX LT,1280,167,73,173,126,6,48,1,11,0,0,0
2026-07-18T12:50:33.003 RX LT,1300,171,57,217,116,11,32,1,7,0,0,0
2026-07-18T12:50:33.003 RX LT,1320,171,57,176,126,11,32,1,3,0,0,0
2026-07-18T12:50:33.003 RX LT,1340,171,57,217,116,11,32,1,-2,0,0,0
2026-07-18T12:50:33.003 RX LT,1360,167,73,176,116,6,48,1,-6,0,0,0
2026-07-18T12:50:33.134 RX LT,1380,167,73,185,126,6,48,1,-11,0,0,0
2026-07-18T12:50:33.134 RX LT,1400,167,73,185,116,6,48,1,-16,0,0,0
2026-07-18T12:50:33.134 RX LT,1420,167,73,185,126,6,48,1,-22,0,0,0
2026-07-18T12:50:33.134 RX LT,1440,167,73,218,116,6,48,1,-27,0,0,0
2026-07-18T12:50:33.135 RX LT,1460,167,73,187,116,6,48,1,-36,0,0,0
2026-07-18T12:50:33.135 RX LT,1480,167,73,185,116,6,48,1,-42,0,0,0
2026-07-18T12:50:33.279 RX LT,1500,167,73,229,159,6,48,1,-48,0,0,0
2026-07-18T12:50:33.279 RX LT,1520,167,73,220,118,6,48,1,-54,0,0,0
2026-07-18T12:50:33.279 RX LT,1540,167,73,220,116,6,48,1,-59,0,0,0
2026-07-18T12:50:33.279 RX LT,1560,167,73,187,116,6,48,1,-65,0,0,0
2026-07-18T12:50:33.280 RX LT,1580,167,73,185,116,6,48,1,-72,0,0,0
2026-07-18T12:50:33.280 RX LT,1600,167,73,185,116,6,48,1,-77,0,0,0
2026-07-18T12:50:33.280 RX LT,1620,167,73,229,116,6,48,1,-83,0,0,0
2026-07-18T12:50:33.405 RX LT,1640,167,73,220,116,6,48,1,-88,0,0,0
2026-07-18T12:50:33.405 RX LT,1660,167,73,220,116,6,48,1,-94,0,0,0
2026-07-18T12:50:33.405 RX LT,1680,167,73,220,116,6,48,1,-100,0,0,0
2026-07-18T12:50:33.405 RX LT,1700,147,93,187,116,2,16,1,-106,0,0,0
2026-07-18T12:50:33.405 RX LT,1720,132,108,185,116,2,16,1,-111,0,0,0
2026-07-18T12:50:33.406 RX LT,1740,132,108,218,126,2,16,1,-114,0,0,0
2026-07-18T12:50:33.542 RX LT,1760,122,118,176,116,0,24,1,-118,0,0,0
2026-07-18T12:50:33.542 RX LT,1780,120,120,185,116,0,24,1,-121,0,0,0
2026-07-18T12:50:33.542 RX LT,1800,120,120,218,126,0,24,1,-124,0,0,0
2026-07-18T12:50:33.542 RX LT,1820,120,120,176,160,0,24,1,-126,0,0,0
2026-07-18T12:50:33.542 RX LT,1840,120,120,217,118,0,24,1,-129,0,0,0
2026-07-18T12:50:33.542 RX LT,1860,120,120,176,127,0,24,1,-130,0,0,0
2026-07-18T12:50:33.638 RX LT,1880,120,120,174,127,0,24,1,-132,0,0,0
2026-07-18T12:50:33.638 RX LT,1900,120,120,184,127,0,24,1,-135,0,0,0
2026-07-18T12:50:33.638 RX LT,1920,120,120,174,127,0,24,1,-136,0,0,0
2026-07-18T12:50:33.638 RX LT,1940,108,132,217,160,-2,8,1,-138,0,0,0
2026-07-18T12:50:33.638 RX LT,1960,108,132,176,162,-2,8,1,-140,0,0,0
2026-07-18T12:50:33.638 RX LT,1980,100,140,174,162,-6,12,1,-141,0,0,0
2026-07-18T12:50:33.762 RX LT,2000,84,156,174,129,-6,12,1,-142,0,0,0
2026-07-18T12:50:33.762 RX LT,2020,73,167,174,171,-6,12,1,-143,0,0,0
2026-07-18T12:50:33.762 RX LT,2040,73,167,174,130,-6,12,1,-143,0,0,0
2026-07-18T12:50:33.762 RX LT,2060,73,167,174,171,-6,12,1,-142,0,0,0
2026-07-18T12:50:33.762 RX LT,2080,73,167,163,173,-6,12,1,-141,0,0,0
2026-07-18T12:50:33.891 RX LT,2100,73,167,129,173,-6,12,1,-140,0,0,0
2026-07-18T12:50:33.891 RX LT,2120,73,167,171,173,-6,12,1,-137,0,0,0
2026-07-18T12:50:33.891 RX LT,2140,57,171,173,173,-11,4,1,-135,0,0,0
2026-07-18T12:50:33.891 RX LT,2160,57,171,163,217,-11,4,1,-132,0,0,0
2026-07-18T12:50:33.891 RX LT,2180,57,171,162,176,-11,4,1,-129,0,0,0
2026-07-18T12:50:33.891 RX LT,2200,57,171,162,217,-11,4,1,-127,0,0,0
2026-07-18T12:50:34.012 RX LT,2220,57,171,162,176,-11,4,1,-123,0,0,0
2026-07-18T12:50:34.012 RX LT,2240,57,171,129,174,-11,4,1,-120,0,0,0
2026-07-18T12:50:34.012 RX LT,2260,57,171,127,217,-11,4,1,-116,0,0,0
2026-07-18T12:50:34.012 RX LT,2280,57,171,127,176,-11,4,1,-112,0,0,0
2026-07-18T12:50:34.012 RX LT,2300,29,171,127,185,-18,6,1,-110,0,0,0
2026-07-18T12:50:34.012 RX LT,2320,29,171,116,218,-18,6,1,-106,0,0,0
2026-07-18T12:50:34.140 RX LT,2340,29,171,126,176,-18,6,1,-100,0,0,0
2026-07-18T12:50:34.141 RX LT,2360,29,171,116,185,-18,6,1,-95,0,0,0
2026-07-18T12:50:34.141 RX LT,2380,57,171,116,185,-11,4,1,-89,0,0,0
2026-07-18T12:50:34.141 RX LT,2400,57,171,116,218,-11,4,1,-83,0,0,0
2026-07-18T12:50:34.144 RX LT,2420,57,171,126,176,-11,4,1,-77,0,0,0
2026-07-18T12:50:34.144 RX LT,2440,57,171,160,228,-11,4,1,-71,0,0,0
2026-07-18T12:50:34.286 RX LT,2460,57,171,75,220,-11,4,1,-66,0,0,0
2026-07-18T12:50:34.286 RX LT,2480,57,171,113,176,-11,4,1,-61,0,0,0
2026-07-18T12:50:34.286 RX LT,2500,57,171,115,228,-11,4,1,-56,0,0,0
2026-07-18T12:50:34.286 RX LT,2520,57,171,115,220,-11,4,1,-51,0,0,0
2026-07-18T12:50:34.287 RX LT,2540,57,171,105,220,-11,4,1,-41,0,0,0
2026-07-18T12:50:34.287 RX LT,2560,57,171,115,220,-11,4,1,-37,0,0,0
2026-07-18T12:50:34.287 RX LT,2580,57,171,72,220,-11,4,1,-31,0,0,0
2026-07-18T12:50:34.412 RX LT,2600,57,171,113,187,-11,4,1,-25,0,0,0
2026-07-18T12:50:34.412 RX LT,2620,57,171,72,185,-11,4,1,-18,0,0,0
2026-07-18T12:50:34.412 RX LT,2640,73,167,69,229,-6,12,1,-12,0,0,0
2026-07-18T12:50:34.412 RX LT,2660,73,167,113,220,-6,12,1,-5,0,0,0
2026-07-18T12:50:34.412 RX LT,2680,73,167,72,220,-6,12,1,1,0,0,0
2026-07-18T12:50:34.412 RX LT,2700,73,167,69,220,-6,12,1,7,0,0,0
2026-07-18T12:50:34.535 RX LT,2720,73,167,113,187,-6,12,1,13,0,0,0
2026-07-18T12:50:34.535 RX LT,2740,73,167,72,185,-6,12,1,19,0,0,0
2026-07-18T12:50:34.535 RX LT,2760,73,167,113,229,-6,12,1,29,0,0,0
2026-07-18T12:50:34.535 RX LT,2780,83,157,104,220,-2,8,1,32,0,0,0
2026-07-18T12:50:34.535 RX LT,2800,103,137,71,220,-2,8,1,38,0,0,0
2026-07-18T12:50:34.535 RX LT,2820,108,132,113,220,-2,8,1,43,0,0,0
2026-07-18T12:50:34.662 RX LT,2840,108,132,115,176,-2,8,1,47,0,0,0
2026-07-18T12:50:34.662 RX LT,2860,120,120,105,174,0,24,1,52,0,0,0
2026-07-18T12:50:34.662 RX LT,2880,120,120,115,217,0,24,1,55,0,0,0
2026-07-18T12:50:34.662 RX LT,2900,120,120,115,133,0,24,1,58,0,0,0
2026-07-18T12:50:34.662 TX SET LINEKD 2150 1537917906
2026-07-18T12:50:34.662 RX LT,2920,120,120,72,214,0,24,1,61,0,0,0
2026-07-18T12:50:34.662 RX LT,2940,120,120,113,176,0,24,1,63,0,0,0
2026-07-18T12:50:34.662 RX LT,2960,130,110,115,174,2,16,1,65,0,0,0
2026-07-18T12:50:34.789 RX LT,2980,132,108,115,174,2,16,1,66,0,0,0
2026-07-18T12:50:34.789 RX SA,1537917906,LINEKD,2150
2026-07-18T12:50:34.789 RX LT,3000,130,110,115,163,2,16,1,67,0,0,0
2026-07-18T12:50:34.789 RX LT,3020,132,108,115,173,2,16,1,67,0,0,0
2026-07-18T12:50:34.789 RX LT,3040,148,92,115,130,6,48,1,67,0,0,0
2026-07-18T12:50:34.789 RX LT,3060,164,76,126,127,6,48,1,67,0,0,0
2026-07-18T12:50:34.936 RX LT,3080,167,73,116,127,6,48,1,66,0,0,0
2026-07-18T12:50:34.936 RX LT,3100,167,73,159,160,6,48,1,64,0,0,0
2026-07-18T12:50:34.936 RX LT,3120,167,73,162,118,6,48,1,61,0,0,0
2026-07-18T12:50:34.937 RX LT,3140,167,73,162,116,6,48,1,57,0,0,0
2026-07-18T12:50:34.937 RX LT,3160,167,73,162,126,6,48,1,53,0,0,0
2026-07-18T12:50:34.937 RX LT,3180,167,73,162,116,6,48,1,49,0,0,0
2026-07-18T12:50:34.937 RX LT,3200,167,73,129,116,6,48,1,41,0,0,0
2026-07-18T12:50:35.064 RX LT,3220,167,73,171,116,6,48,1,36,0,0,0
2026-07-18T12:50:35.064 RX LT,3240,167,73,130,116,6,48,1,30,0,0,0
2026-07-18T12:50:35.064 RX LT,3260,167,73,171,116,6,48,1,24,0,0,0
2026-07-18T12:50:35.064 RX LT,3280,167,73,173,116,6,48,1,17,0,0,0
2026-07-18T12:50:35.064 RX LT,3300,167,73,173,72,6,48,1,11,0,0,0
2026-07-18T12:50:35.066 RX LT,3320,167,73,173,113,6,48,1,4,0,0,0
2026-07-18T12:50:35.190 RX LT,3340,167,73,173,115,6,48,1,-3,0,0,0
2026-07-18T12:50:35.190 RX LT,3360,167,73,173,115,6,48,1,-6,0,0,0
2026-07-18T12:50:35.190 RX LT,3380,167,73,217,105,6,48,1,-14,0,0,0
2026-07-18T12:50:35.190 RX LT,3400,167,73,176,115,6,48,1,-22,0,0,0
2026-07-18T12:50:35.190 RX LT,3420,167,73,217,105,6,48,1,-34,0,0,0
2026-07-18T12:50:35.190 RX LT,3440,167,73,176,71,6,48,1,-41,0,0,0
2026-07-18T12:50:35.330 RX LT,3460,167,73,185,113,6,48,1,-49,0,0,0
2026-07-18T12:50:35.330 RX LT,3480,167,73,218,104,6,48,1,-57,0,0,0
2026-07-18T12:50:35.330 RX LT,3500,167,73,187,104,6,48,1,-66,0,0,0
2026-07-18T12:50:35.330 RX LT,3520,167,73,218,71,6,48,1,-74,0,0,0
2026-07-18T12:50:35.330 RX LT,3540,167,73,220,113,6,48,1,-81,0,0,0
2026-07-18T12:50:35.330 RX LT,3560,167,73,220,104,6,48,1,-89,0,0,0
2026-07-18T12:50:35.330 RX LT,3580,167,73,220,71,6,48,1,-96,0,0,0
2026-07-18T12:50:35.460 RX LT,3600,167,73,220,113,6,48,1,-104,0,0,0
2026-07-18T12:50:35.460 RX LT,3620,167,73,220,104,6,48,1,-111,0,0,0
2026-07-18T12:50:35.460 RX LT,3640,167,73,220,71,6,48,1,-121,0,0,0
2026-07-18T12:50:35.461 RX LT,3660,167,73,220,69,6,48,1,-128,0,0,0
2026-07-18T12:50:35.461 RX LT,3680,167,73,220,113,6,48,1,-135,0,0,0
2026-07-18T12:50:35.462 RX LT,3700,167,73,176,72,6,48,1,-141,0,0,0
2026-07-18T12:50:35.588 RX LT,3720,167,73,185,69,6,48,1,-147,0,0,0
2026-07-18T12:50:35.588 RX LT,3740,167,73,218,69,6,48,1,-154,0,0,0
2026-07-18T12:50:35.588 RX LT,3760,157,83,187,113,2,16,1,-161,0,0,0
2026-07-18T12:50:35.589 RX LT,3780,137,103,218,72,2,16,1,-167,0,0,0
2026-07-18T12:50:35.589 RX LT,3800,132,108,220,113,2,16,1,-173,0,0,0
2026-07-18T12:50:35.589 RX LT,3820,132,108,176,104,2,16,1,-178,0,0,0
2026-07-18T12:50:35.712 RX LT,3840,132,108,185,115,2,16,1,-183,0,0,0
2026-07-18T12:50:35.712 RX LT,3860,120,120,218,72,0,24,1,-190,0,0,0
2026-07-18T12:50:35.712 RX LT,3880,120,120,176,113,0,24,1,-194,0,0,0
2026-07-18T12:50:35.712 RX LT,3900,120,120,217,115,0,24,1,-198,0,0,0
2026-07-18T12:50:35.712 RX LT,3920,120,120,176,115,0,24,1,-201,0,0,0
2026-07-18T12:50:35.712 RX LT,3940,120,120,174,115,0,24,1,-204,0,0,0
2026-07-18T12:50:35.837 RX LT,3960,120,120,174,115,0,24,1,-207,0,0,0
2026-07-18T12:50:35.837 RX LT,3980,120,120,217,115,0,24,1,-210,0,0,0
2026-07-18T12:50:35.837 RX LT,4000,120,120,176,115,0,24,1,-212,0,0,0
2026-07-18T12:50:35.837 RX LT,4020,130,110,174,115,3,56,1,-215,0,0,0
2026-07-18T12:50:35.837 RX LT,4040,112,128,174,126,-6,12,1,-217,0,0,0
2026-07-18T12:50:35.837 RX LT,4060,96,144,130,116,-6,12,1,-219,0,0,0
2026-07-18T12:50:35.962 RX LT,4080,80,160,171,116,-6,12,1,-222,0,0,0
2026-07-18T12:50:35.962 RX LT,4100,73,167,173,159,-6,12,1,-223,0,0,0
2026-07-18T12:50:35.962 RX LT,4120,73,167,130,162,-6,12,1,-224,0,0,0
2026-07-18T12:50:35.962 RX LT,4140,73,167,127,118,-6,12,1,-224,0,0,0
2026-07-18T12:50:35.962 RX LT,4160,57,171,171,127,-11,4,1,-224,0,0,0
2026-07-18T12:50:35.962 RX LT,4180,57,171,162,127,-11,4,1,-223,0,0,0
2026-07-18T12:50:36.082 RX LT,4200,57,171,118,171,-11,4,1,-221,0,0,0
2026-07-18T12:50:36.082 RX LT,4220,57,171,127,130,-11,4,1,-218,0,0,0
2026-07-18T12:50:36.091 RX LT,4240,57,171,127,171,-11,4,1,-216,0,0,0
2026-07-18T12:50:36.091 RX LT,4260,57,171,160,162,-11,4,1,-212,0,0,0
2026-07-18T12:50:36.091 RX LT,4280,57,171,118,173,-11,4,1,-208,0,0,0
2026-07-18T12:50:36.091 RX LT,4300,57,171,127,173,-11,4,1,-203,0,0,0
2026-07-18T12:50:36.215 RX LT,4320,29,171,116,163,-18,6,1,-199,0,0,0
2026-07-18T12:50:36.215 RX LT,4340,29,171,116,173,-18,6,1,-196,0,0,0
2026-07-18T12:50:36.217 RX LT,4360,29,171,116,163,-18,6,1,-192,0,0,0
2026-07-18T12:50:36.218 RX LT,4380,29,171,116,173,-18,6,1,-188,0,0,0
2026-07-18T12:50:36.219 RX LT,4400,29,171,116,173,-18,6,1,-184,0,0,0
2026-07-18T12:50:36.220 RX LT,4420,29,171,116,173,-18,6,1,-179,0,0,0
2026-07-18T12:50:36.341 RX LT,4440,29,171,72,173,-18,6,1,-174,0,0,0
2026-07-18T12:50:36.341 RX LT,4460,29,171,113,173,-18,6,1,-169,0,0,0
2026-07-18T12:50:36.343 RX LT,4480,29,171,115,173,-18,6,1,-163,0,0,0
2026-07-18T12:50:36.343 RX LT,4500,29,171,72,173,-18,6,1,-157,0,0,0
2026-07-18T12:50:36.343 RX LT,4520,29,171,113,217,-18,6,1,-148,0,0,0
2026-07-18T12:50:36.343 RX LT,4540,29,171,104,176,-18,6,1,-142,0,0,0
2026-07-18T12:50:36.462 RX LT,4560,29,171,71,174,-18,6,1,-135,0,0,0
2026-07-18T12:50:36.462 RX LT,4580,29,171,113,174,-18,6,1,-129,0,0,0
2026-07-18T12:50:36.462 RX LT,4600,29,171,61,184,-18,6,1,-123,0,0,0
2026-07-18T12:50:36.462 RX LT,4620,29,171,69,174,-18,6,1,-116,0,0,0
2026-07-18T12:50:36.462 RX LT,4640,29,171,102,174,-18,6,1,-109,0,0,0
2026-07-18T12:50:36.462 RX LT,4660,29,171,60,141,-18,6,1,-102,0,0,0
2026-07-18T12:50:36.471 TX SET LINEKD 2250 1537917907
2026-07-18T12:50:36.571 RX LT,4680,57,171,101,182,-11,4,1,-96,0,0,0
2026-07-18T12:50:36.571 RX LT,4700,57,171,60,174,-11,4,1,-89,0,0,0
2026-07-18T12:50:36.571 RX SA,1537917907,LINEKD,2250
2026-07-18T12:50:36.571 RX LT,4720,97,131,101,217,-11,4,1,-83,0,0,0
2026-07-18T12:50:36.571 RX LT,4740,63,165,60,176,-11,4,1,-73,0,0,0
2026-07-18T12:50:36.571 RX LT,4760,57,171,69,174,-11,4,1,-68,0,0,0
2026-07-18T12:50:36.691 RX LT,4780,57,171,102,184,-11,4,1,-62,0,0,0
2026-07-18T12:50:36.691 RX LT,4800,57,171,60,174,-11,4,1,-56,0,0,0
2026-07-18T12:50:36.700 RX LT,4820,73,167,69,217,-6,12,1,-51,0,0,0
2026-07-18T12:50:36.700 RX LT,4840,73,167,102,176,-6,12,1,-45,0,0,0
2026-07-18T12:50:36.700 RX LT,4860,73,167,104,217,-6,12,1,-40,0,0,0
2026-07-18T12:50:36.700 RX LT,4880,73,167,104,176,-6,12,1,-35,0,0,0
2026-07-18T12:50:36.842 RX LT,4900,73,167,104,217,-6,12,1,-30,0,0,0
2026-07-18T12:50:36.842 RX LT,4920,73,167,104,176,-6,12,1,-25,0,0,0
2026-07-18T12:50:36.842 RX LT,4940,73,167,104,185,-6,12,1,-21,0,0,0
2026-07-18T12:50:36.842 RX LT,4960,73,167,104,174,-6,12,1,-13,0,0,0
2026-07-18T12:50:36.842 RX LT,4980,93,147,104,217,-2,8,1,-8,0,0,0
2026-07-18T12:50:36.842 RX LT,5000,108,132,104,176,-2,8,1,-4,0,0,0
2026-07-18T12:50:36.842 RX LT,5020,118,122,104,174,0,24,1,1,0,0,0
2026-07-18T12:50:36.970 RX LT,5040,120,120,71,130,0,24,1,2,0,0,0
2026-07-18T12:50:36.970 RX LT,5060,120,120,69,171,0,24,1,5,0,0,0
2026-07-18T12:50:36.970 RX LT,5080,120,120,113,173,0,24,1,8,0,0,0
2026-07-18T12:50:36.970 RX LT,5100,120,120,72,163,0,24,1,10,0,0,0
2026-07-18T12:50:36.970 RX LT,5120,120,120,113,129,0,24,1,12,0,0,0
2026-07-18T12:50:36.970 RX LT,5140,120,120,104,171,0,24,1,13,0,0,0
2026-07-18T12:50:36.970 TX SET LINEKD 2350 1537917908
2026-07-18T12:50:37.091 RX LT,5160,132,108,71,130,2,16,1,15,0,0,0
2026-07-18T12:50:37.091 RX LT,5180,132,108,113,127,2,16,1,15,0,0,0
2026-07-18T12:50:37.091 RX SA,1537917908,LINEKD,2350
2026-07-18T12:50:37.091 RX LT,5200,130,110,115,127,2,16,1,15,0,0,0
2026-07-18T12:50:37.091 RX LT,5220,146,94,105,127,6,48,1,15,0,0,0
2026-07-18T12:50:37.091 RX LT,5240,162,78,115,160,6,48,1,15,0,0,0
2026-07-18T12:50:37.091 RX LT,5260,167,73,72,118,6,48,1,15,0,0,0
2026-07-18T12:50:37.229 RX LT,5280,167,73,113,105,6,48,1,14,0,0,0
2026-07-18T12:50:37.230 RX LT,5300,167,73,115,115,6,48,1,13,0,0,0
2026-07-18T12:50:37.230 RX LT,5320,167,73,115,159,6,48,1,11,0,0,0
2026-07-18T12:50:37.230 RX LT,5340,167,73,126,118,6,48,1,8,0,0,0
2026-07-18T12:50:37.230 RX LT,5360,167,73,116,105,6,48,1,5,0,0,0
2026-07-18T12:50:37.230 RX LT,5380,167,73,126,115,6,48,1,1,0,0,0
2026-07-18T12:50:37.344 RX LT,5400,167,73,127,115,6,48,1,-5,0,0,0
2026-07-18T12:50:37.344 RX LT,5420,167,73,160,72,6,48,1,-9,0,0,0
2026-07-18T12:50:37.344 RX LT,5440,167,73,162,113,6,48,1,-14,0,0,0
2026-07-18T12:50:37.344 RX LT,5460,171,57,162,72,11,32,1,-19,0,0,0
2026-07-18T12:50:37.344 RX LT,5480,171,57,162,113,11,32,1,-25,0,0,0
2026-07-18T12:50:37.344 RX LT,5500,171,57,129,104,11,32,1,-31,0,0,0
2026-07-18T12:50:37.474 RX LT,5520,171,57,171,104,11,32,1,-37,0,0,0
2026-07-18T12:50:37.474 RX LT,5540,171,57,130,104,11,32,1,-43,0,0,0
2026-07-18T12:50:37.474 RX LT,5560,171,57,171,71,11,32,1,-50,0,0,0
2026-07-18T12:50:37.474 RX LT,5580,171,57,173,102,11,32,1,-57,0,0,0
2026-07-18T12:50:37.474 RX LT,5600,171,57,173,104,11,32,1,-64,0,0,0
2026-07-18T12:50:37.474 RX LT,5620,171,57,217,104,11,32,1,-76,0,0,0
2026-07-18T12:50:37.474 RX LT,5640,171,57,176,60,11,32,1,-83,0,0,0
2026-07-18T12:50:37.611 RX LT,5660,171,57,174,69,11,32,1,-91,0,0,0
2026-07-18T12:50:37.620 RX LT,5680,171,57,174,69,11,32,1,-99,0,0,0
2026-07-18T12:50:37.620 RX LT,5700,167,73,184,102,6,48,1,-107,0,0,0
2026-07-18T12:50:37.620 RX LT,5720,167,73,218,71,6,48,1,-114,0,0,0
2026-07-18T12:50:37.620 RX LT,5740,167,73,176,113,6,48,1,-122,0,0,0
2026-07-18T12:50:37.620 RX LT,5760,167,73,185,61,6,48,1,-130,0,0,0
2026-07-18T12:50:37.746 RX LT,5780,167,73,174,69,6,48,1,-137,0,0,0
2026-07-18T12:50:37.746 RX LT,5800,167,73,184,69,6,48,1,-144,0,0,0
2026-07-18T12:50:37.746 RX LT,5820,167,73,174,69,6,48,1,-151,0,0,0
2026-07-18T12:50:37.747 RX LT,5840,167,73,184,69,6,48,1,-160,0,0,0
2026-07-18T12:50:37.747 RX LT,5860,167,73,185,69,6,48,1,-167,0,0,0
2026-07-18T12:50:37.747 RX LT,5880,167,73,218,69,6,48,1,-173,0,0,0
2026-07-18T12:50:37.871 RX LT,5900,167,73,176,113,6,48,1,-179,0,0,0
2026-07-18T12:50:37.872 RX LT,5920,167,73,185,104,6,48,1,-185,0,0,0
2026-07-18T12:50:37.872 RX LT,5940,167,73,218,104,6,48,1,-191,0,0,0
2026-07-18T12:50:37.872 RX LT,5960,167,73,176,104,6,48,1,-196,0,0,0
2026-07-18T12:50:37.872 RX LT,5980,167,73,217,104,6,48,1,-201,0,0,0
2026-07-18T12:50:37.872 RX LT,6000,167,73,220,104,6,48,1,-207,0,0,0
2026-07-18T12:50:37.992 RX LT,6020,157,83,176,104,2,16,1,-213,0,0,0
2026-07-18T12:50:37.992 RX LT,6040,137,103,185,104,2,16,1,-218,0,0,0
2026-07-18T12:50:37.992 RX LT,6060,132,108,218,71,2,16,1,-226,0,0,0
2026-07-18T12:50:37.992 RX LT,6080,132,108,176,113,2,16,1,-230,0,0,0
2026-07-18T12:50:37.992 RX LT,6100,120,120,217,104,0,24,1,-234,0,0,0
2026-07-18T12:50:37.992 RX LT,6120,120,120,176,71,0,24,1,-238,0,0,0
2026-07-18T12:50:38.121 RX LT,6140,120,120,174,113,0,24,1,-241,0,0,0
2026-07-18T12:50:38.121 RX LT,6160,120,120,174,115,0,24,1,-243,0,0,0
2026-07-18T12:50:38.123 RX LT,6180,120,120,174,115,0,24,1,-245,0,0,0
2026-07-18T12:50:38.124 RX LT,6200,120,120,174,115,0,24,1,-247,0,0,0
2026-07-18T12:50:38.124 RX LT,6220,120,120,184,115,0,24,1,-249,0,0,0
2026-07-18T12:50:38.126 RX LT,6240,110,130,163,105,-2,8,1,-251,0,0,0
2026-07-18T12:50:38.251 RX LT,6260,108,132,184,115,-2,8,1,-253,0,0,0
2026-07-18T12:50:38.251 RX LT,6280,100,140,174,126,-6,12,1,-256,0,0,0
2026-07-18T12:50:38.251 RX LT,6300,84,156,163,105,-6,12,1,-257,0,0,0
2026-07-18T12:50:38.251 RX LT,6320,73,167,173,126,-6,12,1,-258,0,0,0
2026-07-18T12:50:38.251 RX LT,6340,73,167,130,116,-6,12,1,-259,0,0,0
2026-07-18T12:50:38.251 RX LT,6360,73,167,171,126,-6,12,1,-258,0,0,0
2026-07-18T12:50:38.374 RX LT,6380,73,167,119,127,-6,12,1,-258,0,0,0
2026-07-18T12:50:38.374 RX LT,6400,73,167,170,127,-6,12,1,-257,0,0,0
2026-07-18T12:50:38.375 RX LT,6420,57,171,162,127,-11,4,1,-255,0,0,0
2026-07-18T12:50:38.375 RX LT,6440,57,171,129,171,-11,4,1,-253,0,0,0
2026-07-18T12:50:38.375 RX LT,6460,57,171,127,162,-11,4,1,-250,0,0,0
2026-07-18T12:50:38.375 RX LT,6480,57,171,127,162,-11,4,1,-247,0,0,0
2026-07-18T12:50:38.501 RX LT,6500,29,171,127,129,-18,6,1,-243,0,0,0
2026-07-18T12:50:38.501 RX LT,6520,29,171,116,171,-18,6,1,-239,0,0,0
2026-07-18T12:50:38.501 RX LT,6540,29,171,126,130,-18,6,1,-235,0,0,0
2026-07-18T12:50:38.501 RX LT,6560,29,171,116,171,-18,6,1,-230,0,0,0
2026-07-18T12:50:38.502 RX LT,6580,29,171,116,130,-18,6,1,-225,0,0,0
2026-07-18T12:50:38.502 RX LT,6600,29,171,116,171,-18,6,1,-220,0,0,0
2026-07-18T12:50:38.621 RX LT,6620,29,171,116,173,-18,6,1,-214,0,0,0
2026-07-18T12:50:38.621 RX LT,6640,29,171,105,163,-18,6,1,-209,0,0,0
2026-07-18T12:50:38.621 RX LT,6660,29,171,115,173,-18,6,1,-203,0,0,0
2026-07-18T12:50:38.630 RX LT,6680,29,171,105,173,-18,6,1,-196,0,0,0
2026-07-18T12:50:38.630 RX LT,6700,29,171,115,173,-18,6,1,-190,0,0,0
2026-07-18T12:50:38.630 RX LT,6720,29,171,105,173,-18,6,1,-184,0,0,0
2026-07-18T12:50:38.752 RX LT,6740,29,171,71,173,-18,6,1,-178,0,0,0
2026-07-18T12:50:38.752 RX LT,6760,29,171,69,173,-18,6,1,-171,0,0,0
2026-07-18T12:50:38.754 RX LT,6780,29,171,113,173,-18,6,1,-164,0,0,0
2026-07-18T12:50:38.756 RX LT,6800,29,171,104,173,-18,6,1,-157,0,0,0
2026-07-18T12:50:38.758 TX SET LINEKD 2250 1537917909
2026-07-18T12:50:38.758 RX LT,6820,29,171,71,173,-18,6,1,-150,0,0,0
2026-07-18T12:50:38.758 RX LT,6840,29,171,69,184,-18,6,1,-143,0,0,0
2026-07-18T12:50:38.851 RX LT,6860,29,171,69,174,-18,6,1,-135,0,0,0
2026-07-18T12:50:38.851 RX LT,6880,29,171,69,174,-18,6,1,-128,0,0,0
2026-07-18T12:50:38.851 RX SA,1537917909,LINEKD,2250
2026-07-18T12:50:38.851 RX LT,6900,82,118,69,141,-18,6,1,-121,0,0,0
2026-07-18T12:50:38.851 RX LT,6920,46,154,102,171,-18,6,1,-114,0,0,0
2026-07-18T12:50:38.851 RX LT,6940,29,171,60,173,-18,6,1,-105,0,0,0
2026-07-18T12:50:38.982 RX LT,6960,57,171,101,173,-11,4,1,-98,0,0,0
2026-07-18T12:50:38.982 RX LT,6980,57,171,60,173,-11,4,1,-92,0,0,0
2026-07-18T12:50:38.982 RX LT,7000,57,171,69,217,-11,4,1,-86,0,0,0
2026-07-18T12:50:38.982 RX LT,7020,57,171,58,176,-11,4,1,-80,0,0,0
2026-07-18T12:50:38.982 RX LT,7040,57,171,101,174,-11,4,1,-73,0,0,0
2026-07-18T12:50:38.982 RX LT,7060,57,171,60,174,-11,4,1,-67,0,0,0
2026-07-18T12:50:39.130 RX LT,7080,57,171,101,184,-11,4,1,-60,0,0,0
2026-07-18T12:50:39.130 RX LT,7100,73,167,60,174,-6,12,1,-53,0,0,0
2026-07-18T12:50:39.130 RX LT,7120,73,167,101,217,-6,12,1,-47,0,0,0
2026-07-18T12:50:39.130 RX LT,7140,73,167,60,176,-6,12,1,-40,0,0,0
2026-07-18T12:50:39.130 RX LT,7160,73,167,69,174,-6,12,1,-31,0,0,0
2026-07-18T12:50:39.130 RX LT,7180,73,167,69,184,-6,12,1,-26,0,0,0
2026-07-18T12:50:39.130 RX LT,7200,73,167,69,174,-6,12,1,-21,0,0,0
2026-07-18T12:50:39.251 RX LT,7220,73,167,69,184,-6,12,1,-16,0,0,0
2026-07-18T12:50:39.251 RX LT,7240,73,167,102,174,-6,12,1,-11,0,0,0
2026-07-18T12:50:39.251 RX LT,7260,93,147,104,184,-2,8,1,-5,0,0,0
2026-07-18T12:50:39.251 RX LT,7280,108,132,60,174,-2,8,1,0,0,0,0
2026-07-18T12:50:39.251 RX LT,7300,120,120,69,174,0,24,1,5,0,0,0
2026-07-18T12:50:39.251 RX LT,7320,120,120,69,163,0,24,1,10,0,0,0
2026-07-18T12:50:39.382 RX LT,7340,120,120,69,162,0,24,1,13,0,0,0
2026-07-18T12:50:39.382 RX LT,7360,120,120,69,173,0,24,1,16,0,0,0
2026-07-18T12:50:39.382 RX LT,7380,120,120,113,163,0,24,1,20,0,0,0
2026-07-18T12:50:39.382 RX LT,7400,120,120,104,129,0,24,1,21,0,0,0
2026-07-18T12:50:39.382 RX LT,7420,120,120,71,127,0,24,1,22,0,0,0
2026-07-18T12:50:39.382 RX LT,7440,132,108,113,171,2,16,1,23,0,0,0
2026-07-18T12:50:39.382 TX SET LINEKP 8150 1537917910
2026-07-18T12:50:39.506 RX LT,7460,132,108,104,119,2,16,1,24,0,0,0
2026-07-18T12:50:39.506 RX LT,7480,148,92,115,127,6,48,1,23,0,0,0
2026-07-18T12:50:39.507 RX SA,1537917910,LINEKP,8150
2026-07-18T12:50:39.507 RX LT,7500,128,112,105,116,6,48,1,23,0,0,0
2026-07-18T12:50:39.507 RX LT,7520,144,96,115,116,6,48,1,22,0,0,0
2026-07-18T12:50:39.507 RX LT,7540,160,80,115,159,6,48,1,20,0,0,0
2026-07-18T12:50:39.507 RX LT,7560,167,73,115,75,6,48,1,19,0,0,0
2026-07-18T12:50:39.651 RX LT,7580,167,73,115,113,6,48,1,17,0,0,0
2026-07-18T12:50:39.651 RX LT,7600,167,73,159,115,6,48,1,13,0,0,0
2026-07-18T12:50:39.651 RX LT,7620,167,73,118,72,6,48,1,9,0,0,0
2026-07-18T12:50:39.651 RX LT,7640,167,73,127,113,6,48,1,5,0,0,0
2026-07-18T12:50:39.651 RX LT,7660,167,73,160,115,6,48,1,0,0,0,0
2026-07-18T12:50:39.651 RX LT,7680,167,73,162,105,6,48,1,-5,0,0,0
2026-07-18T12:50:39.651 RX LT,7700,167,73,129,104,6,48,1,-8,0,0,0
2026-07-18T12:50:39.780 RX LT,7720,167,73,127,71,6,48,1,-13,0,0,0
2026-07-18T12:50:39.780 RX LT,7740,167,73,171,113,6,48,1,-19,0,0,0
2026-07-18T12:50:39.781 RX LT,7760,167,73,162,61,6,48,1,-25,0,0,0
2026-07-18T12:50:39.781 RX LT,7780,167,73,129,112,6,48,1,-31,0,0,0
2026-07-18T12:50:39.781 RX LT,7800,167,73,171,104,6,48,1,-40,0,0,0
2026-07-18T12:50:39.781 RX LT,7820,167,73,130,104,6,48,1,-47,0,0,0
2026-07-18T12:50:39.902 RX LT,7840,167,73,171,104,6,48,1,-53,0,0,0
2026-07-18T12:50:39.902 RX LT,7860,161,79,173,104,3,56,1,-59,0,0,0
2026-07-18T12:50:39.902 RX LT,7880,152,88,173,71,0,62,0,-66,0,0,0
2026-07-18T12:50:39.902 RX LT,7901,152,88,304,191,0,62,0,-72,0,0,0
2026-07-18T12:50:39.902 RX LT,7921,140,140,149,120,0,63,0,0,0,1,0
2026-07-18T12:50:39.902 RX LT,7941,140,140,172,116,0,63,0,0,0,1,0
2026-07-18T12:50:40.050 RX LT,7961,140,140,173,105,0,63,0,0,0,2,0
2026-07-18T12:50:40.050 RX LT,7981,-165,165,119,115,-24,7,1,-3,0,2,2
2026-07-18T12:50:40.050 RX LT,8001,-165,165,50,72,-36,1,1,-6,0,2,3
2026-07-18T12:50:40.050 RX LT,8021,-165,165,14,113,0,0,0,-3,0,2,5
2026-07-18T12:50:40.050 RX LT,8041,-165,165,0,115,0,0,0,4,0,2,6
2026-07-18T12:50:40.050 RX LT,8061,-165,165,43,126,0,0,0,16,0,2,7
2026-07-18T12:50:40.050 RX LT,8081,-165,165,57,127,0,0,0,31,0,2,9
2026-07-18T12:50:40.160 RX LT,8101,-165,165,68,116,-36,1,1,46,0,2,12
2026-07-18T12:50:40.160 RX LT,8121,-165,165,102,159,-36,1,1,61,0,2,14
2026-07-18T12:50:40.160 RX LT,8141,-165,165,60,162,-30,3,1,77,0,2,16
2026-07-18T12:50:40.161 RX LT,8161,-165,165,112,162,-30,3,1,101,0,2,18
2026-07-18T12:50:40.161 RX LT,8181,-165,165,104,162,-30,3,1,117,0,2,21
2026-07-18T12:50:40.290 RX LT,8201,-165,165,71,129,-30,3,1,134,0,2,23
2026-07-18T12:50:40.290 RX LT,8221,-165,165,113,171,-24,7,1,144,0,2,26
2026-07-18T12:50:40.290 RX LT,8241,-165,165,126,130,-24,7,1,162,0,2,29
2026-07-18T12:50:40.290 RX LT,8261,-165,165,116,171,-24,7,1,181,0,2,32
2026-07-18T12:50:40.290 RX LT,8281,-165,165,126,173,-18,6,1,199,0,2,35
2026-07-18T12:50:40.290 RX LT,8301,-165,165,127,173,-18,6,1,219,0,2,39
2026-07-18T12:50:40.402 RX LT,8321,-165,165,171,173,-12,14,1,239,0,2,42
2026-07-18T12:50:40.410 RX LT,8341,-165,165,173,173,-6,12,1,249,0,2,45
2026-07-18T12:50:40.410 RX LT,8361,-165,165,173,173,-6,12,1,270,0,2,48
2026-07-18T12:50:40.410 RX LT,8381,-105,105,184,163,-6,12,1,301,0,2,52
2026-07-18T12:50:40.410 RX LT,8401,-100,100,174,129,0,24,1,321,0,2,55
2026-07-18T12:50:40.410 RX LT,8421,-94,94,174,127,0,24,1,340,0,2,59
2026-07-18T12:50:40.517 RX LT,8441,-89,89,174,160,0,24,1,350,0,2,62
2026-07-18T12:50:40.517 RX LT,8461,-85,85,174,107,2,16,1,368,0,2,64
2026-07-18T12:50:40.518 RX LT,8481,-80,80,174,115,2,16,1,383,0,2,67
2026-07-18T12:50:40.518 RX LT,8501,-75,75,174,115,6,48,1,398,0,2,70
2026-07-18T12:50:40.519 RX LT,8521,-72,72,130,105,6,48,1,411,0,2,72
2026-07-18T12:50:40.519 RX TURN CAPTURE,1,422,75,48,6
2026-07-18T12:50:40.662 RX LT,8541,0,0,127,104,6,48,1,422,0,5,75
2026-07-18T12:50:40.662 RX LT,8561,0,0,116,60,6,48,1,433,0,5,77
2026-07-18T12:50:40.662 RX LT,8581,0,0,29,14,6,48,1,441,0,5,78
2026-07-18T12:50:40.662 RX LT,8601,0,0,56,0,6,48,1,446,0,5,78
2026-07-18T12:50:40.662 RX LT,8621,0,0,47,54,6,48,1,446,0,5,79
2026-07-18T12:50:40.662 RX LT,8641,0,0,46,3,11,32,1,444,0,5,79
2026-07-18T12:50:40.662 RX LT,8661,0,0,46,11,11,32,1,441,0,5,80
2026-07-18T12:50:40.790 RX LT,8681,0,0,2,0,11,32,1,437,0,5,80
2026-07-18T12:50:40.790 RX LT,8701,105,95,0,0,11,32,1,432,0,6,80
2026-07-18T12:50:40.790 RX LT,8721,115,85,54,43,11,32,1,426,0,6,81
2026-07-18T12:50:40.790 RX LT,8741,125,75,57,24,11,32,1,420,0,6,82
2026-07-18T12:50:40.790 RX LT,8761,135,65,47,1,6,48,1,413,0,6,82
2026-07-18T12:50:40.790 RX LT,8781,145,55,46,43,6,48,1,406,0,6,83
2026-07-18T12:50:40.790 RX TURN CENTER,1,395,84,48,6
2026-07-18T12:50:40.899 RX TURN LEARN,1,900,92
2026-07-18T12:50:40.899 RX TURN DONE,1,395,890
2026-07-18T12:50:40.899 RX LT,8801,145,55,68,2,6,48,1,0,1,0,84
2026-07-18T12:50:40.899 RX LT,8821,136,104,58,43,6,48,1,-9,1,0,84
2026-07-18T12:50:40.900 RX LT,8841,152,88,68,2,6,48,1,-17,1,0,84
2026-07-18T12:50:40.900 RX LT,8861,167,73,102,11,6,48,1,-26,1,0,84
2026-07-18T12:50:40.900 RX LT,8881,167,73,71,44,6,48,1,-35,1,0,84
2026-07-18T12:50:41.039 RX LT,8901,167,73,113,2,6,48,1,-43,1,0,84
2026-07-18T12:50:41.039 RX LT,8921,167,73,104,11,6,48,1,-51,1,0,84
2026-07-18T12:50:41.039 RX LT,8941,167,73,115,55,6,48,1,-59,1,0,84
2026-07-18T12:50:41.039 RX LT,8961,167,73,105,46,6,48,1,-67,1,0,84
2026-07-18T12:50:41.039 RX LT,8981,167,73,115,57,6,48,1,-73,1,0,84
2026-07-18T12:50:41.039 RX LT,9001,147,93,105,57,2,16,1,-79,1,0,84
2026-07-18T12:50:41.039 RX LT,9021,132,108,71,57,2,16,1,-87,1,0,84
2026-07-18T12:50:41.166 RX LT,9041,132,108,113,68,2,16,1,-91,1,0,84
2026-07-18T12:50:41.166 RX LT,9061,132,108,104,58,2,16,1,-95,1,0,84
2026-07-18T12:50:41.166 RX LT,9081,132,108,71,68,2,16,1,-98,1,0,84
2026-07-18T12:50:41.166 RX LT,9101,132,108,69,69,2,16,1,-100,1,0,84
2026-07-18T12:50:41.167 RX LT,9121,132,108,113,69,2,16,1,-103,1,0,84
2026-07-18T12:50:41.167 RX LT,9141,120,120,104,69,0,24,1,-105,1,0,84
2026-07-18T12:50:41.291 RX LT,9161,120,120,71,113,0,24,1,-107,1,0,84
2026-07-18T12:50:41.291 RX LT,9181,120,120,113,72,0,24,1,-108,1,0,84
2026-07-18T12:50:41.291 RX LT,9201,120,120,72,113,0,24,1,-110,1,0,84
2026-07-18T12:50:41.291 RX LT,9221,120,120,113,115,0,24,1,-111,1,0,84
2026-07-18T12:50:41.292 RX LT,9241,120,120,115,83,0,24,1,-112,1,0,84
2026-07-18T12:50:41.292 RX LT,9261,120,120,115,124,0,24,1,-113,1,0,84
2026-07-18T12:50:41.391 RX LT,9281,108,132,115,116,-2,8,1,-114,1,0,84
2026-07-18T12:50:41.391 RX LT,9301,108,132,115,116,-2,8,1,-115,1,0,84
2026-07-18T12:50:41.391 RX LT,9321,108,132,115,126,-2,8,1,-116,1,0,84
2026-07-18T12:50:41.391 RX LT,9341,108,132,115,116,-2,8,1,-117,1,0,84
2026-07-18T12:50:41.391 RX LT,9361,108,132,115,159,-2,8,1,-118,1,0,84
2026-07-18T12:50:41.520 RX LT,9381,108,132,115,118,-2,8,1,-118,1,0,84
2026-07-18T12:50:41.520 RX LT,9401,100,140,159,127,-6,12,1,-119,1,0,84
2026-07-18T12:50:41.520 RX LT,9421,84,156,118,127,-6,12,1,-120,1,0,84
2026-07-18T12:50:41.520 RX LT,9441,73,167,116,160,-6,12,1,-121,1,0,84
2026-07-18T12:50:41.520 RX LT,9461,73,167,126,162,-6,12,1,-122,1,0,84
2026-07-18T12:50:41.520 RX LT,9481,73,167,116,162,-6,12,1,-122,1,0,84
2026-07-18T12:50:41.642 RX LT,9501,73,167,116,162,-6,12,1,-122,1,0,84
2026-07-18T12:50:41.642 RX LT,9521,57,171,159,129,-11,4,1,-121,1,0,84
2026-07-18T12:50:41.642 RX LT,9541,57,171,118,127,-11,4,1,-121,1,0,84
2026-07-18T12:50:41.642 RX LT,9561,57,171,116,171,-11,4,1,-120,1,0,84
2026-07-18T12:50:41.642 RX LT,9581,57,171,116,162,-11,4,1,-119,1,0,84
2026-07-18T12:50:41.642 RX LT,9601,57,171,105,173,-11,4,1,-117,1,0,84
2026-07-18T12:50:41.771 RX LT,9621,57,171,115,163,-11,4,1,-116,1,0,84
2026-07-18T12:50:41.771 RX LT,9641,57,171,115,129,-11,4,1,-114,1,0,84
2026-07-18T12:50:41.771 RX LT,9661,57,171,105,171,-11,4,1,-113,1,0,84
2026-07-18T12:50:41.771 RX LT,9681,57,171,115,173,-11,4,1,-109,1,0,84
2026-07-18T12:50:41.780 RX LT,9701,57,171,72,173,-11,4,1,-107,1,0,84
2026-07-18T12:50:41.780 RX LT,9721,57,171,113,130,-11,4,1,-105,1,0,84
2026-07-18T12:50:41.899 RX LT,9741,57,171,72,171,-11,4,1,-102,1,0,84
2026-07-18T12:50:41.899 RX LT,9761,57,171,113,173,-11,4,1,-100,1,0,84
2026-07-18T12:50:41.901 RX LT,9781,57,171,104,173,-11,4,1,-97,1,0,84
2026-07-18T12:50:41.901 RX LT,9801,57,171,71,173,-11,4,1,-95,1,0,84
2026-07-18T12:50:41.901 RX LT,9821,57,171,69,163,-11,4,1,-93,1,0,84
2026-07-18T12:50:41.901 RX LT,9841,57,171,113,216,-11,4,1,-91,1,0,84
2026-07-18T12:50:42.027 RX LT,9861,57,171,61,165,-11,4,1,-88,1,0,84
2026-07-18T12:50:42.027 RX LT,9881,57,171,69,173,-11,4,1,-85,1,0,84
2026-07-18T12:50:42.029 RX LT,9901,57,171,69,173,-11,4,1,-82,1,0,84
2026-07-18T12:50:42.031 RX LT,9921,57,171,69,173,-11,4,1,-80,1,0,84
2026-07-18T12:50:42.033 RX LT,9941,57,171,69,130,-11,4,1,-78,1,0,84
2026-07-18T12:50:42.033 RX LT,9961,57,171,113,171,-11,4,1,-76,1,0,84
2026-07-18T12:50:42.035 TX SET LINEKP 8250 1537917911
2026-07-18T12:50:42.130 RX LT,9981,57,171,104,173,-11,4,1,-75,1,0,84
2026-07-18T12:50:42.130 RX LT,10001,57,171,104,173,-11,4,1,-74,1,0,84
2026-07-18T12:50:42.130 RX SA,1537917911,LINEKP,8250
2026-07-18T12:50:42.130 RX LT,10021,97,131,104,173,-11,4,1,-73,1,0,84
2026-07-18T12:50:42.130 RX LT,10041,63,165,104,163,-11,4,1,-72,1,0,84
2026-07-18T12:50:42.130 RX LT,10061,57,171,104,173,-11,4,1,-71,1,0,84
2026-07-18T12:50:42.251 RX LT,10081,57,171,104,130,-11,4,1,-71,1,0,84
2026-07-18T12:50:42.251 RX LT,10101,57,171,60,171,-11,4,1,-71,1,0,84
2026-07-18T12:50:42.251 RX LT,10121,57,171,69,130,-11,4,1,-69,1,0,84
2026-07-18T12:50:42.251 RX LT,10141,57,171,58,171,-11,4,1,-67,1,0,84
2026-07-18T12:50:42.251 RX LT,10161,57,171,58,173,-11,4,1,-65,1,0,84
2026-07-18T12:50:42.251 RX LT,10181,57,171,47,163,-11,4,1,-62,1,0,84
2026-07-18T12:50:42.382 RX LT,10201,73,167,57,173,-6,12,1,-60,1,0,84
2026-07-18T12:50:42.382 RX LT,10221,73,167,57,173,-6,12,1,-58,1,0,84
2026-07-18T12:50:42.383 RX LT,10241,73,167,57,163,-6,12,1,-56,1,0,84
2026-07-18T12:50:42.383 RX LT,10261,73,167,101,173,-6,12,1,-55,1,0,84
2026-07-18T12:50:42.383 RX LT,10281,93,147,60,173,-2,8,1,-54,1,0,84
2026-07-18T12:50:42.383 RX LT,10301,108,132,58,163,-2,8,1,-54,1,0,84
2026-07-18T12:50:42.502 RX LT,10321,108,132,68,173,-2,8,1,-54,1,0,84
2026-07-18T12:50:42.502 RX LT,10341,108,132,102,163,-2,8,1,-55,1,0,84
2026-07-18T12:50:42.502 RX LT,10361,108,132,60,129,-2,8,1,-56,1,0,84
2026-07-18T12:50:42.502 RX LT,10381,108,132,69,127,-2,8,1,-58,1,0,84
2026-07-18T12:50:42.502 RX LT,10401,108,132,102,171,-2,8,1,-59,1,0,84
2026-07-18T12:50:42.502 RX LT,10421,108,132,104,162,-2,8,1,-62,1,0,84
2026-07-18T12:50:42.502 TX SET LINEKP 8350 1537917912
2026-07-18T12:50:42.612 RX LT,10441,108,132,104,162,-2,8,1,-64,1,0,84
2026-07-18T12:50:42.612 RX LT,10461,118,122,60,162,0,24,1,-67,1,0,84
2026-07-18T12:50:42.612 RX SA,1537917912,LINEKP,8350
2026-07-18T12:50:42.612 RX LT,10481,120,120,69,162,0,24,1,-70,1,0,84
2026-07-18T12:50:42.612 RX LT,10501,120,120,113,118,0,24,1,-73,1,0,84
2026-07-18T12:50:42.612 RX LT,10521,120,120,104,127,0,24,1,-77,1,0,84
2026-07-18T12:50:42.737 RX LT,10541,132,108,104,127,2,16,1,-81,1,0,84
2026-07-18T12:50:42.737 RX LT,10561,132,108,71,160,2,16,1,-87,1,0,84
2026-07-18T12:50:42.737 RX LT,10581,132,108,113,118,2,16,1,-92,1,0,84
2026-07-18T12:50:42.737 RX LT,10601,132,108,72,159,2,16,1,-97,1,0,84
2026-07-18T12:50:42.737 RX LT,10621,132,108,113,118,2,16,1,-101,1,0,84
2026-07-18T12:50:42.737 RX LT,10641,132,108,115,159,2,16,1,-106,1,0,84
2026-07-18T12:50:42.862 RX LT,10661,132,108,115,118,2,16,1,-111,1,0,84
2026-07-18T12:50:42.862 RX LT,10681,132,108,105,127,2,16,1,-115,1,0,84
2026-07-18T12:50:42.862 RX LT,10701,132,108,115,116,2,16,1,-120,1,0,84
2026-07-18T12:50:42.862 RX LT,10721,140,100,115,126,6,48,1,-125,1,0,84
2026-07-18T12:50:42.862 RX LT,10741,156,84,115,116,6,48,1,-130,1,0,84
2026-07-18T12:50:42.862 RX LT,10761,167,73,115,116,6,48,1,-135,1,0,84
2026-07-18T12:50:42.982 RX LT,10781,167,73,115,116,6,48,1,-142,1,0,84
2026-07-18T12:50:42.982 RX LT,10801,167,73,126,116,6,48,1,-148,1,0,84
2026-07-18T12:50:42.990 RX LT,10821,167,73,160,105,6,48,1,-154,1,0,84
2026-07-18T12:50:42.990 RX LT,10841,167,73,162,82,6,48,1,-161,1,0,84
2026-07-18T12:50:42.990 RX LT,10861,167,73,118,113,6,48,1,-168,1,0,84
2026-07-18T12:50:42.990 RX LT,10881,171,57,127,72,11,32,1,-176,1,0,84
2026-07-18T12:50:43.110 RX LT,10901,171,57,171,113,11,32,1,-183,1,0,84
2026-07-18T12:50:43.110 RX LT,10921,171,57,162,61,11,32,1,-191,1,0,84
2026-07-18T12:50:43.110 RX LT,10941,171,57,162,69,11,32,1,-199,1,0,84
2026-07-18T12:50:43.110 RX LT,10961,171,57,173,69,11,32,1,-207,1,0,84
2026-07-18T12:50:43.110 RX LT,10981,171,57,130,102,11,32,1,-215,1,0,84
2026-07-18T12:50:43.222 RX LT,11001,167,73,171,104,6,48,1,-223,1,0,84
2026-07-18T12:50:43.222 RX LT,11021,167,73,173,104,6,48,1,-231,1,0,84
2026-07-18T12:50:43.222 RX LT,11041,167,73,163,104,6,48,1,-238,1,0,84
2026-07-18T12:50:43.222 RX LT,11061,167,73,173,104,6,48,1,-245,1,0,84
2026-07-18T12:50:43.222 RX LT,11081,167,73,173,104,6,48,1,-252,1,0,84
2026-07-18T12:50:43.222 RX LT,11101,167,73,163,104,6,48,1,-258,1,0,84
2026-07-18T12:50:43.342 RX LT,11121,167,73,129,104,6,48,1,-263,1,0,84
2026-07-18T12:50:43.342 RX LT,11141,167,73,127,104,6,48,1,-268,1,0,84
2026-07-18T12:50:43.342 RX LT,11161,167,73,171,71,6,48,1,-273,1,0,84
2026-07-18T12:50:43.342 RX LT,11181,167,73,173,69,6,48,1,-277,1,0,84
2026-07-18T12:50:43.342 RX LT,11201,167,73,163,69,6,48,1,-282,1,0,84
2026-07-18T12:50:43.342 RX LT,11221,167,73,173,69,6,48,1,-289,1,0,84
2026-07-18T12:50:43.471 RX LT,11241,167,73,173,69,6,48,1,-294,1,0,84
2026-07-18T12:50:43.471 RX LT,11261,167,73,130,113,6,48,1,-299,1,0,84
2026-07-18T12:50:43.471 RX LT,11281,167,73,171,104,6,48,1,-304,1,0,84
2026-07-18T12:50:43.471 RX LT,11301,167,73,173,104,6,48,1,-309,1,0,84
2026-07-18T12:50:43.471 RX LT,11321,167,73,163,60,6,48,1,-314,1,0,84
2026-07-18T12:50:43.471 RX LT,11341,167,73,184,69,6,48,1,-320,1,0,84
2026-07-18T12:50:43.591 RX LT,11361,167,73,174,69,6,48,1,-326,1,0,84
2026-07-18T12:50:43.591 RX LT,11381,167,73,174,102,6,48,1,-331,1,0,84
2026-07-18T12:50:43.591 RX LT,11401,167,73,174,60,6,48,1,-336,1,0,84
2026-07-18T12:50:43.591 RX LT,11421,167,73,174,69,6,48,1,-341,1,0,84
2026-07-18T12:50:43.591 RX LT,11441,147,93,174,102,2,16,1,-346,1,0,84
2026-07-18T12:50:43.591 RX LT,11461,132,108,174,104,2,16,1,-348,1,0,84
2026-07-18T12:50:43.720 RX LT,11481,132,108,174,71,2,16,1,-352,1,0,84
2026-07-18T12:50:43.720 RX LT,11501,132,108,174,102,2,16,1,-357,1,0,84
2026-07-18T12:50:43.720 RX LT,11521,132,108,130,104,2,16,1,-361,1,0,84
2026-07-18T12:50:43.720 RX LT,11541,132,108,171,71,2,16,1,-364,1,0,84
2026-07-18T12:50:43.720 RX LT,11561,122,118,173,69,0,24,1,-366,1,0,84
2026-07-18T12:50:43.720 RX LT,11581,120,120,173,113,0,24,1,-369,1,0,84
2026-07-18T12:50:43.830 RX LT,11601,120,120,163,104,0,24,1,-373,1,0,84
2026-07-18T12:50:43.830 RX LT,11621,120,120,173,104,0,24,1,-376,1,0,84
2026-07-18T12:50:43.830 RX LT,11641,120,120,130,71,0,24,1,-379,1,0,84
2026-07-18T12:50:43.830 RX LT,11661,120,120,171,113,0,24,1,-383,1,0,84
2026-07-18T12:50:43.830 RX LT,11681,108,132,130,104,-2,8,1,-385,1,0,84
2026-07-18T12:50:43.954 RX LT,11701,108,132,171,71,-2,8,1,-387,1,0,84
2026-07-18T12:50:43.954 RX LT,11721,108,132,130,113,-2,8,1,-389,1,0,84
2026-07-18T12:50:43.956 RX LT,11741,108,132,171,115,-2,8,1,-391,1,0,84
2026-07-18T12:50:43.956 RX LT,11761,108,132,162,115,-2,8,1,-392,1,0,84
2026-07-18T12:50:43.956 RX LT,11781,108,132,129,115,-2,8,1,-394,1,0,84
2026-07-18T12:50:43.956 RX LT,11801,108,132,171,115,-2,8,1,-395,1,0,84
2026-07-18T12:50:44.080 RX LT,11821,100,140,130,115,-6,12,1,-396,1,0,84
2026-07-18T12:50:44.080 RX LT,11841,84,156,171,115,-6,12,1,-397,1,0,84
2026-07-18T12:50:44.080 RX LT,11861,73,167,162,115,-6,12,1,-399,1,0,84
2026-07-18T12:50:44.083 RX LT,11881,73,167,162,126,-6,12,1,-401,1,0,84
2026-07-18T12:50:44.083 RX LT,11901,57,171,162,160,-11,4,1,-403,1,0,84
2026-07-18T12:50:44.083 RX LT,11921,57,171,118,118,-11,4,1,-403,1,0,84
2026-07-18T12:50:44.186 RX LT,11941,57,171,159,127,-11,4,1,-404,1,0,84
2026-07-18T12:50:44.186 RX LT,11961,57,171,118,160,-11,4,1,-405,1,0,84
2026-07-18T12:50:44.186 RX LT,11981,57,171,127,162,-11,4,1,-404,1,0,84
2026-07-18T12:50:44.186 RX LT,12001,57,171,127,162,-11,4,1,-404,1,0,84
2026-07-18T12:50:44.189 RX LT,12021,57,171,116,118,-11,4,1,-403,1,0,84
2026-07-18T12:50:44.307 RX LT,12041,57,171,126,127,-11,4,1,-402,1,0,84
2026-07-18T12:50:44.307 RX LT,12061,57,171,116,127,-11,4,1,-401,1,0,84
2026-07-18T12:50:44.307 RX LT,12081,57,171,116,171,-11,4,1,-399,1,0,84
2026-07-18T12:50:44.307 RX LT,12101,57,171,116,162,-11,4,1,-397,1,0,84
2026-07-18T12:50:44.307 RX LT,12121,57,171,116,129,-11,4,1,-395,1,0,84
2026-07-18T12:50:44.310 RX LT,12141,29,171,159,171,-18,6,1,-393,1,0,84
2026-07-18T12:50:44.430 RX LT,12161,29,171,75,162,-18,6,1,-391,1,0,84
2026-07-18T12:50:44.430 RX LT,12181,29,171,113,173,-18,6,1,-388,1,0,84
2026-07-18T12:50:44.430 RX LT,12201,29,171,104,163,-18,6,1,-386,1,0,84
2026-07-18T12:50:44.430 RX LT,12221,29,171,104,173,-18,6,1,-383,1,0,84
2026-07-18T12:50:44.430 RX LT,12241,29,171,104,173,-18,6,1,-380,1,0,84
2026-07-18T12:50:44.430 RX LT,12261,29,171,104,173,-18,6,1,-377,1,0,84
2026-07-18T12:50:44.562 RX LT,12281,29,171,104,173,-18,6,1,-374,1,0,84
2026-07-18T12:50:44.562 RX LT,12301,85,155,60,163,0,38,0,-370,1,0,84
2026-07-18T12:50:44.562 RX LT,12321,85,155,112,173,0,38,0,-365,1,0,84
2026-07-18T12:50:44.562 RX LT,12341,75,165,72,173,-5,54,1,-363,1,0,84
2026-07-18T12:50:44.562 RX LT,12361,79,161,69,130,-5,54,1,-361,1,0,84
2026-07-18T12:50:44.562 RX LT,12381,79,161,58,171,-5,54,1,-358,1,0,84
2026-07-18T12:50:44.669 RX LT,12401,79,161,68,173,-5,54,1,-356,1,0,84
2026-07-18T12:50:44.669 RX LT,12421,79,161,113,173,-5,54,1,-354,1,0,84
2026-07-18T12:50:44.670 RX LT,12441,79,161,104,173,-5,54,1,-353,1,0,84
2026-07-18T12:50:44.670 RX LT,12461,41,159,104,163,-18,6,1,-352,1,0,84
2026-07-18T12:50:44.670 RX LT,12481,29,171,71,173,-18,6,1,-352,1,0,84
2026-07-18T12:50:44.790 RX LT,12501,57,171,102,173,-11,4,1,-351,1,0,84
2026-07-18T12:50:44.790 RX LT,12521,57,171,60,173,-11,4,1,-349,1,0,84
2026-07-18T12:50:44.790 RX LT,12541,57,171,69,163,-11,4,1,-348,1,0,84
2026-07-18T12:50:44.790 RX LT,12561,57,171,69,173,-11,4,1,-347,1,0,84
2026-07-18T12:50:44.790 RX LT,12581,85,155,102,173,0,36,0,-345,1,0,84
2026-07-18T12:50:44.790 RX LT,12601,85,155,104,173,0,36,0,-344,1,0,84
2026-07-18T12:50:44.918 RX LT,12621,57,171,60,130,-11,4,1,-343,1,0,84
2026-07-18T12:50:44.918 RX LT,12641,57,171,69,171,-11,4,1,-343,1,0,84
2026-07-18T12:50:44.918 RX LT,12661,57,171,102,173,-11,4,1,-342,1,0,84
2026-07-18T12:50:44.918 RX LT,12681,57,171,60,163,-11,4,1,-341,1,0,84
2026-07-18T12:50:44.918 RX LT,12701,73,167,69,173,-6,12,1,-340,1,0,84
2026-07-18T12:50:44.918 RX LT,12721,73,167,102,130,-6,12,1,-339,1,0,84
2026-07-18T12:50:45.045 RX LT,12741,73,167,60,171,-6,12,1,-338,1,0,84
2026-07-18T12:50:45.045 RX LT,12761,73,167,69,173,-6,12,1,-337,1,0,84
2026-07-18T12:50:45.045 RX LT,12781,73,167,102,173,-6,12,1,-336,1,0,84
2026-07-18T12:50:45.045 RX LT,12801,93,147,104,163,-2,8,1,-335,1,0,84
2026-07-18T12:50:45.047 RX LT,12821,108,132,104,173,-2,8,1,-335,1,0,84
2026-07-18T12:50:45.047 RX LT,12841,108,132,104,163,-2,8,1,-335,1,0,84
2026-07-18T12:50:45.151 RX LT,12861,108,132,60,129,-2,8,1,-335,1,0,84
2026-07-18T12:50:45.151 RX LT,12881,108,132,112,171,-2,8,1,-336,1,0,84
2026-07-18T12:50:45.151 RX LT,12901,108,132,61,162,-2,8,1,-336,1,0,84
2026-07-18T12:50:45.151 RX LT,12921,108,132,69,118,-2,8,1,-337,1,0,84
2026-07-18T12:50:45.151 RX LT,12941,108,132,113,170,-2,8,1,-338,1,0,84
2026-07-18T12:50:45.151 TX SET LINEKP 8450 1537917913
2026-07-18T12:50:45.256 RX LT,12961,118,122,104,119,0,24,1,-343,1,0,84
2026-07-18T12:50:45.256 RX LT,12981,120,120,104,127,0,24,1,-340,1,0,84
2026-07-18T12:50:45.256 RX SA,1537917913,LINEKP,8450
2026-07-18T12:50:45.256 RX LT,13001,120,120,104,127,0,24,1,-341,1,0,84
2026-07-18T12:50:45.256 RX LT,13021,130,110,104,127,2,16,1,-342,1,0,84
2026-07-18T12:50:45.256 RX LT,13041,132,108,71,160,2,16,1,-344,1,0,84
2026-07-18T12:50:45.256 RX LT,13061,132,108,113,118,2,16,1,-345,1,0,84
2026-07-18T12:50:45.371 RX LT,13081,132,108,72,127,2,16,1,-347,1,0,84
2026-07-18T12:50:45.380 RX LT,13101,132,108,113,160,2,16,1,-349,1,0,84
2026-07-18T12:50:45.380 RX LT,13121,132,108,115,118,2,16,1,-351,1,0,84
2026-07-18T12:50:45.380 RX LT,13141,132,108,105,116,2,16,1,-353,1,0,84
2026-07-18T12:50:45.380 RX LT,13161,132,108,115,126,2,16,1,-356,1,0,84
2026-07-18T12:50:45.502 RX LT,13181,140,100,115,116,6,48,1,-358,1,0,84
2026-07-18T12:50:45.502 RX LT,13201,156,84,115,159,6,48,1,-362,1,0,84
2026-07-18T12:50:45.502 RX LT,13221,167,73,115,75,6,48,1,-365,1,0,84
2026-07-18T12:50:45.502 RX LT,13241,167,73,115,113,6,48,1,-367,1,0,84
2026-07-18T12:50:45.502 RX LT,13261,167,73,159,104,6,48,1,-371,1,0,84
2026-07-18T12:50:45.502 RX LT,13281,167,73,118,115,6,48,1,-375,1,0,84
2026-07-18T12:50:45.631 RX LT,13301,167,73,127,115,6,48,1,-377,1,0,84
2026-07-18T12:50:45.631 RX LT,13321,167,73,160,115,6,48,1,-382,1,0,84
2026-07-18T12:50:45.631 RX LT,13341,167,73,162,105,6,48,1,-388,1,0,84
2026-07-18T12:50:45.631 RX LT,13361,167,73,162,71,6,48,1,-394,1,0,84
2026-07-18T12:50:45.631 RX LT,13381,167,73,162,69,6,48,1,-400,1,0,84
2026-07-18T12:50:45.632 RX LT,13401,167,73,162,113,6,48,1,-410,1,0,84
2026-07-18T12:50:45.752 RX LT,13421,167,73,173,104,6,48,1,-416,1,0,84
2026-07-18T12:50:45.752 RX LT,13441,167,73,163,104,6,48,1,-423,1,0,84
2026-07-18T12:50:45.752 RX LT,13461,167,73,129,104,6,48,1,-429,1,0,84
2026-07-18T12:50:45.752 RX LT,13481,167,73,171,104,6,48,1,-435,1,0,84
2026-07-18T12:50:45.752 RX LT,13501,167,73,173,104,6,48,1,-441,1,0,84
2026-07-18T12:50:45.752 RX LT,13521,167,73,130,71,6,48,1,-447,1,0,84
2026-07-18T12:50:45.882 RX LT,13541,167,73,171,102,6,48,1,-452,1,0,84
2026-07-18T12:50:45.882 RX LT,13561,167,73,173,71,6,48,1,-455,1,0,84
2026-07-18T12:50:45.882 RX LT,13581,167,73,163,69,6,48,1,-461,1,0,84
2026-07-18T12:50:45.882 RX LT,13601,167,73,173,69,6,48,1,-466,1,0,84
2026-07-18T12:50:45.882 RX LT,13621,167,73,173,69,6,48,1,-475,1,0,84
2026-07-18T12:50:45.882 RX LT,13641,167,73,173,102,6,48,1,-480,1,0,84
2026-07-18T12:50:46.004 RX LT,13661,167,73,173,104,6,48,1,-485,1,0,84
2026-07-18T12:50:46.004 RX LT,13681,167,73,163,60,6,48,1,-490,1,0,84
2026-07-18T12:50:46.004 RX LT,13701,167,73,173,69,6,48,1,-496,1,0,84
2026-07-18T12:50:46.004 RX LT,13721,167,73,173,102,6,48,1,-501,1,0,84
2026-07-18T12:50:46.004 RX LT,13741,167,73,173,60,6,48,1,-507,1,0,84
2026-07-18T12:50:46.004 RX LT,13761,167,73,163,101,6,48,1,-512,1,0,84
2026-07-18T12:50:46.116 RX LT,13781,167,73,216,60,6,48,1,-517,1,0,84
2026-07-18T12:50:46.116 RX LT,13801,167,73,176,101,6,48,1,-523,1,0,84
2026-07-18T12:50:46.116 RX LT,13821,167,73,174,60,6,48,1,-529,1,0,84
2026-07-18T12:50:46.116 RX LT,13841,167,73,174,69,6,48,1,-536,1,0,84
2026-07-18T12:50:46.117 RX LT,13861,167,73,174,58,6,48,1,-542,1,0,84
2026-07-18T12:50:46.244 RX LT,13881,147,93,174,68,2,16,1,-547,1,0,84
2026-07-18T12:50:46.244 RX LT,13901,132,108,217,69,2,16,1,-551,1,0,84
2026-07-18T12:50:46.244 RX LT,13921,132,108,165,102,2,16,1,-556,1,0,84
2026-07-18T12:50:46.244 RX LT,13941,132,108,173,104,2,16,1,-560,1,0,84
2026-07-18T12:50:46.244 RX LT,13961,132,108,173,60,2,16,1,-564,1,0,84
2026-07-18T12:50:46.244 RX LT,13981,132,108,173,69,2,16,1,-567,1,0,84
2026-07-18T12:50:46.362 RX LT,14001,132,108,173,69,2,16,1,-570,1,0,84
2026-07-18T12:50:46.362 RX LT,14021,120,120,163,69,0,24,1,-573,1,0,84
2026-07-18T12:50:46.362 RX LT,14041,120,120,173,69,0,24,1,-574,1,0,84
2026-07-18T12:50:46.362 RX LT,14061,120,120,163,113,0,24,1,-577,1,0,84
2026-07-18T12:50:46.370 RX LT,14081,120,120,129,104,0,24,1,-580,1,0,84
2026-07-18T12:50:46.370 RX LT,14101,120,120,171,104,0,24,1,-581,1,0,84
2026-07-18T12:50:46.491 RX LT,14121,110,130,162,71,-2,8,1,-583,1,0,84
2026-07-18T12:50:46.491 RX LT,14141,108,132,129,69,-2,8,1,-585,1,0,84
2026-07-18T12:50:46.491 RX LT,14161,108,132,171,113,-2,8,1,-586,1,0,84
2026-07-18T12:50:46.491 RX LT,14181,108,132,162,104,-2,8,1,-587,1,0,84
2026-07-18T12:50:46.491 RX LT,14201,108,132,162,115,-2,8,1,-588,1,0,84
2026-07-18T12:50:46.491 RX LT,14221,108,132,162,72,-2,8,1,-588,1,0,84
2026-07-18T12:50:46.602 RX LT,14241,108,132,129,113,-2,8,1,-589,1,0,84
2026-07-18T12:50:46.602 RX LT,14261,92,148,171,115,-6,12,1,-589,1,0,84
2026-07-18T12:50:46.602 RX LT,14281,76,164,162,115,-6,12,1,-590,1,0,84
2026-07-18T12:50:46.602 RX LT,14301,73,167,162,115,-6,12,1,-590,1,0,84
2026-07-18T12:50:46.602 RX LT,14321,73,167,118,159,-6,12,1,-589,1,0,84
2026-07-18T12:50:46.722 RX LT,14341,73,167,127,118,-6,12,1,-589,1,0,84
2026-07-18T12:50:46.723 RX LT,14361,57,171,160,116,-11,4,1,-588,1,0,84
2026-07-18T12:50:46.725 RX LT,14381,57,171,118,126,-11,4,1,-587,1,0,84
2026-07-18T12:50:46.726 RX LT,14401,57,171,116,160,-11,4,1,-585,1,0,84
2026-07-18T12:50:46.728 RX LT,14421,57,171,159,118,-11,4,1,-583,1,0,84
2026-07-18T12:50:46.729 RX LT,14441,57,171,118,127,-11,4,1,-580,1,0,84
2026-07-18T12:50:46.847 RX LT,14461,57,171,116,127,-11,4,1,-577,1,0,84
2026-07-18T12:50:46.847 RX LT,14481,57,171,126,127,-11,4,1,-574,1,0,84
2026-07-18T12:50:46.848 RX LT,14501,57,171,116,127,-11,4,1,-568,1,0,84
2026-07-18T12:50:46.850 RX LT,14521,57,171,116,171,-11,4,1,-565,1,0,84
2026-07-18T12:50:46.850 RX LT,14541,57,171,116,162,-11,4,1,-561,1,0,84
2026-07-18T12:50:46.850 RX LT,14561,57,171,116,162,-11,4,1,-557,1,0,84
2026-07-18T12:50:46.952 RX LT,14581,57,171,116,129,-11,4,1,-552,1,0,84
2026-07-18T12:50:46.952 RX LT,14601,57,171,116,171,-11,4,1,-548,1,0,84
2026-07-18T12:50:46.952 TX SET LINEKP 8350 1537917914
2026-07-18T12:50:46.952 RX LT,14621,57,171,105,162,-11,4,1,-543,1,0,84
2026-07-18T12:50:46.952 RX LT,14641,57,171,115,173,-11,4,1,-539,1,0,84
2026-07-18T12:50:46.952 RX LT,14661,57,171,105,163,-11,4,1,-534,1,0,84
2026-07-18T12:50:46.952 RX LT,14681,57,171,115,173,-11,4,1,-529,1,0,84
2026-07-18T12:50:47.071 RX LT,14701,57,171,105,130,-11,4,1,-525,1,0,84
2026-07-18T12:50:47.071 RX SA,1537917914,LINEKP,8350
2026-07-18T12:50:47.071 RX LT,14721,97,131,71,138,-11,4,1,-518,1,0,84
2026-07-18T12:50:47.081 RX LT,14741,63,165,113,171,-11,4,1,-513,1,0,84
2026-07-18T12:50:47.081 RX LT,14761,57,171,104,173,-11,4,1,-508,1,0,84
2026-07-18T12:50:47.081 RX LT,14781,57,171,104,173,-11,4,1,-504,1,0,84
2026-07-18T12:50:47.185 RX LT,14801,57,171,71,163,-11,4,1,-499,1,0,84
2026-07-18T12:50:47.185 RX LT,14821,57,171,69,173,-11,4,1,-494,1,0,84
2026-07-18T12:50:47.185 RX LT,14841,57,171,69,173,-11,4,1,-489,1,0,84
2026-07-18T12:50:47.185 RX LT,14861,57,171,102,173,-11,4,1,-484,1,0,84
2026-07-18T12:50:47.185 RX LT,14881,57,171,104,173,-11,4,1,-479,1,0,84
2026-07-18T12:50:47.307 RX LT,14901,57,171,104,173,-11,4,1,-475,1,0,84
2026-07-18T12:50:47.307 RX LT,14921,57,171,71,173,-11,4,1,-470,1,0,84
2026-07-18T12:50:47.307 RX LT,14941,57,171,69,130,-11,4,1,-464,1,0,84
2026-07-18T12:50:47.307 RX LT,14961,57,171,69,171,-11,4,1,-460,1,0,84
2026-07-18T12:50:47.310 RX LT,14981,57,171,102,173,-11,4,1,-455,1,0,84
2026-07-18T12:50:47.310 RX LT,15001,57,171,104,173,-11,4,1,-451,1,0,84
2026-07-18T12:50:47.431 RX LT,15021,57,171,104,173,-11,4,1,-447,1,0,84
2026-07-18T12:50:47.431 RX LT,15041,57,171,60,173,-11,4,1,-442,1,0,84
2026-07-18T12:50:47.431 RX LT,15061,57,171,69,163,-11,4,1,-438,1,0,84
2026-07-18T12:50:47.431 RX LT,15081,57,171,69,173,-11,4,1,-434,1,0,84
2026-07-18T12:50:47.431 RX LT,15101,57,171,102,173,-11,4,1,-430,1,0,84
2026-07-18T12:50:47.431 RX LT,15121,57,171,60,173,-11,4,1,-425,1,0,84
2026-07-18T12:50:47.560 RX LT,15141,57,171,101,130,-11,4,1,-421,1,0,84
2026-07-18T12:50:47.560 RX LT,15161,73,167,60,171,-6,12,1,-414,1,0,84
2026-07-18T12:50:47.560 RX LT,15181,73,167,69,130,-6,12,1,-411,1,0,84
2026-07-18T12:50:47.561 RX LT,15201,73,167,69,214,-6,12,1,-407,1,0,84
2026-07-18T12:50:47.561 RX LT,15221,93,147,58,176,-2,8,1,-404,1,0,84
2026-07-18T12:50:47.561 RX LT,15241,108,132,68,185,-2,8,1,-396,1,0,84
2026-07-18T12:50:47.662 RX LT,15261,108,132,102,174,-2,8,1,-392,1,0,84
2026-07-18T12:50:47.662 RX LT,15281,108,132,71,163,-2,8,1,-387,1,0,84
2026-07-18T12:50:47.662 RX LT,15301,108,132,102,173,-2,8,1,-383,1,0,84
2026-07-18T12:50:47.662 RX LT,15321,108,132,104,173,-2,8,1,-380,1,0,84
2026-07-18T12:50:47.662 RX LT,15341,108,132,104,163,-2,8,1,-377,1,0,84
2026-07-18T12:50:47.791 RX LT,15361,120,120,71,173,0,24,1,-374,1,0,84
2026-07-18T12:50:47.791 RX LT,15381,120,120,69,163,0,24,1,-372,1,0,84
2026-07-18T12:50:47.791 RX LT,15401,120,120,113,129,0,24,1,-371,1,0,84
2026-07-18T12:50:47.791 RX LT,15421,120,120,115,127,0,24,1,-372,1,0,84
2026-07-18T12:50:47.791 RX LT,15441,130,110,126,127,2,16,1,-375,1,0,84
2026-07-18T12:50:47.791 RX LT,15461,132,108,160,127,2,16,1,-378,1,0,84
2026-07-18T12:50:47.919 RX LT,15481,132,108,118,160,2,16,1,-379,1,0,84
2026-07-18T12:50:47.919 RX LT,15501,132,108,116,118,2,16,1,-381,1,0,84
2026-07-18T12:50:47.919 RX LT,15521,132,108,159,116,2,16,1,-383,1,0,84
2026-07-18T12:50:47.919 RX LT,15541,132,108,118,126,2,16,1,-386,1,0,84
2026-07-18T12:50:47.919 RX LT,15561,132,108,116,116,2,16,1,-387,1,0,84
2026-07-18T12:50:47.919 RX LT,15581,132,108,116,116,2,16,1,-389,1,0,84
2026-07-18T12:50:48.043 RX LT,15601,132,108,126,126,2,16,1,-392,1,0,84
2026-07-18T12:50:48.043 RX LT,15621,140,100,116,116,6,48,1,-394,1,0,84
2026-07-18T12:50:48.043 RX LT,15641,156,84,116,116,6,48,1,-396,1,0,84
2026-07-18T12:50:48.043 RX LT,15661,167,73,126,116,6,48,1,-398,1,0,84
2026-07-18T12:50:48.044 RX LT,15681,167,73,160,105,6,48,1,-400,1,0,84
2026-07-18T12:50:48.044 RX LT,15701,167,73,118,71,6,48,1,-403,1,0,84
2026-07-18T12:50:48.144 RX LT,15721,167,73,127,113,6,48,1,-406,1,0,84
2026-07-18T12:50:48.144 RX LT,15741,167,73,127,115,6,48,1,-410,1,0,84
2026-07-18T12:50:48.144 RX LT,15761,167,73,127,105,6,48,1,-414,1,0,84
2026-07-18T12:50:48.144 RX LT,15781,167,73,171,115,6,48,1,-419,1,0,84
2026-07-18T12:50:48.144 RX LT,15801,167,73,162,105,6,48,1,-424,1,0,84
2026-07-18T12:50:48.271 RX LT,15821,167,73,129,104,6,48,1,-432,1,0,84
2026-07-18T12:50:48.271 RX LT,15841,167,73,171,104,6,48,1,-438,1,0,84
2026-07-18T12:50:48.271 RX LT,15861,167,73,162,71,6,48,1,-443,1,0,84
2026-07-18T12:50:48.271 RX LT,15881,167,73,173,69,6,48,1,-449,1,0,84
2026-07-18T12:50:48.271 RX LT,15901,167,73,163,69,6,48,1,-455,1,0,84
2026-07-18T12:50:48.271 RX LT,15921,167,73,129,69,6,48,1,-460,1,0,84
2026-07-18T12:50:48.401 RX LT,15941,167,73,171,69,6,48,1,-465,1,0,84
2026-07-18T12:50:48.401 RX LT,15961,167,73,173,69,6,48,1,-470,1,0,84
2026-07-18T12:50:48.401 RX LT,15981,167,73,163,69,6,48,1,-475,1,0,84
2026-07-18T12:50:48.401 RX LT,16001,167,73,173,69,6,48,1,-480,1,0,84
2026-07-18T12:50:48.401 RX LT,16021,167,73,163,69,6,48,1,-485,1,0,84
2026-07-18T12:50:48.401 RX LT,16041,167,73,173,69,6,48,1,-491,1,0,84
2026-07-18T12:50:48.535 RX LT,16061,167,73,130,69,6,48,1,-496,1,0,84
2026-07-18T12:50:48.535 RX LT,16081,167,73,171,69,6,48,1,-500,1,0,84
2026-07-18T12:50:48.535 RX LT,16101,167,73,162,69,6,48,1,-504,1,0,84
2026-07-18T12:50:48.535 RX LT,16121,167,73,173,102,6,48,1,-509,1,0,84
2026-07-18T12:50:48.535 RX LT,16141,167,73,130,60,6,48,1,-514,1,0,84
2026-07-18T12:50:48.535 RX LT,16161,167,73,214,69,6,48,1,-518,1,0,84
2026-07-18T12:50:48.651 RX LT,16181,157,83,220,113,2,16,1,-524,1,0,84
2026-07-18T12:50:48.651 RX LT,16201,137,103,187,104,2,16,1,-531,1,0,84
2026-07-18T12:50:48.651 RX LT,16221,132,108,131,60,2,16,1,-539,1,0,84
2026-07-18T12:50:48.651 RX LT,16241,132,108,214,101,2,16,1,-545,1,0,84
2026-07-18T12:50:48.651 RX LT,16261,132,108,176,104,2,16,1,-553,1,0,84
2026-07-18T12:50:48.651 RX LT,16281,132,108,174,104,2,16,1,-557,1,0,84
2026-07-18T12:50:48.777 RX LT,16301,132,108,163,104,2,16,1,-561,1,0,84
2026-07-18T12:50:48.777 RX LT,16321,132,108,173,104,2,16,1,-564,1,0,84
2026-07-18T12:50:48.777 RX LT,16341,132,108,163,104,2,16,1,-566,1,0,84
2026-07-18T12:50:48.777 RX LT,16361,120,120,173,104,0,24,1,-569,1,0,84
2026-07-18T12:50:48.777 RX LT,16381,120,120,163,104,0,24,1,-572,1,0,84
2026-07-18T12:50:48.778 RX LT,16401,120,120,162,104,0,24,1,-574,1,0,84
2026-07-18T12:50:48.882 RX LT,16421,120,120,162,104,0,24,1,-576,1,0,84
2026-07-18T12:50:48.882 RX LT,16441,120,120,162,71,0,24,1,-579,1,0,84
2026-07-18T12:50:48.882 RX LT,16461,120,120,162,69,0,24,1,-581,1,0,84
2026-07-18T12:50:48.882 RX LT,16481,120,120,129,69,0,24,1,-584,1,0,84
2026-07-18T12:50:48.882 RX LT,16501,108,132,160,113,-2,8,1,-585,1,0,84
2026-07-18T12:50:49.002 RX LT,16521,108,132,162,104,-2,8,1,-586,1,0,84
2026-07-18T12:50:49.002 RX LT,16541,108,132,162,71,-2,8,1,-588,1,0,84
2026-07-18T12:50:49.002 RX LT,16561,108,132,162,113,-2,8,1,-589,1,0,84
2026-07-18T12:50:49.002 RX LT,16581,108,132,118,104,-2,8,1,-589,1,0,84
2026-07-18T12:50:49.002 RX LT,16601,108,132,127,115,-2,8,1,-590,1,0,84
2026-07-18T12:50:49.002 RX LT,16621,108,132,160,115,-2,8,1,-591,1,0,84
2026-07-18T12:50:49.131 RX LT,16641,100,140,162,105,-6,12,1,-591,1,0,84
2026-07-18T12:50:49.131 RX LT,16661,84,156,118,115,-6,12,1,-591,1,0,84
2026-07-18T12:50:49.131 RX LT,16681,73,167,127,159,-6,12,1,-590,1,0,84
2026-07-18T12:50:49.131 RX LT,16701,73,167,160,75,-6,12,1,-590,1,0,84
2026-07-18T12:50:49.131 RX LT,16721,73,167,118,124,-6,12,1,-590,1,0,84
2026-07-18T12:50:49.131 RX LT,16741,73,167,159,116,-6,12,1,-589,1,0,84
2026-07-18T12:50:49.259 RX LT,16761,73,167,118,159,-6,12,1,-587,1,0,84
2026-07-18T12:50:49.259 RX LT,16781,57,171,116,118,-11,4,1,-586,1,0,84
2026-07-18T12:50:49.259 RX LT,16801,57,171,126,159,-11,4,1,-584,1,0,84
2026-07-18T12:50:49.259 RX LT,16821,57,171,116,162,-11,4,1,-582,1,0,84
2026-07-18T12:50:49.259 RX LT,16841,15,165,72,118,-24,7,1,-579,1,0,84
2026-07-18T12:50:49.259 RX LT,16861,140,140,113,127,-24,7,1,0,1,1,84
2026-07-18T12:50:49.382 RX LT,16881,140,140,115,127,-24,7,1,0,1,1,84
2026-07-18T12:50:49.382 RX LT,16901,140,140,115,160,-24,7,1,0,1,1,84
2026-07-18T12:50:49.382 RX LT,16921,-165,165,126,162,-24,7,1,1,1,2,1
2026-07-18T12:50:49.382 RX LT,16941,-165,165,29,118,-18,6,1,3,1,2,3
2026-07-18T12:50:49.382 RX LT,16961,-165,165,12,127,-18,6,1,8,1,2,5
2026-07-18T12:50:49.382 RX LT,16981,-165,165,0,116,-11,4,1,17,1,2,6
2026-07-18T12:50:49.491 RX LT,17001,-165,165,0,170,-11,4,1,30,1,2,8
2026-07-18T12:50:49.491 RX LT,17021,-165,165,54,173,-11,4,1,46,1,2,10
2026-07-18T12:50:49.491 RX LT,17041,-165,165,68,163,-11,4,1,62,1,2,12
2026-07-18T12:50:49.491 RX LT,17061,-165,165,69,162,-6,12,1,80,1,2,14
2026-07-18T12:50:49.491 RX LT,17081,-165,165,69,173,-6,12,1,97,1,2,17
2026-07-18T12:50:49.612 RX LT,17101,-165,165,113,173,-6,12,1,115,1,2,20
2026-07-18T12:50:49.612 RX LT,17121,-165,165,115,173,-6,12,1,133,1,2,23
2026-07-18T12:50:49.612 RX LT,17141,-165,165,115,173,-18,15,1,161,1,2,26
2026-07-18T12:50:49.612 RX LT,17161,-165,165,115,173,-18,15,1,180,1,2,28
2026-07-18T12:50:49.612 RX LT,17181,-165,165,126,173,-18,15,1,199,1,2,32
2026-07-18T12:50:49.612 RX LT,17201,-165,165,171,173,-18,15,1,219,1,2,35
2026-07-18T12:50:49.741 RX LT,17221,-165,165,130,130,0,31,0,239,1,2,38
2026-07-18T12:50:49.741 RX LT,17241,-165,165,171,171,-9,30,1,258,1,2,42
2026-07-18T12:50:49.741 RX LT,17261,-165,165,217,173,-9,30,1,278,1,2,45
2026-07-18T12:50:49.741 RX LT,17281,-105,105,176,173,-3,28,1,299,1,2,49
2026-07-18T12:50:49.742 RX LT,17301,-100,100,185,163,-3,28,1,318,1,2,52
2026-07-18T12:50:49.742 RX LT,17321,-95,95,174,118,-3,28,1,336,1,2,55
2026-07-18T12:50:49.849 RX LT,17341,-88,88,174,127,0,24,1,362,1,2,59
2026-07-18T12:50:49.849 RX LT,17361,-86,86,163,73,0,24,1,377,1,2,60
2026-07-18T12:50:49.850 RX LT,17381,-79,79,173,113,6,48,1,391,1,2,64
2026-07-18T12:50:49.851 RX LT,17401,-76,76,130,72,6,48,1,403,1,2,66
2026-07-18T12:50:49.851 RX LT,17421,-72,72,127,69,6,48,1,413,1,3,68
2026-07-18T12:50:49.851 RX TURN CAPTURE,2,422,71,48,6
2026-07-18T12:50:49.991 RX LT,17441,0,0,127,69,6,48,1,422,1,5,71
2026-07-18T12:50:49.991 RX LT,17461,0,0,116,58,6,48,1,430,1,5,72
2026-07-18T12:50:49.991 RX LT,17481,0,0,61,3,11,32,1,437,1,5,73
2026-07-18T12:50:49.991 RX LT,17501,0,0,14,54,11,32,1,438,1,5,74
2026-07-18T12:50:49.991 RX LT,17521,0,0,44,46,11,32,1,438,1,5,74
2026-07-18T12:50:49.991 RX LT,17541,0,0,13,13,11,32,1,436,1,5,75
2026-07-18T12:50:49.991 RX LT,17561,0,0,11,0,11,32,1,429,1,5,75
2026-07-18T12:50:50.119 RX LT,17581,0,0,0,0,11,32,1,423,1,5,75
2026-07-18T12:50:50.119 RX LT,17601,105,95,0,0,11,32,1,417,1,6,75
2026-07-18T12:50:50.120 RX LT,17621,115,85,54,87,11,32,1,410,1,6,77
2026-07-18T12:50:50.120 RX LT,17641,125,75,46,16,11,32,1,403,1,6,77
2026-07-18T12:50:50.120 RX LT,17661,135,65,46,11,11,32,1,396,1,6,78
2026-07-18T12:50:50.121 RX LT,17681,145,55,57,0,11,32,1,389,1,6,78
2026-07-18T12:50:50.202 RX LT,17701,145,55,57,10,11,32,1,381,1,6,79
2026-07-18T12:50:50.202 RX LT,17721,145,55,101,44,6,48,1,373,1,6,80
2026-07-18T12:50:50.202 RX LT,17741,145,55,60,2,6,48,1,364,1,6,81
2026-07-18T12:50:50.202 RX TURN CENTER,2,359,81,48,6
2026-07-18T12:50:50.202 RX TURN LEARN,2,900,87
2026-07-18T12:50:50.206 RX TURN DONE,2,359,890
2026-07-18T12:50:50.206 RX LT,17761,128,112,69,11,6,48,1,-4,2,0,81
2026-07-18T12:50:50.330 RX LT,17781,144,96,69,11,6,48,1,-17,2,0,81
2026-07-18T12:50:50.330 RX LT,17801,160,80,102,11,6,48,1,-25,2,0,81
2026-07-18T12:50:50.332 RX LT,17821,157,83,104,11,2,16,1,-32,2,0,81
2026-07-18T12:50:50.332 RX LT,17841,137,103,71,55,2,16,1,-39,2,0,81
2026-07-18T12:50:50.332 RX LT,17861,132,108,69,46,2,16,1,-46,2,0,81
2026-07-18T12:50:50.333 RX LT,17881,122,118,69,57,0,24,1,-52,2,0,81
2026-07-18T12:50:50.455 RX LT,17901,120,120,102,57,0,24,1,-57,2,0,81
2026-07-18T12:50:50.455 RX LT,17921,120,120,104,57,0,24,1,-61,2,0,81
2026-07-18T12:50:50.455 RX LT,17941,120,120,60,57,0,24,1,-65,2,0,81
2026-07-18T12:50:50.455 RX LT,17961,120,120,69,68,0,24,1,-67,2,0,81
2026-07-18T12:50:50.461 RX LT,17981,120,120,102,69,0,24,1,-69,2,0,81
2026-07-18T12:50:50.462 RX LT,18001,108,132,60,113,-2,8,1,-70,2,0,81
2026-07-18T12:50:50.582 RX LT,18021,100,140,69,104,-6,12,1,-70,2,0,81
2026-07-18T12:50:50.582 RX LT,18041,84,156,69,115,-6,12,1,-70,2,0,81
2026-07-18T12:50:50.582 RX LT,18061,73,167,102,126,-6,12,1,-69,2,0,81
2026-07-18T12:50:50.582 RX LT,18081,73,167,60,116,-6,12,1,-67,2,0,81
2026-07-18T12:50:50.590 RX LT,18101,73,167,101,126,-6,12,1,-64,2,0,81
2026-07-18T12:50:50.590 RX LT,18121,73,167,60,127,-6,12,1,-62,2,0,81
2026-07-18T12:50:50.708 RX LT,18141,57,171,101,171,-11,4,1,-59,2,0,81
2026-07-18T12:50:50.708 RX LT,18161,57,171,60,162,-11,4,1,-55,2,0,81
2026-07-18T12:50:50.708 RX LT,18181,57,171,69,173,-11,4,1,-51,2,0,81
2026-07-18T12:50:50.708 RX LT,18201,57,171,58,173,-11,4,1,-47,2,0,81
2026-07-18T12:50:50.708 RX LT,18221,57,171,68,173,-11,4,1,-40,2,0,81
2026-07-18T12:50:50.708 RX LT,18241,29,171,102,130,-18,6,1,-36,2,0,81
2026-07-18T12:50:50.834 RX LT,18261,29,171,60,171,-18,6,1,-31,2,0,81
2026-07-18T12:50:50.834 RX LT,18281,29,171,101,173,-18,6,1,-27,2,0,81
2026-07-18T12:50:50.834 RX LT,18301,29,171,60,141,-18,6,1,-22,2,0,81
2026-07-18T12:50:50.834 RX LT,18321,5,175,58,171,-25,2,1,-17,2,0,81
2026-07-18T12:50:50.834 RX LT,18341,5,175,58,217,-25,2,1,-11,2,0,81
2026-07-18T12:50:50.843 RX LT,18361,5,175,58,165,-25,2,1,-6,2,0,81
2026-07-18T12:50:50.844 TX STOP
2026-07-18T12:50:50.844 TX STOP
2026-07-18T12:50:50.973 RX LT,18381,5,175,58,173,-25,2,1,0,2,0,81
2026-07-18T12:50:50.973 RX LT,18401,5,175,14,173,-25,2,1,5,2,0,81
2026-07-18T12:50:50.973 RX OK STOP
2026-07-18T12:50:50.973 RX OK STOP
2026-07-18T12:50:50.973 TX PROFILE GIMBAL
2026-07-18T12:50:51.020 RX OK PROFILE GIMBAL FLASH 3
2026-07-18T12:50:51.020 TX PARAM
2026-07-18T12:50:51.195 RX PARAM,x1000,PROFILE,1,FLASHVER,3,GUARDVER,25,LKP,350,LKI,100,RKP,500,RKI,350,LFF,460,RFF,437,LMIN,32,RMIN,26,SYNC,1000,BIAS,50,GSTART,10,LINEKP,6750,LINEKD,2000,TURNANGLE,900,TURNFAST,185,TURNSLOW,140,TURNMARGIN,180,TURNEXIT,140,TURNDIST,98
2026-07-18T12:50:51.195 RX PARAM,x1000,PROFILE,1,FLASHVER,3,GUARDVER,25,LKP,350,LKI,100,RKP,500,RKI,350,LFF,460,RFF,437,LMIN,32,RMIN,26,SYNC,1000,BIAS,50,GSTART,10,LINEKP,6750,LINEKD,2000,TURNANGLE,900,TURNFAST,185,TURNSLOW,140,TURNMARGIN,180,TURNEXIT,140,TURNDIST,98
2026-07-18T12:50:51.195 TX SET TURNSLOW 80 1537917915
2026-07-18T12:50:51.337 RX SA,1537917915,TURNSLOW,80
2026-07-18T12:50:51.337 TX SET LKP 350 1537917916
2026-07-18T12:50:51.477 RX SA,1537917916,LKP,350
2026-07-18T12:50:51.477 TX SET LKI 100 1537917917
2026-07-18T12:50:51.610 RX SA,1537917917,LKI,100
2026-07-18T12:50:51.610 TX SET LFF 460 1537917918
2026-07-18T12:50:51.742 RX SA,1537917918,LFF,460
2026-07-18T12:50:51.742 TX SET LMIN 32 1537917919
2026-07-18T12:50:51.882 RX SA,1537917919,LMIN,32
2026-07-18T12:50:51.882 TX SET RKP 500 1537917920
2026-07-18T12:50:52.020 RX SA,1537917920,RKP,500
2026-07-18T12:50:52.021 TX SET RKI 350 1537917921
2026-07-18T12:50:52.151 RX SA,1537917921,RKI,350
2026-07-18T12:50:52.151 TX SET RFF 437 1537917922
2026-07-18T12:50:52.290 RX SA,1537917922,RFF,437
2026-07-18T12:50:52.290 TX SET RMIN 26 1537917923
2026-07-18T12:50:52.430 RX SA,1537917923,RMIN,26
2026-07-18T12:50:52.430 TX SET SYNC 1000 1537917924
2026-07-18T12:50:52.568 RX SA,1537917924,SYNC,1000
2026-07-18T12:50:52.568 TX SET BIAS 50 1537917925
2026-07-18T12:50:52.692 RX SA,1537917925,BIAS,50
2026-07-18T12:50:52.693 TX SET LINEKP 6750 1537917926
2026-07-18T12:50:52.831 RX SA,1537917926,LINEKP,6750
2026-07-18T12:50:52.831 TX SET LINEKD 2000 1537917927
2026-07-18T12:50:52.962 RX SA,1537917927,LINEKD,2000
2026-07-18T12:50:52.962 TX SET TURNANGLE 900 1537917928
2026-07-18T12:50:53.102 RX SA,1537917928,TURNANGLE,900
2026-07-18T12:50:53.102 TX SET TURNFAST 185 1537917929
2026-07-18T12:50:53.240 RX SA,1537917929,TURNFAST,185
2026-07-18T12:50:53.240 TX SET TURNMARGIN 180 1537917930
2026-07-18T12:50:53.382 RX SA,1537917930,TURNMARGIN,180
2026-07-18T12:50:53.382 TX SET TURNEXIT 140 1537917931
2026-07-18T12:50:53.530 RX SA,1537917931,TURNEXIT,140
2026-07-18T12:50:53.531 TX SET TURNDIST 98 1537917932
2026-07-18T12:50:53.660 RX SA,1537917932,TURNDIST,98
2026-07-18T12:50:53.660 TX SET GSTART 0 1537917933
2026-07-18T12:50:53.800 RX SA,1537917933,GSTART,0
2026-07-18T12:50:53.800 TX SET TURNSLOW 140 1537917934
2026-07-18T12:50:53.937 RX SA,1537917934,TURNSLOW,140
2026-07-18T12:50:53.942 TX STOP
