2026-07-17T17:55:07.813 TX HELLO 1175695874
2026-07-17T17:55:07.952 RX HELLO,1175695874,2,STBY,HIGH,ENCODER_MM_X1000,580,SAMPLE_MS,10
2026-07-17T17:55:07.952 TX STOP
2026-07-17T17:55:08.086 RX OK STOP
2026-07-17T17:55:08.086 TX PARAM
2026-07-17T17:55:08.241 RX PARAM,x1000,PROFILE,1,FLASHVER,3,GUARDVER,16,LKP,350,LKI,100,RKP,500,RKI,350,LFF,540,RFF,520,LMIN,90,RMIN,85,SYNC,500,BIAS,80,GSTART,10,LINEKP,6750,LINEKD,2000,TURNANGLE,900,TURNFAST,150,TURNSLOW,100,TURNMARGIN,300,TURNEXIT,100,TURNDIST,98
2026-07-17T17:55:08.241 TX STATUS
2026-07-17T17:55:08.381 RX STATUS,56521,IDLE,0,0,0,0,0,0,SAFE,SELECTED_LAPS,1,STBY,HIGH
2026-07-17T17:55:08.381 TX SENSOR
2026-07-17T17:55:08.507 RX SENSOR,OK,24,0,93,0,152
2026-07-17T17:55:08.508 TX SENSOR
2026-07-17T17:55:08.641 RX SENSOR,OK,24,0,93,0,152
2026-07-17T17:55:08.641 TX SENSOR
2026-07-17T17:55:08.771 RX SENSOR,OK,24,0,93,0,152
2026-07-17T17:55:08.771 TX SENSOR
2026-07-17T17:55:08.901 RX SENSOR,OK,24,0,93,0,152
2026-07-17T17:55:08.901 TX SENSOR
2026-07-17T17:55:09.022 RX SENSOR,OK,24,0,93,0,152
2026-07-17T17:55:09.022 TX IMU
2026-07-17T17:55:09.156 RX IMU,OK,-822,5031,94,VER,1,1,0,0
2026-07-17T17:55:09.156 TX STREAM TUNE
2026-07-17T17:55:09.291 RX OK STREAM TUNE
2026-07-17T17:55:09.291 TX SQUARE 120 3 1175695875
2026-07-17T17:55:09.461 RX TEST START,SQUARE,120,3
2026-07-17T17:55:09.461 RX SQ,1175695875,OK
2026-07-17T17:55:09.461 RX LT,20,2,2,0,0,0,24,1,0,0,0,0
2026-07-17T17:55:09.461 RX LT,40,4,4,0,10,0,24,1,1,0,0,0
2026-07-17T17:55:09.461 RX LT,60,7,7,10,0,0,24,1,1,0,0,0
2026-07-17T17:55:09.461 RX LT,80,9,9,0,0,0,24,1,1,0,0,0
2026-07-17T17:55:09.461 RX LT,100,12,12,0,43,0,24,1,1,0,0,0
2026-07-17T17:55:09.461 RX LT,120,14,14,10,2,0,24,1,1,0,0,0
2026-07-17T17:55:09.631 RX LT,140,16,16,0,0,0,24,1,1,0,0,0
2026-07-17T17:55:09.631 RX LT,160,19,19,0,0,0,24,1,1,0,0,0
2026-07-17T17:55:09.631 RX LT,180,21,21,0,0,0,24,1,1,0,0,0
2026-07-17T17:55:09.631 RX LT,200,24,24,0,0,0,24,1,1,0,0,0
2026-07-17T17:55:09.631 RX LT,220,26,26,0,0,0,24,1,1,0,0,0
2026-07-17T17:55:09.631 RX LT,240,28,28,0,0,0,24,1,1,0,0,0
2026-07-17T17:55:09.631 RX LT,260,31,31,0,0,0,24,1,1,0,0,0
2026-07-17T17:55:09.631 RX LT,280,32,32,0,0,0,24,1,0,0,0,0
2026-07-17T17:55:09.791 RX LT,300,36,36,0,0,0,24,1,0,0,0,0
2026-07-17T17:55:09.791 RX LT,320,37,37,0,0,0,24,1,0,0,0,0
2026-07-17T17:55:09.791 RX LT,340,40,40,0,0,0,24,1,0,0,0,0
2026-07-17T17:55:09.791 RX LT,360,43,43,0,10,0,24,1,0,0,0,0
2026-07-17T17:55:09.791 RX LT,380,45,45,0,0,0,24,1,0,0,0,0
2026-07-17T17:55:09.791 RX LT,400,48,48,0,0,0,24,1,0,0,0,0
2026-07-17T17:55:09.800 RX LT,420,50,50,0,0,0,24,1,0,0,0,0
2026-07-17T17:55:09.800 RX LT,440,52,52,0,0,0,24,1,1,0,0,0
2026-07-17T17:55:09.941 RX LT,460,54,54,0,0,0,24,1,1,0,0,0
2026-07-17T17:55:09.941 RX LT,480,57,57,0,0,0,24,1,1,0,0,0
2026-07-17T17:55:09.941 RX LT,500,60,60,0,0,0,24,1,2,0,0,0
2026-07-17T17:55:09.941 RX LT,520,62,62,0,10,0,24,1,2,0,0,0
2026-07-17T17:55:09.941 RX LT,540,64,64,43,44,0,24,1,3,0,0,0
2026-07-17T17:55:09.941 RX LT,560,67,67,2,2,0,24,1,4,0,0,0
2026-07-17T17:55:09.941 RX LT,580,69,69,0,43,0,24,1,5,0,0,0
2026-07-17T17:55:10.114 RX LT,600,72,72,10,46,0,24,1,5,0,0,0
2026-07-17T17:55:10.114 RX LT,620,74,74,0,13,0,24,1,6,0,0,0
2026-07-17T17:55:10.114 RX LT,640,76,76,10,55,0,24,1,8,0,0,0
2026-07-17T17:55:10.114 RX LT,660,78,78,2,57,0,24,1,9,0,0,0
2026-07-17T17:55:10.114 RX LT,680,81,81,2,55,0,24,1,11,0,0,0
2026-07-17T17:55:10.114 RX LT,700,84,84,11,57,0,24,1,12,0,0,0
2026-07-17T17:55:10.115 RX LT,720,86,86,11,57,0,24,1,14,0,0,0
2026-07-17T17:55:10.115 RX LT,740,88,88,55,57,0,24,1,15,0,0,0
2026-07-17T17:55:10.242 RX LT,760,91,91,46,101,0,24,1,16,0,0,0
2026-07-17T17:55:10.242 RX LT,780,93,93,57,104,0,24,1,18,0,0,0
2026-07-17T17:55:10.243 RX LT,800,96,96,47,104,0,24,1,20,0,0,0
2026-07-17T17:55:10.243 RX LT,820,108,88,57,104,3,56,1,22,0,0,0
2026-07-17T17:55:10.243 RX LT,840,115,85,57,71,3,56,1,23,0,0,0
2026-07-17T17:55:10.243 RX LT,860,126,80,57,113,6,48,1,25,0,0,0
2026-07-17T17:55:10.388 RX LT,880,144,66,68,115,6,48,1,26,0,0,0
2026-07-17T17:55:10.388 RX LT,900,148,68,58,115,6,48,1,28,0,0,0
2026-07-17T17:55:10.388 RX LT,920,150,70,68,115,6,48,1,29,0,0,0
2026-07-17T17:55:10.388 RX LT,940,151,71,104,115,6,48,1,30,0,0,0
2026-07-17T17:55:10.388 RX LT,960,155,75,102,118,6,48,1,31,0,0,0
2026-07-17T17:55:10.389 RX LT,980,157,77,71,116,6,48,1,31,0,0,0
2026-07-17T17:55:10.389 RX LT,1000,160,80,113,159,6,48,1,31,0,0,0
2026-07-17T17:55:10.515 RX LT,1020,160,80,61,118,6,48,1,33,0,0,0
2026-07-17T17:55:10.515 RX LT,1040,160,80,112,116,6,48,1,34,0,0,0
2026-07-17T17:55:10.515 RX LT,1060,160,80,72,126,6,48,1,35,0,0,0
2026-07-17T17:55:10.515 RX LT,1080,160,80,113,127,6,48,1,35,0,0,0
2026-07-17T17:55:10.515 RX LT,1100,160,80,115,160,6,48,1,34,0,0,0
2026-07-17T17:55:10.516 RX LT,1120,160,80,126,118,6,48,1,33,0,0,0
2026-07-17T17:55:10.650 RX LT,1140,160,80,160,127,6,48,1,32,0,0,0
2026-07-17T17:55:10.650 RX LT,1160,160,80,127,162,6,48,1,31,0,0,0
2026-07-17T17:55:10.650 RX LT,1180,160,80,127,127,6,48,1,29,0,0,0
2026-07-17T17:55:10.650 RX LT,1200,160,80,160,127,6,48,1,27,0,0,0
2026-07-17T17:55:10.660 RX LT,1220,160,80,162,127,6,48,1,26,0,0,0
2026-07-17T17:55:10.660 RX LT,1240,160,80,173,127,6,48,1,23,0,0,0
2026-07-17T17:55:10.660 RX LT,1260,160,80,163,127,6,48,1,20,0,0,0
2026-07-17T17:55:10.783 RX LT,1280,160,80,173,127,6,48,1,17,0,0,0
2026-07-17T17:55:10.783 RX LT,1300,160,80,173,127,6,48,1,14,0,0,0
2026-07-17T17:55:10.783 RX LT,1320,160,80,130,127,6,48,1,11,0,0,0
2026-07-17T17:55:10.783 RX LT,1340,160,80,182,127,6,48,1,8,0,0,0
2026-07-17T17:55:10.783 RX LT,1360,160,80,163,127,6,48,1,4,0,0,0
2026-07-17T17:55:10.783 RX LT,1380,160,80,173,127,6,48,1,2,0,0,0
2026-07-17T17:55:10.931 RX LT,1400,160,80,173,127,6,48,1,0,0,0,0
2026-07-17T17:55:10.931 RX LT,1420,160,80,173,160,6,48,1,-4,0,0,0
2026-07-17T17:55:10.931 RX LT,1440,160,80,184,162,6,48,1,-8,0,0,0
2026-07-17T17:55:10.931 RX LT,1460,160,80,174,162,6,48,1,-12,0,0,0
2026-07-17T17:55:10.931 RX LT,1480,160,80,174,118,6,48,1,-16,0,0,0
2026-07-17T17:55:10.931 RX LT,1500,160,80,174,127,6,48,1,-20,0,0,0
2026-07-17T17:55:10.931 RX LT,1520,160,80,184,160,6,48,1,-23,0,0,0
2026-07-17T17:55:11.051 RX LT,1540,160,80,174,162,6,48,1,-27,0,0,0
2026-07-17T17:55:11.051 RX LT,1560,160,80,174,162,6,48,1,-30,0,0,0
2026-07-17T17:55:11.051 RX LT,1580,160,80,217,127,6,48,1,-32,0,0,0
2026-07-17T17:55:11.051 RX LT,1600,160,80,174,118,6,48,1,-34,0,0,0
2026-07-17T17:55:11.051 RX LT,1620,160,80,217,127,6,48,1,-36,0,0,0
2026-07-17T17:55:11.051 RX LT,1640,160,80,176,127,6,48,1,-39,0,0,0
2026-07-17T17:55:11.184 RX LT,1660,160,80,174,160,6,48,1,-41,0,0,0
2026-07-17T17:55:11.184 RX LT,1680,160,80,217,162,6,48,1,-45,0,0,0
2026-07-17T17:55:11.184 RX LT,1700,160,80,176,118,6,48,1,-48,0,0,0
2026-07-17T17:55:11.184 RX LT,1720,160,80,130,83,6,48,1,-51,0,0,0
2026-07-17T17:55:11.184 RX LT,1740,160,80,171,113,6,48,1,-52,0,0,0
2026-07-17T17:55:11.184 RX LT,1760,160,80,173,126,6,48,1,-54,0,0,0
2026-07-17T17:55:11.311 RX LT,1780,160,80,184,127,6,48,1,-56,0,0,0
2026-07-17T17:55:11.312 RX LT,1800,160,80,174,127,6,48,1,-59,0,0,0
2026-07-17T17:55:11.312 RX LT,1820,160,80,174,116,6,48,1,-62,0,0,0
2026-07-17T17:55:11.312 RX LT,1840,160,80,184,126,6,48,1,-65,0,0,0
2026-07-17T17:55:11.313 RX LT,1860,160,80,218,160,6,48,1,-69,0,0,0
2026-07-17T17:55:11.313 RX LT,1880,160,80,176,118,6,48,1,-72,0,0,0
2026-07-17T17:55:11.457 RX LT,1900,160,80,185,159,6,48,1,-77,0,0,0
2026-07-17T17:55:11.457 RX LT,1920,160,80,185,118,6,48,1,-80,0,0,0
2026-07-17T17:55:11.457 RX LT,1940,160,80,218,127,6,48,1,-83,0,0,0
2026-07-17T17:55:11.457 RX LT,1960,160,80,185,118,6,48,1,-86,0,0,0
2026-07-17T17:55:11.458 RX LT,1980,160,80,220,118,6,48,1,-89,0,0,0
2026-07-17T17:55:11.458 RX LT,2000,160,80,220,159,6,48,1,-93,0,0,0
2026-07-17T17:55:11.458 RX LT,2020,160,80,220,118,6,48,1,-97,0,0,0
2026-07-17T17:55:11.580 RX LT,2040,160,80,220,127,6,48,1,-99,0,0,0
2026-07-17T17:55:11.580 RX LT,2060,160,80,220,116,6,48,1,-103,0,0,0
2026-07-17T17:55:11.580 RX LT,2080,160,80,220,159,6,48,1,-106,0,0,0
2026-07-17T17:55:11.580 RX LT,2100,160,80,220,118,6,48,1,-110,0,0,0
2026-07-17T17:55:11.580 RX LT,2120,160,80,220,159,6,48,1,-115,0,0,0
2026-07-17T17:55:11.580 RX LT,2140,155,85,220,118,3,56,1,-118,0,0,0
2026-07-17T17:55:11.701 RX LT,2160,150,90,229,116,3,56,1,-121,0,0,0
2026-07-17T17:55:11.701 RX LT,2180,130,110,185,118,0,24,1,-125,0,0,0
2026-07-17T17:55:11.701 RX LT,2200,120,120,174,127,0,24,1,-127,0,0,0
2026-07-17T17:55:11.701 RX LT,2220,120,120,184,160,0,24,1,-129,0,0,0
2026-07-17T17:55:11.701 RX LT,2240,120,120,185,162,0,24,1,-132,0,0,0
2026-07-17T17:55:11.701 RX LT,2260,120,120,176,127,0,24,1,-134,0,0,0
2026-07-17T17:55:11.834 RX LT,2280,120,120,176,118,0,24,1,-135,0,0,0
2026-07-17T17:55:11.834 RX LT,2300,120,120,217,127,0,24,1,-137,0,0,0
2026-07-17T17:55:11.834 RX LT,2320,125,115,176,127,3,56,1,-138,0,0,0
2026-07-17T17:55:11.834 RX LT,2340,115,125,174,127,-3,28,1,-140,0,0,0
2026-07-17T17:55:11.835 RX LT,2360,120,120,184,127,0,60,1,-141,0,0,0
2026-07-17T17:55:11.835 RX LT,2380,110,130,174,127,-3,28,1,-141,0,0,0
2026-07-17T17:55:11.951 RX LT,2400,94,146,174,127,-6,12,1,-141,0,0,0
2026-07-17T17:55:11.960 RX LT,2420,80,160,174,171,-6,12,1,-141,0,0,0
2026-07-17T17:55:11.960 RX LT,2440,80,160,174,129,-6,12,1,-141,0,0,0
2026-07-17T17:55:11.960 RX LT,2460,80,160,171,173,-6,12,1,-140,0,0,0
2026-07-17T17:55:11.960 RX LT,2480,80,160,162,130,-6,12,1,-138,0,0,0
2026-07-17T17:55:11.960 RX LT,2500,80,160,173,171,-6,12,1,-137,0,0,0
2026-07-17T17:55:12.084 RX LT,2520,80,160,130,173,-6,12,1,-136,0,0,0
2026-07-17T17:55:12.084 RX LT,2540,80,160,171,163,-6,12,1,-135,0,0,0
2026-07-17T17:55:12.084 RX LT,2560,80,160,162,173,-6,12,1,-132,0,0,0
2026-07-17T17:55:12.084 RX LT,2580,29,171,129,173,-18,6,1,-131,0,0,0
2026-07-17T17:55:12.084 RX LT,2600,29,171,162,173,-18,6,1,-129,0,0,0
2026-07-17T17:55:12.084 RX LT,2620,29,171,116,217,-18,6,1,-127,0,0,0
2026-07-17T17:55:12.192 RX LT,2640,29,171,116,176,-18,6,1,-124,0,0,0
2026-07-17T17:55:12.192 RX LT,2660,29,171,126,174,-18,6,1,-120,0,0,0
2026-07-17T17:55:12.192 RX LT,2680,29,171,116,184,-18,6,1,-116,0,0,0
2026-07-17T17:55:12.192 RX LT,2700,29,171,126,174,-18,6,1,-112,0,0,0
2026-07-17T17:55:12.192 RX LT,2720,29,171,116,184,-18,6,1,-108,0,0,0
2026-07-17T17:55:12.193 RX LT,2740,29,171,116,174,-18,6,1,-103,0,0,0
2026-07-17T17:55:12.331 RX LT,2760,29,171,72,217,-18,6,1,-98,0,0,0
2026-07-17T17:55:12.331 RX LT,2780,29,171,115,185,-18,6,1,-90,0,0,0
2026-07-17T17:55:12.331 RX LT,2800,29,171,115,218,-18,6,1,-85,0,0,0
2026-07-17T17:55:12.331 RX LT,2820,29,171,115,176,-18,6,1,-81,0,0,0
2026-07-17T17:55:12.331 RX LT,2840,29,171,115,218,-18,6,1,-76,0,0,0
2026-07-17T17:55:12.331 RX LT,2860,29,171,113,185,-18,6,1,-72,0,0,0
2026-07-17T17:55:12.462 RX LT,2880,29,171,115,218,-18,6,1,-67,0,0,0
2026-07-17T17:55:12.462 RX LT,2900,29,171,105,176,-18,6,1,-63,0,0,0
2026-07-17T17:55:12.462 RX LT,2920,29,171,104,185,-18,6,1,-58,0,0,0
2026-07-17T17:55:12.463 RX LT,2940,29,171,104,185,-18,6,1,-53,0,0,0
2026-07-17T17:55:12.463 RX LT,2960,57,171,104,185,-11,4,1,-49,0,0,0
2026-07-17T17:55:12.463 RX LT,2980,73,167,104,185,-6,12,1,-44,0,0,0
2026-07-17T17:55:12.580 RX LT,3000,80,160,71,185,-6,12,1,-38,0,0,0
2026-07-17T17:55:12.580 RX LT,3020,80,160,104,220,-6,12,1,-34,0,0,0
2026-07-17T17:55:12.580 RX LT,3040,80,160,113,218,-6,12,1,-30,0,0,0
2026-07-17T17:55:12.580 RX LT,3060,80,160,104,187,-6,12,1,-27,0,0,0
2026-07-17T17:55:12.580 RX LT,3080,80,160,71,185,-6,12,1,-24,0,0,0
2026-07-17T17:55:12.580 RX LT,3100,80,160,104,176,-6,12,1,-21,0,0,0
2026-07-17T17:55:12.711 RX LT,3120,80,160,104,220,-6,12,1,-18,0,0,0
2026-07-17T17:55:12.711 RX LT,3140,80,160,115,220,-6,12,1,-15,0,0,0
2026-07-17T17:55:12.711 RX LT,3160,80,160,105,220,-6,12,1,-13,0,0,0
2026-07-17T17:55:12.711 RX LT,3180,80,160,115,220,-6,12,1,-10,0,0,0
2026-07-17T17:55:12.711 RX LT,3200,80,160,72,176,-6,12,1,-8,0,0,0
2026-07-17T17:55:12.711 RX LT,3220,90,150,113,185,-3,28,1,-6,0,0,0
2026-07-17T17:55:12.840 RX LT,3240,110,130,104,174,0,24,1,-4,0,0,0
2026-07-17T17:55:12.840 RX LT,3260,120,120,115,217,0,24,1,-3,0,0,0
2026-07-17T17:55:12.840 RX LT,3280,120,120,115,133,0,24,1,-2,0,0,0
2026-07-17T17:55:12.840 RX LT,3300,120,120,115,171,0,24,1,-2,0,0,0
2026-07-17T17:55:12.841 RX LT,3320,120,120,115,173,0,24,1,-2,0,0,0
2026-07-17T17:55:12.841 RX LT,3340,120,120,115,173,0,24,1,-2,0,0,0
2026-07-17T17:55:12.841 TX SET LINEKD 1900 1175695876
2026-07-17T17:55:12.966 RX LT,3360,120,120,105,173,0,24,1,-3,0,0,0
2026-07-17T17:55:12.966 RX LT,3380,120,120,115,173,0,24,1,-3,0,0,0
2026-07-17T17:55:12.966 RX SA,1175695876,LINEKD,1900
2026-07-17T17:55:12.966 RX LT,3400,120,120,126,163,0,24,1,-4,0,0,0
2026-07-17T17:55:12.966 RX LT,3420,125,115,116,173,3,56,1,-7,0,0,0
2026-07-17T17:55:12.966 RX LT,3440,138,102,116,130,6,48,1,-13,0,0,0
2026-07-17T17:55:12.966 RX LT,3460,154,86,126,171,6,48,1,-12,0,0,0
2026-07-17T17:55:13.092 RX LT,3480,160,80,116,119,6,48,1,-13,0,0,0
2026-07-17T17:55:13.092 RX LT,3500,160,80,159,116,6,48,1,-15,0,0,0
2026-07-17T17:55:13.092 RX LT,3520,160,80,162,126,6,48,1,-18,0,0,0
2026-07-17T17:55:13.092 RX LT,3540,160,80,118,160,6,48,1,-22,0,0,0
2026-07-17T17:55:13.092 RX LT,3560,160,80,170,118,6,48,1,-26,0,0,0
2026-07-17T17:55:13.092 RX LT,3580,160,80,162,159,6,48,1,-31,0,0,0
2026-07-17T17:55:13.210 RX LT,3600,160,80,162,118,6,48,1,-35,0,0,0
2026-07-17T17:55:13.210 RX LT,3620,160,80,162,116,6,48,1,-39,0,0,0
2026-07-17T17:55:13.210 RX LT,3640,160,80,129,116,6,48,1,-45,0,0,0
2026-07-17T17:55:13.210 RX LT,3660,160,80,162,159,6,48,1,-52,0,0,0
2026-07-17T17:55:13.210 RX LT,3680,160,80,130,116,6,48,1,-58,0,0,0
2026-07-17T17:55:13.210 RX LT,3700,160,80,171,148,6,48,1,-63,0,0,0
2026-07-17T17:55:13.361 RX LT,3720,160,80,162,118,6,48,1,-68,0,0,0
2026-07-17T17:55:13.361 RX LT,3740,160,80,173,116,6,48,1,-74,0,0,0
2026-07-17T17:55:13.361 RX LT,3760,160,80,173,72,6,48,1,-80,0,0,0
2026-07-17T17:55:13.361 RX LT,3780,160,80,173,113,6,48,1,-86,0,0,0
2026-07-17T17:55:13.361 RX LT,3800,160,80,173,115,6,48,1,-91,0,0,0
2026-07-17T17:55:13.361 RX LT,3820,160,80,217,115,6,48,1,-97,0,0,0
2026-07-17T17:55:13.361 RX LT,3840,160,80,176,115,6,48,1,-102,0,0,0
2026-07-17T17:55:13.486 RX LT,3860,160,80,174,115,6,48,1,-105,0,0,0
2026-07-17T17:55:13.486 RX LT,3880,160,80,184,115,6,48,1,-111,0,0,0
2026-07-17T17:55:13.490 RX LT,3900,160,80,174,115,6,48,1,-119,0,0,0
2026-07-17T17:55:13.490 RX LT,3920,160,80,184,115,6,48,1,-125,0,0,0
2026-07-17T17:55:13.490 RX LT,3940,160,80,176,115,6,48,1,-131,0,0,0
2026-07-17T17:55:13.491 RX LT,3960,160,80,176,113,6,48,1,-136,0,0,0
2026-07-17T17:55:13.616 RX LT,3980,160,80,217,115,6,48,1,-141,0,0,0
2026-07-17T17:55:13.616 RX LT,4000,160,80,176,115,6,48,1,-144,0,0,0
2026-07-17T17:55:13.616 RX LT,4020,160,80,185,72,6,48,1,-150,0,0,0
2026-07-17T17:55:13.616 RX LT,4040,160,80,218,113,6,48,1,-155,0,0,0
2026-07-17T17:55:13.617 RX LT,4060,160,80,185,115,6,48,1,-160,0,0,0
2026-07-17T17:55:13.617 RX LT,4080,160,80,185,115,6,48,1,-163,0,0,0
2026-07-17T17:55:13.741 RX LT,4100,160,80,185,113,6,48,1,-168,0,0,0
2026-07-17T17:55:13.741 RX LT,4120,160,80,218,115,6,48,1,-175,0,0,0
2026-07-17T17:55:13.741 RX LT,4140,160,80,176,72,6,48,1,-180,0,0,0
2026-07-17T17:55:13.742 RX LT,4160,160,80,185,113,6,48,1,-184,0,0,0
2026-07-17T17:55:13.742 RX LT,4180,160,80,218,115,6,48,1,-189,0,0,0
2026-07-17T17:55:13.742 RX LT,4200,160,80,185,72,6,48,1,-194,0,0,0
2026-07-17T17:55:13.861 RX LT,4220,160,80,220,115,6,48,1,-200,0,0,0
2026-07-17T17:55:13.861 RX LT,4240,160,80,176,72,6,48,1,-204,0,0,0
2026-07-17T17:55:13.861 RX LT,4260,160,80,185,113,6,48,1,-209,0,0,0
2026-07-17T17:55:13.861 RX LT,4280,160,80,174,115,6,48,1,-213,0,0,0
2026-07-17T17:55:13.861 RX LT,4300,155,85,184,105,3,56,1,-217,0,0,0
2026-07-17T17:55:13.861 RX LT,4320,145,95,218,104,3,56,1,-221,0,0,0
2026-07-17T17:55:13.992 RX LT,4340,125,115,176,115,0,24,1,-226,0,0,0
2026-07-17T17:55:13.992 RX LT,4360,120,120,217,72,0,24,1,-230,0,0,0
2026-07-17T17:55:13.992 RX LT,4380,120,120,184,105,0,24,1,-233,0,0,0
2026-07-17T17:55:13.992 RX LT,4400,120,120,174,115,0,24,1,-236,0,0,0
2026-07-17T17:55:13.992 RX LT,4420,120,120,174,115,0,24,1,-238,0,0,0
2026-07-17T17:55:13.992 RX LT,4440,120,120,174,72,0,24,1,-240,0,0,0
2026-07-17T17:55:14.118 RX LT,4460,120,120,174,113,0,24,1,-242,0,0,0
2026-07-17T17:55:14.119 RX LT,4480,120,120,174,115,0,24,1,-243,0,0,0
2026-07-17T17:55:14.121 RX LT,4500,115,125,174,115,-3,28,1,-245,0,0,0
2026-07-17T17:55:14.123 RX LT,4520,105,135,174,115,-3,28,1,-246,0,0,0
2026-07-17T17:55:14.123 RX LT,4540,105,135,163,115,-3,28,1,-247,0,0,0
2026-07-17T17:55:14.125 RX LT,4560,97,143,173,115,-6,12,1,-248,0,0,0
2026-07-17T17:55:14.126 TX SET LINEKD 2000 1175695877
2026-07-17T17:55:14.221 RX LT,4580,81,159,130,115,-6,12,1,-248,0,0,0
2026-07-17T17:55:14.221 RX LT,4600,80,160,171,126,-6,12,1,-248,0,0,0
2026-07-17T17:55:14.221 RX SA,1175695877,LINEKD,2000
2026-07-17T17:55:14.221 RX LT,4620,112,128,162,160,-6,12,1,-248,0,0,0
2026-07-17T17:55:14.221 RX LT,4640,96,144,162,118,-6,12,1,-247,0,0,0
2026-07-17T17:55:14.221 RX LT,4660,80,160,129,159,-6,12,1,-246,0,0,0
2026-07-17T17:55:14.340 RX LT,4680,80,160,127,118,-6,12,1,-244,0,0,0
2026-07-17T17:55:14.340 RX LT,4700,80,160,118,160,-6,12,1,-242,0,0,0
2026-07-17T17:55:14.340 RX LT,4720,80,160,118,127,-6,12,1,-239,0,0,0
2026-07-17T17:55:14.340 RX LT,4740,80,160,116,127,-6,12,1,-235,0,0,0
2026-07-17T17:55:14.340 RX LT,4760,80,160,126,171,-6,12,1,-232,0,0,0
2026-07-17T17:55:14.340 RX LT,4780,29,171,127,162,-18,6,1,-229,0,0,0
2026-07-17T17:55:14.470 RX LT,4800,29,171,116,173,-18,6,1,-227,0,0,0
2026-07-17T17:55:14.470 RX LT,4820,29,171,116,163,-18,6,1,-225,0,0,0
2026-07-17T17:55:14.470 RX LT,4840,29,171,116,171,-18,6,1,-223,0,0,0
2026-07-17T17:55:14.470 RX LT,4860,29,171,116,163,-18,6,1,-219,0,0,0
2026-07-17T17:55:14.470 RX LT,4880,29,171,116,173,-18,6,1,-216,0,0,0
2026-07-17T17:55:14.470 RX LT,4900,29,171,116,173,-18,6,1,-212,0,0,0
2026-07-17T17:55:14.601 RX LT,4920,29,171,116,173,-18,6,1,-208,0,0,0
2026-07-17T17:55:14.601 RX LT,4940,29,171,72,173,-18,6,1,-203,0,0,0
2026-07-17T17:55:14.601 RX LT,4960,29,171,113,173,-18,6,1,-199,0,0,0
2026-07-17T17:55:14.601 RX LT,4980,29,171,115,173,-18,6,1,-194,0,0,0
2026-07-17T17:55:14.601 RX LT,5000,29,171,105,173,-18,6,1,-188,0,0,0
2026-07-17T17:55:14.601 RX LT,5020,29,171,115,173,-18,6,1,-185,0,0,0
2026-07-17T17:55:14.721 RX LT,5040,29,171,105,173,-18,6,1,-181,0,0,0
2026-07-17T17:55:14.721 RX LT,5060,29,171,113,173,-18,6,1,-175,0,0,0
2026-07-17T17:55:14.721 RX LT,5080,29,171,105,173,-18,6,1,-170,0,0,0
2026-07-17T17:55:14.721 RX LT,5100,29,171,104,173,-18,6,1,-165,0,0,0
2026-07-17T17:55:14.721 RX LT,5120,29,171,115,173,-18,6,1,-160,0,0,0
2026-07-17T17:55:14.721 RX LT,5140,29,171,105,184,-18,6,1,-155,0,0,0
2026-07-17T17:55:14.851 RX LT,5160,29,171,71,174,-18,6,1,-151,0,0,0
2026-07-17T17:55:14.851 RX LT,5180,29,171,69,174,-18,6,1,-147,0,0,0
2026-07-17T17:55:14.851 RX LT,5200,29,171,69,174,-18,6,1,-143,0,0,0
2026-07-17T17:55:14.851 RX LT,5220,29,171,104,174,-18,6,1,-136,0,0,0
2026-07-17T17:55:14.851 RX LT,5240,57,171,61,176,-11,4,1,-132,0,0,0
2026-07-17T17:55:14.851 RX LT,5260,85,155,112,174,0,36,0,-127,0,0,0
2026-07-17T17:55:14.978 RX LT,5280,79,161,104,217,-3,28,1,-123,0,0,0
2026-07-17T17:55:14.978 RX LT,5300,79,161,69,184,-3,28,1,-119,0,0,0
2026-07-17T17:55:14.978 RX LT,5320,80,160,71,174,-6,12,1,-115,0,0,0
2026-07-17T17:55:14.979 RX LT,5340,80,160,104,174,-6,12,1,-112,0,0,0
2026-07-17T17:55:14.979 RX LT,5360,80,160,71,184,-6,12,1,-108,0,0,0
2026-07-17T17:55:14.979 RX LT,5380,80,160,104,174,-6,12,1,-104,0,0,0
2026-07-17T17:55:15.106 RX LT,5400,80,160,104,130,-6,12,1,-101,0,0,0
2026-07-17T17:55:15.106 RX LT,5420,80,160,60,171,-6,12,1,-98,0,0,0
2026-07-17T17:55:15.106 RX LT,5440,80,160,69,173,-6,12,1,-93,0,0,0
2026-07-17T17:55:15.107 RX LT,5460,80,160,69,173,-6,12,1,-90,0,0,0
2026-07-17T17:55:15.107 RX LT,5480,80,160,102,173,-6,12,1,-87,0,0,0
2026-07-17T17:55:15.107 RX LT,5500,80,160,71,173,-6,12,1,-83,0,0,0
2026-07-17T17:55:15.231 RX LT,5520,80,160,69,173,-6,12,1,-80,0,0,0
2026-07-17T17:55:15.231 RX LT,5540,90,150,113,173,-3,28,1,-78,0,0,0
2026-07-17T17:55:15.231 RX LT,5560,105,135,104,173,0,24,1,-75,0,0,0
2026-07-17T17:55:15.231 RX LT,5580,120,120,71,173,0,24,1,-72,0,0,0
2026-07-17T17:55:15.231 RX LT,5600,120,120,104,173,0,24,1,-70,0,0,0
2026-07-17T17:55:15.232 RX LT,5620,120,120,71,163,0,24,1,-68,0,0,0
2026-07-17T17:55:15.232 RX LT,5640,120,120,115,162,0,24,1,-66,0,0,0
2026-07-17T17:55:15.232 TX SET LINEKD 2100 1175695878
2026-07-17T17:55:15.351 RX LT,5660,120,120,105,129,0,24,1,-64,0,0,0
2026-07-17T17:55:15.351 RX SA,1175695878,LINEKD,2100
2026-07-17T17:55:15.351 RX LT,5680,120,120,115,171,0,24,1,-63,0,0,0
2026-07-17T17:55:15.351 RX LT,5700,120,120,115,162,0,24,1,-62,0,0,0
2026-07-17T17:55:15.351 RX LT,5720,120,120,115,173,0,24,1,-62,0,0,0
2026-07-17T17:55:15.351 RX LT,5740,120,120,115,130,0,24,1,-62,0,0,0
2026-07-17T17:55:15.481 RX LT,5760,130,110,115,162,3,56,1,-63,0,0,0
2026-07-17T17:55:15.481 RX LT,5780,143,97,115,129,6,48,1,-63,0,0,0
2026-07-17T17:55:15.481 RX LT,5800,159,81,115,160,6,48,1,-64,0,0,0
2026-07-17T17:55:15.481 RX LT,5820,160,80,159,118,6,48,1,-65,0,0,0
2026-07-17T17:55:15.481 RX LT,5840,160,80,118,116,6,48,1,-66,0,0,0
2026-07-17T17:55:15.481 RX LT,5860,160,80,127,116,6,48,1,-69,0,0,0
2026-07-17T17:55:15.600 RX LT,5880,160,80,160,116,6,48,1,-73,0,0,0
2026-07-17T17:55:15.600 RX LT,5900,160,80,162,116,6,48,1,-78,0,0,0
2026-07-17T17:55:15.600 RX LT,5920,160,80,118,116,6,48,1,-81,0,0,0
2026-07-17T17:55:15.600 RX LT,5940,160,80,127,116,6,48,1,-85,0,0,0
2026-07-17T17:55:15.600 RX LT,5960,160,80,127,105,6,48,1,-89,0,0,0
2026-07-17T17:55:15.600 RX LT,5980,160,80,171,115,6,48,1,-94,0,0,0
2026-07-17T17:55:15.752 RX LT,6000,160,80,162,115,6,48,1,-98,0,0,0
2026-07-17T17:55:15.752 RX LT,6020,160,80,129,115,6,48,1,-103,0,0,0
2026-07-17T17:55:15.752 RX LT,6040,160,80,171,115,6,48,1,-107,0,0,0
2026-07-17T17:55:15.752 RX LT,6060,160,80,173,72,6,48,1,-111,0,0,0
2026-07-17T17:55:15.752 RX LT,6080,160,80,163,113,6,48,1,-116,0,0,0
2026-07-17T17:55:15.752 RX LT,6100,160,80,173,115,6,48,1,-122,0,0,0
2026-07-17T17:55:15.752 RX LT,6120,160,80,173,115,6,48,1,-126,0,0,0
2026-07-17T17:55:15.879 RX LT,6140,160,80,173,105,6,48,1,-130,0,0,0
2026-07-17T17:55:15.879 RX LT,6160,160,80,173,115,6,48,1,-135,0,0,0
2026-07-17T17:55:15.879 RX LT,6180,160,80,173,115,6,48,1,-140,0,0,0
2026-07-17T17:55:15.879 RX LT,6200,160,80,184,72,6,48,1,-145,0,0,0
2026-07-17T17:55:15.879 RX LT,6220,160,80,185,113,6,48,1,-150,0,0,0
2026-07-17T17:55:15.879 RX LT,6240,160,80,185,115,6,48,1,-155,0,0,0
2026-07-17T17:55:16.003 RX LT,6260,160,80,174,115,6,48,1,-160,0,0,0
2026-07-17T17:55:16.003 RX LT,6280,160,80,217,105,6,48,1,-164,0,0,0
2026-07-17T17:55:16.003 RX LT,6300,160,80,176,115,6,48,1,-168,0,0,0
2026-07-17T17:55:16.003 RX LT,6320,160,80,174,105,6,48,1,-174,0,0,0
2026-07-17T17:55:16.003 RX LT,6340,160,80,184,115,6,48,1,-178,0,0,0
2026-07-17T17:55:16.003 RX LT,6360,160,80,174,72,6,48,1,-182,0,0,0
2026-07-17T17:55:16.130 RX LT,6380,160,80,217,113,6,48,1,-186,0,0,0
2026-07-17T17:55:16.130 RX LT,6400,160,80,176,72,6,48,1,-190,0,0,0
2026-07-17T17:55:16.130 RX LT,6420,160,80,217,113,6,48,1,-194,0,0,0
2026-07-17T17:55:16.130 RX LT,6440,160,80,176,72,6,48,1,-198,0,0,0
2026-07-17T17:55:16.130 RX LT,6460,160,80,185,113,6,48,1,-202,0,0,0
2026-07-17T17:55:16.130 RX LT,6480,160,80,174,72,6,48,1,-206,0,0,0
2026-07-17T17:55:16.257 RX LT,6500,160,80,184,113,6,48,1,-210,0,0,0
2026-07-17T17:55:16.257 RX LT,6520,160,80,174,104,6,48,1,-214,0,0,0
2026-07-17T17:55:16.257 RX LT,6540,160,80,174,104,6,48,1,-219,0,0,0
2026-07-17T17:55:16.257 RX LT,6560,160,80,184,71,6,48,1,-222,0,0,0
2026-07-17T17:55:16.257 RX LT,6580,150,90,218,69,3,56,1,-226,0,0,0
2026-07-17T17:55:16.257 RX LT,6600,130,110,176,69,0,24,1,-230,0,0,0
2026-07-17T17:55:16.382 RX LT,6620,120,120,174,113,0,24,1,-233,0,0,0
2026-07-17T17:55:16.382 RX LT,6640,120,120,174,104,0,24,1,-236,0,0,0
2026-07-17T17:55:16.382 RX LT,6660,120,120,174,115,0,24,1,-239,0,0,0
2026-07-17T17:55:16.382 RX LT,6680,120,120,174,105,0,24,1,-240,0,0,0
2026-07-17T17:55:16.382 RX LT,6700,120,120,174,115,0,24,1,-242,0,0,0
2026-07-17T17:55:16.382 RX LT,6720,120,120,174,105,0,24,1,-244,0,0,0
2026-07-17T17:55:16.501 RX LT,6740,120,120,174,115,0,24,1,-245,0,0,0
2026-07-17T17:55:16.501 RX LT,6760,120,120,163,72,0,24,1,-246,0,0,0
2026-07-17T17:55:16.501 RX LT,6780,115,125,173,113,-3,28,1,-246,0,0,0
2026-07-17T17:55:16.511 RX LT,6800,105,135,163,115,-3,28,1,-246,0,0,0
2026-07-17T17:55:16.511 RX LT,6820,105,135,129,115,-3,28,1,-245,0,0,0
2026-07-17T17:55:16.511 RX LT,6840,105,135,171,115,-3,28,1,-245,0,0,0
2026-07-17T17:55:16.634 RX LT,6860,97,143,162,115,-6,12,1,-244,0,0,0
2026-07-17T17:55:16.634 RX LT,6880,81,159,129,115,-6,12,1,-243,0,0,0
2026-07-17T17:55:16.636 TX SET LINEKD 2000 1175695879
2026-07-17T17:55:16.636 RX LT,6900,80,160,171,159,-6,12,1,-242,0,0,0
2026-07-17T17:55:16.636 RX LT,6920,80,160,162,118,-6,12,1,-240,0,0,0
2026-07-17T17:55:16.636 RX LT,6940,80,160,162,127,-6,12,1,-238,0,0,0
2026-07-17T17:55:16.636 RX LT,6960,100,140,162,160,0,60,1,-236,0,0,0
2026-07-17T17:55:16.731 RX LT,6980,120,120,162,118,0,44,1,-232,0,0,0
2026-07-17T17:55:16.731 RX LT,7000,112,128,162,127,-6,12,1,-230,0,0,0
2026-07-17T17:55:16.731 RX SA,1175695879,LINEKD,2000
2026-07-17T17:55:16.731 RX LT,7020,104,136,127,118,-6,12,1,-228,0,0,0
2026-07-17T17:55:16.731 RX LT,7040,104,136,127,127,-6,12,1,-227,0,0,0
2026-07-17T17:55:16.731 RX LT,7060,40,160,129,118,-18,6,1,-226,0,0,0
2026-07-17T17:55:16.861 RX LT,7080,29,171,116,127,-18,6,1,-225,0,0,0
2026-07-17T17:55:16.861 RX LT,7100,29,171,116,127,-18,6,1,-223,0,0,0
2026-07-17T17:55:16.861 RX LT,7120,29,171,116,171,-18,6,1,-220,0,0,0
2026-07-17T17:55:16.861 RX LT,7140,29,171,116,162,-18,6,1,-216,0,0,0
2026-07-17T17:55:16.861 RX LT,7160,29,171,116,173,-18,6,1,-212,0,0,0
2026-07-17T17:55:16.861 RX LT,7180,29,171,105,130,-18,6,1,-206,0,0,0
2026-07-17T17:55:16.989 RX LT,7200,29,171,113,163,-18,6,1,-198,0,0,0
2026-07-17T17:55:16.990 RX LT,7220,29,171,72,130,-18,6,1,-193,0,0,0
2026-07-17T17:55:16.990 RX LT,7240,29,171,113,171,-18,6,1,-187,0,0,0
2026-07-17T17:55:16.990 RX LT,7260,29,171,104,130,-18,6,1,-182,0,0,0
2026-07-17T17:55:16.991 RX LT,7280,57,171,71,171,-11,22,1,-177,0,0,0
2026-07-17T17:55:16.992 RX LT,7300,57,171,113,173,-11,22,1,-171,0,0,0
2026-07-17T17:55:17.116 RX LT,7320,57,171,115,163,-11,22,1,-166,0,0,0
2026-07-17T17:55:17.116 RX LT,7340,29,171,72,173,-18,6,1,-160,0,0,0
2026-07-17T17:55:17.116 RX LT,7360,29,171,102,173,-18,6,1,-155,0,0,0
2026-07-17T17:55:17.116 RX LT,7380,29,171,60,173,-18,6,1,-149,0,0,0
2026-07-17T17:55:17.116 RX LT,7400,29,171,102,173,-18,6,1,-146,0,0,0
2026-07-17T17:55:17.116 RX LT,7420,29,171,69,173,-18,6,1,-138,0,0,0
2026-07-17T17:55:17.241 RX LT,7440,29,171,102,163,-18,6,1,-133,0,0,0
2026-07-17T17:55:17.241 RX LT,7460,29,171,60,173,-18,6,1,-128,0,0,0
2026-07-17T17:55:17.241 RX LT,7480,29,171,69,173,-18,6,1,-126,0,0,0
2026-07-17T17:55:17.243 RX LT,7500,29,171,69,173,-18,6,1,-121,0,0,0
2026-07-17T17:55:17.243 RX LT,7520,29,171,60,173,-18,6,1,-115,0,0,0
2026-07-17T17:55:17.243 RX LT,7540,29,171,104,176,-18,6,1,-110,0,0,0
2026-07-17T17:55:17.362 RX LT,7560,57,171,60,174,-11,4,1,-106,0,0,0
2026-07-17T17:55:17.362 RX LT,7580,73,167,69,174,-6,12,1,-101,0,0,0
2026-07-17T17:55:17.362 RX LT,7600,80,160,69,163,-6,12,1,-96,0,0,0
2026-07-17T17:55:17.362 RX LT,7620,80,160,104,171,-6,12,1,-92,0,0,0
2026-07-17T17:55:17.362 RX LT,7640,85,155,69,165,-3,28,1,-86,0,0,0
2026-07-17T17:55:17.362 RX LT,7660,95,145,102,216,-3,28,1,-82,0,0,0
2026-07-17T17:55:17.491 RX LT,7680,92,148,71,133,-6,12,1,-79,0,0,0
2026-07-17T17:55:17.491 RX LT,7700,80,160,69,171,-6,12,1,-75,0,0,0
2026-07-17T17:55:17.491 RX LT,7720,80,160,113,184,-6,12,1,-70,0,0,0
2026-07-17T17:55:17.491 RX LT,7740,80,160,61,218,-6,12,1,-66,0,0,0
2026-07-17T17:55:17.491 RX LT,7760,80,160,101,176,-6,12,1,-61,0,0,0
2026-07-17T17:55:17.491 RX LT,7780,80,160,104,185,-6,12,1,-57,0,0,0
2026-07-17T17:55:17.640 RX LT,7800,80,160,104,174,-6,12,1,-54,0,0,0
2026-07-17T17:55:17.640 RX LT,7820,85,155,69,130,-3,28,1,-52,0,0,0
2026-07-17T17:55:17.640 RX LT,7840,85,151,104,176,-9,30,1,-49,0,0,0
2026-07-17T17:55:17.640 RX LT,7860,69,167,104,163,-9,30,1,-46,0,0,0
2026-07-17T17:55:17.641 RX LT,7880,85,155,104,173,0,31,0,-44,0,0,0
2026-07-17T17:55:17.641 RX LT,7900,100,100,60,173,0,31,0,0,0,1,0
2026-07-17T17:55:17.641 RX LT,7920,100,100,69,130,0,31,0,0,0,1,0
2026-07-17T17:55:17.766 RX LT,7940,100,100,69,171,0,31,0,0,0,1,0
2026-07-17T17:55:17.766 RX LT,7960,-150,150,102,173,0,31,0,2,0,2,1
2026-07-17T17:55:17.766 RX LT,7980,-150,150,49,163,0,31,0,4,0,2,3
2026-07-17T17:55:17.766 RX LT,8000,-150,150,13,173,0,31,0,8,0,2,5
2026-07-17T17:55:17.766 RX LT,8020,-150,150,0,206,0,39,0,14,0,2,7
2026-07-17T17:55:17.766 RX LT,8040,-150,150,0,176,-24,7,1,23,0,2,9
2026-07-17T17:55:17.891 RX LT,8060,-150,150,43,174,-24,7,1,34,0,2,11
2026-07-17T17:55:17.891 RX LT,8080,-150,150,57,174,-24,7,1,52,0,2,13
2026-07-17T17:55:17.891 RX LT,8100,-150,150,57,174,-24,7,1,64,0,2,15
2026-07-17T17:55:17.891 RX LT,8120,-150,150,101,174,-24,7,1,77,0,2,18
2026-07-17T17:55:17.891 RX LT,8140,-150,150,60,174,-24,7,1,90,0,2,20
2026-07-17T17:55:17.891 RX LT,8160,-150,150,102,174,-24,7,1,97,0,2,21
2026-07-17T17:55:18.012 RX LT,8180,-150,150,104,174,-24,7,1,111,0,2,24
2026-07-17T17:55:18.012 RX LT,8200,-150,150,115,174,-24,7,1,125,0,2,27
2026-07-17T17:55:18.012 RX LT,8220,-150,150,105,174,-12,14,1,146,0,2,31
2026-07-17T17:55:18.012 RX LT,8240,-150,150,115,174,-12,14,1,161,0,2,34
2026-07-17T17:55:18.012 RX LT,8260,-150,150,115,174,-12,14,1,168,0,2,37
2026-07-17T17:55:18.012 RX LT,8280,-150,150,159,174,-12,14,1,176,0,2,39
2026-07-17T17:55:18.125 RX LT,8300,-150,150,160,174,-6,12,1,207,0,2,43
2026-07-17T17:55:18.125 RX LT,8320,-150,150,129,174,-3,28,1,220,0,2,47
2026-07-17T17:55:18.125 RX LT,8340,-150,150,160,174,-3,28,1,235,0,2,50
2026-07-17T17:55:18.125 RX LT,8360,-150,150,127,174,-3,28,1,242,0,2,51
2026-07-17T17:55:18.125 RX LT,8380,-150,150,159,176,0,24,1,263,0,2,56
2026-07-17T17:55:18.242 RX LT,8400,-150,150,162,217,0,24,1,277,0,2,60
2026-07-17T17:55:18.242 RX LT,8420,-150,150,118,176,0,24,1,290,0,2,62
2026-07-17T17:55:18.242 RX LT,8440,-149,149,116,185,0,24,1,303,0,2,66
2026-07-17T17:55:18.242 RX LT,8460,-147,147,126,174,6,48,1,316,0,2,69
2026-07-17T17:55:18.242 RX LT,8480,-147,147,118,217,6,48,1,316,0,2,71
2026-07-17T17:55:18.242 RX LT,8500,-145,145,118,185,6,48,1,335,0,3,76
2026-07-17T17:55:18.371 RX LT,8520,-143,143,127,218,6,48,1,348,0,3,79
2026-07-17T17:55:18.371 RX LT,8540,-140,140,127,176,6,48,1,367,0,3,82
2026-07-17T17:55:18.371 RX LT,8560,-140,140,162,218,6,48,1,367,0,3,84
2026-07-17T17:55:18.371 RX LT,8580,-137,137,127,185,6,48,1,385,0,3,89
2026-07-17T17:55:18.371 RX LT,8600,-136,136,127,218,11,32,1,397,0,3,93
2026-07-17T17:55:18.371 RX LT,8620,-134,134,127,176,23,96,1,407,0,3,96
2026-07-17T17:55:18.480 RX LT,8640,-133,133,127,185,23,96,1,418,0,3,99
2026-07-17T17:55:18.480 RX LT,8660,-131,131,160,174,23,96,1,428,0,3,103
2026-07-17T17:55:18.481 RX LT,8680,-130,130,162,217,36,64,1,436,0,3,106
2026-07-17T17:55:18.481 RX LT,8700,-129,129,118,176,36,64,1,441,0,3,109
2026-07-17T17:55:18.481 RX LT,8720,-128,128,127,174,36,64,1,449,0,3,112
2026-07-17T17:55:18.601 RX LT,8740,-127,127,127,174,36,64,1,457,0,3,115
2026-07-17T17:55:18.601 RX LT,8760,-126,126,127,217,36,64,1,468,0,3,119
2026-07-17T17:55:18.601 RX LT,8780,-125,125,118,184,0,0,0,472,0,3,120
2026-07-17T17:55:18.601 RX LT,8800,-124,124,116,174,0,0,0,480,0,3,124
2026-07-17T17:55:18.601 RX LT,8820,-124,124,116,174,0,0,0,482,0,3,126
2026-07-17T17:55:18.601 RX LT,8840,-123,123,118,174,0,0,0,489,0,3,131
2026-07-17T17:55:18.721 RX LT,8860,-122,122,116,174,0,0,0,491,0,3,132
2026-07-17T17:55:18.730 RX LT,8880,-122,122,116,174,0,0,0,496,0,3,136
2026-07-17T17:55:18.730 RX LT,8900,-121,121,126,130,0,0,0,499,0,3,139
2026-07-17T17:55:18.730 RX LT,8920,-121,121,116,171,-36,1,1,501,0,3,142
2026-07-17T17:55:18.730 RX LT,8940,-121,121,116,173,-36,1,1,503,0,3,145
2026-07-17T17:55:18.731 RX LT,8960,-120,120,116,163,-36,1,1,505,0,3,148
2026-07-17T17:55:18.837 RX LT,8980,-120,120,116,129,-36,1,1,507,0,3,150
2026-07-17T17:55:18.837 RX LT,9000,-120,120,116,171,-30,3,1,508,0,3,153
2026-07-17T17:55:18.837 RX LT,9020,-120,120,116,162,-30,3,1,508,0,3,156
2026-07-17T17:55:18.838 RX LT,9040,-120,120,116,127,-30,3,1,507,0,3,157
2026-07-17T17:55:18.838 RX LT,9060,-120,120,113,162,-30,3,1,506,0,3,161
2026-07-17T17:55:18.960 RX LT,9080,-120,120,104,162,-30,3,1,506,0,3,163
2026-07-17T17:55:18.960 RX LT,9100,-120,120,115,162,-25,2,1,505,0,3,166
2026-07-17T17:55:18.960 RX LT,9120,-120,120,115,127,-18,6,1,504,0,3,167
2026-07-17T17:55:18.960 RX LT,9140,-121,121,105,162,-18,6,1,503,0,3,171
2026-07-17T17:55:18.960 RX LT,9160,-121,121,115,118,-18,6,1,503,0,3,173
2026-07-17T17:55:18.960 RX LT,9180,-121,121,105,127,-18,6,1,502,0,3,175
2026-07-17T17:55:19.081 RX LT,9200,-121,121,115,127,-18,6,1,502,0,3,178
2026-07-17T17:55:19.081 RX LT,9220,-121,121,72,127,-11,4,1,501,0,3,180
2026-07-17T17:55:19.081 RX LT,9240,-121,121,113,127,-11,4,1,501,0,3,183
2026-07-17T17:55:19.081 RX LT,9260,-121,121,71,162,-6,12,1,502,0,3,184
2026-07-17T17:55:19.081 RX LT,9280,-120,120,115,130,-6,12,1,504,0,3,188
2026-07-17T17:55:19.081 RX LT,9300,-120,120,115,160,-6,12,1,505,0,3,191
2026-07-17T17:55:19.193 RX LT,9320,-120,120,115,129,-6,12,1,506,0,3,193
2026-07-17T17:55:19.193 RX LT,9340,-120,120,115,127,-6,12,1,507,0,3,196
2026-07-17T17:55:19.193 RX LT,9360,-120,120,115,162,-2,8,1,508,0,3,197
2026-07-17T17:55:19.193 RX LT,9380,-120,120,105,171,0,24,1,509,0,3,201
2026-07-17T17:55:19.193 RX LT,9400,-120,120,115,162,0,24,1,509,0,3,204
2026-07-17T17:55:19.311 RX LT,9420,-120,120,105,162,0,24,1,509,0,3,206
2026-07-17T17:55:19.311 RX LT,9440,-120,120,115,162,0,24,1,509,0,3,209
2026-07-17T17:55:19.311 RX LT,9460,-120,120,115,162,0,24,1,508,0,3,211
2026-07-17T17:55:19.311 RX LT,9480,-120,120,105,162,6,48,1,508,0,3,214
2026-07-17T17:55:19.311 RX LT,9500,-120,120,113,127,6,48,1,508,0,3,215
2026-07-17T17:55:19.311 RX LT,9520,-120,120,69,162,6,48,1,507,0,3,218
2026-07-17T17:55:19.441 RX LT,9540,-120,120,113,118,6,48,1,505,0,3,221
2026-07-17T17:55:19.441 RX LT,9560,-120,120,104,127,6,48,1,504,0,3,223
2026-07-17T17:55:19.441 RX LT,9580,-121,121,71,116,6,48,1,503,0,3,225
2026-07-17T17:55:19.441 RX LT,9600,-121,121,104,159,6,48,1,503,0,3,227
2026-07-17T17:55:19.441 RX LT,9620,-121,121,72,127,6,48,1,502,0,3,230
2026-07-17T17:55:19.441 RX LT,9640,-121,121,113,160,23,96,1,500,0,3,233
2026-07-17T17:55:19.549 RX LT,9660,-121,121,104,118,23,96,1,499,0,3,235
2026-07-17T17:55:19.549 RX LT,9680,-121,121,104,127,23,96,1,498,0,3,237
2026-07-17T17:55:19.550 RX LT,9700,-121,121,71,160,23,96,1,497,0,3,239
2026-07-17T17:55:19.550 RX LT,9720,-122,122,104,127,23,96,1,496,0,3,240
2026-07-17T17:55:19.550 RX LT,9740,-122,122,104,118,36,64,1,493,0,3,244
2026-07-17T17:55:19.671 RX LT,9760,-122,122,71,116,36,64,1,491,0,3,246
2026-07-17T17:55:19.671 RX LT,9780,-123,123,69,159,36,64,1,488,0,3,248
2026-07-17T17:55:19.671 RX LT,9800,-123,123,113,118,36,64,1,486,0,3,251
2026-07-17T17:55:19.671 RX LT,9820,-123,123,71,160,36,64,1,484,0,3,251
2026-07-17T17:55:19.671 RX LT,9840,-124,124,104,116,0,0,0,481,0,3,255
2026-07-17T17:55:19.671 RX LT,9860,-124,124,104,126,0,0,0,478,0,3,257
2026-07-17T17:55:19.791 RX LT,9880,-125,125,71,116,0,0,0,475,0,3,259
2026-07-17T17:55:19.791 RX LT,9900,-125,125,113,126,0,0,0,472,0,3,262
2026-07-17T17:55:19.791 RX LT,9920,-125,125,104,116,0,0,0,470,0,3,264
2026-07-17T17:55:19.791 RX LT,9940,-126,126,71,126,0,0,0,466,0,3,266
2026-07-17T17:55:19.791 RX LT,9960,-126,126,69,160,0,0,0,464,0,3,268
2026-07-17T17:55:19.791 RX LT,9980,-127,127,113,118,0,0,0,461,0,3,271
2026-07-17T17:55:19.924 RX LT,10000,-127,127,104,159,0,0,0,457,0,3,273
2026-07-17T17:55:19.924 RX LT,10020,-128,128,71,118,0,0,0,454,0,3,275
2026-07-17T17:55:19.924 RX LT,10040,-128,128,104,116,0,0,0,452,0,3,276
2026-07-17T17:55:19.924 RX LT,10060,-129,129,113,118,0,0,0,446,0,3,280
2026-07-17T17:55:19.924 RX LT,10080,-130,130,104,159,0,0,0,440,0,3,282
2026-07-17T17:55:19.925 RX LT,10100,-130,130,71,118,0,0,0,435,0,3,284
2026-07-17T17:55:20.113 RX LT,10120,-131,131,113,116,0,0,0,430,0,3,287
2026-07-17T17:55:20.114 RX LT,10140,-132,132,104,126,0,0,0,425,0,3,289
2026-07-17T17:55:20.114 RX LT,10160,-133,133,104,160,0,0,0,419,0,3,291
2026-07-17T17:55:20.114 RX LT,10180,-133,133,71,118,0,0,0,414,0,3,293
2026-07-17T17:55:20.114 RX SQUARE ERROR,GIMBAL CAPTURE TRAVEL LIMIT
2026-07-17T17:55:20.114 TX STOP
2026-07-17T17:55:20.114 TX STOP
2026-07-17T17:55:20.241 RX OK STOP
2026-07-17T17:55:20.241 RX OK STOP
2026-07-17T17:55:20.241 TX PROFILE GIMBAL
2026-07-17T17:55:20.291 RX OK PROFILE GIMBAL FLASH 3
2026-07-17T17:55:20.291 TX PARAM
2026-07-17T17:55:20.460 RX PARAM,x1000,PROFILE,1,FLASHVER,3,GUARDVER,16,LKP,350,LKI,100,RKP,500,RKI,350,LFF,460,RFF,437,LMIN,32,RMIN,26,SYNC,1000,BIAS,50,GSTART,10,LINEKP,6750,LINEKD,2000,TURNANGLE,900,TURNFAST,185,TURNSLOW,140,TURNMARGIN,180,TURNEXIT,140,TURNDIST,98
2026-07-17T17:55:20.460 RX PARAM,x1000,PROFILE,1,FLASHVER,3,GUARDVER,16,LKP,350,LKI,100,RKP,500,RKI,350,LFF,460,RFF,437,LMIN,32,RMIN,26,SYNC,1000,BIAS,50,GSTART,10,LINEKP,6750,LINEKD,2000,TURNANGLE,900,TURNFAST,185,TURNSLOW,140,TURNMARGIN,180,TURNEXIT,140,TURNDIST,98
2026-07-17T17:55:20.460 TX SET TURNSLOW 80 1175695880
2026-07-17T17:55:20.590 RX SA,1175695880,TURNSLOW,80
2026-07-17T17:55:20.590 TX SET LKP 350 1175695881
2026-07-17T17:55:20.730 RX SA,1175695881,LKP,350
2026-07-17T17:55:20.731 TX SET LKI 100 1175695882
2026-07-17T17:55:20.861 RX SA,1175695882,LKI,100
2026-07-17T17:55:20.861 TX SET LFF 460 1175695883
2026-07-17T17:55:20.987 RX SA,1175695883,LFF,460
2026-07-17T17:55:20.987 TX SET LMIN 32 1175695884
2026-07-17T17:55:21.120 RX SA,1175695884,LMIN,32
2026-07-17T17:55:21.120 TX SET RKP 500 1175695885
2026-07-17T17:55:21.242 RX SA,1175695885,RKP,500
2026-07-17T17:55:21.242 TX SET RKI 350 1175695886
2026-07-17T17:55:21.370 RX SA,1175695886,RKI,350
2026-07-17T17:55:21.371 TX SET RFF 437 1175695887
2026-07-17T17:55:21.501 RX SA,1175695887,RFF,437
2026-07-17T17:55:21.501 TX SET RMIN 26 1175695888
2026-07-17T17:55:21.630 RX SA,1175695888,RMIN,26
2026-07-17T17:55:21.630 TX SET SYNC 1000 1175695889
2026-07-17T17:55:21.761 RX SA,1175695889,SYNC,1000
2026-07-17T17:55:21.762 TX SET BIAS 50 1175695890
2026-07-17T17:55:21.901 RX SA,1175695890,BIAS,50
2026-07-17T17:55:21.901 TX SET LINEKP 6750 1175695891
2026-07-17T17:55:22.031 RX SA,1175695891,LINEKP,6750
2026-07-17T17:55:22.031 TX SET LINEKD 2000 1175695892
2026-07-17T17:55:22.161 RX SA,1175695892,LINEKD,2000
2026-07-17T17:55:22.161 TX SET TURNANGLE 900 1175695893
2026-07-17T17:55:22.303 RX SA,1175695893,TURNANGLE,900
2026-07-17T17:55:22.303 TX SET TURNFAST 185 1175695894
2026-07-17T17:55:22.441 RX SA,1175695894,TURNFAST,185
2026-07-17T17:55:22.441 TX SET TURNMARGIN 180 1175695895
2026-07-17T17:55:22.591 RX SA,1175695895,TURNMARGIN,180
2026-07-17T17:55:22.591 TX SET TURNEXIT 140 1175695896
2026-07-17T17:55:22.721 RX SA,1175695896,TURNEXIT,140
2026-07-17T17:55:22.721 TX SET TURNDIST 98 1175695897
2026-07-17T17:55:22.849 RX SA,1175695897,TURNDIST,98
2026-07-17T17:55:22.849 TX SET GSTART 0 1175695898
2026-07-17T17:55:22.986 RX SA,1175695898,GSTART,0
2026-07-17T17:55:22.986 TX SET TURNSLOW 140 1175695899
2026-07-17T17:55:23.126 RX SA,1175695899,TURNSLOW,140
2026-07-17T17:55:23.131 TX STOP
