2026-07-17T18:25:47.490 TX HELLO 898521584
2026-07-17T18:25:47.631 RX HELLO,898521584,2,STBY,HIGH,ENCODER_MM_X1000,580,SAMPLE_MS,10
2026-07-17T18:25:47.631 TX STOP
2026-07-17T18:25:47.759 RX OK STOP
2026-07-17T18:25:47.759 TX PARAM
2026-07-17T18:25:47.926 RX PARAM,x1000,PROFILE,1,FLASHVER,3,GUARDVER,18,LKP,350,LKI,100,RKP,500,RKI,350,LFF,540,RFF,520,LMIN,90,RMIN,85,SYNC,500,BIAS,80,GSTART,10,LINEKP,6750,LINEKD,2000,TURNANGLE,900,TURNFAST,150,TURNSLOW,100,TURNMARGIN,300,TURNEXIT,100,TURNDIST,98
2026-07-17T18:25:47.926 TX STATUS
2026-07-17T18:25:48.056 RX STATUS,56436,IDLE,0,0,0,0,0,0,SAFE,SELECTED_LAPS,1,STBY,HIGH
2026-07-17T18:25:48.056 TX SENSOR
2026-07-17T18:25:48.189 RX SENSOR,OK,56,0,93,0,184
2026-07-17T18:25:48.190 TX SENSOR
2026-07-17T18:25:48.319 RX SENSOR,OK,56,0,93,0,184
2026-07-17T18:25:48.319 TX SENSOR
2026-07-17T18:25:48.449 RX SENSOR,OK,56,0,93,0,184
2026-07-17T18:25:48.449 TX SENSOR
2026-07-17T18:25:48.580 RX SENSOR,OK,56,0,93,0,184
2026-07-17T18:25:48.580 TX SENSOR
2026-07-17T18:25:48.716 RX SENSOR,OK,56,0,93,0,184
2026-07-17T18:25:48.716 TX IMU
2026-07-17T18:25:48.845 RX IMU,OK,-827,5031,86,VER,1,1,0,0
2026-07-17T18:25:48.845 TX STREAM TUNE
2026-07-17T18:25:48.971 RX OK STREAM TUNE
2026-07-17T18:25:48.972 TX SQUARE 120 3 898521585
2026-07-17T18:25:49.145 RX TEST START,SQUARE,120,3
2026-07-17T18:25:49.145 RX SQ,898521585,OK
2026-07-17T18:25:49.145 RX LT,20,12,0,0,0,3,56,1,0,0,0,0
2026-07-17T18:25:49.145 RX LT,40,19,0,0,0,3,56,1,0,0,0,0
2026-07-17T18:25:49.145 RX LT,60,21,0,43,0,3,56,1,0,0,0,0
2026-07-17T18:25:49.145 RX LT,80,24,0,0,0,3,56,1,0,0,0,0
2026-07-17T18:25:49.145 RX LT,100,27,0,0,0,3,56,1,0,0,0,0
2026-07-17T18:25:49.145 RX LT,120,29,0,0,0,3,56,1,0,0,0,0
2026-07-17T18:25:49.309 RX LT,140,31,1,0,0,3,56,1,1,0,0,0
2026-07-17T18:25:49.309 RX LT,160,34,4,0,0,3,56,1,1,0,0,0
2026-07-17T18:25:49.309 RX LT,180,36,6,0,10,3,56,1,1,0,0,0
2026-07-17T18:25:49.309 RX LT,200,39,9,0,11,3,56,1,3,0,0,0
2026-07-17T18:25:49.309 RX LT,220,41,11,0,0,3,56,1,3,0,0,0
2026-07-17T18:25:49.309 RX LT,240,43,13,0,43,3,56,1,4,0,0,0
2026-07-17T18:25:49.309 RX LT,260,46,16,0,2,3,56,1,5,0,0,0
2026-07-17T18:25:49.309 RX LT,280,48,18,10,0,3,56,1,5,0,0,0
2026-07-17T18:25:49.480 RX LT,300,51,21,0,0,3,56,1,6,0,0,0
2026-07-17T18:25:49.480 RX LT,320,52,22,0,0,3,56,1,6,0,0,0
2026-07-17T18:25:49.480 RX LT,340,55,25,0,0,3,56,1,7,0,0,0
2026-07-17T18:25:49.480 RX LT,360,58,28,0,0,3,56,1,7,0,0,0
2026-07-17T18:25:49.480 RX LT,380,60,30,0,0,3,56,1,8,0,0,0
2026-07-17T18:25:49.480 RX LT,400,61,31,0,0,3,56,1,8,0,0,0
2026-07-17T18:25:49.480 RX LT,420,65,35,0,0,3,56,1,8,0,0,0
2026-07-17T18:25:49.480 RX LT,440,67,37,0,0,3,56,1,9,0,0,0
2026-07-17T18:25:49.622 RX LT,460,70,40,0,0,3,56,1,9,0,0,0
2026-07-17T18:25:49.622 RX LT,480,71,41,0,0,3,56,1,10,0,0,0
2026-07-17T18:25:49.622 RX LT,500,75,45,0,0,3,56,1,11,0,0,0
2026-07-17T18:25:49.622 RX LT,520,77,47,0,10,3,56,1,12,0,0,0
2026-07-17T18:25:49.622 RX LT,540,79,49,0,0,3,56,1,13,0,0,0
2026-07-17T18:25:49.622 RX LT,560,82,52,0,0,3,56,1,13,0,0,0
2026-07-17T18:25:49.622 RX LT,580,83,53,0,0,3,56,1,13,0,0,0
2026-07-17T18:25:49.795 RX LT,600,87,57,0,43,3,56,1,14,0,0,0
2026-07-17T18:25:49.795 RX LT,620,97,51,0,2,6,48,1,14,0,0,0
2026-07-17T18:25:49.795 RX LT,640,115,37,0,0,6,48,1,15,0,0,0
2026-07-17T18:25:49.795 RX LT,660,119,39,0,0,6,48,1,15,0,0,0
2026-07-17T18:25:49.796 RX LT,680,120,40,0,43,6,48,1,16,0,0,0
2026-07-17T18:25:49.796 RX LT,700,124,44,0,0,6,48,1,16,0,0,0
2026-07-17T18:25:49.796 RX LT,720,126,46,0,43,6,48,1,17,0,0,0
2026-07-17T18:25:49.796 RX LT,740,128,48,0,2,6,48,1,18,0,0,0
2026-07-17T18:25:49.941 RX LT,760,131,51,0,43,6,48,1,19,0,0,0
2026-07-17T18:25:49.941 RX LT,780,133,53,0,2,6,48,1,20,0,0,0
2026-07-17T18:25:49.941 RX LT,800,136,56,0,11,6,48,1,21,0,0,0
2026-07-17T18:25:49.941 RX LT,820,138,58,0,11,6,48,1,22,0,0,0
2026-07-17T18:25:49.941 RX LT,840,140,60,0,11,6,48,1,24,0,0,0
2026-07-17T18:25:49.941 RX LT,860,143,63,10,11,6,48,1,25,0,0,0
2026-07-17T18:25:49.941 RX LT,880,145,65,0,44,6,48,1,26,0,0,0
2026-07-17T18:25:50.089 RX LT,900,148,68,10,2,6,48,1,24,0,0,0
2026-07-17T18:25:50.089 RX LT,920,150,70,44,0,6,48,1,23,0,0,0
2026-07-17T18:25:50.089 RX LT,940,152,72,2,10,6,48,1,22,0,0,0
2026-07-17T18:25:50.089 RX LT,960,155,75,0,0,6,48,1,22,0,0,0
2026-07-17T18:25:50.089 RX LT,980,157,77,0,0,6,48,1,21,0,0,0
2026-07-17T18:25:50.089 RX LT,1000,160,80,0,0,6,48,1,21,0,0,0
2026-07-17T18:25:50.089 RX LT,1020,160,80,0,43,6,48,1,20,0,0,0
2026-07-17T18:25:50.233 RX LT,1040,160,80,10,2,6,48,1,20,0,0,0
2026-07-17T18:25:50.233 RX LT,1060,160,80,0,0,6,48,1,19,0,0,0
2026-07-17T18:25:50.233 RX LT,1080,160,80,0,0,6,48,1,19,0,0,0
2026-07-17T18:25:50.233 RX LT,1100,160,80,0,43,6,48,1,18,0,0,0
2026-07-17T18:25:50.233 RX LT,1120,160,80,0,2,6,48,1,18,0,0,0
2026-07-17T18:25:50.233 RX LT,1140,160,80,10,0,6,48,1,18,0,0,0
2026-07-17T18:25:50.233 RX LT,1160,160,80,2,0,6,48,1,18,0,0,0
2026-07-17T18:25:50.379 RX LT,1180,160,80,0,2,6,48,1,18,0,0,0
2026-07-17T18:25:50.379 RX LT,1200,160,80,43,0,6,48,1,17,0,0,0
2026-07-17T18:25:50.379 RX LT,1220,160,80,2,43,6,48,1,17,0,0,0
2026-07-17T18:25:50.379 RX LT,1240,160,80,0,2,6,48,1,17,0,0,0
2026-07-17T18:25:50.379 RX LT,1260,160,80,10,43,6,48,1,17,0,0,0
2026-07-17T18:25:50.379 RX LT,1280,160,80,0,2,6,48,1,17,0,0,0
2026-07-17T18:25:50.379 RX LT,1300,160,80,10,11,6,48,1,17,0,0,0
2026-07-17T18:25:50.509 RX LT,1320,160,80,11,44,6,48,1,17,0,0,0
2026-07-17T18:25:50.509 RX LT,1340,160,80,44,13,6,48,1,17,0,0,0
2026-07-17T18:25:50.509 RX LT,1360,160,80,13,55,6,48,1,17,0,0,0
2026-07-17T18:25:50.509 RX LT,1380,160,80,11,57,6,48,1,17,0,0,0
2026-07-17T18:25:50.509 RX LT,1400,160,80,55,90,6,48,1,18,0,0,0
2026-07-17T18:25:50.509 RX LT,1420,160,80,57,60,6,48,1,17,0,0,0
2026-07-17T18:25:50.509 RX LT,1440,160,80,57,58,6,48,1,17,0,0,0
2026-07-17T18:25:50.654 RX LT,1460,160,80,104,68,6,48,1,16,0,0,0
2026-07-17T18:25:50.654 RX LT,1480,160,80,104,102,6,48,1,14,0,0,0
2026-07-17T18:25:50.654 RX LT,1500,160,80,115,104,6,48,1,12,0,0,0
2026-07-17T18:25:50.655 RX LT,1520,160,80,115,71,6,48,1,9,0,0,0
2026-07-17T18:25:50.655 RX LT,1540,160,80,126,69,6,48,1,6,0,0,0
2026-07-17T18:25:50.655 RX LT,1560,160,80,162,104,6,48,1,2,0,0,0
2026-07-17T18:25:50.781 RX LT,1580,160,80,171,104,6,48,1,-3,0,0,0
2026-07-17T18:25:50.781 RX LT,1600,160,80,129,113,6,48,1,-7,0,0,0
2026-07-17T18:25:50.781 RX LT,1620,160,80,173,115,6,48,1,-11,0,0,0
2026-07-17T18:25:50.781 RX LT,1640,160,80,217,115,6,48,1,-18,0,0,0
2026-07-17T18:25:50.781 RX LT,1660,160,80,184,115,6,48,1,-23,0,0,0
2026-07-17T18:25:50.781 RX LT,1680,160,80,217,115,6,48,1,-28,0,0,0
2026-07-17T18:25:50.909 RX LT,1700,160,80,220,115,6,48,1,-33,0,0,0
2026-07-17T18:25:50.909 RX LT,1720,160,80,187,115,6,48,1,-39,0,0,0
2026-07-17T18:25:50.909 RX LT,1740,150,90,185,115,3,56,1,-44,0,0,0
2026-07-17T18:25:50.909 RX LT,1760,135,105,229,126,0,24,1,-46,0,0,0
2026-07-17T18:25:50.909 RX LT,1780,120,120,188,116,0,24,1,-51,0,0,0
2026-07-17T18:25:50.909 RX LT,1800,120,120,229,126,0,24,1,-55,0,0,0
2026-07-17T18:25:51.050 RX LT,1820,120,120,220,160,0,24,1,-59,0,0,0
2026-07-17T18:25:51.050 RX LT,1840,120,120,187,162,0,24,1,-67,0,0,0
2026-07-17T18:25:51.050 RX LT,1860,120,120,229,129,0,24,1,-66,0,0,0
2026-07-17T18:25:51.050 RX LT,1880,120,120,220,160,0,24,1,-69,0,0,0
2026-07-17T18:25:51.050 RX LT,1900,120,120,220,173,0,24,1,-70,0,0,0
2026-07-17T18:25:51.050 RX LT,1920,120,120,187,163,0,24,1,-71,0,0,0
2026-07-17T18:25:51.050 RX LT,1940,120,120,185,173,0,24,1,-73,0,0,0
2026-07-17T18:25:51.179 RX LT,1960,120,120,185,163,0,24,1,-73,0,0,0
2026-07-17T18:25:51.179 RX LT,1980,120,120,185,173,0,24,1,-74,0,0,0
2026-07-17T18:25:51.179 RX LT,2000,120,120,218,173,0,24,1,-74,0,0,0
2026-07-17T18:25:51.179 RX LT,2020,115,125,220,173,-3,28,1,-74,0,0,0
2026-07-17T18:25:51.179 RX LT,2040,105,135,220,173,-3,28,1,-74,0,0,0
2026-07-17T18:25:51.179 RX LT,2060,105,135,176,163,-3,28,1,-74,0,0,0
2026-07-17T18:25:51.300 RX LT,2080,105,135,185,216,-3,28,1,-74,0,0,0
2026-07-17T18:25:51.300 RX LT,2100,97,143,174,165,-6,12,1,-74,0,0,0
2026-07-17T18:25:51.300 RX LT,2120,81,159,130,129,-6,12,1,-72,0,0,0
2026-07-17T18:25:51.300 RX LT,2140,80,160,171,182,-6,12,1,-70,0,0,0
2026-07-17T18:25:51.300 RX LT,2160,80,160,173,185,-6,12,1,-67,0,0,0
2026-07-17T18:25:51.300 RX LT,2180,80,160,173,174,-6,12,1,-65,0,0,0
2026-07-17T18:25:51.431 RX LT,2200,80,160,173,217,-6,12,1,-64,0,0,0
2026-07-17T18:25:51.431 RX LT,2220,80,160,173,184,-6,12,1,-62,0,0,0
2026-07-17T18:25:51.431 RX LT,2240,80,160,217,220,-6,12,1,-60,0,0,0
2026-07-17T18:25:51.431 RX LT,2260,100,140,165,220,0,60,1,-57,0,0,0
2026-07-17T18:25:51.431 RX LT,2280,102,138,184,220,-6,12,1,-53,0,0,0
2026-07-17T18:25:51.431 RX LT,2300,86,154,131,220,-6,12,1,-49,0,0,0
2026-07-17T18:25:51.549 RX LT,2320,80,160,163,229,-6,12,1,-47,0,0,0
2026-07-17T18:25:51.549 RX LT,2340,80,160,130,185,-6,12,1,-44,0,0,0
2026-07-17T18:25:51.549 RX LT,2360,80,160,171,229,-6,12,1,-41,0,0,0
2026-07-17T18:25:51.549 RX LT,2380,90,150,130,220,0,44,1,-38,0,0,0
2026-07-17T18:25:51.549 RX LT,2400,80,160,171,187,-6,12,1,-35,0,0,0
2026-07-17T18:25:51.559 RX LT,2420,80,160,162,229,-6,12,1,-32,0,0,0
2026-07-17T18:25:51.679 RX LT,2440,80,160,129,188,-6,12,1,-28,0,0,0
2026-07-17T18:25:51.679 RX LT,2460,80,160,127,229,-6,12,1,-25,0,0,0
2026-07-17T18:25:51.679 RX LT,2480,80,160,127,220,-6,12,1,-22,0,0,0
2026-07-17T18:25:51.679 RX LT,2500,80,160,171,231,-6,12,1,-19,0,0,0
2026-07-17T18:25:51.679 RX LT,2520,80,160,162,221,-6,12,1,-15,0,0,0
2026-07-17T18:25:51.679 RX LT,2540,80,160,162,231,-6,12,1,-11,0,0,0
2026-07-17T18:25:51.807 RX LT,2560,80,160,162,188,-6,12,1,-9,0,0,0
2026-07-17T18:25:51.807 RX LT,2580,80,160,162,229,-6,12,1,-6,0,0,0
2026-07-17T18:25:51.807 RX LT,2600,80,160,162,231,-6,12,1,-3,0,0,0
2026-07-17T18:25:51.807 RX LT,2620,80,160,162,231,-6,12,1,-1,0,0,0
2026-07-17T18:25:51.807 RX LT,2640,85,155,162,231,-3,28,1,2,0,0,0
2026-07-17T18:25:51.808 RX LT,2660,105,135,162,221,0,44,1,5,0,0,0
2026-07-17T18:25:51.930 RX LT,2680,120,120,162,187,0,60,1,7,0,0,0
2026-07-17T18:25:51.930 RX LT,2700,110,130,162,229,-3,28,1,9,0,0,0
2026-07-17T18:25:51.930 RX LT,2720,105,135,127,187,-3,28,1,11,0,0,0
2026-07-17T18:25:51.930 RX LT,2740,120,120,162,220,0,24,1,13,0,0,0
2026-07-17T18:25:51.930 RX LT,2760,120,120,162,220,0,24,1,14,0,0,0
2026-07-17T18:25:51.930 TX SET LINEKD 1900 898521586
2026-07-17T18:25:51.930 RX LT,2780,120,120,171,185,0,24,1,14,0,0,0
2026-07-17T18:25:51.930 RX LT,2800,120,120,162,185,0,24,1,14,0,0,0
2026-07-17T18:25:52.059 RX LT,2820,120,120,127,176,0,24,1,13,0,0,0
2026-07-17T18:25:52.059 RX SA,898521586,LINEKD,1900
2026-07-17T18:25:52.059 RX LT,2840,120,120,162,218,0,24,1,13,0,0,0
2026-07-17T18:25:52.059 RX LT,2860,120,120,162,218,0,24,1,13,0,0,0
2026-07-17T18:25:52.059 RX LT,2880,120,120,129,220,0,24,1,12,0,0,0
2026-07-17T18:25:52.059 RX LT,2900,120,120,171,176,0,24,1,11,0,0,0
2026-07-17T18:25:52.199 RX LT,2920,120,120,130,217,0,24,1,10,0,0,0
2026-07-17T18:25:52.199 RX LT,2940,120,120,127,176,0,24,1,9,0,0,0
2026-07-17T18:25:52.199 RX LT,2960,120,120,171,185,0,24,1,8,0,0,0
2026-07-17T18:25:52.199 RX LT,2980,120,120,129,176,0,24,1,7,0,0,0
2026-07-17T18:25:52.199 RX LT,3000,135,105,162,176,3,56,1,7,0,0,0
2026-07-17T18:25:52.199 RX LT,3020,143,97,129,174,6,48,1,7,0,0,0
2026-07-17T18:25:52.199 RX LT,3040,159,81,171,174,6,48,1,6,0,0,0
2026-07-17T18:25:52.330 RX LT,3060,160,80,162,130,6,48,1,6,0,0,0
2026-07-17T18:25:52.330 RX LT,3080,160,80,129,214,6,48,1,4,0,0,0
2026-07-17T18:25:52.331 RX LT,3100,160,80,171,165,6,48,1,2,0,0,0
2026-07-17T18:25:52.331 RX LT,3120,160,80,130,173,6,48,1,1,0,0,0
2026-07-17T18:25:52.331 RX LT,3140,160,80,119,173,6,48,1,0,0,0,0
2026-07-17T18:25:52.331 RX LT,3160,160,80,173,163,6,48,1,-2,0,0,0
2026-07-17T18:25:52.459 RX LT,3180,160,80,163,162,6,48,1,-7,0,0,0
2026-07-17T18:25:52.459 RX LT,3200,160,80,129,129,6,48,1,-10,0,0,0
2026-07-17T18:25:52.459 RX LT,3220,160,80,162,119,6,48,1,-12,0,0,0
2026-07-17T18:25:52.459 RX LT,3240,160,80,173,162,6,48,1,-18,0,0,0
2026-07-17T18:25:52.460 RX LT,3260,160,80,173,118,6,48,1,-23,0,0,0
2026-07-17T18:25:52.460 RX LT,3280,160,80,173,127,6,48,1,-28,0,0,0
2026-07-17T18:25:52.604 RX LT,3300,160,80,173,127,6,48,1,-33,0,0,0
2026-07-17T18:25:52.604 RX LT,3320,160,80,173,116,6,48,1,-38,0,0,0
2026-07-17T18:25:52.604 RX LT,3340,160,80,173,126,6,48,1,-43,0,0,0
2026-07-17T18:25:52.605 RX LT,3360,160,80,173,116,6,48,1,-48,0,0,0
2026-07-17T18:25:52.605 RX LT,3380,160,80,173,126,6,48,1,-52,0,0,0
2026-07-17T18:25:52.605 RX LT,3400,160,80,173,116,6,48,1,-59,0,0,0
2026-07-17T18:25:52.605 RX LT,3420,160,80,184,116,6,48,1,-64,0,0,0
2026-07-17T18:25:52.722 RX LT,3440,160,80,174,126,6,48,1,-68,0,0,0
2026-07-17T18:25:52.722 RX LT,3460,160,80,174,116,6,48,1,-72,0,0,0
2026-07-17T18:25:52.731 RX LT,3480,160,80,184,126,6,48,1,-76,0,0,0
2026-07-17T18:25:52.731 RX LT,3500,160,80,218,116,6,48,1,-80,0,0,0
2026-07-17T18:25:52.731 RX LT,3520,160,80,176,159,6,48,1,-84,0,0,0
2026-07-17T18:25:52.731 RX LT,3540,160,80,217,118,6,48,1,-89,0,0,0
2026-07-17T18:25:52.861 RX LT,3560,160,80,220,127,6,48,1,-93,0,0,0
2026-07-17T18:25:52.862 RX LT,3580,160,80,176,116,6,48,1,-96,0,0,0
2026-07-17T18:25:52.862 RX LT,3600,160,80,185,116,6,48,1,-100,0,0,0
2026-07-17T18:25:52.862 RX LT,3620,160,80,185,126,6,48,1,-108,0,0,0
2026-07-17T18:25:52.862 RX LT,3640,160,80,185,116,6,48,1,-113,0,0,0
2026-07-17T18:25:52.862 RX LT,3660,160,80,185,116,6,48,1,-118,0,0,0
2026-07-17T18:25:52.980 RX LT,3680,160,80,229,126,6,48,1,-123,0,0,0
2026-07-17T18:25:52.980 RX LT,3700,160,80,220,116,6,48,1,-127,0,0,0
2026-07-17T18:25:52.980 RX LT,3720,160,80,220,116,6,48,1,-132,0,0,0
2026-07-17T18:25:52.980 RX LT,3740,160,80,220,116,6,48,1,-137,0,0,0
2026-07-17T18:25:52.980 RX LT,3760,160,80,187,116,6,48,1,-143,0,0,0
2026-07-17T18:25:52.980 RX LT,3780,160,80,229,116,6,48,1,-148,0,0,0
2026-07-17T18:25:53.100 RX LT,3800,160,80,220,116,6,48,1,-154,0,0,0
2026-07-17T18:25:53.100 RX LT,3820,160,80,220,105,6,48,1,-159,0,0,0
2026-07-17T18:25:53.100 RX LT,3840,160,80,220,115,6,48,1,-166,0,0,0
2026-07-17T18:25:53.109 RX LT,3860,150,90,220,115,3,56,1,-171,0,0,0
2026-07-17T18:25:53.109 RX LT,3880,135,105,187,115,0,24,1,-175,0,0,0
2026-07-17T18:25:53.109 RX LT,3900,120,120,185,126,0,24,1,-178,0,0,0
2026-07-17T18:25:53.230 RX LT,3920,120,120,185,116,0,24,1,-182,0,0,0
2026-07-17T18:25:53.230 RX LT,3940,120,120,185,116,0,24,1,-185,0,0,0
2026-07-17T18:25:53.230 RX LT,3960,120,120,176,159,0,24,1,-186,0,0,0
2026-07-17T18:25:53.230 RX LT,3980,120,120,176,116,0,24,1,-189,0,0,0
2026-07-17T18:25:53.230 RX LT,4000,120,120,185,126,0,24,1,-191,0,0,0
2026-07-17T18:25:53.230 RX LT,4020,120,120,218,160,0,24,1,-193,0,0,0
2026-07-17T18:25:53.359 RX LT,4040,115,125,176,118,-3,28,1,-195,0,0,0
2026-07-17T18:25:53.359 RX LT,4060,105,135,185,159,-3,28,1,-198,0,0,0
2026-07-17T18:25:53.359 RX LT,4080,97,143,174,118,-6,12,1,-200,0,0,0
2026-07-17T18:25:53.359 RX LT,4100,81,159,174,127,-6,12,1,-201,0,0,0
2026-07-17T18:25:53.359 RX LT,4120,80,160,174,127,-6,12,1,-201,0,0,0
2026-07-17T18:25:53.359 RX LT,4140,85,155,174,171,-3,28,1,-200,0,0,0
2026-07-17T18:25:53.480 RX LT,4160,105,135,174,162,0,60,1,-199,0,0,0
2026-07-17T18:25:53.480 RX LT,4180,120,120,174,173,0,60,1,-197,0,0,0
2026-07-17T18:25:53.480 RX LT,4200,120,120,163,163,0,44,1,-196,0,0,0
2026-07-17T18:25:53.480 RX LT,4220,112,128,173,173,-6,12,1,-194,0,0,0
2026-07-17T18:25:53.480 RX LT,4240,96,144,163,163,-6,12,1,-193,0,0,0
2026-07-17T18:25:53.480 RX LT,4260,88,152,171,127,-6,12,1,-192,0,0,0
2026-07-17T18:25:53.610 RX LT,4280,29,171,130,129,-18,6,1,-192,0,0,0
2026-07-17T18:25:53.610 RX LT,4300,29,171,160,171,-18,6,1,-191,0,0,0
2026-07-17T18:25:53.612 TX SET LINEKD 2000 898521587
2026-07-17T18:25:53.612 RX LT,4320,29,171,118,173,-18,6,1,-190,0,0,0
2026-07-17T18:25:53.612 RX LT,4340,75,165,159,130,-5,54,1,-188,0,0,0
2026-07-17T18:25:53.612 RX LT,4360,57,171,173,214,-11,22,1,-185,0,0,0
2026-07-17T18:25:53.612 RX LT,4380,57,171,130,184,-11,22,1,-183,0,0,0
2026-07-17T18:25:53.709 RX LT,4400,29,171,118,171,-18,6,1,-180,0,0,0
2026-07-17T18:25:53.709 RX LT,4420,29,171,116,173,-18,6,1,-178,0,0,0
2026-07-17T18:25:53.709 RX SA,898521587,LINEKD,2000
2026-07-17T18:25:53.709 RX LT,4440,82,118,159,184,-18,6,1,-174,0,0,0
2026-07-17T18:25:53.709 RX LT,4460,64,136,126,133,-18,6,1,-171,0,0,0
2026-07-17T18:25:53.709 RX LT,4480,82,158,127,173,-5,54,1,-168,0,0,0
2026-07-17T18:25:53.841 RX LT,4500,87,153,171,184,-5,54,1,-162,0,0,0
2026-07-17T18:25:53.841 RX LT,4520,87,153,119,163,-5,54,1,-160,0,0,0
2026-07-17T18:25:53.841 RX LT,4540,49,151,116,216,-18,6,1,-158,0,0,0
2026-07-17T18:25:53.841 RX LT,4560,29,171,116,133,-18,6,1,-157,0,0,0
2026-07-17T18:25:53.841 RX LT,4580,29,171,126,182,-18,6,1,-154,0,0,0
2026-07-17T18:25:53.841 RX LT,4600,29,171,105,174,-18,6,1,-151,0,0,0
2026-07-17T18:25:53.966 RX LT,4620,29,171,115,217,-18,6,1,-148,0,0,0
2026-07-17T18:25:53.966 RX LT,4640,29,171,115,184,-18,6,1,-144,0,0,0
2026-07-17T18:25:53.966 RX LT,4660,29,171,72,174,-18,6,1,-140,0,0,0
2026-07-17T18:25:53.966 RX LT,4680,29,171,113,184,-18,6,1,-136,0,0,0
2026-07-17T18:25:53.966 RX LT,4700,29,171,115,218,-18,6,1,-131,0,0,0
2026-07-17T18:25:53.966 RX LT,4720,29,171,115,176,-18,6,1,-124,0,0,0
2026-07-17T18:25:54.092 RX LT,4740,29,171,105,185,-18,6,1,-119,0,0,0
2026-07-17T18:25:54.092 RX LT,4760,29,171,71,185,-18,6,1,-114,0,0,0
2026-07-17T18:25:54.092 RX LT,4780,29,171,69,174,-18,6,1,-109,0,0,0
2026-07-17T18:25:54.092 RX LT,4800,29,171,60,174,-18,6,1,-104,0,0,0
2026-07-17T18:25:54.092 RX LT,4820,29,171,104,176,-18,6,1,-100,0,0,0
2026-07-17T18:25:54.092 RX LT,4840,29,171,104,185,-18,6,1,-95,0,0,0
2026-07-17T18:25:54.220 RX LT,4860,29,171,60,218,-18,6,1,-90,0,0,0
2026-07-17T18:25:54.220 RX LT,4880,29,171,69,220,-18,6,1,-84,0,0,0
2026-07-17T18:25:54.220 RX LT,4900,29,171,69,176,-18,6,1,-80,0,0,0
2026-07-17T18:25:54.220 RX LT,4920,29,171,60,174,-18,6,1,-75,0,0,0
2026-07-17T18:25:54.220 RX LT,4940,85,155,101,174,0,36,0,-69,0,0,0
2026-07-17T18:25:54.220 RX LT,4960,85,155,60,174,0,44,1,-65,0,0,0
2026-07-17T18:25:54.362 RX LT,4980,85,155,112,217,0,44,1,-62,0,0,0
2026-07-17T18:25:54.362 RX LT,5000,99,141,104,176,0,60,1,-59,0,0,0
2026-07-17T18:25:54.362 RX LT,5020,119,121,104,174,0,60,1,-55,0,0,0
2026-07-17T18:25:54.362 RX LT,5040,120,120,69,174,0,44,1,-52,0,0,0
2026-07-17T18:25:54.362 RX LT,5060,104,136,115,174,-6,12,1,-50,0,0,0
2026-07-17T18:25:54.362 RX LT,5080,88,152,105,174,-6,12,1,-49,0,0,0
2026-07-17T18:25:54.362 RX LT,5100,80,160,69,217,-6,12,1,-47,0,0,0
2026-07-17T18:25:54.489 RX LT,5120,80,160,71,174,-6,12,1,-45,0,0,0
2026-07-17T18:25:54.489 RX LT,5140,80,160,69,174,-6,12,1,-43,0,0,0
2026-07-17T18:25:54.489 RX LT,5160,85,155,113,174,-3,28,1,-39,0,0,0
2026-07-17T18:25:54.489 RX LT,5180,95,145,104,184,-3,28,1,-37,0,0,0
2026-07-17T18:25:54.489 RX LT,5200,110,130,115,174,0,24,1,-35,0,0,0
2026-07-17T18:25:54.489 RX LT,5220,120,120,105,174,0,24,1,-33,0,0,0
2026-07-17T18:25:54.616 RX LT,5240,120,120,115,174,0,24,1,-32,0,0,0
2026-07-17T18:25:54.616 RX LT,5260,120,120,72,163,0,24,1,-31,0,0,0
2026-07-17T18:25:54.616 RX LT,5280,120,120,105,171,0,24,1,-30,0,0,0
2026-07-17T18:25:54.617 TX SET LINEKD 2100 898521588
2026-07-17T18:25:54.617 RX LT,5300,120,120,75,130,0,24,1,-30,0,0,0
2026-07-17T18:25:54.617 RX LT,5320,120,120,113,171,0,24,1,-30,0,0,0
2026-07-17T18:25:54.617 RX LT,5340,120,120,115,173,0,24,1,-30,0,0,0
2026-07-17T18:25:54.730 RX LT,5360,130,110,115,163,3,56,1,-30,0,0,0
2026-07-17T18:25:54.730 RX LT,5380,143,97,115,162,6,48,1,-30,0,0,0
2026-07-17T18:25:54.730 RX SA,898521588,LINEKD,2100
2026-07-17T18:25:54.730 RX LT,5400,151,89,115,171,6,48,1,-30,0,0,0
2026-07-17T18:25:54.730 RX LT,5430,136,104,115,119,6,48,1,-31,0,0,0
2026-07-17T18:25:54.730 RX LT,5450,152,88,148,192,6,48,1,-32,0,0,0
2026-07-17T18:25:54.871 RX LT,5470,160,80,150,120,6,48,1,-33,0,0,0
2026-07-17T18:25:54.879 RX LT,5490,160,80,118,116,6,48,1,-33,0,0,0
2026-07-17T18:25:54.879 RX LT,5510,160,80,116,159,6,48,1,-36,0,0,0
2026-07-17T18:25:54.879 RX LT,5530,160,80,159,118,6,48,1,-38,0,0,0
2026-07-17T18:25:54.880 RX LT,5550,160,80,162,116,6,48,1,-42,0,0,0
2026-07-17T18:25:54.881 RX LT,5570,160,80,162,116,6,48,1,-45,0,0,0
2026-07-17T18:25:54.881 RX LT,5590,160,80,162,159,6,48,1,-50,0,0,0
2026-07-17T18:25:55.009 RX LT,5610,160,80,173,118,6,48,1,-53,0,0,0
2026-07-17T18:25:55.009 RX LT,5630,160,80,163,116,6,48,1,-58,0,0,0
2026-07-17T18:25:55.010 RX LT,5655,160,80,171,116,6,48,1,-68,0,0,0
2026-07-17T18:25:55.010 RX LT,5675,160,80,173,105,6,48,1,-70,0,0,0
2026-07-17T18:25:55.010 RX LT,5695,160,80,173,115,6,48,1,-75,0,0,0
2026-07-17T18:25:55.010 RX LT,5715,171,37,173,72,16,112,1,-81,0,0,0
2026-07-17T18:25:55.129 RX LT,5735,171,37,130,113,16,112,1,-86,0,0,0
2026-07-17T18:25:55.129 RX LT,5755,171,37,171,61,16,112,1,-92,0,0,0
2026-07-17T18:25:55.129 RX LT,5775,171,37,173,69,16,112,1,-99,0,0,0
2026-07-17T18:25:55.129 RX LT,5795,171,37,173,69,16,112,1,-105,0,0,0
2026-07-17T18:25:55.129 RX LT,5815,171,37,173,58,16,112,1,-113,0,0,0
2026-07-17T18:25:55.129 RX LT,5835,167,73,184,101,6,48,1,-123,0,0,0
2026-07-17T18:25:55.259 RX LT,5855,163,77,174,104,6,48,1,-130,0,0,0
2026-07-17T18:25:55.259 RX LT,5875,160,80,228,104,6,48,1,-137,0,0,0
2026-07-17T18:25:55.259 RX LT,5895,160,80,188,115,6,48,1,-144,0,0,0
2026-07-17T18:25:55.259 RX LT,5915,160,80,218,72,6,48,1,-151,0,0,0
2026-07-17T18:25:55.259 RX LT,5935,160,80,176,102,6,48,1,-157,0,0,0
2026-07-17T18:25:55.259 RX LT,5955,160,80,185,104,6,48,1,-163,0,0,0
2026-07-17T18:25:55.386 RX LT,5975,160,80,185,71,6,48,1,-168,0,0,0
2026-07-17T18:25:55.386 RX LT,5995,160,80,185,102,6,48,1,-173,0,0,0
2026-07-17T18:25:55.386 RX LT,6015,160,80,218,104,6,48,1,-179,0,0,0
2026-07-17T18:25:55.386 RX LT,6035,160,80,220,71,6,48,1,-183,0,0,0
2026-07-17T18:25:55.386 RX LT,6055,160,80,220,69,6,48,1,-189,0,0,0
2026-07-17T18:25:55.386 RX LT,6075,160,80,220,69,6,48,1,-193,0,0,0
2026-07-17T18:25:55.514 RX LT,6095,160,80,220,69,6,48,1,-196,0,0,0
2026-07-17T18:25:55.514 RX LT,6115,160,80,220,102,6,48,1,-200,0,0,0
2026-07-17T18:25:55.514 RX LT,6135,160,80,176,71,6,48,1,-204,0,0,0
2026-07-17T18:25:55.514 RX LT,6155,160,80,185,69,6,48,1,-207,0,0,0
2026-07-17T18:25:55.514 RX LT,6175,160,80,218,113,6,48,1,-211,0,0,0
2026-07-17T18:25:55.514 RX LT,6195,160,80,231,104,6,48,1,-216,0,0,0
2026-07-17T18:25:55.639 RX LT,6215,160,80,177,104,6,48,1,-221,0,0,0
2026-07-17T18:25:55.639 RX LT,6235,160,80,228,60,6,48,1,-225,0,0,0
2026-07-17T18:25:55.639 RX LT,6255,155,85,220,112,3,56,1,-230,0,0,0
2026-07-17T18:25:55.639 RX LT,6275,145,95,220,104,3,56,1,-236,0,0,0
2026-07-17T18:25:55.639 RX LT,6295,130,110,220,71,0,24,1,-239,0,0,0
2026-07-17T18:25:55.639 RX LT,6315,120,120,176,113,0,24,1,-242,0,0,0
2026-07-17T18:25:55.759 RX LT,6335,120,120,185,104,0,24,1,-245,0,0,0
2026-07-17T18:25:55.759 RX LT,6355,120,120,174,71,0,24,1,-247,0,0,0
2026-07-17T18:25:55.759 RX LT,6375,120,120,217,113,0,24,1,-248,0,0,0
2026-07-17T18:25:55.759 RX LT,6395,120,120,176,115,0,24,1,-249,0,0,0
2026-07-17T18:25:55.759 RX LT,6415,120,120,130,105,0,24,1,-249,0,0,0
2026-07-17T18:25:55.769 RX LT,6435,110,130,214,115,-3,28,1,-249,0,0,0
2026-07-17T18:25:55.893 RX LT,6455,105,135,176,115,-3,28,1,-249,0,0,0
2026-07-17T18:25:55.893 RX LT,6475,105,135,163,115,-3,28,1,-249,0,0,0
2026-07-17T18:25:55.894 RX LT,6495,89,151,173,159,-6,12,1,-248,0,0,0
2026-07-17T18:25:55.896 RX LT,6515,80,160,173,118,-6,12,1,-247,0,0,0
2026-07-17T18:25:55.897 RX LT,6535,80,160,173,159,-6,12,1,-245,0,0,0
2026-07-17T18:25:55.897 RX LT,6555,80,160,163,118,-6,12,1,-243,0,0,0
2026-07-17T18:25:56.011 RX LT,6575,80,160,173,127,-6,12,1,-241,0,0,0
2026-07-17T18:25:56.011 RX LT,6595,80,160,163,127,-6,12,1,-238,0,0,0
2026-07-17T18:25:56.011 RX LT,6615,54,170,129,127,-12,14,1,-235,0,0,0
2026-07-17T18:25:56.011 RX LT,6635,29,171,127,171,-18,6,1,-232,0,0,0
2026-07-17T18:25:56.019 RX LT,6655,29,171,116,162,-18,6,1,-228,0,0,0
2026-07-17T18:25:56.020 TX SET LINEKD 2000 898521589
2026-07-17T18:25:56.020 RX LT,6675,29,171,116,129,-18,6,1,-224,0,0,0
2026-07-17T18:25:56.139 RX LT,6695,29,171,159,171,-18,6,1,-220,0,0,0
2026-07-17T18:25:56.139 RX LT,6715,29,171,118,162,-18,6,1,-214,0,0,0
2026-07-17T18:25:56.139 RX SA,898521589,LINEKD,2000
2026-07-17T18:25:56.139 RX LT,6735,82,118,159,173,-18,6,1,-211,0,0,0
2026-07-17T18:25:56.139 RX LT,6755,46,154,118,130,-18,6,1,-206,0,0,0
2026-07-17T18:25:56.139 RX LT,6775,29,171,116,171,-18,6,1,-202,0,0,0
2026-07-17T18:25:56.139 RX LT,6795,57,171,159,130,-11,22,1,-197,0,0,0
2026-07-17T18:25:56.247 RX LT,6815,57,171,118,171,-11,22,1,-193,0,0,0
2026-07-17T18:25:56.247 RX LT,6835,57,171,116,173,-11,22,1,-188,0,0,0
2026-07-17T18:25:56.247 RX LT,6855,29,171,116,173,-18,6,1,-183,0,0,0
2026-07-17T18:25:56.247 RX LT,6875,29,171,72,163,-18,6,1,-177,0,0,0
2026-07-17T18:25:56.247 RX LT,6895,29,171,113,173,-18,6,1,-172,0,0,0
2026-07-17T18:25:56.373 RX LT,6915,29,171,104,173,-18,6,1,-166,0,0,0
2026-07-17T18:25:56.373 RX LT,6935,29,171,104,184,-18,6,1,-157,0,0,0
2026-07-17T18:25:56.373 RX LT,6955,29,171,71,163,-18,6,1,-151,0,0,0
2026-07-17T18:25:56.373 RX LT,6975,29,171,102,184,-18,6,1,-145,0,0,0
2026-07-17T18:25:56.373 RX LT,6995,29,171,104,174,-18,6,1,-139,0,0,0
2026-07-17T18:25:56.373 RX LT,7015,29,171,60,174,-18,6,1,-133,0,0,0
2026-07-17T18:25:56.510 RX LT,7035,57,171,69,174,-11,22,1,-127,0,0,0
2026-07-17T18:25:56.510 RX LT,7055,29,171,69,174,-18,6,1,-121,0,0,0
2026-07-17T18:25:56.510 RX LT,7075,75,165,69,184,-5,54,1,-116,0,0,0
2026-07-17T18:25:56.510 RX LT,7095,75,165,69,174,-5,54,1,-110,0,0,0
2026-07-17T18:25:56.519 RX LT,7115,87,153,69,174,-5,54,1,-105,0,0,0
2026-07-17T18:25:56.519 RX LT,7135,87,153,113,184,-5,54,1,-100,0,0,0
2026-07-17T18:25:56.519 RX LT,7155,87,153,104,174,0,38,0,-94,0,0,0
2026-07-17T18:25:56.644 RX LT,7175,31,169,104,174,-18,6,1,-90,0,0,0
2026-07-17T18:25:56.644 RX LT,7195,29,171,104,184,-18,6,1,-86,0,0,0
2026-07-17T18:25:56.644 RX LT,7215,29,171,60,174,-18,6,1,-82,0,0,0
2026-07-17T18:25:56.645 RX LT,7235,29,171,69,217,-18,6,1,-77,0,0,0
2026-07-17T18:25:56.645 RX LT,7255,29,171,58,176,-18,6,1,-71,0,0,0
2026-07-17T18:25:56.645 RX LT,7275,29,171,58,217,-18,6,1,-66,0,0,0
2026-07-17T18:25:56.769 RX LT,7295,57,171,58,176,-11,4,1,-60,0,0,0
2026-07-17T18:25:56.769 RX LT,7315,79,161,68,185,-6,12,1,-54,0,0,0
2026-07-17T18:25:56.769 RX LT,7335,80,160,102,174,-6,12,1,-49,0,0,0
2026-07-17T18:25:56.769 RX LT,7355,80,160,60,184,-6,12,1,-44,0,0,0
2026-07-17T18:25:56.769 RX LT,7375,90,150,101,174,0,44,1,-37,0,0,0
2026-07-17T18:25:56.769 RX LT,7395,110,130,60,184,0,44,1,-33,0,0,0
2026-07-17T18:25:56.895 RX LT,7415,120,120,69,131,0,60,1,-28,0,0,0
2026-07-17T18:25:56.895 RX LT,7435,120,120,102,171,0,60,1,-25,0,0,0
2026-07-17T18:25:56.895 RX LT,7455,120,120,104,130,0,60,1,-22,0,0,0
2026-07-17T18:25:56.895 RX LT,7475,120,120,104,171,0,60,1,-19,0,0,0
2026-07-17T18:25:56.895 RX LT,7495,120,120,104,173,0,60,1,-18,0,0,0
2026-07-17T18:25:56.895 RX LT,7515,120,120,104,163,0,60,1,-18,0,0,0
2026-07-17T18:25:56.895 TX SET LINEKP 6650 898521590
2026-07-17T18:25:57.020 RX LT,7535,125,115,104,162,3,56,1,-17,0,0,0
2026-07-17T18:25:57.020 RX LT,7555,120,120,71,129,0,24,1,-17,0,0,0
2026-07-17T18:25:57.020 RX SA,898521590,LINEKP,6650
2026-07-17T18:25:57.020 RX LT,7575,120,120,113,127,0,24,1,-17,0,0,0
2026-07-17T18:25:57.020 RX LT,7595,120,120,104,127,0,24,1,-17,0,0,0
2026-07-17T18:25:57.020 RX LT,7615,120,120,71,171,0,24,1,-17,0,0,0
2026-07-17T18:25:57.020 RX LT,7635,120,120,113,162,0,24,1,-18,0,0,0
2026-07-17T18:25:57.149 RX LT,7655,120,120,72,162,0,24,1,-19,0,0,0
2026-07-17T18:25:57.149 RX LT,7675,120,120,113,162,0,24,1,-20,0,0,0
2026-07-17T18:25:57.149 RX LT,7695,120,120,115,118,0,24,1,-21,0,0,0
2026-07-17T18:25:57.149 RX LT,7715,120,120,105,127,0,24,1,-21,0,0,0
2026-07-17T18:25:57.149 RX LT,7735,130,110,115,127,3,56,1,-21,0,0,0
2026-07-17T18:25:57.149 RX LT,7755,134,106,72,160,3,56,1,-22,0,0,0
2026-07-17T18:25:57.269 RX LT,7775,142,98,113,118,6,48,1,-22,0,0,0
2026-07-17T18:25:57.269 RX LT,7795,158,82,115,159,6,48,1,-22,0,0,0
2026-07-17T18:25:57.269 RX LT,7815,159,81,115,75,6,48,1,-24,0,0,0
2026-07-17T18:25:57.269 RX LT,7835,159,81,115,113,6,48,1,-25,0,0,0
2026-07-17T18:25:57.269 RX LT,7855,159,81,126,126,6,48,1,-26,0,0,0
2026-07-17T18:25:57.269 RX LT,7875,159,81,116,116,6,48,1,-28,0,0,0
2026-07-17T18:25:57.398 RX LT,7895,159,81,159,116,6,48,1,-31,0,0,0
2026-07-17T18:25:57.398 RX LT,7915,159,81,118,116,6,48,1,-34,0,0,0
2026-07-17T18:25:57.398 RX LT,7935,159,81,127,116,6,48,1,-38,0,0,0
2026-07-17T18:25:57.398 RX LT,7955,159,81,160,116,6,48,1,-42,0,0,0
2026-07-17T18:25:57.398 RX LT,7975,159,81,162,116,6,48,1,-46,0,0,0
2026-07-17T18:25:57.399 RX LT,7995,159,81,129,105,6,48,1,-51,0,0,0
2026-07-17T18:25:57.545 RX LT,8015,159,81,127,115,6,48,1,-56,0,0,0
2026-07-17T18:25:57.545 RX LT,8035,159,81,171,72,6,48,1,-66,0,0,0
2026-07-17T18:25:57.545 RX LT,8055,154,86,162,113,3,56,1,-71,0,0,0
2026-07-17T18:25:57.545 RX LT,8075,139,101,173,104,0,60,1,-76,0,0,0
2026-07-17T18:25:57.545 RX LT,8095,129,111,163,115,0,62,0,-82,0,0,0
2026-07-17T18:25:57.545 RX LT,8115,100,100,173,105,0,63,0,0,0,1,0
2026-07-17T18:25:57.546 RX LT,8135,100,100,163,115,0,63,0,0,0,1,0
2026-07-17T18:25:57.670 RX LT,8155,100,100,162,115,0,63,0,0,0,1,0
2026-07-17T18:25:57.670 RX LT,8175,-150,150,162,115,0,63,0,-1,0,2,1
2026-07-17T18:25:57.670 RX LT,8195,-150,150,75,115,0,63,0,-3,0,2,3
2026-07-17T18:25:57.670 RX LT,8215,-150,150,48,72,0,31,0,-3,0,2,4
2026-07-17T18:25:57.670 RX LT,8235,-150,150,3,113,0,31,0,-1,0,2,5
2026-07-17T18:25:57.670 RX LT,8255,-150,150,0,159,-17,23,1,11,0,2,7
2026-07-17T18:25:57.790 RX LT,8275,-150,150,0,118,-24,7,1,24,0,2,8
2026-07-17T18:25:57.790 RX LT,8295,-150,150,54,116,-24,7,1,36,0,2,10
2026-07-17T18:25:57.790 RX LT,8315,-150,150,68,105,-24,7,1,49,0,2,12
2026-07-17T18:25:57.790 RX LT,8335,-150,150,58,126,-24,7,1,62,0,2,13
2026-07-17T18:25:57.790 RX LT,8355,-150,150,58,127,-24,7,1,75,0,2,15
2026-07-17T18:25:57.790 RX LT,8375,-150,150,58,127,-24,7,1,90,0,2,17
2026-07-17T18:25:57.904 RX LT,8395,-150,150,68,127,-24,7,1,104,0,2,20
2026-07-17T18:25:57.904 RX LT,8415,-150,150,113,171,-24,7,1,119,0,2,23
2026-07-17T18:25:57.904 RX LT,8435,-150,150,61,130,-24,7,1,134,0,2,24
2026-07-17T18:25:57.904 RX LT,8455,-150,150,112,127,-24,7,1,149,0,2,28
2026-07-17T18:25:57.905 RX LT,8475,-150,150,115,171,-18,15,1,173,0,2,30
2026-07-17T18:25:58.021 RX LT,8495,-150,150,115,173,-12,14,1,187,0,2,33
2026-07-17T18:25:58.021 RX LT,8515,-150,150,115,163,-12,14,1,202,0,2,36
2026-07-17T18:25:58.021 RX LT,8535,-150,150,115,173,-12,14,1,216,0,2,39
2026-07-17T18:25:58.021 RX LT,8555,-150,150,115,130,-12,14,1,231,0,2,41
2026-07-17T18:25:58.021 RX LT,8575,-150,150,126,171,-3,28,1,246,0,2,44
2026-07-17T18:25:58.021 RX LT,8595,-150,150,116,173,-3,28,1,260,0,2,47
2026-07-17T18:25:58.149 RX LT,8615,-150,150,126,173,-3,28,1,274,0,2,50
2026-07-17T18:25:58.149 RX LT,8635,-150,150,116,173,-3,28,1,288,0,2,54
2026-07-17T18:25:58.149 RX LT,8655,-149,149,116,173,-3,28,1,301,0,2,57
2026-07-17T18:25:58.149 RX LT,8675,-148,148,116,184,0,24,1,313,0,2,59
2026-07-17T18:25:58.149 RX LT,8695,-146,146,116,174,0,24,1,326,0,2,63
2026-07-17T18:25:58.149 RX LT,8715,-143,143,159,174,0,24,1,344,0,2,66
2026-07-17T18:25:58.269 RX LT,8735,-142,142,118,184,0,24,1,356,0,2,69
2026-07-17T18:25:58.269 RX LT,8755,-140,140,116,174,3,56,1,368,0,2,72
2026-07-17T18:25:58.269 RX LT,8775,-138,138,159,184,6,48,1,380,0,3,75
2026-07-17T18:25:58.269 RX LT,8795,-137,137,118,174,6,48,1,391,0,3,78
2026-07-17T18:25:58.269 RX LT,8815,-135,135,159,174,6,48,1,403,0,3,81
2026-07-17T18:25:58.279 RX LT,8835,-134,134,118,184,6,48,1,408,0,3,85
2026-07-17T18:25:58.380 RX LT,8855,-133,133,159,174,6,48,1,419,0,3,88
2026-07-17T18:25:58.380 RX LT,8875,-131,131,118,217,6,48,1,430,0,3,91
2026-07-17T18:25:58.380 RX LT,8895,-130,130,116,176,11,32,1,435,0,3,94
2026-07-17T18:25:58.380 RX LT,8915,-129,129,126,174,23,96,1,445,0,3,97
2026-07-17T18:25:58.380 RX TURN ANGLE,1,454,98
2026-07-17T18:25:58.380 RX LT,8935,121,79,116,174,23,96,1,454,0,4,98
2026-07-17T18:25:58.509 RX LT,8955,125,75,18,130,23,96,1,454,0,4,98
2026-07-17T18:25:58.509 RX LT,8975,125,75,1,171,23,96,1,454,0,4,98
2026-07-17T18:25:58.509 RX LT,8995,125,75,10,162,23,96,1,454,0,4,98
2026-07-17T18:25:58.509 RX LT,9015,125,75,0,118,36,64,1,454,0,4,98
2026-07-17T18:25:58.509 RX LT,9035,125,75,0,170,36,64,1,454,0,4,98
2026-07-17T18:25:58.509 RX LT,9055,125,75,0,119,36,64,1,454,0,4,98
2026-07-17T18:25:58.638 RX LT,9075,125,75,54,72,36,64,1,454,0,4,98
2026-07-17T18:25:58.638 RX LT,9095,125,75,46,113,36,64,1,454,0,4,98
2026-07-17T18:25:58.638 RX LT,9115,125,75,57,115,36,64,1,454,0,4,98
2026-07-17T18:25:58.638 RX LT,9135,125,75,57,72,36,64,1,454,0,4,98
2026-07-17T18:25:58.638 RX LT,9155,125,75,57,113,36,64,1,454,0,4,98
2026-07-17T18:25:58.639 RX LT,9175,125,75,57,115,36,64,1,454,0,4,98
2026-07-17T18:25:58.781 RX LT,9195,125,75,68,115,36,64,1,454,0,4,98
2026-07-17T18:25:58.781 RX LT,9215,125,75,58,105,36,64,1,454,0,4,98
2026-07-17T18:25:58.781 RX LT,9235,125,75,68,115,36,64,1,454,0,4,98
2026-07-17T18:25:58.782 RX LT,9255,125,75,69,115,36,64,1,454,0,4,98
2026-07-17T18:25:58.782 RX LT,9275,125,75,102,115,0,0,0,454,0,4,98
2026-07-17T18:25:58.782 RX LT,9295,125,75,104,115,0,0,0,454,0,4,98
2026-07-17T18:25:58.782 RX LT,9315,125,75,104,126,0,0,0,454,0,4,98
2026-07-17T18:25:58.899 RX LT,9335,125,75,104,116,0,0,0,454,0,4,98
2026-07-17T18:25:58.899 RX LT,9355,125,75,104,116,0,0,0,454,0,4,98
2026-07-17T18:25:58.899 RX LT,9375,125,75,104,159,0,0,0,454,0,4,98
2026-07-17T18:25:58.899 RX LT,9395,125,75,71,118,0,0,0,454,0,4,98
2026-07-17T18:25:58.899 RX LT,9415,125,75,113,159,0,0,0,454,0,4,98
2026-07-17T18:25:58.899 RX LT,9435,125,75,104,162,0,0,0,454,0,4,98
2026-07-17T18:25:59.032 RX LT,9455,125,75,71,118,0,0,0,454,0,4,98
2026-07-17T18:25:59.032 RX LT,9475,125,75,113,159,0,0,0,454,0,4,98
2026-07-17T18:25:59.032 RX LT,9495,125,75,115,118,0,0,0,454,0,4,98
2026-07-17T18:25:59.032 RX LT,9515,125,75,115,127,0,0,0,454,0,4,98
2026-07-17T18:25:59.032 RX LT,9535,125,75,115,160,0,0,0,454,0,4,98
2026-07-17T18:25:59.032 RX LT,9555,125,75,115,118,0,0,0,454,0,4,98
2026-07-17T18:25:59.160 RX LT,9575,125,75,126,159,0,0,0,454,0,4,98
2026-07-17T18:25:59.160 RX LT,9595,125,75,116,118,0,0,0,454,0,4,98
2026-07-17T18:25:59.160 RX LT,9615,125,75,116,159,0,0,0,454,0,4,98
2026-07-17T18:25:59.160 RX LT,9635,125,75,159,162,0,0,0,454,0,4,98
2026-07-17T18:25:59.160 RX LT,9655,125,75,118,118,0,0,0,454,0,4,98
2026-07-17T18:25:59.160 RX LT,9675,125,75,116,159,0,0,0,454,0,4,98
2026-07-17T18:25:59.291 RX LT,9695,125,75,116,118,0,0,0,454,0,4,98
2026-07-17T18:25:59.291 RX LT,9715,125,75,126,116,0,0,0,454,0,4,98
2026-07-17T18:25:59.291 RX SQUARE ERROR,LINE NOT CAPTURED
2026-07-17T18:25:59.291 TX STOP
2026-07-17T18:25:59.292 TX STOP
2026-07-17T18:25:59.410 RX OK STOP
2026-07-17T18:25:59.411 RX OK STOP
2026-07-17T18:25:59.411 TX PROFILE GIMBAL
2026-07-17T18:25:59.460 RX OK PROFILE GIMBAL FLASH 3
2026-07-17T18:25:59.460 TX PARAM
2026-07-17T18:25:59.626 RX PARAM,x1000,PROFILE,1,FLASHVER,3,GUARDVER,18,LKP,350,LKI,100,RKP,500,RKI,350,LFF,460,RFF,437,LMIN,32,RMIN,26,SYNC,1000,BIAS,50,GSTART,10,LINEKP,6750,LINEKD,2000,TURNANGLE,900,TURNFAST,185,TURNSLOW,140,TURNMARGIN,180,TURNEXIT,140,TURNDIST,98
2026-07-17T18:25:59.626 RX PARAM,x1000,PROFILE,1,FLASHVER,3,GUARDVER,18,LKP,350,LKI,100,RKP,500,RKI,350,LFF,460,RFF,437,LMIN,32,RMIN,26,SYNC,1000,BIAS,50,GSTART,10,LINEKP,6750,LINEKD,2000,TURNANGLE,900,TURNFAST,185,TURNSLOW,140,TURNMARGIN,180,TURNEXIT,140,TURNDIST,98
2026-07-17T18:25:59.626 TX SET TURNSLOW 80 898521591
2026-07-17T18:25:59.759 RX SA,898521591,TURNSLOW,80
2026-07-17T18:25:59.759 TX SET LKP 350 898521592
2026-07-17T18:25:59.889 RX SA,898521592,LKP,350
2026-07-17T18:25:59.890 TX SET LKI 100 898521593
2026-07-17T18:26:00.019 RX SA,898521593,LKI,100
2026-07-17T18:26:00.019 TX SET LFF 460 898521594
2026-07-17T18:26:00.150 RX SA,898521594,LFF,460
2026-07-17T18:26:00.150 TX SET LMIN 32 898521595
2026-07-17T18:26:00.285 RX SA,898521595,LMIN,32
2026-07-17T18:26:00.285 TX SET RKP 500 898521596
2026-07-17T18:26:00.419 RX SA,898521596,RKP,500
2026-07-17T18:26:00.420 TX SET RKI 350 898521597
2026-07-17T18:26:00.550 RX SA,898521597,RKI,350
2026-07-17T18:26:00.550 TX SET RFF 437 898521598
2026-07-17T18:26:00.689 RX SA,898521598,RFF,437
2026-07-17T18:26:00.689 TX SET RMIN 26 898521599
2026-07-17T18:26:00.819 RX SA,898521599,RMIN,26
2026-07-17T18:26:00.819 TX SET SYNC 1000 898521600
2026-07-17T18:26:00.947 RX SA,898521600,SYNC,1000
2026-07-17T18:26:00.947 TX SET BIAS 50 898521601
2026-07-17T18:26:01.079 RX SA,898521601,BIAS,50
2026-07-17T18:26:01.079 TX SET LINEKP 6750 898521602
2026-07-17T18:26:01.205 RX SA,898521602,LINEKP,6750
2026-07-17T18:26:01.205 TX SET LINEKD 2000 898521603
2026-07-17T18:26:01.339 RX SA,898521603,LINEKD,2000
2026-07-17T18:26:01.340 TX SET TURNANGLE 900 898521604
2026-07-17T18:26:01.470 RX SA,898521604,TURNANGLE,900
2026-07-17T18:26:01.470 TX SET TURNFAST 185 898521605
2026-07-17T18:26:01.601 RX SA,898521605,TURNFAST,185
2026-07-17T18:26:01.601 TX SET TURNMARGIN 180 898521606
2026-07-17T18:26:01.739 RX SA,898521606,TURNMARGIN,180
2026-07-17T18:26:01.739 TX SET TURNEXIT 140 898521607
2026-07-17T18:26:01.869 RX SA,898521607,TURNEXIT,140
2026-07-17T18:26:01.869 TX SET TURNDIST 98 898521608
2026-07-17T18:26:02.005 RX SA,898521608,TURNDIST,98
2026-07-17T18:26:02.005 TX SET GSTART 0 898521609
2026-07-17T18:26:02.130 RX SA,898521609,GSTART,0
2026-07-17T18:26:02.130 TX SET TURNSLOW 140 898521610
2026-07-17T18:26:02.254 RX SA,898521610,TURNSLOW,140
2026-07-17T18:26:02.257 TX STOP
