[21:09:22] 日志目录：F:\k230gc\pidtest\host\logs\20260706_210922
[21:09:23] TX > RADIOPING,attempt=1
[21:09:23] BRIDGE_RADIO_TX_OK
[21:09:23] BRIDGE_RADIO_PONG
[21:09:23] TX > PING,attempt=1
[21:09:23] ERR,UNKNOWN_COMMAND,RADIOPING
[21:09:23] PONG
[21:09:23] TX > AUTOTUNE,attempt=1
[21:09:23] OK,AUTOTUNE_WAIT_TARGET
[21:09:23] AUTOTUNE_START
[21:09:23] AUTOTUNE_SCORE_PROFILE,PID_SUSTAINED_FOLLOW_V3
[21:09:23] TUNE,X,BEGIN
[21:09:23] TUNE,X,CALIBRATE,PROBE
[21:09:25] TUNE,X,POLARITY,1,DELTA,28,KICK_DEG,14.0
[21:09:25] TUNE,X,RECENTER
[21:09:25] TUNE,X,RECENTERED,ERROR,-1
[21:09:25] TUNE,X,RECENTER
[21:09:25] TUNE,X,RECENTERED,ERROR,-2
[21:09:25] TUNE,X,TEST,KP,0.120,KD,0.003
[21:09:28] TUNE,X,RESULT,MODE,PD,KP,0.120,KI,0.000,KD,0.003,SCORE,42.584
[21:09:28] TUNE,X,RECENTER
[21:09:28] TUNE,X,RECENTERED,ERROR,2
[21:09:28] TUNE,X,TEST,KP,0.160,KD,0.006
[21:09:30] TUNE,X,RESULT,MODE,PD,KP,0.160,KI,0.000,KD,0.006,SCORE,40.140
[21:09:30] TUNE,X,RECENTER
[21:09:30] TUNE,X,RECENTERED,ERROR,2
[21:09:30] TUNE,X,TEST,KP,0.200,KD,0.004
[21:09:33] TUNE,X,RESULT,MODE,PD,KP,0.200,KI,0.000,KD,0.004,SCORE,55.250
[21:09:33] TUNE,X,RECENTER
[21:09:33] TUNE,X,RECENTERED,ERROR,-2
[21:09:33] TUNE,X,TEST,KP,0.200,KD,0.008
[21:09:35] TUNE,X,RESULT,MODE,PD,KP,0.200,KI,0.000,KD,0.008,SCORE,55.684
[21:09:35] TUNE,X,RECENTER
[21:09:35] TUNE,X,RECENTERED,ERROR,-2
[21:09:35] TUNE,X,TEST,KP,0.240,KD,0.004
[21:09:38] TUNE,X,RESULT,MODE,PD,KP,0.240,KI,0.000,KD,0.004,SCORE,96.458
[21:09:38] TUNE,X,RECENTER
[21:09:38] TUNE,X,RECENTERED,ERROR,1
[21:09:38] TUNE,X,TEST,KP,0.240,KD,0.008
[21:09:40] TUNE,X,RESULT,MODE,PD,KP,0.240,KI,0.000,KD,0.008,SCORE,64.660
[21:09:40] TUNE,X,RECENTER
[21:09:41] TUNE,X,RECENTERED,ERROR,-1
[21:09:41] TUNE,X,TEST,KP,0.240,KD,0.012
[21:09:43] TUNE,X,RESULT,MODE,PD,KP,0.240,KI,0.000,KD,0.012,SCORE,84.799
[21:09:43] TUNE,X,RECENTER
[21:09:43] TUNE,X,RECENTERED,ERROR,-2
[21:09:43] TUNE,X,TEST,KP,0.280,KD,0.004
[21:09:46] TUNE,X,RESULT,MODE,PD,KP,0.280,KI,0.000,KD,0.004,SCORE,71.140
[21:09:46] TUNE,X,RECENTER
[21:09:46] TUNE,X,RECENTERED,ERROR,2
[21:09:46] TUNE,X,TEST,KP,0.280,KD,0.008
[21:09:48] TUNE,X,RESULT,MODE,PD,KP,0.280,KI,0.000,KD,0.008,SCORE,84.044
[21:09:48] TUNE,X,RECENTER
[21:09:48] TUNE,X,RECENTERED,ERROR,0
[21:09:48] TUNE,X,TEST,KP,0.320,KD,0.006
[21:09:51] TUNE,X,RESULT,MODE,PD,KP,0.320,KI,0.000,KD,0.006,SCORE,82.067
[21:09:51] TUNE,X,PD_FINE_SEARCH,KP,0.160,KD,0.006
[21:09:51] TUNE,X,RECENTER
[21:09:51] TUNE,X,RECENTERED,ERROR,-3
[21:09:51] TUNE,X,TEST,KP,0.130,KD,0.003
[21:09:53] TUNE,X,RESULT,MODE,PD,KP,0.130,KI,0.000,KD,0.003,SCORE,49.585
[21:09:53] TUNE,X,RECENTER
[21:09:53] TUNE,X,RECENTERED,ERROR,1
[21:09:53] TUNE,X,TEST,KP,0.130,KD,0.006
[21:09:56] TUNE,X,RESULT,MODE,PD,KP,0.130,KI,0.000,KD,0.006,SCORE,39.276
[21:09:56] TUNE,X,RECENTER
[21:09:56] TUNE,X,RECENTERED,ERROR,0
[21:09:56] TUNE,X,TEST,KP,0.130,KD,0.009
[21:09:58] TUNE,X,RESULT,MODE,PD,KP,0.130,KI,0.000,KD,0.009,SCORE,46.286
[21:09:58] TUNE,X,RECENTER
[21:09:59] TUNE,X,RECENTERED,ERROR,2
[21:09:59] TUNE,X,TEST,KP,0.160,KD,0.003
[21:10:01] TUNE,X,RESULT,MODE,PD,KP,0.160,KI,0.000,KD,0.003,SCORE,44.877
[21:10:01] TUNE,X,RECENTER
[21:10:01] TUNE,X,RECENTERED,ERROR,1
[21:10:01] TUNE,X,TEST,KP,0.160,KD,0.009
[21:10:04] TUNE,X,RESULT,MODE,PD,KP,0.160,KI,0.000,KD,0.009,SCORE,40.572
[21:10:04] TUNE,X,RECENTER
[21:10:04] TUNE,X,RECENTERED,ERROR,3
[21:10:04] TUNE,X,TEST,KP,0.190,KD,0.003
[21:10:06] TUNE,X,RESULT,MODE,PD,KP,0.190,KI,0.000,KD,0.003,SCORE,48.256
[21:10:06] TUNE,X,RECENTER
[21:10:06] TUNE,X,RECENTERED,ERROR,-2
[21:10:06] TUNE,X,TEST,KP,0.190,KD,0.006
[21:10:09] TUNE,X,RESULT,MODE,PD,KP,0.190,KI,0.000,KD,0.006,SCORE,49.986
[21:10:09] TUNE,X,RECENTER
[21:10:09] TUNE,X,RECENTERED,ERROR,-1
[21:10:09] TUNE,X,TEST,KP,0.190,KD,0.009
[21:10:11] TUNE,X,RESULT,MODE,PD,KP,0.190,KI,0.000,KD,0.009,SCORE,55.898
[21:10:11] TUNE,X,PD_VALIDATE_TOP3
[21:10:11] TUNE,X,RECENTER
[21:10:11] TUNE,X,RECENTERED,ERROR,0
[21:10:11] TUNE,X,TEST,KP,0.130,KD,0.006
[21:10:14] TUNE,X,RESULT,MODE,PD,KP,0.130,KI,0.000,KD,0.006,SCORE,51.117
[21:10:14] TUNE,X,RECENTER
[21:10:14] TUNE,X,RECENTERED,ERROR,2
[21:10:14] TUNE,X,TEST,KP,0.160,KD,0.006
[21:10:16] TUNE,X,RESULT,MODE,PD,KP,0.160,KI,0.000,KD,0.006,SCORE,58.169
[21:10:16] TUNE,X,RECENTER
[21:10:17] TUNE,X,RECENTERED,ERROR,-2
[21:10:17] TUNE,X,TEST,KP,0.160,KD,0.009
[21:10:19] TUNE,X,RESULT,MODE,PD,KP,0.160,KI,0.000,KD,0.009,SCORE,49.946
[21:10:19] TUNE,X,PID_GRID_SEARCH,PD_BASES,3,KI_COUNT,6
[21:10:19] TUNE,X,RECENTER
[21:10:19] TUNE,X,RECENTERED,ERROR,-2
[21:10:19] TUNE,X,PID_TEST,KP,0.160,KI,0.000,KD,0.009
[21:10:25] TUNE,X,RESULT,MODE,PID,KP,0.160,KI,0.000,KD,0.009,SCORE,94.434
[21:10:25] TUNE,X,RECENTER
[21:10:26] TUNE,X,RECENTERED,ERROR,-2
[21:10:26] TUNE,X,PID_TEST,KP,0.160,KI,0.100,KD,0.009
[21:10:32] TUNE,X,RESULT,MODE,PID,KP,0.160,KI,0.100,KD,0.009,SCORE,89.158
[21:10:32] TUNE,X,RECENTER
[21:10:32] TUNE,X,RECENTERED,ERROR,-1
[21:10:32] TUNE,X,PID_TEST,KP,0.160,KI,0.180,KD,0.009
[21:10:38] TUNE,X,RESULT,MODE,PID,KP,0.160,KI,0.180,KD,0.009,SCORE,114.476
[21:10:38] TUNE,X,RECENTER
[21:10:38] TUNE,X,RECENTERED,ERROR,-1
[21:10:38] TUNE,X,PID_TEST,KP,0.160,KI,0.250,KD,0.009
[21:10:45] TUNE,X,RESULT,MODE,PID,KP,0.160,KI,0.250,KD,0.009,SCORE,133.444
[21:10:45] TUNE,X,RECENTER
[21:10:45] TUNE,X,RECENTERED,ERROR,1
[21:10:45] TUNE,X,PID_TEST,KP,0.160,KI,0.350,KD,0.009
[21:10:51] TUNE,X,RESULT,MODE,PID,KP,0.160,KI,0.350,KD,0.009,SCORE,150.989
[21:10:51] TUNE,X,RECENTER
[21:10:51] TUNE,X,RECENTERED,ERROR,0
[21:10:51] TUNE,X,PID_TEST,KP,0.160,KI,0.480,KD,0.009
[21:10:57] TUNE,X,RESULT,MODE,PID,KP,0.160,KI,0.480,KD,0.009,SCORE,148.388
[21:10:57] TUNE,X,RECENTER
[21:10:58] TUNE,X,RECENTERED,ERROR,-2
[21:10:58] TUNE,X,PID_TEST,KP,0.130,KI,0.000,KD,0.006
[21:11:04] TUNE,X,RESULT,MODE,PID,KP,0.130,KI,0.000,KD,0.006,SCORE,102.766
[21:11:04] TUNE,X,RECENTER
[21:11:04] TUNE,X,RECENTERED,ERROR,-1
[21:11:04] TUNE,X,PID_TEST,KP,0.130,KI,0.100,KD,0.006
[21:11:10] TUNE,X,RESULT,MODE,PID,KP,0.130,KI,0.100,KD,0.006,SCORE,108.321
[21:11:10] TUNE,X,RECENTER
[21:11:10] TUNE,X,RECENTERED,ERROR,-3
[21:11:10] TUNE,X,PID_TEST,KP,0.130,KI,0.180,KD,0.006
[21:11:17] TUNE,X,RESULT,MODE,PID,KP,0.130,KI,0.180,KD,0.006,SCORE,113.994
[21:11:17] TUNE,X,RECENTER
[21:11:17] TUNE,X,RECENTERED,ERROR,-1
[21:11:17] TUNE,X,PID_TEST,KP,0.130,KI,0.250,KD,0.006
[21:11:23] TUNE,X,RESULT,MODE,PID,KP,0.130,KI,0.250,KD,0.006,SCORE,101.901
[21:11:23] TUNE,X,RECENTER
[21:11:23] TUNE,X,RECENTERED,ERROR,-1
[21:11:23] TUNE,X,PID_TEST,KP,0.130,KI,0.350,KD,0.006
[21:11:29] TUNE,X,RESULT,MODE,PID,KP,0.130,KI,0.350,KD,0.006,SCORE,135.290
[21:11:29] TUNE,X,RECENTER
[21:11:30] TUNE,X,RECENTERED,ERROR,-2
[21:11:30] TUNE,X,PID_TEST,KP,0.130,KI,0.480,KD,0.006
[21:11:36] TUNE,X,RESULT,MODE,PID,KP,0.130,KI,0.480,KD,0.006,SCORE,140.583
[21:11:36] TUNE,X,RECENTER
[21:11:36] TUNE,X,RECENTERED,ERROR,-3
[21:11:36] TUNE,X,PID_TEST,KP,0.160,KI,0.000,KD,0.006
[21:11:43] TUNE,X,RESULT,MODE,PID,KP,0.160,KI,0.000,KD,0.006,SCORE,122.615
[21:11:43] TUNE,X,RECENTER
[21:11:43] TUNE,X,RECENTERED,ERROR,1
[21:11:43] TUNE,X,PID_TEST,KP,0.160,KI,0.100,KD,0.006
[21:11:49] TUNE,X,RESULT,MODE,PID,KP,0.160,KI,0.100,KD,0.006,SCORE,108.935
[21:11:49] TUNE,X,RECENTER
[21:11:49] TUNE,X,RECENTERED,ERROR,-1
[21:11:49] TUNE,X,PID_TEST,KP,0.160,KI,0.180,KD,0.006
[21:11:55] TUNE,X,RESULT,MODE,PID,KP,0.160,KI,0.180,KD,0.006,SCORE,104.038
[21:11:55] TUNE,X,RECENTER
[21:11:55] TUNE,X,RECENTERED,ERROR,-2
[21:11:55] TUNE,X,PID_TEST,KP,0.160,KI,0.250,KD,0.006
[21:12:02] TUNE,X,RESULT,MODE,PID,KP,0.160,KI,0.250,KD,0.006,SCORE,119.225
[21:12:02] TUNE,X,RECENTER
[21:12:02] TUNE,X,RECENTERED,ERROR,2
[21:12:02] TUNE,X,PID_TEST,KP,0.160,KI,0.350,KD,0.006
[21:12:08] TUNE,X,RESULT,MODE,PID,KP,0.160,KI,0.350,KD,0.006,SCORE,148.482
[21:12:08] TUNE,X,RECENTER
[21:12:08] TUNE,X,RECENTERED,ERROR,1
[21:12:08] TUNE,X,PID_TEST,KP,0.160,KI,0.480,KD,0.006
[21:12:14] TUNE,X,RESULT,MODE,PID,KP,0.160,KI,0.480,KD,0.006,SCORE,130.521
[21:12:14] TUNE,X,PID_JOINT_SEARCH,KP,0.160,KI,0.100,KD,0.009
[21:12:14] TUNE,X,RECENTER
[21:12:15] TUNE,X,RECENTERED,ERROR,0
[21:12:15] TUNE,X,PID_TEST,KP,0.130,KI,0.100,KD,0.009
[21:12:21] TUNE,X,RESULT,MODE,PID,KP,0.130,KI,0.100,KD,0.009,SCORE,99.594
[21:12:21] TUNE,X,RECENTER
[21:12:21] TUNE,X,RECENTERED,ERROR,-1
[21:12:21] TUNE,X,PID_TEST,KP,0.190,KI,0.100,KD,0.009
[21:12:27] TUNE,X,RESULT,MODE,PID,KP,0.190,KI,0.100,KD,0.009,SCORE,134.792
[21:12:27] TUNE,X,RECENTER
[21:12:27] TUNE,X,RECENTERED,ERROR,-2
[21:12:27] TUNE,X,PID_TEST,KP,0.160,KI,0.100,KD,0.012
[21:12:34] TUNE,X,RESULT,MODE,PID,KP,0.160,KI,0.100,KD,0.012,SCORE,134.490
[21:12:34] TUNE,X,RECENTER
[21:12:34] TUNE,X,RECENTERED,ERROR,3
[21:12:34] TUNE,X,PID_TEST,KP,0.160,KI,0.040,KD,0.009
[21:12:40] TUNE,X,RESULT,MODE,PID,KP,0.160,KI,0.040,KD,0.009,SCORE,128.702
[21:12:40] TUNE,X,RECENTER
[21:12:40] TUNE,X,RECENTERED,ERROR,0
[21:12:40] TUNE,X,PID_TEST,KP,0.160,KI,0.160,KD,0.009
[21:12:46] TUNE,X,RESULT,MODE,PID,KP,0.160,KI,0.160,KD,0.009,SCORE,126.506
[21:12:46] TUNE,X,RECENTER
[21:12:47] TUNE,X,RECENTERED,ERROR,1
[21:12:47] TUNE,X,PID_TEST,KP,0.130,KI,0.040,KD,0.009
[21:12:53] TUNE,X,RESULT,MODE,PID,KP,0.130,KI,0.040,KD,0.009,SCORE,109.421
[21:12:53] TUNE,X,RECENTER
[21:12:53] TUNE,X,RECENTERED,ERROR,3
[21:12:53] TUNE,X,PID_TEST,KP,0.130,KI,0.160,KD,0.009
[21:12:59] TUNE,X,RESULT,MODE,PID,KP,0.130,KI,0.160,KD,0.009,SCORE,116.376
[21:12:59] TUNE,X,RECENTER
[21:12:59] TUNE,X,RECENTERED,ERROR,-2
[21:12:59] TUNE,X,PID_TEST,KP,0.190,KI,0.040,KD,0.009
[21:13:06] TUNE,X,RESULT,MODE,PID,KP,0.190,KI,0.040,KD,0.009,SCORE,131.232
[21:13:06] TUNE,X,RECENTER
[21:13:06] TUNE,X,RECENTERED,ERROR,1
[21:13:06] TUNE,X,PID_TEST,KP,0.190,KI,0.160,KD,0.009
[21:13:12] TUNE,X,RESULT,MODE,PID,KP,0.190,KI,0.160,KD,0.009,SCORE,154.202
[21:13:12] TUNE,X,PID_VALIDATE_TOP3
[21:13:12] TUNE,X,RECENTER
[21:13:12] TUNE,X,RECENTERED,ERROR,-1
[21:13:12] TUNE,X,PID_TEST,KP,0.160,KI,0.100,KD,0.009
[21:13:19] TUNE,X,RESULT,MODE,PID,KP,0.160,KI,0.100,KD,0.009,SCORE,143.757
[21:13:19] TUNE,X,RECENTER
[21:13:19] TUNE,X,RECENTERED,ERROR,0
[21:13:19] TUNE,X,PID_TEST,KP,0.160,KI,0.000,KD,0.009
[21:13:25] TUNE,X,RESULT,MODE,PID,KP,0.160,KI,0.000,KD,0.009,SCORE,118.747
[21:13:25] TUNE,X,RECENTER
[21:13:25] TUNE,X,RECENTERED,ERROR,0
[21:13:25] TUNE,X,PID_TEST,KP,0.130,KI,0.100,KD,0.009
[21:13:31] TUNE,X,RESULT,MODE,PID,KP,0.130,KI,0.100,KD,0.009,SCORE,122.556
[21:13:31] TUNE,X,RECENTER
[21:13:31] TUNE,X,RECENTERED,ERROR,-1
[21:13:31] TUNE,X,COMPLETE,KP,0.160,KI,0.000,KD,0.009,SCORE,110.237
[21:13:32] TUNE,Y,BEGIN
[21:13:32] TUNE,Y,CALIBRATE,PROBE
[21:13:34] TUNE,Y,POLARITY,1,DELTA,43,KICK_DEG,11.3
[21:13:34] TUNE,Y,RECENTER
[21:13:34] TUNE,WAIT_TARGET,Y_RECENTER
[21:13:34] TUNE,TARGET_REACQUIRED,Y_RECENTER
[21:13:34] TUNE,WAIT_TARGET,Y_RECENTER
[21:13:36] TUNE,WAIT_TARGET,Y_RECENTER
[21:13:38] TUNE,WAIT_TARGET,Y_RECENTER
[21:13:40] TUNE,WAIT_TARGET,Y_RECENTER
[21:13:40] TUNE,TARGET_REACQUIRED,Y_RECENTER
[21:13:41] TUNE,WAIT_TARGET,Y_RECENTER
[21:13:41] TUNE,TARGET_REACQUIRED,Y_RECENTER
[21:13:41] TUNE,Y,RECENTERED,ERROR,4
[21:13:41] TUNE,Y,RECENTER
[21:13:41] TUNE,Y,RECENTERED,ERROR,4
[21:13:41] TUNE,Y,TEST,KP,0.120,KD,0.003
[21:13:42] TUNE,Y,RETRY_TARGET_LOST,KP,0.120,KD,0.003
[21:13:43] TUNE,WAIT_TARGET,Y_CANDIDATE
[21:13:43] TUNE,TARGET_REACQUIRED,Y_CANDIDATE
[21:13:43] TUNE,Y,RECENTER
[21:13:43] TUNE,Y,RECENTERED,ERROR,3
[21:13:43] TUNE,Y,TEST,KP,0.120,KD,0.003
[21:13:45] TUNE,Y,RESULT,MODE,PD,KP,0.120,KI,0.000,KD,0.003,SCORE,78.316
[21:13:45] TUNE,Y,RECENTER
[21:13:45] TUNE,Y,RECENTERED,ERROR,-3
[21:13:45] TUNE,Y,TEST,KP,0.160,KD,0.006
[21:13:48] TUNE,Y,RESULT,MODE,PD,KP,0.160,KI,0.000,KD,0.006,SCORE,118.129
[21:13:48] TUNE,Y,RECENTER
[21:13:48] TUNE,Y,RECENTERED,ERROR,-3
[21:13:48] TUNE,Y,TEST,KP,0.200,KD,0.004
[21:13:50] TUNE,Y,RESULT,MODE,PD,KP,0.200,KI,0.000,KD,0.004,SCORE,149.952
[21:13:50] TUNE,Y,RECENTER
[21:13:50] TUNE,Y,RECENTERED,ERROR,-2
[21:13:50] TUNE,Y,TEST,KP,0.200,KD,0.008
[21:13:53] TUNE,Y,RESULT,MODE,PD,KP,0.200,KI,0.000,KD,0.008,SCORE,107.542
[21:13:53] TUNE,Y,RECENTER
[21:13:53] TUNE,Y,RECENTERED,ERROR,-1
[21:13:53] TUNE,Y,TEST,KP,0.240,KD,0.004
[21:13:55] TUNE,Y,RESULT,MODE,PD,KP,0.240,KI,0.000,KD,0.004,SCORE,130.818
[21:13:55] TUNE,Y,RECENTER
[21:13:55] TUNE,Y,RECENTERED,ERROR,-3
[21:13:55] TUNE,Y,TEST,KP,0.240,KD,0.008
[21:13:57] TUNE,Y,RETRY_TARGET_LOST,KP,0.240,KD,0.008
[21:13:57] TUNE,WAIT_TARGET,Y_CANDIDATE
[21:13:57] TUNE,TARGET_REACQUIRED,Y_CANDIDATE
[21:13:57] TUNE,Y,RECENTER
[21:13:58] TUNE,Y,RECENTERED,ERROR,0
[21:13:58] TUNE,Y,TEST,KP,0.240,KD,0.008
[21:14:01] TUNE,Y,RESULT,MODE,PD,KP,0.240,KI,0.000,KD,0.008,SCORE,106.773
[21:14:01] TUNE,Y,RECENTER
[21:14:01] TUNE,Y,RECENTERED,ERROR,-1
[21:14:01] TUNE,Y,TEST,KP,0.240,KD,0.012
[21:14:03] TUNE,Y,RESULT,MODE,PD,KP,0.240,KI,0.000,KD,0.012,SCORE,158.250
[21:14:03] TUNE,Y,RECENTER
[21:14:04] TUNE,Y,RECENTERED,ERROR,-3
[21:14:04] TUNE,Y,TEST,KP,0.280,KD,0.004
[21:14:06] TUNE,Y,RESULT,MODE,PD,KP,0.280,KI,0.000,KD,0.004,SCORE,150.412
[21:14:06] TUNE,Y,RECENTER
[21:14:06] TUNE,Y,RECENTERED,ERROR,0
[21:14:06] TUNE,Y,TEST,KP,0.280,KD,0.008
[21:14:09] TUNE,Y,RESULT,MODE,PD,KP,0.280,KI,0.000,KD,0.008,SCORE,135.948
[21:14:09] TUNE,Y,RECENTER
[21:14:09] TUNE,Y,RECENTERED,ERROR,3
[21:14:09] TUNE,Y,TEST,KP,0.320,KD,0.006
[21:14:11] TUNE,Y,RETRY_TARGET_LOST,KP,0.320,KD,0.006
[21:14:11] TUNE,TARGET_REACQUIRED,Y_CANDIDATE
[21:14:11] TUNE,Y,RECENTER
[21:14:11] TUNE,WAIT_TARGET,Y_RECENTER
[21:14:13] TUNE,WAIT_TARGET,Y_RECENTER
[21:14:15] TUNE,WAIT_TARGET,Y_RECENTER
[21:14:15] TUNE,TARGET_REACQUIRED,Y_RECENTER
[21:14:16] TUNE,Y,RECENTERED,ERROR,-1
[21:14:16] TUNE,Y,TEST,KP,0.320,KD,0.006
[21:14:18] TUNE,Y,RETRY_TARGET_LOST,KP,0.320,KD,0.006
[21:14:18] TUNE,WAIT_TARGET,Y_CANDIDATE
[21:14:18] TUNE,TARGET_REACQUIRED,Y_CANDIDATE
[21:14:18] TUNE,Y,RECENTER
[21:14:19] TUNE,Y,RECENTERED,ERROR,-4
[21:14:19] TUNE,Y,TEST,KP,0.320,KD,0.006
[21:14:22] TUNE,Y,RESULT,MODE,PD,KP,0.320,KI,0.000,KD,0.006,SCORE,181.308
[21:14:22] TUNE,Y,PD_FINE_SEARCH,KP,0.120,KD,0.003
[21:14:22] TUNE,Y,RECENTER
[21:14:22] TUNE,Y,RECENTERED,ERROR,-2
[21:14:22] TUNE,Y,TEST,KP,0.090,KD,0.000
[21:14:25] TUNE,Y,RESULT,MODE,PD,KP,0.090,KI,0.000,KD,0.000,SCORE,103.810
[21:14:25] TUNE,Y,RECENTER
[21:14:25] TUNE,Y,RECENTERED,ERROR,-2
[21:14:25] TUNE,Y,TEST,KP,0.090,KD,0.003
[21:14:27] TUNE,Y,RESULT,MODE,PD,KP,0.090,KI,0.000,KD,0.003,SCORE,76.957
[21:14:27] TUNE,Y,RECENTER
[21:14:28] TUNE,Y,RECENTERED,ERROR,0
[21:14:28] TUNE,Y,TEST,KP,0.090,KD,0.006
[21:14:30] TUNE,Y,RESULT,MODE,PD,KP,0.090,KI,0.000,KD,0.006,SCORE,79.854
[21:14:30] TUNE,Y,RECENTER
[21:14:30] TUNE,Y,RECENTERED,ERROR,-2
[21:14:30] TUNE,Y,TEST,KP,0.120,KD,0.000
[21:14:32] TUNE,Y,RETRY_TARGET_LOST,KP,0.120,KD,0.000
[21:14:32] TUNE,TARGET_REACQUIRED,Y_CANDIDATE
[21:14:32] TUNE,Y,RECENTER
[21:14:33] TUNE,Y,RECENTERED,ERROR,1
[21:14:33] TUNE,Y,TEST,KP,0.120,KD,0.000
[21:14:35] TUNE,Y,RESULT,MODE,PD,KP,0.120,KI,0.000,KD,0.000,SCORE,81.631
[21:14:35] TUNE,Y,RECENTER
[21:14:36] TUNE,Y,RECENTERED,ERROR,-2
[21:14:36] TUNE,Y,TEST,KP,0.120,KD,0.006
[21:14:38] TUNE,Y,RESULT,MODE,PD,KP,0.120,KI,0.000,KD,0.006,SCORE,80.214
[21:14:38] TUNE,Y,RECENTER
[21:14:38] TUNE,Y,RECENTERED,ERROR,1
[21:14:38] TUNE,Y,TEST,KP,0.150,KD,0.000
[21:14:41] TUNE,Y,RESULT,MODE,PD,KP,0.150,KI,0.000,KD,0.000,SCORE,95.492
[21:14:41] TUNE,Y,RECENTER
[21:14:41] TUNE,Y,RECENTERED,ERROR,1
[21:14:41] TUNE,Y,TEST,KP,0.150,KD,0.003
[21:14:43] TUNE,Y,RESULT,MODE,PD,KP,0.150,KI,0.000,KD,0.003,SCORE,86.601
[21:14:43] TUNE,Y,RECENTER
[21:14:43] TUNE,Y,RECENTERED,ERROR,2
[21:14:43] TUNE,Y,TEST,KP,0.150,KD,0.006
[21:14:46] TUNE,Y,RESULT,MODE,PD,KP,0.150,KI,0.000,KD,0.006,SCORE,76.394
[21:14:46] TUNE,Y,PD_VALIDATE_TOP3
[21:14:46] TUNE,Y,RECENTER
[21:14:46] TUNE,Y,RECENTERED,ERROR,-3
[21:14:46] TUNE,Y,TEST,KP,0.150,KD,0.006
[21:14:48] TUNE,Y,RESULT,MODE,PD,KP,0.150,KI,0.000,KD,0.006,SCORE,96.911
[21:14:48] TUNE,Y,RECENTER
[21:14:48] TUNE,Y,RECENTERED,ERROR,3
[21:14:48] TUNE,Y,TEST,KP,0.090,KD,0.003
[21:14:51] TUNE,Y,RESULT,MODE,PD,KP,0.090,KI,0.000,KD,0.003,SCORE,73.219
[21:14:51] TUNE,Y,RECENTER
[21:14:51] TUNE,Y,RECENTERED,ERROR,-2
[21:14:51] TUNE,Y,TEST,KP,0.120,KD,0.003
[21:14:53] TUNE,Y,RESULT,MODE,PD,KP,0.120,KI,0.000,KD,0.003,SCORE,86.323
[21:14:53] TUNE,Y,PID_GRID_SEARCH,PD_BASES,3,KI_COUNT,6
[21:14:53] TUNE,Y,RECENTER
[21:14:54] TUNE,Y,RECENTERED,ERROR,0
[21:14:54] TUNE,Y,PID_TEST,KP,0.090,KI,0.000,KD,0.003
[21:15:00] TUNE,Y,RESULT,MODE,PID,KP,0.090,KI,0.000,KD,0.003,SCORE,83.275
[21:15:00] TUNE,Y,RECENTER
[21:15:00] TUNE,Y,RECENTERED,ERROR,-2
[21:15:00] TUNE,Y,PID_TEST,KP,0.090,KI,0.100,KD,0.003
[21:15:06] TUNE,Y,RESULT,MODE,PID,KP,0.090,KI,0.100,KD,0.003,SCORE,92.877
[21:15:06] TUNE,Y,RECENTER
[21:15:06] TUNE,Y,RECENTERED,ERROR,1
[21:15:06] TUNE,Y,PID_TEST,KP,0.090,KI,0.180,KD,0.003
[21:15:13] TUNE,Y,RESULT,MODE,PID,KP,0.090,KI,0.180,KD,0.003,SCORE,81.445
[21:15:13] TUNE,Y,RECENTER
[21:15:13] TUNE,Y,RECENTERED,ERROR,2
[21:15:13] TUNE,Y,PID_TEST,KP,0.090,KI,0.250,KD,0.003
[21:15:19] TUNE,Y,RESULT,MODE,PID,KP,0.090,KI,0.250,KD,0.003,SCORE,80.524
[21:15:19] TUNE,Y,RECENTER
[21:15:19] TUNE,Y,RECENTERED,ERROR,2
[21:15:19] TUNE,Y,PID_TEST,KP,0.090,KI,0.350,KD,0.003
[21:15:25] TUNE,Y,RESULT,MODE,PID,KP,0.090,KI,0.350,KD,0.003,SCORE,86.040
[21:15:25] TUNE,Y,RECENTER
[21:15:25] TUNE,Y,RECENTERED,ERROR,3
[21:15:25] TUNE,Y,PID_TEST,KP,0.090,KI,0.480,KD,0.003
[21:15:32] TUNE,Y,RESULT,MODE,PID,KP,0.090,KI,0.480,KD,0.003,SCORE,82.427
[21:15:32] TUNE,Y,RECENTER
[21:15:32] TUNE,Y,RECENTERED,ERROR,-2
[21:15:32] TUNE,Y,PID_TEST,KP,0.120,KI,0.000,KD,0.003
[21:15:38] TUNE,Y,RESULT,MODE,PID,KP,0.120,KI,0.000,KD,0.003,SCORE,82.955
[21:15:38] TUNE,Y,RECENTER
[21:15:38] TUNE,Y,RECENTERED,ERROR,1
[21:15:38] TUNE,Y,PID_TEST,KP,0.120,KI,0.100,KD,0.003
[21:15:45] TUNE,Y,RESULT,MODE,PID,KP,0.120,KI,0.100,KD,0.003,SCORE,91.050
[21:15:45] TUNE,Y,RECENTER
[21:15:45] TUNE,Y,RECENTERED,ERROR,-1
[21:15:45] TUNE,Y,PID_TEST,KP,0.120,KI,0.180,KD,0.003
[21:15:51] TUNE,Y,RESULT,MODE,PID,KP,0.120,KI,0.180,KD,0.003,SCORE,85.494
[21:15:51] TUNE,Y,RECENTER
[21:15:51] TUNE,Y,RECENTERED,ERROR,1
[21:15:51] TUNE,Y,PID_TEST,KP,0.120,KI,0.250,KD,0.003
[21:15:57] TUNE,Y,RESULT,MODE,PID,KP,0.120,KI,0.250,KD,0.003,SCORE,82.987
[21:15:57] TUNE,Y,RECENTER
[21:15:57] TUNE,Y,RECENTERED,ERROR,2
[21:15:57] TUNE,Y,PID_TEST,KP,0.120,KI,0.350,KD,0.003
[21:16:04] TUNE,Y,RESULT,MODE,PID,KP,0.120,KI,0.350,KD,0.003,SCORE,86.483
[21:16:04] TUNE,Y,RECENTER
[21:16:04] TUNE,Y,RECENTERED,ERROR,2
[21:16:04] TUNE,Y,PID_TEST,KP,0.120,KI,0.480,KD,0.003
[21:16:10] TUNE,Y,RESULT,MODE,PID,KP,0.120,KI,0.480,KD,0.003,SCORE,99.174
[21:16:10] TUNE,Y,RECENTER
[21:16:10] TUNE,Y,RECENTERED,ERROR,-2
[21:16:10] TUNE,Y,PID_TEST,KP,0.150,KI,0.000,KD,0.006
[21:16:16] TUNE,Y,RESULT,MODE,PID,KP,0.150,KI,0.000,KD,0.006,SCORE,93.285
[21:16:16] TUNE,Y,RECENTER
[21:16:17] TUNE,Y,RECENTERED,ERROR,-1
[21:16:17] TUNE,Y,PID_TEST,KP,0.150,KI,0.100,KD,0.006
[21:16:23] TUNE,Y,RESULT,MODE,PID,KP,0.150,KI,0.100,KD,0.006,SCORE,102.123
[21:16:23] TUNE,Y,RECENTER
[21:16:23] TUNE,Y,RECENTERED,ERROR,-1
[21:16:23] TUNE,Y,PID_TEST,KP,0.150,KI,0.180,KD,0.006
[21:16:29] TUNE,Y,RESULT,MODE,PID,KP,0.150,KI,0.180,KD,0.006,SCORE,87.341
[21:16:29] TUNE,Y,RECENTER
[21:16:29] TUNE,Y,RECENTERED,ERROR,0
[21:16:29] TUNE,Y,PID_TEST,KP,0.150,KI,0.250,KD,0.006
[21:16:35] TUNE,Y,RESULT,MODE,PID,KP,0.150,KI,0.250,KD,0.006,SCORE,102.480
[21:16:35] TUNE,Y,RECENTER
[21:16:36] TUNE,Y,RECENTERED,ERROR,3
[21:16:36] TUNE,Y,PID_TEST,KP,0.150,KI,0.350,KD,0.006
[21:16:42] TUNE,Y,RESULT,MODE,PID,KP,0.150,KI,0.350,KD,0.006,SCORE,106.460
[21:16:42] TUNE,Y,RECENTER
[21:16:42] TUNE,Y,RECENTERED,ERROR,-1
[21:16:42] TUNE,Y,PID_TEST,KP,0.150,KI,0.480,KD,0.006
[21:16:48] TUNE,Y,RESULT,MODE,PID,KP,0.150,KI,0.480,KD,0.006,SCORE,109.550
[21:16:48] TUNE,Y,PID_JOINT_SEARCH,KP,0.090,KI,0.250,KD,0.003
[21:16:48] TUNE,Y,RECENTER
[21:16:48] TUNE,Y,RECENTERED,ERROR,-2
[21:16:48] TUNE,Y,PID_TEST,KP,0.080,KI,0.250,KD,0.003
[21:16:55] TUNE,Y,RESULT,MODE,PID,KP,0.080,KI,0.250,KD,0.003,SCORE,87.294
[21:16:55] TUNE,Y,RECENTER
[21:16:55] TUNE,Y,RECENTERED,ERROR,1
[21:16:55] TUNE,Y,PID_TEST,KP,0.090,KI,0.250,KD,0.000
[21:17:01] TUNE,Y,RESULT,MODE,PID,KP,0.090,KI,0.250,KD,0.000,SCORE,81.936
[21:17:01] TUNE,Y,RECENTER
[21:17:01] TUNE,Y,RECENTERED,ERROR,2
[21:17:01] TUNE,Y,PID_TEST,KP,0.090,KI,0.250,KD,0.006
[21:17:07] TUNE,Y,RESULT,MODE,PID,KP,0.090,KI,0.250,KD,0.006,SCORE,83.029
[21:17:07] TUNE,Y,RECENTER
[21:17:07] TUNE,Y,RECENTERED,ERROR,1
[21:17:07] TUNE,Y,PID_TEST,KP,0.090,KI,0.190,KD,0.003
[21:17:14] TUNE,Y,RESULT,MODE,PID,KP,0.090,KI,0.190,KD,0.003,SCORE,85.008
[21:17:14] TUNE,Y,RECENTER
[21:17:14] TUNE,Y,RECENTERED,ERROR,3
[21:17:14] TUNE,Y,PID_TEST,KP,0.090,KI,0.310,KD,0.003
[21:17:20] TUNE,Y,RESULT,MODE,PID,KP,0.090,KI,0.310,KD,0.003,SCORE,82.023
[21:17:20] TUNE,Y,RECENTER
[21:17:20] TUNE,Y,RECENTERED,ERROR,4
[21:17:20] TUNE,Y,PID_TEST,KP,0.080,KI,0.190,KD,0.003
[21:17:26] TUNE,Y,RESULT,MODE,PID,KP,0.080,KI,0.190,KD,0.003,SCORE,90.163
[21:17:26] TUNE,Y,RECENTER
[21:17:27] TUNE,Y,RECENTERED,ERROR,1
[21:17:27] TUNE,Y,PID_TEST,KP,0.080,KI,0.310,KD,0.003
[21:17:33] TUNE,Y,RESULT,MODE,PID,KP,0.080,KI,0.310,KD,0.003,SCORE,98.485
[21:17:33] TUNE,Y,RECENTER
[21:17:33] TUNE,Y,RECENTERED,ERROR,2
[21:17:33] TUNE,Y,PID_TEST,KP,0.120,KI,0.190,KD,0.003
[21:17:39] TUNE,Y,RESULT,MODE,PID,KP,0.120,KI,0.190,KD,0.003,SCORE,73.145
[21:17:39] TUNE,Y,RECENTER
[21:17:39] TUNE,Y,RECENTERED,ERROR,0
[21:17:39] TUNE,Y,PID_TEST,KP,0.120,KI,0.310,KD,0.003
[21:17:46] TUNE,Y,RESULT,MODE,PID,KP,0.120,KI,0.310,KD,0.003,SCORE,92.131
[21:17:46] TUNE,Y,PID_VALIDATE_TOP3
[21:17:46] TUNE,Y,RECENTER
[21:17:46] TUNE,Y,RECENTERED,ERROR,2
[21:17:46] TUNE,Y,PID_TEST,KP,0.120,KI,0.190,KD,0.003
[21:17:52] TUNE,Y,RESULT,MODE,PID,KP,0.120,KI,0.190,KD,0.003,SCORE,97.016
[21:17:52] TUNE,Y,RECENTER
[21:17:52] TUNE,Y,RECENTERED,ERROR,2
[21:17:52] TUNE,Y,PID_TEST,KP,0.090,KI,0.250,KD,0.003
[21:17:58] TUNE,Y,RESULT,MODE,PID,KP,0.090,KI,0.250,KD,0.003,SCORE,83.024
[21:17:58] TUNE,Y,RECENTER
[21:17:58] TUNE,Y,RECENTERED,ERROR,-3
[21:17:58] TUNE,Y,PID_TEST,KP,0.090,KI,0.180,KD,0.003
[21:18:05] TUNE,Y,RESULT,MODE,PID,KP,0.090,KI,0.180,KD,0.003,SCORE,80.576
[21:18:05] TUNE,Y,RECENTER
[21:18:05] TUNE,Y,RECENTERED,ERROR,2
[21:18:05] TUNE,Y,COMPLETE,KP,0.090,KI,0.180,KD,0.003,SCORE,80.880
[21:18:05] TUNE,XY,FINAL_RECENTER
[21:18:05] TUNE,XY,RECENTERED,XERR,3,YERR,3
[21:18:05] OK,TRACK_ON
[21:18:05] AUTOTUNE_COMPLETE,XKP,0.160,XKI,0.000,XKD,0.009,XPOL,1,XSCORE,110.237,YKP,0.090,YKI,0.180,YKD,0.003,YPOL,1,YSCORE,80.880
[21:18:05] 最佳参数已保存：F:\k230gc\pidtest\host\logs\20260706_210922\best_params.json
[21:18:05] 已建立首个冠军参数，总分 191.117
