2026-07-16T03:24:58.974 TX HELLO 1382082823
2026-07-16T03:24:59.108 RX HELLO,1382082823,2,STBY,HIGH,ENCODER_MM_X1000,580,SAMPLE_MS,10
2026-07-16T03:24:59.108 TX STOP
2026-07-16T03:24:59.234 RX OK STOP
2026-07-16T03:24:59.234 TX PARAM
2026-07-16T03:24:59.396 RX PARAM,x1000,PROFILE,1,FLASHVER,3,GUARDVER,2,LKP,350,LKI,100,RKP,500,RKI,350,LFF,460,RFF,437,LMIN,32,RMIN,26,SYNC,500,BIAS,80,LINEKP,3000,LINEKD,800,TURNANGLE,900,TURNFAST,150,TURNSLOW,100,TURNMARGIN,300,TURNEXIT,100,TURNDIST,98
2026-07-16T03:24:59.396 TX SENSOR
2026-07-16T03:24:59.527 RX SENSOR,OK,24,0,93,0,24
2026-07-16T03:24:59.527 TX IMU
2026-07-16T03:24:59.656 RX IMU,OK,-944,9056,137,VER,1,1,0,0
2026-07-16T03:24:59.656 TX SET TURNSLOW 80 1382082824
2026-07-16T03:24:59.792 RX SA,1382082824,TURNSLOW,80
2026-07-16T03:24:59.792 TX SET TURNFAST 150 1382082825
2026-07-16T03:24:59.926 RX SA,1382082825,TURNFAST,150
2026-07-16T03:24:59.926 TX SET TURNSLOW 100 1382082826
2026-07-16T03:25:00.056 RX SA,1382082826,TURNSLOW,100
2026-07-16T03:25:00.056 TX SET TURNANGLE 900 1382082827
2026-07-16T03:25:00.184 RX SA,1382082827,TURNANGLE,900
2026-07-16T03:25:00.184 TX SET TURNMARGIN 300 1382082828
2026-07-16T03:25:00.317 RX SA,1382082828,TURNMARGIN,300
2026-07-16T03:25:00.317 TX SET TURNEXIT 100 1382082829
2026-07-16T03:25:00.443 RX SA,1382082829,TURNEXIT,100
2026-07-16T03:25:00.443 TX SET TURNDIST 98 1382082830
2026-07-16T03:25:00.579 RX SA,1382082830,TURNDIST,98
2026-07-16T03:25:00.579 TX SQUARE 120 1 1382082831
2026-07-16T03:25:00.635 RX TEST START,SQUARE,120,1
2026-07-16T03:25:00.635 RX CSV,time_ms,mode,left_target,right_target,left_mmps,right_mmps,left_pwm,right_pwm,left_error,right_error,count_diff,line_error,line_mask,line_valid,yaw_x10,corner_count,square_state,turn_travel_mm
2026-07-16T03:25:00.635 RX SQ,1382082831,OK
2026-07-16T03:25:00.730 RX PID,20,SQUARE,1,1,0,0,32,26,1,1,0,0,24,1,0,0,0,0
2026-07-16T03:25:00.730 RX PID,40,SQUARE,3,3,0,0,34,28,3,3,0,0,24,1,0,0,0,0
2026-07-16T03:25:00.730 RX PID,60,SQUARE,4,4,0,0,34,29,4,4,0,0,24,1,0,0,0,0
2026-07-16T03:25:00.730 RX PID,80,SQUARE,6,6,0,0,36,31,6,6,0,0,24,1,0,0,0,0
2026-07-16T03:25:00.730 RX PID,100,SQUARE,7,7,0,0,37,32,7,7,0,0,24,1,0,0,0,0
2026-07-16T03:25:00.836 RX PID,120,SQUARE,9,9,0,0,39,33,9,9,0,0,24,1,0,0,0,0
2026-07-16T03:25:00.836 RX PID,140,SQUARE,11,11,0,0,40,35,11,11,0,0,24,1,0,0,0,0
2026-07-16T03:25:00.836 RX PID,160,SQUARE,12,12,0,0,41,37,12,12,0,0,24,1,0,0,0,0
2026-07-16T03:25:00.836 RX PID,180,SQUARE,14,14,0,43,42,18,14,-29,-1,0,24,1,0,0,0,0
2026-07-16T03:25:00.836 RX PID,200,SQUARE,15,15,0,2,43,38,15,13,-1,0,24,1,0,0,0,0
2026-07-16T03:25:00.930 RX PID,220,SQUARE,17,17,0,0,44,41,17,17,-1,0,24,1,0,0,0,0
2026-07-16T03:25:00.930 RX PID,240,SQUARE,19,19,0,43,46,22,19,-24,-2,0,24,1,0,0,0,0
2026-07-16T03:25:00.930 RX PID,260,SQUARE,20,20,0,2,48,43,20,18,-2,0,24,1,0,0,0,0
2026-07-16T03:25:00.930 RX PID,280,SQUARE,22,22,0,0,49,46,22,22,-2,0,24,1,0,0,0,0
2026-07-16T03:25:01.024 RX PID,300,SQUARE,23,23,0,0,50,47,23,23,-1,0,24,1,0,0,0,0
2026-07-16T03:25:01.024 RX PID,320,SQUARE,25,25,10,0,48,49,15,25,0,0,24,1,0,0,0,0
2026-07-16T03:25:01.024 RX PID,340,SQUARE,27,27,11,0,49,51,16,27,0,0,24,1,0,0,0,0
2026-07-16T03:25:01.024 RX PID,360,SQUARE,28,28,0,0,53,53,28,28,0,0,24,1,0,0,0,0
2026-07-16T03:25:01.024 RX PID,380,SQUARE,30,30,0,0,55,55,30,30,0,0,24,1,0,0,0,0
2026-07-16T03:25:01.111 RX PID,400,SQUARE,31,31,0,0,56,55,31,31,0,0,24,1,0,0,0,0
2026-07-16T03:25:01.111 RX PID,420,SQUARE,33,33,0,0,58,58,33,33,0,0,24,1,0,0,0,0
2026-07-16T03:25:01.111 RX PID,440,SQUARE,35,35,10,0,56,60,25,35,1,0,24,1,0,0,0,0
2026-07-16T03:25:01.111 RX PID,460,SQUARE,36,36,0,0,60,61,36,36,1,0,24,1,0,0,0,0
2026-07-16T03:25:01.213 RX PID,480,SQUARE,38,38,0,43,62,42,38,-5,0,0,24,1,0,0,0,0
2026-07-16T03:25:01.213 RX PID,500,SQUARE,39,39,0,2,62,63,39,37,0,0,24,1,0,0,0,0
2026-07-16T03:25:01.213 RX PID,520,SQUARE,41,41,0,0,64,66,41,41,0,0,24,1,0,0,0,0
2026-07-16T03:25:01.213 RX PID,540,SQUARE,43,43,0,0,66,68,43,43,0,0,24,1,0,0,0,0
2026-07-16T03:25:01.213 RX PID,560,SQUARE,44,44,0,0,68,70,44,44,0,0,24,1,0,0,0,0
2026-07-16T03:25:01.317 RX PID,580,SQUARE,46,46,0,0,70,73,46,46,0,0,24,1,0,0,0,0
2026-07-16T03:25:01.317 RX PID,600,SQUARE,47,47,10,0,66,73,37,47,1,0,24,1,0,0,0,0
2026-07-16T03:25:01.317 RX PID,620,SQUARE,49,49,0,0,72,75,49,49,1,0,24,1,0,0,0,0
2026-07-16T03:25:01.317 RX PID,640,SQUARE,51,51,0,0,73,78,51,51,1,0,24,1,0,0,0,0
2026-07-16T03:25:01.317 RX PID,660,SQUARE,52,52,0,0,74,79,52,52,1,0,24,1,0,0,0,0
2026-07-16T03:25:01.404 RX PID,680,SQUARE,54,54,0,0,75,81,54,54,1,0,24,1,0,0,0,0
2026-07-16T03:25:01.404 RX PID,700,SQUARE,55,55,0,0,77,83,55,55,1,0,24,1,0,0,0,0
2026-07-16T03:25:01.404 RX PID,720,SQUARE,57,57,0,0,78,84,57,57,1,0,24,1,0,0,0,0
2026-07-16T03:25:01.404 RX PID,740,SQUARE,59,59,0,0,80,87,59,59,1,0,24,1,0,0,0,0
2026-07-16T03:25:01.506 RX PID,760,SQUARE,60,60,0,0,82,89,60,60,1,0,24,1,0,0,0,0
2026-07-16T03:25:01.506 RX PID,780,SQUARE,62,62,0,0,83,91,62,62,1,0,24,1,0,0,0,0
2026-07-16T03:25:01.506 RX PID,800,SQUARE,63,63,0,0,84,92,63,63,1,0,24,1,0,0,0,0
2026-07-16T03:25:01.506 RX PID,820,SQUARE,65,65,0,0,85,94,65,65,1,0,24,1,0,0,0,0
2026-07-16T03:25:01.506 RX PID,840,SQUARE,67,67,0,0,87,97,67,67,1,0,24,1,0,0,0,0
2026-07-16T03:25:01.593 RX PID,860,SQUARE,68,68,0,0,88,98,68,68,1,0,24,1,0,0,0,0
2026-07-16T03:25:01.593 RX PID,880,SQUARE,70,70,0,0,90,101,70,70,1,0,24,1,0,0,0,0
2026-07-16T03:25:01.593 RX PID,900,SQUARE,71,71,0,0,91,102,71,71,1,0,24,1,0,0,0,0
2026-07-16T03:25:01.593 RX PID,920,SQUARE,73,73,0,0,93,104,73,73,1,0,24,1,0,0,0,0
2026-07-16T03:25:01.694 RX PID,940,SQUARE,75,75,0,0,95,106,75,75,1,0,24,1,0,0,0,0
2026-07-16T03:25:01.694 RX PID,960,SQUARE,76,76,0,10,95,104,76,66,0,0,24,1,0,0,0,0
2026-07-16T03:25:01.694 RX PID,980,SQUARE,78,78,0,0,97,111,78,78,0,0,24,1,0,0,0,0
2026-07-16T03:25:01.694 RX PID,1000,SQUARE,79,79,0,0,98,112,79,79,0,0,24,1,0,0,0,0
2026-07-16T03:25:01.694 RX PID,1020,SQUARE,81,81,0,0,100,114,81,81,0,0,24,1,0,0,0,0
2026-07-16T03:25:01.793 RX PID,1040,SQUARE,83,83,43,10,88,112,40,73,0,0,24,1,0,0,0,0
2026-07-16T03:25:01.793 RX PID,1060,SQUARE,84,84,2,0,102,118,82,84,-1,0,24,1,0,0,0,0
2026-07-16T03:25:01.793 RX PID,1080,SQUARE,86,86,0,10,105,116,86,76,0,0,24,1,0,0,0,0
2026-07-16T03:25:01.793 RX PID,1100,SQUARE,87,87,10,44,102,100,77,43,-1,0,24,1,0,0,0,0
2026-07-16T03:25:01.865 RX PID,1120,SQUARE,89,89,0,2,107,123,89,87,-1,0,24,1,0,0,0,0
2026-07-16T03:25:01.865 RX PID,1140,SQUARE,91,91,10,11,105,121,81,80,-2,0,24,1,0,0,0,0
2026-07-16T03:25:01.865 RX PID,1160,SQUARE,91,91,10,11,105,121,81,80,-2,0,24,1,0,0,0,0
2026-07-16T03:25:01.865 RX PID,1180,SQUARE,94,94,46,49,95,105,48,45,-2,0,24,1,0,0,0,0
2026-07-16T03:25:01.967 RX PID,1200,SQUARE,96,96,46,57,98,103,50,39,-3,0,24,1,0,0,0,0
2026-07-16T03:25:01.967 RX PID,1220,SQUARE,97,97,46,57,98,105,51,40,-4,0,24,1,0,0,0,0
2026-07-16T03:25:01.967 RX PID,1240,SQUARE,99,99,46,57,100,107,53,42,-5,0,24,1,0,0,0,0
2026-07-16T03:25:01.967 RX PID,1260,SQUARE,100,100,13,57,113,108,87,43,-5,0,24,1,0,0,0,0
2026-07-16T03:25:01.967 RX PID,1280,SQUARE,102,102,55,101,99,88,47,1,-7,0,24,1,0,0,0,0
2026-07-16T03:25:02.052 RX PID,1300,SQUARE,104,104,57,60,100,111,47,44,-7,0,24,1,0,0,0,0
2026-07-16T03:25:02.052 RX PID,1320,SQUARE,105,105,57,58,101,112,48,47,-7,0,24,1,0,0,0,0
2026-07-16T03:25:02.052 RX PID,1340,SQUARE,107,107,57,58,103,115,50,49,-7,0,24,1,0,0,0,0
2026-07-16T03:25:02.052 RX PID,1360,SQUARE,108,108,14,58,119,117,94,50,-7,0,24,1,0,0,0,0
2026-07-16T03:25:02.134 RX PID,1380,SQUARE,109,109,47,101,109,96,62,8,-9,0,24,1,0,0,0,0
2026-07-16T03:25:02.134 RX PID,1400,SQUARE,112,112,14,58,123,121,98,54,-10,0,24,1,0,0,0,0
2026-07-16T03:25:02.134 RX PID,1420,SQUARE,113,113,55,101,109,101,58,12,-11,0,24,1,0,0,0,0
2026-07-16T03:25:02.134 RX PID,1440,SQUARE,115,115,14,60,125,123,101,55,-13,2,16,1,0,0,0,0
2026-07-16T03:25:02.218 RX PID,1460,SQUARE,116,116,47,102,115,103,69,14,-14,2,16,1,0,0,0,0
2026-07-16T03:25:02.218 RX PID,1480,SQUARE,118,118,11,69,129,122,107,49,-16,2,16,1,0,0,0,0
2026-07-16T03:25:02.218 RX PID,1500,SQUARE,120,120,11,69,132,124,109,51,-19,2,16,1,0,0,0,0
2026-07-16T03:25:02.218 RX PID,1520,SQUARE,120,120,11,113,132,102,109,7,-21,2,16,1,0,0,0,0
2026-07-16T03:25:02.302 RX PID,1540,SQUARE,120,120,55,104,116,107,65,16,-22,2,16,1,0,0,0,0
2026-07-16T03:25:02.302 RX PID,1560,SQUARE,123,117,46,71,121,121,77,46,-25,6,48,1,0,0,0,0
2026-07-16T03:25:02.302 RX PID,1580,SQUARE,129,111,46,113,127,94,83,-2,-27,6,48,1,0,0,0,0
2026-07-16T03:25:02.302 RX PID,1600,SQUARE,135,105,13,104,144,93,122,1,-29,6,48,1,0,0,0,0
2026-07-16T03:25:02.386 RX PID,1620,SQUARE,138,102,55,115,132,85,83,-13,-31,6,48,1,0,0,0,0
2026-07-16T03:25:02.386 RX PID,1640,SQUARE,138,102,13,115,146,85,125,-13,-33,6,48,1,0,0,0,0
2026-07-16T03:25:02.386 RX PID,1660,SQUARE,138,102,57,113,131,86,81,-11,-35,6,48,1,0,0,0,0
2026-07-16T03:25:02.386 RX PID,1680,SQUARE,138,102,47,115,134,85,91,-13,-38,6,48,1,0,0,0,0
2026-07-16T03:25:02.470 RX PID,1700,SQUARE,138,102,57,105,131,90,81,-3,-39,6,48,1,0,0,0,0
2026-07-16T03:25:02.470 RX PID,1720,SQUARE,138,102,57,113,132,86,81,-11,-41,6,48,1,0,0,0,0
2026-07-16T03:25:02.470 RX PID,1740,SQUARE,138,102,57,105,132,90,81,-3,-42,6,48,1,0,0,0,0
2026-07-16T03:25:02.470 RX PID,1760,SQUARE,138,102,57,115,132,85,81,-13,-44,6,48,1,0,0,0,0
2026-07-16T03:25:02.534 RX PID,1780,SQUARE,138,102,14,72,147,106,124,30,-46,6,48,1,0,0,0,0
2026-07-16T03:25:02.534 RX PID,1800,SQUARE,138,102,55,113,133,86,83,-11,-48,6,48,1,0,0,0,0
2026-07-16T03:25:02.534 RX PID,1820,SQUARE,138,102,57,115,132,85,81,-13,-49,6,48,1,0,0,0,0
2026-07-16T03:25:02.619 RX PID,1840,SQUARE,138,102,101,72,117,106,37,30,-50,6,48,1,0,0,0,0
2026-07-16T03:25:02.619 RX PID,1860,SQUARE,138,102,60,113,132,86,78,-11,-52,6,48,1,0,0,0,0
2026-07-16T03:25:02.619 RX PID,1880,SQUARE,144,96,58,115,138,79,86,-19,-54,11,32,1,0,0,0,0
2026-07-16T03:25:02.619 RX PID,1900,SQUARE,150,90,101,115,128,74,49,-25,-55,11,32,1,0,0,0,0
2026-07-16T03:25:02.703 RX PID,1920,SQUARE,153,87,60,105,144,76,93,-18,-56,11,32,1,0,0,0,0
2026-07-16T03:25:02.703 RX PID,1940,SQUARE,153,87,58,115,145,71,95,-28,-58,11,32,1,0,0,0,0
2026-07-16T03:25:02.703 RX PID,1960,SQUARE,153,87,68,105,142,76,85,-18,-58,11,32,1,0,0,0,0
2026-07-16T03:25:02.703 RX PID,1980,SQUARE,153,87,58,115,146,71,95,-28,-59,11,32,1,0,0,0,0
2026-07-16T03:25:02.788 RX PID,2000,SQUARE,155,85,68,105,144,74,87,-20,-60,23,96,1,0,0,0,0
2026-07-16T03:25:02.788 RX PID,2020,SQUARE,155,85,102,104,132,75,53,-19,-60,23,96,1,0,0,0,0
2026-07-16T03:25:02.788 RX PID,2040,SQUARE,155,85,104,71,131,91,51,14,-60,23,96,1,0,0,0,0
2026-07-16T03:25:02.788 RX PID,2060,SQUARE,155,85,60,69,147,92,95,16,-61,23,96,1,0,0,0,0
2026-07-16T03:25:02.873 RX PID,2080,SQUARE,155,85,69,69,145,92,86,16,-61,23,96,1,0,0,0,0
2026-07-16T03:25:02.873 RX PID,2100,SQUARE,155,85,69,69,145,92,86,16,-62,23,96,1,0,0,0,0
2026-07-16T03:25:02.873 RX PID,2120,SQUARE,155,85,102,113,133,69,53,-28,-62,23,96,1,0,0,0,0
2026-07-16T03:25:02.873 RX PID,2140,SQUARE,155,85,104,104,132,74,51,-19,-62,23,96,1,0,0,0,0
2026-07-16T03:25:02.954 RX PID,2160,SQUARE,155,85,104,71,132,90,51,14,-62,23,96,1,0,0,0,0
2026-07-16T03:25:02.954 RX PID,2180,SQUARE,155,85,104,113,132,69,51,-28,-63,23,96,1,0,0,0,0
2026-07-16T03:25:02.954 RX PID,2200,SQUARE,155,85,104,104,132,74,51,-19,-63,36,64,1,0,0,0,0
2026-07-16T03:25:02.954 RX PID,2220,SQUARE,155,85,104,115,132,68,51,-30,-64,36,64,1,0,0,0,0
2026-07-16T03:25:03.038 RX PID,2240,SQUARE,155,85,104,105,133,73,51,-20,-64,36,64,1,0,0,0,0
2026-07-16T03:25:03.038 RX PID,2260,SQUARE,155,85,104,71,133,90,51,14,-64,36,64,1,0,0,0,0
2026-07-16T03:25:03.038 RX PID,2280,SQUARE,155,85,71,113,145,69,84,-28,-65,36,64,1,0,0,0,0
2026-07-16T03:25:03.038 RX PID,2300,SQUARE,155,85,104,71,133,90,51,14,-65,36,64,1,0,0,0,0
2026-07-16T03:25:03.122 RX PID,2320,SQUARE,155,85,113,71,130,90,42,14,-64,36,64,1,0,0,0,0
2026-07-16T03:25:03.122 RX PID,2340,SQUARE,155,85,104,113,133,68,51,-28,-65,36,64,1,0,0,0,0
2026-07-16T03:25:03.122 RX PID,2360,SQUARE,155,85,104,104,133,73,51,-19,-65,36,64,1,0,0,0,0
2026-07-16T03:25:03.122 RX PID,2380,SQUARE,155,85,113,113,130,68,42,-28,-66,36,64,1,0,0,0,0
2026-07-16T03:25:03.203 RX PID,2400,SQUARE,155,85,113,105,131,72,42,-20,-65,36,64,1,0,0,0,0
2026-07-16T03:25:03.203 RX PID,2420,SQUARE,155,85,104,104,134,73,51,-19,-65,36,64,1,0,0,0,0
2026-07-16T03:25:03.203 RX PID,2440,SQUARE,155,85,115,115,131,67,40,-30,-65,36,64,1,0,0,0,0
2026-07-16T03:25:03.203 RX PID,2460,SQUARE,155,85,105,72,134,88,50,13,-65,36,64,1,0,0,0,0
2026-07-16T03:25:03.286 RX PID,2480,SQUARE,155,85,115,113,131,68,40,-28,-65,36,64,1,0,0,0,0
2026-07-16T03:25:03.286 RX PID,2500,SQUARE,155,85,72,115,146,67,83,-30,-66,36,64,1,0,0,0,0
2026-07-16T03:25:03.286 RX PID,2520,SQUARE,155,85,115,105,131,72,40,-20,-65,36,64,1,0,0,0,0
2026-07-16T03:25:03.286 RX PID,2540,SQUARE,155,85,105,71,134,88,50,14,-65,36,64,1,0,0,0,0
2026-07-16T03:25:03.377 RX PID,2560,SQUARE,155,85,115,113,131,67,40,-28,-65,0,0,0,0,0,0,0
2026-07-16T03:25:03.377 RX PID,2580,SQUARE,155,85,105,104,135,72,50,-19,-65,0,0,0,0,0,0,0
2026-07-16T03:25:03.377 RX PID,2600,SQUARE,155,85,115,115,132,66,40,-30,-65,0,0,0,0,0,0,0
2026-07-16T03:25:03.377 RX PID,2620,SQUARE,155,85,115,72,132,87,40,13,-64,0,0,0,0,0,0,0
2026-07-16T03:25:03.456 RX PID,2640,SQUARE,155,85,289,192,72,28,-134,-107,-63,0,0,0,0,0,0,0
2026-07-16T03:25:03.456 RX PID,2660,SQUARE,100,100,115,88,88,92,-15,12,-63,0,0,0,0,0,0,0
2026-07-16T03:25:03.456 RX PID,2680,SQUARE,100,100,72,114,102,79,28,-14,-64,0,0,0,0,0,0,0
2026-07-16T03:25:03.456 RX PID,2700,SQUARE,100,100,113,115,89,79,-13,-15,-63,0,0,0,0,0,0,0
2026-07-16T03:25:03.539 RX PID,2721,SQUARE,100,100,202,202,57,35,-102,-102,-63,0,0,0,0,0,0,0
2026-07-16T03:25:03.539 RX PID,2741,SQUARE,100,100,121,77,85,97,-21,23,-63,0,0,0,0,0,0,0
2026-07-16T03:25:03.539 RX PID,2761,SQUARE,100,100,105,113,91,80,-5,-13,-64,0,0,0,0,0,0,0
2026-07-16T03:25:03.539 RX PID,2781,SQUARE,100,100,115,104,87,84,-15,-4,-63,0,0,0,0,0,0,0
2026-07-16T03:25:03.622 RX PID,2801,SQUARE,100,100,105,71,91,100,-5,29,-63,0,0,0,0,0,0,0
2026-07-16T03:25:03.622 RX PID,2821,SQUARE,100,100,104,69,91,101,-4,31,-63,0,0,0,0,0,0,0
2026-07-16T03:25:03.622 RX PID,2841,SQUARE,100,100,104,69,91,101,-4,31,-64,0,0,0,0,0,0,0
2026-07-16T03:25:03.622 RX PID,2861,SQUARE,100,100,104,113,92,80,-4,-13,-64,0,0,0,0,0,0,0
2026-07-16T03:25:03.706 RX PID,2881,SQUARE,100,100,104,104,92,84,-4,-4,-64,0,0,0,0,0,0,0
2026-07-16T03:25:03.706 RX PID,2901,SQUARE,100,100,104,104,92,84,-4,-4,-64,0,0,0,0,0,0,0
2026-07-16T03:25:03.706 RX PID,2921,SQUARE,100,100,104,71,92,100,-4,29,-64,0,0,0,0,0,0,0
2026-07-16T03:25:03.706 RX PID,2941,SQUARE,100,100,71,102,103,85,29,-2,-64,0,0,0,0,0,0,0
2026-07-16T03:25:03.794 RX PID,2961,SQUARE,100,100,69,71,103,100,31,29,-64,0,0,0,0,0,0,0
2026-07-16T03:25:03.794 RX PID,2981,SQUARE,100,100,69,69,103,102,31,31,-64,0,0,0,0,0,0,0
2026-07-16T03:25:03.794 RX PID,3001,SQUARE,100,100,69,69,103,102,31,31,-64,0,0,0,0,0,0,0
2026-07-16T03:25:03.794 RX PID,3021,SQUARE,100,100,102,69,93,102,-2,31,-64,0,0,0,0,0,0,0
2026-07-16T03:25:03.879 RX PID,3041,SQUARE,100,100,104,69,92,102,-4,31,-64,0,0,0,0,0,0,0
2026-07-16T03:25:03.879 RX PID,3061,SQUARE,100,100,104,69,92,102,-4,31,-64,0,0,0,0,0,0,0
2026-07-16T03:25:03.879 RX PID,3081,SQUARE,100,100,60,69,107,102,40,31,-65,0,0,0,0,0,0,0
2026-07-16T03:25:03.879 RX PID,3101,SQUARE,100,100,69,69,103,102,31,31,-65,0,0,0,0,0,0,0
2026-07-16T03:25:04.026 RX PID,3121,SQUARE,100,100,69,69,103,102,31,31,-65,0,0,0,0,0,0,0
2026-07-16T03:25:04.026 RX PID,3141,SQUARE,100,100,58,69,107,102,42,31,-66,0,0,0,0,0,0,0
2026-07-16T03:25:04.026 RX SQUARE ERROR,LINE LOST
2026-07-16T03:25:04.026 TX STOP
2026-07-16T03:25:04.026 TX STOP
2026-07-16T03:25:04.157 RX OK STOP
2026-07-16T03:25:04.157 RX OK STOP
2026-07-16T03:25:04.157 TX SET TURNANGLE 900 1382082832
2026-07-16T03:25:04.296 RX SA,1382082832,TURNANGLE,900
2026-07-16T03:25:04.296 TX SET TURNFAST 150 1382082833
2026-07-16T03:25:04.435 RX SA,1382082833,TURNFAST,150
2026-07-16T03:25:04.435 TX SET TURNSLOW 100 1382082834
2026-07-16T03:25:04.574 RX SA,1382082834,TURNSLOW,100
2026-07-16T03:25:04.574 TX SET TURNMARGIN 300 1382082835
2026-07-16T03:25:04.713 RX SA,1382082835,TURNMARGIN,300
2026-07-16T03:25:04.713 TX SET TURNEXIT 100 1382082836
2026-07-16T03:25:04.852 RX SA,1382082836,TURNEXIT,100
2026-07-16T03:25:04.852 TX SET TURNDIST 98 1382082837
2026-07-16T03:25:04.992 RX SA,1382082837,TURNDIST,98
2026-07-16T03:25:04.995 TX STOP
2026-07-16T03:25:05.132 RX OK STOP
2026-07-16T03:25:05.132 TX STOP
2026-07-16T03:25:05.259 RX OK STOP
2026-07-16T03:25:05.259 TX SET LINEKP 6750 1382082838
2026-07-16T03:25:05.391 RX SA,1382082838,LINEKP,6750
2026-07-16T03:25:05.391 TX SET LINEKD 2000 1382082839
2026-07-16T03:25:05.529 RX SA,1382082839,LINEKD,2000
2026-07-16T03:25:05.529 TX SET TURNDIST 98 1382082840
2026-07-16T03:25:05.660 RX SA,1382082840,TURNDIST,98
2026-07-16T03:25:05.660 TX SET TURNANGLE 900 1382082841
2026-07-16T03:25:05.795 RX SA,1382082841,TURNANGLE,900
2026-07-16T03:25:05.795 TX SET TURNFAST 185 1382082842
2026-07-16T03:25:05.937 RX SA,1382082842,TURNFAST,185
2026-07-16T03:25:05.937 TX SET TURNSLOW 140 1382082843
2026-07-16T03:25:06.066 RX SA,1382082843,TURNSLOW,140
2026-07-16T03:25:06.066 TX SET TURNMARGIN 180 1382082844
2026-07-16T03:25:06.198 RX SA,1382082844,TURNMARGIN,180
2026-07-16T03:25:06.198 TX SET TURNEXIT 140 1382082845
2026-07-16T03:25:06.339 RX SA,1382082845,TURNEXIT,140
2026-07-16T03:25:06.339 TX STOP
2026-07-16T03:25:06.341 TX STOP
