2026-07-17T11:32:52.473 TX HELLO 844373686
2026-07-17T11:32:52.606 RX HELLO,844373686,2,STBY,HIGH,ENCODER_MM_X1000,580,SAMPLE_MS,10
2026-07-17T11:32:52.606 TX STOP
2026-07-17T11:32:52.743 RX OK STOP
2026-07-17T11:32:52.743 TX PARAM
2026-07-17T11:32:52.897 RX PARAM,x1000,PROFILE,1,FLASHVER,3,GUARDVER,9,LKP,350,LKI,100,RKP,500,RKI,350,LFF,460,RFF,437,LMIN,32,RMIN,26,SYNC,500,BIAS,80,GSTART,10,LINEKP,3000,LINEKD,800,TURNANGLE,900,TURNFAST,150,TURNSLOW,100,TURNMARGIN,300,TURNEXIT,100,TURNDIST,98
2026-07-17T11:32:52.897 TX STATUS
2026-07-17T11:32:53.033 RX STATUS,42864,IDLE,0,0,0,0,0,0,SAFE,SELECTED_LAPS,1,STBY,HIGH
2026-07-17T11:32:53.033 TX SENSOR
2026-07-17T11:32:53.169 RX SENSOR,OK,24,0,93,0,24
2026-07-17T11:32:53.170 TX SENSOR
2026-07-17T11:32:53.304 RX SENSOR,OK,24,0,93,0,24
2026-07-17T11:32:53.304 TX SENSOR
2026-07-17T11:32:53.443 RX SENSOR,OK,24,0,93,0,24
2026-07-17T11:32:53.443 TX SENSOR
2026-07-17T11:32:53.582 RX SENSOR,OK,24,0,93,0,24
2026-07-17T11:32:53.582 TX SENSOR
2026-07-17T11:32:53.718 RX SENSOR,OK,24,0,93,0,24
2026-07-17T11:32:53.718 TX IMU
2026-07-17T11:32:53.852 RX IMU,OK,-790,3698,65,VER,1,1,0,0
2026-07-17T11:32:53.852 TX STREAM TUNE
2026-07-17T11:32:53.983 RX OK STREAM TUNE
2026-07-17T11:32:53.983 TX SQUARE 120 3 844373687
2026-07-17T11:32:54.179 RX TEST START,SQUARE,120,3
2026-07-17T11:32:54.179 RX SQ,844373687,OK
2026-07-17T11:32:54.179 RX LT,20,0,0,0,0,0,24,1,0,0,0,0
2026-07-17T11:32:54.179 RX LT,40,0,0,0,0,0,24,1,0,0,0,0
2026-07-17T11:32:54.179 RX LT,60,0,0,0,0,0,24,1,0,0,0,0
2026-07-17T11:32:54.179 RX LT,80,0,0,0,0,0,24,1,0,0,0,0
2026-07-17T11:32:54.179 RX LT,100,0,0,0,0,0,24,1,0,0,0,0
2026-07-17T11:32:54.179 RX LT,120,0,0,0,0,0,24,1,0,0,0,0
2026-07-17T11:32:54.179 RX LT,140,0,0,0,0,0,24,1,0,0,0,0
2026-07-17T11:32:54.345 RX LT,160,0,0,0,0,0,24,1,0,0,0,0
2026-07-17T11:32:54.345 RX LT,180,0,0,0,0,0,24,1,-1,0,0,0
2026-07-17T11:32:54.345 RX LT,200,0,0,0,0,0,24,1,-1,0,0,0
2026-07-17T11:32:54.345 RX LT,220,0,0,0,0,0,24,1,-1,0,0,0
2026-07-17T11:32:54.345 RX LT,240,0,0,0,0,0,24,1,-1,0,0,0
2026-07-17T11:32:54.345 RX LT,260,0,0,0,0,0,24,1,-1,0,0,0
2026-07-17T11:32:54.345 RX LT,280,0,0,0,0,0,24,1,0,0,0,0
2026-07-17T11:32:54.345 RX LT,300,0,0,0,0,0,24,1,0,0,0,0
2026-07-17T11:32:54.492 RX LT,320,0,0,0,0,0,24,1,0,0,0,0
2026-07-17T11:32:54.492 RX LT,340,40,40,0,0,0,24,1,0,0,0,0
2026-07-17T11:32:54.492 RX LT,360,43,43,43,43,0,24,1,0,0,0,0
2026-07-17T11:32:54.492 RX LT,380,45,45,46,46,0,24,1,0,0,0,0
2026-07-17T11:32:54.492 RX LT,400,48,48,2,13,0,24,1,0,0,0,0
2026-07-17T11:32:54.492 RX LT,420,50,50,43,44,0,24,1,1,0,0,0
2026-07-17T11:32:54.492 RX LT,440,51,51,10,11,0,24,1,1,0,0,0
2026-07-17T11:32:54.660 RX LT,460,55,55,43,46,0,24,1,2,0,0,0
2026-07-17T11:32:54.660 RX LT,480,57,57,2,13,0,24,1,4,0,0,0
2026-07-17T11:32:54.660 RX LT,500,60,60,0,11,0,24,1,6,0,0,0
2026-07-17T11:32:54.660 RX LT,520,62,62,43,11,0,24,1,8,0,0,0
2026-07-17T11:32:54.660 RX LT,540,64,64,2,44,0,24,1,9,0,0,0
2026-07-17T11:32:54.660 RX LT,560,67,67,0,2,0,24,1,9,0,0,0
2026-07-17T11:32:54.660 RX LT,580,68,68,0,44,0,24,1,10,0,0,0
2026-07-17T11:32:54.660 RX LT,600,72,72,0,0,0,24,1,12,0,0,0
2026-07-17T11:32:54.838 RX LT,620,74,74,0,10,0,24,1,13,0,0,0
2026-07-17T11:32:54.838 RX LT,640,76,76,0,0,0,24,1,14,0,0,0
2026-07-17T11:32:54.838 RX LT,660,79,79,0,10,0,24,1,15,0,0,0
2026-07-17T11:32:54.838 RX LT,680,81,81,0,44,0,24,1,16,0,0,0
2026-07-17T11:32:54.838 RX LT,700,84,84,0,2,0,24,1,18,0,0,0
2026-07-17T11:32:54.838 RX LT,720,86,86,0,11,0,24,1,19,0,0,0
2026-07-17T11:32:54.838 RX LT,740,88,88,0,0,0,24,1,19,0,0,0
2026-07-17T11:32:54.954 RX LT,760,90,90,0,0,0,24,1,20,0,0,0
2026-07-17T11:32:54.955 RX LT,780,93,93,0,2,0,24,1,20,0,0,0
2026-07-17T11:32:54.955 RX LT,800,96,96,10,43,0,24,1,20,0,0,0
2026-07-17T11:32:54.955 RX LT,820,98,98,0,2,0,24,1,21,0,0,0
2026-07-17T11:32:54.955 RX LT,840,100,100,43,11,0,24,1,21,0,0,0
2026-07-17T11:32:54.955 RX LT,860,100,100,2,44,0,24,1,21,0,0,0
2026-07-17T11:32:54.955 RX LT,880,100,100,0,11,0,24,1,22,0,0,0
2026-07-17T11:32:55.100 RX LT,900,100,100,2,46,0,24,1,23,0,0,0
2026-07-17T11:32:55.100 RX LT,920,100,100,43,46,0,24,1,24,0,0,0
2026-07-17T11:32:55.100 RX LT,940,100,100,2,13,0,24,1,25,0,0,0
2026-07-17T11:32:55.100 RX LT,960,100,100,43,55,0,24,1,27,0,0,0
2026-07-17T11:32:55.100 RX LT,980,100,100,10,57,0,24,1,29,0,0,0
2026-07-17T11:32:55.100 RX LT,1000,100,100,11,47,0,24,1,30,0,0,0
2026-07-17T11:32:55.100 RX LT,1020,100,100,0,57,0,24,1,32,0,0,0
2026-07-17T11:32:55.227 RX LT,1040,100,100,10,57,0,24,1,34,0,0,0
2026-07-17T11:32:55.227 RX LT,1060,100,100,0,57,0,24,1,37,0,0,0
2026-07-17T11:32:55.227 RX LT,1080,100,100,10,57,0,24,1,40,0,0,0
2026-07-17T11:32:55.227 RX LT,1100,100,100,0,57,0,24,1,42,0,0,0
2026-07-17T11:32:55.227 RX LT,1120,100,100,10,57,0,24,1,45,0,0,0
2026-07-17T11:32:55.227 RX LT,1140,100,100,44,57,2,16,1,48,0,0,0
2026-07-17T11:32:55.227 RX LT,1160,100,100,11,57,2,16,1,52,0,0,0
2026-07-17T11:32:55.373 RX LT,1180,100,100,11,57,2,16,1,54,0,0,0
2026-07-17T11:32:55.373 RX LT,1200,100,100,44,101,2,16,1,56,0,0,0
2026-07-17T11:32:55.373 RX LT,1220,100,100,46,60,2,16,1,59,0,0,0
2026-07-17T11:32:55.373 RX LT,1240,108,92,2,58,6,48,1,61,0,0,0
2026-07-17T11:32:55.373 RX LT,1260,118,82,43,58,6,48,1,63,0,0,0
2026-07-17T11:32:55.373 RX LT,1280,118,82,46,68,6,48,1,65,0,0,0
2026-07-17T11:32:55.519 RX LT,1300,118,82,11,60,6,48,1,67,0,0,0
2026-07-17T11:32:55.519 RX LT,1320,118,82,46,58,6,48,1,69,0,0,0
2026-07-17T11:32:55.519 RX LT,1340,118,82,46,58,6,48,1,71,0,0,0
2026-07-17T11:32:55.519 RX LT,1360,118,82,2,68,6,48,1,74,0,0,0
2026-07-17T11:32:55.519 RX LT,1380,118,82,11,58,6,48,1,75,0,0,0
2026-07-17T11:32:55.519 RX LT,1400,118,82,11,58,6,48,1,76,0,0,0
2026-07-17T11:32:55.519 RX LT,1420,118,82,11,58,6,48,1,78,0,0,0
2026-07-17T11:32:55.666 RX LT,1440,118,82,55,58,6,48,1,79,0,0,0
2026-07-17T11:32:55.666 RX LT,1460,118,82,13,58,6,48,1,80,0,0,0
2026-07-17T11:32:55.666 RX LT,1480,118,82,46,68,6,48,1,81,0,0,0
2026-07-17T11:32:55.666 RX LT,1500,118,82,46,58,6,48,1,82,0,0,0
2026-07-17T11:32:55.666 RX LT,1520,118,82,13,58,6,48,1,83,0,0,0
2026-07-17T11:32:55.666 RX LT,1540,118,82,11,58,6,48,1,84,0,0,0
2026-07-17T11:32:55.666 RX LT,1560,118,82,11,58,6,48,1,84,0,0,0
2026-07-17T11:32:55.791 RX LT,1580,118,82,55,58,6,48,1,85,0,0,0
2026-07-17T11:32:55.791 RX LT,1600,118,82,46,58,6,48,1,85,0,0,0
2026-07-17T11:32:55.791 RX LT,1620,118,82,13,68,6,48,1,85,0,0,0
2026-07-17T11:32:55.791 RX LT,1640,118,82,55,58,6,48,1,86,0,0,0
2026-07-17T11:32:55.791 RX LT,1660,118,82,46,58,6,48,1,86,0,0,0
2026-07-17T11:32:55.791 RX LT,1680,118,82,13,68,6,48,1,87,0,0,0
2026-07-17T11:32:55.939 RX LT,1700,118,82,55,58,6,48,1,88,0,0,0
2026-07-17T11:32:55.939 RX LT,1720,118,82,14,68,6,48,1,88,0,0,0
2026-07-17T11:32:55.939 RX LT,1740,118,82,55,58,6,48,1,89,0,0,0
2026-07-17T11:32:55.939 RX LT,1760,125,59,14,68,11,32,1,90,0,0,0
2026-07-17T11:32:55.939 RX LT,1780,125,59,55,102,11,32,1,91,0,0,0
2026-07-17T11:32:55.939 RX LT,1800,125,59,57,60,11,32,1,92,0,0,0
2026-07-17T11:32:55.939 RX LT,1820,125,59,14,101,11,32,1,92,0,0,0
2026-07-17T11:32:56.082 RX LT,1840,125,59,55,60,11,32,1,92,0,0,0
2026-07-17T11:32:56.082 RX LT,1860,125,59,57,58,11,32,1,91,0,0,0
2026-07-17T11:32:56.082 RX LT,1880,125,59,57,58,11,32,1,91,0,0,0
2026-07-17T11:32:56.082 RX LT,1900,125,35,57,17,23,96,1,90,0,0,0
2026-07-17T11:32:56.082 RX LT,1920,125,35,14,98,23,96,1,89,0,0,0
2026-07-17T11:32:56.082 RX LT,1940,125,35,55,49,23,96,1,88,0,0,0
2026-07-17T11:32:56.082 RX LT,1960,125,35,57,55,23,96,1,87,0,0,0
2026-07-17T11:32:56.211 RX LT,1980,125,35,11,57,23,96,1,87,0,0,0
2026-07-17T11:32:56.211 RX LT,2000,125,35,46,57,23,96,1,87,0,0,0
2026-07-17T11:32:56.211 RX LT,2020,125,35,11,55,23,96,1,86,0,0,0
2026-07-17T11:32:56.211 RX LT,2040,125,35,46,57,23,96,1,86,0,0,0
2026-07-17T11:32:56.211 RX LT,2060,125,35,11,47,23,96,1,86,0,0,0
2026-07-17T11:32:56.211 RX LT,2080,125,35,44,13,23,96,1,85,0,0,0
2026-07-17T11:32:56.359 RX LT,2100,125,35,13,55,23,96,1,84,0,0,0
2026-07-17T11:32:56.359 RX LT,2120,125,35,44,46,23,96,1,83,0,0,0
2026-07-17T11:32:56.359 RX LT,2140,125,35,46,46,23,96,1,82,0,0,0
2026-07-17T11:32:56.359 RX LT,2160,125,35,13,13,23,96,1,81,0,0,0
2026-07-17T11:32:56.359 RX LT,2180,125,35,55,55,23,96,1,79,0,0,0
2026-07-17T11:32:56.359 RX LT,2200,125,35,46,14,23,96,1,78,0,0,0
2026-07-17T11:32:56.359 RX LT,2220,125,35,57,55,23,96,1,77,0,0,0
2026-07-17T11:32:56.482 RX LT,2240,125,35,47,46,23,96,1,75,0,0,0
2026-07-17T11:32:56.482 RX LT,2260,125,35,57,57,23,96,1,73,0,0,0
2026-07-17T11:32:56.482 RX LT,2280,125,35,57,57,23,96,1,71,0,0,0
2026-07-17T11:32:56.482 RX LT,2300,125,35,14,47,23,96,1,69,0,0,0
2026-07-17T11:32:56.482 RX LT,2320,125,35,55,57,23,96,1,67,0,0,0
2026-07-17T11:32:56.482 RX LT,2340,125,35,57,14,23,96,1,66,0,0,0
2026-07-17T11:32:56.632 RX LT,2360,125,35,14,55,36,64,1,64,0,0,0
2026-07-17T11:32:56.632 RX LT,2380,125,35,47,57,36,64,1,63,0,0,0
2026-07-17T11:32:56.632 RX LT,2400,125,35,14,47,36,64,1,62,0,0,0
2026-07-17T11:32:56.632 RX LT,2420,125,35,55,13,36,64,1,61,0,0,0
2026-07-17T11:32:56.632 RX LT,2440,125,35,46,55,36,64,1,59,0,0,0
2026-07-17T11:32:56.632 RX LT,2460,125,35,57,46,36,64,1,58,0,0,0
2026-07-17T11:32:56.632 RX LT,2480,125,35,14,55,36,64,1,57,0,0,0
2026-07-17T11:32:56.760 RX LT,2500,125,35,57,55,36,64,1,55,0,0,0
2026-07-17T11:32:56.760 RX LT,2520,125,35,14,46,36,64,1,53,0,0,0
2026-07-17T11:32:56.760 RX LT,2540,125,35,55,13,36,64,1,52,0,0,0
2026-07-17T11:32:56.760 RX LT,2560,125,35,14,55,36,64,1,50,0,0,0
2026-07-17T11:32:56.760 RX LT,2580,125,35,55,14,36,64,1,48,0,0,0
2026-07-17T11:32:56.760 RX LT,2600,125,35,14,55,36,64,1,47,0,0,0
2026-07-17T11:32:56.904 RX LT,2620,125,35,55,46,36,64,1,45,0,0,0
2026-07-17T11:32:56.904 RX LT,2640,125,35,57,13,36,64,1,45,0,0,0
2026-07-17T11:32:56.904 RX LT,2660,125,35,47,55,36,64,1,39,0,0,0
2026-07-17T11:32:56.904 RX LT,2680,125,35,13,46,36,64,1,41,0,0,0
2026-07-17T11:32:56.904 RX LT,2700,125,35,55,46,36,64,1,40,0,0,0
2026-07-17T11:32:56.904 RX LT,2720,125,35,14,57,36,64,1,38,0,0,0
2026-07-17T11:32:56.904 RX LT,2740,125,35,47,14,36,64,1,37,0,0,0
2026-07-17T11:32:57.032 RX LT,2760,125,35,46,57,36,64,1,37,0,0,0
2026-07-17T11:32:57.032 RX LT,2780,125,35,57,47,36,64,1,36,0,0,0
2026-07-17T11:32:57.032 RX LT,2800,125,35,14,55,36,64,1,35,0,0,0
2026-07-17T11:32:57.032 RX LT,2820,125,35,57,55,36,64,1,34,0,0,0
2026-07-17T11:32:57.032 RX LT,2840,125,35,47,57,36,64,1,33,0,0,0
2026-07-17T11:32:57.032 RX LT,2860,125,35,57,47,36,64,1,32,0,0,0
2026-07-17T11:32:57.175 RX LT,2880,125,35,47,13,36,64,1,30,0,0,0
2026-07-17T11:32:57.175 RX LT,2900,125,35,57,55,36,64,1,29,0,0,0
2026-07-17T11:32:57.175 RX LT,2920,125,35,57,46,36,64,1,27,0,0,0
2026-07-17T11:32:57.175 RX LT,2940,125,35,57,57,36,64,1,25,0,0,0
2026-07-17T11:32:57.175 RX LT,2960,125,35,57,47,36,64,1,24,0,0,0
2026-07-17T11:32:57.175 RX LT,2980,125,35,57,57,36,64,1,22,0,0,0
2026-07-17T11:32:57.175 RX LT,3000,125,35,14,47,36,64,1,20,0,0,0
2026-07-17T11:32:57.318 RX LT,3020,125,35,55,57,36,64,1,18,0,0,0
2026-07-17T11:32:57.318 RX LT,3040,125,35,57,47,36,64,1,17,0,0,0
2026-07-17T11:32:57.318 RX LT,3060,125,35,57,13,36,64,1,15,0,0,0
2026-07-17T11:32:57.318 RX LT,3080,125,35,57,55,36,64,1,13,0,0,0
2026-07-17T11:32:57.318 RX LT,3100,125,35,57,57,36,64,1,11,0,0,0
2026-07-17T11:32:57.318 RX LT,3120,125,35,57,14,36,64,1,9,0,0,0
2026-07-17T11:32:57.318 RX LT,3140,125,35,68,55,36,64,1,8,0,0,0
2026-07-17T11:32:57.449 RX LT,3160,125,35,58,57,36,64,1,6,0,0,0
2026-07-17T11:32:57.449 RX LT,3180,125,35,58,47,36,64,1,4,0,0,0
2026-07-17T11:32:57.449 RX LT,3200,125,35,58,57,36,64,1,3,0,0,0
2026-07-17T11:32:57.449 RX LT,3220,125,35,58,14,36,64,1,1,0,0,0
2026-07-17T11:32:57.449 RX LT,3240,125,35,112,57,36,64,1,-1,0,0,0
2026-07-17T11:32:57.449 RX LT,3260,125,35,104,57,36,64,1,-4,0,0,0
2026-07-17T11:32:57.597 RX LT,3280,125,35,71,57,36,64,1,-7,0,0,0
2026-07-17T11:32:57.597 RX LT,3300,125,35,61,57,36,64,1,-9,0,0,0
2026-07-17T11:32:57.597 RX LT,3320,125,35,71,57,36,64,1,-13,0,0,0
2026-07-17T11:32:57.597 RX LT,3340,125,35,69,14,36,64,1,-16,0,0,0
2026-07-17T11:32:57.597 RX LT,3360,125,75,102,98,0,0,0,-19,0,0,0
2026-07-17T11:32:57.597 RX LT,3380,125,75,104,104,0,0,0,-21,0,0,0
2026-07-17T11:32:57.597 RX LT,3400,125,75,104,60,0,0,0,-24,0,0,0
2026-07-17T11:32:57.721 RX LT,3420,125,75,104,58,0,0,0,-26,0,0,0
2026-07-17T11:32:57.721 RX LT,3440,100,100,104,58,0,0,0,-28,0,0,0
2026-07-17T11:32:57.721 RX LT,3460,100,100,104,68,0,0,0,-30,0,0,0
2026-07-17T11:32:57.721 RX LT,3480,100,100,104,58,0,0,0,-32,0,0,0
2026-07-17T11:32:57.721 RX LT,3500,100,100,104,101,0,0,0,-33,0,0,0
2026-07-17T11:32:57.721 RX LT,3520,100,100,104,60,0,0,0,-34,0,0,0
2026-07-17T11:32:57.864 RX LT,3540,100,100,104,69,0,0,0,-35,0,0,0
2026-07-17T11:32:57.864 RX LT,3560,100,100,104,102,0,0,0,-36,0,0,0
2026-07-17T11:32:57.864 RX LT,3580,100,100,71,60,0,0,0,-36,0,0,0
2026-07-17T11:32:57.864 RX LT,3600,100,100,69,69,0,0,0,-37,0,0,0
2026-07-17T11:32:57.864 RX LT,3620,100,100,69,69,0,0,0,-38,0,0,0
2026-07-17T11:32:57.864 RX LT,3640,100,100,113,58,0,0,0,-39,0,0,0
2026-07-17T11:32:57.864 RX LT,3660,100,100,104,68,0,0,0,-40,0,0,0
2026-07-17T11:32:57.994 RX LT,3680,100,100,104,102,0,0,0,-41,0,0,0
2026-07-17T11:32:57.995 RX LT,3700,100,100,104,104,0,0,0,-41,0,0,0
2026-07-17T11:32:57.995 RX LT,3720,100,100,71,60,0,0,0,-42,0,0,0
2026-07-17T11:32:57.995 RX LT,3740,100,100,69,69,0,0,0,-42,0,0,0
2026-07-17T11:32:57.995 RX LT,3760,100,100,69,69,0,0,0,-42,0,0,0
2026-07-17T11:32:57.995 RX LT,3780,100,100,104,104,0,0,0,-42,0,0,0
2026-07-17T11:32:58.126 RX LT,3800,100,100,104,104,0,0,0,-42,0,0,0
2026-07-17T11:32:58.126 RX LT,3820,100,100,104,104,0,0,0,-42,0,0,0
2026-07-17T11:32:58.126 RX LT,3840,100,100,104,60,0,0,0,-42,0,0,0
2026-07-17T11:32:58.126 RX LT,3860,100,100,104,69,0,0,0,-43,0,0,0
2026-07-17T11:32:58.126 RX LT,3880,100,100,71,69,0,0,0,-43,0,0,0
2026-07-17T11:32:58.126 RX LT,3900,100,100,69,69,0,0,0,-43,0,0,0
2026-07-17T11:32:58.264 RX LT,3921,100,100,69,69,0,0,0,-43,0,0,0
2026-07-17T11:32:58.264 RX LT,3943,100,100,109,66,0,0,0,-43,0,0,0
2026-07-17T11:32:58.264 RX SQUARE ERROR,LINE LOST
2026-07-17T11:32:58.264 TX STOP
2026-07-17T11:32:58.264 TX STOP
2026-07-17T11:32:58.397 RX OK STOP
2026-07-17T11:32:58.397 RX OK STOP
2026-07-17T11:32:58.397 TX PROFILE GIMBAL
2026-07-17T11:32:58.453 RX OK PROFILE GIMBAL FLASH 3
2026-07-17T11:32:58.453 TX PARAM
2026-07-17T11:32:58.615 RX PARAM,x1000,PROFILE,1,FLASHVER,3,GUARDVER,9,LKP,350,LKI,100,RKP,500,RKI,350,LFF,460,RFF,437,LMIN,32,RMIN,26,SYNC,1000,BIAS,50,GSTART,10,LINEKP,6750,LINEKD,2000,TURNANGLE,900,TURNFAST,185,TURNSLOW,140,TURNMARGIN,180,TURNEXIT,140,TURNDIST,98
2026-07-17T11:32:58.615 RX PARAM,x1000,PROFILE,1,FLASHVER,3,GUARDVER,9,LKP,350,LKI,100,RKP,500,RKI,350,LFF,460,RFF,437,LMIN,32,RMIN,26,SYNC,1000,BIAS,50,GSTART,10,LINEKP,6750,LINEKD,2000,TURNANGLE,900,TURNFAST,185,TURNSLOW,140,TURNMARGIN,180,TURNEXIT,140,TURNDIST,98
2026-07-17T11:32:58.615 TX SET TURNSLOW 80 844373688
2026-07-17T11:32:58.756 RX SA,844373688,TURNSLOW,80
2026-07-17T11:32:58.756 TX SET LKP 350 844373689
2026-07-17T11:32:58.897 RX SA,844373689,LKP,350
2026-07-17T11:32:58.897 TX SET LKI 100 844373690
2026-07-17T11:32:59.028 RX SA,844373690,LKI,100
2026-07-17T11:32:59.028 TX SET LFF 460 844373691
2026-07-17T11:32:59.154 RX SA,844373691,LFF,460
2026-07-17T11:32:59.154 TX SET LMIN 32 844373692
2026-07-17T11:32:59.285 RX SA,844373692,LMIN,32
2026-07-17T11:32:59.285 TX SET RKP 500 844373693
2026-07-17T11:32:59.415 RX SA,844373693,RKP,500
2026-07-17T11:32:59.415 TX SET RKI 350 844373694
2026-07-17T11:32:59.552 RX SA,844373694,RKI,350
2026-07-17T11:32:59.552 TX SET RFF 437 844373695
2026-07-17T11:32:59.682 RX SA,844373695,RFF,437
2026-07-17T11:32:59.682 TX SET RMIN 26 844373696
2026-07-17T11:32:59.821 RX SA,844373696,RMIN,26
2026-07-17T11:32:59.821 TX SET SYNC 1000 844373697
2026-07-17T11:32:59.955 RX SA,844373697,SYNC,1000
2026-07-17T11:32:59.955 TX SET BIAS 50 844373698
2026-07-17T11:33:00.098 RX SA,844373698,BIAS,50
2026-07-17T11:33:00.098 TX SET LINEKP 6750 844373699
2026-07-17T11:33:00.242 RX SA,844373699,LINEKP,6750
2026-07-17T11:33:00.242 TX SET LINEKD 2000 844373700
2026-07-17T11:33:00.387 RX SA,844373700,LINEKD,2000
2026-07-17T11:33:00.387 TX SET TURNANGLE 900 844373701
2026-07-17T11:33:00.518 RX SA,844373701,TURNANGLE,900
2026-07-17T11:33:00.518 TX SET TURNFAST 185 844373702
2026-07-17T11:33:00.657 RX SA,844373702,TURNFAST,185
2026-07-17T11:33:00.657 TX SET TURNMARGIN 180 844373703
2026-07-17T11:33:00.791 RX SA,844373703,TURNMARGIN,180
2026-07-17T11:33:00.791 TX SET TURNEXIT 140 844373704
2026-07-17T11:33:00.933 RX SA,844373704,TURNEXIT,140
2026-07-17T11:33:00.933 TX SET TURNDIST 98 844373705
2026-07-17T11:33:01.088 RX SA,844373705,TURNDIST,98
2026-07-17T11:33:01.088 TX SET GSTART 0 844373706
2026-07-17T11:33:01.267 RX SA,844373706,GSTART,0
2026-07-17T11:33:01.267 TX SET TURNSLOW 140 844373707
2026-07-17T11:33:01.406 RX SA,844373707,TURNSLOW,140
2026-07-17T11:33:01.408 TX STOP
