2026-07-19T14:37:05.527 TX HELLO 660812777
2026-07-19T14:37:05.665 RX HELLO,660812777,2,STBY,HIGH,ENCODER_MM_X1000,580,SAMPLE_MS,10
2026-07-19T14:37:05.665 TX STOP
2026-07-19T14:37:05.805 RX OK STOP
2026-07-19T14:37:05.805 TX PROFILE GIMBAL
2026-07-19T14:37:05.864 RX OK PROFILE GIMBAL FLASH 3
2026-07-19T14:37:05.864 TX PARAM
2026-07-19T14:37:06.023 RX PARAM,x1000,PROFILE,1,FLASHVER,3,GUARDVER,38,LKP,350,LKI,100,RKP,500,RKI,350,LFF,460,RFF,437,LMIN,32,RMIN,26,SYNC,1000,BIAS,50,GSTART,10,LINEKP,6750,LINEKD,2000,TURNANGLE,900,TURNFAST,185,TURNSLOW,140,TURNMARGIN,180,TURNEXIT,140,TURNDIST,98
2026-07-19T14:37:06.023 RX PARAM,x1000,PROFILE,1,FLASHVER,3,GUARDVER,38,LKP,350,LKI,100,RKP,500,RKI,350,LFF,460,RFF,437,LMIN,32,RMIN,26,SYNC,1000,BIAS,50,GSTART,10,LINEKP,6750,LINEKD,2000,TURNANGLE,900,TURNFAST,185,TURNSLOW,140,TURNMARGIN,180,TURNEXIT,140,TURNDIST,98
2026-07-19T14:37:06.024 TX PARAM
2026-07-19T14:37:06.024 TX STATUS
2026-07-19T14:37:06.084 RX PARAM,x1000,PROFILE,1,FLASHVER,3,GUARDVER,38,LKP,350,LKI,100,RKP,500,RKI,350,LFF,460,RFF,437,LMIN,32,RMIN,26,SYNC,1000,BIAS,50,GSTART,10,LINEKP,6750,LINEKD,2000,TURNANGLE,900,TURNFAST,185,TURNSLOW,140,TURNMARGIN,180,TURNEXIT,140,TURNDIST,98
2026-07-19T14:37:06.193 RX STATUS,33232,IDLE,0,0,0,0,0,0,SAFE,SELECTED_LAPS,1,STBY,HIGH
2026-07-19T14:37:06.193 TX SENSOR
2026-07-19T14:37:06.330 RX SENSOR,OK,24,0,93,0,24
2026-07-19T14:37:06.330 TX SENSOR
2026-07-19T14:37:06.469 RX SENSOR,OK,24,0,93,0,24
2026-07-19T14:37:06.469 TX SENSOR
2026-07-19T14:37:06.608 RX SENSOR,OK,24,0,93,0,24
2026-07-19T14:37:06.608 TX SENSOR
2026-07-19T14:37:06.748 RX SENSOR,OK,24,0,93,0,24
2026-07-19T14:37:06.748 TX SENSOR
2026-07-19T14:37:06.887 RX SENSOR,OK,24,0,93,0,24
2026-07-19T14:37:06.887 TX IMU
2026-07-19T14:37:07.027 RX IMU,OK,-975,2761,43,VER,1,1,0,0
2026-07-19T14:37:07.027 TX STREAM TUNE
2026-07-19T14:37:07.168 RX OK STREAM TUNE
2026-07-19T14:37:07.168 TX SQUARE 160 10 660812778
2026-07-19T14:37:07.341 RX TEST START,SQUARE,160,10
2026-07-19T14:37:07.342 RX SQ,660812778,OK
2026-07-19T14:37:07.342 RX LT,20,2,2,0,0,0,24,1,0,0,0,0
2026-07-19T14:37:07.342 RX LT,40,10,10,0,0,0,24,1,0,0,0,0
2026-07-19T14:37:07.342 RX LT,60,16,16,0,0,0,24,1,0,0,0,0
2026-07-19T14:37:07.342 RX LT,80,21,21,10,0,0,24,1,0,0,0,0
2026-07-19T14:37:07.342 RX LT,100,26,26,0,0,0,24,1,0,0,0,0
2026-07-19T14:37:07.342 RX LT,120,32,32,10,0,0,24,1,0,0,0,0
2026-07-19T14:37:07.508 RX LT,140,37,37,0,0,0,24,1,0,0,0,0
2026-07-19T14:37:07.508 RX LT,160,42,42,0,0,0,24,1,0,0,0,0
2026-07-19T14:37:07.508 RX LT,180,48,48,0,10,0,24,1,0,0,0,0
2026-07-19T14:37:07.508 RX LT,200,53,53,10,0,0,24,1,0,0,0,0
2026-07-19T14:37:07.508 RX LT,220,58,58,0,0,0,24,1,0,0,0,0
2026-07-19T14:37:07.508 RX LT,240,64,64,0,0,0,24,1,0,0,0,0
2026-07-19T14:37:07.508 RX LT,260,69,69,0,0,0,24,1,0,0,0,0
2026-07-19T14:37:07.508 RX LT,280,74,74,0,43,0,24,1,0,0,0,0
2026-07-19T14:37:07.654 RX LT,300,80,80,43,2,0,24,1,1,0,0,0
2026-07-19T14:37:07.654 RX LT,320,82,82,10,0,0,24,1,1,0,0,0
2026-07-19T14:37:07.654 RX LT,340,90,90,0,43,0,24,1,2,0,0,0
2026-07-19T14:37:07.654 RX LT,360,96,96,43,2,0,24,1,2,0,0,0
2026-07-19T14:37:07.654 RX LT,380,101,101,2,43,0,24,1,2,0,0,0
2026-07-19T14:37:07.655 RX LT,400,104,104,0,10,0,24,1,2,0,0,0
2026-07-19T14:37:07.655 RX LT,420,112,112,2,46,0,24,1,3,0,0,0
2026-07-19T14:37:07.802 RX LT,440,117,117,11,46,0,24,1,4,0,0,0
2026-07-19T14:37:07.802 RX LT,460,122,122,44,57,0,24,1,5,0,0,0
2026-07-19T14:37:07.802 RX LT,480,128,128,13,47,0,24,1,6,0,0,0
2026-07-19T14:37:07.802 RX LT,500,133,133,55,57,0,24,1,7,0,0,0
2026-07-19T14:37:07.802 RX LT,520,133,133,55,57,0,24,1,8,0,0,0
2026-07-19T14:37:07.802 RX LT,540,141,141,57,79,0,24,1,10,0,0,0
2026-07-19T14:37:07.802 RX LT,560,146,146,57,102,0,24,1,12,0,0,0
2026-07-19T14:37:07.930 RX LT,580,152,152,57,104,0,24,1,14,0,0,0
2026-07-19T14:37:07.930 RX LT,600,157,157,57,71,0,24,1,16,0,0,0
2026-07-19T14:37:07.930 RX LT,620,160,160,68,156,0,24,1,20,0,0,0
2026-07-19T14:37:07.930 RX LT,640,160,160,102,118,0,24,1,23,0,0,0
2026-07-19T14:37:07.930 RX LT,660,160,160,71,116,0,24,1,25,0,0,0
2026-07-19T14:37:07.930 RX LT,680,160,160,113,126,0,24,1,27,0,0,0
2026-07-19T14:37:07.930 TX SET LINEKP 8250 660812779
2026-07-19T14:37:08.054 RX LT,700,160,160,115,160,0,24,1,27,0,0,0
2026-07-19T14:37:08.054 RX LT,720,160,160,115,162,0,24,1,29,0,0,0
2026-07-19T14:37:08.054 RX SA,660812779,LINEKP,8250
2026-07-19T14:37:08.054 RX LT,740,160,160,72,162,0,24,1,31,0,0,0
2026-07-19T14:37:08.054 RX LT,760,160,160,113,162,0,24,1,35,0,0,0
2026-07-19T14:37:08.054 RX LT,780,160,160,104,162,0,24,1,38,0,0,0
2026-07-19T14:37:08.054 RX LT,800,160,160,115,162,0,24,1,41,0,0,0
2026-07-19T14:37:08.054 TX SET LINEKD 2350 660812780
2026-07-19T14:37:08.179 RX LT,820,160,160,105,162,0,24,1,44,0,0,0
2026-07-19T14:37:08.179 RX LT,840,160,160,115,162,0,24,1,48,0,0,0
2026-07-19T14:37:08.179 RX SA,660812780,LINEKD,2350
2026-07-19T14:37:08.179 RX LT,860,164,152,72,162,2,16,1,51,0,0,0
2026-07-19T14:37:08.179 RX LT,880,168,144,113,162,2,16,1,54,0,0,0
2026-07-19T14:37:08.179 RX LT,900,168,144,115,162,2,16,1,57,0,0,0
2026-07-19T14:37:08.179 RX LT,920,171,137,105,129,6,48,1,59,0,0,0
2026-07-19T14:37:08.304 RX LT,940,176,128,115,127,6,48,1,62,0,0,0
2026-07-19T14:37:08.304 RX LT,960,184,116,115,127,6,48,1,64,0,0,0
2026-07-19T14:37:08.304 RX LT,980,184,116,72,160,6,48,1,66,0,0,0
2026-07-19T14:37:08.304 RX LT,1000,183,113,113,118,6,48,1,68,0,0,0
2026-07-19T14:37:08.304 RX LT,1020,183,113,115,159,6,48,1,70,0,0,0
2026-07-19T14:37:08.304 RX LT,1040,183,113,115,118,6,48,1,73,0,0,0
2026-07-19T14:37:08.432 RX LT,1060,183,113,105,127,6,48,1,76,0,0,0
2026-07-19T14:37:08.432 RX LT,1080,183,113,115,160,6,48,1,77,0,0,0
2026-07-19T14:37:08.432 RX LT,1100,183,113,115,118,6,48,1,78,0,0,0
2026-07-19T14:37:08.432 RX LT,1120,183,113,115,127,6,48,1,79,0,0,0
2026-07-19T14:37:08.432 RX LT,1140,183,113,115,116,6,48,1,79,0,0,0
2026-07-19T14:37:08.432 RX LT,1160,183,113,105,126,6,48,1,80,0,0,0
2026-07-19T14:37:08.432 RX LT,1180,183,113,115,116,6,48,1,81,0,0,0
2026-07-19T14:37:08.578 RX LT,1200,183,113,115,126,6,48,1,81,0,0,0
2026-07-19T14:37:08.578 RX LT,1220,183,113,105,116,6,48,1,81,0,0,0
2026-07-19T14:37:08.578 RX LT,1240,183,113,115,159,6,48,1,81,0,0,0
2026-07-19T14:37:08.578 RX LT,1260,183,113,115,118,6,48,1,80,0,0,0
2026-07-19T14:37:08.578 RX LT,1280,183,113,115,116,6,48,1,79,0,0,0
2026-07-19T14:37:08.578 RX LT,1300,183,113,115,116,6,48,1,78,0,0,0
2026-07-19T14:37:08.703 RX LT,1320,183,113,115,105,6,48,1,78,0,0,0
2026-07-19T14:37:08.703 RX LT,1340,183,113,105,115,6,48,1,77,0,0,0
2026-07-19T14:37:08.703 RX LT,1360,182,106,115,115,11,32,1,77,0,0,0
2026-07-19T14:37:08.703 RX LT,1380,182,106,115,115,11,32,1,76,0,0,0
2026-07-19T14:37:08.703 RX LT,1400,183,105,115,115,11,32,1,75,0,0,0
2026-07-19T14:37:08.703 RX LT,1420,183,105,115,72,11,32,1,74,0,0,0
2026-07-19T14:37:08.829 RX LT,1440,184,104,115,113,11,32,1,73,0,0,0
2026-07-19T14:37:08.829 RX LT,1460,184,104,115,115,11,32,1,72,0,0,0
2026-07-19T14:37:08.829 RX LT,1480,184,104,115,72,11,32,1,71,0,0,0
2026-07-19T14:37:08.829 RX LT,1500,199,89,115,113,23,96,1,69,0,0,0
2026-07-19T14:37:08.829 RX LT,1520,201,87,115,115,23,96,1,68,0,0,0
2026-07-19T14:37:08.829 RX LT,1540,201,87,105,105,23,96,1,67,0,0,0
2026-07-19T14:37:08.969 RX LT,1560,186,102,158,104,23,96,1,65,0,0,0
2026-07-19T14:37:08.970 RX LT,1580,187,101,162,115,23,96,1,64,0,0,0
2026-07-19T14:37:08.970 RX LT,1600,187,101,173,159,23,96,1,62,0,0,0
2026-07-19T14:37:08.970 RX LT,1620,187,101,86,129,23,96,1,59,0,0,0
2026-07-19T14:37:08.970 RX LT,1650,187,101,157,73,23,96,1,56,0,0,0
2026-07-19T14:37:08.970 RX LT,1671,187,101,194,145,23,96,1,51,0,0,0
2026-07-19T14:37:09.096 RX LT,1691,187,101,120,106,23,96,1,48,0,0,0
2026-07-19T14:37:09.096 RX LT,1711,187,101,159,115,23,96,1,45,0,0,0
2026-07-19T14:37:09.096 RX LT,1731,187,101,162,105,23,96,1,42,0,0,0
2026-07-19T14:37:09.096 RX LT,1751,187,101,118,115,23,96,1,39,0,0,0
2026-07-19T14:37:09.096 RX LT,1771,187,101,159,105,23,96,1,37,0,0,0
2026-07-19T14:37:09.096 RX LT,1791,187,101,118,115,23,96,1,34,0,0,0
2026-07-19T14:37:09.221 RX LT,1811,187,101,127,72,23,96,1,31,0,0,0
2026-07-19T14:37:09.221 RX LT,1831,187,101,160,113,23,96,1,29,0,0,0
2026-07-19T14:37:09.221 RX LT,1851,187,101,162,115,23,96,1,25,0,0,0
2026-07-19T14:37:09.221 RX LT,1871,187,101,118,105,23,96,1,23,0,0,0
2026-07-19T14:37:09.221 RX LT,1891,187,101,127,71,23,96,1,20,0,0,0
2026-07-19T14:37:09.221 RX LT,1911,187,101,160,113,23,96,1,17,0,0,0
2026-07-19T14:37:09.221 RX LT,1931,187,101,118,72,23,96,1,15,0,0,0
2026-07-19T14:37:09.365 RX LT,1951,187,101,127,113,23,96,1,12,0,0,0
2026-07-19T14:37:09.366 RX LT,1971,187,101,160,72,23,96,1,10,0,0,0
2026-07-19T14:37:09.366 RX LT,1991,187,101,118,113,23,96,1,7,0,0,0
2026-07-19T14:37:09.366 RX LT,2011,187,101,127,115,23,96,1,4,0,0,0
2026-07-19T14:37:09.366 RX LT,2031,187,101,127,105,23,96,1,2,0,0,0
2026-07-19T14:37:09.366 RX LT,2051,187,101,116,115,23,96,1,-1,0,0,0
2026-07-19T14:37:09.492 RX LT,2071,187,101,159,105,23,96,1,-3,0,0,0
2026-07-19T14:37:09.492 RX LT,2091,187,101,118,71,23,96,1,-4,0,0,0
2026-07-19T14:37:09.492 RX LT,2111,187,101,159,113,23,96,1,-7,0,0,0
2026-07-19T14:37:09.492 RX LT,2131,187,101,118,104,23,96,1,-9,0,0,0
2026-07-19T14:37:09.492 RX LT,2151,187,101,116,71,23,96,1,-11,0,0,0
2026-07-19T14:37:09.492 RX LT,2171,187,101,126,113,23,96,1,-14,0,0,0
2026-07-19T14:37:09.617 RX LT,2191,187,101,160,104,23,96,1,-16,0,0,0
2026-07-19T14:37:09.617 RX LT,2211,187,101,118,104,23,96,1,-19,0,0,0
2026-07-19T14:37:09.617 RX LT,2231,187,101,159,115,23,96,1,-22,0,0,0
2026-07-19T14:37:09.617 RX LT,2251,187,101,118,105,23,96,1,-24,0,0,0
2026-07-19T14:37:09.617 RX LT,2271,187,101,127,71,23,96,1,-27,0,0,0
2026-07-19T14:37:09.618 RX LT,2291,187,101,160,113,23,96,1,-30,0,0,0
2026-07-19T14:37:09.744 RX LT,2311,187,101,118,72,23,96,1,-32,0,0,0
2026-07-19T14:37:09.744 RX LT,2331,187,101,127,113,23,96,1,-34,0,0,0
2026-07-19T14:37:09.744 RX LT,2351,187,101,160,104,23,96,1,-37,0,0,0
2026-07-19T14:37:09.744 RX LT,2371,187,101,118,71,23,96,1,-39,0,0,0
2026-07-19T14:37:09.744 RX LT,2391,187,101,127,113,23,96,1,-41,0,0,0
2026-07-19T14:37:09.744 RX LT,2411,187,101,127,72,23,96,1,-44,0,0,0
2026-07-19T14:37:09.870 RX LT,2431,187,101,160,113,23,96,1,-46,0,0,0
2026-07-19T14:37:09.870 RX LT,2451,187,101,162,72,23,96,1,-48,0,0,0
2026-07-19T14:37:09.870 RX LT,2471,187,101,162,113,23,96,1,-51,0,0,0
2026-07-19T14:37:09.870 RX LT,2491,187,101,118,72,23,96,1,-54,0,0,0
2026-07-19T14:37:09.870 RX LT,2511,187,101,127,113,23,96,1,-56,0,0,0
2026-07-19T14:37:09.870 RX LT,2531,186,102,127,72,11,32,1,-59,0,0,0
2026-07-19T14:37:09.995 RX LT,2551,185,103,127,113,11,32,1,-61,0,0,0
2026-07-19T14:37:09.995 RX LT,2571,184,104,127,115,11,32,1,-63,0,0,0
2026-07-19T14:37:09.995 RX LT,2591,184,104,160,105,11,32,1,-66,0,0,0
2026-07-19T14:37:09.995 RX LT,2611,184,104,162,115,11,32,1,-68,0,0,0
2026-07-19T14:37:09.995 RX LT,2631,184,104,162,72,11,32,1,-70,0,0,0
2026-07-19T14:37:09.995 RX LT,2651,184,104,162,113,11,32,1,-72,0,0,0
2026-07-19T14:37:10.120 RX LT,2671,184,104,118,115,11,32,1,-75,0,0,0
2026-07-19T14:37:10.121 RX LT,2691,183,105,127,105,6,48,1,-77,0,0,0
2026-07-19T14:37:10.121 RX LT,2711,182,106,127,115,6,48,1,-80,0,0,0
2026-07-19T14:37:10.121 RX LT,2731,182,110,127,72,6,48,1,-83,0,0,0
2026-07-19T14:37:10.121 RX LT,2751,182,110,127,113,6,48,1,-85,0,0,0
2026-07-19T14:37:10.121 RX LT,2771,183,113,127,115,6,48,1,-87,0,0,0
2026-07-19T14:37:10.262 RX LT,2791,183,113,171,105,6,48,1,-89,0,0,0
2026-07-19T14:37:10.262 RX LT,2811,183,113,162,115,6,48,1,-91,0,0,0
2026-07-19T14:37:10.262 RX LT,2844,183,113,162,115,6,48,1,-94,0,0,0
2026-07-19T14:37:10.262 RX LT,2865,182,114,195,137,6,48,1,-98,0,0,0
2026-07-19T14:37:10.262 RX LT,2885,182,114,131,73,6,48,1,-100,0,0,0
2026-07-19T14:37:10.262 RX LT,2905,182,114,127,113,6,48,1,-102,0,0,0
2026-07-19T14:37:10.386 RX LT,2925,182,114,127,72,6,48,1,-104,0,0,0
2026-07-19T14:37:10.386 RX LT,2945,182,114,127,113,6,48,1,-106,0,0,0
2026-07-19T14:37:10.386 RX LT,2965,182,114,160,104,6,48,1,-108,0,0,0
2026-07-19T14:37:10.386 RX LT,2985,183,113,162,115,6,48,1,-109,0,0,0
2026-07-19T14:37:10.386 RX LT,3005,183,113,118,72,6,48,1,-110,0,0,0
2026-07-19T14:37:10.386 RX LT,3025,183,113,127,113,6,48,1,-112,0,0,0
2026-07-19T14:37:10.512 RX LT,3045,183,113,127,72,6,48,1,-114,0,0,0
2026-07-19T14:37:10.513 RX LT,3065,181,123,127,113,2,16,1,-116,0,0,0
2026-07-19T14:37:10.513 RX LT,3085,173,135,127,115,2,16,1,-118,0,0,0
2026-07-19T14:37:10.513 RX LT,3105,172,136,127,105,2,16,1,-120,0,0,0
2026-07-19T14:37:10.513 RX LT,3125,168,144,127,115,0,24,1,-121,0,0,0
2026-07-19T14:37:10.513 RX LT,3145,164,152,127,115,0,24,1,-121,0,0,0
2026-07-19T14:37:10.639 RX LT,3165,160,160,160,115,0,24,1,-121,0,0,0
2026-07-19T14:37:10.639 RX LT,3185,160,160,118,159,0,24,1,-121,0,0,0
2026-07-19T14:37:10.639 RX LT,3205,160,160,127,151,0,24,1,-121,0,0,0
2026-07-19T14:37:10.639 RX LT,3225,160,160,127,118,0,24,1,-121,0,0,0
2026-07-19T14:37:10.639 RX LT,3245,160,160,160,116,0,24,1,-121,0,0,0
2026-07-19T14:37:10.639 RX LT,3265,160,160,118,126,0,24,1,-120,0,0,0
2026-07-19T14:37:10.764 RX LT,3285,160,160,127,116,0,24,1,-120,0,0,0
2026-07-19T14:37:10.764 RX LT,3305,160,160,127,126,0,24,1,-119,0,0,0
2026-07-19T14:37:10.764 RX LT,3325,160,160,127,127,0,24,1,-119,0,0,0
2026-07-19T14:37:10.764 RX LT,3345,152,164,127,160,-2,8,1,-118,0,0,0
2026-07-19T14:37:10.764 RX LT,3365,152,164,127,118,-2,8,1,-117,0,0,0
2026-07-19T14:37:10.764 RX LT,3385,144,168,127,127,-6,12,1,-116,0,0,0
2026-07-19T14:37:10.890 RX LT,3405,130,174,160,127,-6,12,1,-115,0,0,0
2026-07-19T14:37:10.891 RX LT,3425,118,182,162,127,-6,12,1,-114,0,0,0
2026-07-19T14:37:10.891 RX LT,3445,116,184,118,127,-6,12,1,-112,0,0,0
2026-07-19T14:37:10.891 RX LT,3465,113,183,116,127,-6,12,1,-109,0,0,0
2026-07-19T14:37:10.891 RX LT,3485,113,183,126,127,-6,12,1,-106,0,0,0
2026-07-19T14:37:10.891 RX LT,3505,113,183,116,171,-6,12,1,-101,0,0,0
2026-07-19T14:37:11.017 RX LT,3525,113,183,116,162,-6,12,1,-97,0,0,0
2026-07-19T14:37:11.017 RX LT,3545,113,183,116,162,-6,12,1,-94,0,0,0
2026-07-19T14:37:11.017 RX LT,3565,113,183,116,129,-6,12,1,-91,0,0,0
2026-07-19T14:37:11.017 RX LT,3585,113,183,116,127,-6,12,1,-87,0,0,0
2026-07-19T14:37:11.017 RX LT,3605,113,183,159,171,-6,12,1,-83,0,0,0
2026-07-19T14:37:11.017 RX LT,3625,113,183,107,130,-6,12,1,-79,0,0,0
2026-07-19T14:37:11.142 RX LT,3645,113,183,126,171,-6,12,1,-75,0,0,0
2026-07-19T14:37:11.142 RX LT,3665,113,183,116,130,-6,12,1,-71,0,0,0
2026-07-19T14:37:11.142 RX LT,3685,113,183,116,171,-6,12,1,-67,0,0,0
2026-07-19T14:37:11.142 RX LT,3705,113,183,116,130,-6,12,1,-63,0,0,0
2026-07-19T14:37:11.142 RX LT,3725,114,182,116,171,-6,12,1,-57,0,0,0
2026-07-19T14:37:11.142 RX LT,3745,114,182,116,173,-6,12,1,-53,0,0,0
2026-07-19T14:37:11.249 RX LT,3765,114,182,116,173,-6,12,1,-48,0,0,0
2026-07-19T14:37:11.249 RX LT,3785,114,182,116,130,-6,12,1,-44,0,0,0
2026-07-19T14:37:11.249 RX LT,3805,111,181,116,171,-11,4,1,-40,0,0,0
2026-07-19T14:37:11.249 RX LT,3825,106,182,116,173,-11,4,1,-35,0,0,0
2026-07-19T14:37:11.249 RX LT,3845,105,183,116,173,-11,4,1,-30,0,0,0
2026-07-19T14:37:11.394 RX LT,3865,105,183,116,173,-11,4,1,-25,0,0,0
2026-07-19T14:37:11.394 RX LT,3885,105,183,116,173,-11,4,1,-20,0,0,0
2026-07-19T14:37:11.394 RX LT,3905,105,183,105,173,-11,4,1,-14,0,0,0
2026-07-19T14:37:11.394 RX LT,3925,105,183,115,173,-11,4,1,-9,0,0,0
2026-07-19T14:37:11.394 RX LT,3945,107,181,115,173,-6,12,1,-2,0,0,0
2026-07-19T14:37:11.394 RX LT,3965,108,180,115,173,-6,12,1,3,0,0,0
2026-07-19T14:37:11.394 RX LT,3985,112,180,105,173,-6,12,1,9,0,0,0
2026-07-19T14:37:11.520 RX LT,4005,112,180,115,173,-6,12,1,14,0,0,0
2026-07-19T14:37:11.520 RX LT,4025,116,180,115,130,-6,12,1,19,0,0,0
2026-07-19T14:37:11.520 RX LT,4045,116,180,105,171,-6,12,1,23,0,0,0
2026-07-19T14:37:11.520 RX LT,4065,116,180,115,173,-6,12,1,28,0,0,0
2026-07-19T14:37:11.520 RX LT,4085,116,180,115,173,-6,12,1,33,0,0,0
2026-07-19T14:37:11.520 RX LT,4105,116,180,105,130,-6,12,1,37,0,0,0
2026-07-19T14:37:11.646 RX LT,4125,116,180,115,171,-6,12,1,41,0,0,0
2026-07-19T14:37:11.646 RX LT,4145,116,180,115,173,-6,12,1,50,0,0,0
2026-07-19T14:37:11.646 RX LT,4165,116,180,72,173,-6,12,1,52,0,0,0
2026-07-19T14:37:11.646 RX LT,4185,116,180,113,173,-6,12,1,57,0,0,0
2026-07-19T14:37:11.646 RX LT,4205,116,180,115,173,-6,12,1,61,0,0,0
2026-07-19T14:37:11.646 RX LT,4225,116,180,72,173,-6,12,1,65,0,0,0
2026-07-19T14:37:11.773 RX LT,4245,116,180,113,173,-6,12,1,70,0,0,0
2026-07-19T14:37:11.773 RX LT,4265,116,180,115,173,-6,12,1,75,0,0,0
2026-07-19T14:37:11.773 RX LT,4285,116,180,115,173,-6,12,1,79,0,0,0
2026-07-19T14:37:11.773 RX LT,4305,122,178,105,173,-2,8,1,84,0,0,0
2026-07-19T14:37:11.773 RX LT,4325,134,170,115,173,-2,8,1,88,0,0,0
2026-07-19T14:37:11.773 RX LT,4345,146,162,115,173,-2,8,1,92,0,0,0
2026-07-19T14:37:11.896 RX LT,4365,150,162,115,173,-2,8,1,100,0,0,0
2026-07-19T14:37:11.896 RX LT,4385,158,158,105,130,0,24,1,100,0,0,0
2026-07-19T14:37:11.896 RX LT,4405,158,158,115,171,0,24,1,104,0,0,0
2026-07-19T14:37:11.896 RX LT,4425,166,154,115,173,0,24,1,107,0,0,0
2026-07-19T14:37:11.897 RX LT,4445,166,154,72,173,0,24,1,110,0,0,0
2026-07-19T14:37:11.897 RX LT,4465,166,154,113,163,0,24,1,114,0,0,0
2026-07-19T14:37:12.024 RX LT,4485,166,154,115,173,0,24,1,116,0,0,0
2026-07-19T14:37:12.024 RX LT,4505,166,154,115,163,0,24,1,118,0,0,0
2026-07-19T14:37:12.024 RX LT,4525,166,154,115,129,0,24,1,120,0,0,0
2026-07-19T14:37:12.024 RX LT,4545,166,154,115,171,0,24,1,122,0,0,0
2026-07-19T14:37:12.024 RX LT,4565,166,154,105,130,0,24,1,125,0,0,0
2026-07-19T14:37:12.024 RX LT,4585,166,154,115,171,0,24,1,129,0,0,0
2026-07-19T14:37:12.151 RX LT,4605,164,152,115,130,2,16,1,130,0,0,0
2026-07-19T14:37:12.151 RX LT,4625,164,152,115,171,2,16,1,132,0,0,0
2026-07-19T14:37:12.151 RX LT,4645,165,143,115,130,6,48,1,134,0,0,0
2026-07-19T14:37:12.151 RX LT,4665,173,131,115,171,6,48,1,135,0,0,0
2026-07-19T14:37:12.151 RX LT,4685,184,116,115,162,6,48,1,137,0,0,0
2026-07-19T14:37:12.151 RX LT,4705,184,116,115,162,6,48,1,138,0,0,0
2026-07-19T14:37:12.276 RX LT,4725,183,113,115,118,6,48,1,139,0,0,0
2026-07-19T14:37:12.276 RX LT,4745,183,113,115,127,6,48,1,139,0,0,0
2026-07-19T14:37:12.276 RX LT,4765,183,113,115,160,6,48,1,139,0,0,0
2026-07-19T14:37:12.276 RX LT,4785,183,113,115,118,6,48,1,139,0,0,0
2026-07-19T14:37:12.276 RX LT,4805,183,113,115,159,6,48,1,138,0,0,0
2026-07-19T14:37:12.276 RX LT,4825,183,113,115,118,6,48,1,137,0,0,0
2026-07-19T14:37:12.403 RX LT,4845,183,113,115,127,6,48,1,136,0,0,0
2026-07-19T14:37:12.403 RX LT,4865,183,113,126,116,6,48,1,134,0,0,0
2026-07-19T14:37:12.403 RX LT,4885,183,113,116,159,6,48,1,132,0,0,0
2026-07-19T14:37:12.403 RX LT,4905,183,113,116,118,6,48,1,130,0,0,0
2026-07-19T14:37:12.403 RX LT,4925,183,113,159,116,6,48,1,128,0,0,0
2026-07-19T14:37:12.403 RX LT,4945,182,106,118,116,11,32,1,126,0,0,0
2026-07-19T14:37:12.528 RX LT,4965,182,106,159,159,11,32,1,123,0,0,0
2026-07-19T14:37:12.529 RX LT,4985,183,105,118,118,11,32,1,121,0,0,0
2026-07-19T14:37:12.529 RX LT,5005,183,105,116,116,11,32,1,119,0,0,0
2026-07-19T14:37:12.529 RX LT,5025,184,104,126,116,11,32,1,115,0,0,0
2026-07-19T14:37:12.529 RX LT,5045,184,104,160,116,11,32,1,112,0,0,0
2026-07-19T14:37:12.529 RX LT,5065,184,104,118,105,11,32,1,109,0,0,0
2026-07-19T14:37:12.673 RX LT,5085,200,88,127,115,23,96,1,106,0,0,0
2026-07-19T14:37:12.673 RX LT,5105,201,87,160,115,23,96,1,102,0,0,0
2026-07-19T14:37:12.673 RX LT,5125,202,86,118,72,23,96,1,99,0,0,0
2026-07-19T14:37:12.673 RX LT,5145,187,101,127,113,23,96,1,95,0,0,0
2026-07-19T14:37:12.673 RX LT,5165,187,101,160,115,23,96,1,92,0,0,0
2026-07-19T14:37:12.673 RX LT,5185,187,101,162,115,23,96,1,88,0,0,0
2026-07-19T14:37:12.673 RX LT,5205,187,101,162,115,23,96,1,86,0,0,0
2026-07-19T14:37:12.799 RX LT,5225,187,101,162,115,23,96,1,82,0,0,0
2026-07-19T14:37:12.799 RX LT,5245,187,101,162,105,23,96,1,76,0,0,0
2026-07-19T14:37:12.799 RX LT,5265,187,101,129,115,23,96,1,71,0,0,0
2026-07-19T14:37:12.799 RX LT,5285,187,101,171,115,23,96,1,67,0,0,0
2026-07-19T14:37:12.799 RX LT,5305,187,101,119,72,23,96,1,63,0,0,0
2026-07-19T14:37:12.799 RX LT,5325,187,101,170,113,23,96,1,59,0,0,0
2026-07-19T14:37:12.925 RX LT,5345,187,101,162,115,23,96,1,55,0,0,0
2026-07-19T14:37:12.925 RX LT,5365,187,101,129,115,23,96,1,51,0,0,0
2026-07-19T14:37:12.925 RX LT,5385,187,101,171,115,23,96,1,47,0,0,0
2026-07-19T14:37:12.925 RX LT,5405,187,101,162,72,23,96,1,43,0,0,0
2026-07-19T14:37:12.925 RX LT,5425,187,101,129,113,23,96,1,38,0,0,0
2026-07-19T14:37:12.925 RX LT,5445,187,101,171,115,23,96,1,34,0,0,0
2026-07-19T14:37:13.050 RX LT,5465,187,101,162,72,23,96,1,28,0,0,0
2026-07-19T14:37:13.050 RX LT,5485,187,101,129,113,23,96,1,24,0,0,0
2026-07-19T14:37:13.050 RX LT,5505,187,101,171,115,23,96,1,20,0,0,0
2026-07-19T14:37:13.050 RX LT,5525,187,101,162,115,23,96,1,16,0,0,0
2026-07-19T14:37:13.050 RX LT,5545,187,101,129,105,23,96,1,12,0,0,0
2026-07-19T14:37:13.050 RX LT,5565,187,101,171,115,23,96,1,8,0,0,0
2026-07-19T14:37:13.177 RX LT,5585,187,101,162,115,23,96,1,4,0,0,0
2026-07-19T14:37:13.177 RX LT,5605,187,101,129,115,23,96,1,1,0,0,0
2026-07-19T14:37:13.177 RX LT,5625,187,101,127,105,23,96,1,-2,0,0,0
2026-07-19T14:37:13.177 RX LT,5645,187,101,127,115,23,96,1,-6,0,0,0
2026-07-19T14:37:13.177 RX LT,5665,187,101,171,115,23,96,1,-10,0,0,0
2026-07-19T14:37:13.177 RX LT,5685,187,101,162,105,23,96,1,-15,0,0,0
2026-07-19T14:37:13.301 RX LT,5705,187,101,162,115,23,96,1,-18,0,0,0
2026-07-19T14:37:13.301 RX LT,5725,187,101,129,72,23,96,1,-22,0,0,0
2026-07-19T14:37:13.301 RX LT,5745,187,101,171,113,23,96,1,-26,0,0,0
2026-07-19T14:37:13.301 RX LT,5765,187,101,162,115,23,96,1,-30,0,0,0
2026-07-19T14:37:13.301 RX LT,5785,187,101,129,105,23,96,1,-34,0,0,0
2026-07-19T14:37:13.301 RX LT,5805,187,101,171,115,23,96,1,-37,0,0,0
2026-07-19T14:37:13.427 RX LT,5825,187,101,162,115,23,96,1,-41,0,0,0
2026-07-19T14:37:13.427 RX LT,5845,187,101,129,72,23,96,1,-44,0,0,0
2026-07-19T14:37:13.427 RX LT,5865,187,101,171,113,23,96,1,-48,0,0,0
2026-07-19T14:37:13.427 RX LT,5885,187,101,130,115,23,96,1,-51,0,0,0
2026-07-19T14:37:13.427 RX LT,5905,187,101,171,72,23,96,1,-57,0,0,0
2026-07-19T14:37:13.427 RX LT,5925,187,101,162,113,23,96,1,-61,0,0,0
2026-07-19T14:37:13.554 RX LT,5945,187,101,173,115,23,96,1,-64,0,0,0
2026-07-19T14:37:13.554 RX LT,5965,187,101,163,72,23,96,1,-68,0,0,0
2026-07-19T14:37:13.554 RX LT,5985,187,101,173,113,23,96,1,-71,0,0,0
2026-07-19T14:37:13.554 RX LT,6005,185,103,163,115,11,32,1,-74,0,0,0
2026-07-19T14:37:13.554 RX LT,6025,185,103,173,115,11,32,1,-78,0,0,0
2026-07-19T14:37:13.554 RX LT,6045,184,104,163,72,11,32,1,-81,0,0,0
2026-07-19T14:37:13.679 RX LT,6065,184,104,173,113,11,32,1,-85,0,0,0
2026-07-19T14:37:13.679 RX LT,6085,184,104,173,115,11,32,1,-89,0,0,0
2026-07-19T14:37:13.679 RX LT,6105,183,105,163,115,11,32,1,-92,0,0,0
2026-07-19T14:37:13.679 RX LT,6125,183,105,173,115,6,48,1,-97,0,0,0
2026-07-19T14:37:13.679 RX LT,6145,181,107,163,115,6,48,1,-100,0,0,0
2026-07-19T14:37:13.679 RX LT,6165,181,111,173,105,6,48,1,-104,0,0,0
2026-07-19T14:37:13.806 RX LT,6185,181,111,173,115,6,48,1,-107,0,0,0
2026-07-19T14:37:13.806 RX LT,6205,182,114,163,115,6,48,1,-111,0,0,0
2026-07-19T14:37:13.806 RX LT,6225,182,114,173,115,6,48,1,-114,0,0,0
2026-07-19T14:37:13.806 RX LT,6245,182,114,173,115,6,48,1,-118,0,0,0
2026-07-19T14:37:13.806 RX LT,6265,182,114,173,115,6,48,1,-121,0,0,0
2026-07-19T14:37:13.806 RX LT,6285,182,114,173,115,6,48,1,-125,0,0,0
2026-07-19T14:37:13.932 RX LT,6305,182,114,173,115,6,48,1,-128,0,0,0
2026-07-19T14:37:13.932 RX LT,6325,182,114,173,115,6,48,1,-132,0,0,0
2026-07-19T14:37:13.932 RX LT,6345,183,113,130,115,6,48,1,-135,0,0,0
2026-07-19T14:37:13.932 RX LT,6365,183,113,171,115,6,48,1,-138,0,0,0
2026-07-19T14:37:13.932 RX LT,6385,183,113,173,115,6,48,1,-142,0,0,0
2026-07-19T14:37:13.932 RX LT,6405,183,113,173,115,6,48,1,-145,0,0,0
2026-07-19T14:37:14.056 RX LT,6425,181,123,173,72,2,16,1,-148,0,0,0
2026-07-19T14:37:14.056 RX LT,6445,173,135,173,113,0,24,1,-151,0,0,0
2026-07-19T14:37:14.056 RX LT,6465,164,152,163,115,0,24,1,-154,0,0,0
2026-07-19T14:37:14.056 RX LT,6485,164,152,173,115,0,24,1,-156,0,0,0
2026-07-19T14:37:14.056 RX LT,6505,160,160,173,126,0,24,1,-158,0,0,0
2026-07-19T14:37:14.056 RX LT,6525,160,160,163,116,0,24,1,-160,0,0,0
2026-07-19T14:37:14.183 RX LT,6545,160,160,173,159,0,24,1,-162,0,0,0
2026-07-19T14:37:14.183 RX LT,6565,160,160,130,118,0,24,1,-163,0,0,0
2026-07-19T14:37:14.183 RX LT,6585,160,160,127,127,0,24,1,-163,0,0,0
2026-07-19T14:37:14.183 RX LT,6605,160,160,171,160,0,24,1,-163,0,0,0
2026-07-19T14:37:14.183 RX LT,6625,160,160,130,118,0,24,1,-164,0,0,0
2026-07-19T14:37:14.183 RX LT,6645,139,169,171,127,-6,12,1,-164,0,0,0
2026-07-19T14:37:14.308 RX LT,6665,129,175,162,160,-6,12,1,-164,0,0,0
2026-07-19T14:37:14.308 RX LT,6685,116,184,173,162,-6,12,1,-165,0,0,0
2026-07-19T14:37:14.308 RX LT,6705,116,184,163,162,-6,12,1,-165,0,0,0
2026-07-19T14:37:14.308 RX LT,6725,113,183,162,129,-6,12,1,-164,0,0,0
2026-07-19T14:37:14.308 RX LT,6745,113,183,129,171,-6,12,1,-162,0,0,0
2026-07-19T14:37:14.308 RX LT,6765,113,183,127,162,-6,12,1,-159,0,0,0
2026-07-19T14:37:14.416 RX LT,6785,113,183,160,173,-6,12,1,-157,0,0,0
2026-07-19T14:37:14.416 RX LT,6805,113,183,129,163,-6,12,1,-155,0,0,0
2026-07-19T14:37:14.416 RX LT,6825,113,183,160,173,-6,12,1,-151,0,0,0
2026-07-19T14:37:14.416 RX LT,6845,113,183,162,130,-6,12,1,-148,0,0,0
2026-07-19T14:37:14.416 RX LT,6865,110,182,118,171,-11,4,1,-145,0,0,0
2026-07-19T14:37:14.540 RX LT,6885,106,182,159,173,-11,4,1,-142,0,0,0
2026-07-19T14:37:14.540 RX LT,6905,105,183,118,173,-11,4,1,-138,0,0,0
2026-07-19T14:37:14.540 RX LT,6925,105,183,127,163,-11,4,1,-134,0,0,0
2026-07-19T14:37:14.540 RX LT,6945,104,184,116,173,-18,6,1,-131,0,0,0
2026-07-19T14:37:14.540 RX LT,6965,103,185,126,173,-18,6,1,-127,0,0,0
2026-07-19T14:37:14.540 RX LT,6985,102,186,116,163,-18,6,1,-119,0,0,0
2026-07-19T14:37:14.668 RX LT,7005,102,186,116,173,-18,6,1,-117,0,0,0
2026-07-19T14:37:14.668 RX LT,7025,102,186,116,173,-18,6,1,-112,0,0,0
2026-07-19T14:37:14.668 RX LT,7045,102,186,159,173,-18,6,1,-108,0,0,0
2026-07-19T14:37:14.668 RX LT,7065,102,186,118,173,-18,6,1,-103,0,0,0
2026-07-19T14:37:14.668 RX LT,7085,102,186,116,184,-18,6,1,-98,0,0,0
2026-07-19T14:37:14.668 RX LT,7105,102,186,116,174,-18,6,1,-93,0,0,0
2026-07-19T14:37:14.791 RX LT,7125,102,186,116,174,-18,6,1,-87,0,0,0
2026-07-19T14:37:14.791 RX LT,7145,102,186,116,217,-18,6,1,-82,0,0,0
2026-07-19T14:37:14.791 RX LT,7165,102,186,116,176,-18,6,1,-76,0,0,0
2026-07-19T14:37:14.791 RX LT,7185,102,186,116,174,-18,6,1,-71,0,0,0
2026-07-19T14:37:14.791 RX LT,7205,102,186,116,217,-18,6,1,-62,0,0,0
2026-07-19T14:37:14.791 RX LT,7225,102,186,116,176,-18,6,1,-57,0,0,0
2026-07-19T14:37:14.917 RX LT,7245,102,186,116,217,-18,6,1,-51,0,0,0
2026-07-19T14:37:14.918 RX LT,7265,102,186,116,176,-18,6,1,-45,0,0,0
2026-07-19T14:37:14.918 RX LT,7285,102,186,116,217,-18,6,1,-43,0,0,0
2026-07-19T14:37:14.918 RX LT,7305,102,186,116,176,-18,6,1,-37,0,0,0
2026-07-19T14:37:14.918 RX LT,7325,102,186,116,174,-18,6,1,-32,0,0,0
2026-07-19T14:37:14.918 RX LT,7345,102,186,116,184,-18,6,1,-26,0,0,0
2026-07-19T14:37:15.042 RX LT,7365,102,186,72,174,-18,6,1,-20,0,0,0
2026-07-19T14:37:15.042 RX LT,7385,102,186,113,217,-18,6,1,-15,0,0,0
2026-07-19T14:37:15.042 RX LT,7405,102,186,115,176,-18,6,1,-9,0,0,0
2026-07-19T14:37:15.042 RX LT,7425,102,186,72,174,-18,6,1,-1,0,0,0
2026-07-19T14:37:15.042 RX LT,7445,103,185,113,174,-11,4,1,5,0,0,0
2026-07-19T14:37:15.042 RX LT,7465,104,184,104,174,-11,4,1,10,0,0,0
2026-07-19T14:37:15.169 RX LT,7485,104,184,115,174,-11,4,1,16,0,0,0
2026-07-19T14:37:15.169 RX LT,7505,104,184,105,174,-11,4,1,22,0,0,0
2026-07-19T14:37:15.169 RX LT,7525,105,183,115,217,-11,4,1,27,0,0,0
2026-07-19T14:37:15.169 RX LT,7545,105,183,105,165,-11,4,1,32,0,0,0
2026-07-19T14:37:15.169 RX LT,7565,106,182,115,216,-6,12,1,38,0,0,0
2026-07-19T14:37:15.169 RX LT,7585,107,181,105,176,-6,12,1,43,0,0,0
2026-07-19T14:37:15.297 RX LT,7605,111,181,115,174,-6,12,1,48,0,0,0
2026-07-19T14:37:15.297 RX LT,7625,114,182,105,217,-6,12,1,54,0,0,0
2026-07-19T14:37:15.297 RX LT,7645,114,182,115,176,-6,12,1,61,0,0,0
2026-07-19T14:37:15.297 RX LT,7665,114,182,105,174,-6,12,1,66,0,0,0
2026-07-19T14:37:15.297 RX LT,7685,114,182,71,174,-6,12,1,71,0,0,0
2026-07-19T14:37:15.297 RX LT,7705,114,182,113,174,-6,12,1,76,0,0,0
2026-07-19T14:37:15.441 RX LT,7725,114,182,72,217,-6,12,1,81,0,0,0
2026-07-19T14:37:15.441 RX LT,7745,114,182,113,176,-6,12,1,87,0,0,0
2026-07-19T14:37:15.441 RX LT,7765,114,182,72,217,-6,12,1,92,0,0,0
2026-07-19T14:37:15.441 RX LT,7785,125,179,113,176,-2,8,1,97,0,0,0
2026-07-19T14:37:15.441 RX LT,7805,137,171,72,174,0,24,1,102,0,0,0
2026-07-19T14:37:15.441 RX LT,7825,158,158,113,184,0,24,1,107,0,0,0
2026-07-19T14:37:15.441 RX LT,7845,158,158,104,163,0,24,1,112,0,0,0
2026-07-19T14:37:15.570 RX LT,7865,170,150,115,184,0,24,1,119,0,0,0
2026-07-19T14:37:15.570 RX LT,7885,166,154,105,174,0,24,1,124,0,0,0
2026-07-19T14:37:15.570 RX LT,7905,166,154,115,174,0,24,1,127,0,0,0
2026-07-19T14:37:15.570 RX LT,7925,166,154,115,174,0,24,1,130,0,0,0
2026-07-19T14:37:15.570 RX LT,7945,166,154,115,174,0,24,1,134,0,0,0
2026-07-19T14:37:15.570 RX LT,7965,170,146,105,174,2,16,1,137,0,0,0
2026-07-19T14:37:15.692 RX LT,7985,177,131,115,174,6,48,1,140,0,0,0
2026-07-19T14:37:15.692 RX LT,8005,181,123,115,163,6,48,1,143,0,0,0
2026-07-19T14:37:15.692 RX LT,8025,186,114,115,129,6,48,1,145,0,0,0
2026-07-19T14:37:15.692 RX LT,8045,186,114,115,171,6,48,1,147,0,0,0
2026-07-19T14:37:15.692 RX LT,8065,183,113,126,130,6,48,1,149,0,0,0
2026-07-19T14:37:15.692 RX LT,8085,183,113,116,171,6,48,1,149,0,0,0
2026-07-19T14:37:15.819 RX LT,8105,183,113,116,119,6,48,1,149,0,0,0
2026-07-19T14:37:15.819 RX LT,8125,183,113,126,127,6,48,1,148,0,0,0
2026-07-19T14:37:15.819 RX LT,8145,183,113,116,127,6,48,1,147,0,0,0
2026-07-19T14:37:15.819 RX LT,8165,183,113,126,160,6,48,1,145,0,0,0
2026-07-19T14:37:15.819 RX LT,8185,184,116,116,118,3,56,1,143,0,0,0
2026-07-19T14:37:15.819 RX LT,8205,176,128,126,127,3,56,1,141,0,0,0
2026-07-19T14:37:15.945 RX LT,8225,168,144,160,160,0,60,1,138,0,0,0
2026-07-19T14:37:15.945 RX LT,8245,89,71,118,129,0,62,0,135,0,0,0
2026-07-19T14:37:15.945 RX LT,8265,140,140,159,116,0,62,0,0,0,1,0
2026-07-19T14:37:15.945 RX LT,8285,140,140,118,126,0,62,0,0,0,1,0
2026-07-19T14:37:15.945 RX LT,8305,140,140,127,160,0,62,0,0,0,2,0
2026-07-19T14:37:15.945 RX LT,8325,-185,185,116,162,-24,7,1,-2,0,2,2
2026-07-19T14:37:16.071 RX LT,8345,-185,185,7,129,-24,7,1,-2,0,2,4
2026-07-19T14:37:16.071 RX LT,8365,-185,185,11,171,-30,3,1,1,0,2,5
2026-07-19T14:37:16.071 RX LT,8385,-185,185,0,173,-30,3,1,9,0,2,7
2026-07-19T14:37:16.071 RX LT,8405,-185,185,43,217,-30,3,1,22,0,2,10
2026-07-19T14:37:16.071 RX LT,8425,-185,185,57,176,-30,3,1,37,0,2,12
2026-07-19T14:37:16.071 RX LT,8445,-185,185,101,174,-30,3,1,54,0,2,15
2026-07-19T14:37:16.199 RX LT,8465,-185,185,104,217,-30,3,1,72,0,2,18
2026-07-19T14:37:16.199 RX LT,8485,-185,185,104,220,-30,3,1,91,0,2,20
2026-07-19T14:37:16.199 RX LT,8505,-185,185,115,220,-24,7,1,111,0,2,24
2026-07-19T14:37:16.199 RX LT,8525,-185,185,115,220,-18,6,1,142,0,2,27
2026-07-19T14:37:16.199 RX LT,8545,-185,185,115,220,-18,6,1,164,0,2,30
2026-07-19T14:37:16.199 RX LT,8565,-185,185,126,187,-18,6,1,187,0,2,34
2026-07-19T14:37:16.300 RX LT,8585,-185,185,127,229,-18,6,1,210,0,2,37
2026-07-19T14:37:16.300 RX LT,8605,-185,185,171,220,-6,12,1,234,0,2,41
2026-07-19T14:37:16.300 RX LT,8625,-185,185,173,220,-6,12,1,259,0,2,45
2026-07-19T14:37:16.300 RX LT,8645,-185,185,173,231,-6,12,1,284,0,2,49
2026-07-19T14:37:16.301 RX TURN CAPTURE,1,296,51,12,-6
2026-07-19T14:37:16.301 RX LT,8665,0,0,173,231,-6,12,1,309,0,5,53
2026-07-19T14:37:16.447 RX LT,8685,0,0,76,123,-2,8,1,335,0,5,55
2026-07-19T14:37:16.447 RX LT,8705,0,0,59,159,0,24,1,359,0,5,57
2026-07-19T14:37:16.447 RX LT,8725,0,0,58,173,0,24,1,377,0,5,59
2026-07-19T14:37:16.448 RX LT,8745,0,0,101,130,0,24,1,399,0,5,62
2026-07-19T14:37:16.448 RX LT,8765,0,0,60,127,0,24,1,412,0,5,64
2026-07-19T14:37:16.448 RX LT,8785,0,0,58,105,0,24,1,423,0,5,65
2026-07-19T14:37:16.448 RX LT,8805,0,0,58,115,2,16,1,433,0,5,67
2026-07-19T14:37:16.594 RX LT,8825,0,0,47,115,2,16,1,440,0,5,68
2026-07-19T14:37:16.594 RX LT,8845,0,0,46,61,2,16,1,447,0,5,69
2026-07-19T14:37:16.594 RX LT,8865,0,0,13,58,2,16,1,451,0,5,70
2026-07-19T14:37:16.594 RX LT,8885,0,0,11,58,2,16,1,454,0,5,71
2026-07-19T14:37:16.594 RX LT,8905,0,0,0,47,2,16,1,455,0,5,71
2026-07-19T14:37:16.594 RX LT,8925,0,0,0,2,2,16,1,455,0,5,71
2026-07-19T14:37:16.594 RX LT,8945,105,95,0,0,2,16,1,452,0,6,71
2026-07-19T14:37:16.681 RX LT,8965,114,86,0,87,2,16,1,445,0,6,72
2026-07-19T14:37:16.681 RX TURN CENTER,1,439,72,16,2
2026-07-19T14:37:16.681 RX TURN LEARN,1,900,86
2026-07-19T14:37:16.681 RX TURN DONE,1,439,730
2026-07-19T14:37:16.681 RX LT,8985,114,86,10,16,2,16,1,-3,1,0,72
2026-07-19T14:37:16.681 RX LT,9005,168,144,44,1,2,16,1,-9,1,0,72
2026-07-19T14:37:16.681 RX LT,9025,168,144,46,10,2,16,1,-14,1,0,72
2026-07-19T14:37:16.825 RX LT,9045,168,144,13,11,2,16,1,-20,1,0,72
2026-07-19T14:37:16.825 RX LT,9065,168,144,55,55,2,16,1,-25,1,0,72
2026-07-19T14:37:16.825 RX LT,9085,168,144,57,57,2,16,1,-27,1,0,72
2026-07-19T14:37:16.825 RX LT,9105,168,144,47,57,2,16,1,-31,1,0,72
2026-07-19T14:37:16.825 RX LT,9125,168,144,68,101,2,16,1,-36,1,0,72
2026-07-19T14:37:16.825 RX LT,9145,168,144,58,60,2,16,1,-40,1,0,72
2026-07-19T14:37:16.825 RX LT,9165,168,144,58,69,2,16,1,-46,1,0,72
2026-07-19T14:37:16.952 RX LT,9185,162,150,58,113,2,16,1,-49,1,0,72
2026-07-19T14:37:16.952 RX LT,9205,162,150,68,104,2,16,1,-51,1,0,72
2026-07-19T14:37:16.952 RX LT,9225,162,150,58,115,2,16,1,-53,1,0,72
2026-07-19T14:37:16.952 RX LT,9245,168,144,101,115,2,16,1,-55,1,0,72
2026-07-19T14:37:16.952 RX LT,9265,168,144,60,159,2,16,1,-56,1,0,72
2026-07-19T14:37:16.952 RX LT,9285,168,144,101,118,2,16,1,-57,1,0,72
2026-07-19T14:37:17.078 RX LT,9305,168,144,104,159,2,16,1,-58,1,0,72
2026-07-19T14:37:17.078 RX LT,9325,168,144,104,118,2,16,1,-59,1,0,72
2026-07-19T14:37:17.078 RX LT,9345,168,144,104,127,2,16,1,-59,1,0,72
2026-07-19T14:37:17.078 RX LT,9365,168,144,104,127,2,16,1,-60,1,0,72
2026-07-19T14:37:17.078 RX LT,9385,168,144,104,127,2,16,1,-61,1,0,72
2026-07-19T14:37:17.078 RX LT,9405,168,144,115,127,2,16,1,-62,1,0,72
2026-07-19T14:37:17.203 RX LT,9425,168,144,105,127,2,16,1,-63,1,0,72
2026-07-19T14:37:17.203 RX LT,9445,168,144,115,171,2,16,1,-64,1,0,72
2026-07-19T14:37:17.203 RX LT,9465,168,144,115,162,2,16,1,-66,1,0,72
2026-07-19T14:37:17.203 RX LT,9485,168,144,72,162,2,16,1,-68,1,0,72
2026-07-19T14:37:17.203 RX LT,9505,168,144,124,162,2,16,1,-70,1,0,72
2026-07-19T14:37:17.203 RX LT,9525,168,144,116,162,2,16,1,-71,1,0,72
2026-07-19T14:37:17.329 RX LT,9545,168,144,116,162,2,16,1,-73,1,0,72
2026-07-19T14:37:17.329 RX LT,9565,168,144,116,129,2,16,1,-75,1,0,72
2026-07-19T14:37:17.329 RX LT,9585,168,144,116,127,2,16,1,-77,1,0,72
2026-07-19T14:37:17.329 RX LT,9605,168,144,116,171,2,16,1,-80,1,0,72
2026-07-19T14:37:17.329 RX LT,9625,168,144,126,130,2,16,1,-82,1,0,72
2026-07-19T14:37:17.329 RX LT,9645,168,144,116,171,2,16,1,-84,1,0,72
2026-07-19T14:37:17.457 RX LT,9665,168,144,126,162,2,16,1,-86,1,0,72
2026-07-19T14:37:17.457 RX LT,9685,168,144,116,129,2,16,1,-88,1,0,72
2026-07-19T14:37:17.457 RX LT,9705,168,144,126,171,2,16,1,-90,1,0,72
2026-07-19T14:37:17.457 RX LT,9725,168,144,116,162,2,16,1,-92,1,0,72
2026-07-19T14:37:17.457 RX LT,9745,168,144,126,173,2,16,1,-93,1,0,72
2026-07-19T14:37:17.457 RX LT,9765,168,144,160,130,2,16,1,-95,1,0,72
2026-07-19T14:37:17.562 RX LT,9785,168,144,162,171,2,16,1,-97,1,0,72
2026-07-19T14:37:17.562 RX LT,9805,168,144,162,173,2,16,1,-98,1,0,72
2026-07-19T14:37:17.562 RX LT,9825,168,144,118,173,2,16,1,-101,1,0,72
2026-07-19T14:37:17.562 RX LT,9845,171,137,127,163,6,48,1,-103,1,0,72
2026-07-19T14:37:17.562 RX LT,9865,176,128,127,173,6,48,1,-105,1,0,72
2026-07-19T14:37:17.688 RX LT,9885,184,116,127,163,6,48,1,-108,1,0,72
2026-07-19T14:37:17.688 RX LT,9905,184,116,160,162,6,48,1,-109,1,0,72
2026-07-19T14:37:17.688 RX LT,9925,183,113,129,162,6,48,1,-112,1,0,72
2026-07-19T14:37:17.688 RX LT,9945,183,113,171,118,6,48,1,-116,1,0,72
2026-07-19T14:37:17.688 RX LT,9965,183,113,162,127,6,48,1,-120,1,0,72
2026-07-19T14:37:17.688 RX LT,9985,183,113,129,160,6,48,1,-124,1,0,72
2026-07-19T14:37:17.814 RX LT,10005,183,113,171,129,6,48,1,-128,1,0,72
2026-07-19T14:37:17.814 RX LT,10025,183,113,162,116,6,48,1,-133,1,0,72
2026-07-19T14:37:17.814 RX LT,10045,182,114,173,126,6,48,1,-142,1,0,72
2026-07-19T14:37:17.814 RX LT,10065,182,114,163,127,6,48,1,-147,1,0,72
2026-07-19T14:37:17.814 RX LT,10085,182,114,129,160,6,48,1,-152,1,0,72
2026-07-19T14:37:17.815 RX LT,10105,182,114,171,118,6,48,1,-156,1,0,72
2026-07-19T14:37:17.937 RX LT,10125,183,113,173,127,6,48,1,-159,1,0,72
2026-07-19T14:37:17.937 RX LT,10145,183,113,163,160,6,48,1,-164,1,0,72
2026-07-19T14:37:17.937 RX LT,10165,183,113,173,118,6,48,1,-169,1,0,72
2026-07-19T14:37:17.937 RX LT,10185,183,113,163,159,6,48,1,-175,1,0,72
2026-07-19T14:37:17.937 RX LT,10205,183,113,129,162,6,48,1,-180,1,0,72
2026-07-19T14:37:17.937 RX LT,10225,183,113,171,118,6,48,1,-184,1,0,72
2026-07-19T14:37:18.044 RX LT,10245,184,116,162,159,2,16,1,-188,1,0,72
2026-07-19T14:37:18.044 RX LT,10265,178,130,173,118,2,16,1,-196,1,0,72
2026-07-19T14:37:18.044 RX LT,10285,168,140,163,159,2,16,1,-200,1,0,72
2026-07-19T14:37:18.044 RX LT,10305,162,150,162,118,2,16,1,-204,1,0,72
2026-07-19T14:37:18.044 RX LT,10325,162,150,173,127,2,16,1,-209,1,0,72
2026-07-19T14:37:18.168 RX LT,10345,162,150,163,127,2,16,1,-213,1,0,72
2026-07-19T14:37:18.168 RX LT,10365,162,150,173,160,2,16,1,-217,1,0,72
2026-07-19T14:37:18.168 RX LT,10385,162,150,163,129,2,16,1,-220,1,0,72
2026-07-19T14:37:18.168 RX LT,10405,162,150,173,160,2,16,1,-224,1,0,72
2026-07-19T14:37:18.168 RX LT,10425,162,150,163,129,2,16,1,-227,1,0,72
2026-07-19T14:37:18.168 RX LT,10445,162,150,129,160,2,16,1,-231,1,0,72
2026-07-19T14:37:18.294 RX LT,10465,162,150,171,162,2,16,1,-234,1,0,72
2026-07-19T14:37:18.294 RX LT,10485,162,150,173,129,2,16,1,-239,1,0,72
2026-07-19T14:37:18.294 RX LT,10505,162,150,163,127,2,16,1,-242,1,0,72
2026-07-19T14:37:18.294 RX LT,10525,162,150,129,160,2,16,1,-246,1,0,72
2026-07-19T14:37:18.294 RX LT,10545,162,150,171,162,2,16,1,-249,1,0,72
2026-07-19T14:37:18.294 RX LT,10565,162,150,173,162,2,16,1,-252,1,0,72
2026-07-19T14:37:18.401 RX LT,10585,162,150,130,162,2,16,1,-255,1,0,72
2026-07-19T14:37:18.401 RX LT,10605,162,150,171,162,2,16,1,-258,1,0,72
2026-07-19T14:37:18.401 RX LT,10625,162,150,173,118,2,16,1,-261,1,0,72
2026-07-19T14:37:18.401 RX LT,10645,162,150,163,127,2,16,1,-264,1,0,72
2026-07-19T14:37:18.401 RX LT,10665,162,150,173,171,2,16,1,-267,1,0,72
2026-07-19T14:37:18.524 RX LT,10685,162,150,130,162,2,16,1,-270,1,0,72
2026-07-19T14:37:18.524 RX LT,10705,162,150,171,162,2,16,1,-274,1,0,72
2026-07-19T14:37:18.524 RX LT,10725,162,150,173,162,2,16,1,-277,1,0,72
2026-07-19T14:37:18.524 RX LT,10745,162,150,173,162,2,16,1,-279,1,0,72
2026-07-19T14:37:18.524 RX LT,10765,162,150,130,162,2,16,1,-282,1,0,72
2026-07-19T14:37:18.524 RX LT,10785,162,150,171,162,2,16,1,-285,1,0,72
2026-07-19T14:37:18.653 RX LT,10805,158,158,173,129,0,24,1,-287,1,0,72
2026-07-19T14:37:18.653 RX LT,10825,158,158,173,127,0,24,1,-290,1,0,72
2026-07-19T14:37:18.653 RX LT,10845,154,166,173,171,0,24,1,-293,1,0,72
2026-07-19T14:37:18.653 RX LT,10865,154,166,130,130,0,24,1,-295,1,0,72
2026-07-19T14:37:18.653 RX LT,10885,154,166,171,171,0,24,1,-297,1,0,72
2026-07-19T14:37:18.653 RX LT,10905,154,166,173,162,0,24,1,-300,1,0,72
2026-07-19T14:37:18.757 RX LT,10925,154,166,173,162,0,24,1,-302,1,0,72
2026-07-19T14:37:18.757 RX LT,10945,154,166,173,173,0,24,1,-304,1,0,72
2026-07-19T14:37:18.757 RX LT,10965,154,166,173,163,0,24,1,-306,1,0,72
2026-07-19T14:37:18.757 RX LT,10985,146,170,173,162,-2,8,1,-308,1,0,72
2026-07-19T14:37:18.757 RX LT,11005,146,170,130,173,-2,8,1,-310,1,0,72
2026-07-19T14:37:18.880 RX LT,11025,144,168,171,163,-2,8,1,-311,1,0,72
2026-07-19T14:37:18.881 RX LT,11045,144,168,130,173,-2,8,1,-312,1,0,72
2026-07-19T14:37:18.881 RX LT,11065,144,168,171,163,-2,8,1,-313,1,0,72
2026-07-19T14:37:18.881 RX LT,11085,144,168,173,173,-2,8,1,-313,1,0,72
2026-07-19T14:37:18.881 RX LT,11105,144,168,163,163,-2,8,1,-314,1,0,72
2026-07-19T14:37:18.881 RX LT,11125,144,168,173,162,-2,8,1,-316,1,0,72
2026-07-19T14:37:19.007 RX LT,11145,144,168,163,173,-2,8,1,-316,1,0,72
2026-07-19T14:37:19.007 RX LT,11165,144,168,129,173,-2,8,1,-315,1,0,72
2026-07-19T14:37:19.007 RX LT,11185,144,168,160,163,-2,8,1,-315,1,0,72
2026-07-19T14:37:19.007 RX LT,11205,144,168,129,173,-2,8,1,-315,1,0,72
2026-07-19T14:37:19.007 RX LT,11225,144,168,171,173,-2,8,1,-314,1,0,72
2026-07-19T14:37:19.008 RX LT,11245,144,168,162,130,-2,8,1,-314,1,0,72
2026-07-19T14:37:19.114 RX LT,11265,144,168,162,171,-2,8,1,-313,1,0,72
2026-07-19T14:37:19.114 RX LT,11285,144,168,129,173,-2,8,1,-313,1,0,72
2026-07-19T14:37:19.114 RX LT,11305,144,168,127,173,-2,8,1,-313,1,0,72
2026-07-19T14:37:19.114 RX LT,11325,144,168,171,163,-2,8,1,-312,1,0,72
2026-07-19T14:37:19.114 RX LT,11345,144,168,130,173,-2,8,1,-312,1,0,72
2026-07-19T14:37:19.114 RX LT,11365,144,168,127,173,-2,8,1,-311,1,0,72
2026-07-19T14:37:19.238 RX LT,11385,144,168,171,173,-2,8,1,-311,1,0,72
2026-07-19T14:37:19.238 RX LT,11405,144,168,162,130,-2,8,1,-310,1,0,72
2026-07-19T14:37:19.238 RX LT,11425,144,168,162,171,-2,8,1,-310,1,0,72
2026-07-19T14:37:19.238 RX LT,11445,144,168,129,173,-2,8,1,-309,1,0,72
2026-07-19T14:37:19.238 RX LT,11465,144,168,127,173,-2,8,1,-309,1,0,72
2026-07-19T14:37:19.364 RX LT,11485,137,171,127,163,-6,12,1,-308,1,0,72
2026-07-19T14:37:19.364 RX LT,11505,129,175,171,173,-6,12,1,-308,1,0,72
2026-07-19T14:37:19.364 RX LT,11525,116,184,119,173,-6,12,1,-307,1,0,72
2026-07-19T14:37:19.364 RX LT,11545,116,184,127,130,-6,12,1,-306,1,0,72
2026-07-19T14:37:19.364 RX LT,11565,113,183,127,171,-6,12,1,-304,1,0,72
2026-07-19T14:37:19.364 RX LT,11585,113,183,127,173,-6,12,1,-303,1,0,72
2026-07-19T14:37:19.471 RX LT,11605,113,183,160,173,-6,12,1,-301,1,0,72
2026-07-19T14:37:19.471 RX LT,11625,113,183,118,173,-6,12,1,-300,1,0,72
2026-07-19T14:37:19.471 RX LT,11645,113,183,127,173,-6,12,1,-298,1,0,72
2026-07-19T14:37:19.471 RX LT,11665,113,183,160,163,-6,12,1,-296,1,0,72
2026-07-19T14:37:19.471 RX LT,11685,123,181,118,173,-2,8,1,-294,1,0,72
2026-07-19T14:37:19.609 RX LT,11705,135,173,127,173,-2,8,1,-291,1,0,72
2026-07-19T14:37:19.609 RX LT,11725,136,172,160,173,-2,8,1,-289,1,0,72
2026-07-19T14:37:19.609 RX LT,11745,144,168,118,173,-2,8,1,-287,1,0,72
2026-07-19T14:37:19.609 RX LT,11765,144,168,127,173,-2,8,1,-286,1,0,72
2026-07-19T14:37:19.609 RX LT,11785,144,168,160,173,-2,8,1,-283,1,0,72
2026-07-19T14:37:19.609 RX LT,11818,144,168,162,173,-2,8,1,-281,1,0,72
2026-07-19T14:37:19.734 RX LT,11839,144,168,151,206,-2,8,1,-280,1,0,72
2026-07-19T14:37:19.735 RX LT,11859,144,168,172,176,-2,8,1,-279,1,0,72
2026-07-19T14:37:19.735 RX LT,11879,144,168,163,163,-2,8,1,-278,1,0,72
2026-07-19T14:37:19.735 RX LT,11899,144,168,118,184,-2,8,1,-277,1,0,72
2026-07-19T14:37:19.735 RX LT,11919,144,168,127,131,-2,8,1,-276,1,0,72
2026-07-19T14:37:19.735 RX LT,11939,144,168,127,171,-2,8,1,-274,1,0,72
2026-07-19T14:37:19.842 RX LT,11959,144,168,160,173,-2,8,1,-273,1,0,72
2026-07-19T14:37:19.842 RX LT,11979,144,168,162,173,-2,8,1,-272,1,0,72
2026-07-19T14:37:19.842 RX LT,11999,144,168,118,173,-2,8,1,-271,1,0,72
2026-07-19T14:37:19.842 RX LT,12019,144,168,127,163,-2,8,1,-270,1,0,72
2026-07-19T14:37:19.842 RX LT,12039,144,168,127,173,-2,8,1,-269,1,0,72
2026-07-19T14:37:19.966 RX LT,12059,144,168,116,173,-2,8,1,-268,1,0,72
2026-07-19T14:37:19.966 RX LT,12079,144,168,126,173,-2,8,1,-266,1,0,72
2026-07-19T14:37:19.966 RX LT,12099,144,168,127,173,-2,8,1,-265,1,0,72
2026-07-19T14:37:19.966 RX LT,12119,144,168,160,173,-2,8,1,-263,1,0,72
2026-07-19T14:37:19.966 RX LT,12139,144,168,118,173,-2,8,1,-261,1,0,72
2026-07-19T14:37:19.966 RX LT,12159,144,168,127,163,-2,8,1,-260,1,0,72
2026-07-19T14:37:20.090 RX LT,12179,152,164,127,173,0,24,1,-259,1,0,72
2026-07-19T14:37:20.091 RX LT,12199,152,164,127,173,0,24,1,-258,1,0,72
2026-07-19T14:37:20.091 RX LT,12219,160,160,160,173,0,24,1,-257,1,0,72
2026-07-19T14:37:20.091 RX LT,12239,160,160,118,173,0,24,1,-255,1,0,72
2026-07-19T14:37:20.091 RX LT,12259,160,160,159,173,0,24,1,-253,1,0,72
2026-07-19T14:37:20.091 RX LT,12279,160,160,162,173,0,24,1,-252,1,0,72
2026-07-19T14:37:20.198 RX LT,12299,164,152,162,173,2,16,1,-251,1,0,72
2026-07-19T14:37:20.198 RX LT,12319,164,152,118,163,2,16,1,-251,1,0,72
2026-07-19T14:37:20.198 RX LT,12339,164,152,127,173,2,16,1,-249,1,0,72
2026-07-19T14:37:20.198 RX LT,12359,168,144,127,173,2,16,1,-248,1,0,72
2026-07-19T14:37:20.199 RX LT,12379,168,144,127,130,2,16,1,-248,1,0,72
2026-07-19T14:37:20.322 RX LT,12399,168,144,127,171,2,16,1,-248,1,0,72
2026-07-19T14:37:20.322 RX LT,12419,168,144,127,130,2,16,1,-248,1,0,72
2026-07-19T14:37:20.322 RX LT,12439,168,144,160,171,2,16,1,-247,1,0,72
2026-07-19T14:37:20.322 RX LT,12459,168,144,162,130,2,16,1,-248,1,0,72
2026-07-19T14:37:20.322 RX LT,12479,168,144,118,171,2,16,1,-248,1,0,72
2026-07-19T14:37:20.322 RX LT,12499,168,144,127,162,2,16,1,-248,1,0,72
2026-07-19T14:37:20.448 RX LT,12519,168,144,127,162,2,16,1,-249,1,0,72
2026-07-19T14:37:20.448 RX LT,12539,168,144,127,129,2,16,1,-249,1,0,72
2026-07-19T14:37:20.448 RX LT,12559,168,144,160,127,2,16,1,-250,1,0,72
2026-07-19T14:37:20.448 RX LT,12579,168,144,129,171,2,16,1,-251,1,0,72
2026-07-19T14:37:20.448 RX LT,12599,168,144,160,162,2,16,1,-251,1,0,72
2026-07-19T14:37:20.448 RX LT,12619,172,136,162,162,6,48,1,-251,1,0,72
2026-07-19T14:37:20.573 RX LT,12639,181,119,162,162,6,48,1,-252,1,0,72
2026-07-19T14:37:20.573 RX LT,12659,184,116,162,129,6,48,1,-253,1,0,72
2026-07-19T14:37:20.573 RX LT,12679,184,116,162,116,6,48,1,-254,1,0,72
2026-07-19T14:37:20.573 RX LT,12699,183,113,162,126,6,48,1,-255,1,0,72
2026-07-19T14:37:20.573 RX LT,12719,183,113,129,160,6,48,1,-257,1,0,72
2026-07-19T14:37:20.573 RX LT,12739,183,113,127,162,6,48,1,-259,1,0,72
2026-07-19T14:37:20.683 RX LT,12759,183,113,171,118,6,48,1,-261,1,0,72
2026-07-19T14:37:20.683 RX LT,12779,183,113,130,159,6,48,1,-265,1,0,72
2026-07-19T14:37:20.683 RX LT,12799,183,113,171,118,6,48,1,-266,1,0,72
2026-07-19T14:37:20.683 RX LT,12819,183,113,162,127,6,48,1,-267,1,0,72
2026-07-19T14:37:20.683 RX LT,12839,183,113,129,116,6,48,1,-270,1,0,72
2026-07-19T14:37:20.805 RX LT,12859,183,113,171,126,6,48,1,-273,1,0,72
2026-07-19T14:37:20.805 RX LT,12879,183,113,130,116,6,48,1,-277,1,0,72
2026-07-19T14:37:20.805 RX LT,12899,183,113,171,116,6,48,1,-280,1,0,72
2026-07-19T14:37:20.805 RX LT,12919,183,113,173,126,6,48,1,-284,1,0,72
2026-07-19T14:37:20.805 RX LT,12939,182,106,130,116,11,32,1,-288,1,0,72
2026-07-19T14:37:20.805 RX LT,12959,182,106,171,159,11,32,1,-291,1,0,72
2026-07-19T14:37:20.930 RX LT,12979,183,105,173,118,11,32,1,-295,1,0,72
2026-07-19T14:37:20.930 RX LT,12999,183,105,173,116,11,32,1,-301,1,0,72
2026-07-19T14:37:20.930 RX LT,13019,181,107,173,116,6,48,1,-305,1,0,72
2026-07-19T14:37:20.930 RX LT,13039,181,111,163,116,6,48,1,-310,1,0,72
2026-07-19T14:37:20.930 RX LT,13059,182,110,173,116,6,48,1,-312,1,0,72
2026-07-19T14:37:20.930 RX LT,13079,183,113,173,72,6,48,1,-316,1,0,72
2026-07-19T14:37:21.052 RX LT,13099,183,113,130,156,6,48,1,-320,1,0,72
2026-07-19T14:37:21.052 RX LT,13132,183,113,171,118,6,48,1,-325,1,0,72
2026-07-19T14:37:21.052 RX LT,13153,182,114,206,148,6,48,1,-328,1,0,72
2026-07-19T14:37:21.052 RX LT,13173,182,114,176,150,6,48,1,-332,1,0,72
2026-07-19T14:37:21.052 RX LT,13193,182,114,185,118,6,48,1,-336,1,0,72
2026-07-19T14:37:21.175 RX LT,13213,182,114,174,159,6,48,1,-341,1,0,72
2026-07-19T14:37:21.175 RX LT,13233,182,114,174,118,6,48,1,-344,1,0,72
2026-07-19T14:37:21.175 RX LT,13253,182,114,174,159,6,48,1,-347,1,0,72
2026-07-19T14:37:21.175 RX LT,13273,182,114,163,107,6,48,1,-350,1,0,72
2026-07-19T14:37:21.175 RX LT,13293,182,114,173,158,6,48,1,-353,1,0,72
2026-07-19T14:37:21.175 RX LT,13313,182,114,173,118,6,48,1,-356,1,0,72
2026-07-19T14:37:21.302 RX LT,13333,182,114,163,72,6,48,1,-359,1,0,72
2026-07-19T14:37:21.302 RX LT,13353,182,114,173,156,6,48,1,-364,1,0,72
2026-07-19T14:37:21.302 RX LT,13373,182,114,173,118,6,48,1,-367,1,0,72
2026-07-19T14:37:21.302 RX LT,13393,182,118,173,116,2,16,1,-370,1,0,72
2026-07-19T14:37:21.302 RX LT,13413,174,130,173,116,2,16,1,-373,1,0,72
2026-07-19T14:37:21.302 RX LT,13433,166,142,163,116,2,16,1,-376,1,0,72
2026-07-19T14:37:21.408 RX LT,13453,162,150,173,159,2,16,1,-378,1,0,72
2026-07-19T14:37:21.409 RX LT,13473,162,150,173,118,2,16,1,-381,1,0,72
2026-07-19T14:37:21.409 RX LT,13493,162,150,163,159,2,16,1,-383,1,0,72
2026-07-19T14:37:21.409 RX LT,13513,168,144,173,118,2,16,1,-384,1,0,72
2026-07-19T14:37:21.409 RX LT,13533,168,144,173,159,2,16,1,-386,1,0,72
2026-07-19T14:37:21.532 RX LT,13553,168,144,173,118,2,16,1,-388,1,0,72
2026-07-19T14:37:21.532 RX LT,13573,168,144,173,127,2,16,1,-391,1,0,72
2026-07-19T14:37:21.532 RX LT,13593,168,144,163,116,2,16,1,-393,1,0,72
2026-07-19T14:37:21.532 RX LT,13613,168,144,173,126,2,16,1,-394,1,0,72
2026-07-19T14:37:21.532 RX LT,13633,168,144,173,116,0,24,1,-396,1,0,72
2026-07-19T14:37:21.532 RX LT,13653,164,152,173,126,0,24,1,-398,1,0,72
2026-07-19T14:37:21.658 RX LT,13673,160,160,173,116,0,24,1,-400,1,0,72
2026-07-19T14:37:21.658 RX LT,13693,160,160,130,126,0,24,1,-401,1,0,72
2026-07-19T14:37:21.658 RX LT,13713,160,160,171,160,0,24,1,-403,1,0,72
2026-07-19T14:37:21.658 RX LT,13733,160,160,173,118,0,24,1,-404,1,0,72
2026-07-19T14:37:21.658 RX LT,13753,160,160,173,127,0,24,1,-405,1,0,72
2026-07-19T14:37:21.658 RX LT,13773,160,160,173,160,0,24,1,-406,1,0,72
2026-07-19T14:37:21.765 RX LT,13793,152,164,173,162,-2,8,1,-407,1,0,72
2026-07-19T14:37:21.765 RX LT,13813,152,164,163,162,-2,8,1,-407,1,0,72
2026-07-19T14:37:21.765 RX LT,13833,144,168,173,162,-2,8,1,-408,1,0,72
2026-07-19T14:37:21.765 RX LT,13853,144,168,173,162,-2,8,1,-409,1,0,72
2026-07-19T14:37:21.765 RX LT,13873,144,168,173,129,-2,8,1,-409,1,0,72
2026-07-19T14:37:21.889 RX LT,13893,144,168,173,171,-2,8,1,-410,1,0,72
2026-07-19T14:37:21.889 RX LT,13913,144,168,184,173,-2,8,1,-410,1,0,72
2026-07-19T14:37:21.889 RX LT,13933,137,171,174,130,-6,12,1,-410,1,0,72
2026-07-19T14:37:21.889 RX LT,13953,129,175,174,171,-6,12,1,-410,1,0,72
2026-07-19T14:37:21.889 RX LT,13973,116,184,174,130,-6,12,1,-410,1,0,72
2026-07-19T14:37:21.889 RX LT,13993,116,184,130,171,-6,12,1,-409,1,0,72
2026-07-19T14:37:22.014 RX LT,14013,113,183,171,162,-6,12,1,-408,1,0,72
2026-07-19T14:37:22.014 RX LT,14033,113,183,130,173,-6,12,1,-406,1,0,72
2026-07-19T14:37:22.014 RX LT,14053,113,183,171,173,-6,12,1,-404,1,0,72
2026-07-19T14:37:22.014 RX LT,14073,113,183,162,130,-6,12,1,-401,1,0,72
2026-07-19T14:37:22.014 RX LT,14093,110,182,162,171,-11,4,1,-398,1,0,72
2026-07-19T14:37:22.014 RX LT,14113,106,182,162,173,-11,4,1,-397,1,0,72
2026-07-19T14:37:22.120 RX LT,14133,105,183,162,163,-11,4,1,-394,1,0,72
2026-07-19T14:37:22.120 RX LT,14153,105,183,118,173,-11,4,1,-391,1,0,72
2026-07-19T14:37:22.120 RX LT,14173,105,183,127,173,-11,4,1,-387,1,0,72
2026-07-19T14:37:22.120 RX LT,14193,104,184,116,163,-11,4,1,-383,1,0,72
2026-07-19T14:37:22.120 RX LT,14213,104,184,159,173,-11,4,1,-380,1,0,72
2026-07-19T14:37:22.245 RX LT,14233,105,183,118,173,-11,4,1,-374,1,0,72
2026-07-19T14:37:22.245 RX LT,14253,105,183,116,173,-11,4,1,-369,1,0,72
2026-07-19T14:37:22.245 RX LT,14273,105,183,116,173,-11,4,1,-367,1,0,72
2026-07-19T14:37:22.245 RX LT,14293,104,184,116,173,-11,4,1,-362,1,0,72
2026-07-19T14:37:22.245 RX LT,14313,104,184,126,173,-11,4,1,-358,1,0,72
2026-07-19T14:37:22.245 RX LT,14333,104,184,116,173,-11,4,1,-354,1,0,72
2026-07-19T14:37:22.353 RX LT,14353,104,184,116,173,-11,4,1,-350,1,0,72
2026-07-19T14:37:22.353 RX LT,14373,104,184,126,173,-11,4,1,-345,1,0,72
2026-07-19T14:37:22.353 RX LT,14393,104,184,116,173,-11,4,1,-341,1,0,72
2026-07-19T14:37:22.353 RX LT,14413,104,184,116,184,-11,4,1,-336,1,0,72
2026-07-19T14:37:22.353 RX LT,14433,104,184,116,174,-11,4,1,-326,1,0,72
2026-07-19T14:37:22.482 RX LT,14453,105,183,116,217,-11,4,1,-323,1,0,72
2026-07-19T14:37:22.483 RX LT,14473,105,183,72,176,-11,4,1,-318,1,0,72
2026-07-19T14:37:22.483 RX LT,14493,105,183,113,174,-11,4,1,-312,1,0,72
2026-07-19T14:37:22.483 RX LT,14513,105,183,115,174,-11,4,1,-307,1,0,72
2026-07-19T14:37:22.483 RX LT,14533,105,183,115,184,-11,4,1,-302,1,0,72
2026-07-19T14:37:22.483 RX LT,14553,105,183,115,174,-11,4,1,-297,1,0,72
2026-07-19T14:37:22.585 RX LT,14573,105,183,115,174,-11,4,1,-292,1,0,72
2026-07-19T14:37:22.585 RX LT,14593,105,183,105,174,-11,4,1,-287,1,0,72
2026-07-19T14:37:22.585 RX LT,14613,105,183,115,217,-11,4,1,-282,1,0,72
2026-07-19T14:37:22.585 RX LT,14633,106,182,115,176,-6,12,1,-277,1,0,72
2026-07-19T14:37:22.585 RX LT,14653,107,181,72,174,-6,12,1,-270,1,0,72
2026-07-19T14:37:22.719 RX LT,14673,112,180,113,174,-6,12,1,-266,1,0,72
2026-07-19T14:37:22.719 RX LT,14693,112,180,115,174,-6,12,1,-261,1,0,72
2026-07-19T14:37:22.719 RX LT,14713,116,180,115,184,-6,12,1,-257,1,0,72
2026-07-19T14:37:22.719 RX LT,14733,122,178,105,174,-2,8,1,-252,1,0,72
2026-07-19T14:37:22.719 RX LT,14753,134,170,115,174,-2,8,1,-248,1,0,72
2026-07-19T14:37:22.719 RX LT,14773,146,162,115,174,-2,8,1,-244,1,0,72
2026-07-19T14:37:22.833 RX LT,14793,150,162,115,174,-2,8,1,-241,1,0,72
2026-07-19T14:37:22.833 RX LT,14813,150,162,148,174,-2,8,1,-237,1,0,72
2026-07-19T14:37:22.833 RX LT,14833,150,162,118,174,-2,8,1,-234,1,0,72
2026-07-19T14:37:22.833 RX LT,14853,150,162,148,174,-2,8,1,-230,1,0,72
2026-07-19T14:37:22.833 RX LT,14873,150,162,150,174,-2,8,1,-226,1,0,72
2026-07-19T14:37:22.833 RX LT,14893,150,162,118,174,-2,8,1,-223,1,0,72
2026-07-19T14:37:22.940 RX LT,14913,150,162,116,174,-2,8,1,-221,1,0,72
2026-07-19T14:37:22.940 RX LT,14933,150,162,116,174,-2,8,1,-218,1,0,72
2026-07-19T14:37:22.940 RX LT,14953,150,162,116,174,0,24,1,-215,1,0,72
2026-07-19T14:37:22.940 RX LT,14973,158,158,116,174,0,24,1,-213,1,0,72
2026-07-19T14:37:22.940 RX LT,14993,166,154,116,174,0,24,1,-210,1,0,72
2026-07-19T14:37:23.063 RX LT,15013,170,146,159,174,2,16,1,-207,1,0,72
2026-07-19T14:37:23.063 RX LT,15033,170,146,118,174,2,16,1,-205,1,0,72
2026-07-19T14:37:23.063 RX LT,15053,170,146,159,174,2,16,1,-204,1,0,72
2026-07-19T14:37:23.063 RX LT,15073,168,144,118,163,2,16,1,-203,1,0,72
2026-07-19T14:37:23.063 RX LT,15093,168,144,127,173,2,16,1,-201,1,0,72
2026-07-19T14:37:23.063 RX LT,15113,168,144,160,173,2,16,1,-200,1,0,72
2026-07-19T14:37:23.188 RX LT,15133,168,144,118,173,2,16,1,-200,1,0,72
2026-07-19T14:37:23.188 RX LT,15153,171,137,127,163,6,48,1,-199,1,0,72
2026-07-19T14:37:23.188 RX LT,15173,175,129,127,173,6,48,1,-199,1,0,72
2026-07-19T14:37:23.188 RX LT,15193,184,116,160,130,6,48,1,-199,1,0,72
2026-07-19T14:37:23.188 RX LT,15213,184,116,162,127,6,48,1,-199,1,0,72
2026-07-19T14:37:23.188 RX LT,15233,183,113,162,160,6,48,1,-199,1,0,72
2026-07-19T14:37:23.297 RX LT,15253,183,113,162,129,6,48,1,-200,1,0,72
2026-07-19T14:37:23.297 RX LT,15273,183,113,162,127,6,48,1,-202,1,0,72
2026-07-19T14:37:23.297 RX LT,15293,182,110,162,127,11,32,1,-203,1,0,72
2026-07-19T14:37:23.297 RX LT,15313,182,106,162,127,11,32,1,-206,1,0,72
2026-07-19T14:37:23.297 RX LT,15333,183,105,162,160,11,32,1,-209,1,0,72
2026-07-19T14:37:23.445 RX LT,15353,183,105,129,118,11,32,1,-212,1,0,72
2026-07-19T14:37:23.445 RX LT,15373,183,105,127,159,11,32,1,-215,1,0,72
2026-07-19T14:37:23.445 RX LT,15393,184,104,171,118,11,32,1,-218,1,0,72
2026-07-19T14:37:23.445 RX LT,15413,184,104,119,116,11,32,1,-221,1,0,72
2026-07-19T14:37:23.445 RX LT,15433,184,104,127,159,11,32,1,-223,1,0,72
2026-07-19T14:37:23.445 RX LT,15453,184,104,171,118,11,32,1,-227,1,0,72
2026-07-19T14:37:23.573 RX LT,15498,184,104,162,116,11,32,1,-236,1,0,72
2026-07-19T14:37:23.573 RX LT,15519,183,105,184,170,11,32,1,-239,1,0,72
2026-07-19T14:37:23.573 RX LT,15539,183,105,174,119,11,32,1,-243,1,0,72
2026-07-19T14:37:23.573 RX LT,15559,183,105,163,72,11,32,1,-247,1,0,72
2026-07-19T14:37:23.573 RX LT,15579,183,105,162,113,11,32,1,-252,1,0,72
2026-07-19T14:37:23.573 RX LT,15599,183,105,162,115,11,32,1,-255,1,0,72
2026-07-19T14:37:23.684 RX LT,15619,183,105,129,115,11,32,1,-261,1,0,72
2026-07-19T14:37:23.684 RX LT,15639,183,105,171,115,11,32,1,-265,1,0,72
2026-07-19T14:37:23.684 RX LT,15659,181,107,162,105,3,56,1,-269,1,0,72
2026-07-19T14:37:23.684 RX LT,15679,181,123,129,115,0,60,1,-273,1,0,72
2026-07-19T14:37:23.684 RX LT,15699,140,140,127,115,0,62,0,0,1,1,72
2026-07-19T14:37:23.825 RX LT,15719,140,140,171,148,0,62,0,0,1,1,72
2026-07-19T14:37:23.825 RX LT,15739,140,140,162,118,0,62,0,0,1,1,72
2026-07-19T14:37:23.825 RX LT,15759,-185,185,129,127,0,31,0,-2,1,2,1
2026-07-19T14:37:23.825 RX LT,15779,-185,185,29,116,-30,3,1,-4,1,2,3
2026-07-19T14:37:23.825 RX LT,15799,-185,185,1,126,0,0,0,-5,1,2,4
2026-07-19T14:37:23.825 RX LT,15819,-185,185,0,160,0,0,0,1,1,2,5
2026-07-19T14:37:23.825 RX LT,15839,-185,185,0,216,0,0,0,20,1,2,7
2026-07-19T14:37:23.935 RX LT,15859,-185,185,54,176,0,0,0,33,1,2,10
2026-07-19T14:37:23.935 RX LT,15879,-185,185,112,163,0,0,0,50,1,2,13
2026-07-19T14:37:23.935 RX LT,15899,-185,185,72,173,-36,1,1,67,1,2,15
2026-07-19T14:37:23.935 RX LT,15919,-185,185,113,173,-36,1,1,86,1,2,18
2026-07-19T14:37:23.935 RX LT,15939,-185,185,148,173,-30,3,1,105,1,2,21
2026-07-19T14:37:24.055 RX LT,15959,-185,185,118,173,-30,3,1,125,1,2,24
2026-07-19T14:37:24.055 RX LT,15979,-185,185,159,184,-30,3,1,146,1,2,28
2026-07-19T14:37:24.055 RX LT,15999,-185,185,118,218,-30,3,1,167,1,2,31
2026-07-19T14:37:24.055 RX LT,16019,-185,185,170,176,-18,6,1,188,1,2,34
2026-07-19T14:37:24.055 RX LT,16039,-185,185,173,185,-18,6,1,211,1,2,38
2026-07-19T14:37:24.055 RX LT,16059,-185,185,173,185,-18,6,1,247,1,2,41
2026-07-19T14:37:24.162 RX LT,16079,-138,138,173,229,-6,12,1,259,1,2,46
2026-07-19T14:37:24.162 RX TURN CAPTURE,2,271,48,12,-6
2026-07-19T14:37:24.162 RX LT,16099,0,0,130,220,-6,12,1,283,1,5,49
2026-07-19T14:37:24.162 RX LT,16119,0,0,73,122,-6,12,1,305,1,5,51
2026-07-19T14:37:24.162 RX LT,16139,0,0,15,159,-6,12,1,326,1,5,53
2026-07-19T14:37:24.162 RX LT,16159,0,0,55,162,-2,8,1,340,1,5,55
2026-07-19T14:37:24.162 RX LT,16179,0,0,57,129,-2,8,1,352,1,5,57
2026-07-19T14:37:24.307 RX LT,16199,0,0,68,116,-2,8,1,362,1,5,59
2026-07-19T14:37:24.307 RX LT,16219,0,0,47,105,-2,8,1,371,1,5,60
2026-07-19T14:37:24.307 RX LT,16239,0,0,2,60,-2,8,1,378,1,5,61
2026-07-19T14:37:24.307 RX LT,16259,0,0,43,69,-2,8,1,383,1,5,62
2026-07-19T14:37:24.307 RX LT,16279,0,0,2,58,-2,8,1,388,1,5,62
2026-07-19T14:37:24.307 RX LT,16299,0,0,0,14,-2,8,1,389,1,5,63
2026-07-19T14:37:24.412 RX LT,16319,0,0,0,11,-2,8,1,388,1,5,63
2026-07-19T14:37:24.412 RX LT,16339,0,0,0,0,-2,8,1,386,1,6,63
2026-07-19T14:37:24.412 RX LT,16359,90,110,0,0,-2,8,1,382,1,6,63
2026-07-19T14:37:24.412 RX LT,16379,86,114,43,21,-2,8,1,378,1,6,64
2026-07-19T14:37:24.412 RX TURN CENTER,2,375,64,8,-2
2026-07-19T14:37:24.412 RX TURN LEARN,2,900,86
2026-07-19T14:37:24.412 RX TURN DONE,2,375,692
2026-07-19T14:37:24.412 RX LT,16399,146,166,2,12,-2,8,1,-4,2,0,64
2026-07-19T14:37:24.538 RX LT,16419,144,168,43,44,-2,8,1,-8,2,0,64
2026-07-19T14:37:24.538 RX LT,16439,144,168,46,13,-2,8,1,-11,2,0,64
2026-07-19T14:37:24.538 RX LT,16459,144,168,46,55,-2,8,1,-14,2,0,64
2026-07-19T14:37:24.538 RX LT,16479,144,168,13,57,-2,8,1,-19,2,0,64
2026-07-19T14:37:24.538 RX LT,16499,144,168,55,57,-2,8,1,-21,2,0,64
2026-07-19T14:37:24.538 RX LT,16519,144,168,57,68,-2,8,1,-24,2,0,64
2026-07-19T14:37:24.665 RX LT,16539,144,168,14,102,-2,8,1,-25,2,0,64
2026-07-19T14:37:24.665 RX LT,16559,144,168,55,71,-2,8,1,-27,2,0,64
2026-07-19T14:37:24.665 RX LT,16579,144,168,101,113,-2,8,1,-27,2,0,64
2026-07-19T14:37:24.665 RX LT,16599,144,168,60,115,-2,8,1,-28,2,0,64
2026-07-19T14:37:24.666 RX LT,16619,144,168,58,159,-2,8,1,-28,2,0,64
2026-07-19T14:37:24.666 RX LT,16639,144,168,58,118,-2,8,1,-27,2,0,64
2026-07-19T14:37:24.791 RX LT,16659,144,168,101,127,-2,8,1,-27,2,0,64
2026-07-19T14:37:24.791 RX LT,16679,144,168,60,160,-2,8,1,-26,2,0,64
2026-07-19T14:37:24.791 RX LT,16699,144,168,58,129,-2,8,1,-23,2,0,64
2026-07-19T14:37:24.791 RX LT,16719,144,168,68,171,-2,8,1,-20,2,0,64
2026-07-19T14:37:24.791 RX LT,16739,130,174,58,162,-6,12,1,-19,2,0,64
2026-07-19T14:37:24.791 RX LT,16759,118,182,101,173,-6,12,1,-16,2,0,64
2026-07-19T14:37:24.915 RX LT,16779,116,184,60,173,-6,12,1,-12,2,0,64
2026-07-19T14:37:24.915 RX LT,16799,116,184,58,173,-6,12,1,-8,2,0,64
2026-07-19T14:37:24.915 RX LT,16819,113,183,58,173,-6,12,1,-3,2,0,64
2026-07-19T14:37:24.915 RX LT,16839,113,183,58,173,-6,12,1,2,2,0,64
2026-07-19T14:37:24.915 RX LT,16859,123,181,58,173,-2,8,1,8,2,0,64
2026-07-19T14:37:24.915 RX LT,16879,135,173,58,173,-2,8,1,13,2,0,64
2026-07-19T14:37:25.056 RX LT,16899,136,172,101,173,-2,8,1,18,2,0,64
2026-07-19T14:37:25.056 RX LT,16919,144,168,60,173,-2,8,1,25,2,0,64
2026-07-19T14:37:25.056 RX LT,16939,150,162,101,184,-2,8,1,30,2,0,64
2026-07-19T14:37:25.056 RX LT,16959,150,162,60,174,-2,8,1,35,2,0,64
2026-07-19T14:37:25.056 RX LT,16979,150,162,69,174,-2,8,1,39,2,0,64
2026-07-19T14:37:25.056 RX LT,16999,150,162,58,174,-2,8,1,44,2,0,64
2026-07-19T14:37:25.182 RX LT,17032,150,162,68,174,-2,8,1,49,2,0,64
2026-07-19T14:37:25.182 RX LT,17053,150,162,80,217,-2,8,1,56,2,0,64
2026-07-19T14:37:25.182 RX LT,17073,156,156,59,165,-2,8,1,61,2,0,64
2026-07-19T14:37:25.182 RX LT,17093,156,156,58,173,-2,8,1,66,2,0,64
2026-07-19T14:37:25.182 RX LT,17113,156,156,101,173,-2,8,1,71,2,0,64
2026-07-19T14:37:25.182 RX LT,17133,156,156,60,217,-2,8,1,75,2,0,64
2026-07-19T14:37:25.308 RX LT,17153,156,156,58,176,-2,8,1,79,2,0,64
2026-07-19T14:37:25.308 RX LT,17173,156,156,68,174,-2,8,1,83,2,0,64
2026-07-19T14:37:25.308 RX LT,17193,156,156,58,130,-2,8,1,87,2,0,64
2026-07-19T14:37:25.308 RX LT,17213,156,156,58,171,-2,8,1,91,2,0,64
2026-07-19T14:37:25.308 RX LT,17233,156,156,68,173,-2,8,1,96,2,0,64
2026-07-19T14:37:25.308 RX LT,17253,156,156,58,173,0,24,1,100,2,0,64
2026-07-19T14:37:25.433 RX LT,17273,164,152,101,130,0,24,1,106,2,0,64
2026-07-19T14:37:25.433 RX LT,17293,166,154,104,171,0,24,1,110,2,0,64
2026-07-19T14:37:25.433 RX LT,17313,166,154,104,173,2,16,1,113,2,0,64
2026-07-19T14:37:25.433 RX LT,17333,170,146,60,173,2,16,1,117,2,0,64
2026-07-19T14:37:25.433 RX LT,17353,170,146,112,173,2,16,1,120,2,0,64
2026-07-19T14:37:25.433 RX LT,17373,174,138,104,173,2,16,1,123,2,0,64
2026-07-19T14:37:25.559 RX LT,17393,174,138,71,163,2,16,1,125,2,0,64
2026-07-19T14:37:25.559 RX LT,17413,174,138,113,173,2,16,1,127,2,0,64
2026-07-19T14:37:25.559 RX LT,17433,174,138,115,173,2,16,1,129,2,0,64
2026-07-19T14:37:25.559 RX LT,17453,174,138,105,163,2,16,1,131,2,0,64
2026-07-19T14:37:25.559 RX LT,17473,174,138,115,173,2,16,1,132,2,0,64
2026-07-19T14:37:25.559 RX LT,17493,168,144,115,163,2,16,1,133,2,0,64
2026-07-19T14:37:25.700 RX LT,17513,172,136,115,173,6,48,1,134,2,0,64
2026-07-19T14:37:25.700 RX LT,17533,181,119,115,130,6,48,1,134,2,0,64
2026-07-19T14:37:25.700 RX LT,17553,184,116,159,127,6,48,1,134,2,0,64
2026-07-19T14:37:25.700 RX LT,17573,184,116,118,127,6,48,1,134,2,0,64
2026-07-19T14:37:25.700 RX LT,17606,183,113,159,127,6,48,1,132,2,0,64
2026-07-19T14:37:25.700 RX LT,17627,183,113,151,192,6,48,1,129,2,0,64
2026-07-19T14:37:25.807 RX LT,17647,182,110,129,131,11,32,1,127,2,0,64
2026-07-19T14:37:25.807 RX LT,17667,182,106,127,116,11,32,1,123,2,0,64
2026-07-19T14:37:25.807 RX LT,17687,183,105,127,126,11,32,1,119,2,0,64
2026-07-19T14:37:25.807 RX LT,17707,183,105,160,116,11,32,1,115,2,0,64
2026-07-19T14:37:25.807 RX LT,17727,183,105,162,126,11,32,1,110,2,0,64
2026-07-19T14:37:25.930 RX LT,17747,184,104,162,116,11,32,1,105,2,0,64
2026-07-19T14:37:25.930 RX LT,17767,184,104,118,116,11,32,1,100,2,0,64
2026-07-19T14:37:25.930 RX LT,17787,184,104,170,116,11,32,1,94,2,0,64
2026-07-19T14:37:25.930 RX LT,17807,184,104,119,116,11,32,1,88,2,0,64
2026-07-19T14:37:25.930 RX LT,17827,184,104,127,116,11,32,1,83,2,0,64
2026-07-19T14:37:25.930 RX LT,17847,183,105,127,116,11,32,1,75,2,0,64
2026-07-19T14:37:26.056 RX LT,17867,183,105,127,116,11,32,1,70,2,0,64
2026-07-19T14:37:26.056 RX LT,17887,183,105,127,116,11,32,1,65,2,0,64
2026-07-19T14:37:26.056 RX LT,17907,183,105,127,126,11,32,1,60,2,0,64
2026-07-19T14:37:26.056 RX LT,17927,183,105,127,149,11,32,1,55,2,0,64
2026-07-19T14:37:26.056 RX LT,17947,183,105,127,118,11,32,1,51,2,0,64
2026-07-19T14:37:26.056 RX LT,17967,183,105,127,116,11,32,1,47,2,0,64
2026-07-19T14:37:26.182 RX LT,17987,183,105,127,116,11,32,1,43,2,0,64
2026-07-19T14:37:26.182 RX LT,18007,183,105,127,126,11,32,1,38,2,0,64
2026-07-19T14:37:26.182 RX LT,18027,183,105,127,116,11,32,1,32,2,0,64
2026-07-19T14:37:26.182 RX LT,18047,183,105,127,116,11,32,1,30,2,0,64
2026-07-19T14:37:26.182 RX LT,18067,183,105,127,116,11,32,1,20,2,0,64
2026-07-19T14:37:26.182 RX LT,18087,183,105,171,116,11,32,1,15,2,0,64
2026-07-19T14:37:26.307 RX LT,18107,183,105,162,159,11,32,1,10,2,0,64
2026-07-19T14:37:26.308 RX LT,18127,183,105,162,118,11,32,1,5,2,0,64
2026-07-19T14:37:26.308 RX LT,18147,183,105,129,116,11,32,1,0,2,0,64
2026-07-19T14:37:26.308 RX LT,18167,183,105,127,116,11,32,1,-5,2,0,64
2026-07-19T14:37:26.308 RX LT,18187,183,105,171,116,11,32,1,-10,2,0,64
2026-07-19T14:37:26.308 RX LT,18207,183,105,162,126,11,32,1,-15,2,0,64
2026-07-19T14:37:26.415 RX LT,18227,183,105,162,105,11,32,1,-21,2,0,64
2026-07-19T14:37:26.415 RX LT,18247,198,90,129,126,23,96,1,-26,2,0,64
2026-07-19T14:37:26.415 RX LT,18267,200,88,171,73,23,96,1,-34,2,0,64
2026-07-19T14:37:26.415 RX LT,18287,201,87,162,113,23,96,1,-40,2,0,64
2026-07-19T14:37:26.415 RX LT,18307,186,102,129,115,23,96,1,-47,2,0,64
2026-07-19T14:37:26.539 RX LT,18327,186,102,171,105,11,32,1,-53,2,0,64
2026-07-19T14:37:26.539 RX LT,18347,185,103,173,158,11,32,1,-59,2,0,64
2026-07-19T14:37:26.539 RX LT,18367,184,104,163,118,11,32,1,-66,2,0,64
2026-07-19T14:37:26.539 RX LT,18387,183,105,129,105,11,32,1,-72,2,0,64
2026-07-19T14:37:26.539 RX LT,18407,183,105,171,115,11,32,1,-78,2,0,64
2026-07-19T14:37:26.539 RX LT,18427,183,105,130,115,11,32,1,-85,2,0,64
2026-07-19T14:37:26.664 RX LT,18447,183,105,171,105,11,32,1,-92,2,0,64
2026-07-19T14:37:26.664 RX LT,18467,183,105,173,115,11,32,1,-98,2,0,64
2026-07-19T14:37:26.664 RX LT,18487,183,105,173,72,11,32,1,-109,2,0,64
2026-07-19T14:37:26.664 RX LT,18507,182,106,173,113,11,32,1,-116,2,0,64
2026-07-19T14:37:26.664 RX LT,18527,182,106,130,115,11,32,1,-123,2,0,64
2026-07-19T14:37:26.664 RX LT,18547,182,106,171,115,11,32,1,-130,2,0,64
2026-07-19T14:37:26.771 RX LT,18567,182,106,173,72,11,32,1,-137,2,0,64
2026-07-19T14:37:26.771 RX LT,18587,182,106,173,113,11,32,1,-144,2,0,64
2026-07-19T14:37:26.771 RX LT,18607,182,106,184,115,11,32,1,-152,2,0,64
2026-07-19T14:37:26.771 RX LT,18627,182,106,174,105,11,32,1,-160,2,0,64
2026-07-19T14:37:26.771 RX LT,18647,182,106,174,115,11,32,1,-167,2,0,64
2026-07-19T14:37:26.895 RX LT,18667,182,106,174,115,11,32,1,-174,2,0,64
2026-07-19T14:37:26.895 RX LT,18687,182,106,174,115,11,32,1,-181,2,0,64
2026-07-19T14:37:26.895 RX LT,18707,182,106,184,72,11,32,1,-192,2,0,64
2026-07-19T14:37:26.895 RX LT,18727,182,106,174,113,11,32,1,-199,2,0,64
2026-07-19T14:37:26.895 RX LT,18747,182,106,174,115,11,32,1,-206,2,0,64
2026-07-19T14:37:26.895 RX LT,18767,180,108,174,115,6,48,1,-213,2,0,64
2026-07-19T14:37:27.020 RX LT,18787,178,110,184,115,6,48,1,-219,2,0,64
2026-07-19T14:37:27.020 RX LT,18807,178,114,174,115,6,48,1,-226,2,0,64
2026-07-19T14:37:27.020 RX LT,18827,177,119,174,115,6,48,1,-232,2,0,64
2026-07-19T14:37:27.020 RX LT,18847,180,116,174,105,6,48,1,-237,2,0,64
2026-07-19T14:37:27.020 RX LT,18867,178,122,174,115,2,16,1,-243,2,0,64
2026-07-19T14:37:27.020 RX LT,18887,170,134,174,115,2,16,1,-249,2,0,64
2026-07-19T14:37:27.128 RX LT,18907,162,146,174,115,2,16,1,-254,2,0,64
2026-07-19T14:37:27.128 RX LT,18927,156,156,174,115,2,16,1,-260,2,0,64
2026-07-19T14:37:27.128 RX LT,18947,156,156,174,115,2,16,1,-265,2,0,64
2026-07-19T14:37:27.129 RX LT,18967,156,156,174,159,2,16,1,-269,2,0,64
2026-07-19T14:37:27.129 RX LT,18987,156,156,163,118,2,16,1,-273,2,0,64
2026-07-19T14:37:27.251 RX LT,19007,162,150,173,116,2,16,1,-277,2,0,64
2026-07-19T14:37:27.251 RX LT,19027,162,150,173,116,0,24,1,-281,2,0,64
2026-07-19T14:37:27.251 RX LT,19047,158,158,173,159,0,24,1,-285,2,0,64
2026-07-19T14:37:27.251 RX LT,19067,154,166,173,118,0,24,1,-289,2,0,64
2026-07-19T14:37:27.252 RX LT,19087,154,166,173,116,-2,8,1,-293,2,0,64
2026-07-19T14:37:27.252 RX LT,19107,146,170,173,126,-2,8,1,-296,2,0,64
2026-07-19T14:37:27.377 RX LT,19127,146,170,173,116,-2,8,1,-300,2,0,64
2026-07-19T14:37:27.377 RX LT,19147,138,174,130,126,-2,8,1,-304,2,0,64
2026-07-19T14:37:27.378 RX LT,19167,138,174,171,160,-2,8,1,-306,2,0,64
2026-07-19T14:37:27.378 RX LT,19187,138,174,173,118,-2,8,1,-309,2,0,64
2026-07-19T14:37:27.378 RX LT,19207,138,174,173,127,-2,8,1,-311,2,0,64
2026-07-19T14:37:27.378 RX LT,19227,130,178,130,127,-6,12,1,-313,2,0,64
2026-07-19T14:37:27.483 RX LT,19247,116,184,171,171,-6,12,1,-314,2,0,64
2026-07-19T14:37:27.483 RX LT,19267,116,184,173,162,-6,12,1,-315,2,0,64
2026-07-19T14:37:27.483 RX LT,19287,116,184,163,162,-6,12,1,-315,2,0,64
2026-07-19T14:37:27.483 RX LT,19307,106,182,162,129,-11,4,1,-314,2,0,64
2026-07-19T14:37:27.483 RX LT,19327,106,182,129,171,-11,4,1,-314,2,0,64
2026-07-19T14:37:27.608 RX LT,19347,105,183,127,162,-11,4,1,-314,2,0,64
2026-07-19T14:37:27.608 RX LT,19367,105,183,127,129,-11,4,1,-312,2,0,64
2026-07-19T14:37:27.608 RX LT,19387,104,184,127,171,-11,4,1,-311,2,0,64
2026-07-19T14:37:27.608 RX LT,19407,104,184,171,130,-11,4,1,-310,2,0,64
2026-07-19T14:37:27.608 RX LT,19427,103,185,119,171,-18,6,1,-309,2,0,64
2026-07-19T14:37:27.608 RX LT,19447,102,186,127,130,-18,6,1,-307,2,0,64
2026-07-19T14:37:27.716 RX LT,19467,102,186,127,171,-18,6,1,-306,2,0,64
2026-07-19T14:37:27.716 RX LT,19487,102,186,127,173,-18,6,1,-304,2,0,64
2026-07-19T14:37:27.716 RX LT,19507,102,186,160,163,-18,6,1,-303,2,0,64
2026-07-19T14:37:27.716 RX LT,19527,102,186,129,173,-18,6,1,-301,2,0,64
2026-07-19T14:37:27.716 RX LT,19547,102,186,127,173,-18,6,1,-300,2,0,64
2026-07-19T14:37:27.838 RX LT,19567,102,186,127,173,-18,6,1,-298,2,0,64
2026-07-19T14:37:27.839 RX LT,19587,102,186,127,173,-25,2,1,-295,2,0,64
2026-07-19T14:37:27.839 RX LT,19607,101,187,160,173,-25,2,1,-293,2,0,64
2026-07-19T14:37:27.839 RX LT,19627,101,187,129,163,-25,2,1,-291,2,0,64
2026-07-19T14:37:27.839 RX LT,19647,101,187,160,216,-25,2,1,-289,2,0,64
2026-07-19T14:37:27.839 RX LT,19667,101,187,118,176,-25,2,1,-286,2,0,64
2026-07-19T14:37:27.947 RX LT,19687,101,187,127,217,-25,2,1,-282,2,0,64
2026-07-19T14:37:27.947 RX LT,19707,101,187,127,176,-25,2,1,-279,2,0,64
2026-07-19T14:37:27.947 RX LT,19727,101,187,127,217,-25,2,1,-275,2,0,64
2026-07-19T14:37:27.947 RX LT,19747,101,187,160,176,-25,2,1,-272,2,0,64
2026-07-19T14:37:27.947 RX LT,19767,101,187,118,174,-25,2,1,-268,2,0,64
2026-07-19T14:37:28.070 RX LT,19787,101,187,127,184,-25,2,1,-265,2,0,64
2026-07-19T14:37:28.070 RX LT,19807,101,187,116,218,-25,2,1,-259,2,0,64
2026-07-19T14:37:28.070 RX LT,19827,101,187,126,176,-30,3,1,-255,2,0,64
2026-07-19T14:37:28.070 RX LT,19847,101,187,160,217,-30,3,1,-251,2,0,64
2026-07-19T14:37:28.070 RX LT,19867,101,187,118,176,-25,2,1,-247,2,0,64
2026-07-19T14:37:28.070 RX LT,19887,101,187,116,174,-25,2,1,-243,2,0,64
2026-07-19T14:37:28.212 RX LT,19907,63,117,116,184,-25,2,1,-239,2,0,64
2026-07-19T14:37:28.212 RX LT,19927,77,143,116,163,-25,2,1,-234,2,0,64
2026-07-19T14:37:28.212 RX LT,19947,92,168,116,129,-25,2,1,-230,2,0,64
2026-07-19T14:37:28.212 RX LT,19967,101,187,105,214,-25,2,1,-225,2,0,64
2026-07-19T14:37:28.212 RX LT,19987,101,187,115,220,-25,2,1,-221,2,0,64
2026-07-19T14:37:28.212 RX LT,20007,101,187,115,176,-25,2,1,-215,2,0,64
2026-07-19T14:37:28.302 RX LT,20027,101,187,105,174,-25,2,1,-211,2,0,64
2026-07-19T14:37:28.302 RX LT,20047,101,187,115,174,-25,2,1,-206,2,0,64
2026-07-19T14:37:28.302 RX LT,20067,101,187,72,174,-25,2,1,-201,2,0,64
2026-07-19T14:37:28.302 RX LT,20087,101,187,113,174,-25,2,1,-197,2,0,64
2026-07-19T14:37:28.302 RX LT,20107,101,187,115,174,-25,2,1,-193,2,0,64
2026-07-19T14:37:28.425 RX LT,20127,101,187,72,174,-25,2,1,-189,2,0,64
2026-07-19T14:37:28.426 RX LT,20147,101,187,113,174,-25,2,1,-185,2,0,64
2026-07-19T14:37:28.426 RX LT,20167,101,187,115,141,-25,2,1,-180,2,0,64
2026-07-19T14:37:28.426 RX LT,20187,101,187,115,182,-25,2,1,-176,2,0,64
2026-07-19T14:37:28.426 RX LT,20207,101,187,105,174,-25,2,1,-174,2,0,64
2026-07-19T14:37:28.426 RX LT,20227,101,187,115,174,-25,2,1,-168,2,0,64
2026-07-19T14:37:28.534 RX LT,20247,101,187,72,174,-25,2,1,-164,2,0,64
2026-07-19T14:37:28.534 RX LT,20267,101,187,113,217,-25,2,1,-160,2,0,64
2026-07-19T14:37:28.534 RX LT,20287,101,187,126,220,-18,6,1,-155,2,0,64
2026-07-19T14:37:28.534 RX LT,20307,102,186,105,220,-18,6,1,-150,2,0,64
2026-07-19T14:37:28.534 RX LT,20327,102,186,115,176,-18,6,1,-148,2,0,64
2026-07-19T14:37:28.657 RX LT,20347,102,186,105,217,-18,6,1,-143,2,0,64
2026-07-19T14:37:28.657 RX LT,20367,102,186,115,220,-18,6,1,-139,2,0,64
2026-07-19T14:37:28.657 RX LT,20387,102,186,115,176,-18,6,1,-134,2,0,64
2026-07-19T14:37:28.657 RX LT,20407,102,186,105,217,-18,6,1,-129,2,0,64
2026-07-19T14:37:28.657 RX LT,20427,102,186,115,220,-18,6,1,-124,2,0,64
2026-07-19T14:37:28.657 RX LT,20447,102,186,115,176,-11,4,1,-117,2,0,64
2026-07-19T14:37:28.782 RX LT,20467,103,185,105,174,-11,4,1,-112,2,0,64
2026-07-19T14:37:28.782 RX LT,20487,104,184,115,184,-11,4,1,-108,2,0,64
2026-07-19T14:37:28.782 RX LT,20507,104,184,105,218,-11,4,1,-103,2,0,64
2026-07-19T14:37:28.782 RX LT,20527,104,184,71,176,-11,4,1,-100,2,0,64
2026-07-19T14:37:28.782 RX LT,20547,106,182,113,185,-6,12,1,-95,2,0,64
2026-07-19T14:37:28.782 RX LT,20567,106,182,115,185,-6,12,1,-90,2,0,64
2026-07-19T14:37:28.890 RX LT,20587,110,182,105,218,-6,12,1,-85,2,0,64
2026-07-19T14:37:28.890 RX LT,20607,113,183,115,220,-6,12,1,-79,2,0,64
2026-07-19T14:37:28.890 RX LT,20627,113,183,115,220,-6,12,1,-74,2,0,64
2026-07-19T14:37:28.890 RX LT,20647,113,183,105,176,-6,12,1,-69,2,0,64
2026-07-19T14:37:28.890 RX LT,20667,116,184,115,185,-2,8,1,-61,2,0,64
2026-07-19T14:37:29.014 RX LT,20687,130,178,115,185,0,24,1,-56,2,0,64
2026-07-19T14:37:29.014 RX LT,20707,150,162,105,185,0,24,1,-51,2,0,64
2026-07-19T14:37:29.014 RX LT,20727,158,158,115,218,0,24,1,-46,2,0,64
2026-07-19T14:37:29.014 RX LT,20747,166,154,115,176,0,24,1,-41,2,0,64
2026-07-19T14:37:29.014 RX LT,20767,166,154,115,174,0,24,1,-36,2,0,64
2026-07-19T14:37:29.014 RX LT,20787,166,154,115,174,0,24,1,-32,2,0,64
2026-07-19T14:37:29.139 RX LT,20807,175,133,115,184,6,48,1,-28,2,0,64
2026-07-19T14:37:29.139 RX LT,20827,181,123,115,174,6,48,1,-24,2,0,64
2026-07-19T14:37:29.139 RX LT,20847,186,114,159,174,6,48,1,-22,2,0,64
2026-07-19T14:37:29.139 RX LT,20867,184,116,118,174,6,48,1,-21,2,0,64
2026-07-19T14:37:29.139 RX LT,20887,183,113,159,163,6,48,1,-21,2,0,64
2026-07-19T14:37:29.139 RX LT,20907,183,113,118,162,6,48,1,-22,2,0,64
2026-07-19T14:37:29.265 RX LT,20927,183,113,127,162,6,48,1,-24,2,0,64
2026-07-19T14:37:29.265 RX LT,20947,183,113,127,162,6,48,1,-26,2,0,64
2026-07-19T14:37:29.265 RX LT,20967,183,113,127,162,6,48,1,-28,2,0,64
2026-07-19T14:37:29.265 RX LT,20987,182,110,160,118,11,32,1,-31,2,0,64
2026-07-19T14:37:29.265 RX LT,21007,182,106,162,127,11,32,1,-33,2,0,64
2026-07-19T14:37:29.265 RX LT,21027,199,89,162,160,23,96,1,-37,2,0,64
2026-07-19T14:37:29.372 RX LT,21047,201,87,162,118,23,96,1,-40,2,0,64
2026-07-19T14:37:29.372 RX LT,21067,201,87,129,116,23,96,1,-45,2,0,64
2026-07-19T14:37:29.372 RX LT,21087,186,102,127,116,23,96,1,-49,2,0,64
2026-07-19T14:37:29.372 RX LT,21107,187,101,171,116,23,96,1,-57,2,0,64
2026-07-19T14:37:29.373 RX LT,21127,187,101,162,159,23,96,1,-62,2,0,64
2026-07-19T14:37:29.496 RX LT,21147,187,101,173,118,23,96,1,-68,2,0,64
2026-07-19T14:37:29.496 RX LT,21167,187,101,163,116,23,96,1,-73,2,0,64
2026-07-19T14:37:29.496 RX LT,21187,187,101,173,116,23,96,1,-79,2,0,64
2026-07-19T14:37:29.496 RX LT,21207,203,85,163,116,36,64,1,-85,2,0,64
2026-07-19T14:37:29.496 RX LT,21227,204,84,129,116,36,64,1,-91,2,0,64
2026-07-19T14:37:29.496 RX LT,21247,188,100,127,116,36,64,1,-96,2,0,64
2026-07-19T14:37:29.622 RX LT,21267,188,100,171,116,36,64,1,-102,2,0,64
2026-07-19T14:37:29.622 RX LT,21287,188,100,173,116,36,64,1,-109,2,0,64
2026-07-19T14:37:29.622 RX LT,21307,188,100,163,116,36,64,1,-114,2,0,64
2026-07-19T14:37:29.622 RX LT,21327,188,100,162,116,36,64,1,-122,2,0,64
2026-07-19T14:37:29.622 RX LT,21347,188,100,173,116,36,64,1,-125,2,0,64
2026-07-19T14:37:29.622 RX LT,21367,188,100,130,116,36,64,1,-131,2,0,64
2026-07-19T14:37:29.729 RX LT,21387,188,100,171,159,36,64,1,-136,2,0,64
2026-07-19T14:37:29.729 RX LT,21407,188,100,162,118,36,64,1,-141,2,0,64
2026-07-19T14:37:29.729 RX LT,21427,188,100,129,72,36,64,1,-147,2,0,64
2026-07-19T14:37:29.729 RX LT,21447,188,100,171,124,36,64,1,-152,2,0,64
2026-07-19T14:37:29.729 RX LT,21467,188,100,162,116,36,64,1,-158,2,0,64
2026-07-19T14:37:29.853 RX LT,21487,188,100,129,116,36,64,1,-163,2,0,64
2026-07-19T14:37:29.853 RX LT,21507,188,100,171,116,36,64,1,-168,2,0,64
2026-07-19T14:37:29.853 RX LT,21527,188,100,162,116,36,64,1,-174,2,0,64
2026-07-19T14:37:29.853 RX LT,21547,113,47,173,116,0,0,0,-181,2,0,64
2026-07-19T14:37:29.853 RX LT,21567,104,56,163,72,0,0,0,-186,2,0,64
2026-07-19T14:37:29.853 RX LT,21587,98,62,118,113,0,0,0,-189,2,0,64
2026-07-19T14:37:29.980 RX LT,21607,93,67,127,115,0,0,0,-194,2,0,64
2026-07-19T14:37:29.980 RX LT,21627,89,71,127,105,0,0,0,-199,2,0,64
2026-07-19T14:37:29.980 RX LT,21647,86,74,116,71,0,0,0,-204,2,0,64
2026-07-19T14:37:29.980 RX LT,21667,84,76,116,69,0,0,0,-206,2,0,64
2026-07-19T14:37:29.980 RX LT,21687,82,78,116,113,0,0,0,-210,2,0,64
2026-07-19T14:37:29.980 RX LT,21707,80,80,72,104,0,0,0,-213,2,0,64
2026-07-19T14:37:30.125 RX LT,21727,80,80,113,104,0,0,0,-216,2,0,64
2026-07-19T14:37:30.125 RX LT,21747,80,80,72,104,0,0,0,-220,2,0,64
2026-07-19T14:37:30.125 RX LT,21767,80,80,113,71,0,0,0,-225,2,0,64
2026-07-19T14:37:30.125 RX LT,21787,80,80,104,69,0,0,0,-228,2,0,64
2026-07-19T14:37:30.125 RX LT,21807,80,80,71,69,0,0,0,-232,2,0,64
2026-07-19T14:37:30.125 RX LT,21827,80,80,69,102,0,0,0,-235,2,0,64
2026-07-19T14:37:30.126 RX LT,21847,80,80,69,60,0,0,0,-238,2,0,64
2026-07-19T14:37:30.250 RX LT,21867,80,80,69,69,0,0,0,-239,2,0,64
2026-07-19T14:37:30.250 RX LT,21887,80,80,69,58,0,0,0,-242,2,0,64
2026-07-19T14:37:30.250 RX LT,21907,80,80,113,68,0,0,0,-245,2,0,64
2026-07-19T14:37:30.250 RX LT,21927,80,80,104,58,0,0,0,-248,2,0,64
2026-07-19T14:37:30.250 RX LT,21947,80,80,104,68,0,0,0,-252,2,0,64
2026-07-19T14:37:30.250 RX LT,21967,80,80,104,58,0,0,0,-256,2,0,64
2026-07-19T14:37:30.380 RX LT,21987,80,80,104,68,0,0,0,-259,2,0,64
2026-07-19T14:37:30.380 RX LT,22007,80,80,71,58,0,0,0,-263,2,0,64
2026-07-19T14:37:30.380 RX LT,22027,80,80,69,68,0,0,0,-266,2,0,64
2026-07-19T14:37:30.380 RX LT,22047,80,80,113,58,0,0,0,-269,2,0,64
2026-07-19T14:37:30.380 RX LT,22067,80,80,104,68,0,0,0,-272,2,0,64
2026-07-19T14:37:30.380 RX LT,22087,80,80,104,58,0,0,0,-275,2,0,64
2026-07-19T14:37:30.508 RX LT,22107,80,80,71,68,0,0,0,-278,2,0,64
2026-07-19T14:37:30.508 RX LT,22127,80,80,69,58,0,0,0,-281,2,0,64
2026-07-19T14:37:30.508 RX SQUARE ERROR,LINE LOST
2026-07-19T14:37:30.512 TX STOP
2026-07-19T14:37:30.512 TX STOP
2026-07-19T14:37:30.647 RX OK STOP
2026-07-19T14:37:30.647 RX OK STOP
2026-07-19T14:37:30.647 TX PROFILE GIMBAL
2026-07-19T14:37:30.702 RX OK PROFILE GIMBAL FLASH 3
2026-07-19T14:37:30.702 TX PARAM
2026-07-19T14:37:30.864 RX PARAM,x1000,PROFILE,1,FLASHVER,3,GUARDVER,38,LKP,350,LKI,100,RKP,500,RKI,350,LFF,460,RFF,437,LMIN,32,RMIN,26,SYNC,1000,BIAS,50,GSTART,10,LINEKP,6750,LINEKD,2000,TURNANGLE,900,TURNFAST,185,TURNSLOW,140,TURNMARGIN,180,TURNEXIT,140,TURNDIST,98
2026-07-19T14:37:30.864 RX PARAM,x1000,PROFILE,1,FLASHVER,3,GUARDVER,38,LKP,350,LKI,100,RKP,500,RKI,350,LFF,460,RFF,437,LMIN,32,RMIN,26,SYNC,1000,BIAS,50,GSTART,10,LINEKP,6750,LINEKD,2000,TURNANGLE,900,TURNFAST,185,TURNSLOW,140,TURNMARGIN,180,TURNEXIT,140,TURNDIST,98
2026-07-19T14:37:30.864 TX SET TURNSLOW 80 660812781
2026-07-19T14:37:31.005 RX SA,660812781,TURNSLOW,80
2026-07-19T14:37:31.005 TX SET LKP 350 660812782
2026-07-19T14:37:31.144 RX SA,660812782,LKP,350
2026-07-19T14:37:31.144 TX SET LKI 100 660812783
2026-07-19T14:37:31.284 RX SA,660812783,LKI,100
2026-07-19T14:37:31.284 TX SET LFF 460 660812784
2026-07-19T14:37:31.424 RX SA,660812784,LFF,460
2026-07-19T14:37:31.424 TX SET LMIN 32 660812785
2026-07-19T14:37:31.563 RX SA,660812785,LMIN,32
2026-07-19T14:37:31.563 TX SET RKP 500 660812786
2026-07-19T14:37:31.703 RX SA,660812786,RKP,500
2026-07-19T14:37:31.703 TX SET RKI 350 660812787
2026-07-19T14:37:31.843 RX SA,660812787,RKI,350
2026-07-19T14:37:31.843 TX SET RFF 437 660812788
2026-07-19T14:37:31.983 RX SA,660812788,RFF,437
2026-07-19T14:37:31.983 TX SET RMIN 26 660812789
2026-07-19T14:37:32.122 RX SA,660812789,RMIN,26
2026-07-19T14:37:32.122 TX SET SYNC 1000 660812790
2026-07-19T14:37:32.260 RX SA,660812790,SYNC,1000
2026-07-19T14:37:32.260 TX SET BIAS 50 660812791
2026-07-19T14:37:32.403 RX SA,660812791,BIAS,50
2026-07-19T14:37:32.403 TX SET LINEKP 6750 660812792
2026-07-19T14:37:32.544 RX SA,660812792,LINEKP,6750
2026-07-19T14:37:32.544 TX SET LINEKD 2000 660812793
2026-07-19T14:37:32.684 RX SA,660812793,LINEKD,2000
2026-07-19T14:37:32.684 TX SET TURNANGLE 900 660812794
2026-07-19T14:37:32.826 RX SA,660812794,TURNANGLE,900
2026-07-19T14:37:32.826 TX SET TURNFAST 185 660812795
2026-07-19T14:37:32.964 RX SA,660812795,TURNFAST,185
2026-07-19T14:37:32.964 TX SET TURNMARGIN 180 660812796
2026-07-19T14:37:33.103 RX SA,660812796,TURNMARGIN,180
2026-07-19T14:37:33.103 TX SET TURNEXIT 140 660812797
2026-07-19T14:37:33.241 RX SA,660812797,TURNEXIT,140
2026-07-19T14:37:33.241 TX SET TURNDIST 98 660812798
2026-07-19T14:37:33.380 RX SA,660812798,TURNDIST,98
2026-07-19T14:37:33.380 TX SET GSTART 0 660812799
2026-07-19T14:37:33.519 RX SA,660812799,GSTART,0
2026-07-19T14:37:33.519 TX SET TURNSLOW 140 660812800
2026-07-19T14:37:33.658 RX SA,660812800,TURNSLOW,140
2026-07-19T14:37:33.659 TX STOP
