2026-07-18T12:33:31.164 TX HELLO 686614022
2026-07-18T12:33:31.317 RX HELLO,686614022,2,STBY,HIGH,ENCODER_MM_X1000,580,SAMPLE_MS,10
2026-07-18T12:33:31.317 TX STOP
2026-07-18T12:33:31.456 RX OK STOP
2026-07-18T12:33:31.456 TX PARAM
2026-07-18T12:33:31.618 RX PARAM,x1000,PROFILE,1,FLASHVER,3,GUARDVER,24,LKP,350,LKI,100,RKP,500,RKI,350,LFF,540,RFF,520,LMIN,90,RMIN,85,SYNC,500,BIAS,80,GSTART,10,LINEKP,8250,LINEKD,2250,TURNANGLE,900,TURNFAST,165,TURNSLOW,110,TURNMARGIN,180,TURNEXIT,140,TURNDIST,98
2026-07-18T12:33:31.619 TX STATUS
2026-07-18T12:33:31.755 RX STATUS,21737,IDLE,0,0,0,0,0,0,SAFE,SELECTED_LAPS,1,STBY,HIGH
2026-07-18T12:33:31.755 TX SENSOR
2026-07-18T12:33:31.884 RX ERR COMMAND; SEND HELP
2026-07-18T12:33:32.463 TX SENSOR
2026-07-18T12:33:32.593 RX SENSOR,OK,24,0,93,0,152
2026-07-18T12:33:32.593 TX SENSOR
2026-07-18T12:33:32.733 RX SENSOR,OK,24,0,93,0,152
2026-07-18T12:33:32.733 TX SENSOR
2026-07-18T12:33:32.873 RX SENSOR,OK,24,0,93,0,152
2026-07-18T12:33:32.873 TX SENSOR
2026-07-18T12:33:33.003 RX SENSOR,OK,24,0,93,0,152
2026-07-18T12:33:33.003 TX SENSOR
2026-07-18T12:33:33.130 RX SENSOR,OK,24,0,93,0,152
2026-07-18T12:33:33.130 TX IMU
2026-07-18T12:33:33.779 TX IMU
2026-07-18T12:33:34.463 TX IMU
2026-07-18T12:33:34.595 RX ERR COMMAND; SEND HELP
2026-07-18T12:33:35.139 TX IMU
2026-07-18T12:33:35.791 TX IMU
2026-07-18T12:33:35.929 RX ERR COMMAND; SEND HELP
2026-07-18T12:33:36.476 TX STOP
2026-07-18T12:33:36.476 TX STOP
2026-07-18T12:33:36.613 RX OK STOP
2026-07-18T12:33:36.613 RX OK STOP
2026-07-18T12:33:36.613 TX PROFILE GIMBAL
2026-07-18T12:33:37.294 TX PROFILE GIMBAL
2026-07-18T12:33:37.420 RX ERR COMMAND; SEND HELP
2026-07-18T12:33:37.428 TX STOP
