2026-07-16T08:30:36.647 TX HELLO 1259998173
2026-07-16T08:30:36.776 RX HELLO,1259998173,2,STBY,HIGH,ENCODER_MM_X1000,580,SAMPLE_MS,10
2026-07-16T08:30:36.776 TX STOP
2026-07-16T08:30:36.900 RX OK STOP
2026-07-16T08:30:36.900 TX PARAM
2026-07-16T08:30:37.052 RX PARAM,x1000,PROFILE,1,FLASHVER,3,GUARDVER,8,LKP,350,LKI,100,RKP,500,RKI,350,LFF,460,RFF,437,LMIN,32,RMIN,26,SYNC,500,BIAS,80,GSTART,10,LINEKP,3000,LINEKD,800,TURNANGLE,900,TURNFAST,150,TURNSLOW,100,TURNMARGIN,300,TURNEXIT,100,TURNDIST,98
2026-07-16T08:30:37.052 TX STATUS
2026-07-16T08:30:37.186 RX STATUS,158759,IDLE,0,0,0,0,0,0,SAFE,SELECTED_LAPS,1,STBY,HIGH
2026-07-16T08:30:37.186 TX SENSOR
2026-07-16T08:30:37.311 RX SENSOR,OK,24,0,93,0,24
2026-07-16T08:30:37.311 TX SENSOR
2026-07-16T08:30:37.446 RX SENSOR,OK,24,0,93,0,24
2026-07-16T08:30:37.446 TX SENSOR
2026-07-16T08:30:37.575 RX SENSOR,OK,24,0,93,0,24
2026-07-16T08:30:37.575 TX SENSOR
2026-07-16T08:30:37.726 RX SENSOR,OK,24,0,93,0,24
2026-07-16T08:30:37.726 TX SENSOR
2026-07-16T08:30:37.859 RX SENSOR,OK,24,0,93,0,24
2026-07-16T08:30:37.859 TX IMU
2026-07-16T08:30:38.001 RX IMU,OK,-853,15114,238,VER,1,1,0,0
2026-07-16T08:30:38.001 TX STREAM TUNE
2026-07-16T08:30:38.142 RX OK STREAM TUNE
2026-07-16T08:30:38.142 TX SQUARE 120 3 1259998174
2026-07-16T08:30:38.311 RX TEST START,SQUARE,120,3
2026-07-16T08:30:38.311 RX SQ,1259998174,OK
2026-07-16T08:30:38.311 RX LT,20,0,0,0,0,0,24,1,0,0,0,0
2026-07-16T08:30:38.311 RX LT,40,0,0,0,0,0,24,1,0,0,0,0
2026-07-16T08:30:38.311 RX LT,60,0,0,0,0,0,24,1,0,0,0,0
2026-07-16T08:30:38.311 RX LT,80,0,0,0,0,0,24,1,0,0,0,0
2026-07-16T08:30:38.311 RX LT,100,0,0,0,0,0,24,1,0,0,0,0
2026-07-16T08:30:38.311 RX LT,120,0,0,0,0,0,24,1,0,0,0,0
2026-07-16T08:30:38.311 RX LT,140,0,0,0,0,0,24,1,0,0,0,0
2026-07-16T08:30:38.499 RX LT,160,0,0,0,0,0,24,1,0,0,0,0
2026-07-16T08:30:38.499 RX LT,180,0,0,0,0,0,24,1,0,0,0,0
2026-07-16T08:30:38.499 RX LT,200,0,0,0,0,0,24,1,0,0,0,0
2026-07-16T08:30:38.499 RX LT,220,0,0,0,0,0,24,1,0,0,0,0
2026-07-16T08:30:38.499 RX LT,240,0,0,0,0,0,24,1,0,0,0,0
2026-07-16T08:30:38.499 RX LT,260,0,0,0,0,0,24,1,0,0,0,0
2026-07-16T08:30:38.499 RX LT,280,0,0,0,0,0,24,1,0,0,0,0
2026-07-16T08:30:38.499 RX LT,300,0,0,0,0,0,24,1,0,0,0,0
2026-07-16T08:30:38.649 RX LT,320,0,0,0,0,0,24,1,0,0,0,0
2026-07-16T08:30:38.649 RX LT,340,40,40,0,0,0,24,1,0,0,0,0
2026-07-16T08:30:38.649 RX LT,360,42,42,43,10,0,24,1,0,0,0,0
2026-07-16T08:30:38.649 RX LT,380,45,45,2,11,0,24,1,0,0,0,0
2026-07-16T08:30:38.649 RX LT,400,47,47,11,11,0,24,1,0,0,0,0
2026-07-16T08:30:38.649 RX LT,420,50,50,0,0,0,24,1,0,0,0,0
2026-07-16T08:30:38.649 RX LT,440,52,52,0,43,0,24,1,0,0,0,0
