[12:59:02] 日志目录：F:\k230gc\pidtest\host\logs\20260707_125902
[12:59:04] TX > RADIOPING,attempt=1
[12:59:04] BRIDGE_RADIO_TX_OK
[12:59:04] BRIDGE_RADIO_PONG
[12:59:04] TX > PING,attempt=1
[12:59:04] ERR,UNKNOWN_COMMAND,RADIOPING
[12:59:04] PONG
[12:59:04] TX > AUTOTUNE,attempt=1
[12:59:04] OK,AUTOTUNE_WAIT_TARGET
[12:59:04] AUTOTUNE_WAIT_TARGET,frames=2
[12:59:04] AUTOTUNE_START
[12:59:04] AUTOTUNE_SCORE_PROFILE,PID_FAST_FOLLOW_CLEAN_V8
[12:59:04] TUNE,X,BEGIN,MODE,PID_CHAMPIONSHIP
[12:59:05] TUNE,X,CALIBRATE,PROBE
[12:59:06] TUNE,X,POLARITY,1,DELTA,19,KICK_DEG,14.0
[12:59:06] TUNE,X,RECENTER
[12:59:06] TUNE,X,RECENTERED,ERROR,0
[12:59:06] TUNE,X,SAFE_LIMIT,STEP,60.0,MAXRPM,12.0
[12:59:06] TUNE,X,CHAMPIONSHIP_COARSE,COUNT,30
[12:59:06] TUNE,X,RECENTER
[12:59:06] TUNE,X,RECENTERED,ERROR,0
[12:59:06] TUNE,X,PID_TEST,KP,0.100,KI,0.080,KD,0.003,STEP,60.0,MAXRPM,12.0,FFG,0.032,FFMAX,4.0,ILIM,12.0,LISCALE,0.15
[12:59:14] TUNE,X,RESULT,MODE,PID,KP,0.100,KI,0.080,KD,0.003,SCORE,546.397
[12:59:14] TUNE,X,RECENTER
[12:59:14] TUNE,X,RECENTERED,ERROR,0
[12:59:14] TUNE,X,PID_TEST,KP,0.100,KI,0.080,KD,0.010,STEP,60.0,MAXRPM,12.0,FFG,0.032,FFMAX,4.0,ILIM,12.0,LISCALE,0.15
[12:59:21] TUNE,X,RESULT,MODE,PID,KP,0.100,KI,0.080,KD,0.010,SCORE,538.849
[12:59:21] TUNE,X,RECENTER
[12:59:21] TUNE,X,RECENTERED,ERROR,-4
[12:59:21] TUNE,X,PID_TEST,KP,0.100,KI,0.200,KD,0.003,STEP,60.0,MAXRPM,12.0,FFG,0.032,FFMAX,4.0,ILIM,12.0,LISCALE,0.15
[12:59:29] TUNE,X,RESULT,MODE,PID,KP,0.100,KI,0.200,KD,0.003,SCORE,545.624
[12:59:29] TUNE,X,RECENTER
[12:59:29] TUNE,X,RECENTERED,ERROR,0
[12:59:29] TUNE,X,PID_TEST,KP,0.100,KI,0.200,KD,0.010,STEP,60.0,MAXRPM,12.0,FFG,0.032,FFMAX,4.0,ILIM,12.0,LISCALE,0.15
[12:59:37] TUNE,X,RESULT,MODE,PID,KP,0.100,KI,0.200,KD,0.010,SCORE,514.960
[12:59:37] TUNE,X,RECENTER
[12:59:37] TUNE,X,RECENTERED,ERROR,-3
[12:59:37] TUNE,X,PID_TEST,KP,0.100,KI,0.320,KD,0.003,STEP,60.0,MAXRPM,12.0,FFG,0.032,FFMAX,4.0,ILIM,12.0,LISCALE,0.15
[12:59:44] TUNE,X,RESULT,MODE,PID,KP,0.100,KI,0.320,KD,0.003,SCORE,594.023
[12:59:44] TUNE,X,RECENTER
[12:59:44] TUNE,X,RECENTERED,ERROR,0
[12:59:44] TUNE,X,PID_TEST,KP,0.100,KI,0.320,KD,0.010,STEP,60.0,MAXRPM,12.0,FFG,0.032,FFMAX,4.0,ILIM,12.0,LISCALE,0.15
[12:59:52] TUNE,X,RESULT,MODE,PID,KP,0.100,KI,0.320,KD,0.010,SCORE,583.500
[12:59:52] TUNE,X,RECENTER
[12:59:52] TUNE,X,RECENTERED,ERROR,1
[12:59:52] TUNE,X,PID_TEST,KP,0.160,KI,0.080,KD,0.003,STEP,60.0,MAXRPM,12.0,FFG,0.032,FFMAX,4.0,ILIM,12.0,LISCALE,0.15
[13:00:00] TUNE,X,RESULT,MODE,PID,KP,0.160,KI,0.080,KD,0.003,SCORE,492.817
[13:00:00] TUNE,X,RECENTER
[13:00:00] TUNE,X,RECENTERED,ERROR,4
[13:00:00] TUNE,X,PID_TEST,KP,0.160,KI,0.080,KD,0.010,STEP,60.0,MAXRPM,12.0,FFG,0.032,FFMAX,4.0,ILIM,12.0,LISCALE,0.15
[13:00:07] TUNE,X,RESULT,MODE,PID,KP,0.160,KI,0.080,KD,0.010,SCORE,510.841
[13:00:07] TUNE,X,RECENTER
[13:00:07] TUNE,X,RECENTERED,ERROR,-3
[13:00:07] TUNE,X,PID_TEST,KP,0.160,KI,0.200,KD,0.003,STEP,60.0,MAXRPM,12.0,FFG,0.032,FFMAX,4.0,ILIM,12.0,LISCALE,0.15
[13:00:15] TUNE,X,RESULT,MODE,PID,KP,0.160,KI,0.200,KD,0.003,SCORE,501.679
[13:00:15] TUNE,X,RECENTER
[13:00:15] TUNE,X,RECENTERED,ERROR,0
[13:00:15] TUNE,X,PID_TEST,KP,0.160,KI,0.200,KD,0.010,STEP,60.0,MAXRPM,12.0,FFG,0.032,FFMAX,4.0,ILIM,12.0,LISCALE,0.15
[13:00:22] TUNE,X,RESULT,MODE,PID,KP,0.160,KI,0.200,KD,0.010,SCORE,488.403
[13:00:22] TUNE,X,RECENTER
[13:00:22] TUNE,X,RECENTERED,ERROR,1
[13:00:22] TUNE,X,PID_TEST,KP,0.160,KI,0.320,KD,0.003,STEP,60.0,MAXRPM,12.0,FFG,0.032,FFMAX,4.0,ILIM,12.0,LISCALE,0.15
[13:00:30] TUNE,X,RESULT,MODE,PID,KP,0.160,KI,0.320,KD,0.003,SCORE,460.433
[13:00:30] TUNE,X,RECENTER
[13:00:30] TUNE,X,RECENTERED,ERROR,2
[13:00:30] TUNE,X,PID_TEST,KP,0.160,KI,0.320,KD,0.010,STEP,60.0,MAXRPM,12.0,FFG,0.032,FFMAX,4.0,ILIM,12.0,LISCALE,0.15
[13:00:38] TUNE,X,RESULT,MODE,PID,KP,0.160,KI,0.320,KD,0.010,SCORE,484.213
[13:00:38] TUNE,X,RECENTER
[13:00:38] TUNE,X,RECENTERED,ERROR,-3
[13:00:38] TUNE,X,PID_TEST,KP,0.220,KI,0.080,KD,0.003,STEP,60.0,MAXRPM,12.0,FFG,0.032,FFMAX,4.0,ILIM,12.0,LISCALE,0.15
[13:00:45] TUNE,X,RESULT,MODE,PID,KP,0.220,KI,0.080,KD,0.003,SCORE,522.607
[13:00:45] TUNE,X,RECENTER
[13:00:46] TUNE,X,RECENTERED,ERROR,3
[13:00:46] TUNE,X,PID_TEST,KP,0.220,KI,0.080,KD,0.010,STEP,60.0,MAXRPM,12.0,FFG,0.032,FFMAX,4.0,ILIM,12.0,LISCALE,0.15
[13:00:53] TUNE,X,RESULT,MODE,PID,KP,0.220,KI,0.080,KD,0.010,SCORE,467.236
[13:00:53] TUNE,X,RECENTER
[13:00:53] TUNE,X,RECENTERED,ERROR,3
[13:00:53] TUNE,X,PID_TEST,KP,0.220,KI,0.200,KD,0.003,STEP,60.0,MAXRPM,12.0,FFG,0.032,FFMAX,4.0,ILIM,12.0,LISCALE,0.15
[13:01:01] TUNE,X,RESULT,MODE,PID,KP,0.220,KI,0.200,KD,0.003,SCORE,460.656
[13:01:01] TUNE,X,RECENTER
[13:01:01] TUNE,X,RECENTERED,ERROR,0
[13:01:01] TUNE,X,PID_TEST,KP,0.220,KI,0.200,KD,0.010,STEP,60.0,MAXRPM,12.0,FFG,0.032,FFMAX,4.0,ILIM,12.0,LISCALE,0.15
[13:01:08] TUNE,X,RESULT,MODE,PID,KP,0.220,KI,0.200,KD,0.010,SCORE,491.400
[13:01:08] TUNE,X,RECENTER
[13:01:09] TUNE,X,RECENTERED,ERROR,2
[13:01:09] TUNE,X,PID_TEST,KP,0.220,KI,0.320,KD,0.003,STEP,60.0,MAXRPM,12.0,FFG,0.032,FFMAX,4.0,ILIM,12.0,LISCALE,0.15
[13:01:16] TUNE,X,RESULT,MODE,PID,KP,0.220,KI,0.320,KD,0.003,SCORE,449.158
[13:01:16] TUNE,X,RECENTER
[13:01:16] TUNE,X,RECENTERED,ERROR,1
[13:01:16] TUNE,X,PID_TEST,KP,0.220,KI,0.320,KD,0.010,STEP,60.0,MAXRPM,12.0,FFG,0.032,FFMAX,4.0,ILIM,12.0,LISCALE,0.15
[13:01:24] TUNE,X,RESULT,MODE,PID,KP,0.220,KI,0.320,KD,0.010,SCORE,402.710
[13:01:24] TUNE,X,RECENTER
[13:01:24] TUNE,X,RECENTERED,ERROR,0
[13:01:24] TUNE,X,PID_TEST,KP,0.280,KI,0.080,KD,0.003,STEP,60.0,MAXRPM,12.0,FFG,0.032,FFMAX,4.0,ILIM,12.0,LISCALE,0.15
[13:01:31] TUNE,X,RESULT,MODE,PID,KP,0.280,KI,0.080,KD,0.003,SCORE,483.591
[13:01:32] TUNE,X,RECENTER
[13:01:32] TUNE,X,RECENTERED,ERROR,2
[13:01:32] TUNE,X,PID_TEST,KP,0.280,KI,0.080,KD,0.010,STEP,60.0,MAXRPM,12.0,FFG,0.032,FFMAX,4.0,ILIM,12.0,LISCALE,0.15
[13:01:39] TUNE,X,RESULT,MODE,PID,KP,0.280,KI,0.080,KD,0.010,SCORE,486.997
[13:01:39] TUNE,X,RECENTER
[13:01:39] TUNE,X,RECENTERED,ERROR,2
[13:01:39] TUNE,X,PID_TEST,KP,0.280,KI,0.200,KD,0.003,STEP,60.0,MAXRPM,12.0,FFG,0.032,FFMAX,4.0,ILIM,12.0,LISCALE,0.15
[13:01:47] TUNE,X,RESULT,MODE,PID,KP,0.280,KI,0.200,KD,0.003,SCORE,496.283
[13:01:47] TUNE,X,RECENTER
[13:01:47] TUNE,X,RECENTERED,ERROR,-1
[13:01:47] TUNE,X,PID_TEST,KP,0.280,KI,0.200,KD,0.010,STEP,60.0,MAXRPM,12.0,FFG,0.032,FFMAX,4.0,ILIM,12.0,LISCALE,0.15
[13:01:54] TUNE,X,RESULT,MODE,PID,KP,0.280,KI,0.200,KD,0.010,SCORE,431.499
[13:01:54] TUNE,X,RECENTER
[13:01:55] TUNE,X,RECENTERED,ERROR,1
[13:01:55] TUNE,X,PID_TEST,KP,0.280,KI,0.320,KD,0.003,STEP,60.0,MAXRPM,12.0,FFG,0.032,FFMAX,4.0,ILIM,12.0,LISCALE,0.15
[13:02:02] TUNE,X,RESULT,MODE,PID,KP,0.280,KI,0.320,KD,0.003,SCORE,474.599
[13:02:02] TUNE,X,RECENTER
[13:02:02] TUNE,X,RECENTERED,ERROR,0
[13:02:02] TUNE,X,PID_TEST,KP,0.280,KI,0.320,KD,0.010,STEP,60.0,MAXRPM,12.0,FFG,0.032,FFMAX,4.0,ILIM,12.0,LISCALE,0.15
[13:02:10] TUNE,X,RESULT,MODE,PID,KP,0.280,KI,0.320,KD,0.010,SCORE,527.748
[13:02:10] TUNE,X,RECENTER
[13:02:10] TUNE,X,RECENTERED,ERROR,1
[13:02:10] TUNE,X,PID_TEST,KP,0.340,KI,0.080,KD,0.003,STEP,60.0,MAXRPM,12.0,FFG,0.032,FFMAX,4.0,ILIM,12.0,LISCALE,0.15
[13:02:17] TUNE,X,RESULT,MODE,PID,KP,0.340,KI,0.080,KD,0.003,SCORE,535.469
[13:02:17] TUNE,X,RECENTER
[13:02:18] TUNE,X,RECENTERED,ERROR,0
[13:02:18] TUNE,X,PID_TEST,KP,0.340,KI,0.080,KD,0.010,STEP,60.0,MAXRPM,12.0,FFG,0.032,FFMAX,4.0,ILIM,12.0,LISCALE,0.15
[13:02:25] TUNE,X,RESULT,MODE,PID,KP,0.340,KI,0.080,KD,0.010,SCORE,551.839
[13:02:25] TUNE,X,RECENTER
[13:02:25] TUNE,X,RECENTERED,ERROR,-2
[13:02:25] TUNE,X,PID_TEST,KP,0.340,KI,0.200,KD,0.003,STEP,60.0,MAXRPM,12.0,FFG,0.032,FFMAX,4.0,ILIM,12.0,LISCALE,0.15
[13:02:33] TUNE,X,RESULT,MODE,PID,KP,0.340,KI,0.200,KD,0.003,SCORE,548.592
[13:02:33] TUNE,X,RECENTER
[13:02:33] TUNE,X,RECENTERED,ERROR,3
[13:02:33] TUNE,X,PID_TEST,KP,0.340,KI,0.200,KD,0.010,STEP,60.0,MAXRPM,12.0,FFG,0.032,FFMAX,4.0,ILIM,12.0,LISCALE,0.15
[13:02:40] TUNE,X,RESULT,MODE,PID,KP,0.340,KI,0.200,KD,0.010,SCORE,591.028
[13:02:40] TUNE,X,RECENTER
[13:02:41] TUNE,X,RECENTERED,ERROR,2
[13:02:41] TUNE,X,PID_TEST,KP,0.340,KI,0.320,KD,0.003,STEP,60.0,MAXRPM,12.0,FFG,0.032,FFMAX,4.0,ILIM,12.0,LISCALE,0.15
[13:02:48] TUNE,X,RESULT,MODE,PID,KP,0.340,KI,0.320,KD,0.003,SCORE,537.530
[13:02:48] TUNE,X,RECENTER
[13:02:48] TUNE,X,RECENTERED,ERROR,2
[13:02:48] TUNE,X,PID_TEST,KP,0.340,KI,0.320,KD,0.010,STEP,60.0,MAXRPM,12.0,FFG,0.032,FFMAX,4.0,ILIM,12.0,LISCALE,0.15
[13:02:56] TUNE,X,RESULT,MODE,PID,KP,0.340,KI,0.320,KD,0.010,SCORE,475.916
[13:02:56] TUNE,X,CHAMPIONSHIP_QUARTERFINAL,COUNT,8
[13:02:56] TUNE,X,RECENTER
[13:02:56] TUNE,X,RECENTERED,ERROR,3
[13:02:56] TUNE,X,PID_TEST,KP,0.220,KI,0.320,KD,0.010,STEP,60.0,MAXRPM,12.0,FFG,0.032,FFMAX,4.0,ILIM,12.0,LISCALE,0.15
[13:03:04] TUNE,X,RESULT,MODE,PID,KP,0.220,KI,0.320,KD,0.010,SCORE,371.453
[13:03:04] TUNE,X,RECENTER
[13:03:04] TUNE,X,RECENTERED,ERROR,2
[13:03:04] TUNE,X,PID_TEST,KP,0.280,KI,0.200,KD,0.010,STEP,60.0,MAXRPM,12.0,FFG,0.032,FFMAX,4.0,ILIM,12.0,LISCALE,0.15
[13:03:11] TUNE,X,RESULT,MODE,PID,KP,0.280,KI,0.200,KD,0.010,SCORE,497.133
[13:03:11] TUNE,X,RECENTER
[13:03:11] TUNE,X,RECENTERED,ERROR,3
[13:03:11] TUNE,X,PID_TEST,KP,0.220,KI,0.320,KD,0.003,STEP,60.0,MAXRPM,12.0,FFG,0.032,FFMAX,4.0,ILIM,12.0,LISCALE,0.15
[13:03:19] TUNE,X,RESULT,MODE,PID,KP,0.220,KI,0.320,KD,0.003,SCORE,457.385
[13:03:19] TUNE,X,RECENTER
[13:03:19] TUNE,X,RECENTERED,ERROR,-2
[13:03:19] TUNE,X,PID_TEST,KP,0.160,KI,0.320,KD,0.003,STEP,60.0,MAXRPM,12.0,FFG,0.032,FFMAX,4.0,ILIM,12.0,LISCALE,0.15
[13:03:26] TUNE,X,RESULT,MODE,PID,KP,0.160,KI,0.320,KD,0.003,SCORE,425.975
[13:03:26] TUNE,X,RECENTER
[13:03:26] TUNE,X,RECENTERED,ERROR,2
[13:03:26] TUNE,X,PID_TEST,KP,0.220,KI,0.200,KD,0.003,STEP,60.0,MAXRPM,12.0,FFG,0.032,FFMAX,4.0,ILIM,12.0,LISCALE,0.15
[13:03:34] TUNE,X,RESULT,MODE,PID,KP,0.220,KI,0.200,KD,0.003,SCORE,420.349
[13:03:34] TUNE,X,RECENTER
[13:03:34] TUNE,X,RECENTERED,ERROR,2
[13:03:34] TUNE,X,PID_TEST,KP,0.220,KI,0.080,KD,0.010,STEP,60.0,MAXRPM,12.0,FFG,0.032,FFMAX,4.0,ILIM,12.0,LISCALE,0.15
[13:03:42] TUNE,X,RESULT,MODE,PID,KP,0.220,KI,0.080,KD,0.010,SCORE,482.788
[13:03:42] TUNE,X,RECENTER
[13:03:42] TUNE,X,RECENTERED,ERROR,-2
[13:03:42] TUNE,X,PID_TEST,KP,0.280,KI,0.320,KD,0.003,STEP,60.0,MAXRPM,12.0,FFG,0.032,FFMAX,4.0,ILIM,12.0,LISCALE,0.15
[13:03:49] TUNE,X,RESULT,MODE,PID,KP,0.280,KI,0.320,KD,0.003,SCORE,465.535
[13:03:50] TUNE,X,RECENTER
[13:03:50] TUNE,X,RECENTERED,ERROR,2
[13:03:50] TUNE,X,PID_TEST,KP,0.340,KI,0.320,KD,0.010,STEP,60.0,MAXRPM,12.0,FFG,0.032,FFMAX,4.0,ILIM,12.0,LISCALE,0.15
[13:03:57] TUNE,X,RESULT,MODE,PID,KP,0.340,KI,0.320,KD,0.010,SCORE,530.373
[13:03:57] TUNE,X,CHAMPIONSHIP_LOCAL,COUNT,18
[13:03:57] TUNE,X,RECENTER
[13:03:57] TUNE,X,RECENTERED,ERROR,0
[13:03:57] TUNE,X,PID_TEST,KP,0.180,KI,0.320,KD,0.010,STEP,60.0,MAXRPM,12.0,FFG,0.032,FFMAX,4.0,ILIM,12.0,LISCALE,0.15
[13:04:05] TUNE,X,RESULT,MODE,PID,KP,0.180,KI,0.320,KD,0.010,SCORE,450.887
[13:04:05] TUNE,X,RECENTER
[13:04:05] TUNE,X,RECENTERED,ERROR,-2
[13:04:05] TUNE,X,PID_TEST,KP,0.260,KI,0.320,KD,0.010,STEP,60.0,MAXRPM,12.0,FFG,0.032,FFMAX,4.0,ILIM,12.0,LISCALE,0.15
[13:04:13] TUNE,X,RESULT,MODE,PID,KP,0.260,KI,0.320,KD,0.010,SCORE,404.023
[13:04:13] TUNE,X,RECENTER
[13:04:13] TUNE,X,RECENTERED,ERROR,-2
[13:04:13] TUNE,X,PID_TEST,KP,0.220,KI,0.240,KD,0.010,STEP,60.0,MAXRPM,12.0,FFG,0.032,FFMAX,4.0,ILIM,12.0,LISCALE,0.15
[13:04:20] TUNE,X,RESULT,MODE,PID,KP,0.220,KI,0.240,KD,0.010,SCORE,437.636
[13:04:20] TUNE,X,RECENTER
[13:04:20] TUNE,X,RECENTERED,ERROR,-1
[13:04:20] TUNE,X,PID_TEST,KP,0.220,KI,0.400,KD,0.010,STEP,60.0,MAXRPM,12.0,FFG,0.032,FFMAX,4.0,ILIM,12.0,LISCALE,0.15
[13:04:28] TUNE,X,RESULT,MODE,PID,KP,0.220,KI,0.400,KD,0.010,SCORE,443.744
[13:04:28] TUNE,X,RECENTER
[13:04:28] TUNE,X,RECENTERED,ERROR,2
[13:04:28] TUNE,X,PID_TEST,KP,0.220,KI,0.320,KD,0.006,STEP,60.0,MAXRPM,12.0,FFG,0.032,FFMAX,4.0,ILIM,12.0,LISCALE,0.15
[13:04:35] TUNE,X,RESULT,MODE,PID,KP,0.220,KI,0.320,KD,0.006,SCORE,407.199
[13:04:35] TUNE,X,RECENTER
[13:04:35] TUNE,X,RECENTERED,ERROR,-3
[13:04:35] TUNE,X,PID_TEST,KP,0.220,KI,0.320,KD,0.014,STEP,60.0,MAXRPM,12.0,FFG,0.032,FFMAX,4.0,ILIM,12.0,LISCALE,0.15
[13:04:43] TUNE,X,RESULT,MODE,PID,KP,0.220,KI,0.320,KD,0.014,SCORE,400.320
[13:04:43] TUNE,X,RECENTER
[13:04:43] TUNE,X,RECENTERED,ERROR,0
[13:04:43] TUNE,X,PID_TEST,KP,0.180,KI,0.200,KD,0.003,STEP,60.0,MAXRPM,12.0,FFG,0.032,FFMAX,4.0,ILIM,12.0,LISCALE,0.15
[13:04:51] TUNE,X,RESULT,MODE,PID,KP,0.180,KI,0.200,KD,0.003,SCORE,421.543
[13:04:51] TUNE,X,RECENTER
[13:04:51] TUNE,X,RECENTERED,ERROR,-3
[13:04:51] TUNE,X,PID_TEST,KP,0.260,KI,0.200,KD,0.003,STEP,60.0,MAXRPM,12.0,FFG,0.032,FFMAX,4.0,ILIM,12.0,LISCALE,0.15
[13:04:58] TUNE,X,RESULT,MODE,PID,KP,0.260,KI,0.200,KD,0.003,SCORE,451.321
[13:04:58] TUNE,X,RECENTER
[13:04:58] TUNE,X,RECENTERED,ERROR,2
[13:04:58] TUNE,X,PID_TEST,KP,0.220,KI,0.120,KD,0.003,STEP,60.0,MAXRPM,12.0,FFG,0.032,FFMAX,4.0,ILIM,12.0,LISCALE,0.15
[13:05:06] TUNE,X,RESULT,MODE,PID,KP,0.220,KI,0.120,KD,0.003,SCORE,451.434
[13:05:06] TUNE,X,RECENTER
[13:05:06] TUNE,X,RECENTERED,ERROR,1
[13:05:06] TUNE,X,PID_TEST,KP,0.220,KI,0.280,KD,0.003,STEP,60.0,MAXRPM,12.0,FFG,0.032,FFMAX,4.0,ILIM,12.0,LISCALE,0.15
[13:05:14] TUNE,X,RESULT,MODE,PID,KP,0.220,KI,0.280,KD,0.003,SCORE,431.658
[13:05:14] TUNE,X,RECENTER
[13:05:14] TUNE,X,RECENTERED,ERROR,-2
[13:05:14] TUNE,X,PID_TEST,KP,0.220,KI,0.200,KD,0.000,STEP,60.0,MAXRPM,12.0,FFG,0.032,FFMAX,4.0,ILIM,12.0,LISCALE,0.15
[13:05:21] TUNE,X,RESULT,MODE,PID,KP,0.220,KI,0.200,KD,0.000,SCORE,418.424
[13:05:21] TUNE,X,RECENTER
[13:05:21] TUNE,X,RECENTERED,ERROR,-2
[13:05:21] TUNE,X,PID_TEST,KP,0.220,KI,0.200,KD,0.007,STEP,60.0,MAXRPM,12.0,FFG,0.032,FFMAX,4.0,ILIM,12.0,LISCALE,0.15
[13:05:29] TUNE,X,RESULT,MODE,PID,KP,0.220,KI,0.200,KD,0.007,SCORE,407.616
[13:05:29] TUNE,X,RECENTER
[13:05:29] TUNE,X,RECENTERED,ERROR,2
[13:05:29] TUNE,X,PID_TEST,KP,0.120,KI,0.320,KD,0.003,STEP,60.0,MAXRPM,12.0,FFG,0.032,FFMAX,4.0,ILIM,12.0,LISCALE,0.15
[13:05:36] TUNE,X,RESULT,MODE,PID,KP,0.120,KI,0.320,KD,0.003,SCORE,391.415
[13:05:36] TUNE,X,RECENTER
[13:05:37] TUNE,X,RECENTERED,ERROR,-3
[13:05:37] TUNE,X,PID_TEST,KP,0.200,KI,0.320,KD,0.003,STEP,60.0,MAXRPM,12.0,FFG,0.032,FFMAX,4.0,ILIM,12.0,LISCALE,0.15
[13:05:44] TUNE,X,RESULT,MODE,PID,KP,0.200,KI,0.320,KD,0.003,SCORE,396.140
[13:05:44] TUNE,X,RECENTER
[13:05:44] TUNE,X,RECENTERED,ERROR,1
[13:05:44] TUNE,X,PID_TEST,KP,0.160,KI,0.240,KD,0.003,STEP,60.0,MAXRPM,12.0,FFG,0.032,FFMAX,4.0,ILIM,12.0,LISCALE,0.15
[13:05:52] TUNE,X,RESULT,MODE,PID,KP,0.160,KI,0.240,KD,0.003,SCORE,399.484
[13:05:52] TUNE,X,RECENTER
[13:05:52] TUNE,X,RECENTERED,ERROR,-3
[13:05:52] TUNE,X,PID_TEST,KP,0.160,KI,0.400,KD,0.003,STEP,60.0,MAXRPM,12.0,FFG,0.032,FFMAX,4.0,ILIM,12.0,LISCALE,0.15
[13:05:59] TUNE,X,RESULT,MODE,PID,KP,0.160,KI,0.400,KD,0.003,SCORE,352.473
[13:05:59] TUNE,X,RECENTER
[13:06:00] TUNE,X,RECENTERED,ERROR,1
[13:06:00] TUNE,X,PID_TEST,KP,0.160,KI,0.320,KD,0.000,STEP,60.0,MAXRPM,12.0,FFG,0.032,FFMAX,4.0,ILIM,12.0,LISCALE,0.15
[13:06:07] TUNE,X,RESULT,MODE,PID,KP,0.160,KI,0.320,KD,0.000,SCORE,361.382
[13:06:07] TUNE,X,RECENTER
[13:06:07] TUNE,X,RECENTERED,ERROR,-3
[13:06:07] TUNE,X,PID_TEST,KP,0.160,KI,0.320,KD,0.007,STEP,60.0,MAXRPM,12.0,FFG,0.032,FFMAX,4.0,ILIM,12.0,LISCALE,0.15
[13:06:15] TUNE,X,RESULT,MODE,PID,KP,0.160,KI,0.320,KD,0.007,SCORE,439.649
[13:06:15] TUNE,X,CHAMPIONSHIP_SEMIFINAL,COUNT,6
[13:06:15] TUNE,X,RECENTER
[13:06:15] TUNE,X,RECENTERED,ERROR,-1
[13:06:15] TUNE,X,PID_TEST,KP,0.160,KI,0.400,KD,0.003,STEP,60.0,MAXRPM,12.0,FFG,0.032,FFMAX,4.0,ILIM,12.0,LISCALE,0.15
[13:06:16] 610,-1.60,0.00,42
[13:06:22] TUNE,X,RESULT,MODE,PID,KP,0.160,KI,0.400,KD,0.003,SCORE,404.668
[13:06:22] TUNE,X,RECENTER
[13:06:22] TUNE,X,RECENTERED,ERROR,1
[13:06:22] TUNE,X,PID_TEST,KP,0.160,KI,0.320,KD,0.000,STEP,60.0,MAXRPM,12.0,FFG,0.032,FFMAX,4.0,ILIM,12.0,LISCALE,0.15
[13:06:30] TUNE,X,RESULT,MODE,PID,KP,0.160,KI,0.320,KD,0.000,SCORE,371.331
[13:06:30] TUNE,X,RECENTER
[13:06:30] TUNE,X,RECENTERED,ERROR,1
[13:06:30] TUNE,X,PID_TEST,KP,0.120,KI,0.320,KD,0.003,STEP,60.0,MAXRPM,12.0,FFG,0.032,FFMAX,4.0,ILIM,12.0,LISCALE,0.15
[13:06:37] TUNE,X,RESULT,MODE,PID,KP,0.120,KI,0.320,KD,0.003,SCORE,399.794
[13:06:37] TUNE,X,RECENTER
[13:06:38] TUNE,X,RECENTERED,ERROR,-1
[13:06:38] TUNE,X,PID_TEST,KP,0.200,KI,0.320,KD,0.003,STEP,60.0,MAXRPM,12.0,FFG,0.032,FFMAX,4.0,ILIM,12.0,LISCALE,0.15
[13:06:45] TUNE,X,RESULT,MODE,PID,KP,0.200,KI,0.320,KD,0.003,SCORE,394.383
[13:06:45] TUNE,X,RECENTER
[13:06:45] TUNE,X,RECENTERED,ERROR,-2
[13:06:45] TUNE,X,PID_TEST,KP,0.160,KI,0.240,KD,0.003,STEP,60.0,MAXRPM,12.0,FFG,0.032,FFMAX,4.0,ILIM,12.0,LISCALE,0.15
[13:06:53] TUNE,X,RESULT,MODE,PID,KP,0.160,KI,0.240,KD,0.003,SCORE,391.800
[13:06:53] TUNE,X,CHAMPIONSHIP_FINE,COUNT,11
[13:06:53] TUNE,X,RECENTER
[13:06:53] TUNE,X,RECENTERED,ERROR,0
[13:06:53] TUNE,X,PID_TEST,KP,0.145,KI,0.320,KD,0.000,STEP,60.0,MAXRPM,12.0,FFG,0.032,FFMAX,4.0,ILIM,12.0,LISCALE,0.15
[13:07:00] TUNE,X,RESULT,MODE,PID,KP,0.145,KI,0.320,KD,0.000,SCORE,353.433
[13:07:00] TUNE,X,RECENTER
[13:07:00] TUNE,X,RECENTERED,ERROR,1
[13:07:00] TUNE,X,PID_TEST,KP,0.175,KI,0.320,KD,0.000,STEP,60.0,MAXRPM,12.0,FFG,0.032,FFMAX,4.0,ILIM,12.0,LISCALE,0.15
[13:07:08] TUNE,X,RESULT,MODE,PID,KP,0.175,KI,0.320,KD,0.000,SCORE,391.819
[13:07:08] TUNE,X,RECENTER
[13:07:08] TUNE,X,RECENTERED,ERROR,-1
[13:07:08] TUNE,X,PID_TEST,KP,0.160,KI,0.285,KD,0.000,STEP,60.0,MAXRPM,12.0,FFG,0.032,FFMAX,4.0,ILIM,12.0,LISCALE,0.15
[13:07:15] TUNE,X,RESULT,MODE,PID,KP,0.160,KI,0.285,KD,0.000,SCORE,374.384
[13:07:15] TUNE,X,RECENTER
[13:07:15] TUNE,X,RECENTERED,ERROR,0
[13:07:15] TUNE,X,PID_TEST,KP,0.160,KI,0.355,KD,0.000,STEP,60.0,MAXRPM,12.0,FFG,0.032,FFMAX,4.0,ILIM,12.0,LISCALE,0.15
[13:07:23] TUNE,X,RESULT,MODE,PID,KP,0.160,KI,0.355,KD,0.000,SCORE,372.585
[13:07:23] TUNE,X,RECENTER
[13:07:23] TUNE,X,RECENTERED,ERROR,1
[13:07:23] TUNE,X,PID_TEST,KP,0.160,KI,0.320,KD,0.002,STEP,60.0,MAXRPM,12.0,FFG,0.032,FFMAX,4.0,ILIM,12.0,LISCALE,0.15
[13:07:30] TUNE,X,RESULT,MODE,PID,KP,0.160,KI,0.320,KD,0.002,SCORE,403.466
[13:07:30] TUNE,X,RECENTER
[13:07:31] TUNE,X,RECENTERED,ERROR,-3
[13:07:31] TUNE,X,PID_TEST,KP,0.145,KI,0.400,KD,0.003,STEP,60.0,MAXRPM,12.0,FFG,0.032,FFMAX,4.0,ILIM,12.0,LISCALE,0.15
[13:07:38] TUNE,X,RESULT,MODE,PID,KP,0.145,KI,0.400,KD,0.003,SCORE,333.047
[13:07:38] TUNE,X,RECENTER
[13:07:38] TUNE,X,RECENTERED,ERROR,1
[13:07:38] TUNE,X,PID_TEST,KP,0.175,KI,0.400,KD,0.003,STEP,60.0,MAXRPM,12.0,FFG,0.032,FFMAX,4.0,ILIM,12.0,LISCALE,0.15
[13:07:46] TUNE,X,RESULT,MODE,PID,KP,0.175,KI,0.400,KD,0.003,SCORE,398.761
[13:07:46] TUNE,X,RECENTER
[13:07:46] TUNE,X,RECENTERED,ERROR,0
[13:07:46] TUNE,X,PID_TEST,KP,0.160,KI,0.365,KD,0.003,STEP,60.0,MAXRPM,12.0,FFG,0.032,FFMAX,4.0,ILIM,12.0,LISCALE,0.15
[13:07:53] TUNE,X,RESULT,MODE,PID,KP,0.160,KI,0.365,KD,0.003,SCORE,334.425
[13:07:53] TUNE,X,RECENTER
[13:07:53] TUNE,X,RECENTERED,ERROR,1
[13:07:53] TUNE,X,PID_TEST,KP,0.160,KI,0.435,KD,0.003,STEP,60.0,MAXRPM,12.0,FFG,0.032,FFMAX,4.0,ILIM,12.0,LISCALE,0.15
[13:08:01] TUNE,X,RESULT,MODE,PID,KP,0.160,KI,0.435,KD,0.003,SCORE,313.300
[13:08:01] TUNE,X,RECENTER
[13:08:01] TUNE,X,RECENTERED,ERROR,-2
[13:08:01] TUNE,X,PID_TEST,KP,0.160,KI,0.400,KD,0.002,STEP,60.0,MAXRPM,12.0,FFG,0.032,FFMAX,4.0,ILIM,12.0,LISCALE,0.15
[13:08:08] TUNE,X,RESULT,MODE,PID,KP,0.160,KI,0.400,KD,0.002,SCORE,337.259
[13:08:08] TUNE,X,RECENTER
[13:08:09] TUNE,X,RECENTERED,ERROR,-4
[13:08:09] TUNE,X,PID_TEST,KP,0.160,KI,0.400,KD,0.005,STEP,60.0,MAXRPM,12.0,FFG,0.032,FFMAX,4.0,ILIM,12.0,LISCALE,0.15
[13:08:16] TUNE,X,RESULT,MODE,PID,KP,0.160,KI,0.400,KD,0.005,SCORE,388.509
[13:08:16] TUNE,X,CHAMPIONSHIP_FINAL,COUNT,4,REPEATS,3
[13:08:16] TUNE,X,RECENTER
[13:08:17] TUNE,X,RECENTERED,ERROR,1
[13:08:17] TUNE,X,PID_TEST,KP,0.160,KI,0.435,KD,0.003,STEP,60.0,MAXRPM,12.0,FFG,0.032,FFMAX,4.0,ILIM,12.0,LISCALE,0.15
[13:08:24] TUNE,X,RESULT,MODE,PID,KP,0.160,KI,0.435,KD,0.003,SCORE,389.371
[13:08:24] TUNE,X,RECENTER
[13:08:24] TUNE,X,RECENTERED,ERROR,1
[13:08:24] TUNE,X,PID_TEST,KP,0.160,KI,0.435,KD,0.003,STEP,60.0,MAXRPM,12.0,FFG,0.032,FFMAX,4.0,ILIM,12.0,LISCALE,0.15
[13:08:32] TUNE,X,RESULT,MODE,PID,KP,0.160,KI,0.435,KD,0.003,SCORE,311.281
[13:08:32] TUNE,X,RECENTER
[13:08:32] TUNE,X,RECENTERED,ERROR,2
[13:08:32] TUNE,X,PID_TEST,KP,0.145,KI,0.400,KD,0.003,STEP,60.0,MAXRPM,12.0,FFG,0.032,FFMAX,4.0,ILIM,12.0,LISCALE,0.15
[13:08:39] TUNE,X,RESULT,MODE,PID,KP,0.145,KI,0.400,KD,0.003,SCORE,370.743
[13:08:39] TUNE,X,RECENTER
[13:08:39] TUNE,X,RECENTERED,ERROR,2
[13:08:40] TUNE,X,PID_TEST,KP,0.145,KI,0.400,KD,0.003,STEP,60.0,MAXRPM,12.0,FFG,0.032,FFMAX,4.0,ILIM,12.0,LISCALE,0.15
[13:08:47] TUNE,X,RESULT,MODE,PID,KP,0.145,KI,0.400,KD,0.003,SCORE,406.709
[13:08:47] TUNE,X,RECENTER
[13:08:47] TUNE,X,RECENTERED,ERROR,4
[13:08:47] TUNE,X,PID_TEST,KP,0.160,KI,0.365,KD,0.003,STEP,60.0,MAXRPM,12.0,FFG,0.032,FFMAX,4.0,ILIM,12.0,LISCALE,0.15
[13:08:54] TUNE,X,RESULT,MODE,PID,KP,0.160,KI,0.365,KD,0.003,SCORE,354.967
[13:08:55] TUNE,X,RECENTER
[13:08:55] TUNE,X,RECENTERED,ERROR,-3
[13:08:55] TUNE,X,PID_TEST,KP,0.160,KI,0.365,KD,0.003,STEP,60.0,MAXRPM,12.0,FFG,0.032,FFMAX,4.0,ILIM,12.0,LISCALE,0.15
[13:09:02] TUNE,X,RESULT,MODE,PID,KP,0.160,KI,0.365,KD,0.003,SCORE,350.183
[13:09:02] TUNE,X,RECENTER
[13:09:02] TUNE,X,RECENTERED,ERROR,-2
[13:09:02] TUNE,X,PID_TEST,KP,0.160,KI,0.400,KD,0.002,STEP,60.0,MAXRPM,12.0,FFG,0.032,FFMAX,4.0,ILIM,12.0,LISCALE,0.15
[13:09:10] TUNE,X,RESULT,MODE,PID,KP,0.160,KI,0.400,KD,0.002,SCORE,373.190
[13:09:10] TUNE,X,RECENTER
[13:09:10] TUNE,X,RECENTERED,ERROR,2
[13:09:10] TUNE,X,PID_TEST,KP,0.160,KI,0.400,KD,0.002,STEP,60.0,MAXRPM,12.0,FFG,0.032,FFMAX,4.0,ILIM,12.0,LISCALE,0.15
[13:09:17] TUNE,X,RESULT,MODE,PID,KP,0.160,KI,0.400,KD,0.002,SCORE,402.449
[13:09:17] TUNE,X,RECENTER
[13:09:17] TUNE,X,RECENTERED,ERROR,0
[13:09:18] TUNE,X,COMPLETE,KP,0.160,KI,0.435,KD,0.003,SCORE,339.925,TESTS,3
[13:09:18] TUNE,Y,BEGIN,MODE,PID_CHAMPIONSHIP
[13:09:18] TUNE,Y,CALIBRATE,PROBE
[13:09:19] TUNE,Y,POLARITY,1,DELTA,26,KICK_DEG,12.5
[13:09:19] TUNE,Y,RECENTER
[13:09:20] TUNE,Y,RECENTERED,ERROR,-1
[13:09:20] TUNE,Y,SAFE_LIMIT,STEP,36.0,MAXRPM,8.0
[13:09:20] TUNE,Y,CHAMPIONSHIP_COARSE,COUNT,30
[13:09:20] TUNE,Y,RECENTER
[13:09:20] TUNE,Y,RECENTERED,ERROR,0
[13:09:20] TUNE,Y,PID_TEST,KP,0.100,KI,0.080,KD,0.003,STEP,36.0,MAXRPM,8.0,FFG,0.032,FFMAX,4.0,ILIM,12.0,LISCALE,0.15
[13:09:28] TUNE,Y,RESULT,MODE,PID,KP,0.100,KI,0.080,KD,0.003,SCORE,179.395
[13:09:28] TUNE,Y,RECENTER
[13:09:28] TUNE,Y,RECENTERED,ERROR,1
[13:09:28] TUNE,Y,PID_TEST,KP,0.100,KI,0.080,KD,0.010,STEP,36.0,MAXRPM,8.0,FFG,0.032,FFMAX,4.0,ILIM,12.0,LISCALE,0.15
[13:09:35] TUNE,Y,RESULT,MODE,PID,KP,0.100,KI,0.080,KD,0.010,SCORE,156.912
[13:09:36] TUNE,Y,RECENTER
[13:09:36] TUNE,Y,RECENTERED,ERROR,1
[13:09:36] TUNE,Y,PID_TEST,KP,0.100,KI,0.200,KD,0.003,STEP,36.0,MAXRPM,8.0,FFG,0.032,FFMAX,4.0,ILIM,12.0,LISCALE,0.15
[13:09:43] TUNE,Y,RESULT,MODE,PID,KP,0.100,KI,0.200,KD,0.003,SCORE,135.003
[13:09:43] TUNE,Y,RECENTER
[13:09:43] TUNE,Y,RECENTERED,ERROR,-2
[13:09:43] TUNE,Y,PID_TEST,KP,0.100,KI,0.200,KD,0.010,STEP,36.0,MAXRPM,8.0,FFG,0.032,FFMAX,4.0,ILIM,12.0,LISCALE,0.15
[13:09:51] TUNE,Y,RESULT,MODE,PID,KP,0.100,KI,0.200,KD,0.010,SCORE,181.433
[13:09:51] TUNE,Y,RECENTER
[13:09:51] TUNE,Y,RECENTERED,ERROR,-1
[13:09:51] TUNE,Y,PID_TEST,KP,0.100,KI,0.320,KD,0.003,STEP,36.0,MAXRPM,8.0,FFG,0.032,FFMAX,4.0,ILIM,12.0,LISCALE,0.15
[13:09:58] TUNE,Y,RESULT,MODE,PID,KP,0.100,KI,0.320,KD,0.003,SCORE,153.865
[13:09:58] TUNE,Y,RECENTER
[13:09:58] TUNE,Y,RECENTERED,ERROR,2
[13:09:58] TUNE,Y,PID_TEST,KP,0.100,KI,0.320,KD,0.010,STEP,36.0,MAXRPM,8.0,FFG,0.032,FFMAX,4.0,ILIM,12.0,LISCALE,0.15
[13:10:06] TUNE,Y,RESULT,MODE,PID,KP,0.100,KI,0.320,KD,0.010,SCORE,156.371
[13:10:06] TUNE,Y,RECENTER
[13:10:06] TUNE,Y,RECENTERED,ERROR,2
[13:10:06] TUNE,Y,PID_TEST,KP,0.160,KI,0.080,KD,0.003,STEP,36.0,MAXRPM,8.0,FFG,0.032,FFMAX,4.0,ILIM,12.0,LISCALE,0.15
[13:10:13] TUNE,Y,RESULT,MODE,PID,KP,0.160,KI,0.080,KD,0.003,SCORE,186.969
[13:10:13] TUNE,Y,RECENTER
[13:10:14] TUNE,Y,RECENTERED,ERROR,1
[13:10:14] TUNE,Y,PID_TEST,KP,0.160,KI,0.080,KD,0.010,STEP,36.0,MAXRPM,8.0,FFG,0.032,FFMAX,4.0,ILIM,12.0,LISCALE,0.15
[13:10:21] TUNE,Y,RESULT,MODE,PID,KP,0.160,KI,0.080,KD,0.010,SCORE,167.244
[13:10:21] TUNE,Y,RECENTER
[13:10:21] TUNE,Y,RECENTERED,ERROR,-1
[13:10:21] TUNE,Y,PID_TEST,KP,0.160,KI,0.200,KD,0.003,STEP,36.0,MAXRPM,8.0,FFG,0.032,FFMAX,4.0,ILIM,12.0,LISCALE,0.15
[13:10:29] TUNE,Y,RESULT,MODE,PID,KP,0.160,KI,0.200,KD,0.003,SCORE,143.847
[13:10:29] TUNE,Y,RECENTER
[13:10:29] TUNE,Y,RECENTERED,ERROR,3
[13:10:29] TUNE,Y,PID_TEST,KP,0.160,KI,0.200,KD,0.010,STEP,36.0,MAXRPM,8.0,FFG,0.032,FFMAX,4.0,ILIM,12.0,LISCALE,0.15
[13:10:36] TUNE,Y,RESULT,MODE,PID,KP,0.160,KI,0.200,KD,0.010,SCORE,189.586
[13:10:36] TUNE,Y,RECENTER
[13:10:36] TUNE,Y,RECENTERED,ERROR,3
[13:10:36] TUNE,Y,PID_TEST,KP,0.160,KI,0.320,KD,0.003,STEP,36.0,MAXRPM,8.0,FFG,0.032,FFMAX,4.0,ILIM,12.0,LISCALE,0.15
[13:10:44] TUNE,Y,RESULT,MODE,PID,KP,0.160,KI,0.320,KD,0.003,SCORE,171.076
[13:10:44] TUNE,Y,RECENTER
[13:10:44] TUNE,Y,RECENTERED,ERROR,-1
[13:10:44] TUNE,Y,PID_TEST,KP,0.160,KI,0.320,KD,0.010,STEP,36.0,MAXRPM,8.0,FFG,0.032,FFMAX,4.0,ILIM,12.0,LISCALE,0.15
[13:10:51] TUNE,Y,RESULT,MODE,PID,KP,0.160,KI,0.320,KD,0.010,SCORE,216.017
[13:10:51] TUNE,Y,RECENTER
[13:10:52] TUNE,Y,RECENTERED,ERROR,2
[13:10:52] TUNE,Y,PID_TEST,KP,0.220,KI,0.080,KD,0.003,STEP,36.0,MAXRPM,8.0,FFG,0.032,FFMAX,4.0,ILIM,12.0,LISCALE,0.15
[13:10:59] TUNE,Y,RESULT,MODE,PID,KP,0.220,KI,0.080,KD,0.003,SCORE,246.064
[13:10:59] TUNE,Y,RECENTER
[13:10:59] TUNE,Y,RECENTERED,ERROR,-2
[13:10:59] TUNE,Y,PID_TEST,KP,0.220,KI,0.080,KD,0.010,STEP,36.0,MAXRPM,8.0,FFG,0.032,FFMAX,4.0,ILIM,12.0,LISCALE,0.15
[13:11:07] TUNE,Y,RESULT,MODE,PID,KP,0.220,KI,0.080,KD,0.010,SCORE,207.448
[13:11:07] TUNE,Y,RECENTER
[13:11:07] TUNE,Y,RECENTERED,ERROR,-3
[13:11:07] TUNE,Y,PID_TEST,KP,0.220,KI,0.200,KD,0.003,STEP,36.0,MAXRPM,8.0,FFG,0.032,FFMAX,4.0,ILIM,12.0,LISCALE,0.15
[13:11:14] TUNE,Y,RESULT,MODE,PID,KP,0.220,KI,0.200,KD,0.003,SCORE,215.068
[13:11:14] TUNE,Y,RECENTER
[13:11:14] TUNE,Y,RECENTERED,ERROR,0
[13:11:14] TUNE,Y,PID_TEST,KP,0.220,KI,0.200,KD,0.010,STEP,36.0,MAXRPM,8.0,FFG,0.032,FFMAX,4.0,ILIM,12.0,LISCALE,0.15
[13:11:22] TUNE,Y,RESULT,MODE,PID,KP,0.220,KI,0.200,KD,0.010,SCORE,213.636
[13:11:22] TUNE,Y,RECENTER
[13:11:22] TUNE,Y,RECENTERED,ERROR,-1
[13:11:22] TUNE,Y,PID_TEST,KP,0.220,KI,0.320,KD,0.003,STEP,36.0,MAXRPM,8.0,FFG,0.032,FFMAX,4.0,ILIM,12.0,LISCALE,0.15
[13:11:29] TUNE,Y,RESULT,MODE,PID,KP,0.220,KI,0.320,KD,0.003,SCORE,215.279
[13:11:29] TUNE,Y,RECENTER
[13:11:29] TUNE,Y,RECENTERED,ERROR,0
[13:11:29] TUNE,Y,PID_TEST,KP,0.220,KI,0.320,KD,0.010,STEP,36.0,MAXRPM,8.0,FFG,0.032,FFMAX,4.0,ILIM,12.0,LISCALE,0.15
[13:11:37] TUNE,Y,RESULT,MODE,PID,KP,0.220,KI,0.320,KD,0.010,SCORE,307.340
[13:11:37] TUNE,Y,RECENTER
[13:11:37] TUNE,Y,RECENTERED,ERROR,2
[13:11:37] TUNE,Y,PID_TEST,KP,0.280,KI,0.080,KD,0.003,STEP,36.0,MAXRPM,8.0,FFG,0.032,FFMAX,4.0,ILIM,12.0,LISCALE,0.15
[13:11:45] TUNE,Y,RESULT,MODE,PID,KP,0.280,KI,0.080,KD,0.003,SCORE,345.257
[13:11:45] TUNE,Y,RECENTER
[13:11:45] TUNE,Y,RECENTERED,ERROR,-2
[13:11:45] TUNE,Y,PID_TEST,KP,0.280,KI,0.080,KD,0.010,STEP,36.0,MAXRPM,8.0,FFG,0.032,FFMAX,4.0,ILIM,12.0,LISCALE,0.15
[13:11:52] TUNE,Y,RESULT,MODE,PID,KP,0.280,KI,0.080,KD,0.010,SCORE,355.156
[13:11:52] TUNE,Y,RECENTER
[13:11:53] TUNE,Y,RECENTERED,ERROR,-1
[13:11:53] TUNE,Y,PID_TEST,KP,0.280,KI,0.200,KD,0.003,STEP,36.0,MAXRPM,8.0,FFG,0.032,FFMAX,4.0,ILIM,12.0,LISCALE,0.15
[13:12:00] TUNE,Y,RESULT,MODE,PID,KP,0.280,KI,0.200,KD,0.003,SCORE,299.554
[13:12:00] TUNE,Y,RECENTER
[13:12:00] TUNE,Y,RECENTERED,ERROR,-3
[13:12:00] TUNE,Y,PID_TEST,KP,0.280,KI,0.200,KD,0.010,STEP,36.0,MAXRPM,8.0,FFG,0.032,FFMAX,4.0,ILIM,12.0,LISCALE,0.15
[13:12:08] TUNE,Y,RESULT,MODE,PID,KP,0.280,KI,0.200,KD,0.010,SCORE,342.973
[13:12:08] TUNE,Y,RECENTER
[13:12:08] TUNE,Y,RECENTERED,ERROR,-2
[13:12:08] TUNE,Y,PID_TEST,KP,0.280,KI,0.320,KD,0.003,STEP,36.0,MAXRPM,8.0,FFG,0.032,FFMAX,4.0,ILIM,12.0,LISCALE,0.15
[13:12:15] TUNE,Y,RESULT,MODE,PID,KP,0.280,KI,0.320,KD,0.003,SCORE,258.207
[13:12:15] TUNE,Y,RECENTER
[13:12:16] TUNE,Y,RECENTERED,ERROR,-2
[13:12:16] TUNE,Y,PID_TEST,KP,0.280,KI,0.320,KD,0.010,STEP,36.0,MAXRPM,8.0,FFG,0.032,FFMAX,4.0,ILIM,12.0,LISCALE,0.15
[13:12:23] TUNE,Y,RESULT,MODE,PID,KP,0.280,KI,0.320,KD,0.010,SCORE,288.687
[13:12:23] TUNE,Y,RECENTER
[13:12:23] TUNE,Y,RECENTERED,ERROR,1
[13:12:23] TUNE,Y,PID_TEST,KP,0.340,KI,0.080,KD,0.003,STEP,36.0,MAXRPM,8.0,FFG,0.032,FFMAX,4.0,ILIM,12.0,LISCALE,0.15
[13:12:31] TUNE,Y,RESULT,MODE,PID,KP,0.340,KI,0.080,KD,0.003,SCORE,414.137
[13:12:31] TUNE,Y,RECENTER
[13:12:31] TUNE,Y,RECENTERED,ERROR,0
[13:12:31] TUNE,Y,PID_TEST,KP,0.340,KI,0.080,KD,0.010,STEP,36.0,MAXRPM,8.0,FFG,0.032,FFMAX,4.0,ILIM,12.0,LISCALE,0.15
[13:12:38] TUNE,Y,RESULT,MODE,PID,KP,0.340,KI,0.080,KD,0.010,SCORE,366.134
[13:12:38] TUNE,Y,RECENTER
[13:12:39] TUNE,Y,RECENTERED,ERROR,-4
[13:12:39] TUNE,Y,PID_TEST,KP,0.340,KI,0.200,KD,0.003,STEP,36.0,MAXRPM,8.0,FFG,0.032,FFMAX,4.0,ILIM,12.0,LISCALE,0.15
[13:12:46] TUNE,Y,RESULT,MODE,PID,KP,0.340,KI,0.200,KD,0.003,SCORE,387.578
[13:12:46] TUNE,Y,RECENTER
[13:12:46] TUNE,Y,RECENTERED,ERROR,4
[13:12:46] TUNE,Y,PID_TEST,KP,0.340,KI,0.200,KD,0.010,STEP,36.0,MAXRPM,8.0,FFG,0.032,FFMAX,4.0,ILIM,12.0,LISCALE,0.15
[13:12:54] TUNE,Y,RESULT,MODE,PID,KP,0.340,KI,0.200,KD,0.010,SCORE,414.846
[13:12:54] TUNE,Y,RECENTER
[13:12:54] TUNE,Y,RECENTERED,ERROR,-2
[13:12:54] TUNE,Y,PID_TEST,KP,0.340,KI,0.320,KD,0.003,STEP,36.0,MAXRPM,8.0,FFG,0.032,FFMAX,4.0,ILIM,12.0,LISCALE,0.15
[13:13:02] TUNE,Y,RESULT,MODE,PID,KP,0.340,KI,0.320,KD,0.003,SCORE,447.013
[13:13:02] TUNE,Y,RECENTER
[13:13:02] TUNE,Y,RECENTERED,ERROR,3
[13:13:02] TUNE,Y,PID_TEST,KP,0.340,KI,0.320,KD,0.010,STEP,36.0,MAXRPM,8.0,FFG,0.032,FFMAX,4.0,ILIM,12.0,LISCALE,0.15
[13:13:10] TUNE,Y,RESULT,MODE,PID,KP,0.340,KI,0.320,KD,0.010,SCORE,528.996
[13:13:10] TUNE,Y,CHAMPIONSHIP_QUARTERFINAL,COUNT,8
[13:13:10] TUNE,Y,RECENTER
[13:13:10] TUNE,Y,RECENTERED,ERROR,-1
[13:13:10] TUNE,Y,PID_TEST,KP,0.100,KI,0.200,KD,0.003,STEP,36.0,MAXRPM,8.0,FFG,0.032,FFMAX,4.0,ILIM,12.0,LISCALE,0.15
[13:13:17] TUNE,Y,RESULT,MODE,PID,KP,0.100,KI,0.200,KD,0.003,SCORE,145.426
[13:13:17] TUNE,Y,RECENTER
[13:13:18] TUNE,Y,RECENTERED,ERROR,2
[13:13:18] TUNE,Y,PID_TEST,KP,0.160,KI,0.200,KD,0.003,STEP,36.0,MAXRPM,8.0,FFG,0.032,FFMAX,4.0,ILIM,12.0,LISCALE,0.15
[13:13:25] TUNE,Y,RESULT,MODE,PID,KP,0.160,KI,0.200,KD,0.003,SCORE,165.345
[13:13:25] TUNE,Y,RECENTER
[13:13:25] TUNE,Y,RECENTERED,ERROR,1
[13:13:25] TUNE,Y,PID_TEST,KP,0.100,KI,0.320,KD,0.003,STEP,36.0,MAXRPM,8.0,FFG,0.032,FFMAX,4.0,ILIM,12.0,LISCALE,0.15
[13:13:33] TUNE,Y,RESULT,MODE,PID,KP,0.100,KI,0.320,KD,0.003,SCORE,132.708
[13:13:33] TUNE,Y,RECENTER
[13:13:33] TUNE,Y,RECENTERED,ERROR,1
[13:13:33] TUNE,Y,PID_TEST,KP,0.100,KI,0.320,KD,0.010,STEP,36.0,MAXRPM,8.0,FFG,0.032,FFMAX,4.0,ILIM,12.0,LISCALE,0.15
[13:13:40] TUNE,Y,RESULT,MODE,PID,KP,0.100,KI,0.320,KD,0.010,SCORE,197.728
[13:13:40] TUNE,Y,RECENTER
[13:13:41] TUNE,Y,RECENTERED,ERROR,2
[13:13:41] TUNE,Y,PID_TEST,KP,0.100,KI,0.080,KD,0.010,STEP,36.0,MAXRPM,8.0,FFG,0.032,FFMAX,4.0,ILIM,12.0,LISCALE,0.15
[13:13:48] TUNE,Y,RESULT,MODE,PID,KP,0.100,KI,0.080,KD,0.010,SCORE,170.257
[13:13:48] TUNE,Y,RECENTER
[13:13:48] TUNE,Y,RECENTERED,ERROR,2
[13:13:48] TUNE,Y,PID_TEST,KP,0.160,KI,0.080,KD,0.010,STEP,36.0,MAXRPM,8.0,FFG,0.032,FFMAX,4.0,ILIM,12.0,LISCALE,0.15
[13:13:56] TUNE,Y,RESULT,MODE,PID,KP,0.160,KI,0.080,KD,0.010,SCORE,176.903
[13:13:56] TUNE,Y,RECENTER
[13:13:56] TUNE,Y,RECENTERED,ERROR,1
[13:13:56] TUNE,Y,PID_TEST,KP,0.160,KI,0.320,KD,0.003,STEP,36.0,MAXRPM,8.0,FFG,0.032,FFMAX,4.0,ILIM,12.0,LISCALE,0.15
[13:14:03] TUNE,Y,RESULT,MODE,PID,KP,0.160,KI,0.320,KD,0.003,SCORE,174.440
[13:14:04] TUNE,Y,RECENTER
[13:14:04] TUNE,Y,RECENTERED,ERROR,3
[13:14:04] TUNE,Y,PID_TEST,KP,0.100,KI,0.080,KD,0.003,STEP,36.0,MAXRPM,8.0,FFG,0.032,FFMAX,4.0,ILIM,12.0,LISCALE,0.15
[13:14:11] TUNE,Y,RESULT,MODE,PID,KP,0.100,KI,0.080,KD,0.003,SCORE,165.091
[13:14:11] TUNE,Y,CHAMPIONSHIP_LOCAL,COUNT,18
[13:14:11] TUNE,Y,RECENTER
[13:14:11] TUNE,Y,RECENTERED,ERROR,0
[13:14:11] TUNE,Y,PID_TEST,KP,0.080,KI,0.200,KD,0.003,STEP,36.0,MAXRPM,8.0,FFG,0.032,FFMAX,4.0,ILIM,12.0,LISCALE,0.15
[13:14:19] TUNE,Y,RESULT,MODE,PID,KP,0.080,KI,0.200,KD,0.003,SCORE,163.336
[13:14:19] TUNE,Y,RECENTER
[13:14:19] TUNE,Y,RECENTERED,ERROR,3
[13:14:19] TUNE,Y,PID_TEST,KP,0.140,KI,0.200,KD,0.003,STEP,36.0,MAXRPM,8.0,FFG,0.032,FFMAX,4.0,ILIM,12.0,LISCALE,0.15
[13:14:26] TUNE,Y,RESULT,MODE,PID,KP,0.140,KI,0.200,KD,0.003,SCORE,149.375
[13:14:26] TUNE,Y,RECENTER
[13:14:26] TUNE,Y,RECENTERED,ERROR,1
[13:14:26] TUNE,Y,PID_TEST,KP,0.100,KI,0.120,KD,0.003,STEP,36.0,MAXRPM,8.0,FFG,0.032,FFMAX,4.0,ILIM,12.0,LISCALE,0.15
[13:14:34] TUNE,Y,RESULT,MODE,PID,KP,0.100,KI,0.120,KD,0.003,SCORE,140.075
[13:14:34] TUNE,Y,RECENTER
[13:14:34] TUNE,Y,RECENTERED,ERROR,-4
[13:14:34] TUNE,Y,PID_TEST,KP,0.100,KI,0.280,KD,0.003,STEP,36.0,MAXRPM,8.0,FFG,0.032,FFMAX,4.0,ILIM,12.0,LISCALE,0.15
[13:14:41] TUNE,Y,RESULT,MODE,PID,KP,0.100,KI,0.280,KD,0.003,SCORE,134.324
[13:14:41] TUNE,Y,RECENTER
[13:14:41] TUNE,Y,RECENTERED,ERROR,-2
[13:14:41] TUNE,Y,PID_TEST,KP,0.100,KI,0.200,KD,0.000,STEP,36.0,MAXRPM,8.0,FFG,0.032,FFMAX,4.0,ILIM,12.0,LISCALE,0.15
[13:14:49] TUNE,Y,RESULT,MODE,PID,KP,0.100,KI,0.200,KD,0.000,SCORE,155.998
[13:14:49] TUNE,Y,RECENTER
[13:14:49] TUNE,Y,RECENTERED,ERROR,2
[13:14:49] TUNE,Y,PID_TEST,KP,0.100,KI,0.200,KD,0.007,STEP,36.0,MAXRPM,8.0,FFG,0.032,FFMAX,4.0,ILIM,12.0,LISCALE,0.15
[13:14:57] TUNE,Y,RESULT,MODE,PID,KP,0.100,KI,0.200,KD,0.007,SCORE,182.827
[13:14:57] TUNE,Y,RECENTER
[13:14:57] TUNE,Y,RECENTERED,ERROR,0
[13:14:57] TUNE,Y,PID_TEST,KP,0.080,KI,0.320,KD,0.003,STEP,36.0,MAXRPM,8.0,FFG,0.032,FFMAX,4.0,ILIM,12.0,LISCALE,0.15
[13:15:04] TUNE,Y,RESULT,MODE,PID,KP,0.080,KI,0.320,KD,0.003,SCORE,138.798
[13:15:04] TUNE,Y,RECENTER
[13:15:04] TUNE,Y,RECENTERED,ERROR,2
[13:15:04] TUNE,Y,PID_TEST,KP,0.140,KI,0.320,KD,0.003,STEP,36.0,MAXRPM,8.0,FFG,0.032,FFMAX,4.0,ILIM,12.0,LISCALE,0.15
[13:15:12] TUNE,Y,RESULT,MODE,PID,KP,0.140,KI,0.320,KD,0.003,SCORE,157.106
[13:15:12] TUNE,Y,RECENTER
[13:15:12] TUNE,Y,RECENTERED,ERROR,3
[13:15:12] TUNE,Y,PID_TEST,KP,0.100,KI,0.240,KD,0.003,STEP,36.0,MAXRPM,8.0,FFG,0.032,FFMAX,4.0,ILIM,12.0,LISCALE,0.15
[13:15:19] TUNE,Y,RESULT,MODE,PID,KP,0.100,KI,0.240,KD,0.003,SCORE,104.119
[13:15:19] TUNE,Y,RECENTER
[13:15:19] TUNE,Y,RECENTERED,ERROR,0
[13:15:19] TUNE,Y,PID_TEST,KP,0.100,KI,0.400,KD,0.003,STEP,36.0,MAXRPM,8.0,FFG,0.032,FFMAX,4.0,ILIM,12.0,LISCALE,0.15
[13:15:27] TUNE,Y,RESULT,MODE,PID,KP,0.100,KI,0.400,KD,0.003,SCORE,166.738
[13:15:27] TUNE,Y,RECENTER
[13:15:27] TUNE,Y,RECENTERED,ERROR,3
[13:15:27] TUNE,Y,PID_TEST,KP,0.100,KI,0.320,KD,0.000,STEP,36.0,MAXRPM,8.0,FFG,0.032,FFMAX,4.0,ILIM,12.0,LISCALE,0.15
[13:15:34] TUNE,Y,RESULT,MODE,PID,KP,0.100,KI,0.320,KD,0.000,SCORE,126.002
[13:15:35] TUNE,Y,RECENTER
[13:15:35] TUNE,Y,RECENTERED,ERROR,0
[13:15:35] TUNE,Y,PID_TEST,KP,0.100,KI,0.320,KD,0.007,STEP,36.0,MAXRPM,8.0,FFG,0.032,FFMAX,4.0,ILIM,12.0,LISCALE,0.15
[13:15:42] TUNE,Y,RESULT,MODE,PID,KP,0.100,KI,0.320,KD,0.007,SCORE,145.992
[13:15:42] TUNE,Y,RECENTER
[13:15:42] TUNE,Y,RECENTERED,ERROR,0
[13:15:42] TUNE,Y,PID_TEST,KP,0.120,KI,0.200,KD,0.003,STEP,36.0,MAXRPM,8.0,FFG,0.032,FFMAX,4.0,ILIM,12.0,LISCALE,0.15
[13:15:50] TUNE,Y,RESULT,MODE,PID,KP,0.120,KI,0.200,KD,0.003,SCORE,176.625
[13:15:50] TUNE,Y,RECENTER
[13:15:50] TUNE,Y,RECENTERED,ERROR,1
[13:15:50] TUNE,Y,PID_TEST,KP,0.200,KI,0.200,KD,0.003,STEP,36.0,MAXRPM,8.0,FFG,0.032,FFMAX,4.0,ILIM,12.0,LISCALE,0.15
[13:15:57] TUNE,Y,RESULT,MODE,PID,KP,0.200,KI,0.200,KD,0.003,SCORE,196.559
[13:15:57] TUNE,Y,RECENTER
[13:15:57] TUNE,Y,RECENTERED,ERROR,1
[13:15:57] TUNE,Y,PID_TEST,KP,0.160,KI,0.120,KD,0.003,STEP,36.0,MAXRPM,8.0,FFG,0.032,FFMAX,4.0,ILIM,12.0,LISCALE,0.15
[13:16:05] TUNE,Y,RESULT,MODE,PID,KP,0.160,KI,0.120,KD,0.003,SCORE,162.834
[13:16:05] TUNE,Y,RECENTER
[13:16:05] TUNE,Y,RECENTERED,ERROR,-3
[13:16:05] TUNE,Y,PID_TEST,KP,0.160,KI,0.280,KD,0.003,STEP,36.0,MAXRPM,8.0,FFG,0.032,FFMAX,4.0,ILIM,12.0,LISCALE,0.15
[13:16:12] TUNE,Y,RESULT,MODE,PID,KP,0.160,KI,0.280,KD,0.003,SCORE,213.273
[13:16:12] TUNE,Y,RECENTER
[13:16:13] TUNE,Y,RECENTERED,ERROR,1
[13:16:13] TUNE,Y,PID_TEST,KP,0.160,KI,0.200,KD,0.000,STEP,36.0,MAXRPM,8.0,FFG,0.032,FFMAX,4.0,ILIM,12.0,LISCALE,0.15
[13:16:20] TUNE,Y,RESULT,MODE,PID,KP,0.160,KI,0.200,KD,0.000,SCORE,148.880
[13:16:20] TUNE,Y,RECENTER
[13:16:20] TUNE,Y,RECENTERED,ERROR,2
[13:16:20] TUNE,Y,PID_TEST,KP,0.160,KI,0.200,KD,0.007,STEP,36.0,MAXRPM,8.0,FFG,0.032,FFMAX,4.0,ILIM,12.0,LISCALE,0.15
[13:16:28] TUNE,Y,RESULT,MODE,PID,KP,0.160,KI,0.200,KD,0.007,SCORE,186.501
[13:16:28] TUNE,Y,CHAMPIONSHIP_SEMIFINAL,COUNT,6
[13:16:28] TUNE,Y,RECENTER
[13:16:28] TUNE,Y,RECENTERED,ERROR,0
[13:16:28] TUNE,Y,PID_TEST,KP,0.100,KI,0.240,KD,0.003,STEP,36.0,MAXRPM,8.0,FFG,0.032,FFMAX,4.0,ILIM,12.0,LISCALE,0.15
[13:16:35] TUNE,Y,RESULT,MODE,PID,KP,0.100,KI,0.240,KD,0.003,SCORE,137.418
[13:16:35] TUNE,Y,RECENTER
[13:16:35] TUNE,Y,RECENTERED,ERROR,-1
[13:16:35] TUNE,Y,PID_TEST,KP,0.100,KI,0.320,KD,0.000,STEP,36.0,MAXRPM,8.0,FFG,0.032,FFMAX,4.0,ILIM,12.0,LISCALE,0.15
[13:16:43] TUNE,Y,RESULT,MODE,PID,KP,0.100,KI,0.320,KD,0.000,SCORE,132.106
[13:16:43] TUNE,Y,RECENTER
[13:16:43] TUNE,Y,RECENTERED,ERROR,1
[13:16:43] TUNE,Y,PID_TEST,KP,0.080,KI,0.320,KD,0.003,STEP,36.0,MAXRPM,8.0,FFG,0.032,FFMAX,4.0,ILIM,12.0,LISCALE,0.15
[13:16:51] TUNE,Y,RESULT,MODE,PID,KP,0.080,KI,0.320,KD,0.003,SCORE,134.528
[13:16:51] TUNE,Y,RECENTER
[13:16:51] TUNE,Y,RECENTERED,ERROR,0
[13:16:51] TUNE,Y,PID_TEST,KP,0.100,KI,0.120,KD,0.003,STEP,36.0,MAXRPM,8.0,FFG,0.032,FFMAX,4.0,ILIM,12.0,LISCALE,0.15
[13:16:58] TUNE,Y,RESULT,MODE,PID,KP,0.100,KI,0.120,KD,0.003,SCORE,147.197
[13:16:58] TUNE,Y,RECENTER
[13:16:58] TUNE,Y,RECENTERED,ERROR,-1
[13:16:58] TUNE,Y,PID_TEST,KP,0.100,KI,0.320,KD,0.007,STEP,36.0,MAXRPM,8.0,FFG,0.032,FFMAX,4.0,ILIM,12.0,LISCALE,0.15
[13:17:06] TUNE,Y,RESULT,MODE,PID,KP,0.100,KI,0.320,KD,0.007,SCORE,136.564
[13:17:06] TUNE,Y,CHAMPIONSHIP_FINE,COUNT,11
[13:17:06] TUNE,Y,RECENTER
[13:17:06] TUNE,Y,RECENTERED,ERROR,1
[13:17:06] TUNE,Y,PID_TEST,KP,0.085,KI,0.240,KD,0.003,STEP,36.0,MAXRPM,8.0,FFG,0.032,FFMAX,4.0,ILIM,12.0,LISCALE,0.15
[13:17:13] TUNE,Y,RESULT,MODE,PID,KP,0.085,KI,0.240,KD,0.003,SCORE,142.294
[13:17:13] TUNE,Y,RECENTER
[13:17:14] TUNE,Y,RECENTERED,ERROR,1
[13:17:14] TUNE,Y,PID_TEST,KP,0.115,KI,0.240,KD,0.003,STEP,36.0,MAXRPM,8.0,FFG,0.032,FFMAX,4.0,ILIM,12.0,LISCALE,0.15
[13:17:21] TUNE,Y,RESULT,MODE,PID,KP,0.115,KI,0.240,KD,0.003,SCORE,145.781
[13:17:21] TUNE,Y,RECENTER
[13:17:21] TUNE,Y,RECENTERED,ERROR,1
[13:17:21] TUNE,Y,PID_TEST,KP,0.100,KI,0.205,KD,0.003,STEP,36.0,MAXRPM,8.0,FFG,0.032,FFMAX,4.0,ILIM,12.0,LISCALE,0.15
[13:17:29] TUNE,Y,RESULT,MODE,PID,KP,0.100,KI,0.205,KD,0.003,SCORE,153.147
[13:17:29] TUNE,Y,RECENTER
[13:17:29] TUNE,Y,RECENTERED,ERROR,1
[13:17:29] TUNE,Y,PID_TEST,KP,0.100,KI,0.275,KD,0.003,STEP,36.0,MAXRPM,8.0,FFG,0.032,FFMAX,4.0,ILIM,12.0,LISCALE,0.15
[13:17:36] TUNE,Y,RESULT,MODE,PID,KP,0.100,KI,0.275,KD,0.003,SCORE,123.316
[13:17:36] TUNE,Y,RECENTER
[13:17:36] TUNE,Y,RECENTERED,ERROR,1
[13:17:36] TUNE,Y,PID_TEST,KP,0.100,KI,0.240,KD,0.002,STEP,36.0,MAXRPM,8.0,FFG,0.032,FFMAX,4.0,ILIM,12.0,LISCALE,0.15
[13:17:44] TUNE,Y,RESULT,MODE,PID,KP,0.100,KI,0.240,KD,0.002,SCORE,127.622
[13:17:44] TUNE,Y,RECENTER
[13:17:44] TUNE,Y,RECENTERED,ERROR,-1
[13:17:44] TUNE,Y,PID_TEST,KP,0.100,KI,0.240,KD,0.005,STEP,36.0,MAXRPM,8.0,FFG,0.032,FFMAX,4.0,ILIM,12.0,LISCALE,0.15
[13:17:51] TUNE,Y,RESULT,MODE,PID,KP,0.100,KI,0.240,KD,0.005,SCORE,175.922
[13:17:51] TUNE,Y,RECENTER
[13:17:52] TUNE,Y,RECENTERED,ERROR,1
[13:17:52] TUNE,Y,PID_TEST,KP,0.085,KI,0.320,KD,0.000,STEP,36.0,MAXRPM,8.0,FFG,0.032,FFMAX,4.0,ILIM,12.0,LISCALE,0.15
[13:17:59] TUNE,Y,RESULT,MODE,PID,KP,0.085,KI,0.320,KD,0.000,SCORE,140.569
[13:17:59] TUNE,Y,RECENTER
[13:17:59] TUNE,Y,RECENTERED,ERROR,1
[13:17:59] TUNE,Y,PID_TEST,KP,0.115,KI,0.320,KD,0.000,STEP,36.0,MAXRPM,8.0,FFG,0.032,FFMAX,4.0,ILIM,12.0,LISCALE,0.15
[13:18:07] TUNE,Y,RESULT,MODE,PID,KP,0.115,KI,0.320,KD,0.000,SCORE,122.417
[13:18:07] TUNE,Y,RECENTER
[13:18:07] TUNE,Y,RECENTERED,ERROR,0
[13:18:07] TUNE,Y,PID_TEST,KP,0.100,KI,0.285,KD,0.000,STEP,36.0,MAXRPM,8.0,FFG,0.032,FFMAX,4.0,ILIM,12.0,LISCALE,0.15
[13:18:14] TUNE,Y,RESULT,MODE,PID,KP,0.100,KI,0.285,KD,0.000,SCORE,137.890
[13:18:14] TUNE,Y,RECENTER
[13:18:14] TUNE,Y,RECENTERED,ERROR,1
[13:18:14] TUNE,Y,PID_TEST,KP,0.100,KI,0.355,KD,0.000,STEP,36.0,MAXRPM,8.0,FFG,0.032,FFMAX,4.0,ILIM,12.0,LISCALE,0.15
[13:18:22] TUNE,Y,RESULT,MODE,PID,KP,0.100,KI,0.355,KD,0.000,SCORE,151.567
[13:18:22] TUNE,Y,RECENTER
[13:18:22] TUNE,Y,RECENTERED,ERROR,1
[13:18:22] TUNE,Y,PID_TEST,KP,0.100,KI,0.320,KD,0.002,STEP,36.0,MAXRPM,8.0,FFG,0.032,FFMAX,4.0,ILIM,12.0,LISCALE,0.15
[13:18:29] TUNE,Y,RESULT,MODE,PID,KP,0.100,KI,0.320,KD,0.002,SCORE,130.457
[13:18:29] TUNE,Y,CHAMPIONSHIP_FINAL,COUNT,4,REPEATS,3
[13:18:29] TUNE,Y,RECENTER
[13:18:30] TUNE,Y,RECENTERED,ERROR,1
[13:18:30] TUNE,Y,PID_TEST,KP,0.115,KI,0.320,KD,0.000,STEP,36.0,MAXRPM,8.0,FFG,0.032,FFMAX,4.0,ILIM,12.0,LISCALE,0.15
[13:18:37] TUNE,Y,RESULT,MODE,PID,KP,0.115,KI,0.320,KD,0.000,SCORE,133.758
[13:18:37] TUNE,Y,RECENTER
[13:18:37] TUNE,Y,RECENTERED,ERROR,1
[13:18:37] TUNE,Y,PID_TEST,KP,0.115,KI,0.320,KD,0.000,STEP,36.0,MAXRPM,8.0,FFG,0.032,FFMAX,4.0,ILIM,12.0,LISCALE,0.15
[13:18:45] TUNE,Y,RESULT,MODE,PID,KP,0.115,KI,0.320,KD,0.000,SCORE,194.830
[13:18:45] TUNE,Y,RECENTER
[13:18:45] TUNE,Y,RECENTERED,ERROR,2
[13:18:45] TUNE,Y,PID_TEST,KP,0.100,KI,0.275,KD,0.003,STEP,36.0,MAXRPM,8.0,FFG,0.032,FFMAX,4.0,ILIM,12.0,LISCALE,0.15
[13:18:52] TUNE,Y,RESULT,MODE,PID,KP,0.100,KI,0.275,KD,0.003,SCORE,166.037
[13:18:52] TUNE,Y,RECENTER
[13:18:52] TUNE,Y,RECENTERED,ERROR,2
[13:18:52] TUNE,Y,PID_TEST,KP,0.100,KI,0.275,KD,0.003,STEP,36.0,MAXRPM,8.0,FFG,0.032,FFMAX,4.0,ILIM,12.0,LISCALE,0.15
[13:19:00] TUNE,Y,RESULT,MODE,PID,KP,0.100,KI,0.275,KD,0.003,SCORE,137.621
[13:19:00] TUNE,Y,RECENTER
[13:19:00] TUNE,Y,RECENTERED,ERROR,0
[13:19:00] TUNE,Y,PID_TEST,KP,0.100,KI,0.240,KD,0.003,STEP,36.0,MAXRPM,8.0,FFG,0.032,FFMAX,4.0,ILIM,12.0,LISCALE,0.15
[13:19:07] TUNE,Y,RESULT,MODE,PID,KP,0.100,KI,0.240,KD,0.003,SCORE,149.568
[13:19:07] TUNE,Y,RECENTER
[13:19:07] TUNE,Y,RECENTERED,ERROR,3
[13:19:08] TUNE,Y,PID_TEST,KP,0.100,KI,0.240,KD,0.002,STEP,36.0,MAXRPM,8.0,FFG,0.032,FFMAX,4.0,ILIM,12.0,LISCALE,0.15
[13:19:15] TUNE,Y,RESULT,MODE,PID,KP,0.100,KI,0.240,KD,0.002,SCORE,137.066
[13:19:15] TUNE,Y,RECENTER
[13:19:15] TUNE,Y,RECENTERED,ERROR,-1
[13:19:15] TUNE,Y,PID_TEST,KP,0.100,KI,0.240,KD,0.002,STEP,36.0,MAXRPM,8.0,FFG,0.032,FFMAX,4.0,ILIM,12.0,LISCALE,0.15
[13:19:22] TUNE,Y,RESULT,MODE,PID,KP,0.100,KI,0.240,KD,0.002,SCORE,167.542
[13:19:23] TUNE,Y,RECENTER
[13:19:23] TUNE,Y,RECENTERED,ERROR,-2
[13:19:23] TUNE,Y,COMPLETE,KP,0.100,KI,0.240,KD,0.003,SCORE,141.671,TESTS,3
[13:19:23] TUNE,FOLLOW,BEGIN,MODE,FOLLOW_CHAMPIONSHIP,COUNT,5
[13:19:23] TUNE,X,RECENTER
[13:19:23] TUNE,X,RECENTERED,ERROR,1
[13:19:23] TUNE,X,FOLLOW_TEST,KP,0.160,KI,0.435,KD,0.003,STEP,60.0,MAXRPM,12.0,FFG,0.032,FFMAX,4.0,ILIM,12.0,LISCALE,0.15
[13:19:30] TUNE,X,RESULT,MODE,FOLLOW,KP,0.160,KI,0.435,KD,0.003,SCORE,409.842
[13:19:31] TUNE,Y,RECENTER
[13:19:31] TUNE,Y,RECENTERED,ERROR,-1
[13:19:31] TUNE,Y,FOLLOW_TEST,KP,0.100,KI,0.240,KD,0.003,STEP,36.0,MAXRPM,8.0,FFG,0.032,FFMAX,4.0,ILIM,12.0,LISCALE,0.15
[13:19:38] TUNE,Y,RESULT,MODE,FOLLOW,KP,0.100,KI,0.240,KD,0.003,SCORE,131.570
[13:19:39] TUNE,FOLLOW,RESULT,MODE,FOLLOW,KP,0.000,KI,0.000,KD,0.000,FFG,0.032,FFMAX,4.0,ILIM,12.0,LISCALE,0.15,SCORE,541.412
[13:19:39] TUNE,X,RECENTER
[13:19:39] TUNE,X,RECENTERED,ERROR,0
[13:19:39] TUNE,X,FOLLOW_TEST,KP,0.160,KI,0.435,KD,0.003,STEP,60.0,MAXRPM,12.0,FFG,0.030,FFMAX,4.0,ILIM,11.0,LISCALE,0.14
[13:19:46] TUNE,X,RESULT,MODE,FOLLOW,KP,0.160,KI,0.435,KD,0.003,SCORE,403.896
[13:19:47] TUNE,Y,RECENTER
[13:19:47] TUNE,Y,RECENTERED,ERROR,1
[13:19:47] TUNE,Y,FOLLOW_TEST,KP,0.100,KI,0.240,KD,0.003,STEP,36.0,MAXRPM,8.0,FFG,0.030,FFMAX,4.0,ILIM,11.0,LISCALE,0.14
[13:19:54] TUNE,Y,RESULT,MODE,FOLLOW,KP,0.100,KI,0.240,KD,0.003,SCORE,128.018
[13:19:54] TUNE,FOLLOW,RESULT,MODE,FOLLOW,KP,0.000,KI,0.000,KD,0.000,FFG,0.030,FFMAX,4.0,ILIM,11.0,LISCALE,0.14,SCORE,531.915
[13:19:54] TUNE,X,RECENTER
[13:19:55] TUNE,X,RECENTERED,ERROR,-1
[13:19:55] TUNE,X,FOLLOW_TEST,KP,0.160,KI,0.435,KD,0.003,STEP,60.0,MAXRPM,12.0,FFG,0.034,FFMAX,4.5,ILIM,12.0,LISCALE,0.18
[13:20:02] TUNE,X,RESULT,MODE,FOLLOW,KP,0.160,KI,0.435,KD,0.003,SCORE,389.032
[13:20:02] TUNE,Y,RECENTER
[13:20:02] TUNE,Y,RECENTERED,ERROR,2
[13:20:02] TUNE,Y,FOLLOW_TEST,KP,0.100,KI,0.240,KD,0.003,STEP,36.0,MAXRPM,8.0,FFG,0.034,FFMAX,4.5,ILIM,12.0,LISCALE,0.18
[13:20:10] TUNE,Y,RESULT,MODE,FOLLOW,KP,0.100,KI,0.240,KD,0.003,SCORE,148.844
[13:20:10] TUNE,FOLLOW,RESULT,MODE,FOLLOW,KP,0.000,KI,0.000,KD,0.000,FFG,0.034,FFMAX,4.5,ILIM,12.0,LISCALE,0.18,SCORE,537.876
[13:20:10] TUNE,X,RECENTER
[13:20:10] TUNE,X,RECENTERED,ERROR,3
[13:20:10] TUNE,X,FOLLOW_TEST,KP,0.160,KI,0.435,KD,0.003,STEP,60.0,MAXRPM,12.0,FFG,0.038,FFMAX,5.0,ILIM,13.0,LISCALE,0.20
[13:20:18] TUNE,X,RESULT,MODE,FOLLOW,KP,0.160,KI,0.435,KD,0.003,SCORE,379.222
[13:20:18] TUNE,Y,RECENTER
[13:20:18] TUNE,Y,RECENTERED,ERROR,0
[13:20:18] TUNE,Y,FOLLOW_TEST,KP,0.100,KI,0.240,KD,0.003,STEP,36.0,MAXRPM,8.0,FFG,0.038,FFMAX,5.0,ILIM,13.0,LISCALE,0.20
[13:20:26] TUNE,Y,RESULT,MODE,FOLLOW,KP,0.100,KI,0.240,KD,0.003,SCORE,165.468
[13:20:26] TUNE,FOLLOW,RESULT,MODE,FOLLOW,KP,0.000,KI,0.000,KD,0.000,FFG,0.038,FFMAX,5.0,ILIM,13.0,LISCALE,0.20,SCORE,544.691
[13:20:26] TUNE,X,RECENTER
[13:20:26] TUNE,X,RECENTERED,ERROR,-2
[13:20:26] TUNE,X,FOLLOW_TEST,KP,0.160,KI,0.435,KD,0.003,STEP,60.0,MAXRPM,12.0,FFG,0.042,FFMAX,5.0,ILIM,13.0,LISCALE,0.22
[13:20:33] TUNE,X,RESULT,MODE,FOLLOW,KP,0.160,KI,0.435,KD,0.003,SCORE,421.011
[13:20:34] TUNE,Y,RECENTER
[13:20:34] TUNE,Y,RECENTERED,ERROR,-2
[13:20:34] TUNE,Y,FOLLOW_TEST,KP,0.100,KI,0.240,KD,0.003,STEP,36.0,MAXRPM,8.0,FFG,0.042,FFMAX,5.0,ILIM,13.0,LISCALE,0.22
[13:20:41] TUNE,Y,RESULT,MODE,FOLLOW,KP,0.100,KI,0.240,KD,0.003,SCORE,170.749
[13:20:42] TUNE,FOLLOW,RESULT,MODE,FOLLOW,KP,0.000,KI,0.000,KD,0.000,FFG,0.042,FFMAX,5.0,ILIM,13.0,LISCALE,0.22,SCORE,591.760
[13:20:42] TUNE,FOLLOW,FINAL,COUNT,2,REPEATS,2
[13:20:42] TUNE,X,RECENTER
[13:20:42] TUNE,X,RECENTERED,ERROR,3
[13:20:42] TUNE,X,FOLLOW_TEST,KP,0.160,KI,0.435,KD,0.003,STEP,60.0,MAXRPM,12.0,FFG,0.030,FFMAX,4.0,ILIM,11.0,LISCALE,0.14
[13:20:49] TUNE,X,RESULT,MODE,FOLLOW,KP,0.160,KI,0.435,KD,0.003,SCORE,411.602
[13:20:49] TUNE,Y,RECENTER
[13:20:50] TUNE,Y,RECENTERED,ERROR,1
[13:20:50] TUNE,Y,FOLLOW_TEST,KP,0.100,KI,0.240,KD,0.003,STEP,36.0,MAXRPM,8.0,FFG,0.030,FFMAX,4.0,ILIM,11.0,LISCALE,0.14
[13:20:57] TUNE,Y,RESULT,MODE,FOLLOW,KP,0.100,KI,0.240,KD,0.003,SCORE,153.543
[13:20:57] TUNE,FOLLOW,RESULT,MODE,FOLLOW,KP,0.000,KI,0.000,KD,0.000,FFG,0.030,FFMAX,4.0,ILIM,11.0,LISCALE,0.14,SCORE,554.345
[13:20:57] TUNE,X,RECENTER
[13:20:58] TUNE,X,RECENTERED,ERROR,-2
[13:20:58] TUNE,X,FOLLOW_TEST,KP,0.160,KI,0.435,KD,0.003,STEP,60.0,MAXRPM,12.0,FFG,0.034,FFMAX,4.5,ILIM,12.0,LISCALE,0.18
[13:21:05] TUNE,X,RESULT,MODE,FOLLOW,KP,0.160,KI,0.435,KD,0.003,SCORE,312.746
[13:21:05] TUNE,Y,RECENTER
[13:21:05] TUNE,Y,RECENTERED,ERROR,-1
[13:21:05] TUNE,Y,FOLLOW_TEST,KP,0.100,KI,0.240,KD,0.003,STEP,36.0,MAXRPM,8.0,FFG,0.034,FFMAX,4.5,ILIM,12.0,LISCALE,0.18
[13:21:13] TUNE,Y,RESULT,MODE,FOLLOW,KP,0.100,KI,0.240,KD,0.003,SCORE,167.521
[13:21:13] TUNE,FOLLOW,RESULT,MODE,FOLLOW,KP,0.000,KI,0.000,KD,0.000,FFG,0.034,FFMAX,4.5,ILIM,12.0,LISCALE,0.18,SCORE,519.153
[13:21:13] TUNE,FOLLOW,COMPLETE,FFG,0.034,FFMAX,4.5,ILIM,12.0,LISCALE,0.18,SCORE,519.153,TESTS,2
[13:21:14] TUNE,X,RECENTER
[13:21:14] TUNE,X,RECENTERED,ERROR,-2
[13:21:14] TUNE,X,VERIFY_TEST,KP,0.160,KI,0.435,KD,0.003,STEP,60.0,MAXRPM,12.0,FFG,0.034,FFMAX,4.5,ILIM,12.0,LISCALE,0.18
[13:21:21] TUNE,X,RESULT,MODE,VERIFY,KP,0.160,KI,0.435,KD,0.003,SCORE,329.085
[13:21:22] TUNE,Y,RECENTER
[13:21:22] TUNE,Y,RECENTERED,ERROR,2
[13:21:22] TUNE,Y,VERIFY_TEST,KP,0.100,KI,0.240,KD,0.003,STEP,36.0,MAXRPM,8.0,FFG,0.034,FFMAX,4.5,ILIM,12.0,LISCALE,0.18
[13:21:29] TUNE,Y,RESULT,MODE,VERIFY,KP,0.100,KI,0.240,KD,0.003,SCORE,161.121
[13:21:29] TUNE,XY,FINAL_RECENTER
[13:21:30] TUNE,XY,RECENTERED,XERR,-3,YERR,3
[13:21:30] OK,TRACK_ON
[13:21:30] AUTOTUNE_COMPLETE,XKP,0.160,XKI,0.435,XKD,0.003,XPOL,1,XSCORE,329.085,YKP,0.100,YKI,0.240,YKD,0.003,YPOL,1,YSCORE,161.121,FFG,0.034,FFMAX,4.5,ILIM,12.0,LISCALE,0.18,FSCORE,519.153
[13:21:30] 最佳参数已保存：F:\k230gc\pidtest\host\logs\20260707_125902\best_params.json
[13:21:30] 旧冠军使用旧评分体系；本轮已建立首个完整PID冠军
[13:23:53] TX > STOP
[13:23:53] OK,STOP
[13:23:53] TX > STOP
[13:23:53] OK,STOP
[13:23:58] SERIAL_ERROR,GetOverlappedResult failed (PermissionError(13, '拒绝访问。', None, 5))
[13:23:58] SERIAL_ERROR,ClearCommError failed (PermissionError(13, '拒绝访问。', None, 5))
[13:23:58] SERIAL_ERROR,ClearCommError failed (PermissionError(13, '拒绝访问。', None, 5))
[13:23:59] SERIAL_ERROR,ClearCommError failed (PermissionError(13, '拒绝访问。', None, 5))
[13:23:59] SERIAL_ERROR,ClearCommError failed (PermissionError(13, '拒绝访问。', None, 5))
[13:23:59] SERIAL_ERROR,ClearCommError failed (PermissionError(13, '拒绝访问。', None, 5))
[13:23:59] SERIAL_ERROR,ClearCommError failed (PermissionError(13, '拒绝访问。', None, 5))
[13:23:59] SERIAL_ERROR,ClearCommError failed (PermissionError(13, '拒绝访问。', None, 5))
[13:24:00] SERIAL_ERROR,ClearCommError failed (PermissionError(13, '拒绝访问。', None, 5))
[13:24:00] SERIAL_ERROR,ClearCommError failed (PermissionError(13, '拒绝访问。', None, 5))
[13:24:00] SERIAL_ERROR,ClearCommError failed (PermissionError(13, '拒绝访问。', None, 5))
[13:24:00] SERIAL_ERROR,ClearCommError failed (PermissionError(13, '拒绝访问。', None, 5))
[13:24:00] SERIAL_ERROR,ClearCommError failed (PermissionError(13, '拒绝访问。', None, 5))
[13:24:00] SERIAL_ERROR,ClearCommError failed (PermissionError(13, '拒绝访问。', None, 5))
[13:24:01] SERIAL_ERROR,ClearCommError failed (PermissionError(13, '拒绝访问。', None, 5))
[13:24:01] SERIAL_ERROR,ClearCommError failed (PermissionError(13, '拒绝访问。', None, 5))
[13:24:01] SERIAL_ERROR,ClearCommError failed (PermissionError(13, '拒绝访问。', None, 5))
[13:24:01] SERIAL_ERROR,ClearCommError failed (PermissionError(13, '拒绝访问。', None, 5))
[13:24:01] SERIAL_ERROR,ClearCommError failed (PermissionError(13, '拒绝访问。', None, 5))
[13:24:02] SERIAL_ERROR,ClearCommError failed (PermissionError(13, '拒绝访问。', None, 5))
[13:24:02] SERIAL_ERROR,ClearCommError failed (PermissionError(13, '拒绝访问。', None, 5))
[13:24:02] SERIAL_ERROR,ClearCommError failed (PermissionError(13, '拒绝访问。', None, 5))
[13:24:02] SERIAL_ERROR,ClearCommError failed (PermissionError(13, '拒绝访问。', None, 5))
[13:24:03] SERIAL_ERROR,ClearCommError failed (PermissionError(13, '拒绝访问。', None, 5))
[13:24:03] SERIAL_ERROR,ClearCommError failed (PermissionError(13, '拒绝访问。', None, 5))
[13:24:03] SERIAL_ERROR,ClearCommError failed (PermissionError(13, '拒绝访问。', None, 5))
[13:24:03] SERIAL_ERROR,ClearCommError failed (PermissionError(13, '拒绝访问。', None, 5))
[13:24:03] SERIAL_ERROR,ClearCommError failed (PermissionError(13, '拒绝访问。', None, 5))
[13:24:04] SERIAL_ERROR,ClearCommError failed (PermissionError(13, '拒绝访问。', None, 5))
[13:24:04] SERIAL_ERROR,ClearCommError failed (PermissionError(13, '拒绝访问。', None, 5))
[13:24:04] SERIAL_ERROR,ClearCommError failed (PermissionError(13, '拒绝访问。', None, 5))
[13:24:04] SERIAL_ERROR,ClearCommError failed (PermissionError(13, '拒绝访问。', None, 5))
[13:24:04] SERIAL_ERROR,ClearCommError failed (PermissionError(13, '拒绝访问。', None, 5))
[13:24:05] SERIAL_ERROR,ClearCommError failed (PermissionError(13, '拒绝访问。', None, 5))
[13:24:05] SERIAL_ERROR,ClearCommError failed (PermissionError(13, '拒绝访问。', None, 5))
[13:24:05] SERIAL_ERROR,ClearCommError failed (PermissionError(13, '拒绝访问。', None, 5))
[13:24:05] SERIAL_ERROR,ClearCommError failed (PermissionError(13, '拒绝访问。', None, 5))
[13:24:05] SERIAL_ERROR,ClearCommError failed (PermissionError(13, '拒绝访问。', None, 5))
[13:24:06] SERIAL_ERROR,ClearCommError failed (PermissionError(13, '拒绝访问。', None, 5))
[13:24:06] SERIAL_ERROR,ClearCommError failed (PermissionError(13, '拒绝访问。', None, 5))
[13:24:06] SERIAL_ERROR,ClearCommError failed (PermissionError(13, '拒绝访问。', None, 5))
[13:24:06] SERIAL_ERROR,ClearCommError failed (PermissionError(13, '拒绝访问。', None, 5))
[13:24:06] SERIAL_ERROR,ClearCommError failed (PermissionError(13, '拒绝访问。', None, 5))
[13:24:07] SERIAL_ERROR,ClearCommError failed (PermissionError(13, '拒绝访问。', None, 5))
[13:24:07] SERIAL_ERROR,ClearCommError failed (PermissionError(13, '拒绝访问。', None, 5))
[13:24:07] SERIAL_ERROR,ClearCommError failed (PermissionError(13, '拒绝访问。', None, 5))
[13:24:07] SERIAL_ERROR,ClearCommError failed (PermissionError(13, '拒绝访问。', None, 5))
[13:24:07] SERIAL_ERROR,ClearCommError failed (PermissionError(13, '拒绝访问。', None, 5))
[13:24:08] SERIAL_ERROR,ClearCommError failed (PermissionError(13, '拒绝访问。', None, 5))
[13:24:08] SERIAL_ERROR,ClearCommError failed (PermissionError(13, '拒绝访问。', None, 5))
[13:24:08] SERIAL_ERROR,ClearCommError failed (PermissionError(13, '拒绝访问。', None, 5))
[13:24:08] SERIAL_ERROR,ClearCommError failed (PermissionError(13, '拒绝访问。', None, 5))
[13:24:08] SERIAL_ERROR,ClearCommError failed (PermissionError(13, '拒绝访问。', None, 5))
[13:24:09] SERIAL_ERROR,ClearCommError failed (PermissionError(13, '拒绝访问。', None, 5))
[13:24:09] SERIAL_ERROR,ClearCommError failed (PermissionError(13, '拒绝访问。', None, 5))
[13:24:09] SERIAL_ERROR,ClearCommError failed (PermissionError(13, '拒绝访问。', None, 5))
[13:24:09] SERIAL_ERROR,ClearCommError failed (PermissionError(13, '拒绝访问。', None, 5))
[13:24:09] SERIAL_ERROR,ClearCommError failed (PermissionError(13, '拒绝访问。', None, 5))
[13:24:10] SERIAL_ERROR,ClearCommError failed (PermissionError(13, '拒绝访问。', None, 5))
[13:24:10] SERIAL_ERROR,ClearCommError failed (PermissionError(13, '拒绝访问。', None, 5))
[13:24:10] SERIAL_ERROR,ClearCommError failed (PermissionError(13, '拒绝访问。', None, 5))
[13:24:10] SERIAL_ERROR,ClearCommError failed (PermissionError(13, '拒绝访问。', None, 5))
[13:24:10] SERIAL_ERROR,ClearCommError failed (PermissionError(13, '拒绝访问。', None, 5))
[13:24:11] SERIAL_ERROR,ClearCommError failed (PermissionError(13, '拒绝访问。', None, 5))
[13:24:11] SERIAL_ERROR,ClearCommError failed (PermissionError(13, '拒绝访问。', None, 5))
[13:24:11] SERIAL_ERROR,ClearCommError failed (PermissionError(13, '拒绝访问。', None, 5))
[13:24:11] SERIAL_ERROR,ClearCommError failed (PermissionError(13, '拒绝访问。', None, 5))
[13:24:11] SERIAL_ERROR,ClearCommError failed (PermissionError(13, '拒绝访问。', None, 5))
[13:24:12] SERIAL_ERROR,ClearCommError failed (PermissionError(13, '拒绝访问。', None, 5))
[13:24:12] SERIAL_ERROR,ClearCommError failed (PermissionError(13, '拒绝访问。', None, 5))
[13:24:12] SERIAL_ERROR,ClearCommError failed (PermissionError(13, '拒绝访问。', None, 5))
[13:24:12] SERIAL_ERROR,ClearCommError failed (PermissionError(13, '拒绝访问。', None, 5))
[13:24:12] SERIAL_ERROR,ClearCommError failed (PermissionError(13, '拒绝访问。', None, 5))
[13:24:13] SERIAL_ERROR,ClearCommError failed (PermissionError(13, '拒绝访问。', None, 5))
[13:24:13] SERIAL_ERROR,ClearCommError failed (PermissionError(13, '拒绝访问。', None, 5))
[13:24:13] SERIAL_ERROR,ClearCommError failed (PermissionError(13, '拒绝访问。', None, 5))
[13:24:13] SERIAL_ERROR,ClearCommError failed (PermissionError(13, '拒绝访问。', None, 5))
[13:24:13] SERIAL_ERROR,ClearCommError failed (PermissionError(13, '拒绝访问。', None, 5))
[13:24:14] SERIAL_ERROR,ClearCommError failed (PermissionError(13, '拒绝访问。', None, 5))
[13:24:14] SERIAL_ERROR,ClearCommError failed (PermissionError(13, '拒绝访问。', None, 5))
[13:24:14] SERIAL_ERROR,ClearCommError failed (PermissionError(13, '拒绝访问。', None, 5))
[13:24:14] SERIAL_ERROR,ClearCommError failed (PermissionError(13, '拒绝访问。', None, 5))
[13:24:14] SERIAL_ERROR,ClearCommError failed (PermissionError(13, '拒绝访问。', None, 5))
[13:24:15] SERIAL_ERROR,ClearCommError failed (PermissionError(13, '拒绝访问。', None, 5))
[13:24:15] SERIAL_ERROR,ClearCommError failed (PermissionError(13, '拒绝访问。', None, 5))
[13:24:15] SERIAL_ERROR,ClearCommError failed (PermissionError(13, '拒绝访问。', None, 5))
[13:24:15] SERIAL_ERROR,ClearCommError failed (PermissionError(13, '拒绝访问。', None, 5))
[13:24:15] SERIAL_ERROR,ClearCommError failed (PermissionError(13, '拒绝访问。', None, 5))
[13:24:16] SERIAL_ERROR,ClearCommError failed (PermissionError(13, '拒绝访问。', None, 5))
[13:24:16] SERIAL_ERROR,ClearCommError failed (PermissionError(13, '拒绝访问。', None, 5))
[13:24:16] SERIAL_ERROR,ClearCommError failed (PermissionError(13, '拒绝访问。', None, 5))
[13:24:16] SERIAL_ERROR,ClearCommError failed (PermissionError(13, '拒绝访问。', None, 5))
[13:24:16] SERIAL_ERROR,ClearCommError failed (PermissionError(13, '拒绝访问。', None, 5))
[13:24:17] SERIAL_ERROR,ClearCommError failed (PermissionError(13, '拒绝访问。', None, 5))
[13:24:17] SERIAL_ERROR,ClearCommError failed (PermissionError(13, '拒绝访问。', None, 5))
[13:24:17] SERIAL_ERROR,ClearCommError failed (PermissionError(13, '拒绝访问。', None, 5))
[13:24:17] SERIAL_ERROR,ClearCommError failed (PermissionError(13, '拒绝访问。', None, 5))
[13:24:17] SERIAL_ERROR,ClearCommError failed (PermissionError(13, '拒绝访问。', None, 5))
[13:24:18] SERIAL_ERROR,ClearCommError failed (PermissionError(13, '拒绝访问。', None, 5))
[13:24:18] SERIAL_ERROR,ClearCommError failed (PermissionError(13, '拒绝访问。', None, 5))
[13:24:18] SERIAL_ERROR,ClearCommError failed (PermissionError(13, '拒绝访问。', None, 5))
[13:24:18] SERIAL_ERROR,ClearCommError failed (PermissionError(13, '拒绝访问。', None, 5))
[13:24:18] SERIAL_ERROR,ClearCommError failed (PermissionError(13, '拒绝访问。', None, 5))
[13:24:19] SERIAL_ERROR,ClearCommError failed (PermissionError(13, '拒绝访问。', None, 5))
[13:24:19] SERIAL_ERROR,ClearCommError failed (PermissionError(13, '拒绝访问。', None, 5))
[13:24:19] SERIAL_ERROR,ClearCommError failed (PermissionError(13, '拒绝访问。', None, 5))
[13:24:19] SERIAL_ERROR,ClearCommError failed (PermissionError(13, '拒绝访问。', None, 5))
[13:24:19] SERIAL_ERROR,ClearCommError failed (PermissionError(13, '拒绝访问。', None, 5))
[13:24:20] SERIAL_ERROR,ClearCommError failed (PermissionError(13, '拒绝访问。', None, 5))
[13:24:20] SERIAL_ERROR,ClearCommError failed (PermissionError(13, '拒绝访问。', None, 5))
[13:24:20] SERIAL_ERROR,ClearCommError failed (PermissionError(13, '拒绝访问。', None, 5))
[13:24:20] SERIAL_ERROR,ClearCommError failed (PermissionError(13, '拒绝访问。', None, 5))
[13:24:20] SERIAL_ERROR,ClearCommError failed (PermissionError(13, '拒绝访问。', None, 5))
[13:24:21] SERIAL_ERROR,ClearCommError failed (PermissionError(13, '拒绝访问。', None, 5))
[13:24:21] SERIAL_ERROR,ClearCommError failed (PermissionError(13, '拒绝访问。', None, 5))
[13:24:21] SERIAL_ERROR,ClearCommError failed (PermissionError(13, '拒绝访问。', None, 5))
[13:24:21] SERIAL_ERROR,ClearCommError failed (PermissionError(13, '拒绝访问。', None, 5))
[13:24:21] SERIAL_ERROR,ClearCommError failed (PermissionError(13, '拒绝访问。', None, 5))
[13:24:22] SERIAL_ERROR,ClearCommError failed (PermissionError(13, '拒绝访问。', None, 5))
[13:24:22] SERIAL_ERROR,ClearCommError failed (PermissionError(13, '拒绝访问。', None, 5))
[13:24:22] SERIAL_ERROR,ClearCommError failed (PermissionError(13, '拒绝访问。', None, 5))
[13:24:22] SERIAL_ERROR,ClearCommError failed (PermissionError(13, '拒绝访问。', None, 5))
[13:24:22] SERIAL_ERROR,ClearCommError failed (PermissionError(13, '拒绝访问。', None, 5))
[13:24:23] SERIAL_ERROR,ClearCommError failed (PermissionError(13, '拒绝访问。', None, 5))
[13:24:23] SERIAL_ERROR,ClearCommError failed (PermissionError(13, '拒绝访问。', None, 5))
[13:24:23] SERIAL_ERROR,ClearCommError failed (PermissionError(13, '拒绝访问。', None, 5))
[13:24:23] SERIAL_ERROR,ClearCommError failed (PermissionError(13, '拒绝访问。', None, 5))
[13:24:23] SERIAL_ERROR,ClearCommError failed (PermissionError(13, '拒绝访问。', None, 5))
[13:24:24] SERIAL_ERROR,ClearCommError failed (PermissionError(13, '拒绝访问。', None, 5))
[13:24:24] SERIAL_ERROR,ClearCommError failed (PermissionError(13, '拒绝访问。', None, 5))
[13:24:24] SERIAL_ERROR,ClearCommError failed (PermissionError(13, '拒绝访问。', None, 5))
[13:24:24] SERIAL_ERROR,ClearCommError failed (PermissionError(13, '拒绝访问。', None, 5))
[13:24:24] SERIAL_ERROR,ClearCommError failed (PermissionError(13, '拒绝访问。', None, 5))
[13:24:25] SERIAL_ERROR,ClearCommError failed (PermissionError(13, '拒绝访问。', None, 5))
[13:24:25] SERIAL_ERROR,ClearCommError failed (PermissionError(13, '拒绝访问。', None, 5))
[13:24:25] SERIAL_ERROR,ClearCommError failed (PermissionError(13, '拒绝访问。', None, 5))
[13:24:25] SERIAL_ERROR,ClearCommError failed (PermissionError(13, '拒绝访问。', None, 5))
[13:24:25] SERIAL_ERROR,ClearCommError failed (PermissionError(13, '拒绝访问。', None, 5))
[13:24:26] SERIAL_ERROR,ClearCommError failed (PermissionError(13, '拒绝访问。', None, 5))
[13:24:26] SERIAL_ERROR,ClearCommError failed (PermissionError(13, '拒绝访问。', None, 5))
[13:24:26] SERIAL_ERROR,ClearCommError failed (PermissionError(13, '拒绝访问。', None, 5))
[13:24:26] SERIAL_ERROR,ClearCommError failed (PermissionError(13, '拒绝访问。', None, 5))
[13:24:26] SERIAL_ERROR,ClearCommError failed (PermissionError(13, '拒绝访问。', None, 5))
[13:24:27] SERIAL_ERROR,ClearCommError failed (PermissionError(13, '拒绝访问。', None, 5))
[13:24:27] SERIAL_ERROR,ClearCommError failed (PermissionError(13, '拒绝访问。', None, 5))
[13:24:27] SERIAL_ERROR,ClearCommError failed (PermissionError(13, '拒绝访问。', None, 5))
[13:24:27] SERIAL_ERROR,ClearCommError failed (PermissionError(13, '拒绝访问。', None, 5))
[13:24:27] SERIAL_ERROR,ClearCommError failed (PermissionError(13, '拒绝访问。', None, 5))
[13:24:28] SERIAL_ERROR,ClearCommError failed (PermissionError(13, '拒绝访问。', None, 5))
[13:24:28] SERIAL_ERROR,ClearCommError failed (PermissionError(13, '拒绝访问。', None, 5))
[13:24:28] SERIAL_ERROR,ClearCommError failed (PermissionError(13, '拒绝访问。', None, 5))
