2026-07-17T18:15:07.577 TX HELLO 542057099
2026-07-17T18:15:07.712 RX HELLO,542057099,2,STBY,HIGH,ENCODER_MM_X1000,580,SAMPLE_MS,10
2026-07-17T18:15:07.713 TX STOP
2026-07-17T18:15:07.852 RX OK STOP
2026-07-17T18:15:07.852 TX PARAM
2026-07-17T18:15:08.012 RX PARAM,x1000,PROFILE,1,FLASHVER,3,GUARDVER,17,LKP,350,LKI,100,RKP,500,RKI,350,LFF,540,RFF,520,LMIN,90,RMIN,85,SYNC,500,BIAS,80,GSTART,10,LINEKP,6750,LINEKD,2000,TURNANGLE,900,TURNFAST,150,TURNSLOW,100,TURNMARGIN,300,TURNEXIT,100,TURNDIST,98
2026-07-17T18:15:08.012 TX STATUS
2026-07-17T18:15:08.143 RX STATUS,98094,IDLE,0,0,0,0,0,0,SAFE,SELECTED_LAPS,1,STBY,HIGH
2026-07-17T18:15:08.143 TX SENSOR
2026-07-17T18:15:08.273 RX SENSOR,OK,24,0,93,0,152
2026-07-17T18:15:08.273 TX SENSOR
2026-07-17T18:15:08.403 RX SENSOR,OK,24,0,93,0,152
2026-07-17T18:15:08.403 TX SENSOR
2026-07-17T18:15:08.542 RX SENSOR,OK,24,0,93,0,152
2026-07-17T18:15:08.542 TX SENSOR
2026-07-17T18:15:08.677 RX SENSOR,OK,24,0,93,0,152
2026-07-17T18:15:08.677 TX SENSOR
2026-07-17T18:15:08.803 RX SENSOR,OK,24,0,93,0,152
2026-07-17T18:15:08.803 TX IMU
2026-07-17T18:15:08.934 RX IMU,OK,-832,9138,145,VER,1,1,0,0
2026-07-17T18:15:08.934 TX STREAM TUNE
2026-07-17T18:15:09.068 RX OK STREAM TUNE
2026-07-17T18:15:09.068 TX SQUARE 120 3 542057100
2026-07-17T18:15:09.240 RX TEST START,SQUARE,120,3
2026-07-17T18:15:09.240 RX SQ,542057100,OK
2026-07-17T18:15:09.240 RX LT,20,1,1,0,0,0,24,1,0,0,0,0
2026-07-17T18:15:09.240 RX LT,40,4,4,10,0,0,24,1,0,0,0,0
2026-07-17T18:15:09.240 RX LT,60,6,6,55,0,0,24,1,0,0,0,0
2026-07-17T18:15:09.240 RX LT,80,9,9,46,0,0,24,1,0,0,0,0
2026-07-17T18:15:09.240 RX LT,100,11,11,2,0,0,24,1,0,0,0,0
2026-07-17T18:15:09.240 RX LT,120,13,13,0,0,0,24,1,0,0,0,0
2026-07-17T18:15:09.408 RX LT,140,16,16,10,43,0,24,1,0,0,0,0
2026-07-17T18:15:09.408 RX LT,160,18,18,0,2,0,24,1,1,0,0,0
2026-07-17T18:15:09.409 RX LT,180,21,21,0,0,0,24,1,2,0,0,0
2026-07-17T18:15:09.409 RX LT,200,23,23,0,0,0,24,1,3,0,0,0
2026-07-17T18:15:09.410 RX LT,220,25,25,0,0,0,24,1,4,0,0,0
2026-07-17T18:15:09.410 RX LT,240,28,28,0,0,0,24,1,4,0,0,0
2026-07-17T18:15:09.410 RX LT,260,30,30,0,0,0,24,1,5,0,0,0
2026-07-17T18:15:09.410 RX LT,280,33,33,0,0,0,24,1,5,0,0,0
2026-07-17T18:15:09.573 RX LT,300,35,35,0,0,0,24,1,5,0,0,0
2026-07-17T18:15:09.573 RX LT,320,37,37,0,0,0,24,1,5,0,0,0
2026-07-17T18:15:09.573 RX LT,340,40,40,0,0,0,24,1,6,0,0,0
2026-07-17T18:15:09.573 RX LT,360,42,42,0,43,0,24,1,6,0,0,0
2026-07-17T18:15:09.573 RX LT,380,45,45,0,2,0,24,1,6,0,0,0
2026-07-17T18:15:09.573 RX LT,400,47,47,0,0,0,24,1,6,0,0,0
2026-07-17T18:15:09.573 RX LT,420,49,49,0,0,0,24,1,6,0,0,0
2026-07-17T18:15:09.573 RX LT,440,52,52,0,0,0,24,1,7,0,0,0
2026-07-17T18:15:09.722 RX LT,460,54,54,0,0,0,24,1,7,0,0,0
2026-07-17T18:15:09.722 RX LT,480,57,57,0,0,0,24,1,8,0,0,0
2026-07-17T18:15:09.722 RX LT,500,59,59,0,0,0,24,1,8,0,0,0
2026-07-17T18:15:09.722 RX LT,520,61,61,43,0,0,24,1,9,0,0,0
2026-07-17T18:15:09.723 RX LT,540,64,64,2,0,0,24,1,9,0,0,0
2026-07-17T18:15:09.723 RX LT,560,66,66,0,10,0,24,1,10,0,0,0
2026-07-17T18:15:09.723 RX LT,580,69,69,43,0,0,24,1,10,0,0,0
2026-07-17T18:15:09.863 RX LT,600,71,71,2,10,0,24,1,10,0,0,0
2026-07-17T18:15:09.863 RX LT,620,73,73,43,44,0,24,1,11,0,0,0
2026-07-17T18:15:09.863 RX LT,640,76,76,2,46,0,24,1,11,0,0,0
2026-07-17T18:15:09.863 RX LT,660,78,78,11,46,0,24,1,12,0,0,0
2026-07-17T18:15:09.863 RX LT,680,81,81,44,46,0,24,1,12,0,0,0
2026-07-17T18:15:09.863 RX LT,700,83,83,46,13,0,24,1,13,0,0,0
2026-07-17T18:15:09.863 RX LT,720,85,85,46,55,0,24,1,14,0,0,0
2026-07-17T18:15:10.013 RX LT,740,88,88,46,57,0,24,1,15,0,0,0
2026-07-17T18:15:10.013 RX LT,760,90,90,13,57,0,24,1,15,0,0,0
2026-07-17T18:15:10.013 RX LT,780,93,93,55,101,0,24,1,16,0,0,0
2026-07-17T18:15:10.013 RX LT,800,95,95,57,60,0,24,1,17,0,0,0
2026-07-17T18:15:10.013 RX LT,820,97,97,47,69,0,24,1,19,0,0,0
2026-07-17T18:15:10.013 RX LT,840,100,100,57,113,0,24,1,21,0,0,0
2026-07-17T18:15:10.013 RX LT,860,102,102,57,72,0,24,1,23,0,0,0
2026-07-17T18:15:10.164 RX LT,880,105,105,57,113,0,24,1,25,0,0,0
2026-07-17T18:15:10.164 RX LT,900,107,107,57,115,0,24,1,27,0,0,0
2026-07-17T18:15:10.164 RX LT,920,109,109,68,115,0,24,1,29,0,0,0
2026-07-17T18:15:10.164 RX LT,940,112,112,58,159,0,24,1,31,0,0,0
2026-07-17T18:15:10.164 RX LT,960,114,114,58,118,0,24,1,35,0,0,0
2026-07-17T18:15:10.164 RX LT,980,117,117,58,127,0,24,1,39,0,0,0
2026-07-17T18:15:10.164 RX LT,1000,119,119,58,127,0,24,1,46,0,0,0
2026-07-17T18:15:10.283 RX LT,1020,120,120,58,127,0,24,1,50,0,0,0
2026-07-17T18:15:10.283 RX LT,1040,120,120,58,171,0,24,1,54,0,0,0
2026-07-17T18:15:10.283 RX LT,1060,120,120,68,173,0,24,1,58,0,0,0
2026-07-17T18:15:10.283 RX LT,1080,128,112,58,163,6,48,1,62,0,0,0
2026-07-17T18:15:10.283 RX LT,1100,144,96,68,173,6,48,1,65,0,0,0
2026-07-17T18:15:10.283 RX LT,1120,160,80,69,130,6,48,1,68,0,0,0
2026-07-17T18:15:10.433 RX LT,1140,160,80,69,171,6,48,1,70,0,0,0
2026-07-17T18:15:10.433 RX LT,1160,160,80,113,162,6,48,1,71,0,0,0
2026-07-17T18:15:10.433 RX LT,1180,160,80,115,173,6,48,1,72,0,0,0
2026-07-17T18:15:10.433 RX LT,1200,160,80,115,163,6,48,1,72,0,0,0
2026-07-17T18:15:10.433 RX LT,1220,160,80,115,129,6,48,1,71,0,0,0
2026-07-17T18:15:10.433 RX LT,1240,160,80,159,171,6,48,1,70,0,0,0
2026-07-17T18:15:10.433 RX LT,1260,160,80,118,162,6,48,1,68,0,0,0
2026-07-17T18:15:10.561 RX LT,1280,160,80,127,129,6,48,1,66,0,0,0
2026-07-17T18:15:10.561 RX LT,1300,160,80,127,127,6,48,1,63,0,0,0
2026-07-17T18:15:10.561 RX LT,1320,160,80,127,127,6,48,1,61,0,0,0
2026-07-17T18:15:10.561 RX LT,1340,160,80,127,171,6,48,1,58,0,0,0
2026-07-17T18:15:10.561 RX LT,1360,160,80,171,162,6,48,1,55,0,0,0
2026-07-17T18:15:10.561 RX LT,1380,160,80,162,162,6,48,1,52,0,0,0
2026-07-17T18:15:10.689 RX LT,1400,160,80,173,162,6,48,1,48,0,0,0
2026-07-17T18:15:10.689 RX LT,1420,160,80,173,162,6,48,1,45,0,0,0
2026-07-17T18:15:10.689 RX LT,1440,160,80,130,162,6,48,1,39,0,0,0
2026-07-17T18:15:10.689 RX LT,1460,160,80,214,162,6,48,1,35,0,0,0
2026-07-17T18:15:10.690 RX LT,1480,166,14,176,162,23,96,1,31,0,0,0
2026-07-17T18:15:10.690 RX LT,1500,171,9,130,75,23,96,1,27,0,0,0
2026-07-17T18:15:10.834 RX LT,1520,171,9,182,146,23,96,1,22,0,0,0
2026-07-17T18:15:10.834 RX LT,1540,171,9,174,107,23,96,1,16,0,0,0
2026-07-17T18:15:10.834 RX LT,1560,171,9,217,115,23,96,1,10,0,0,0
2026-07-17T18:15:10.834 RX LT,1580,171,9,176,72,23,96,1,3,0,0,0
2026-07-17T18:15:10.835 RX LT,1600,171,9,174,102,23,96,1,-4,0,0,0
2026-07-17T18:15:10.835 RX LT,1620,171,9,184,60,23,96,1,-12,0,0,0
2026-07-17T18:15:10.835 RX LT,1640,171,57,174,69,11,32,1,-20,0,0,0
2026-07-17T18:15:10.953 RX LT,1660,171,57,174,113,11,32,1,-31,0,0,0
2026-07-17T18:15:10.953 RX LT,1680,171,57,184,104,11,32,1,-38,0,0,0
2026-07-17T18:15:10.953 RX LT,1700,161,79,185,104,6,48,1,-45,0,0,0
2026-07-17T18:15:10.953 RX LT,1720,160,80,174,60,6,48,1,-48,0,0,0
2026-07-17T18:15:10.953 RX LT,1740,160,80,184,112,6,48,1,-54,0,0,0
2026-07-17T18:15:10.953 RX LT,1760,160,80,185,72,6,48,1,-59,0,0,0
2026-07-17T18:15:11.083 RX LT,1780,160,80,174,113,6,48,1,-63,0,0,0
2026-07-17T18:15:11.083 RX LT,1800,160,80,163,104,6,48,1,-66,0,0,0
2026-07-17T18:15:11.083 RX LT,1820,160,80,173,104,6,48,1,-69,0,0,0
2026-07-17T18:15:11.083 RX LT,1840,160,80,184,126,6,48,1,-71,0,0,0
2026-07-17T18:15:11.083 RX LT,1860,160,80,174,73,6,48,1,-74,0,0,0
2026-07-17T18:15:11.083 RX LT,1880,160,80,217,113,6,48,1,-78,0,0,0
2026-07-17T18:15:11.233 RX LT,1900,160,80,176,115,6,48,1,-81,0,0,0
2026-07-17T18:15:11.233 RX LT,1920,160,80,185,115,6,48,1,-84,0,0,0
2026-07-17T18:15:11.233 RX LT,1940,160,80,218,115,6,48,1,-87,0,0,0
2026-07-17T18:15:11.233 RX LT,1960,160,80,176,115,6,48,1,-91,0,0,0
2026-07-17T18:15:11.242 RX LT,1980,160,80,228,115,6,48,1,-94,0,0,0
2026-07-17T18:15:11.242 RX LT,2000,160,80,220,115,6,48,1,-98,0,0,0
2026-07-17T18:15:11.242 RX LT,2020,160,80,220,115,6,48,1,-101,0,0,0
2026-07-17T18:15:11.358 RX LT,2040,160,80,220,115,6,48,1,-105,0,0,0
2026-07-17T18:15:11.358 RX LT,2060,160,80,187,115,6,48,1,-108,0,0,0
2026-07-17T18:15:11.358 RX LT,2080,150,90,185,126,3,56,1,-111,0,0,0
2026-07-17T18:15:11.358 RX LT,2100,135,105,229,116,0,24,1,-116,0,0,0
2026-07-17T18:15:11.359 RX LT,2120,120,120,220,116,0,24,1,-120,0,0,0
2026-07-17T18:15:11.359 RX LT,2140,120,120,187,116,0,24,1,-123,0,0,0
2026-07-17T18:15:11.485 RX LT,2160,120,120,185,126,0,24,1,-125,0,0,0
2026-07-17T18:15:11.485 RX LT,2180,120,120,185,116,0,24,1,-127,0,0,0
2026-07-17T18:15:11.485 RX LT,2200,120,120,185,126,0,24,1,-129,0,0,0
2026-07-17T18:15:11.485 RX LT,2220,115,125,185,127,-3,28,1,-130,0,0,0
2026-07-17T18:15:11.485 RX LT,2240,105,135,218,160,-3,28,1,-132,0,0,0
2026-07-17T18:15:11.486 RX LT,2260,97,143,176,162,-6,12,1,-133,0,0,0
2026-07-17T18:15:11.583 RX LT,2280,81,159,185,162,-6,12,1,-133,0,0,0
2026-07-17T18:15:11.583 RX LT,2300,80,160,174,173,-6,12,1,-133,0,0,0
2026-07-17T18:15:11.583 RX LT,2320,80,160,174,163,-6,12,1,-132,0,0,0
2026-07-17T18:15:11.592 RX LT,2340,80,160,174,173,-6,12,1,-131,0,0,0
2026-07-17T18:15:11.592 RX LT,2360,80,160,163,163,-6,12,1,-130,0,0,0
2026-07-17T18:15:11.592 RX LT,2380,80,160,184,173,-6,12,1,-128,0,0,0
2026-07-17T18:15:11.718 RX LT,2400,80,160,131,173,-6,12,1,-126,0,0,0
2026-07-17T18:15:11.718 RX LT,2420,54,170,171,173,-12,14,1,-124,0,0,0
2026-07-17T18:15:11.718 RX LT,2440,29,171,173,173,-18,6,1,-120,0,0,0
2026-07-17T18:15:11.718 RX LT,2460,29,171,119,184,-18,6,1,-116,0,0,0
2026-07-17T18:15:11.718 RX LT,2480,29,171,116,174,-18,6,1,-112,0,0,0
2026-07-17T18:15:11.842 RX LT,2500,29,171,126,174,-18,6,1,-109,0,0,0
2026-07-17T18:15:11.842 RX LT,2520,29,171,116,217,-18,6,1,-100,0,0,0
2026-07-17T18:15:11.843 RX LT,2540,29,171,126,176,-18,6,1,-96,0,0,0
2026-07-17T18:15:11.843 RX LT,2560,29,171,116,174,-18,6,1,-91,0,0,0
2026-07-17T18:15:11.843 RX LT,2580,29,171,105,184,-18,6,1,-85,0,0,0
2026-07-17T18:15:11.843 RX LT,2600,29,171,115,185,-18,6,1,-79,0,0,0
2026-07-17T18:15:11.843 RX LT,2620,29,171,115,218,-18,6,1,-72,0,0,0
2026-07-17T18:15:11.988 RX LT,2640,29,171,115,220,-18,6,1,-66,0,0,0
2026-07-17T18:15:11.988 RX LT,2660,29,171,105,220,-18,6,1,-59,0,0,0
2026-07-17T18:15:11.988 RX LT,2680,29,171,104,220,-18,6,1,-53,0,0,0
2026-07-17T18:15:11.988 RX LT,2700,29,171,104,176,-18,6,1,-47,0,0,0
2026-07-17T18:15:11.988 RX LT,2720,29,171,60,228,-18,6,1,-41,0,0,0
2026-07-17T18:15:11.988 RX LT,2740,29,171,69,220,-18,6,1,-34,0,0,0
2026-07-17T18:15:12.113 RX LT,2760,29,171,69,220,-18,6,1,-26,0,0,0
2026-07-17T18:15:12.113 RX LT,2780,29,171,102,220,-18,6,1,-21,0,0,0
2026-07-17T18:15:12.113 RX LT,2800,29,171,60,187,-18,6,1,-15,0,0,0
2026-07-17T18:15:12.113 RX LT,2820,57,171,58,229,-11,4,1,-8,0,0,0
2026-07-17T18:15:12.114 RX LT,2840,79,161,68,220,-6,12,1,-3,0,0,0
2026-07-17T18:15:12.114 RX LT,2860,80,160,58,220,-6,12,1,3,0,0,0
2026-07-17T18:15:12.233 RX LT,2880,80,160,68,220,-6,12,1,8,0,0,0
2026-07-17T18:15:12.233 RX LT,2900,80,160,102,187,-6,12,1,12,0,0,0
2026-07-17T18:15:12.233 RX LT,2920,80,160,60,218,-6,12,1,16,0,0,0
2026-07-17T18:15:12.233 RX LT,2940,80,160,69,231,-6,12,1,20,0,0,0
2026-07-17T18:15:12.233 RX LT,2960,80,160,102,221,-6,12,1,25,0,0,0
2026-07-17T18:15:12.242 RX LT,2980,80,160,60,220,-6,12,1,29,0,0,0
2026-07-17T18:15:12.383 RX LT,3000,80,160,112,220,-6,12,1,32,0,0,0
2026-07-17T18:15:12.383 RX LT,3020,80,160,61,176,-6,12,1,35,0,0,0
2026-07-17T18:15:12.383 RX LT,3040,90,150,101,185,-3,28,1,37,0,0,0
2026-07-17T18:15:12.383 RX LT,3060,110,130,104,218,0,24,1,39,0,0,0
2026-07-17T18:15:12.383 RX LT,3080,120,120,71,176,0,24,1,40,0,0,0
2026-07-17T18:15:12.383 RX LT,3100,120,120,69,174,0,24,1,42,0,0,0
2026-07-17T18:15:12.383 RX LT,3120,120,120,113,184,0,24,1,44,0,0,0
2026-07-17T18:15:12.513 RX LT,3140,120,120,72,163,0,24,1,44,0,0,0
2026-07-17T18:15:12.513 RX LT,3160,120,120,113,184,0,24,1,44,0,0,0
2026-07-17T18:15:12.513 RX LT,3180,120,120,115,174,0,24,1,43,0,0,0
2026-07-17T18:15:12.513 RX LT,3200,125,115,115,174,3,56,1,42,0,0,0
2026-07-17T18:15:12.513 RX LT,3220,135,105,115,130,3,56,1,40,0,0,0
2026-07-17T18:15:12.513 TX SET LINEKD 1900 542057101
2026-07-17T18:15:12.513 RX LT,3240,151,89,115,171,6,48,1,39,0,0,0
2026-07-17T18:15:12.639 RX LT,3260,160,80,115,130,6,48,1,37,0,0,0
2026-07-17T18:15:12.639 RX LT,3280,160,80,159,127,6,48,1,34,0,0,0
2026-07-17T18:15:12.639 RX SA,542057101,LINEKD,1900
2026-07-17T18:15:12.639 RX LT,3300,128,112,118,127,6,48,1,30,0,0,0
2026-07-17T18:15:12.640 RX LT,3320,144,96,127,171,6,48,1,26,0,0,0
2026-07-17T18:15:12.640 RX LT,3340,160,80,160,162,6,48,1,21,0,0,0
2026-07-17T18:15:12.640 RX LT,3360,160,80,129,162,6,48,1,17,0,0,0
2026-07-17T18:15:12.763 RX LT,3380,160,80,160,118,6,48,1,12,0,0,0
2026-07-17T18:15:12.763 RX LT,3400,160,80,129,116,6,48,1,7,0,0,0
2026-07-17T18:15:12.764 RX LT,3420,160,80,171,159,6,48,1,2,0,0,0
2026-07-17T18:15:12.764 RX LT,3440,160,80,162,118,6,48,1,-4,0,0,0
2026-07-17T18:15:12.764 RX LT,3460,160,80,173,116,6,48,1,-10,0,0,0
2026-07-17T18:15:12.764 RX LT,3480,160,80,173,159,6,48,1,-16,0,0,0
2026-07-17T18:15:12.886 RX LT,3500,160,80,173,118,6,48,1,-22,0,0,0
2026-07-17T18:15:12.886 RX LT,3520,160,80,130,116,6,48,1,-28,0,0,0
2026-07-17T18:15:12.886 RX LT,3540,160,80,182,116,6,48,1,-33,0,0,0
2026-07-17T18:15:12.886 RX LT,3560,160,80,174,126,6,48,1,-39,0,0,0
2026-07-17T18:15:12.886 RX LT,3580,171,57,130,116,11,32,1,-45,0,0,0
2026-07-17T18:15:12.886 RX LT,3600,171,57,182,116,11,32,1,-50,0,0,0
2026-07-17T18:15:13.034 RX LT,3620,171,9,174,105,23,96,1,-58,0,0,0
2026-07-17T18:15:13.034 RX LT,3640,171,9,184,60,23,96,1,-65,0,0,0
2026-07-17T18:15:13.034 RX LT,3660,171,9,174,69,23,96,1,-72,0,0,0
2026-07-17T18:15:13.034 RX LT,3680,171,9,184,69,23,96,1,-81,0,0,0
2026-07-17T18:15:13.034 RX LT,3700,171,9,174,58,23,96,1,-90,0,0,0
2026-07-17T18:15:13.034 RX LT,3720,171,57,184,58,11,32,1,-100,0,0,0
2026-07-17T18:15:13.034 RX LT,3740,167,73,174,58,6,48,1,-108,0,0,0
2026-07-17T18:15:13.163 RX LT,3760,159,81,174,68,6,48,1,-118,0,0,0
2026-07-17T18:15:13.163 RX LT,3780,160,80,184,69,6,48,1,-127,0,0,0
2026-07-17T18:15:13.163 RX LT,3800,160,80,218,58,6,48,1,-134,0,0,0
2026-07-17T18:15:13.163 RX LT,3820,160,80,176,68,6,48,1,-141,0,0,0
2026-07-17T18:15:13.163 RX LT,3840,160,80,217,102,6,48,1,-150,0,0,0
2026-07-17T18:15:13.163 RX LT,3860,160,80,220,104,6,48,1,-156,0,0,0
2026-07-17T18:15:13.284 RX LT,3880,160,80,176,60,6,48,1,-162,0,0,0
2026-07-17T18:15:13.284 RX LT,3900,160,80,185,69,6,48,1,-168,0,0,0
2026-07-17T18:15:13.284 RX LT,3920,160,80,185,69,6,48,1,-173,0,0,0
2026-07-17T18:15:13.284 RX LT,3940,160,80,218,58,6,48,1,-179,0,0,0
2026-07-17T18:15:13.284 RX LT,3960,160,80,220,68,6,48,1,-184,0,0,0
2026-07-17T18:15:13.284 RX LT,3980,160,80,176,69,6,48,1,-189,0,0,0
2026-07-17T18:15:13.414 RX LT,4000,160,80,185,102,6,48,1,-194,0,0,0
2026-07-17T18:15:13.414 RX LT,4020,160,80,185,104,6,48,1,-199,0,0,0
2026-07-17T18:15:13.414 RX LT,4040,160,80,218,60,6,48,1,-204,0,0,0
2026-07-17T18:15:13.415 RX LT,4060,160,80,220,69,6,48,1,-211,0,0,0
2026-07-17T18:15:13.415 RX LT,4080,155,85,220,69,3,56,1,-216,0,0,0
2026-07-17T18:15:13.415 RX LT,4100,140,100,220,102,0,24,1,-221,0,0,0
2026-07-17T18:15:13.533 RX LT,4120,120,120,220,104,0,24,1,-226,0,0,0
2026-07-17T18:15:13.533 RX LT,4140,120,120,176,104,0,24,1,-230,0,0,0
2026-07-17T18:15:13.533 RX LT,4160,125,115,185,71,3,56,1,-234,0,0,0
2026-07-17T18:15:13.533 RX LT,4180,135,105,185,113,3,56,1,-237,0,0,0
2026-07-17T18:15:13.533 RX LT,4200,135,105,185,72,3,56,1,-240,0,0,0
2026-07-17T18:15:13.533 RX LT,4220,125,115,218,113,0,60,1,-242,0,0,0
2026-07-17T18:15:13.666 RX LT,4240,115,125,176,115,-3,28,1,-244,0,0,0
2026-07-17T18:15:13.666 RX LT,4260,105,135,185,72,-3,28,1,-246,0,0,0
2026-07-17T18:15:13.667 RX LT,4280,97,143,174,113,-6,12,1,-249,0,0,0
2026-07-17T18:15:13.667 RX LT,4300,81,159,217,115,-6,12,1,-249,0,0,0
2026-07-17T18:15:13.669 RX LT,4320,80,160,176,126,-6,12,1,-250,0,0,0
2026-07-17T18:15:13.669 RX LT,4340,80,160,163,116,-6,12,1,-250,0,0,0
2026-07-17T18:15:13.787 RX LT,4360,80,160,173,126,-6,12,1,-249,0,0,0
2026-07-17T18:15:13.787 RX LT,4380,90,150,163,160,-3,28,1,-248,0,0,0
2026-07-17T18:15:13.787 RX LT,4400,35,165,173,162,-18,6,1,-246,0,0,0
2026-07-17T18:15:13.787 RX LT,4420,29,171,130,162,-18,6,1,-244,0,0,0
2026-07-17T18:15:13.792 RX LT,4440,29,171,116,129,-18,6,1,-242,0,0,0
2026-07-17T18:15:13.797 RX LT,4460,29,171,126,171,-18,6,1,-238,0,0,0
2026-07-17T18:15:13.917 RX LT,4480,29,171,127,130,-18,6,1,-234,0,0,0
2026-07-17T18:15:13.917 RX LT,4500,29,171,116,171,-18,6,1,-229,0,0,0
2026-07-17T18:15:13.917 RX LT,4520,29,171,116,130,-18,6,1,-224,0,0,0
2026-07-17T18:15:13.917 RX LT,4540,75,165,116,171,-5,54,1,-218,0,0,0
2026-07-17T18:15:13.923 RX LT,4560,81,159,116,130,-5,54,1,-211,0,0,0
2026-07-17T18:15:13.924 RX LT,4580,87,153,126,171,0,38,0,-204,0,0,0
2026-07-17T18:15:14.043 RX LT,4600,49,151,105,173,-18,6,1,-199,0,0,0
2026-07-17T18:15:14.043 RX LT,4620,29,171,71,173,-18,6,1,-194,0,0,0
2026-07-17T18:15:14.043 RX LT,4640,29,171,113,206,-18,6,1,-189,0,0,0
2026-07-17T18:15:14.043 RX LT,4660,29,171,72,132,-18,6,1,-185,0,0,0
2026-07-17T18:15:14.043 RX LT,4680,29,171,113,171,-18,6,1,-181,0,0,0
2026-07-17T18:15:14.043 RX LT,4700,29,171,104,173,-18,6,1,-176,0,0,0
2026-07-17T18:15:14.165 RX LT,4720,29,171,115,173,-18,6,1,-168,0,0,0
2026-07-17T18:15:14.165 RX LT,4740,29,171,105,184,-18,6,1,-162,0,0,0
2026-07-17T18:15:14.165 RX LT,4760,29,171,104,174,-18,6,1,-157,0,0,0
2026-07-17T18:15:14.165 RX LT,4780,29,171,104,217,-18,6,1,-151,0,0,0
2026-07-17T18:15:14.165 RX LT,4800,29,171,60,176,-18,6,1,-146,0,0,0
2026-07-17T18:15:14.165 RX LT,4820,29,171,69,174,-18,6,1,-140,0,0,0
2026-07-17T18:15:14.293 RX LT,4840,29,171,58,184,-18,6,1,-134,0,0,0
2026-07-17T18:15:14.293 RX LT,4860,29,171,68,174,-18,6,1,-129,0,0,0
2026-07-17T18:15:14.293 RX LT,4880,29,171,58,217,-18,6,1,-123,0,0,0
2026-07-17T18:15:14.293 RX LT,4900,29,171,68,220,-18,6,1,-117,0,0,0
2026-07-17T18:15:14.293 RX LT,4920,29,171,58,176,-18,6,1,-111,0,0,0
2026-07-17T18:15:14.293 RX LT,4940,29,171,58,174,-18,6,1,-103,0,0,0
2026-07-17T18:15:14.293 TX SET LINEKD 2000 542057102
2026-07-17T18:15:14.421 RX LT,4960,29,171,58,184,-18,6,1,-98,0,0,0
2026-07-17T18:15:14.421 RX LT,4980,29,171,58,218,-18,6,1,-92,0,0,0
2026-07-17T18:15:14.421 RX SA,542057102,LINEKD,2000
2026-07-17T18:15:14.421 RX LT,5000,82,118,58,176,-18,6,1,-87,0,0,0
2026-07-17T18:15:14.425 RX LT,5020,46,154,58,174,-18,6,1,-81,0,0,0
2026-07-17T18:15:14.425 RX LT,5040,29,171,58,217,-18,6,1,-77,0,0,0
2026-07-17T18:15:14.425 RX LT,5060,29,171,58,176,-18,6,1,-72,0,0,0
2026-07-17T18:15:14.544 RX LT,5080,29,171,58,174,-18,6,1,-67,0,0,0
2026-07-17T18:15:14.544 RX LT,5100,85,155,47,163,0,36,0,-66,0,0,0
2026-07-17T18:15:14.544 RX LT,5120,85,155,57,173,0,36,0,-61,0,0,0
2026-07-17T18:15:14.544 RX LT,5140,73,167,57,173,-6,12,1,-58,0,0,0
2026-07-17T18:15:14.544 RX LT,5160,80,160,57,173,-6,12,1,-52,0,0,0
2026-07-17T18:15:14.544 RX LT,5180,80,160,57,173,-6,12,1,-47,0,0,0
2026-07-17T18:15:14.663 RX LT,5200,80,160,57,173,-6,12,1,-43,0,0,0
2026-07-17T18:15:14.663 RX LT,5220,80,160,57,173,-6,12,1,-38,0,0,0
2026-07-17T18:15:14.663 RX LT,5240,80,160,57,217,-6,12,1,-34,0,0,0
2026-07-17T18:15:14.663 RX LT,5260,80,160,57,176,-6,12,1,-32,0,0,0
2026-07-17T18:15:14.663 RX LT,5280,80,160,68,174,-6,12,1,-28,0,0,0
2026-07-17T18:15:14.663 RX LT,5300,85,155,58,184,-3,28,1,-23,0,0,0
2026-07-17T18:15:14.813 RX LT,5320,95,145,58,174,-3,28,1,-19,0,0,0
2026-07-17T18:15:14.813 RX LT,5340,115,125,101,217,0,24,1,-15,0,0,0
2026-07-17T18:15:14.813 RX LT,5360,120,120,60,133,0,24,1,-11,0,0,0
2026-07-17T18:15:14.813 RX LT,5380,120,120,69,171,0,24,1,-7,0,0,0
2026-07-17T18:15:14.813 RX LT,5400,120,120,102,173,0,24,1,-6,0,0,0
2026-07-17T18:15:14.813 RX LT,5420,120,120,104,163,0,24,1,-4,0,0,0
2026-07-17T18:15:14.813 RX LT,5440,125,115,71,173,3,56,1,-3,0,0,0
2026-07-17T18:15:14.813 TX SET LINEKD 2100 542057103
2026-07-17T18:15:14.923 RX LT,5460,135,105,102,130,3,56,1,-2,0,0,0
2026-07-17T18:15:14.923 RX LT,5480,151,89,104,127,6,48,1,0,0,0,0
2026-07-17T18:15:14.923 RX SA,542057103,LINEKD,2100
2026-07-17T18:15:14.923 RX LT,5500,128,112,60,171,6,48,1,2,0,0,0
2026-07-17T18:15:14.923 RX LT,5520,144,96,69,119,6,48,1,2,0,0,0
2026-07-17T18:15:14.923 RX LT,5540,160,80,58,127,6,48,1,3,0,0,0
2026-07-17T18:15:15.063 RX LT,5560,160,80,68,127,6,48,1,3,0,0,0
2026-07-17T18:15:15.063 RX LT,5580,160,80,69,116,6,48,1,3,0,0,0
2026-07-17T18:15:15.063 RX LT,5600,160,80,113,116,6,48,1,0,0,0,0
2026-07-17T18:15:15.063 RX LT,5620,160,80,115,116,6,48,1,-3,0,0,0
2026-07-17T18:15:15.063 RX LT,5640,160,80,159,116,6,48,1,-8,0,0,0
2026-07-17T18:15:15.063 RX LT,5660,160,80,162,116,6,48,1,-13,0,0,0
2026-07-17T18:15:15.063 RX LT,5680,171,37,162,116,16,112,1,-19,0,0,0
2026-07-17T18:15:15.197 RX LT,5700,171,9,162,105,23,96,1,-25,0,0,0
2026-07-17T18:15:15.197 RX LT,5720,171,9,162,104,23,96,1,-31,0,0,0
2026-07-17T18:15:15.197 RX LT,5740,171,9,129,60,23,96,1,-38,0,0,0
2026-07-17T18:15:15.197 RX LT,5760,171,9,171,58,23,96,1,-47,0,0,0
2026-07-17T18:15:15.197 RX LT,5780,171,9,173,58,23,96,1,-57,0,0,0
2026-07-17T18:15:15.198 RX LT,5800,171,9,173,58,23,96,1,-71,0,0,0
2026-07-17T18:15:15.325 RX LT,5820,171,9,130,47,23,96,1,-80,0,0,0
2026-07-17T18:15:15.325 RX LT,5840,171,9,171,57,23,96,1,-89,0,0,0
2026-07-17T18:15:15.326 RX LT,5860,171,9,173,47,23,96,1,-99,0,0,0
2026-07-17T18:15:15.326 RX LT,5880,171,9,173,13,23,96,1,-109,0,0,0
2026-07-17T18:15:15.326 RX LT,5900,171,9,173,11,23,96,1,-119,0,0,0
2026-07-17T18:15:15.326 RX LT,5920,171,9,173,55,23,96,1,-129,0,0,0
2026-07-17T18:15:15.463 RX LT,5940,171,9,173,46,23,96,1,-138,0,0,0
2026-07-17T18:15:15.463 RX LT,5960,167,73,173,46,6,48,1,-147,0,0,0
2026-07-17T18:15:15.463 RX LT,5980,160,80,173,57,6,48,1,-155,0,0,0
2026-07-17T18:15:15.463 RX LT,6000,160,80,184,57,6,48,1,-163,0,0,0
2026-07-17T18:15:15.463 RX LT,6020,160,80,229,57,6,48,1,-175,0,0,0
2026-07-17T18:15:15.463 RX LT,6040,160,80,220,57,6,48,1,-184,0,0,0
2026-07-17T18:15:15.463 RX LT,6060,160,80,176,47,6,48,1,-192,0,0,0
2026-07-17T18:15:15.593 RX LT,6080,160,80,185,57,6,48,1,-198,0,0,0
2026-07-17T18:15:15.593 RX LT,6100,160,80,218,57,6,48,1,-202,0,0,0
2026-07-17T18:15:15.595 RX LT,6120,160,80,176,57,6,48,1,-207,0,0,0
2026-07-17T18:15:15.595 RX LT,6140,160,80,185,57,6,48,1,-212,0,0,0
2026-07-17T18:15:15.596 RX LT,6160,160,80,218,57,6,48,1,-215,0,0,0
2026-07-17T18:15:15.596 RX LT,6180,160,80,176,57,6,48,1,-219,0,0,0
2026-07-17T18:15:15.721 RX LT,6200,160,80,217,57,6,48,1,-224,0,0,0
2026-07-17T18:15:15.721 RX LT,6220,160,80,220,57,6,48,1,-227,0,0,0
2026-07-17T18:15:15.721 RX LT,6240,160,80,176,57,6,48,1,-235,0,0,0
2026-07-17T18:15:15.721 RX LT,6260,160,80,217,57,6,48,1,-240,0,0,0
2026-07-17T18:15:15.722 RX LT,6280,160,80,176,101,6,48,1,-244,0,0,0
2026-07-17T18:15:15.722 RX LT,6300,155,85,217,60,3,56,1,-248,0,0,0
2026-07-17T18:15:15.844 RX LT,6320,135,105,176,58,0,24,1,-253,0,0,0
2026-07-17T18:15:15.844 RX LT,6340,120,120,174,101,0,24,1,-256,0,0,0
2026-07-17T18:15:15.844 RX LT,6360,120,120,184,60,0,24,1,-259,0,0,0
2026-07-17T18:15:15.844 RX LT,6380,120,120,174,69,0,24,1,-261,0,0,0
2026-07-17T18:15:15.844 RX LT,6400,120,120,174,69,0,24,1,-263,0,0,0
2026-07-17T18:15:15.844 RX LT,6420,120,120,217,113,0,24,1,-264,0,0,0
2026-07-17T18:15:15.973 RX LT,6440,120,120,176,115,0,24,1,-266,0,0,0
2026-07-17T18:15:15.973 RX LT,6460,110,130,217,105,-3,28,1,-268,0,0,0
2026-07-17T18:15:15.973 RX LT,6480,105,135,176,115,-3,28,1,-269,0,0,0
2026-07-17T18:15:15.973 RX LT,6500,97,143,174,115,-6,12,1,-269,0,0,0
2026-07-17T18:15:15.973 RX LT,6520,81,159,174,115,-6,12,1,-269,0,0,0
2026-07-17T18:15:15.973 RX LT,6540,80,160,174,115,-6,12,1,-268,0,0,0
2026-07-17T18:15:16.098 RX LT,6560,80,160,163,159,-6,12,1,-267,0,0,0
2026-07-17T18:15:16.098 RX LT,6580,100,140,173,118,0,44,1,-264,0,0,0
2026-07-17T18:15:16.099 RX LT,6600,102,138,163,127,-6,12,1,-262,0,0,0
2026-07-17T18:15:16.099 RX LT,6620,68,156,173,160,-12,14,1,-260,0,0,0
2026-07-17T18:15:16.099 RX LT,6640,29,171,173,162,-18,6,1,-258,0,0,0
2026-07-17T18:15:16.099 RX LT,6660,29,171,119,162,-18,6,1,-255,0,0,0
2026-07-17T18:15:16.224 RX LT,6680,29,171,116,162,-18,6,1,-251,0,0,0
2026-07-17T18:15:16.224 RX LT,6700,29,171,126,162,-18,6,1,-246,0,0,0
2026-07-17T18:15:16.224 RX LT,6720,29,171,160,173,-18,6,1,-241,0,0,0
2026-07-17T18:15:16.224 RX LT,6740,29,171,118,130,-18,6,1,-235,0,0,0
2026-07-17T18:15:16.224 RX LT,6760,29,171,72,171,-18,6,1,-229,0,0,0
2026-07-17T18:15:16.224 RX LT,6780,29,171,113,173,-18,6,1,-222,0,0,0
2026-07-17T18:15:16.350 RX LT,6800,29,171,115,173,-18,6,1,-215,0,0,0
2026-07-17T18:15:16.350 RX LT,6820,29,171,105,173,-18,6,1,-212,0,0,0
2026-07-17T18:15:16.350 RX LT,6840,29,171,71,163,-18,6,1,-205,0,0,0
2026-07-17T18:15:16.350 RX LT,6860,29,171,69,184,-18,6,1,-198,0,0,0
2026-07-17T18:15:16.350 RX LT,6880,29,171,113,131,-18,6,1,-191,0,0,0
2026-07-17T18:15:16.350 RX LT,6900,29,171,72,214,-18,6,1,-181,0,0,0
2026-07-17T18:15:16.473 RX LT,6920,29,171,69,176,-18,6,1,-175,0,0,0
2026-07-17T18:15:16.473 RX LT,6940,29,171,113,174,-18,6,1,-168,0,0,0
2026-07-17T18:15:16.473 RX LT,6960,29,171,104,174,-18,6,1,-161,0,0,0
2026-07-17T18:15:16.473 RX LT,6980,29,171,71,174,-18,6,1,-155,0,0,0
2026-07-17T18:15:16.473 RX LT,7000,29,171,58,184,-18,6,1,-148,0,0,0
2026-07-17T18:15:16.473 RX LT,7020,29,171,68,174,-18,6,1,-141,0,0,0
2026-07-17T18:15:16.602 RX LT,7040,29,171,58,174,-18,6,1,-135,0,0,0
2026-07-17T18:15:16.603 RX LT,7060,29,171,68,174,-18,6,1,-129,0,0,0
2026-07-17T18:15:16.605 RX LT,7080,29,171,58,184,-18,6,1,-122,0,0,0
2026-07-17T18:15:16.606 RX LT,7100,29,171,58,174,-18,6,1,-115,0,0,0
2026-07-17T18:15:16.609 TX SET LINEKD 2000 542057104
2026-07-17T18:15:16.609 RX LT,7120,29,171,58,184,-18,6,1,-104,0,0,0
2026-07-17T18:15:16.610 RX LT,7140,29,171,58,174,-18,6,1,-98,0,0,0
2026-07-17T18:15:16.732 RX LT,7160,29,171,14,217,-18,6,1,-91,0,0,0
2026-07-17T18:15:16.732 RX LT,7180,29,171,55,176,-18,6,1,-84,0,0,0
2026-07-17T18:15:16.732 RX SA,542057104,LINEKD,2000
2026-07-17T18:15:16.732 RX LT,7200,82,118,57,174,-18,6,1,-78,0,0,0
2026-07-17T18:15:16.733 RX LT,7220,46,154,57,174,-18,6,1,-71,0,0,0
2026-07-17T18:15:16.734 RX LT,7240,57,171,57,217,-11,4,1,-65,0,0,0
2026-07-17T18:15:16.734 RX LT,7260,79,161,57,176,-6,12,1,-59,0,0,0
2026-07-17T18:15:16.854 RX LT,7280,80,160,57,174,-6,12,1,-54,0,0,0
2026-07-17T18:15:16.854 RX LT,7300,80,160,57,174,-6,12,1,-50,0,0,0
2026-07-17T18:15:16.854 RX LT,7320,85,155,57,174,-3,28,1,-46,0,0,0
2026-07-17T18:15:16.854 RX LT,7340,100,140,101,174,-3,28,1,-40,0,0,0
2026-07-17T18:15:16.854 RX LT,7360,84,156,60,174,-6,12,1,-36,0,0,0
2026-07-17T18:15:16.854 RX LT,7380,90,150,58,217,0,44,1,-31,0,0,0
2026-07-17T18:15:16.973 RX LT,7400,110,130,58,176,0,44,1,-27,0,0,0
2026-07-17T18:15:16.973 RX LT,7420,120,120,58,174,0,60,1,-23,0,0,0
2026-07-17T18:15:16.973 RX LT,7440,120,120,68,163,0,60,1,-19,0,0,0
2026-07-17T18:15:16.973 RX LT,7460,120,120,58,173,0,24,1,-16,0,0,0
2026-07-17T18:15:16.973 RX LT,7480,120,120,68,163,0,24,1,-13,0,0,0
2026-07-17T18:15:16.973 RX LT,7500,120,120,102,173,0,24,1,-11,0,0,0
2026-07-17T18:15:17.123 RX LT,7520,120,120,104,173,0,24,1,-9,0,0,0
2026-07-17T18:15:17.123 RX LT,7540,120,120,104,163,0,24,1,-7,0,0,0
2026-07-17T18:15:17.123 RX LT,7560,120,120,104,173,0,24,1,-6,0,0,0
2026-07-17T18:15:17.123 RX LT,7580,120,120,71,163,0,24,1,-6,0,0,0
2026-07-17T18:15:17.123 RX LT,7600,120,120,69,129,0,24,1,-6,0,0,0
2026-07-17T18:15:17.123 RX LT,7620,130,110,113,171,3,56,1,-6,0,0,0
2026-07-17T18:15:17.123 TX SET LINEKP 6650 542057105
2026-07-17T18:15:17.123 RX LT,7640,143,97,104,162,6,48,1,-5,0,0,0
2026-07-17T18:15:17.224 RX LT,7660,159,81,104,118,6,48,1,-5,0,0,0
2026-07-17T18:15:17.224 RX LT,7680,160,80,115,159,6,48,1,-5,0,0,0
2026-07-17T18:15:17.224 RX SA,542057105,LINEKP,6650
2026-07-17T18:15:17.224 RX LT,7700,128,112,105,118,6,48,1,-6,0,0,0
2026-07-17T18:15:17.224 RX LT,7720,144,96,115,127,6,48,1,-7,0,0,0
2026-07-17T18:15:17.224 RX LT,7740,159,81,105,116,6,48,1,-9,0,0,0
2026-07-17T18:15:17.378 RX LT,7760,159,81,115,126,6,48,1,-10,0,0,0
2026-07-17T18:15:17.378 RX LT,7780,159,81,115,105,6,48,1,-14,0,0,0
2026-07-17T18:15:17.378 RX LT,7800,159,81,72,115,6,48,1,-16,0,0,0
2026-07-17T18:15:17.378 RX LT,7820,159,81,113,115,6,48,1,-19,0,0,0
2026-07-17T18:15:17.378 RX LT,7840,159,81,126,72,6,48,1,-22,0,0,0
2026-07-17T18:15:17.379 RX LT,7860,159,81,116,113,6,48,1,-25,0,0,0
2026-07-17T18:15:17.379 RX LT,7880,159,81,116,115,6,48,1,-29,0,0,0
2026-07-17T18:15:17.503 RX LT,7900,159,81,126,115,6,48,1,-33,0,0,0
2026-07-17T18:15:17.504 RX LT,7920,159,81,160,72,6,48,1,-36,0,0,0
2026-07-17T18:15:17.504 RX LT,7940,161,47,118,113,16,112,1,-40,0,0,0
2026-07-17T18:15:17.504 RX LT,7960,171,9,170,115,23,96,1,-45,0,0,0
2026-07-17T18:15:17.504 RX LT,7980,171,9,162,61,23,96,1,-49,0,0,0
2026-07-17T18:15:17.505 RX LT,8000,171,9,162,101,23,96,1,-57,0,0,0
2026-07-17T18:15:17.623 RX LT,8020,171,9,162,60,23,96,1,-64,0,0,0
2026-07-17T18:15:17.623 RX LT,8040,171,9,173,58,23,96,1,-72,0,0,0
2026-07-17T18:15:17.623 RX LT,8060,171,9,163,58,23,96,1,-80,0,0,0
2026-07-17T18:15:17.623 RX LT,8080,171,9,173,47,23,96,1,-88,0,0,0
2026-07-17T18:15:17.623 RX LT,8100,171,9,173,57,23,96,1,-97,0,0,0
2026-07-17T18:15:17.623 RX LT,8120,171,37,163,47,16,112,1,-102,0,0,0
2026-07-17T18:15:17.753 RX LT,8140,167,73,173,46,6,48,1,-111,0,0,0
2026-07-17T18:15:17.753 RX LT,8160,163,77,173,100,6,48,1,-120,0,0,0
2026-07-17T18:15:17.753 RX LT,8180,159,81,130,60,6,48,1,-128,0,0,0
2026-07-17T18:15:17.753 RX LT,8200,159,81,127,14,6,48,1,-131,0,0,0
2026-07-17T18:15:17.753 RX LT,8220,159,81,127,55,6,48,1,-261,0,0,0
2026-07-17T18:15:17.753 RX LT,8240,159,81,171,68,6,48,1,-254,0,0,0
2026-07-17T18:15:17.902 RX LT,8260,159,81,173,69,6,48,1,-247,0,0,0
2026-07-17T18:15:17.902 RX LT,8280,159,81,163,58,6,48,1,-243,0,0,0
2026-07-17T18:15:17.902 RX LT,8300,159,81,173,58,6,48,1,-240,0,0,0
2026-07-17T18:15:17.902 RX LT,8320,159,81,173,68,6,48,1,-237,0,0,0
2026-07-17T18:15:17.902 RX LT,8340,159,81,173,58,6,48,1,-235,0,0,0
2026-07-17T18:15:17.902 RX LT,8360,159,81,173,68,6,48,1,-233,0,0,0
2026-07-17T18:15:17.902 RX LT,8380,159,81,217,58,6,48,1,-233,0,0,0
2026-07-17T18:15:18.027 RX LT,8400,159,81,176,68,6,48,1,-233,0,0,0
2026-07-17T18:15:18.027 RX LT,8420,159,81,174,102,6,48,1,-233,0,0,0
2026-07-17T18:15:18.027 RX LT,8440,154,86,217,104,0,63,0,-234,0,0,0
2026-07-17T18:15:18.027 RX LT,8460,100,100,176,60,0,63,0,0,0,1,0
2026-07-17T18:15:18.027 RX LT,8480,100,100,174,69,0,63,0,0,0,1,0
2026-07-17T18:15:18.027 RX LT,8500,100,100,163,69,0,63,0,0,0,1,0
2026-07-17T18:15:18.154 RX LT,8520,-150,150,173,102,0,63,0,0,0,2,1
2026-07-17T18:15:18.154 RX LT,8540,-150,150,65,71,0,63,0,0,0,2,2
2026-07-17T18:15:18.154 RX LT,8560,-150,150,14,69,0,63,0,3,0,2,4
2026-07-17T18:15:18.154 RX LT,8580,-150,150,11,113,0,63,0,10,0,2,5
2026-07-17T18:15:18.154 RX LT,8600,-150,150,0,115,0,63,0,20,0,2,6
2026-07-17T18:15:18.154 RX LT,8620,-150,150,54,115,0,63,0,35,0,2,8
2026-07-17T18:15:18.273 RX LT,8640,-150,150,57,72,0,63,0,51,0,2,9
2026-07-17T18:15:18.273 RX LT,8660,-150,150,68,113,0,63,0,75,0,2,11
2026-07-17T18:15:18.283 RX LT,8680,-150,150,58,159,0,63,0,90,0,2,13
2026-07-17T18:15:18.283 RX LT,8700,-150,150,58,107,0,63,0,98,0,2,14
2026-07-17T18:15:18.283 RX LT,8720,-150,150,68,115,0,63,0,113,0,2,17
2026-07-17T18:15:18.283 RX LT,8740,-150,150,58,115,0,63,0,128,0,2,18
2026-07-17T18:15:18.403 RX LT,8760,-150,150,101,115,0,63,0,143,0,2,20
2026-07-17T18:15:18.403 RX LT,8780,-150,150,104,159,0,63,0,158,0,2,23
2026-07-17T18:15:18.403 RX LT,8800,-150,150,60,118,0,31,0,172,0,2,24
2026-07-17T18:15:18.403 RX LT,8820,-150,150,69,159,0,31,0,186,0,2,27
2026-07-17T18:15:18.403 RX LT,8840,-150,150,69,162,0,31,0,200,0,2,29
2026-07-17T18:15:18.403 RX LT,8860,-150,150,113,162,0,31,0,215,0,2,32
2026-07-17T18:15:18.531 RX LT,8880,-150,150,104,162,0,31,0,237,0,2,34
2026-07-17T18:15:18.531 RX LT,8900,-150,150,115,162,0,31,0,253,0,2,37
2026-07-17T18:15:18.531 RX LT,8920,-150,150,126,129,0,31,0,269,0,2,40
2026-07-17T18:15:18.531 RX LT,8940,-150,150,116,214,0,31,0,285,0,2,43
2026-07-17T18:15:18.531 RX LT,8960,-149,149,105,220,-9,30,1,301,0,2,46
2026-07-17T18:15:18.531 RX LT,8980,-147,147,158,122,-9,30,1,318,0,2,48
2026-07-17T18:15:18.654 RX LT,9000,-145,145,183,170,-9,30,1,334,0,2,52
2026-07-17T18:15:18.654 RX LT,9020,-142,142,120,217,-3,28,1,350,0,2,55
2026-07-17T18:15:18.654 RX LT,9040,-140,140,159,176,-3,28,1,367,0,2,58
2026-07-17T18:15:18.654 RX LT,9060,-138,138,162,174,-3,28,1,382,0,2,62
2026-07-17T18:15:18.654 RX LT,9080,-136,136,118,174,-3,28,1,397,0,2,64
2026-07-17T18:15:18.654 RX LT,9100,-133,133,159,174,0,24,1,419,0,2,68
2026-07-17T18:15:18.783 RX LT,9120,-131,131,162,184,3,56,1,432,0,2,71
2026-07-17T18:15:18.783 RX LT,9140,-129,129,118,174,3,56,1,446,0,3,74
2026-07-17T18:15:18.783 RX LT,9160,-127,127,159,174,3,56,1,458,0,3,77
2026-07-17T18:15:18.783 RX LT,9180,-125,125,118,174,6,48,1,470,0,3,80
2026-07-17T18:15:18.783 RX LT,9200,-124,124,127,174,6,48,1,481,0,3,83
2026-07-17T18:15:18.783 RX LT,9220,-122,122,116,174,6,48,1,492,0,3,86
2026-07-17T18:15:18.888 RX LT,9240,-121,121,126,163,6,48,1,501,0,3,89
2026-07-17T18:15:18.888 RX LT,9260,-119,119,116,173,6,48,1,511,0,3,92
2026-07-17T18:15:18.888 RX LT,9280,-118,118,126,173,6,48,1,520,0,3,95
2026-07-17T18:15:18.889 RX TURN ANGLE,1,528,98
2026-07-17T18:15:18.889 RX LT,9300,0,0,116,163,6,48,1,528,0,4,98
2026-07-17T18:15:18.889 RX LT,9320,125,75,72,129,6,48,1,528,0,4,98
2026-07-17T18:15:19.012 RX LT,9340,125,75,4,160,23,96,1,528,0,4,98
2026-07-17T18:15:19.012 RX LT,9360,125,75,11,162,23,96,1,528,0,4,98
2026-07-17T18:15:19.012 RX LT,9380,125,75,0,118,23,96,1,528,0,4,98
2026-07-17T18:15:19.012 RX LT,9400,125,75,0,116,23,96,1,528,0,4,98
2026-07-17T18:15:19.012 RX LT,9420,125,75,0,116,23,96,1,528,0,4,98
2026-07-17T18:15:19.012 RX LT,9440,125,75,10,116,23,96,1,528,0,4,98
2026-07-17T18:15:19.133 RX LT,9460,125,75,55,116,23,96,1,528,0,4,98
2026-07-17T18:15:19.133 RX LT,9480,125,75,46,105,23,96,1,528,0,4,98
2026-07-17T18:15:19.133 RX LT,9500,125,75,57,115,23,96,1,528,0,4,98
2026-07-17T18:15:19.133 RX LT,9520,125,75,101,105,23,96,1,528,0,4,98
2026-07-17T18:15:19.133 RX LT,9540,125,75,60,115,23,96,1,528,0,4,98
2026-07-17T18:15:19.133 RX LT,9560,125,75,58,115,23,96,1,528,0,4,98
2026-07-17T18:15:19.283 RX LT,9580,125,75,68,105,23,96,1,528,0,4,98
2026-07-17T18:15:19.283 RX LT,9600,125,75,69,115,23,96,1,528,0,4,98
2026-07-17T18:15:19.283 RX LT,9620,125,75,102,105,23,96,1,528,0,4,98
2026-07-17T18:15:19.283 RX LT,9652,125,75,104,115,23,96,1,528,0,4,98
2026-07-17T18:15:19.283 RX LT,9673,125,75,126,137,23,96,1,528,0,4,98
2026-07-17T18:15:19.283 RX LT,9693,125,75,105,117,23,96,1,528,0,4,98
2026-07-17T18:15:19.407 RX LT,9713,125,75,115,116,23,96,1,528,0,4,98
2026-07-17T18:15:19.407 RX LT,9733,125,75,105,116,23,96,1,528,0,4,98
2026-07-17T18:15:19.407 RX LT,9753,125,75,115,116,23,96,1,528,0,4,98
2026-07-17T18:15:19.407 RX LT,9773,125,75,105,126,23,96,1,528,0,4,98
2026-07-17T18:15:19.407 RX LT,9793,125,75,115,116,23,96,1,528,0,4,98
2026-07-17T18:15:19.407 RX LT,9813,125,75,115,116,23,96,1,528,0,4,98
2026-07-17T18:15:19.531 RX LT,9833,125,75,115,116,23,96,1,528,0,4,98
2026-07-17T18:15:19.531 RX LT,9853,125,75,115,159,23,96,1,528,0,4,98
2026-07-17T18:15:19.531 RX LT,9873,125,75,115,118,23,96,1,528,0,4,98
2026-07-17T18:15:19.531 RX LT,9893,125,75,159,116,23,96,1,528,0,4,98
2026-07-17T18:15:19.531 RX LT,9913,125,75,118,126,23,96,1,528,0,4,98
2026-07-17T18:15:19.531 RX LT,9933,125,75,116,160,23,96,1,528,0,4,98
2026-07-17T18:15:19.654 RX LT,9953,125,75,126,118,36,64,1,528,0,4,98
2026-07-17T18:15:19.654 RX LT,9973,125,75,160,127,36,64,1,528,0,4,98
2026-07-17T18:15:19.654 RX LT,9993,125,75,118,116,36,64,1,528,0,4,98
2026-07-17T18:15:19.654 RX LT,10013,125,75,127,126,36,64,1,528,0,4,98
2026-07-17T18:15:19.654 RX LT,10033,125,75,127,160,36,64,1,528,0,4,98
2026-07-17T18:15:19.654 RX LT,10053,125,75,160,118,36,64,1,528,0,4,98
2026-07-17T18:15:19.793 RX LT,10073,125,75,162,116,36,64,1,528,0,4,98
2026-07-17T18:15:19.793 RX LT,10093,125,75,118,126,36,64,1,528,0,4,98
2026-07-17T18:15:19.793 RX SQUARE ERROR,LINE NOT CAPTURED
2026-07-17T18:15:19.793 TX STOP
2026-07-17T18:15:19.793 TX STOP
2026-07-17T18:15:19.923 RX OK STOP
2026-07-17T18:15:19.923 RX OK STOP
2026-07-17T18:15:19.924 TX PROFILE GIMBAL
2026-07-17T18:15:19.973 RX OK PROFILE GIMBAL FLASH 3
2026-07-17T18:15:19.973 TX PARAM
2026-07-17T18:15:20.133 RX PARAM,x1000,PROFILE,1,FLASHVER,3,GUARDVER,17,LKP,350,LKI,100,RKP,500,RKI,350,LFF,460,RFF,437,LMIN,32,RMIN,26,SYNC,1000,BIAS,50,GSTART,10,LINEKP,6750,LINEKD,2000,TURNANGLE,900,TURNFAST,185,TURNSLOW,140,TURNMARGIN,180,TURNEXIT,140,TURNDIST,98
2026-07-17T18:15:20.133 RX PARAM,x1000,PROFILE,1,FLASHVER,3,GUARDVER,17,LKP,350,LKI,100,RKP,500,RKI,350,LFF,460,RFF,437,LMIN,32,RMIN,26,SYNC,1000,BIAS,50,GSTART,10,LINEKP,6750,LINEKD,2000,TURNANGLE,900,TURNFAST,185,TURNSLOW,140,TURNMARGIN,180,TURNEXIT,140,TURNDIST,98
2026-07-17T18:15:20.133 TX SET TURNSLOW 80 542057106
2026-07-17T18:15:20.273 RX SA,542057106,TURNSLOW,80
2026-07-17T18:15:20.273 TX SET LKP 350 542057107
2026-07-17T18:15:20.412 RX SA,542057107,LKP,350
2026-07-17T18:15:20.413 TX SET LKI 100 542057108
2026-07-17T18:15:20.552 RX SA,542057108,LKI,100
2026-07-17T18:15:20.553 TX SET LFF 460 542057109
2026-07-17T18:15:20.683 RX SA,542057109,LFF,460
2026-07-17T18:15:20.683 TX SET LMIN 32 542057110
2026-07-17T18:15:20.810 RX SA,542057110,LMIN,32
2026-07-17T18:15:20.810 TX SET RKP 500 542057111
2026-07-17T18:15:20.949 RX SA,542057111,RKP,500
2026-07-17T18:15:20.949 TX SET RKI 350 542057112
2026-07-17T18:15:21.088 RX SA,542057112,RKI,350
2026-07-17T18:15:21.088 TX SET RFF 437 542057113
2026-07-17T18:15:21.223 RX SA,542057113,RFF,437
2026-07-17T18:15:21.223 TX SET RMIN 26 542057114
2026-07-17T18:15:21.353 RX SA,542057114,RMIN,26
2026-07-17T18:15:21.353 TX SET SYNC 1000 542057115
2026-07-17T18:15:21.483 RX SA,542057115,SYNC,1000
2026-07-17T18:15:21.483 TX SET BIAS 50 542057116
2026-07-17T18:15:21.623 RX SA,542057116,BIAS,50
2026-07-17T18:15:21.623 TX SET LINEKP 6750 542057117
2026-07-17T18:15:21.758 RX SA,542057117,LINEKP,6750
2026-07-17T18:15:21.758 TX SET LINEKD 2000 542057118
2026-07-17T18:15:21.890 RX SA,542057118,LINEKD,2000
2026-07-17T18:15:21.890 TX SET TURNANGLE 900 542057119
2026-07-17T18:15:22.015 RX SA,542057119,TURNANGLE,900
2026-07-17T18:15:22.016 TX SET TURNFAST 185 542057120
2026-07-17T18:15:22.154 RX SA,542057120,TURNFAST,185
2026-07-17T18:15:22.154 TX SET TURNMARGIN 180 542057121
2026-07-17T18:15:22.293 RX SA,542057121,TURNMARGIN,180
2026-07-17T18:15:22.293 TX SET TURNEXIT 140 542057122
2026-07-17T18:15:22.423 RX SA,542057122,TURNEXIT,140
2026-07-17T18:15:22.423 TX SET TURNDIST 98 542057123
2026-07-17T18:15:22.555 RX SA,542057123,TURNDIST,98
2026-07-17T18:15:22.555 TX SET GSTART 0 542057124
2026-07-17T18:15:22.693 RX SA,542057124,GSTART,0
2026-07-17T18:15:22.693 TX SET TURNSLOW 140 542057125
2026-07-17T18:15:22.843 RX SA,542057125,TURNSLOW,140
2026-07-17T18:15:22.844 TX STOP
