2026-07-18T12:56:16.354 TX HELLO 977680218
2026-07-18T12:56:16.494 RX HELLO,977680218,2,STBY,HIGH,ENCODER_MM_X1000,580,SAMPLE_MS,10
2026-07-18T12:56:16.494 TX STOP
2026-07-18T12:56:16.623 RX OK STOP
2026-07-18T12:56:16.623 TX PARAM
2026-07-18T12:56:16.779 RX PARAM,x1000,PROFILE,1,FLASHVER,3,GUARDVER,25,LKP,350,LKI,100,RKP,500,RKI,350,LFF,540,RFF,520,LMIN,90,RMIN,85,SYNC,500,BIAS,80,GSTART,10,LINEKP,8250,LINEKD,2250,TURNANGLE,900,TURNFAST,165,TURNSLOW,110,TURNMARGIN,180,TURNEXIT,140,TURNDIST,98
2026-07-18T12:56:16.780 TX STATUS
2026-07-18T12:56:16.923 RX STATUS,367333,IDLE,0,0,0,0,0,0,SAFE,SELECTED_LAPS,1,STBY,HIGH
2026-07-18T12:56:16.923 TX SENSOR
2026-07-18T12:56:17.053 RX SENSOR,OK,24,0,93,0,24
2026-07-18T12:56:17.053 TX SENSOR
2026-07-18T12:56:17.183 RX SENSOR,OK,24,0,93,0,24
2026-07-18T12:56:17.183 TX SENSOR
2026-07-18T12:56:17.313 RX SENSOR,OK,24,0,93,0,24
2026-07-18T12:56:17.313 TX SENSOR
2026-07-18T12:56:17.439 RX SENSOR,OK,24,0,93,0,24
2026-07-18T12:56:17.439 TX SENSOR
2026-07-18T12:56:17.578 RX SENSOR,OK,24,0,93,0,24
2026-07-18T12:56:17.578 TX IMU
2026-07-18T12:56:17.718 RX IMU,OK,-834,35603,604,VER,1,1,0,0
2026-07-18T12:56:17.718 TX STREAM TUNE
2026-07-18T12:56:17.853 RX OK STREAM TUNE
2026-07-18T12:56:17.853 TX SQUARE 120 3 977680219
2026-07-18T12:56:18.029 RX TEST START,SQUARE,120,3
2026-07-18T12:56:18.029 RX SQ,977680219,OK
2026-07-18T12:56:18.029 RX LT,20,2,2,0,0,0,24,1,1,0,0,0
2026-07-18T12:56:18.030 RX LT,40,4,4,10,10,0,24,1,1,0,0,0
2026-07-18T12:56:18.030 RX LT,60,6,6,55,11,0,24,1,1,0,0,0
2026-07-18T12:56:18.030 RX LT,80,9,9,3,0,0,24,1,1,0,0,0
2026-07-18T12:56:18.030 RX LT,100,11,11,0,10,0,24,1,2,0,0,0
2026-07-18T12:56:18.031 RX LT,120,14,14,0,44,0,24,1,2,0,0,0
2026-07-18T12:56:18.176 RX LT,140,16,16,10,46,0,24,1,3,0,0,0
2026-07-18T12:56:18.176 RX LT,160,18,18,0,2,0,24,1,4,0,0,0
2026-07-18T12:56:18.176 RX LT,180,21,21,43,54,0,24,1,5,0,0,0
2026-07-18T12:56:18.176 RX LT,200,23,23,2,46,0,24,1,7,0,0,0
2026-07-18T12:56:18.177 RX LT,220,26,26,43,46,0,24,1,8,0,0,0
2026-07-18T12:56:18.177 RX LT,240,28,28,2,46,0,24,1,9,0,0,0
2026-07-18T12:56:18.177 RX LT,260,30,30,11,13,0,24,1,11,0,0,0
2026-07-18T12:56:18.177 RX LT,280,33,33,44,55,0,24,1,12,0,0,0
2026-07-18T12:56:18.333 RX LT,300,35,35,46,46,0,24,1,13,0,0,0
2026-07-18T12:56:18.333 RX LT,320,38,38,46,57,0,24,1,14,0,0,0
2026-07-18T12:56:18.333 RX LT,340,40,40,2,57,0,24,1,16,0,0,0
2026-07-18T12:56:18.343 RX LT,360,42,42,11,57,0,24,1,17,0,0,0
2026-07-18T12:56:18.343 RX LT,380,45,45,55,57,0,24,1,19,0,0,0
2026-07-18T12:56:18.343 RX LT,400,47,47,46,90,0,24,1,20,0,0,0
2026-07-18T12:56:18.343 RX LT,420,50,50,46,92,0,24,1,23,0,0,0
2026-07-18T12:56:18.484 RX LT,440,52,52,46,60,0,24,1,25,0,0,0
2026-07-18T12:56:18.484 RX LT,460,64,44,46,58,2,16,1,26,0,0,0
2026-07-18T12:56:18.484 RX LT,480,57,57,13,58,0,24,1,28,0,0,0
2026-07-18T12:56:18.484 RX LT,500,71,47,55,68,2,16,1,30,0,0,0
2026-07-18T12:56:18.484 RX LT,520,74,50,14,58,2,16,1,32,0,0,0
2026-07-18T12:56:18.484 RX LT,540,76,52,55,68,2,16,1,34,0,0,0
2026-07-18T12:56:18.484 RX LT,560,78,54,57,69,2,16,1,36,0,0,0
2026-07-18T12:56:18.632 RX LT,580,81,57,14,113,2,16,1,38,0,0,0
2026-07-18T12:56:18.632 RX LT,600,83,59,98,104,2,16,1,40,0,0,0
2026-07-18T12:56:18.632 RX LT,620,86,62,17,104,2,16,1,41,0,0,0
2026-07-18T12:56:18.632 RX LT,640,88,64,98,104,2,16,1,44,0,0,0
2026-07-18T12:56:18.632 RX LT,660,90,66,60,71,2,16,1,45,0,0,0
2026-07-18T12:56:18.632 RX LT,680,93,69,58,113,2,16,1,47,0,0,0
2026-07-18T12:56:18.632 RX LT,700,95,71,101,72,2,16,1,48,0,0,0
2026-07-18T12:56:18.754 RX LT,720,114,58,60,113,6,48,1,50,0,0,0
2026-07-18T12:56:18.754 RX LT,740,132,44,58,72,6,48,1,52,0,0,0
2026-07-18T12:56:18.754 RX LT,760,137,43,68,69,6,48,1,53,0,0,0
2026-07-18T12:56:18.754 RX LT,780,140,46,102,69,6,48,1,53,0,0,0
2026-07-18T12:56:18.754 RX LT,800,142,48,104,69,6,48,1,53,0,0,0
2026-07-18T12:56:18.763 RX LT,820,145,51,104,102,6,48,1,51,0,0,0
2026-07-18T12:56:18.903 RX LT,840,147,53,104,104,6,48,1,49,0,0,0
2026-07-18T12:56:18.903 RX LT,860,149,55,71,104,6,48,1,47,0,0,0
2026-07-18T12:56:18.903 RX LT,880,152,58,113,71,6,48,1,45,0,0,0
2026-07-18T12:56:18.903 RX LT,900,154,60,115,113,6,48,1,44,0,0,0
2026-07-18T12:56:18.903 RX LT,920,157,63,115,72,6,48,1,42,0,0,0
2026-07-18T12:56:18.903 RX LT,940,159,65,115,113,6,48,1,40,0,0,0
2026-07-18T12:56:18.903 RX LT,960,161,67,115,115,6,48,1,39,0,0,0
2026-07-18T12:56:19.034 RX LT,980,164,70,115,115,6,48,1,37,0,0,0
2026-07-18T12:56:19.034 RX LT,1000,166,72,159,105,6,48,1,35,0,0,0
2026-07-18T12:56:19.035 RX LT,1020,167,73,162,115,6,48,1,32,0,0,0
2026-07-18T12:56:19.035 RX LT,1040,167,73,162,115,6,48,1,29,0,0,0
2026-07-18T12:56:19.035 RX LT,1060,167,73,162,159,6,48,1,25,0,0,0
2026-07-18T12:56:19.035 RX LT,1080,167,73,129,151,6,48,1,22,0,0,0
2026-07-18T12:56:19.180 RX LT,1100,167,73,171,118,6,48,1,19,0,0,0
2026-07-18T12:56:19.180 RX LT,1120,167,73,173,116,6,48,1,15,0,0,0
2026-07-18T12:56:19.180 RX LT,1140,167,73,173,116,6,48,1,11,0,0,0
2026-07-18T12:56:19.180 RX LT,1160,167,73,173,159,6,48,1,7,0,0,0
2026-07-18T12:56:19.180 RX LT,1180,167,73,173,118,6,48,1,3,0,0,0
2026-07-18T12:56:19.180 RX LT,1200,167,73,217,116,6,48,1,-2,0,0,0
2026-07-18T12:56:19.180 RX LT,1220,167,73,176,159,6,48,1,-6,0,0,0
2026-07-18T12:56:19.306 RX LT,1240,167,73,174,118,6,48,1,-10,0,0,0
2026-07-18T12:56:19.306 RX LT,1260,167,73,217,116,6,48,1,-15,0,0,0
2026-07-18T12:56:19.307 RX LT,1280,167,73,176,159,6,48,1,-19,0,0,0
2026-07-18T12:56:19.307 RX LT,1300,167,73,185,75,6,48,1,-24,0,0,0
2026-07-18T12:56:19.307 RX LT,1320,167,73,218,124,6,48,1,-29,0,0,0
2026-07-18T12:56:19.307 RX LT,1340,167,73,176,116,6,48,1,-34,0,0,0
2026-07-18T12:56:19.433 RX LT,1360,167,73,185,116,6,48,1,-39,0,0,0
2026-07-18T12:56:19.433 RX LT,1380,167,73,185,116,6,48,1,-45,0,0,0
2026-07-18T12:56:19.433 RX LT,1400,167,73,218,116,6,48,1,-50,0,0,0
2026-07-18T12:56:19.433 RX LT,1420,167,73,220,159,6,48,1,-56,0,0,0
2026-07-18T12:56:19.433 RX LT,1440,147,93,220,107,2,16,1,-61,0,0,0
2026-07-18T12:56:19.434 RX LT,1460,132,108,220,126,2,16,1,-67,0,0,0
2026-07-18T12:56:19.553 RX LT,1480,132,108,220,116,2,16,1,-72,0,0,0
2026-07-18T12:56:19.553 RX LT,1500,132,108,176,116,2,16,1,-79,0,0,0
2026-07-18T12:56:19.553 RX LT,1520,132,108,185,126,2,16,1,-83,0,0,0
2026-07-18T12:56:19.553 RX LT,1540,120,120,218,160,0,24,1,-87,0,0,0
2026-07-18T12:56:19.553 RX LT,1560,120,120,176,118,0,24,1,-90,0,0,0
2026-07-18T12:56:19.553 RX LT,1580,120,120,185,159,0,24,1,-93,0,0,0
2026-07-18T12:56:19.673 RX LT,1600,120,120,218,162,0,24,1,-96,0,0,0
2026-07-18T12:56:19.673 RX LT,1620,120,120,220,118,0,24,1,-98,0,0,0
2026-07-18T12:56:19.673 RX LT,1640,120,120,176,127,0,24,1,-100,0,0,0
2026-07-18T12:56:19.673 RX LT,1660,120,120,174,127,0,24,1,-102,0,0,0
2026-07-18T12:56:19.673 RX LT,1680,120,120,174,160,0,24,1,-103,0,0,0
2026-07-18T12:56:19.673 RX LT,1700,120,120,174,162,0,24,1,-103,0,0,0
2026-07-18T12:56:19.812 RX LT,1720,120,120,184,162,0,24,1,-105,0,0,0
2026-07-18T12:56:19.812 RX LT,1740,110,130,174,129,-2,8,1,-106,0,0,0
2026-07-18T12:56:19.812 RX LT,1760,108,132,174,127,-2,8,1,-107,0,0,0
2026-07-18T12:56:19.812 RX LT,1780,108,132,174,127,-2,8,1,-108,0,0,0
2026-07-18T12:56:19.813 RX LT,1800,92,148,174,171,-6,12,1,-109,0,0,0
2026-07-18T12:56:19.813 RX LT,1820,76,164,174,162,-6,12,1,-110,0,0,0
2026-07-18T12:56:19.937 RX LT,1840,73,167,174,129,-6,12,1,-109,0,0,0
2026-07-18T12:56:19.937 RX LT,1860,73,167,163,171,-6,12,1,-109,0,0,0
2026-07-18T12:56:19.937 RX LT,1880,73,167,173,173,-6,12,1,-110,0,0,0
2026-07-18T12:56:19.937 RX LT,1900,73,167,163,173,-6,12,1,-109,0,0,0
2026-07-18T12:56:19.937 RX LT,1920,73,167,173,173,-6,12,1,-107,0,0,0
2026-07-18T12:56:19.937 RX LT,1940,73,167,163,173,-6,12,1,-104,0,0,0
2026-07-18T12:56:20.053 RX LT,1960,73,167,173,173,-6,12,1,-102,0,0,0
2026-07-18T12:56:20.063 RX LT,1980,73,167,173,173,-6,12,1,-99,0,0,0
2026-07-18T12:56:20.063 RX LT,2000,73,167,163,217,-6,12,1,-96,0,0,0
2026-07-18T12:56:20.063 RX LT,2020,73,167,129,176,-6,12,1,-93,0,0,0
2026-07-18T12:56:20.063 RX LT,2040,73,167,127,174,-6,12,1,-90,0,0,0
2026-07-18T12:56:20.063 RX LT,2060,57,171,127,217,-11,4,1,-87,0,0,0
2026-07-18T12:56:20.203 RX LT,2080,57,171,127,176,-11,4,1,-83,0,0,0
2026-07-18T12:56:20.203 RX LT,2100,57,171,160,174,-11,4,1,-79,0,0,0
2026-07-18T12:56:20.203 RX LT,2120,57,171,118,184,-11,4,1,-75,0,0,0
2026-07-18T12:56:20.203 RX LT,2140,57,171,116,218,-11,4,1,-71,0,0,0
2026-07-18T12:56:20.203 RX LT,2160,57,171,159,176,-11,4,1,-64,0,0,0
2026-07-18T12:56:20.203 RX LT,2180,57,171,118,185,-11,4,1,-59,0,0,0
2026-07-18T12:56:20.203 RX LT,2200,57,171,116,218,-11,4,1,-54,0,0,0
2026-07-18T12:56:20.332 RX LT,2220,57,171,116,220,-11,4,1,-49,0,0,0
2026-07-18T12:56:20.332 RX LT,2240,73,167,116,187,-6,12,1,-44,0,0,0
2026-07-18T12:56:20.332 RX LT,2260,73,167,116,185,-6,12,1,-38,0,0,0
2026-07-18T12:56:20.332 RX LT,2280,73,167,116,218,-6,12,1,-33,0,0,0
2026-07-18T12:56:20.332 RX LT,2300,73,167,116,187,-6,12,1,-27,0,0,0
2026-07-18T12:56:20.332 RX LT,2320,73,167,116,185,-6,12,1,-22,0,0,0
2026-07-18T12:56:20.459 RX LT,2340,73,167,116,185,-6,12,1,-17,0,0,0
2026-07-18T12:56:20.459 RX LT,2360,73,167,72,229,-6,12,1,-11,0,0,0
2026-07-18T12:56:20.459 RX LT,2380,73,167,113,220,-6,12,1,-4,0,0,0
2026-07-18T12:56:20.459 RX LT,2400,73,167,115,220,-6,12,1,1,0,0,0
2026-07-18T12:56:20.459 RX LT,2420,73,167,115,220,-6,12,1,4,0,0,0
2026-07-18T12:56:20.459 RX LT,2440,73,167,115,220,-6,12,1,8,0,0,0
2026-07-18T12:56:20.584 RX LT,2460,73,167,115,220,-6,12,1,13,0,0,0
2026-07-18T12:56:20.584 RX LT,2480,83,157,105,187,-2,8,1,18,0,0,0
2026-07-18T12:56:20.584 RX LT,2500,103,137,115,229,-2,8,1,23,0,0,0
2026-07-18T12:56:20.584 RX LT,2520,108,132,115,177,-2,8,1,28,0,0,0
2026-07-18T12:56:20.584 RX LT,2540,108,132,115,185,-2,8,1,32,0,0,0
2026-07-18T12:56:20.584 RX LT,2560,120,120,159,174,0,24,1,36,0,0,0
2026-07-18T12:56:20.712 RX LT,2580,120,120,118,184,0,24,1,40,0,0,0
2026-07-18T12:56:20.712 RX LT,2600,120,120,116,174,0,24,1,44,0,0,0
2026-07-18T12:56:20.712 RX LT,2620,120,120,116,174,0,24,1,46,0,0,0
2026-07-18T12:56:20.712 RX LT,2640,120,120,159,184,0,24,1,47,0,0,0
2026-07-18T12:56:20.712 RX LT,2660,120,120,118,207,0,24,1,49,0,0,0
2026-07-18T12:56:20.712 RX LT,2680,120,120,116,176,0,24,1,49,0,0,0
2026-07-18T12:56:20.712 TX SET LINEKD 2150 977680220
2026-07-18T12:56:20.843 RX LT,2700,130,110,159,174,2,16,1,50,0,0,0
2026-07-18T12:56:20.843 RX LT,2720,132,108,118,130,2,16,1,50,0,0,0
2026-07-18T12:56:20.843 RX SA,977680220,LINEKD,2150
2026-07-18T12:56:20.843 RX LT,2740,130,110,116,171,2,16,1,51,0,0,0
2026-07-18T12:56:20.843 RX LT,2760,132,108,126,130,2,16,1,50,0,0,0
2026-07-18T12:56:20.843 RX LT,2780,132,108,116,171,2,16,1,49,0,0,0
2026-07-18T12:56:20.843 RX LT,2800,148,92,126,162,6,48,1,48,0,0,0
2026-07-18T12:56:20.963 RX LT,2820,164,76,127,129,6,48,1,45,0,0,0
2026-07-18T12:56:20.963 RX LT,2840,167,73,127,116,6,48,1,43,0,0,0
2026-07-18T12:56:20.965 RX LT,2860,167,73,127,116,6,48,1,41,0,0,0
2026-07-18T12:56:20.965 RX LT,2880,167,73,127,126,6,48,1,38,0,0,0
2026-07-18T12:56:20.965 RX LT,2900,167,73,171,116,6,48,1,35,0,0,0
2026-07-18T12:56:20.965 RX LT,2920,167,73,130,116,6,48,1,30,0,0,0
2026-07-18T12:56:20.966 RX LT,2940,167,73,171,126,6,48,1,25,0,0,0
2026-07-18T12:56:21.109 RX LT,2960,167,73,173,105,6,48,1,19,0,0,0
2026-07-18T12:56:21.109 RX LT,2980,167,73,163,126,6,48,1,14,0,0,0
2026-07-18T12:56:21.109 RX LT,3000,167,73,129,116,6,48,1,10,0,0,0
2026-07-18T12:56:21.109 RX LT,3020,167,73,182,105,6,48,1,4,0,0,0
2026-07-18T12:56:21.110 RX LT,3040,167,73,174,115,6,48,1,-5,0,0,0
2026-07-18T12:56:21.110 RX LT,3060,167,73,163,115,6,48,1,-11,0,0,0
2026-07-18T12:56:21.233 RX LT,3080,167,73,173,115,6,48,1,-17,0,0,0
2026-07-18T12:56:21.233 RX LT,3100,167,73,184,115,6,48,1,-23,0,0,0
2026-07-18T12:56:21.233 RX LT,3120,167,73,174,72,6,48,1,-29,0,0,0
2026-07-18T12:56:21.233 RX LT,3140,167,73,174,113,6,48,1,-34,0,0,0
2026-07-18T12:56:21.233 RX LT,3160,167,73,174,115,6,48,1,-40,0,0,0
2026-07-18T12:56:21.233 RX LT,3180,167,73,174,115,6,48,1,-45,0,0,0
2026-07-18T12:56:21.363 RX LT,3200,167,73,174,115,6,48,1,-51,0,0,0
2026-07-18T12:56:21.363 RX LT,3220,167,73,174,105,6,48,1,-57,0,0,0
2026-07-18T12:56:21.363 RX LT,3240,167,73,217,115,6,48,1,-63,0,0,0
2026-07-18T12:56:21.363 RX LT,3260,167,73,176,115,6,48,1,-73,0,0,0
2026-07-18T12:56:21.363 RX LT,3280,167,73,174,72,6,48,1,-79,0,0,0
2026-07-18T12:56:21.363 RX LT,3300,167,73,217,113,6,48,1,-86,0,0,0
2026-07-18T12:56:21.505 RX LT,3320,167,73,176,104,6,48,1,-92,0,0,0
2026-07-18T12:56:21.505 RX LT,3340,167,73,217,115,6,48,1,-95,0,0,0
2026-07-18T12:56:21.505 RX LT,3360,167,73,176,105,6,48,1,-102,0,0,0
2026-07-18T12:56:21.505 RX LT,3380,167,73,185,71,6,48,1,-108,0,0,0
2026-07-18T12:56:21.505 RX LT,3400,157,83,174,113,2,16,1,-114,0,0,0
2026-07-18T12:56:21.505 RX LT,3420,137,103,184,104,2,16,1,-120,0,0,0
2026-07-18T12:56:21.505 RX LT,3440,132,108,218,115,2,16,1,-126,0,0,0
2026-07-18T12:56:21.613 RX LT,3460,132,108,176,72,2,16,1,-132,0,0,0
2026-07-18T12:56:21.613 RX LT,3480,132,108,185,113,2,16,1,-140,0,0,0
2026-07-18T12:56:21.613 RX LT,3500,120,120,174,115,0,24,1,-145,0,0,0
2026-07-18T12:56:21.613 RX LT,3520,120,120,217,105,0,24,1,-150,0,0,0
2026-07-18T12:56:21.613 RX LT,3540,120,120,176,115,0,24,1,-154,0,0,0
2026-07-18T12:56:21.613 RX LT,3560,120,120,217,115,0,24,1,-158,0,0,0
2026-07-18T12:56:21.740 RX LT,3580,120,120,176,115,0,24,1,-161,0,0,0
2026-07-18T12:56:21.740 RX LT,3600,120,120,174,115,0,24,1,-164,0,0,0
2026-07-18T12:56:21.740 RX LT,3620,120,120,217,126,0,24,1,-167,0,0,0
2026-07-18T12:56:21.740 RX LT,3640,120,120,176,116,0,24,1,-170,0,0,0
2026-07-18T12:56:21.741 RX LT,3660,110,130,174,116,-2,8,1,-173,0,0,0
2026-07-18T12:56:21.863 RX LT,3680,108,132,174,159,-2,8,1,-177,0,0,0
2026-07-18T12:56:21.863 RX LT,3700,108,132,174,118,-2,8,1,-179,0,0,0
2026-07-18T12:56:21.863 RX LT,3720,108,132,174,116,-2,8,1,-181,0,0,0
2026-07-18T12:56:21.863 RX LT,3740,92,148,174,126,-6,12,1,-183,0,0,0
2026-07-18T12:56:21.863 RX LT,3760,76,164,174,160,-6,12,1,-184,0,0,0
2026-07-18T12:56:21.863 RX LT,3780,73,167,130,162,-6,12,1,-184,0,0,0
2026-07-18T12:56:21.984 RX LT,3800,73,167,127,162,-6,12,1,-184,0,0,0
2026-07-18T12:56:21.984 RX LT,3820,73,167,171,162,-6,12,1,-183,0,0,0
2026-07-18T12:56:21.993 RX LT,3840,73,167,119,129,-6,12,1,-180,0,0,0
2026-07-18T12:56:21.995 RX LT,3860,73,167,127,171,-6,12,1,-177,0,0,0
2026-07-18T12:56:21.995 RX LT,3880,73,167,127,162,-6,12,1,-175,0,0,0
2026-07-18T12:56:21.995 RX LT,3900,85,155,127,173,0,60,1,-172,0,0,0
2026-07-18T12:56:22.118 RX LT,3920,93,147,127,173,0,36,0,-170,0,0,0
2026-07-18T12:56:22.118 RX LT,3940,57,171,127,163,-11,4,1,-167,0,0,0
2026-07-18T12:56:22.120 RX LT,3960,57,171,160,173,-11,4,1,-165,0,0,0
2026-07-18T12:56:22.121 RX LT,3980,57,171,118,173,-11,4,1,-163,0,0,0
2026-07-18T12:56:22.123 RX LT,4000,57,171,127,130,-11,4,1,-160,0,0,0
2026-07-18T12:56:22.123 RX LT,4020,57,171,116,171,-11,4,1,-157,0,0,0
2026-07-18T12:56:22.243 RX LT,4040,57,171,126,173,-11,4,1,-154,0,0,0
2026-07-18T12:56:22.243 RX LT,4060,57,171,116,173,-11,4,1,-150,0,0,0
2026-07-18T12:56:22.243 RX LT,4080,57,171,116,173,-11,4,1,-147,0,0,0
2026-07-18T12:56:22.243 RX LT,4100,57,171,116,173,-11,4,1,-143,0,0,0
2026-07-18T12:56:22.243 RX LT,4120,57,171,116,173,-11,4,1,-136,0,0,0
2026-07-18T12:56:22.243 RX LT,4140,57,171,116,130,-11,4,1,-132,0,0,0
2026-07-18T12:56:22.363 RX LT,4160,57,171,72,171,-11,4,1,-127,0,0,0
2026-07-18T12:56:22.363 RX LT,4180,57,171,113,184,-11,4,1,-122,0,0,0
2026-07-18T12:56:22.363 RX LT,4200,57,171,72,207,-11,4,1,-118,0,0,0
2026-07-18T12:56:22.373 RX LT,4220,57,171,113,176,-11,4,1,-112,0,0,0
2026-07-18T12:56:22.373 RX LT,4240,57,171,104,174,-11,4,1,-107,0,0,0
2026-07-18T12:56:22.373 RX LT,4260,57,171,71,174,-11,4,1,-103,0,0,0
2026-07-18T12:56:22.495 RX LT,4280,57,171,113,174,-11,4,1,-98,0,0,0
2026-07-18T12:56:22.495 RX LT,4300,57,171,104,184,-11,4,1,-92,0,0,0
2026-07-18T12:56:22.497 RX LT,4320,57,171,71,174,-11,4,1,-87,0,0,0
2026-07-18T12:56:22.498 RX LT,4340,73,167,113,174,-6,12,1,-79,0,0,0
2026-07-18T12:56:22.498 TX SET LINEKD 2250 977680221
2026-07-18T12:56:22.498 RX LT,4360,73,167,104,217,-6,12,1,-73,0,0,0
2026-07-18T12:56:22.498 RX LT,4380,73,167,104,176,-6,12,1,-68,0,0,0
2026-07-18T12:56:22.498 RX LT,4400,73,167,71,217,-6,12,1,-63,0,0,0
2026-07-18T12:56:22.619 RX LT,4420,73,167,113,176,-6,12,1,-58,0,0,0
2026-07-18T12:56:22.619 RX SA,977680221,LINEKD,2250
2026-07-18T12:56:22.619 RX LT,4440,112,128,104,217,-6,12,1,-53,0,0,0
2026-07-18T12:56:22.623 RX LT,4460,96,144,104,176,-6,12,1,-48,0,0,0
2026-07-18T12:56:22.623 RX LT,4480,80,160,115,206,-6,12,1,-44,0,0,0
2026-07-18T12:56:22.623 RX LT,4500,73,167,105,176,-6,12,1,-41,0,0,0
2026-07-18T12:56:22.748 RX LT,4520,73,167,104,185,-6,12,1,-39,0,0,0
2026-07-18T12:56:22.748 RX LT,4540,73,167,115,174,-6,12,1,-35,0,0,0
2026-07-18T12:56:22.748 RX LT,4560,83,157,105,217,-2,8,1,-28,0,0,0
2026-07-18T12:56:22.749 RX LT,4580,103,137,104,176,-2,8,1,-24,0,0,0
2026-07-18T12:56:22.749 RX LT,4600,108,132,115,174,-2,8,1,-20,0,0,0
2026-07-18T12:56:22.749 RX LT,4620,118,122,105,174,0,24,1,-16,0,0,0
2026-07-18T12:56:22.863 RX LT,4640,120,120,115,174,0,24,1,-12,0,0,0
2026-07-18T12:56:22.863 RX LT,4660,120,120,72,163,0,24,1,-9,0,0,0
2026-07-18T12:56:22.863 RX LT,4680,120,120,113,173,0,24,1,-7,0,0,0
2026-07-18T12:56:22.863 RX LT,4700,120,120,115,173,0,24,1,-5,0,0,0
2026-07-18T12:56:22.863 RX LT,4720,120,120,115,130,0,24,1,-3,0,0,0
2026-07-18T12:56:22.863 RX LT,4740,120,120,115,171,0,24,1,-2,0,0,0
2026-07-18T12:56:23.012 RX LT,4760,120,120,72,162,0,24,1,-2,0,0,0
2026-07-18T12:56:23.012 RX LT,4780,120,120,113,173,0,24,1,-1,0,0,0
2026-07-18T12:56:23.012 RX LT,4800,132,108,115,163,2,16,1,-1,0,0,0
2026-07-18T12:56:23.012 RX LT,4820,132,108,115,162,2,16,1,0,0,0,0
2026-07-18T12:56:23.012 RX LT,4840,132,108,159,118,2,16,1,-1,0,0,0
2026-07-18T12:56:23.012 RX LT,4860,140,100,118,170,6,48,1,-2,0,0,0
2026-07-18T12:56:23.012 RX LT,4880,156,84,116,119,6,48,1,-3,0,0,0
2026-07-18T12:56:23.012 TX SET LINEKD 2350 977680222
2026-07-18T12:56:23.124 RX LT,4900,167,73,159,116,6,48,1,-5,0,0,0
2026-07-18T12:56:23.124 RX LT,4920,167,73,118,116,6,48,1,-7,0,0,0
2026-07-18T12:56:23.124 RX SA,977680222,LINEKD,2350
2026-07-18T12:56:23.124 RX LT,4940,128,112,159,116,6,48,1,-9,0,0,0
2026-07-18T12:56:23.124 RX LT,4960,144,96,162,116,6,48,1,-13,0,0,0
2026-07-18T12:56:23.124 RX LT,4980,160,80,162,159,6,48,1,-17,0,0,0
2026-07-18T12:56:23.269 RX LT,5000,167,73,162,118,6,48,1,-23,0,0,0
2026-07-18T12:56:23.269 RX LT,5020,167,73,162,105,6,48,1,-27,0,0,0
2026-07-18T12:56:23.269 RX LT,5040,167,73,162,71,6,48,1,-31,0,0,0
2026-07-18T12:56:23.269 RX LT,5060,167,73,162,113,6,48,1,-36,0,0,0
2026-07-18T12:56:23.270 RX LT,5080,167,73,162,72,6,48,1,-41,0,0,0
2026-07-18T12:56:23.270 RX LT,5100,167,73,129,113,6,48,1,-46,0,0,0
2026-07-18T12:56:23.270 RX LT,5120,167,73,171,104,6,48,1,-52,0,0,0
2026-07-18T12:56:23.393 RX LT,5140,167,73,162,71,6,48,1,-57,0,0,0
2026-07-18T12:56:23.393 RX LT,5160,167,73,162,113,6,48,1,-61,0,0,0
2026-07-18T12:56:23.393 RX LT,5180,167,73,162,72,6,48,1,-66,0,0,0
2026-07-18T12:56:23.393 RX LT,5200,167,73,173,113,6,48,1,-71,0,0,0
2026-07-18T12:56:23.393 RX LT,5220,167,73,173,72,6,48,1,-79,0,0,0
2026-07-18T12:56:23.393 RX LT,5240,167,73,163,113,6,48,1,-84,0,0,0
2026-07-18T12:56:23.523 RX LT,5260,167,73,173,104,6,48,1,-89,0,0,0
2026-07-18T12:56:23.523 RX LT,5280,167,73,173,115,6,48,1,-94,0,0,0
2026-07-18T12:56:23.524 RX LT,5300,167,73,130,105,6,48,1,-99,0,0,0
2026-07-18T12:56:23.524 RX LT,5320,167,73,182,115,6,48,1,-104,0,0,0
2026-07-18T12:56:23.524 RX LT,5340,167,73,131,105,6,48,1,-106,0,0,0
2026-07-18T12:56:23.524 RX LT,5360,167,73,171,115,6,48,1,-111,0,0,0
2026-07-18T12:56:23.643 RX LT,5380,167,73,217,105,6,48,1,-116,0,0,0
2026-07-18T12:56:23.643 RX LT,5400,167,73,165,71,6,48,1,-122,0,0,0
2026-07-18T12:56:23.643 RX LT,5420,167,73,173,113,6,48,1,-127,0,0,0
2026-07-18T12:56:23.643 RX LT,5440,167,73,173,104,6,48,1,-135,0,0,0
2026-07-18T12:56:23.643 RX LT,5460,167,73,184,71,6,48,1,-138,0,0,0
2026-07-18T12:56:23.643 RX LT,5480,167,73,174,69,6,48,1,-144,0,0,0
2026-07-18T12:56:23.774 RX LT,5500,167,73,174,113,6,48,1,-150,0,0,0
2026-07-18T12:56:23.774 RX LT,5520,167,73,174,104,6,48,1,-155,0,0,0
2026-07-18T12:56:23.774 RX LT,5540,167,73,184,71,6,48,1,-161,0,0,0
2026-07-18T12:56:23.774 RX LT,5560,147,93,174,69,2,16,1,-167,0,0,0
2026-07-18T12:56:23.774 RX LT,5580,132,108,174,113,2,16,1,-172,0,0,0
2026-07-18T12:56:23.774 RX LT,5600,132,108,217,115,2,16,1,-175,0,0,0
2026-07-18T12:56:23.901 RX LT,5620,132,108,176,115,2,16,1,-180,0,0,0
2026-07-18T12:56:23.901 RX LT,5640,132,108,174,105,2,16,1,-185,0,0,0
2026-07-18T12:56:23.901 RX LT,5660,122,118,217,115,0,24,1,-192,0,0,0
2026-07-18T12:56:23.901 RX LT,5680,120,120,176,72,0,24,1,-196,0,0,0
2026-07-18T12:56:23.901 RX LT,5700,120,120,174,113,0,24,1,-200,0,0,0
2026-07-18T12:56:23.902 RX LT,5720,120,120,217,72,0,24,1,-204,0,0,0
2026-07-18T12:56:24.026 RX LT,5740,120,120,176,113,0,24,1,-208,0,0,0
2026-07-18T12:56:24.026 RX LT,5760,120,120,174,115,0,24,1,-211,0,0,0
2026-07-18T12:56:24.026 RX LT,5780,120,120,174,115,0,24,1,-214,0,0,0
2026-07-18T12:56:24.026 RX LT,5800,120,120,174,115,0,24,1,-217,0,0,0
2026-07-18T12:56:24.026 RX LT,5820,120,120,174,105,0,24,1,-219,0,0,0
2026-07-18T12:56:24.026 RX LT,5840,108,132,174,115,-2,8,1,-222,0,0,0
2026-07-18T12:56:24.151 RX LT,5860,100,140,174,126,-6,12,1,-224,0,0,0
2026-07-18T12:56:24.151 RX LT,5880,84,156,174,116,-6,12,1,-227,0,0,0
2026-07-18T12:56:24.151 RX LT,5900,73,167,174,116,-6,12,1,-228,0,0,0
2026-07-18T12:56:24.151 RX LT,5920,73,167,163,126,-6,12,1,-228,0,0,0
2026-07-18T12:56:24.151 RX LT,5940,73,167,162,160,-6,12,1,-228,0,0,0
2026-07-18T12:56:24.151 RX LT,5960,73,167,162,162,-6,12,1,-227,0,0,0
2026-07-18T12:56:24.276 RX LT,5980,73,167,162,162,-6,12,1,-225,0,0,0
2026-07-18T12:56:24.276 RX LT,6000,73,167,129,162,-6,12,1,-223,0,0,0
2026-07-18T12:56:24.276 RX LT,6020,73,167,160,162,-6,12,1,-220,0,0,0
2026-07-18T12:56:24.276 RX LT,6040,73,167,129,129,-6,12,1,-217,0,0,0
2026-07-18T12:56:24.276 RX LT,6060,73,167,127,171,-6,12,1,-213,0,0,0
2026-07-18T12:56:24.277 RX LT,6080,57,171,127,130,-11,4,1,-208,0,0,0
2026-07-18T12:56:24.402 RX LT,6100,57,171,160,171,-11,4,1,-206,0,0,0
2026-07-18T12:56:24.402 RX LT,6120,57,171,118,173,-11,4,1,-203,0,0,0
2026-07-18T12:56:24.403 RX LT,6140,57,171,127,130,-11,4,1,-199,0,0,0
2026-07-18T12:56:24.405 RX LT,6160,57,171,116,171,-11,4,1,-195,0,0,0
2026-07-18T12:56:24.407 RX LT,6180,57,171,116,173,-11,4,1,-191,0,0,0
2026-07-18T12:56:24.409 RX LT,6200,57,171,126,173,-11,4,1,-187,0,0,0
2026-07-18T12:56:24.527 RX LT,6220,57,171,116,173,-11,4,1,-183,0,0,0
2026-07-18T12:56:24.527 RX LT,6240,57,171,116,173,-11,4,1,-178,0,0,0
2026-07-18T12:56:24.527 RX LT,6260,57,171,126,173,-11,4,1,-174,0,0,0
2026-07-18T12:56:24.527 RX LT,6280,57,171,116,173,-11,4,1,-171,0,0,0
2026-07-18T12:56:24.527 RX LT,6300,57,171,116,173,-11,4,1,-164,0,0,0
2026-07-18T12:56:24.527 RX LT,6320,57,171,159,173,-11,4,1,-159,0,0,0
2026-07-18T12:56:24.653 RX LT,6340,57,171,118,173,-11,4,1,-154,0,0,0
2026-07-18T12:56:24.653 RX LT,6360,57,171,105,130,-11,4,1,-149,0,0,0
2026-07-18T12:56:24.653 RX LT,6380,57,171,115,214,-11,4,1,-143,0,0,0
2026-07-18T12:56:24.653 RX LT,6400,57,171,105,176,-11,4,1,-138,0,0,0
2026-07-18T12:56:24.653 RX LT,6420,57,171,71,174,-11,4,1,-132,0,0,0
2026-07-18T12:56:24.653 RX LT,6440,57,171,113,174,-11,4,1,-127,0,0,0
2026-07-18T12:56:24.779 RX LT,6460,57,171,72,174,-11,4,1,-121,0,0,0
2026-07-18T12:56:24.779 RX LT,6480,57,171,113,184,-11,4,1,-116,0,0,0
2026-07-18T12:56:24.781 RX LT,6500,57,171,104,174,-11,4,1,-110,0,0,0
2026-07-18T12:56:24.783 RX LT,6520,57,171,71,217,-11,4,1,-101,0,0,0
2026-07-18T12:56:24.783 RX LT,6540,57,171,69,176,-11,4,1,-96,0,0,0
2026-07-18T12:56:24.783 TX SET LINEKD 2250 977680223
2026-07-18T12:56:24.783 RX LT,6560,57,171,113,174,-11,4,1,-91,0,0,0
2026-07-18T12:56:24.904 RX LT,6580,57,171,104,217,-11,4,1,-86,0,0,0
2026-07-18T12:56:24.904 RX LT,6600,57,171,71,176,-11,4,1,-82,0,0,0
2026-07-18T12:56:24.904 RX SA,977680223,LINEKD,2250
2026-07-18T12:56:24.904 RX LT,6620,112,128,113,174,-6,12,1,-76,0,0,0
2026-07-18T12:56:24.904 RX LT,6640,96,144,104,174,-6,12,1,-71,0,0,0
2026-07-18T12:56:24.904 RX LT,6660,80,160,115,174,-6,12,1,-66,0,0,0
2026-07-18T12:56:24.904 RX LT,6680,73,167,105,174,-6,12,1,-64,0,0,0
2026-07-18T12:56:25.039 RX LT,6700,73,167,71,184,-6,12,1,-59,0,0,0
2026-07-18T12:56:25.039 RX LT,6720,73,167,113,174,-6,12,1,-55,0,0,0
2026-07-18T12:56:25.039 RX LT,6740,73,167,104,174,-6,12,1,-48,0,0,0
2026-07-18T12:56:25.039 RX LT,6760,73,167,71,217,-6,12,1,-44,0,0,0
2026-07-18T12:56:25.039 RX LT,6789,73,167,104,184,-6,12,1,-37,0,0,0
2026-07-18T12:56:25.039 RX LT,6810,103,137,77,185,-2,8,1,-33,0,0,0
2026-07-18T12:56:25.163 RX LT,6830,108,132,113,163,-2,8,1,-29,0,0,0
2026-07-18T12:56:25.163 RX LT,6851,108,132,115,205,-2,8,1,-25,0,0,0
2026-07-18T12:56:25.163 RX LT,6871,108,132,105,132,-2,8,1,-20,0,0,0
2026-07-18T12:56:25.163 RX LT,6891,120,120,115,171,0,24,1,-17,0,0,0
2026-07-18T12:56:25.163 RX LT,6911,120,120,115,173,0,24,1,-15,0,0,0
2026-07-18T12:56:25.163 RX LT,6931,120,120,72,130,0,24,1,-13,0,0,0
2026-07-18T12:56:25.294 RX LT,6951,120,120,113,171,0,24,1,-12,0,0,0
2026-07-18T12:56:25.294 RX LT,6971,120,120,115,162,0,24,1,-12,0,0,0
2026-07-18T12:56:25.294 RX LT,6991,120,120,83,129,0,24,1,-11,0,0,0
2026-07-18T12:56:25.294 RX LT,7011,120,120,113,127,0,24,1,-11,0,0,0
2026-07-18T12:56:25.294 RX LT,7031,120,120,159,127,0,24,1,-11,0,0,0
2026-07-18T12:56:25.294 RX LT,7051,120,120,118,127,0,24,1,-11,0,0,0
2026-07-18T12:56:25.294 TX SET LINEKP 8150 977680224
2026-07-18T12:56:25.393 RX LT,7071,132,108,116,160,2,16,1,-11,0,0,0
2026-07-18T12:56:25.393 RX LT,7091,132,108,116,162,2,16,1,-12,0,0,0
2026-07-18T12:56:25.393 RX SA,977680224,LINEKP,8150
2026-07-18T12:56:25.393 RX LT,7111,130,110,116,118,2,16,1,-13,0,0,0
2026-07-18T12:56:25.393 RX LT,7131,132,108,159,116,2,16,1,-14,0,0,0
2026-07-18T12:56:25.403 RX LT,7151,140,100,118,126,6,48,1,-16,0,0,0
2026-07-18T12:56:25.403 RX LT,7171,156,84,159,116,6,48,1,-18,0,0,0
2026-07-18T12:56:25.543 RX LT,7191,167,73,118,116,6,48,1,-21,0,0,0
2026-07-18T12:56:25.543 RX LT,7211,167,73,127,105,6,48,1,-24,0,0,0
2026-07-18T12:56:25.543 RX LT,7231,167,73,127,71,6,48,1,-27,0,0,0
2026-07-18T12:56:25.543 RX LT,7251,167,73,127,113,6,48,1,-30,0,0,0
2026-07-18T12:56:25.543 RX LT,7271,167,73,171,115,6,48,1,-34,0,0,0
2026-07-18T12:56:25.543 RX LT,7291,167,73,162,105,6,48,1,-38,0,0,0
2026-07-18T12:56:25.673 RX LT,7311,167,73,129,71,6,48,1,-46,0,0,0
2026-07-18T12:56:25.673 RX LT,7331,167,73,171,69,6,48,1,-52,0,0,0
2026-07-18T12:56:25.673 RX LT,7351,167,73,162,69,6,48,1,-54,0,0,0
2026-07-18T12:56:25.673 RX LT,7371,167,73,129,113,6,48,1,-59,0,0,0
2026-07-18T12:56:25.673 RX LT,7391,167,73,171,104,6,48,1,-64,0,0,0
2026-07-18T12:56:25.673 RX LT,7411,167,73,173,104,6,48,1,-69,0,0,0
2026-07-18T12:56:25.793 RX LT,7431,167,73,130,71,6,48,1,-75,0,0,0
2026-07-18T12:56:25.793 RX LT,7451,167,73,171,69,6,48,1,-80,0,0,0
2026-07-18T12:56:25.793 RX LT,7471,167,73,173,113,6,48,1,-86,0,0,0
2026-07-18T12:56:25.793 RX LT,7491,167,73,173,61,6,48,1,-92,0,0,0
2026-07-18T12:56:25.793 RX LT,7511,167,73,130,112,6,48,1,-100,0,0,0
2026-07-18T12:56:25.793 RX LT,7531,167,73,171,104,6,48,1,-106,0,0,0
2026-07-18T12:56:25.943 RX LT,7551,167,73,217,104,6,48,1,-112,0,0,0
2026-07-18T12:56:25.943 RX LT,7571,167,73,165,104,6,48,1,-117,0,0,0
2026-07-18T12:56:25.943 RX LT,7591,155,85,216,104,0,62,0,-123,0,0,0
2026-07-18T12:56:25.943 RX LT,7611,140,140,133,104,0,63,0,0,0,1,0
2026-07-18T12:56:25.943 RX LT,7631,140,140,171,115,0,63,0,0,0,1,0
2026-07-18T12:56:25.943 RX LT,7651,140,140,173,72,0,63,0,0,0,1,0
2026-07-18T12:56:25.943 RX LT,7671,-165,165,163,69,0,31,0,-2,0,2,1
2026-07-18T12:56:26.070 RX LT,7691,-165,165,31,113,0,31,0,-5,0,2,3
2026-07-18T12:56:26.070 RX LT,7711,-165,165,12,115,-9,30,1,-6,0,2,4
2026-07-18T12:56:26.070 RX LT,7731,-165,165,0,105,-3,28,1,4,0,2,5
2026-07-18T12:56:26.070 RX LT,7751,-165,165,0,126,2,16,1,17,0,2,7
2026-07-18T12:56:26.071 RX LT,7771,-165,165,54,127,0,0,0,32,0,2,9
2026-07-18T12:56:26.071 RX LT,7791,-165,165,68,116,0,0,0,48,0,2,10
2026-07-18T12:56:26.194 RX LT,7811,-165,165,69,116,-30,3,1,64,0,2,12
2026-07-18T12:56:26.194 RX LT,7831,-165,165,69,126,-30,3,1,80,0,2,15
2026-07-18T12:56:26.194 RX LT,7851,-165,165,102,116,-30,3,1,96,0,2,17
2026-07-18T12:56:26.194 RX LT,7871,-165,165,115,159,-24,7,1,112,0,2,20
2026-07-18T12:56:26.194 RX LT,7891,-165,165,72,162,-24,7,1,129,0,2,22
2026-07-18T12:56:26.194 RX LT,7911,-165,165,113,162,-24,7,1,146,0,2,24
2026-07-18T12:56:26.302 RX LT,7931,-165,165,159,162,-24,7,1,164,0,2,27
2026-07-18T12:56:26.302 RX LT,7951,-165,165,162,129,-18,15,1,191,0,2,30
2026-07-18T12:56:26.302 RX LT,7971,-165,165,162,171,-18,15,1,210,0,2,34
2026-07-18T12:56:26.302 RX LT,7991,-165,165,129,173,-12,14,1,230,0,2,37
2026-07-18T12:56:26.302 RX LT,8011,-165,165,171,163,-9,30,1,240,0,2,40
2026-07-18T12:56:26.427 RX LT,8031,-165,165,173,173,-3,28,1,261,0,2,43
2026-07-18T12:56:26.427 RX LT,8051,-165,165,217,173,-3,28,1,282,0,2,47
2026-07-18T12:56:26.427 RX LT,8071,-107,107,220,163,-3,28,1,303,0,2,51
2026-07-18T12:56:26.427 RX LT,8091,-102,102,176,129,0,24,1,324,0,2,54
2026-07-18T12:56:26.428 RX LT,8111,-97,97,174,127,0,24,1,344,0,2,57
2026-07-18T12:56:26.428 RX LT,8131,-92,92,174,127,3,56,1,362,0,2,60
2026-07-18T12:56:26.553 RX LT,8151,-87,87,174,116,6,48,1,381,0,2,63
2026-07-18T12:56:26.553 RX LT,8171,-82,82,174,116,6,48,1,404,0,2,66
2026-07-18T12:56:26.553 RX LT,8191,-79,79,163,83,6,48,1,418,0,2,68
2026-07-18T12:56:26.553 RX LT,8211,-74,74,173,113,6,48,1,431,0,2,71
2026-07-18T12:56:26.553 RX LT,8231,-70,70,163,72,6,48,1,444,0,3,74
2026-07-18T12:56:26.553 RX TURN CAPTURE,1,449,75,48,6
2026-07-18T12:56:26.553 RX LT,8251,0,0,162,113,11,32,1,455,0,5,76
2026-07-18T12:56:26.700 RX LT,8271,0,0,75,17,11,32,1,464,0,5,77
2026-07-18T12:56:26.700 RX LT,8291,0,0,15,44,11,32,1,470,0,5,78
2026-07-18T12:56:26.700 RX LT,8311,0,0,55,57,11,32,1,473,0,5,79
2026-07-18T12:56:26.700 RX LT,8331,0,0,57,47,11,32,1,474,0,5,81
2026-07-18T12:56:26.701 RX LT,8351,0,0,57,2,11,32,1,474,0,5,81
2026-07-18T12:56:26.701 RX LT,8371,0,0,14,11,11,32,1,473,0,5,81
2026-07-18T12:56:26.701 RX LT,8391,0,0,0,0,11,32,1,468,0,6,81
2026-07-18T12:56:26.825 RX LT,8411,110,90,0,0,11,32,1,463,0,6,81
2026-07-18T12:56:26.825 RX LT,8431,120,80,54,65,11,32,1,456,0,6,83
2026-07-18T12:56:26.825 RX LT,8451,130,70,46,4,11,32,1,450,0,6,83
2026-07-18T12:56:26.825 RX LT,8471,140,60,13,11,11,32,1,443,0,6,84
2026-07-18T12:56:26.825 RX LT,8491,145,55,55,44,11,32,1,436,0,6,84
2026-07-18T12:56:26.825 RX LT,8511,145,55,57,2,11,32,1,429,0,6,85
2026-07-18T12:56:26.951 RX LT,8531,145,55,68,11,11,32,1,421,0,6,86
2026-07-18T12:56:26.951 RX LT,8551,145,55,58,44,11,32,1,413,0,6,87
2026-07-18T12:56:26.951 RX LT,8571,145,55,68,2,11,32,1,405,0,6,88
2026-07-18T12:56:26.952 RX LT,8591,145,55,102,0,11,32,1,396,0,6,89
2026-07-18T12:56:26.952 RX LT,8611,145,55,60,10,11,32,1,384,0,6,90
2026-07-18T12:56:26.952 RX LT,8631,144,56,69,0,6,48,1,376,0,6,91
2026-07-18T12:56:27.052 RX LT,8651,145,55,102,10,6,48,1,369,0,6,92
2026-07-18T12:56:27.052 RX TURN CENTER,1,361,93,48,6
2026-07-18T12:56:27.052 RX TURN LEARN,1,900,92
2026-07-18T12:56:27.052 RX TURN DONE,1,361,1060
2026-07-18T12:56:27.052 RX LT,8671,145,55,104,44,6,48,1,0,1,0,93
2026-07-18T12:56:27.052 RX LT,8691,136,104,60,46,6,48,1,-7,1,0,93
2026-07-18T12:56:27.052 RX LT,8711,152,88,58,46,6,48,1,-12,1,0,93
2026-07-18T12:56:27.052 RX LT,8731,167,73,68,46,6,48,1,-17,1,0,93
2026-07-18T12:56:27.178 RX LT,8751,167,73,58,57,6,48,1,-21,1,0,93
2026-07-18T12:56:27.178 RX LT,8771,167,73,68,14,6,48,1,-24,1,0,93
2026-07-18T12:56:27.183 RX LT,8791,167,73,102,55,6,48,1,-28,1,0,93
2026-07-18T12:56:27.183 RX LT,8811,167,73,104,57,6,48,1,-32,1,0,93
2026-07-18T12:56:27.183 RX LT,8831,167,73,104,57,6,48,1,-38,1,0,93
2026-07-18T12:56:27.183 RX LT,8851,157,83,71,57,2,16,1,-42,1,0,93
2026-07-18T12:56:27.307 RX LT,8871,137,103,113,57,2,16,1,-47,1,0,93
2026-07-18T12:56:27.307 RX LT,8891,132,108,104,101,2,16,1,-51,1,0,93
2026-07-18T12:56:27.307 RX LT,8911,132,108,115,60,2,16,1,-54,1,0,93
2026-07-18T12:56:27.307 RX LT,8931,122,118,105,69,0,24,1,-58,1,0,93
2026-07-18T12:56:27.307 RX LT,8951,120,120,115,69,0,24,1,-60,1,0,93
2026-07-18T12:56:27.307 RX LT,8971,120,120,115,69,0,24,1,-63,1,0,93
2026-07-18T12:56:27.434 RX LT,8991,120,120,72,113,0,24,1,-65,1,0,93
2026-07-18T12:56:27.434 RX LT,9011,120,120,113,72,0,24,1,-67,1,0,93
2026-07-18T12:56:27.434 RX LT,9031,120,120,115,113,0,24,1,-69,1,0,93
2026-07-18T12:56:27.435 RX LT,9051,108,132,115,115,-2,8,1,-70,1,0,93
2026-07-18T12:56:27.435 RX LT,9071,108,132,115,115,-2,8,1,-71,1,0,93
2026-07-18T12:56:27.435 RX LT,9091,108,132,115,115,-2,8,1,-72,1,0,93
2026-07-18T12:56:27.554 RX LT,9111,100,140,115,115,-6,12,1,-73,1,0,93
2026-07-18T12:56:27.554 RX LT,9131,84,156,115,115,-6,12,1,-74,1,0,93
2026-07-18T12:56:27.554 RX LT,9151,73,167,72,115,-6,12,1,-75,1,0,93
2026-07-18T12:56:27.554 RX LT,9171,73,167,113,126,-6,12,1,-75,1,0,93
2026-07-18T12:56:27.563 RX LT,9191,57,171,115,160,-11,4,1,-74,1,0,93
2026-07-18T12:56:27.566 RX LT,9211,57,171,115,118,-11,4,1,-74,1,0,93
2026-07-18T12:56:27.683 RX LT,9231,57,171,72,159,-11,4,1,-73,1,0,93
2026-07-18T12:56:27.683 RX LT,9251,57,171,113,162,-11,4,1,-72,1,0,93
2026-07-18T12:56:27.683 RX LT,9271,57,171,115,162,-11,4,1,-69,1,0,93
2026-07-18T12:56:27.683 RX LT,9291,57,171,115,162,-11,4,1,-68,1,0,93
2026-07-18T12:56:27.693 RX LT,9311,57,171,105,162,-11,4,1,-66,1,0,93
2026-07-18T12:56:27.694 RX LT,9331,29,171,115,129,-18,6,1,-63,1,0,93
2026-07-18T12:56:27.813 RX LT,9351,29,171,105,171,-18,6,1,-61,1,0,93
2026-07-18T12:56:27.813 RX LT,9371,29,171,104,162,-18,6,1,-58,1,0,93
2026-07-18T12:56:27.813 RX LT,9391,5,175,71,129,-25,2,1,-55,1,0,93
2026-07-18T12:56:27.813 RX LT,9411,5,175,58,171,-25,2,1,-52,1,0,93
2026-07-18T12:56:27.813 RX LT,9431,5,175,68,162,-25,2,1,-48,1,0,93
2026-07-18T12:56:27.813 RX LT,9451,5,175,58,173,-25,2,1,-44,1,0,93
2026-07-18T12:56:27.813 TX SET LINEKP 8250 977680225
2026-07-18T12:56:27.937 RX LT,9471,5,175,101,173,-25,2,1,-50,1,0,93
2026-07-18T12:56:27.937 RX LT,9491,5,175,60,163,-25,2,1,-43,1,0,93
2026-07-18T12:56:27.937 RX SA,977680225,LINEKP,8250
2026-07-18T12:56:27.937 RX LT,9511,72,108,58,173,-25,2,1,-36,1,0,93
2026-07-18T12:56:27.940 RX LT,9531,36,144,101,163,-25,2,1,-30,1,0,93
2026-07-18T12:56:27.940 RX LT,9551,5,175,71,162,-25,2,1,-24,1,0,93
2026-07-18T12:56:27.940 RX LT,9571,5,175,58,173,-25,2,1,-19,1,0,93
2026-07-18T12:56:28.058 RX LT,9591,5,175,58,163,-25,2,1,-14,1,0,93
2026-07-18T12:56:28.058 RX LT,9611,5,175,58,129,-25,2,1,-10,1,0,93
2026-07-18T12:56:28.058 RX LT,9631,5,175,58,171,-25,2,1,-5,1,0,93
2026-07-18T12:56:28.058 RX LT,9651,5,175,58,173,-25,2,1,0,1,0,93
2026-07-18T12:56:28.058 RX LT,9671,5,175,58,173,-25,2,1,5,1,0,93
2026-07-18T12:56:28.058 RX LT,9691,5,175,14,173,-25,2,1,13,1,0,93
2026-07-18T12:56:28.203 RX LT,9711,5,175,55,163,-25,2,1,18,1,0,93
2026-07-18T12:56:28.203 RX LT,9731,5,175,14,173,-25,2,1,23,1,0,93
2026-07-18T12:56:28.203 RX LT,9751,5,175,55,173,-25,2,1,28,1,0,93
2026-07-18T12:56:28.203 RX LT,9771,5,175,46,173,-25,2,1,33,1,0,93
2026-07-18T12:56:28.203 RX LT,9791,5,175,13,173,-25,2,1,37,1,0,93
2026-07-18T12:56:28.203 RX LT,9811,57,171,55,130,-11,4,1,42,1,0,93
2026-07-18T12:56:28.203 RX LT,9831,57,171,14,171,-11,4,1,46,1,0,93
2026-07-18T12:56:28.332 RX LT,9851,57,171,55,173,-11,4,1,49,1,0,93
2026-07-18T12:56:28.332 RX LT,9871,57,171,57,163,-11,4,1,52,1,0,93
2026-07-18T12:56:28.332 RX LT,9891,57,171,57,173,-11,4,1,54,1,0,93
2026-07-18T12:56:28.332 RX LT,9911,57,171,57,173,-11,4,1,57,1,0,93
2026-07-18T12:56:28.332 RX LT,9931,57,171,47,163,-11,4,1,59,1,0,93
2026-07-18T12:56:28.332 RX LT,9951,57,171,57,173,-11,4,1,61,1,0,93
2026-07-18T12:56:28.461 RX LT,9971,57,171,57,173,-11,4,1,62,1,0,93
2026-07-18T12:56:28.461 RX LT,9991,57,171,57,163,-11,4,1,64,1,0,93
2026-07-18T12:56:28.461 RX LT,10011,57,171,57,173,-11,4,1,65,1,0,93
2026-07-18T12:56:28.461 RX LT,10031,57,171,57,163,-11,4,1,67,1,0,93
2026-07-18T12:56:28.463 RX LT,10051,57,171,57,173,-11,4,1,67,1,0,93
2026-07-18T12:56:28.463 RX LT,10071,57,171,47,130,-11,4,1,68,1,0,93
2026-07-18T12:56:28.587 RX LT,10091,57,171,57,171,-11,4,1,69,1,0,93
2026-07-18T12:56:28.587 RX LT,10111,57,171,57,173,-11,4,1,69,1,0,93
2026-07-18T12:56:28.587 RX LT,10131,73,167,57,173,-6,12,1,70,1,0,93
2026-07-18T12:56:28.587 RX LT,10151,73,167,57,173,-6,12,1,71,1,0,93
2026-07-18T12:56:28.588 RX LT,10171,93,147,57,173,-2,8,1,72,1,0,93
2026-07-18T12:56:28.588 RX LT,10191,108,132,68,173,-2,8,1,72,1,0,93
2026-07-18T12:56:28.713 RX LT,10211,108,132,58,163,-2,8,1,71,1,0,93
2026-07-18T12:56:28.713 RX LT,10231,108,132,58,173,-2,8,1,71,1,0,93
2026-07-18T12:56:28.714 RX LT,10251,108,132,68,163,-2,8,1,69,1,0,93
2026-07-18T12:56:28.714 RX LT,10271,108,132,58,129,-2,8,1,67,1,0,93
2026-07-18T12:56:28.714 RX LT,10291,108,132,14,171,-2,8,1,66,1,0,93
2026-07-18T12:56:28.714 RX LT,10311,108,132,55,119,-2,8,1,65,1,0,93
2026-07-18T12:56:28.714 TX SET LINEKP 8350 977680226
2026-07-18T12:56:28.833 RX LT,10331,120,120,57,127,0,24,1,63,1,0,93
2026-07-18T12:56:28.833 RX LT,10351,130,110,57,127,2,16,1,59,1,0,93
2026-07-18T12:56:28.833 RX SA,977680226,LINEKP,8350
2026-07-18T12:56:28.833 RX LT,10371,130,110,101,116,2,16,1,55,1,0,93
2026-07-18T12:56:28.833 RX LT,10391,132,108,60,126,2,16,1,52,1,0,93
2026-07-18T12:56:28.833 RX LT,10411,132,108,101,116,2,16,1,47,1,0,93
2026-07-18T12:56:28.833 RX LT,10431,132,108,104,116,2,16,1,42,1,0,93
2026-07-18T12:56:28.963 RX LT,10451,132,108,60,116,2,16,1,37,1,0,93
2026-07-18T12:56:28.963 RX LT,10471,132,108,69,116,2,16,1,32,1,0,93
2026-07-18T12:56:28.963 RX LT,10491,132,108,113,116,2,16,1,26,1,0,93
2026-07-18T12:56:28.963 RX LT,10511,132,108,104,116,2,16,1,21,1,0,93
2026-07-18T12:56:28.963 RX LT,10531,140,100,104,116,6,48,1,15,1,0,93
2026-07-18T12:56:28.963 RX LT,10551,156,84,71,116,6,48,1,12,1,0,93
2026-07-18T12:56:29.090 RX LT,10571,167,73,113,116,6,48,1,4,1,0,93
2026-07-18T12:56:29.090 RX LT,10591,167,73,72,105,6,48,1,-2,1,0,93
2026-07-18T12:56:29.090 RX LT,10611,167,73,113,104,6,48,1,-8,1,0,93
2026-07-18T12:56:29.090 RX LT,10631,167,73,115,71,6,48,1,-14,1,0,93
2026-07-18T12:56:29.091 RX LT,10651,171,57,115,113,11,32,1,-21,1,0,93
2026-07-18T12:56:29.091 RX LT,10671,171,57,115,72,11,32,1,-28,1,0,93
2026-07-18T12:56:29.214 RX LT,10691,171,57,115,113,11,32,1,-35,1,0,93
2026-07-18T12:56:29.214 RX LT,10711,171,57,159,61,11,32,1,-41,1,0,93
2026-07-18T12:56:29.214 RX LT,10731,171,57,118,69,11,32,1,-49,1,0,93
2026-07-18T12:56:29.214 RX LT,10751,171,57,159,69,11,32,1,-57,1,0,93
2026-07-18T12:56:29.214 RX LT,10771,171,57,162,69,11,32,1,-65,1,0,93
2026-07-18T12:56:29.214 RX LT,10791,171,57,162,102,11,32,1,-78,1,0,93
2026-07-18T12:56:29.323 RX LT,10811,171,57,162,60,11,32,1,-86,1,0,93
2026-07-18T12:56:29.323 RX LT,10831,171,57,129,69,11,32,1,-94,1,0,93
2026-07-18T12:56:29.323 RX LT,10851,171,57,171,69,11,32,1,-102,1,0,93
2026-07-18T12:56:29.323 RX LT,10871,171,57,162,102,11,32,1,-109,1,0,93
2026-07-18T12:56:29.323 RX LT,10891,171,57,173,60,11,32,1,-117,1,0,93
2026-07-18T12:56:29.447 RX LT,10911,171,57,163,69,11,32,1,-124,1,0,93
2026-07-18T12:56:29.447 RX LT,10931,171,57,173,102,11,32,1,-131,1,0,93
2026-07-18T12:56:29.447 RX LT,10951,171,57,163,104,11,32,1,-139,1,0,93
2026-07-18T12:56:29.447 RX LT,10971,171,57,173,60,11,32,1,-146,1,0,93
2026-07-18T12:56:29.448 RX LT,10991,171,57,173,101,11,32,1,-153,1,0,93
2026-07-18T12:56:29.448 RX LT,11011,171,57,163,104,11,32,1,-162,1,0,93
2026-07-18T12:56:29.572 RX LT,11031,171,57,173,60,11,32,1,-169,1,0,93
2026-07-18T12:56:29.573 RX LT,11051,171,57,173,58,11,32,1,-175,1,0,93
2026-07-18T12:56:29.573 RX LT,11071,171,57,173,68,11,32,1,-182,1,0,93
2026-07-18T12:56:29.573 RX LT,11091,171,57,173,58,11,32,1,-188,1,0,93
2026-07-18T12:56:29.573 RX LT,11111,171,57,173,68,11,32,1,-195,1,0,93
2026-07-18T12:56:29.573 RX LT,11131,171,57,173,58,11,32,1,-202,1,0,93
2026-07-18T12:56:29.703 RX LT,11151,171,57,173,68,11,32,1,-208,1,0,93
2026-07-18T12:56:29.703 RX LT,11171,171,57,173,58,11,32,1,-211,1,0,93
2026-07-18T12:56:29.704 RX LT,11191,171,57,163,58,11,32,1,-216,1,0,93
2026-07-18T12:56:29.704 RX LT,11211,171,57,173,58,11,32,1,-221,1,0,93
2026-07-18T12:56:29.704 RX LT,11231,167,73,173,58,6,48,1,-228,1,0,93
2026-07-18T12:56:29.704 RX LT,11251,167,73,173,68,6,48,1,-232,1,0,93
2026-07-18T12:56:29.819 RX LT,11271,167,73,173,58,6,48,1,-237,1,0,93
2026-07-18T12:56:29.819 RX LT,11291,167,73,173,101,6,48,1,-241,1,0,93
2026-07-18T12:56:29.819 RX LT,11311,167,73,173,60,6,48,1,-246,1,0,93
2026-07-18T12:56:29.819 RX LT,11331,167,73,173,101,6,48,1,-250,1,0,93
2026-07-18T12:56:29.819 RX LT,11351,167,73,184,60,6,48,1,-255,1,0,93
2026-07-18T12:56:29.819 RX LT,11371,167,73,174,69,6,48,1,-260,1,0,93
2026-07-18T12:56:29.819 TX SET LINEKP 8250 977680227
2026-07-18T12:56:29.930 RX LT,11391,147,93,184,102,2,16,1,-264,1,0,93
2026-07-18T12:56:29.930 RX LT,11411,132,108,174,60,2,16,1,-270,1,0,93
2026-07-18T12:56:29.930 RX SA,977680227,LINEKP,8250
2026-07-18T12:56:29.930 RX LT,11431,130,110,184,69,2,16,1,-274,1,0,93
2026-07-18T12:56:29.931 RX LT,11451,132,108,174,69,2,16,1,-280,1,0,93
2026-07-18T12:56:29.931 RX LT,11471,132,108,174,102,2,16,1,-283,1,0,93
2026-07-18T12:56:30.052 RX LT,11491,120,120,174,104,0,24,1,-286,1,0,93
2026-07-18T12:56:30.052 RX LT,11511,120,120,174,104,0,24,1,-290,1,0,93
2026-07-18T12:56:30.052 RX LT,11531,120,120,174,104,0,24,1,-293,1,0,93
2026-07-18T12:56:30.052 RX LT,11551,120,120,174,104,0,24,1,-296,1,0,93
2026-07-18T12:56:30.052 RX LT,11571,120,120,174,104,0,24,1,-298,1,0,93
2026-07-18T12:56:30.052 RX LT,11591,108,132,174,104,-2,8,1,-301,1,0,93
2026-07-18T12:56:30.164 RX LT,11611,108,132,130,104,-2,8,1,-303,1,0,93
2026-07-18T12:56:30.164 RX LT,11631,108,132,127,115,-2,8,1,-303,1,0,93
2026-07-18T12:56:30.164 RX LT,11651,108,132,127,105,-2,8,1,-304,1,0,93
2026-07-18T12:56:30.164 RX LT,11671,108,132,171,71,-2,8,1,-305,1,0,93
2026-07-18T12:56:30.164 RX LT,11691,100,140,130,113,-6,12,1,-306,1,0,93
2026-07-18T12:56:30.283 RX LT,11711,84,156,127,115,-6,12,1,-307,1,0,93
2026-07-18T12:56:30.283 RX LT,11731,73,167,127,115,-6,12,1,-307,1,0,93
2026-07-18T12:56:30.283 RX LT,11751,57,171,127,115,-11,4,1,-307,1,0,93
2026-07-18T12:56:30.283 RX LT,11771,57,171,127,115,-11,4,1,-306,1,0,93
2026-07-18T12:56:30.283 RX LT,11791,57,171,116,159,-11,4,1,-304,1,0,93
2026-07-18T12:56:30.283 RX LT,11811,57,171,126,162,-11,4,1,-301,1,0,93
2026-07-18T12:56:30.412 RX LT,11831,57,171,116,118,-11,4,1,-299,1,0,93
2026-07-18T12:56:30.412 RX LT,11851,57,171,116,127,-11,4,1,-297,1,0,93
2026-07-18T12:56:30.412 RX LT,11871,57,171,116,127,-11,4,1,-293,1,0,93
2026-07-18T12:56:30.413 RX LT,11891,57,171,116,171,-11,4,1,-290,1,0,93
2026-07-18T12:56:30.413 RX LT,11911,57,171,116,162,-11,4,1,-287,1,0,93
2026-07-18T12:56:30.413 RX LT,11931,57,171,116,129,-11,4,1,-284,1,0,93
2026-07-18T12:56:30.518 RX LT,11951,57,171,116,127,-11,4,1,-282,1,0,93
2026-07-18T12:56:30.518 RX LT,11971,57,171,105,171,-11,4,1,-279,1,0,93
2026-07-18T12:56:30.518 RX LT,11991,57,171,115,130,-11,4,1,-277,1,0,93
2026-07-18T12:56:30.518 RX LT,12011,57,171,115,171,-11,4,1,-275,1,0,93
2026-07-18T12:56:30.518 RX LT,12031,57,171,115,130,-11,4,1,-273,1,0,93
2026-07-18T12:56:30.642 RX LT,12051,57,171,72,171,-11,4,1,-271,1,0,93
2026-07-18T12:56:30.642 RX LT,12071,57,171,113,173,-11,4,1,-270,1,0,93
2026-07-18T12:56:30.642 RX LT,12091,57,171,115,163,-11,4,1,-267,1,0,93
2026-07-18T12:56:30.643 RX LT,12111,57,171,105,173,-11,4,1,-265,1,0,93
2026-07-18T12:56:30.643 RX LT,12131,57,171,115,173,-11,4,1,-264,1,0,93
2026-07-18T12:56:30.643 RX LT,12151,57,171,105,173,-11,4,1,-262,1,0,93
2026-07-18T12:56:30.762 RX LT,12171,57,171,71,130,-11,4,1,-261,1,0,93
2026-07-18T12:56:30.762 RX LT,12191,57,171,113,214,-11,4,1,-259,1,0,93
2026-07-18T12:56:30.762 RX LT,12211,57,171,104,165,-11,4,1,-258,1,0,93
2026-07-18T12:56:30.762 RX LT,12231,57,171,104,173,-11,4,1,-257,1,0,93
2026-07-18T12:56:30.762 RX LT,12251,57,171,71,184,-11,4,1,-255,1,0,93
2026-07-18T12:56:30.762 RX LT,12271,57,171,69,207,-11,4,1,-253,1,0,93
2026-07-18T12:56:30.894 RX LT,12291,57,171,113,176,-11,4,1,-251,1,0,93
2026-07-18T12:56:30.894 RX LT,12311,57,171,104,174,-11,4,1,-249,1,0,93
2026-07-18T12:56:30.894 RX LT,12331,57,171,104,174,-11,4,1,-248,1,0,93
2026-07-18T12:56:30.894 RX LT,12351,57,171,104,174,-11,4,1,-246,1,0,93
2026-07-18T12:56:30.894 RX LT,12371,57,171,104,217,-11,4,1,-245,1,0,93
2026-07-18T12:56:30.894 RX LT,12391,57,171,104,133,-11,4,1,-244,1,0,93
2026-07-18T12:56:30.994 RX LT,12411,85,155,71,182,0,36,0,-243,1,0,93
2026-07-18T12:56:30.994 RX LT,12431,85,155,69,174,0,36,0,-242,1,0,93
2026-07-18T12:56:30.994 RX LT,12451,85,155,69,174,0,36,0,-241,1,0,93
2026-07-18T12:56:30.994 RX LT,12471,85,155,113,174,0,52,1,-240,1,0,93
2026-07-18T12:56:30.994 RX LT,12491,93,147,104,174,0,52,1,-240,1,0,93
2026-07-18T12:56:30.994 RX LT,12511,93,147,71,130,0,36,0,-240,1,0,93
2026-07-18T12:56:31.123 RX LT,12531,70,158,113,171,-11,4,1,-242,1,0,93
2026-07-18T12:56:31.123 RX LT,12551,57,171,104,173,-11,4,1,-242,1,0,93
2026-07-18T12:56:31.123 RX LT,12571,57,171,104,173,-11,4,1,-242,1,0,93
2026-07-18T12:56:31.123 RX LT,12591,57,171,104,163,-11,4,1,-242,1,0,93
2026-07-18T12:56:31.123 RX LT,12611,73,167,104,173,-6,12,1,-242,1,0,93
2026-07-18T12:56:31.250 RX LT,12631,73,167,104,173,-6,12,1,-241,1,0,93
2026-07-18T12:56:31.250 RX LT,12651,73,167,104,173,-6,12,1,-240,1,0,93
2026-07-18T12:56:31.250 RX LT,12671,73,167,104,173,-6,12,1,-240,1,0,93
2026-07-18T12:56:31.250 RX LT,12691,73,167,104,173,-6,12,1,-240,1,0,93
2026-07-18T12:56:31.251 RX LT,12711,73,167,104,163,-6,12,1,-239,1,0,93
2026-07-18T12:56:31.251 RX LT,12731,73,167,71,173,-6,12,1,-239,1,0,93
2026-07-18T12:56:31.374 RX LT,12751,83,157,102,173,-2,8,1,-239,1,0,93
2026-07-18T12:56:31.374 RX LT,12771,103,137,104,163,-2,8,1,-239,1,0,93
2026-07-18T12:56:31.374 RX LT,12791,108,132,71,173,-2,8,1,-239,1,0,93
2026-07-18T12:56:31.374 RX LT,12811,108,132,69,163,-2,8,1,-239,1,0,93
2026-07-18T12:56:31.374 RX LT,12831,108,132,69,129,-2,8,1,-239,1,0,93
2026-07-18T12:56:31.374 RX LT,12851,108,132,113,171,-2,8,1,-240,1,0,93
2026-07-18T12:56:31.482 RX LT,12871,108,132,104,130,-2,8,1,-242,1,0,93
2026-07-18T12:56:31.482 RX LT,12891,108,132,71,127,0,0,0,-243,1,0,93
2026-07-18T12:56:31.482 RX LT,12911,118,122,113,127,0,24,1,-245,1,0,93
2026-07-18T12:56:31.482 RX LT,12931,120,120,104,160,0,24,1,-247,1,0,93
2026-07-18T12:56:31.482 RX LT,12951,120,120,115,118,0,24,1,-248,1,0,93
2026-07-18T12:56:31.608 RX LT,12971,130,110,105,127,2,16,1,-251,1,0,93
2026-07-18T12:56:31.608 RX LT,12991,132,108,71,116,2,16,1,-253,1,0,93
2026-07-18T12:56:31.608 RX LT,13011,132,108,113,126,2,16,1,-256,1,0,93
2026-07-18T12:56:31.608 RX LT,13031,132,108,115,116,2,16,1,-258,1,0,93
2026-07-18T12:56:31.609 RX LT,13051,132,108,72,116,2,16,1,-261,1,0,93
2026-07-18T12:56:31.609 RX LT,13071,132,108,113,116,2,16,1,-264,1,0,93
2026-07-18T12:56:31.732 RX LT,13091,132,108,72,116,2,16,1,-265,1,0,93
2026-07-18T12:56:31.733 RX LT,13111,132,108,113,126,2,16,1,-268,1,0,93
2026-07-18T12:56:31.733 RX LT,13131,132,108,115,116,2,16,1,-270,1,0,93
2026-07-18T12:56:31.733 RX LT,13151,132,108,115,116,2,16,1,-273,1,0,93
2026-07-18T12:56:31.733 RX LT,13171,132,108,126,116,2,16,1,-277,1,0,93
2026-07-18T12:56:31.733 RX LT,13191,148,92,116,116,6,48,1,-281,1,0,93
2026-07-18T12:56:31.858 RX LT,13211,164,76,159,116,6,48,1,-285,1,0,93
2026-07-18T12:56:31.858 RX LT,13231,167,73,118,72,6,48,1,-288,1,0,93
2026-07-18T12:56:31.858 RX LT,13251,167,73,127,113,6,48,1,-292,1,0,93
2026-07-18T12:56:31.858 RX LT,13271,167,73,160,104,6,48,1,-296,1,0,93
2026-07-18T12:56:31.858 RX LT,13291,167,73,162,71,6,48,1,-301,1,0,93
2026-07-18T12:56:31.858 RX LT,13311,167,73,162,113,6,48,1,-306,1,0,93
2026-07-18T12:56:31.984 RX LT,13331,167,73,162,72,6,48,1,-311,1,0,93
2026-07-18T12:56:31.984 RX LT,13351,167,73,162,113,6,48,1,-316,1,0,93
2026-07-18T12:56:31.984 RX LT,13371,167,73,162,104,6,48,1,-319,1,0,93
2026-07-18T12:56:31.984 RX LT,13391,167,73,129,71,6,48,1,-325,1,0,93
2026-07-18T12:56:31.984 RX LT,13411,167,73,127,113,6,48,1,-333,1,0,93
2026-07-18T12:56:31.984 RX LT,13431,167,73,171,104,6,48,1,-338,1,0,93
2026-07-18T12:56:32.111 RX LT,13451,167,73,162,104,6,48,1,-343,1,0,93
2026-07-18T12:56:32.111 RX LT,13471,167,73,162,71,6,48,1,-348,1,0,93
2026-07-18T12:56:32.111 RX LT,13491,167,73,129,69,6,48,1,-353,1,0,93
2026-07-18T12:56:32.111 RX LT,13511,167,73,171,69,6,48,1,-358,1,0,93
2026-07-18T12:56:32.112 RX LT,13531,167,73,162,69,6,48,1,-362,1,0,93
2026-07-18T12:56:32.112 RX LT,13551,167,73,129,113,6,48,1,-367,1,0,93
2026-07-18T12:56:32.213 RX LT,13571,167,73,171,61,6,48,1,-371,1,0,93
2026-07-18T12:56:32.213 RX LT,13591,167,73,162,112,6,48,1,-376,1,0,93
2026-07-18T12:56:32.213 RX LT,13611,167,73,173,104,6,48,1,-380,1,0,93
2026-07-18T12:56:32.213 RX LT,13631,167,73,163,104,6,48,1,-387,1,0,93
2026-07-18T12:56:32.213 RX LT,13651,167,73,173,104,6,48,1,-392,1,0,93
2026-07-18T12:56:32.333 RX LT,13671,167,73,130,104,6,48,1,-396,1,0,93
2026-07-18T12:56:32.333 RX LT,13691,167,73,171,104,6,48,1,-402,1,0,93
2026-07-18T12:56:32.343 RX LT,13711,167,73,173,71,6,48,1,-407,1,0,93
2026-07-18T12:56:32.343 RX LT,13731,167,73,173,102,6,48,1,-412,1,0,93
2026-07-18T12:56:32.343 RX LT,13751,167,73,173,104,6,48,1,-418,1,0,93
2026-07-18T12:56:32.343 RX LT,13771,167,73,173,60,6,48,1,-423,1,0,93
2026-07-18T12:56:32.467 RX LT,13791,167,73,173,69,6,48,1,-429,1,0,93
2026-07-18T12:56:32.467 RX LT,13811,167,73,173,102,6,48,1,-435,1,0,93
2026-07-18T12:56:32.467 RX LT,13831,157,83,184,60,2,16,1,-440,1,0,93
2026-07-18T12:56:32.467 RX LT,13851,137,103,174,101,2,16,1,-449,1,0,93
2026-07-18T12:56:32.468 RX LT,13871,132,108,174,60,2,16,1,-455,1,0,93
2026-07-18T12:56:32.468 RX LT,13891,132,108,184,69,2,16,1,-460,1,0,93
2026-07-18T12:56:32.593 RX LT,13911,132,108,163,102,2,16,1,-464,1,0,93
2026-07-18T12:56:32.593 RX LT,13931,132,108,184,104,2,16,1,-468,1,0,93
2026-07-18T12:56:32.593 RX LT,13951,132,108,131,104,2,16,1,-472,1,0,93
2026-07-18T12:56:32.593 RX LT,13971,132,108,171,104,2,16,1,-475,1,0,93
2026-07-18T12:56:32.593 RX LT,13991,122,118,173,104,0,24,1,-477,1,0,93
2026-07-18T12:56:32.593 RX LT,14011,120,120,173,104,0,24,1,-480,1,0,93
2026-07-18T12:56:32.693 RX LT,14031,120,120,173,104,0,24,1,-483,1,0,93
2026-07-18T12:56:32.703 RX LT,14051,120,120,163,104,0,24,1,-486,1,0,93
2026-07-18T12:56:32.703 RX LT,14071,120,120,173,104,0,24,1,-490,1,0,93
2026-07-18T12:56:32.703 RX LT,14091,110,130,119,71,-2,8,1,-491,1,0,93
2026-07-18T12:56:32.703 RX LT,14111,108,132,127,69,-2,8,1,-492,1,0,93
2026-07-18T12:56:32.824 RX LT,14131,108,132,171,113,-2,8,1,-493,1,0,93
2026-07-18T12:56:32.824 RX LT,14151,108,132,162,72,-2,8,1,-494,1,0,93
2026-07-18T12:56:32.824 RX LT,14171,108,132,162,113,-2,8,1,-494,1,0,93
2026-07-18T12:56:32.825 RX LT,14191,108,132,162,115,-2,8,1,-494,1,0,93
2026-07-18T12:56:32.825 RX LT,14211,108,132,162,105,-2,8,1,-495,1,0,93
2026-07-18T12:56:32.825 RX LT,14231,108,132,129,115,-2,8,1,-495,1,0,93
2026-07-18T12:56:32.954 RX LT,14251,92,148,127,115,-6,12,1,-494,1,0,93
2026-07-18T12:56:32.954 RX LT,14271,76,164,160,115,-6,12,1,-494,1,0,93
2026-07-18T12:56:32.954 RX LT,14291,73,167,118,115,-6,12,1,-492,1,0,93
2026-07-18T12:56:32.954 RX LT,14311,57,171,159,159,-11,4,1,-491,1,0,93
2026-07-18T12:56:32.954 RX LT,14333,57,171,159,159,-11,4,1,-488,1,0,93
2026-07-18T12:56:32.954 RX LT,14354,57,171,122,124,-11,4,1,-486,1,0,93
2026-07-18T12:56:33.072 RX LT,14374,57,171,74,118,-11,4,1,-484,1,0,93
2026-07-18T12:56:33.072 RX LT,14394,57,171,80,170,-11,4,1,-481,1,0,93
2026-07-18T12:56:33.072 RX LT,14414,57,171,113,119,-11,4,1,-476,1,0,93
2026-07-18T12:56:33.072 RX LT,14434,57,171,83,127,-11,4,1,-472,1,0,93
2026-07-18T12:56:33.072 RX LT,14454,57,171,81,127,-11,4,1,-468,1,0,93
2026-07-18T12:56:33.072 RX LT,14474,57,171,124,127,-11,4,1,-465,1,0,93
2026-07-18T12:56:33.186 RX LT,14494,57,171,73,160,-11,4,1,-461,1,0,93
2026-07-18T12:56:33.186 RX LT,14514,57,171,113,129,-11,4,1,-457,1,0,93
2026-07-18T12:56:33.186 RX LT,14534,57,171,72,127,-11,4,1,-453,1,0,93
2026-07-18T12:56:33.186 RX LT,14554,57,171,113,127,-11,4,1,-449,1,0,93
2026-07-18T12:56:33.187 RX LT,14574,57,171,72,171,-11,4,1,-447,1,0,93
2026-07-18T12:56:33.307 RX LT,14594,57,171,113,162,-11,4,1,-443,1,0,93
2026-07-18T12:56:33.307 RX LT,14614,57,171,104,129,-11,4,1,-439,1,0,93
2026-07-18T12:56:33.307 RX LT,14634,57,171,71,171,-11,4,1,-432,1,0,93
2026-07-18T12:56:33.307 RX LT,14654,57,171,113,130,-11,4,1,-427,1,0,93
2026-07-18T12:56:33.307 RX LT,14674,57,171,104,171,-11,4,1,-422,1,0,93
2026-07-18T12:56:33.307 RX LT,14694,57,171,104,173,-11,4,1,-417,1,0,93
2026-07-18T12:56:33.433 RX LT,14714,57,171,104,173,-11,4,1,-412,1,0,93
2026-07-18T12:56:33.433 RX LT,14734,57,171,71,130,-11,4,1,-410,1,0,93
2026-07-18T12:56:33.433 RX LT,14754,57,171,69,171,-11,4,1,-405,1,0,93
2026-07-18T12:56:33.433 RX LT,14774,57,171,69,173,-11,4,1,-401,1,0,93
2026-07-18T12:56:33.433 RX LT,14794,57,171,69,173,-11,4,1,-398,1,0,93
2026-07-18T12:56:33.433 RX LT,14814,57,171,113,173,-11,4,1,-394,1,0,93
2026-07-18T12:56:33.553 RX LT,14834,57,171,104,173,-11,4,1,-389,1,0,93
2026-07-18T12:56:33.553 RX LT,14854,57,171,104,173,-11,4,1,-382,1,0,93
2026-07-18T12:56:33.553 RX LT,14874,57,171,104,173,-11,4,1,-377,1,0,93
2026-07-18T12:56:33.553 RX LT,14894,57,171,104,173,-11,4,1,-375,1,0,93
2026-07-18T12:56:33.553 RX LT,14914,57,171,60,173,-11,4,1,-370,1,0,93
2026-07-18T12:56:33.553 RX LT,14934,57,171,69,173,-11,4,1,-367,1,0,93
2026-07-18T12:56:33.669 RX LT,14954,57,171,69,173,-11,4,1,-362,1,0,93
2026-07-18T12:56:33.669 RX LT,14974,57,171,69,173,-11,4,1,-357,1,0,93
2026-07-18T12:56:33.670 RX LT,14994,57,171,69,173,-11,4,1,-353,1,0,93
2026-07-18T12:56:33.670 RX LT,15014,73,167,69,173,-6,12,1,-348,1,0,93
2026-07-18T12:56:33.670 RX LT,15034,73,167,102,173,-6,12,1,-344,1,0,93
2026-07-18T12:56:33.783 RX LT,15054,93,147,104,130,-2,8,1,-340,1,0,93
2026-07-18T12:56:33.793 RX LT,15074,108,132,104,138,-2,8,1,-333,1,0,93
2026-07-18T12:56:33.793 RX LT,15094,108,132,104,171,-2,8,1,-330,1,0,93
2026-07-18T12:56:33.793 RX LT,15114,108,132,71,130,-2,8,1,-328,1,0,93
2026-07-18T12:56:33.793 RX LT,15134,108,132,69,171,-2,8,1,-326,1,0,93
2026-07-18T12:56:33.793 RX LT,15154,108,132,113,162,-2,8,1,-324,1,0,93
2026-07-18T12:56:33.913 RX LT,15174,108,132,72,129,-2,8,1,-322,1,0,93
2026-07-18T12:56:33.913 RX LT,15194,108,132,69,127,-2,8,1,-321,1,0,93
2026-07-18T12:56:33.913 RX LT,15214,108,132,113,127,-2,8,1,-320,1,0,93
2026-07-18T12:56:33.913 RX LT,15234,108,132,72,127,-2,8,1,-319,1,0,93
2026-07-18T12:56:33.913 RX LT,15254,108,132,69,171,-2,8,1,-316,1,0,93
2026-07-18T12:56:33.913 RX LT,15274,108,132,113,162,-2,8,1,-311,1,0,93
2026-07-18T12:56:34.043 RX LT,15294,120,120,115,173,0,24,1,-307,1,0,93
2026-07-18T12:56:34.043 RX LT,15314,120,120,105,130,0,24,1,-305,1,0,93
2026-07-18T12:56:34.043 RX LT,15334,132,108,115,127,2,16,1,-304,1,0,93
2026-07-18T12:56:34.043 RX LT,15354,132,108,115,127,2,16,1,-304,1,0,93
2026-07-18T12:56:34.044 RX LT,15374,132,108,72,127,2,16,1,-304,1,0,93
2026-07-18T12:56:34.044 RX LT,15394,132,108,113,160,2,16,1,-304,1,0,93
2026-07-18T12:56:34.143 RX LT,15414,132,108,115,162,2,16,1,-304,1,0,93
2026-07-18T12:56:34.143 RX LT,15434,132,108,115,118,2,16,1,-305,1,0,93
2026-07-18T12:56:34.143 RX LT,15454,132,108,115,116,2,16,1,-306,1,0,93
2026-07-18T12:56:34.143 RX LT,15474,132,108,115,126,2,16,1,-308,1,0,93
2026-07-18T12:56:34.143 RX LT,15494,132,108,126,116,2,16,1,-313,1,0,93
2026-07-18T12:56:34.273 RX LT,15514,132,108,127,116,2,16,1,-319,1,0,93
2026-07-18T12:56:34.273 RX LT,15534,132,108,116,116,2,16,1,-321,1,0,93
2026-07-18T12:56:34.273 RX LT,15554,132,108,126,116,2,16,1,-324,1,0,93
2026-07-18T12:56:34.273 RX LT,15574,132,108,160,116,2,16,1,-327,1,0,93
2026-07-18T12:56:34.273 RX LT,15594,148,92,118,116,6,48,1,-330,1,0,93
2026-07-18T12:56:34.273 RX LT,15614,164,76,127,72,6,48,1,-332,1,0,93
2026-07-18T12:56:34.400 RX LT,15634,167,73,160,113,6,48,1,-335,1,0,93
2026-07-18T12:56:34.400 RX LT,15654,167,73,162,104,6,48,1,-338,1,0,93
2026-07-18T12:56:34.400 RX LT,15674,167,73,162,71,6,48,1,-341,1,0,93
2026-07-18T12:56:34.401 RX LT,15694,167,73,162,69,6,48,1,-345,1,0,93
2026-07-18T12:56:34.401 RX LT,15714,167,73,162,113,6,48,1,-350,1,0,93
2026-07-18T12:56:34.401 RX LT,15734,167,73,162,104,6,48,1,-354,1,0,93
2026-07-18T12:56:34.542 RX LT,15754,167,73,129,71,6,48,1,-359,1,0,93
2026-07-18T12:56:34.542 RX LT,15774,167,73,127,113,6,48,1,-361,1,0,93
2026-07-18T12:56:34.542 RX LT,15794,167,73,127,104,6,48,1,-365,1,0,93
2026-07-18T12:56:34.542 RX LT,15814,167,73,171,104,6,48,1,-370,1,0,93
2026-07-18T12:56:34.542 RX LT,15834,167,73,162,71,6,48,1,-374,1,0,93
2026-07-18T12:56:34.542 RX LT,15854,167,73,162,69,6,48,1,-379,1,0,93
2026-07-18T12:56:34.643 RX LT,15874,167,73,162,69,6,48,1,-383,1,0,93
2026-07-18T12:56:34.643 RX LT,15894,167,73,129,69,6,48,1,-387,1,0,93
2026-07-18T12:56:34.643 RX LT,15914,167,73,127,113,6,48,1,-391,1,0,93
2026-07-18T12:56:34.643 RX LT,15934,167,73,171,104,6,48,1,-397,1,0,93
2026-07-18T12:56:34.643 RX LT,15954,167,73,162,104,6,48,1,-402,1,0,93
2026-07-18T12:56:34.643 RX LT,15974,167,73,129,104,6,48,1,-406,1,0,93
2026-07-18T12:56:34.776 RX LT,15994,167,73,127,104,6,48,1,-411,1,0,93
2026-07-18T12:56:34.776 RX LT,16014,167,73,171,104,6,48,1,-416,1,0,93
2026-07-18T12:56:34.776 RX LT,16034,147,93,130,60,2,16,1,-420,1,0,93
2026-07-18T12:56:34.776 RX LT,16054,132,108,171,69,2,16,1,-425,1,0,93
2026-07-18T12:56:34.776 RX LT,16074,132,108,162,69,2,16,1,-428,1,0,93
2026-07-18T12:56:34.776 RX LT,16094,132,108,162,69,2,16,1,-431,1,0,93
2026-07-18T12:56:34.886 RX LT,16114,132,108,129,113,2,16,1,-434,1,0,93
2026-07-18T12:56:34.886 RX LT,16134,132,108,171,104,2,16,1,-437,1,0,93
2026-07-18T12:56:34.886 RX LT,16154,132,108,162,71,2,16,1,-441,1,0,93
2026-07-18T12:56:34.887 RX LT,16174,132,108,129,113,2,16,1,-443,1,0,93
2026-07-18T12:56:34.887 RX LT,16194,132,108,171,104,2,16,1,-445,1,0,93
2026-07-18T12:56:35.003 RX LT,16214,132,108,130,71,2,16,1,-447,1,0,93
2026-07-18T12:56:35.003 RX LT,16234,132,108,171,113,2,16,1,-451,1,0,93
2026-07-18T12:56:35.003 RX LT,16254,132,108,184,115,2,16,1,-455,1,0,93
2026-07-18T12:56:35.003 RX LT,16274,132,108,218,115,2,16,1,-459,1,0,93
2026-07-18T12:56:35.003 RX LT,16294,132,108,133,72,2,16,1,-463,1,0,93
2026-07-18T12:56:35.003 RX LT,16314,122,118,171,102,0,24,1,-467,1,0,93
2026-07-18T12:56:35.133 RX LT,16334,120,120,173,82,0,24,1,-470,1,0,93
2026-07-18T12:56:35.133 RX LT,16354,120,120,130,70,0,24,1,-473,1,0,93
2026-07-18T12:56:35.133 RX LT,16374,120,120,127,113,0,24,1,-477,1,0,93
2026-07-18T12:56:35.133 RX LT,16394,120,120,171,104,0,24,1,-479,1,0,93
2026-07-18T12:56:35.133 RX LT,16414,108,132,130,115,-2,8,1,-481,1,0,93
2026-07-18T12:56:35.133 RX LT,16434,108,132,127,105,-2,8,1,-482,1,0,93
2026-07-18T12:56:35.243 RX LT,16454,108,132,127,115,-2,8,1,-483,1,0,93
2026-07-18T12:56:35.243 RX LT,16474,108,132,171,72,-2,8,1,-484,1,0,93
2026-07-18T12:56:35.243 RX LT,16494,108,132,119,113,-2,8,1,-486,1,0,93
2026-07-18T12:56:35.243 RX LT,16514,108,132,127,104,-2,8,1,-486,1,0,93
2026-07-18T12:56:35.244 RX LT,16534,108,132,160,115,-2,8,1,-486,1,0,93
2026-07-18T12:56:35.363 RX LT,16554,108,132,118,115,-2,8,1,-486,1,0,93
2026-07-18T12:56:35.363 RX LT,16574,108,132,116,105,-2,8,1,-486,1,0,93
2026-07-18T12:56:35.363 RX LT,16594,108,132,159,115,-2,8,1,-486,1,0,93
2026-07-18T12:56:35.363 RX LT,16614,100,140,118,115,-6,12,1,-486,1,0,93
2026-07-18T12:56:35.363 RX LT,16634,84,156,127,105,-6,12,1,-486,1,0,93
2026-07-18T12:56:35.363 RX LT,16654,73,167,116,115,-6,12,1,-485,1,0,93
2026-07-18T12:56:35.483 RX LT,16674,73,167,126,115,-6,12,1,-484,1,0,93
2026-07-18T12:56:35.483 RX LT,16694,73,167,116,126,-6,12,1,-483,1,0,93
2026-07-18T12:56:35.483 RX LT,16714,73,167,116,116,-6,12,1,-481,1,0,93
2026-07-18T12:56:35.483 RX LT,16734,73,167,116,159,-6,12,1,-478,1,0,93
2026-07-18T12:56:35.483 RX LT,16754,73,167,116,118,-6,12,1,-475,1,0,93
2026-07-18T12:56:35.483 RX LT,16774,73,167,116,127,-6,12,1,-472,1,0,93
2026-07-18T12:56:35.617 RX LT,16794,73,167,116,127,-6,12,1,-469,1,0,93
2026-07-18T12:56:35.617 RX LT,16814,57,171,105,160,-11,4,1,-465,1,0,93
2026-07-18T12:56:35.617 RX LT,16834,57,171,115,162,-11,4,1,-462,1,0,93
2026-07-18T12:56:35.617 RX LT,16854,57,171,115,118,-11,4,1,-459,1,0,93
2026-07-18T12:56:35.618 RX LT,16874,57,171,72,127,-11,4,1,-456,1,0,93
2026-07-18T12:56:35.618 RX LT,16894,57,171,113,171,-11,4,1,-452,1,0,93
2026-07-18T12:56:35.724 RX LT,16914,57,171,72,162,-11,4,1,-448,1,0,93
2026-07-18T12:56:35.724 RX LT,16934,57,171,113,162,-11,4,1,-444,1,0,93
2026-07-18T12:56:35.724 RX LT,16954,57,171,104,129,-11,4,1,-440,1,0,93
2026-07-18T12:56:35.724 RX LT,16974,15,165,71,127,-24,7,1,-437,1,0,93
2026-07-18T12:56:35.725 RX LT,16994,140,140,69,171,-24,7,1,0,1,1,93
2026-07-18T12:56:35.843 RX LT,17014,140,140,69,162,-24,7,1,0,1,1,93
2026-07-18T12:56:35.843 RX LT,17034,140,140,113,129,-24,7,1,0,1,1,93
2026-07-18T12:56:35.843 RX LT,17054,-165,165,104,127,-18,6,1,2,1,2,1
2026-07-18T12:56:35.843 RX LT,17074,-165,165,60,171,-18,6,1,5,1,2,3
2026-07-18T12:56:35.843 RX LT,17094,-165,165,3,130,-11,4,1,11,1,2,5
2026-07-18T12:56:35.843 RX LT,17114,-165,165,0,171,-11,4,1,21,1,2,6
2026-07-18T12:56:35.975 RX LT,17134,-165,165,0,173,0,0,0,34,1,2,8
2026-07-18T12:56:35.975 RX LT,17154,-165,165,54,173,0,0,0,49,1,2,10
2026-07-18T12:56:35.975 RX LT,17174,-165,165,57,173,0,0,0,64,1,2,13
2026-07-18T12:56:35.976 RX LT,17194,-165,165,68,173,0,0,0,80,1,2,15
2026-07-18T12:56:35.976 RX LT,17214,-165,165,102,173,0,0,0,97,1,2,18
2026-07-18T12:56:35.976 RX LT,17234,-165,165,71,184,0,0,0,105,1,2,21
2026-07-18T12:56:36.092 RX LT,17254,-165,165,113,174,0,0,0,132,1,2,24
2026-07-18T12:56:36.092 RX LT,17274,-165,165,115,174,0,0,0,151,1,2,27
2026-07-18T12:56:36.092 RX LT,17294,-165,165,126,174,-25,2,1,170,1,2,30
2026-07-18T12:56:36.092 RX LT,17314,-165,165,160,217,-18,6,1,189,1,2,33
2026-07-18T12:56:36.092 RX LT,17334,-165,165,129,176,-18,6,1,209,1,2,37
2026-07-18T12:56:36.092 RX LT,17354,-165,165,171,174,-18,6,1,229,1,2,40
2026-07-18T12:56:36.227 RX LT,17374,-165,165,173,174,-12,14,1,249,1,2,44
2026-07-18T12:56:36.227 RX LT,17394,-109,109,184,174,-6,12,1,269,1,2,47
2026-07-18T12:56:36.227 RX LT,17414,-104,104,174,163,-6,12,1,288,1,2,50
2026-07-18T12:56:36.229 RX LT,17434,-97,97,174,162,-6,12,1,307,1,2,54
2026-07-18T12:56:36.230 RX LT,17454,-93,93,174,118,0,24,1,325,1,2,56
2026-07-18T12:56:36.230 RX LT,17474,-86,86,174,116,0,24,1,349,1,2,60
2026-07-18T12:56:36.331 RX LT,17494,-83,83,130,116,0,24,1,363,1,2,62
2026-07-18T12:56:36.331 RX LT,17514,-77,77,171,116,2,16,1,375,1,2,65
2026-07-18T12:56:36.332 RX LT,17534,-74,74,130,105,2,16,1,387,1,3,67
2026-07-18T12:56:36.332 RX TURN CAPTURE,2,396,70,16,2
2026-07-18T12:56:36.332 RX LT,17554,0,0,127,104,2,16,1,396,1,5,70
2026-07-18T12:56:36.332 RX LT,17574,0,0,73,60,2,16,1,403,1,5,71
2026-07-18T12:56:36.476 RX LT,17594,0,0,58,3,6,48,1,410,1,5,72
2026-07-18T12:56:36.476 RX LT,17614,0,0,58,54,6,48,1,412,1,5,73
2026-07-18T12:56:36.476 RX LT,17634,0,0,58,57,11,32,1,412,1,5,74
2026-07-18T12:56:36.476 RX LT,17654,0,0,58,3,11,32,1,412,1,5,74
2026-07-18T12:56:36.477 RX LT,17674,0,0,14,43,11,32,1,409,1,5,75
2026-07-18T12:56:36.477 RX LT,17694,0,0,0,2,11,32,1,403,1,5,75
2026-07-18T12:56:36.477 RX LT,17714,105,95,0,0,11,32,1,397,1,6,75
2026-07-18T12:56:36.593 RX LT,17734,115,85,10,54,11,32,1,390,1,6,76
2026-07-18T12:56:36.593 RX LT,17754,125,75,55,14,11,32,1,382,1,6,77
2026-07-18T12:56:36.593 RX LT,17774,135,65,46,0,11,32,1,375,1,6,77
2026-07-18T12:56:36.593 RX LT,17794,145,55,13,10,11,32,1,367,1,6,78
2026-07-18T12:56:36.593 RX LT,17814,145,55,55,44,6,48,1,359,1,6,79
2026-07-18T12:56:36.593 RX LT,17834,145,55,57,2,6,48,1,351,1,6,79
2026-07-18T12:56:36.594 RX TURN CENTER,2,342,80,16,2
2026-07-18T12:56:36.706 RX TURN LEARN,2,900,87
2026-07-18T12:56:36.706 RX TURN DONE,2,342,860
2026-07-18T12:56:36.709 RX LT,17854,145,55,68,43,2,16,1,-4,2,0,80
2026-07-18T12:56:36.709 RX LT,17874,132,108,58,2,2,16,1,-12,2,0,80
2026-07-18T12:56:36.715 RX LT,17894,132,108,101,11,2,16,1,-23,2,0,80
2026-07-18T12:56:36.717 RX LT,17914,132,108,60,11,2,16,1,-30,2,0,80
2026-07-18T12:56:36.719 RX LT,17934,132,108,101,55,2,16,1,-33,2,0,80
2026-07-18T12:56:36.833 RX LT,17954,132,108,104,46,2,16,1,-39,2,0,80
2026-07-18T12:56:36.834 RX LT,17974,132,108,104,57,2,16,1,-45,2,0,80
2026-07-18T12:56:36.838 TX STOP
2026-07-18T12:56:36.838 RX LT,17994,132,108,60,57,2,16,1,-49,2,0,80
2026-07-18T12:56:36.838 RX LT,18014,132,108,69,57,2,16,1,-54,2,0,80
2026-07-18T12:56:36.838 RX LT,18034,132,108,102,101,2,16,1,-57,2,0,80
2026-07-18T12:56:36.838 RX LT,18054,120,120,104,60,0,24,1,-61,2,0,80
2026-07-18T12:56:36.964 RX LT,18074,120,120,60,69,0,24,1,-63,2,0,80
2026-07-18T12:56:36.964 RX LT,18094,110,130,69,69,-2,8,1,-65,2,0,80
2026-07-18T12:56:36.964 RX OK STOP
2026-07-18T12:56:36.964 TX SET TURNDIST 72 977680228
2026-07-18T12:56:37.103 RX SA,977680228,TURNDIST,72
2026-07-18T12:56:37.103 TX PARAM
2026-07-18T12:56:37.258 RX PARAM,x1000,PROFILE,1,FLASHVER,3,GUARDVER,25,LKP,350,LKI,100,RKP,500,RKI,350,LFF,540,RFF,520,LMIN,90,RMIN,85,SYNC,500,BIAS,80,GSTART,10,LINEKP,8250,LINEKD,2250,TURNANGLE,900,TURNFAST,165,TURNSLOW,110,TURNMARGIN,180,TURNEXIT,140,TURNDIST,72
2026-07-18T12:56:37.258 TX SAVE 977680229
2026-07-18T12:56:37.394 RX SV,977680229,OK
2026-07-18T12:56:37.394 TX PARAM
2026-07-18T12:56:37.547 RX PARAM,x1000,PROFILE,1,FLASHVER,3,GUARDVER,25,LKP,350,LKI,100,RKP,500,RKI,350,LFF,540,RFF,520,LMIN,90,RMIN,85,SYNC,500,BIAS,80,GSTART,10,LINEKP,8250,LINEKD,2250,TURNANGLE,900,TURNFAST,165,TURNSLOW,110,TURNMARGIN,180,TURNEXIT,140,TURNDIST,72
2026-07-18T12:56:37.553 TX STOP
