2026-07-19T14:45:20.911 TX HELLO 1326155221
2026-07-19T14:45:21.049 RX HELLO,1326155221,2,STBY,HIGH,ENCODER_MM_X1000,580,SAMPLE_MS,10
2026-07-19T14:45:21.049 TX STOP
2026-07-19T14:45:21.188 RX OK STOP
2026-07-19T14:45:21.188 TX PROFILE GIMBAL
2026-07-19T14:45:21.244 RX OK PROFILE GIMBAL FLASH 3
2026-07-19T14:45:21.244 TX PARAM
2026-07-19T14:45:21.406 RX PARAM,x1000,PROFILE,1,FLASHVER,3,GUARDVER,39,LKP,350,LKI,100,RKP,500,RKI,350,LFF,460,RFF,437,LMIN,32,RMIN,26,SYNC,1000,BIAS,50,GSTART,10,LINEKP,6750,LINEKD,2000,TURNANGLE,900,TURNFAST,185,TURNSLOW,140,TURNMARGIN,180,TURNEXIT,140,TURNDIST,98
2026-07-19T14:45:21.406 RX PARAM,x1000,PROFILE,1,FLASHVER,3,GUARDVER,39,LKP,350,LKI,100,RKP,500,RKI,350,LFF,460,RFF,437,LMIN,32,RMIN,26,SYNC,1000,BIAS,50,GSTART,10,LINEKP,6750,LINEKD,2000,TURNANGLE,900,TURNFAST,185,TURNSLOW,140,TURNMARGIN,180,TURNEXIT,140,TURNDIST,98
2026-07-19T14:45:21.407 TX PARAM
2026-07-19T14:45:21.407 TX STATUS
2026-07-19T14:45:21.561 RX PARAM,x1000,PROFILE,1,FLASHVER,3,GUARDVER,39,LKP,350,LKI,100,RKP,500,RKI,350,LFF,460,RFF,437,LMIN,32,RMIN,26,SYNC,1000,BIAS,50,GSTART,10,LINEKP,6750,LINEKD,2000,TURNANGLE,900,TURNFAST,185,TURNSLOW,140,TURNMARGIN,180,TURNEXIT,140,TURNDIST,98
2026-07-19T14:45:22.102 TX STATUS
2026-07-19T14:45:22.242 RX ERR COMMAND; SEND HELP
2026-07-19T14:45:22.800 TX STATUS
2026-07-19T14:45:22.941 RX STATUS,28661,IDLE,0,0,0,0,0,0,SAFE,SELECTED_LAPS,1,STBY,HIGH
2026-07-19T14:45:22.941 TX SENSOR
2026-07-19T14:45:23.079 RX SENSOR,OK,24,0,93,0,24
2026-07-19T14:45:23.079 TX SENSOR
2026-07-19T14:45:23.218 RX SENSOR,OK,24,0,93,0,24
2026-07-19T14:45:23.218 TX SENSOR
2026-07-19T14:45:23.357 RX SENSOR,OK,24,0,93,0,24
2026-07-19T14:45:23.357 TX SENSOR
2026-07-19T14:45:23.496 RX SENSOR,OK,24,0,93,0,24
2026-07-19T14:45:23.496 TX SENSOR
2026-07-19T14:45:23.622 RX SENSOR,OK,24,0,93,0,24
2026-07-19T14:45:23.622 TX IMU
2026-07-19T14:45:23.763 RX IMU,OK,967,2307,36,VER,1,1,0,0
2026-07-19T14:45:23.763 TX STREAM TUNE
2026-07-19T14:45:23.887 RX OK STREAM TUNE
2026-07-19T14:45:23.887 TX SQUARE 160 10 1326155222
2026-07-19T14:45:24.059 RX TEST START,SQUARE,160,10
2026-07-19T14:45:24.059 RX SQ,1326155222,OK
2026-07-19T14:45:24.059 RX LT,20,5,5,0,0,0,24,1,1,0,0,0
2026-07-19T14:45:24.059 RX LT,40,10,10,0,0,0,24,1,2,0,0,0
2026-07-19T14:45:24.059 RX LT,60,15,15,43,10,0,24,1,2,0,0,0
2026-07-19T14:45:24.059 RX LT,80,21,21,2,0,0,24,1,3,0,0,0
2026-07-19T14:45:24.059 RX LT,100,26,26,0,0,0,24,1,3,0,0,0
2026-07-19T14:45:24.059 RX LT,120,31,31,0,43,0,24,1,4,0,0,0
2026-07-19T14:45:24.227 RX LT,140,37,37,10,46,0,24,1,5,0,0,0
2026-07-19T14:45:24.227 RX LT,160,42,42,44,2,0,24,1,5,0,0,0
2026-07-19T14:45:24.227 RX LT,180,47,47,2,0,0,24,1,6,0,0,0
2026-07-19T14:45:24.228 RX LT,200,53,53,0,10,0,24,1,7,0,0,0
2026-07-19T14:45:24.228 RX LT,220,58,58,10,0,0,24,1,8,0,0,0
2026-07-19T14:45:24.228 RX LT,240,63,63,44,0,0,24,1,8,0,0,0
2026-07-19T14:45:24.228 RX LT,260,69,69,2,0,0,24,1,7,0,0,0
2026-07-19T14:45:24.228 RX LT,280,74,74,43,43,0,24,1,7,0,0,0
2026-07-19T14:45:24.376 RX LT,300,79,79,46,2,0,24,1,8,0,0,0
2026-07-19T14:45:24.376 RX LT,320,85,85,2,43,0,24,1,8,0,0,0
2026-07-19T14:45:24.376 RX LT,340,90,90,11,2,0,24,1,8,0,0,0
2026-07-19T14:45:24.376 RX LT,360,95,95,55,11,0,24,1,8,0,0,0
2026-07-19T14:45:24.376 RX LT,380,101,101,46,11,0,24,1,8,0,0,0
2026-07-19T14:45:24.376 RX LT,400,106,106,57,11,0,24,1,8,0,0,0
2026-07-19T14:45:24.376 RX LT,420,111,111,47,55,0,24,1,8,0,0,0
2026-07-19T14:45:24.503 RX LT,440,117,117,57,46,0,24,1,8,0,0,0
2026-07-19T14:45:24.503 RX LT,460,122,122,47,13,0,24,1,9,0,0,0
2026-07-19T14:45:24.503 RX LT,480,127,127,46,55,0,24,1,10,0,0,0
2026-07-19T14:45:24.503 RX LT,500,133,133,13,57,0,24,1,12,0,0,0
2026-07-19T14:45:24.503 RX LT,520,138,138,55,57,0,24,1,15,0,0,0
2026-07-19T14:45:24.503 RX LT,540,143,143,46,68,0,24,1,18,0,0,0
2026-07-19T14:45:24.503 RX LT,560,149,149,46,102,0,24,1,21,0,0,0
2026-07-19T14:45:24.646 RX LT,580,154,154,13,104,0,24,1,25,0,0,0
2026-07-19T14:45:24.646 RX LT,600,159,159,55,104,0,24,1,30,0,0,0
2026-07-19T14:45:24.647 RX LT,620,166,154,46,115,0,24,1,38,0,0,0
2026-07-19T14:45:24.647 TX SET LINEKP 8250 1326155223
2026-07-19T14:45:24.647 RX LT,640,166,154,57,105,0,24,1,44,0,0,0
2026-07-19T14:45:24.647 RX LT,660,166,154,47,115,0,24,1,51,0,0,0
2026-07-19T14:45:24.647 RX LT,680,169,147,13,115,2,16,1,57,0,0,0
2026-07-19T14:45:24.773 RX LT,700,169,147,55,159,2,16,1,64,0,0,0
2026-07-19T14:45:24.773 RX LT,720,169,147,57,118,2,16,1,71,0,0,0
2026-07-19T14:45:24.773 RX SA,1326155223,LINEKP,8250
2026-07-19T14:45:24.773 RX LT,740,156,140,14,116,6,48,1,78,0,0,0
2026-07-19T14:45:24.773 RX LT,760,172,124,55,116,6,48,1,85,0,0,0
2026-07-19T14:45:24.773 TX SET LINEKD 2350 1326155224
2026-07-19T14:45:24.773 RX LT,780,185,111,57,116,6,48,1,92,0,0,0
2026-07-19T14:45:24.773 RX LT,800,185,111,68,126,6,48,1,99,0,0,0
2026-07-19T14:45:24.903 RX LT,820,185,111,58,116,6,48,1,105,0,0,0
2026-07-19T14:45:24.903 RX LT,840,185,111,101,116,6,48,1,114,0,0,0
2026-07-19T14:45:24.903 RX SA,1326155224,LINEKD,2350
2026-07-19T14:45:24.903 RX LT,860,156,140,60,116,6,48,1,119,0,0,0
2026-07-19T14:45:24.903 RX LT,880,172,124,101,116,6,48,1,124,0,0,0
2026-07-19T14:45:24.903 RX LT,900,183,113,60,116,6,48,1,129,0,0,0
2026-07-19T14:45:24.903 RX LT,920,183,113,101,159,6,48,1,134,0,0,0
2026-07-19T14:45:25.024 RX LT,940,183,113,60,118,6,48,1,139,0,0,0
2026-07-19T14:45:25.024 RX LT,960,183,113,69,116,6,48,1,144,0,0,0
2026-07-19T14:45:25.024 RX LT,980,183,113,69,116,6,48,1,149,0,0,0
2026-07-19T14:45:25.024 RX LT,1000,183,113,113,116,6,48,1,153,0,0,0
2026-07-19T14:45:25.024 RX LT,1020,183,113,104,116,6,48,1,156,0,0,0
2026-07-19T14:45:25.024 RX LT,1040,183,113,71,159,6,48,1,158,0,0,0
2026-07-19T14:45:25.151 RX LT,1060,185,111,69,118,6,48,1,164,0,0,0
2026-07-19T14:45:25.151 RX LT,1080,185,111,113,116,6,48,1,167,0,0,0
2026-07-19T14:45:25.151 RX LT,1100,182,106,72,116,11,32,1,170,0,0,0
2026-07-19T14:45:25.151 RX LT,1120,180,104,113,116,11,32,1,173,0,0,0
2026-07-19T14:45:25.151 RX LT,1140,178,102,72,116,11,32,1,176,0,0,0
2026-07-19T14:45:25.151 RX LT,1160,178,102,113,72,11,32,1,179,0,0,0
2026-07-19T14:45:25.277 RX LT,1180,182,78,104,113,23,96,1,181,0,0,0
2026-07-19T14:45:25.277 RX LT,1200,169,71,115,115,23,96,1,183,0,0,0
2026-07-19T14:45:25.277 RX LT,1220,170,70,105,61,23,96,1,185,0,0,0
2026-07-19T14:45:25.277 RX LT,1240,156,84,115,69,23,96,1,186,0,0,0
2026-07-19T14:45:25.277 RX LT,1260,156,84,105,113,23,96,1,188,0,0,0
2026-07-19T14:45:25.277 RX LT,1280,156,84,71,72,23,96,1,190,0,0,0
2026-07-19T14:45:25.404 RX LT,1300,156,84,113,113,23,96,1,191,0,0,0
2026-07-19T14:45:25.404 RX LT,1320,156,84,72,104,23,96,1,191,0,0,0
2026-07-19T14:45:25.404 RX LT,1340,156,84,113,104,23,96,1,191,0,0,0
2026-07-19T14:45:25.404 RX LT,1360,156,84,104,60,23,96,1,191,0,0,0
2026-07-19T14:45:25.404 RX LT,1380,156,84,71,69,23,96,1,191,0,0,0
2026-07-19T14:45:25.404 RX LT,1400,156,84,69,102,23,96,1,192,0,0,0
2026-07-19T14:45:25.550 RX LT,1420,156,84,69,60,23,96,1,192,0,0,0
2026-07-19T14:45:25.550 RX LT,1440,156,84,113,69,23,96,1,193,0,0,0
2026-07-19T14:45:25.550 RX LT,1460,156,84,104,69,23,96,1,195,0,0,0
2026-07-19T14:45:25.550 RX LT,1480,156,84,104,69,23,96,1,196,0,0,0
2026-07-19T14:45:25.550 RX LT,1500,156,84,71,102,23,96,1,197,0,0,0
2026-07-19T14:45:25.550 RX LT,1520,156,84,113,71,23,96,1,198,0,0,0
2026-07-19T14:45:25.550 RX LT,1540,156,84,104,102,23,96,1,200,0,0,0
2026-07-19T14:45:25.677 RX LT,1560,156,84,104,71,23,96,1,201,0,0,0
2026-07-19T14:45:25.677 RX LT,1580,156,84,71,69,23,96,1,202,0,0,0
2026-07-19T14:45:25.677 RX LT,1600,156,84,113,69,23,96,1,204,0,0,0
2026-07-19T14:45:25.677 RX LT,1620,156,84,72,113,23,96,1,205,0,0,0
2026-07-19T14:45:25.677 RX LT,1640,170,70,113,104,36,64,1,206,0,0,0
2026-07-19T14:45:25.677 RX LT,1660,171,69,115,104,36,64,1,207,0,0,0
2026-07-19T14:45:25.801 RX LT,1680,156,84,159,104,36,64,1,208,0,0,0
2026-07-19T14:45:25.801 RX LT,1700,156,84,129,126,36,64,1,207,0,0,0
2026-07-19T14:45:25.801 RX LT,1720,156,84,105,105,36,64,1,207,0,0,0
2026-07-19T14:45:25.801 RX LT,1740,156,84,115,71,36,64,1,207,0,0,0
2026-07-19T14:45:25.801 RX LT,1760,156,84,115,69,36,64,1,208,0,0,0
2026-07-19T14:45:25.801 RX LT,1780,156,84,115,113,36,64,1,208,0,0,0
2026-07-19T14:45:25.928 RX LT,1800,156,84,105,104,36,64,1,208,0,0,0
2026-07-19T14:45:25.928 RX LT,1820,156,84,115,71,36,64,1,209,0,0,0
2026-07-19T14:45:25.928 RX LT,1840,156,84,115,113,36,64,1,210,0,0,0
2026-07-19T14:45:25.928 RX LT,1860,156,84,115,104,36,64,1,210,0,0,0
2026-07-19T14:45:25.928 RX LT,1880,156,84,105,71,36,64,1,211,0,0,0
2026-07-19T14:45:25.928 RX LT,1900,156,84,115,69,36,64,1,212,0,0,0
2026-07-19T14:45:26.059 RX LT,1920,156,84,72,113,36,64,1,212,0,0,0
2026-07-19T14:45:26.059 RX LT,1940,156,84,113,104,36,64,1,213,0,0,0
2026-07-19T14:45:26.059 RX LT,1960,156,84,115,104,36,64,1,213,0,0,0
2026-07-19T14:45:26.059 RX LT,1980,156,84,105,60,36,64,1,214,0,0,0
2026-07-19T14:45:26.059 RX LT,2000,156,84,115,69,36,64,1,215,0,0,0
2026-07-19T14:45:26.059 RX LT,2020,156,84,72,69,36,64,1,215,0,0,0
2026-07-19T14:45:26.200 RX LT,2040,156,84,113,69,36,64,1,216,0,0,0
2026-07-19T14:45:26.200 RX LT,2060,156,84,104,69,36,64,1,217,0,0,0
2026-07-19T14:45:26.200 RX LT,2080,156,84,115,102,36,64,1,217,0,0,0
2026-07-19T14:45:26.200 RX LT,2100,156,84,115,102,36,64,1,218,0,0,0
2026-07-19T14:45:26.200 RX LT,2120,156,84,94,126,36,64,1,219,0,0,0
2026-07-19T14:45:26.200 RX LT,2140,156,84,114,62,36,64,1,220,0,0,0
2026-07-19T14:45:26.200 RX LT,2160,156,84,105,101,36,64,1,221,0,0,0
2026-07-19T14:45:26.327 RX LT,2180,156,84,115,71,36,64,1,221,0,0,0
2026-07-19T14:45:26.327 RX LT,2200,156,84,105,69,36,64,1,222,0,0,0
2026-07-19T14:45:26.327 RX LT,2220,156,84,104,102,36,64,1,223,0,0,0
2026-07-19T14:45:26.327 RX LT,2240,156,84,115,104,36,64,1,223,0,0,0
2026-07-19T14:45:26.327 RX LT,2260,156,84,72,104,36,64,1,224,0,0,0
2026-07-19T14:45:26.327 RX LT,2280,156,84,113,60,36,64,1,225,0,0,0
2026-07-19T14:45:26.452 RX LT,2300,156,84,104,69,36,64,1,225,0,0,0
2026-07-19T14:45:26.452 RX LT,2320,156,84,71,69,36,64,1,226,0,0,0
2026-07-19T14:45:26.452 RX LT,2340,156,84,69,102,36,64,1,228,0,0,0
2026-07-19T14:45:26.452 RX LT,2360,156,84,69,104,36,64,1,229,0,0,0
2026-07-19T14:45:26.452 RX LT,2380,156,84,113,60,36,64,1,230,0,0,0
2026-07-19T14:45:26.452 RX LT,2400,156,84,104,69,36,64,1,231,0,0,0
2026-07-19T14:45:26.578 RX LT,2420,156,84,115,69,36,64,1,231,0,0,0
2026-07-19T14:45:26.578 RX LT,2440,156,84,72,102,36,64,1,232,0,0,0
2026-07-19T14:45:26.578 RX LT,2460,156,84,69,104,36,64,1,233,0,0,0
2026-07-19T14:45:26.578 RX LT,2480,156,84,113,104,36,64,1,234,0,0,0
2026-07-19T14:45:26.578 RX LT,2500,156,84,104,60,36,64,1,235,0,0,0
2026-07-19T14:45:26.578 RX LT,2520,156,84,115,69,36,64,1,235,0,0,0
2026-07-19T14:45:26.704 RX LT,2540,156,84,115,69,36,64,1,235,0,0,0
2026-07-19T14:45:26.704 RX LT,2560,156,84,105,102,36,64,1,235,0,0,0
2026-07-19T14:45:26.704 RX LT,2580,156,84,115,104,36,64,1,235,0,0,0
2026-07-19T14:45:26.704 RX LT,2600,156,84,72,104,36,64,1,236,0,0,0
2026-07-19T14:45:26.704 RX LT,2620,156,84,113,104,36,64,1,236,0,0,0
2026-07-19T14:45:26.704 RX LT,2640,156,84,72,60,36,64,1,237,0,0,0
2026-07-19T14:45:26.850 RX LT,2660,156,84,113,69,36,64,1,238,0,0,0
2026-07-19T14:45:26.850 RX LT,2680,156,84,72,69,36,64,1,238,0,0,0
2026-07-19T14:45:26.850 RX LT,2700,156,84,113,69,36,64,1,239,0,0,0
2026-07-19T14:45:26.850 RX LT,2720,156,84,115,102,36,64,1,239,0,0,0
2026-07-19T14:45:26.850 RX LT,2740,156,84,105,104,36,64,1,240,0,0,0
2026-07-19T14:45:26.850 RX LT,2760,156,84,115,104,36,64,1,240,0,0,0
2026-07-19T14:45:26.850 RX LT,2780,156,84,105,60,36,64,1,241,0,0,0
2026-07-19T14:45:26.978 RX LT,2800,156,84,115,69,36,64,1,241,0,0,0
2026-07-19T14:45:26.978 RX LT,2820,156,84,115,69,36,64,1,241,0,0,0
2026-07-19T14:45:26.978 RX LT,2840,156,84,72,102,36,64,1,241,0,0,0
2026-07-19T14:45:26.978 RX LT,2860,156,84,113,104,36,64,1,241,0,0,0
2026-07-19T14:45:26.978 RX LT,2880,156,84,115,69,36,64,1,242,0,0,0
2026-07-19T14:45:26.978 RX LT,2901,156,84,137,123,36,64,1,242,0,0,0
2026-07-19T14:45:27.109 RX LT,2921,156,84,106,62,36,64,1,242,0,0,0
2026-07-19T14:45:27.110 RX LT,2941,156,84,115,101,36,64,1,242,0,0,0
2026-07-19T14:45:27.110 RX LT,2961,156,84,72,71,36,64,1,242,0,0,0
2026-07-19T14:45:27.110 RX LT,2981,156,84,80,69,36,64,1,242,0,0,0
2026-07-19T14:45:27.110 RX LT,3001,156,84,113,102,36,64,1,243,0,0,0
2026-07-19T14:45:27.110 RX LT,3021,156,84,115,104,36,64,1,243,0,0,0
2026-07-19T14:45:27.229 RX LT,3041,156,84,72,104,36,64,1,243,0,0,0
2026-07-19T14:45:27.229 RX LT,3061,156,84,113,60,36,64,1,243,0,0,0
2026-07-19T14:45:27.229 RX LT,3081,156,84,115,69,36,64,1,243,0,0,0
2026-07-19T14:45:27.229 RX LT,3101,156,84,115,69,36,64,1,243,0,0,0
2026-07-19T14:45:27.229 RX LT,3121,156,84,115,69,36,64,1,243,0,0,0
2026-07-19T14:45:27.229 RX LT,3141,156,84,115,69,36,64,1,244,0,0,0
2026-07-19T14:45:27.358 RX LT,3161,156,84,105,69,36,64,1,244,0,0,0
2026-07-19T14:45:27.358 RX LT,3181,156,84,115,69,36,64,1,244,0,0,0
2026-07-19T14:45:27.358 RX LT,3201,156,84,115,69,36,64,1,244,0,0,0
2026-07-19T14:45:27.358 RX LT,3221,156,84,115,69,36,64,1,244,0,0,0
2026-07-19T14:45:27.358 RX LT,3241,156,84,115,69,36,64,1,244,0,0,0
2026-07-19T14:45:27.358 RX LT,3261,156,84,115,69,36,64,1,243,0,0,0
2026-07-19T14:45:27.358 RX LT,3281,156,84,115,69,36,64,1,243,0,0,0
2026-07-19T14:45:27.503 RX LT,3301,156,84,159,113,36,64,1,243,0,0,0
2026-07-19T14:45:27.503 RX LT,3321,156,84,118,104,36,64,1,243,0,0,0
2026-07-19T14:45:27.503 RX LT,3341,156,84,116,104,36,64,1,242,0,0,0
2026-07-19T14:45:27.503 RX LT,3361,156,84,116,104,36,64,1,242,0,0,0
2026-07-19T14:45:27.503 RX LT,3381,156,84,116,71,36,64,1,242,0,0,0
2026-07-19T14:45:27.503 RX LT,3401,156,84,116,69,36,64,1,242,0,0,0
2026-07-19T14:45:27.629 RX LT,3421,156,84,126,69,36,64,1,242,0,0,0
2026-07-19T14:45:27.629 RX LT,3441,156,84,116,69,36,64,1,241,0,0,0
2026-07-19T14:45:27.629 RX LT,3461,156,84,116,69,36,64,1,241,0,0,0
2026-07-19T14:45:27.629 RX LT,3481,156,84,116,69,36,64,1,241,0,0,0
2026-07-19T14:45:27.629 RX LT,3501,156,84,116,69,36,64,1,241,0,0,0
2026-07-19T14:45:27.629 RX LT,3521,156,84,116,69,36,64,1,241,0,0,0
2026-07-19T14:45:27.755 RX LT,3541,156,84,116,69,36,64,1,240,0,0,0
2026-07-19T14:45:27.755 RX LT,3561,156,84,116,69,36,64,1,240,0,0,0
2026-07-19T14:45:27.755 RX LT,3581,156,84,116,69,36,64,1,240,0,0,0
2026-07-19T14:45:27.755 RX LT,3601,156,84,116,69,36,64,1,240,0,0,0
2026-07-19T14:45:27.755 RX LT,3621,156,84,116,69,36,64,1,240,0,0,0
2026-07-19T14:45:27.755 RX LT,3641,156,84,116,69,36,64,1,239,0,0,0
2026-07-19T14:45:27.881 RX LT,3661,156,84,116,69,36,64,1,239,0,0,0
2026-07-19T14:45:27.881 RX LT,3681,156,84,116,102,36,64,1,239,0,0,0
2026-07-19T14:45:27.882 RX LT,3701,156,84,105,104,36,64,1,238,0,0,0
2026-07-19T14:45:27.882 RX LT,3721,156,84,115,60,36,64,1,238,0,0,0
2026-07-19T14:45:27.882 RX LT,3741,156,84,72,69,36,64,1,238,0,0,0
2026-07-19T14:45:27.882 RX LT,3761,156,84,113,69,36,64,1,239,0,0,0
2026-07-19T14:45:28.027 RX LT,3781,156,84,115,58,36,64,1,238,0,0,0
2026-07-19T14:45:28.027 RX LT,3801,156,84,115,68,23,96,1,238,0,0,0
2026-07-19T14:45:28.027 RX LT,3821,156,84,115,102,23,96,1,237,0,0,0
2026-07-19T14:45:28.027 RX LT,3841,156,84,105,60,23,96,1,237,0,0,0
2026-07-19T14:45:28.027 RX LT,3861,156,84,115,69,23,96,1,236,0,0,0
2026-07-19T14:45:28.027 RX LT,3881,156,84,105,58,23,96,1,237,0,0,0
2026-07-19T14:45:28.027 RX LT,3901,156,84,115,68,23,96,1,236,0,0,0
2026-07-19T14:45:28.153 RX LT,3921,156,84,115,102,23,96,1,235,0,0,0
2026-07-19T14:45:28.153 RX LT,3941,156,84,115,60,23,96,1,234,0,0,0
2026-07-19T14:45:28.153 RX LT,3961,156,84,115,69,23,96,1,234,0,0,0
2026-07-19T14:45:28.153 RX LT,3981,156,84,115,102,23,96,1,233,0,0,0
2026-07-19T14:45:28.153 RX LT,4001,156,84,115,104,23,96,1,233,0,0,0
2026-07-19T14:45:28.153 RX LT,4021,156,84,115,60,23,96,1,232,0,0,0
2026-07-19T14:45:28.279 RX LT,4041,156,84,115,69,23,96,1,231,0,0,0
2026-07-19T14:45:28.279 RX LT,4061,156,84,115,69,23,96,1,231,0,0,0
2026-07-19T14:45:28.279 RX LT,4081,156,84,115,102,23,96,1,230,0,0,0
2026-07-19T14:45:28.279 RX LT,4101,160,88,159,104,11,32,1,229,0,0,0
2026-07-19T14:45:28.279 RX LT,4121,166,92,118,60,11,32,1,227,0,0,0
2026-07-19T14:45:28.279 RX LT,4141,170,96,116,69,11,32,1,227,0,0,0
2026-07-19T14:45:28.404 RX LT,4161,174,98,116,102,11,32,1,226,0,0,0
2026-07-19T14:45:28.404 RX LT,4181,174,98,116,104,11,32,1,225,0,0,0
2026-07-19T14:45:28.404 RX LT,4201,178,102,126,104,6,48,1,223,0,0,0
2026-07-19T14:45:28.404 RX LT,4221,182,106,116,104,6,48,1,222,0,0,0
2026-07-19T14:45:28.404 RX LT,4241,182,110,126,104,6,48,1,221,0,0,0
2026-07-19T14:45:28.404 RX LT,4261,182,110,160,71,6,48,1,220,0,0,0
2026-07-19T14:45:28.529 RX LT,4281,183,113,162,113,6,48,1,219,0,0,0
2026-07-19T14:45:28.529 RX LT,4301,183,113,162,104,6,48,1,217,0,0,0
2026-07-19T14:45:28.529 RX LT,4321,183,113,162,71,6,48,1,216,0,0,0
2026-07-19T14:45:28.529 RX LT,4341,183,113,162,113,6,48,1,214,0,0,0
2026-07-19T14:45:28.529 RX LT,4361,183,113,162,104,6,48,1,212,0,0,0
2026-07-19T14:45:28.529 RX LT,4381,183,113,162,115,6,48,1,210,0,0,0
2026-07-19T14:45:28.658 RX LT,4401,183,113,129,72,6,48,1,208,0,0,0
2026-07-19T14:45:28.658 RX LT,4421,183,113,127,113,6,48,1,206,0,0,0
2026-07-19T14:45:28.658 RX LT,4441,184,116,171,104,2,16,1,204,0,0,0
2026-07-19T14:45:28.658 RX LT,4461,178,130,162,115,0,24,1,202,0,0,0
2026-07-19T14:45:28.658 RX LT,4481,168,144,129,72,0,24,1,201,0,0,0
2026-07-19T14:45:28.658 RX LT,4501,164,152,171,113,0,24,1,199,0,0,0
2026-07-19T14:45:28.784 RX LT,4521,160,160,162,115,0,24,1,197,0,0,0
2026-07-19T14:45:28.784 RX LT,4541,160,160,173,115,0,24,1,196,0,0,0
2026-07-19T14:45:28.784 RX LT,4561,150,170,173,115,0,24,1,193,0,0,0
2026-07-19T14:45:28.784 RX LT,4581,160,160,163,115,0,24,1,192,0,0,0
2026-07-19T14:45:28.784 RX LT,4601,160,160,173,115,0,24,1,190,0,0,0
2026-07-19T14:45:28.784 RX LT,4621,139,169,173,126,-6,12,1,189,0,0,0
2026-07-19T14:45:28.937 RX LT,4641,129,175,163,116,-6,12,1,187,0,0,0
2026-07-19T14:45:28.937 RX LT,4661,116,184,173,116,-6,12,1,186,0,0,0
2026-07-19T14:45:28.937 RX LT,4681,116,184,163,126,-6,12,1,185,0,0,0
2026-07-19T14:45:28.937 RX LT,4701,113,183,129,160,-6,12,1,185,0,0,0
2026-07-19T14:45:28.937 RX LT,4721,113,183,127,118,-6,12,1,185,0,0,0
2026-07-19T14:45:28.937 RX LT,4741,113,183,127,170,-6,12,1,186,0,0,0
2026-07-19T14:45:29.036 RX LT,4761,106,182,171,162,-11,4,1,188,0,0,0
2026-07-19T14:45:29.036 RX LT,4781,100,176,119,162,-18,6,1,192,0,0,0
2026-07-19T14:45:29.036 RX LT,4801,95,171,127,129,-18,6,1,195,0,0,0
2026-07-19T14:45:29.036 RX LT,4821,92,166,127,171,-18,6,1,199,0,0,0
2026-07-19T14:45:29.036 RX LT,4841,90,164,116,162,-18,6,1,202,0,0,0
2026-07-19T14:45:29.036 RX LT,4861,90,164,159,129,-18,6,1,206,0,0,0
2026-07-19T14:45:29.162 RX LT,4881,90,164,118,127,-18,6,1,211,0,0,0
2026-07-19T14:45:29.162 RX LT,4901,88,162,116,171,-18,6,1,217,0,0,0
2026-07-19T14:45:29.162 RX LT,4921,88,162,116,162,-18,6,1,222,0,0,0
2026-07-19T14:45:29.162 RX LT,4941,88,162,116,162,-18,6,1,228,0,0,0
2026-07-19T14:45:29.162 RX LT,4961,88,162,105,129,-18,6,1,234,0,0,0
2026-07-19T14:45:29.162 RX LT,4981,88,162,115,127,-18,6,1,239,0,0,0
2026-07-19T14:45:29.306 RX LT,5001,85,155,105,127,-25,2,1,249,0,0,0
2026-07-19T14:45:29.306 RX LT,5021,84,156,104,127,-25,2,1,256,0,0,0
2026-07-19T14:45:29.306 RX LT,5041,84,156,104,127,-25,2,1,262,0,0,0
2026-07-19T14:45:29.307 RX LT,5061,84,156,71,127,-25,2,1,269,0,0,0
2026-07-19T14:45:29.307 RX LT,5081,84,156,113,127,-25,2,1,275,0,0,0
2026-07-19T14:45:29.307 RX LT,5101,84,156,104,127,-25,2,1,281,0,0,0
2026-07-19T14:45:29.307 RX LT,5121,84,156,104,127,-25,2,1,288,0,0,0
2026-07-19T14:45:29.432 RX LT,5141,84,156,104,127,-25,2,1,294,0,0,0
2026-07-19T14:45:29.432 RX LT,5161,84,156,104,127,-25,2,1,301,0,0,0
2026-07-19T14:45:29.432 RX LT,5181,84,156,71,160,-25,2,1,308,0,0,0
2026-07-19T14:45:29.432 RX LT,5201,84,156,69,162,-25,2,1,318,0,0,0
2026-07-19T14:45:29.432 RX LT,5221,84,156,69,162,-25,2,1,325,0,0,0
2026-07-19T14:45:29.432 RX LT,5241,84,156,102,118,-25,2,1,333,0,0,0
2026-07-19T14:45:29.560 RX LT,5261,84,156,104,127,-25,2,1,340,0,0,0
2026-07-19T14:45:29.560 RX LT,5281,84,156,104,127,-25,2,1,348,0,0,0
2026-07-19T14:45:29.560 RX LT,5301,84,156,60,127,-25,2,1,355,0,0,0
2026-07-19T14:45:29.560 RX LT,5321,84,156,69,127,-25,2,1,363,0,0,0
2026-07-19T14:45:29.560 RX LT,5341,84,156,69,127,-25,2,1,371,0,0,0
2026-07-19T14:45:29.560 RX LT,5361,84,156,69,127,-25,2,1,379,0,0,0
2026-07-19T14:45:29.683 RX LT,5381,84,156,102,127,-25,2,1,387,0,0,0
2026-07-19T14:45:29.683 RX LT,5401,84,156,104,160,-25,2,1,395,0,0,0
2026-07-19T14:45:29.683 RX LT,5421,84,156,60,129,-25,2,1,408,0,0,0
2026-07-19T14:45:29.683 RX LT,5441,84,156,69,127,-25,2,1,416,0,0,0
2026-07-19T14:45:29.683 RX LT,5461,84,156,69,127,-25,2,1,425,0,0,0
2026-07-19T14:45:29.683 RX LT,5481,84,156,102,127,-25,2,1,434,0,0,0
2026-07-19T14:45:29.812 RX LT,5501,84,156,60,127,-25,2,1,442,0,0,0
2026-07-19T14:45:29.812 RX LT,5521,84,156,69,171,-25,2,1,451,0,0,0
2026-07-19T14:45:29.812 RX LT,5541,84,156,102,119,-25,2,1,461,0,0,0
2026-07-19T14:45:29.812 RX LT,5561,84,156,60,127,-25,2,1,470,0,0,0
2026-07-19T14:45:29.812 RX LT,5581,84,156,69,127,-25,2,1,480,0,0,0
2026-07-19T14:45:29.812 RX LT,5601,84,156,58,127,-25,2,1,489,0,0,0
2026-07-19T14:45:29.957 RX LT,5621,84,156,68,127,-25,2,1,499,0,0,0
2026-07-19T14:45:29.957 RX LT,5641,84,156,102,127,-25,2,1,514,0,0,0
2026-07-19T14:45:29.957 RX LT,5661,84,156,60,171,-25,2,1,523,0,0,0
2026-07-19T14:45:29.957 RX LT,5681,84,156,69,119,-25,2,1,533,0,0,0
2026-07-19T14:45:29.957 RX LT,5701,84,156,102,127,-25,2,1,542,0,0,0
2026-07-19T14:45:29.957 RX LT,5721,84,156,60,127,-25,2,1,551,0,0,0
2026-07-19T14:45:29.957 RX LT,5741,84,156,69,160,-25,2,1,561,0,0,0
2026-07-19T14:45:30.082 RX LT,5761,84,156,58,162,-25,2,1,571,0,0,0
2026-07-19T14:45:30.082 RX LT,5781,84,156,68,162,-25,2,1,581,0,0,0
2026-07-19T14:45:30.082 RX LT,5801,84,156,58,162,-25,2,1,591,0,0,0
2026-07-19T14:45:30.082 RX LT,5821,85,155,68,162,-18,6,1,602,0,0,0
2026-07-19T14:45:30.082 RX LT,5841,85,155,102,162,-18,6,1,612,0,0,0
2026-07-19T14:45:30.082 RX LT,5861,87,159,60,162,-18,6,1,628,0,0,0
2026-07-19T14:45:30.207 RX LT,5881,88,158,69,162,-18,6,1,638,0,0,0
2026-07-19T14:45:30.207 RX LT,5901,89,161,102,129,-18,6,1,649,0,0,0
2026-07-19T14:45:30.207 RX LT,5921,89,161,60,127,-18,6,1,660,0,0,0
2026-07-19T14:45:30.207 RX LT,5941,89,161,69,127,-18,6,1,671,0,0,0
2026-07-19T14:45:30.207 RX LT,5961,89,161,69,127,-18,6,1,682,0,0,0
2026-07-19T14:45:30.207 RX LT,5981,89,161,102,171,-18,6,1,694,0,0,0
2026-07-19T14:45:30.335 RX LT,6001,89,161,60,162,-18,6,1,705,0,0,0
2026-07-19T14:45:30.335 RX LT,6021,89,161,69,129,-18,6,1,717,0,0,0
2026-07-19T14:45:30.335 RX LT,6041,95,167,69,171,-11,4,1,728,0,0,0
2026-07-19T14:45:30.335 RX LT,6061,98,172,69,162,-11,4,1,740,0,0,0
2026-07-19T14:45:30.335 RX LT,6081,101,171,69,173,-11,4,1,758,0,0,0
2026-07-19T14:45:30.335 RX LT,6101,101,171,69,130,-11,4,1,770,0,0,0
2026-07-19T14:45:30.460 RX LT,6121,103,173,69,171,-11,4,1,782,0,0,0
2026-07-19T14:45:30.460 RX LT,6141,103,173,69,173,-11,4,1,794,0,0,0
2026-07-19T14:45:30.460 RX LT,6161,111,173,69,163,-6,12,1,807,0,0,0
2026-07-19T14:45:30.460 RX LT,6181,116,172,113,173,-6,12,1,819,0,0,0
2026-07-19T14:45:30.460 RX LT,6201,125,167,104,130,-6,12,1,832,0,0,0
2026-07-19T14:45:30.460 RX LT,6221,135,161,104,171,-6,12,1,844,0,0,0
2026-07-19T14:45:30.588 RX LT,6241,135,161,71,173,-6,12,1,857,0,0,0
2026-07-19T14:45:30.588 RX LT,6261,135,161,113,173,-6,12,1,869,0,0,0
2026-07-19T14:45:30.588 RX LT,6281,135,161,104,163,-6,12,1,881,0,0,0
2026-07-19T14:45:30.588 RX LT,6301,145,155,71,173,-2,8,1,900,0,0,0
2026-07-19T14:45:30.588 RX LT,6321,157,147,113,163,-2,8,1,913,0,0,0
2026-07-19T14:45:30.588 RX LT,6341,176,136,104,173,0,24,1,926,0,0,0
2026-07-19T14:45:30.714 RX LT,6361,188,128,115,173,0,24,1,938,0,0,0
2026-07-19T14:45:30.714 RX LT,6381,178,138,115,130,0,24,1,944,0,0,0
2026-07-19T14:45:30.714 RX LT,6401,185,135,115,127,0,24,1,955,0,0,0
2026-07-19T14:45:30.714 RX LT,6421,185,135,115,171,0,24,1,965,0,0,0
2026-07-19T14:45:30.714 RX LT,6441,185,135,115,130,0,24,1,976,0,0,0
2026-07-19T14:45:30.714 RX LT,6461,185,135,115,171,0,24,1,986,0,0,0
2026-07-19T14:45:30.839 RX LT,6481,188,128,115,162,2,16,1,997,0,0,0
2026-07-19T14:45:30.839 RX LT,6501,188,128,115,173,2,16,1,1007,0,0,0
2026-07-19T14:45:30.839 RX LT,6521,190,118,159,119,6,48,1,1021,0,0,0
2026-07-19T14:45:30.839 RX LT,6541,188,116,118,170,6,48,1,1030,0,0,0
2026-07-19T14:45:30.839 RX LT,6561,189,111,116,119,6,48,1,1039,0,0,0
2026-07-19T14:45:30.839 RX LT,6581,189,111,126,159,6,48,1,1048,0,0,0
2026-07-19T14:45:30.964 RX LT,6601,187,109,116,118,6,48,1,1058,0,0,0
2026-07-19T14:45:30.965 RX LT,6621,187,109,116,127,6,48,1,1067,0,0,0
2026-07-19T14:45:30.965 RX LT,6641,187,109,116,116,6,48,1,1075,0,0,0
2026-07-19T14:45:30.965 RX LT,6661,187,109,126,126,6,48,1,1083,0,0,0
2026-07-19T14:45:30.965 RX LT,6681,186,110,116,160,6,48,1,1090,0,0,0
2026-07-19T14:45:30.965 RX LT,6701,186,110,126,118,6,48,1,1098,0,0,0
2026-07-19T14:45:31.089 RX LT,6721,185,107,116,159,11,32,1,1105,0,0,0
2026-07-19T14:45:31.089 RX LT,6741,181,103,159,118,11,32,1,1115,0,0,0
2026-07-19T14:45:31.089 RX LT,6761,179,101,162,116,11,32,1,1121,0,0,0
2026-07-19T14:45:31.089 RX LT,6781,182,78,118,126,23,96,1,1127,0,0,0
2026-07-19T14:45:31.089 RX LT,6801,169,71,127,105,23,96,1,1133,0,0,0
2026-07-19T14:45:31.089 RX LT,6821,157,85,127,71,23,96,1,1140,0,0,0
2026-07-19T14:45:31.215 RX LT,6841,156,84,160,113,23,96,1,1145,0,0,0
2026-07-19T14:45:31.215 RX LT,6861,156,84,118,115,23,96,1,1151,0,0,0
2026-07-19T14:45:31.215 RX LT,6881,156,84,127,115,23,96,1,1156,0,0,0
2026-07-19T14:45:31.215 RX LT,6901,156,84,127,115,23,96,1,1161,0,0,0
2026-07-19T14:45:31.215 RX LT,6921,156,84,116,105,23,96,1,1166,0,0,0
2026-07-19T14:45:31.215 RX LT,6941,156,84,126,115,23,96,1,1174,0,0,0
2026-07-19T14:45:31.340 RX LT,6961,156,84,160,115,23,96,1,1179,0,0,0
2026-07-19T14:45:31.340 RX LT,6981,156,84,118,105,23,96,1,1183,0,0,0
2026-07-19T14:45:31.340 RX LT,7001,156,84,159,115,23,96,1,1188,0,0,0
2026-07-19T14:45:31.340 RX LT,7021,156,84,118,105,23,96,1,1192,0,0,0
2026-07-19T14:45:31.340 RX LT,7041,170,70,159,115,36,64,1,1197,0,0,0
2026-07-19T14:45:31.340 RX LT,7061,171,69,118,105,36,64,1,1202,0,0,0
2026-07-19T14:45:31.467 RX LT,7081,171,69,159,71,36,64,1,1207,0,0,0
2026-07-19T14:45:31.467 RX LT,7101,156,84,118,69,36,64,1,1211,0,0,0
2026-07-19T14:45:31.467 RX LT,7121,156,84,127,69,36,64,1,1216,0,0,0
2026-07-19T14:45:31.467 RX LT,7141,156,84,116,113,36,64,1,1220,0,0,0
2026-07-19T14:45:31.467 RX LT,7161,156,84,126,115,36,64,1,1226,0,0,0
2026-07-19T14:45:31.467 RX LT,7181,156,84,116,105,36,64,1,1229,0,0,0
2026-07-19T14:45:31.593 RX LT,7201,156,84,126,71,36,64,1,1233,0,0,0
2026-07-19T14:45:31.593 RX LT,7221,156,84,160,69,36,64,1,1237,0,0,0
2026-07-19T14:45:31.593 RX LT,7241,156,84,118,113,36,64,1,1240,0,0,0
2026-07-19T14:45:31.593 RX LT,7261,156,84,127,72,36,64,1,1244,0,0,0
2026-07-19T14:45:31.593 RX LT,7281,156,84,160,69,36,64,1,1247,0,0,0
2026-07-19T14:45:31.593 RX LT,7301,156,84,129,113,36,64,1,1250,0,0,0
2026-07-19T14:45:31.719 RX LT,7321,156,84,127,115,36,64,1,1253,0,0,0
2026-07-19T14:45:31.719 RX LT,7341,156,84,127,105,36,64,1,1256,0,0,0
2026-07-19T14:45:31.719 RX LT,7361,156,84,127,71,36,64,1,1259,0,0,0
2026-07-19T14:45:31.719 RX LT,7381,156,84,127,113,36,64,1,1264,0,0,0
2026-07-19T14:45:31.719 RX LT,7401,156,84,127,72,36,64,1,1267,0,0,0
2026-07-19T14:45:31.719 RX LT,7421,156,84,160,113,36,64,1,1270,0,0,0
2026-07-19T14:45:31.846 RX LT,7441,156,84,162,72,36,64,1,1274,0,0,0
2026-07-19T14:45:31.846 RX LT,7461,156,84,162,113,36,64,1,1277,0,0,0
2026-07-19T14:45:31.846 RX LT,7481,156,84,162,104,36,64,1,1280,0,0,0
2026-07-19T14:45:31.847 RX LT,7501,156,84,118,71,36,64,1,1283,0,0,0
2026-07-19T14:45:31.847 RX LT,7521,156,84,127,113,36,64,1,1286,0,0,0
2026-07-19T14:45:31.847 RX LT,7541,156,84,160,104,36,64,1,1289,0,0,0
2026-07-19T14:45:31.972 RX LT,7561,156,84,162,71,36,64,1,1291,0,0,0
2026-07-19T14:45:31.972 RX LT,7581,156,84,118,69,36,64,1,1293,0,0,0
2026-07-19T14:45:31.972 RX LT,7601,156,84,127,113,36,64,1,1298,0,0,0
2026-07-19T14:45:31.972 RX LT,7621,156,84,160,104,36,64,1,1301,0,0,0
2026-07-19T14:45:31.972 RX LT,7641,156,84,118,71,36,64,1,1304,0,0,0
2026-07-19T14:45:31.972 RX LT,7661,156,84,127,69,36,64,1,1307,0,0,0
2026-07-19T14:45:32.097 RX LT,7681,156,84,160,113,36,64,1,1309,0,0,0
2026-07-19T14:45:32.097 RX LT,7701,156,84,118,61,36,64,1,1311,0,0,0
2026-07-19T14:45:32.097 RX LT,7721,156,84,127,112,36,64,1,1314,0,0,0
2026-07-19T14:45:32.097 RX LT,7741,156,84,116,104,36,64,1,1316,0,0,0
2026-07-19T14:45:32.097 RX LT,7761,156,84,126,104,36,64,1,1318,0,0,0
2026-07-19T14:45:32.097 RX LT,7781,156,84,116,104,36,64,1,1320,0,0,0
2026-07-19T14:45:32.223 RX LT,7801,156,84,126,104,36,64,1,1322,0,0,0
2026-07-19T14:45:32.223 RX LT,7821,156,84,116,71,36,64,1,1326,0,0,0
2026-07-19T14:45:32.223 RX LT,7841,156,84,126,69,36,64,1,1329,0,0,0
2026-07-19T14:45:32.223 RX LT,7861,156,84,116,69,36,64,1,1331,0,0,0
2026-07-19T14:45:32.223 RX LT,7881,156,84,126,113,36,64,1,1332,0,0,0
2026-07-19T14:45:32.223 RX LT,7901,156,84,160,104,36,64,1,1334,0,0,0
2026-07-19T14:45:32.348 RX LT,7921,156,84,162,104,36,64,1,1335,0,0,0
2026-07-19T14:45:32.348 RX LT,7941,156,84,118,104,36,64,1,1337,0,0,0
2026-07-19T14:45:32.348 RX LT,7961,156,84,127,71,36,64,1,1338,0,0,0
2026-07-19T14:45:32.348 RX LT,7981,156,84,160,69,36,64,1,1340,0,0,0
2026-07-19T14:45:32.348 RX LT,8001,156,84,118,69,36,64,1,1341,0,0,0
2026-07-19T14:45:32.348 RX LT,8021,156,84,127,113,36,64,1,1343,0,0,0
2026-07-19T14:45:32.474 RX LT,8041,156,84,160,104,36,64,1,1345,0,0,0
2026-07-19T14:45:32.474 RX LT,8061,156,84,162,104,36,64,1,1346,0,0,0
2026-07-19T14:45:32.474 RX LT,8081,156,84,118,104,36,64,1,1347,0,0,0
2026-07-19T14:45:32.474 RX LT,8101,156,84,159,71,36,64,1,1348,0,0,0
2026-07-19T14:45:32.474 RX LT,8121,156,84,162,69,36,64,1,1350,0,0,0
2026-07-19T14:45:32.474 RX LT,8141,156,84,118,69,36,64,1,1351,0,0,0
2026-07-19T14:45:32.600 RX LT,8161,156,84,127,113,36,64,1,1352,0,0,0
2026-07-19T14:45:32.600 RX LT,8181,156,84,160,104,36,64,1,1353,0,0,0
2026-07-19T14:45:32.600 RX LT,8201,156,84,118,104,36,64,1,1354,0,0,0
2026-07-19T14:45:32.600 RX LT,8221,156,84,127,104,36,64,1,1355,0,0,0
2026-07-19T14:45:32.600 RX LT,8241,156,84,160,71,36,64,1,1356,0,0,0
2026-07-19T14:45:32.600 RX LT,8261,156,84,162,69,36,64,1,1357,0,0,0
2026-07-19T14:45:32.729 RX LT,8281,156,84,118,69,36,64,1,1358,0,0,0
2026-07-19T14:45:32.729 RX LT,8301,156,84,127,69,36,64,1,1358,0,0,0
2026-07-19T14:45:32.729 RX LT,8321,156,84,160,69,23,96,1,1359,0,0,0
2026-07-19T14:45:32.729 RX LT,8341,156,84,118,69,23,96,1,1360,0,0,0
2026-07-19T14:45:32.729 RX LT,8361,156,84,127,113,23,96,1,1361,0,0,0
2026-07-19T14:45:32.729 RX LT,8381,156,84,127,104,23,96,1,1361,0,0,0
2026-07-19T14:45:32.853 RX LT,8401,156,84,160,104,23,96,1,1362,0,0,0
2026-07-19T14:45:32.853 RX LT,8421,156,84,118,71,23,96,1,1362,0,0,0
2026-07-19T14:45:32.853 RX LT,8441,156,84,127,69,23,96,1,1362,0,0,0
2026-07-19T14:45:32.853 RX LT,8461,156,84,127,69,23,96,1,1362,0,0,0
2026-07-19T14:45:32.853 RX LT,8481,156,84,127,69,23,96,1,1362,0,0,0
2026-07-19T14:45:32.853 RX LT,8501,156,84,127,113,23,96,1,1362,0,0,0
2026-07-19T14:45:32.978 RX LT,8521,156,84,127,104,23,96,1,1362,0,0,0
2026-07-19T14:45:32.978 RX LT,8541,156,84,171,104,23,96,1,1362,0,0,0
2026-07-19T14:45:32.978 RX LT,8561,156,84,162,115,23,96,1,1362,0,0,0
2026-07-19T14:45:32.978 RX LT,8581,156,84,162,105,23,96,1,1361,0,0,0
2026-07-19T14:45:32.978 RX LT,8601,160,88,162,104,11,32,1,1361,0,0,0
2026-07-19T14:45:32.978 RX LT,8621,166,92,162,115,11,32,1,1361,0,0,0
2026-07-19T14:45:33.103 RX LT,8641,170,96,162,105,11,32,1,1361,0,0,0
2026-07-19T14:45:33.103 RX LT,8661,176,100,129,71,6,48,1,1360,0,0,0
2026-07-19T14:45:33.103 RX LT,8681,180,104,127,113,6,48,1,1359,0,0,0
2026-07-19T14:45:33.104 RX LT,8701,182,110,171,115,6,48,1,1359,0,0,0
2026-07-19T14:45:33.104 RX LT,8721,182,110,162,105,6,48,1,1359,0,0,0
2026-07-19T14:45:33.104 RX LT,8741,183,113,129,115,6,48,1,1358,0,0,0
2026-07-19T14:45:33.229 RX LT,8761,183,113,171,72,6,48,1,1358,0,0,0
2026-07-19T14:45:33.229 RX LT,8781,183,113,130,113,6,48,1,1357,0,0,0
2026-07-19T14:45:33.229 RX LT,8801,183,113,171,115,6,48,1,1356,0,0,0
2026-07-19T14:45:33.229 RX LT,8821,183,113,173,115,6,48,1,1355,0,0,0
2026-07-19T14:45:33.229 RX LT,8841,183,113,163,72,6,48,1,1355,0,0,0
2026-07-19T14:45:33.229 RX LT,8861,183,113,173,113,6,48,1,1354,0,0,0
2026-07-19T14:45:33.356 RX LT,8881,183,113,173,115,6,48,1,1353,0,0,0
2026-07-19T14:45:33.356 RX LT,8901,184,116,163,115,2,16,1,1352,0,0,0
2026-07-19T14:45:33.356 RX LT,8921,178,130,129,115,0,24,1,1351,0,0,0
2026-07-19T14:45:33.356 RX LT,8941,168,144,171,105,0,24,1,1350,0,0,0
2026-07-19T14:45:33.356 RX LT,8961,164,152,173,126,0,24,1,1350,0,0,0
2026-07-19T14:45:33.356 RX LT,8981,160,160,173,116,0,24,1,1349,0,0,0
2026-07-19T14:45:33.481 RX LT,9001,160,160,173,116,0,24,1,1349,0,0,0
2026-07-19T14:45:33.481 RX LT,9021,160,160,163,116,0,24,1,1349,0,0,0
2026-07-19T14:45:33.481 RX LT,9041,160,160,173,159,0,24,1,1349,0,0,0
2026-07-19T14:45:33.481 RX LT,9061,152,164,173,118,-3,28,1,1349,0,0,0
2026-07-19T14:45:33.481 RX LT,9081,137,171,173,159,-6,12,1,1349,0,0,0
2026-07-19T14:45:33.481 RX LT,9101,128,176,163,162,-6,12,1,1351,0,0,0
2026-07-19T14:45:33.608 RX LT,9121,116,184,173,118,-6,12,1,1351,0,0,0
2026-07-19T14:45:33.608 RX LT,9141,116,184,130,127,-6,12,1,1353,0,0,0
2026-07-19T14:45:33.608 RX LT,9161,113,183,171,127,-6,12,1,1354,0,0,0
2026-07-19T14:45:33.608 RX LT,9181,113,183,130,171,-6,12,1,1357,0,0,0
2026-07-19T14:45:33.608 RX LT,9201,113,183,171,162,-6,12,1,1360,0,0,0
2026-07-19T14:45:33.608 RX LT,9221,106,182,162,129,-11,4,1,1363,0,0,0
2026-07-19T14:45:33.733 RX LT,9241,98,174,162,171,-18,6,1,1367,0,0,0
2026-07-19T14:45:33.733 RX LT,9261,94,168,129,162,-18,6,1,1370,0,0,0
2026-07-19T14:45:33.733 RX LT,9281,92,166,160,129,-18,6,1,1374,0,0,0
2026-07-19T14:45:33.733 RX LT,9301,90,164,162,171,-18,6,1,1378,0,0,0
2026-07-19T14:45:33.733 RX LT,9321,87,159,118,162,-24,7,1,1385,0,0,0
2026-07-19T14:45:33.733 RX LT,9341,85,155,159,173,-24,7,1,1390,0,0,0
2026-07-19T14:45:33.859 RX LT,9361,85,155,118,163,-24,7,1,1394,0,0,0
2026-07-19T14:45:33.859 RX LT,9381,84,156,127,129,-24,7,1,1399,0,0,0
2026-07-19T14:45:33.859 RX LT,9401,84,156,116,127,-24,7,1,1404,0,0,0
2026-07-19T14:45:33.859 RX LT,9421,84,156,116,127,-30,3,1,1409,0,0,0
2026-07-19T14:45:33.859 RX LT,9441,84,156,116,171,-30,3,1,1414,0,0,0
2026-07-19T14:45:33.859 RX LT,9461,84,156,116,119,-30,3,1,1420,0,0,0
2026-07-19T14:45:33.986 RX LT,9481,84,156,116,127,-25,2,1,1425,0,0,0
2026-07-19T14:45:33.986 RX LT,9501,84,156,116,171,-25,2,1,1430,0,0,0
2026-07-19T14:45:33.986 RX LT,9521,57,103,116,162,0,0,0,1435,0,0,0
2026-07-19T14:45:33.986 RX LT,9541,63,97,72,118,0,0,0,1441,0,0,0
2026-07-19T14:45:33.986 RX LT,9561,68,92,113,116,0,0,0,1445,0,0,0
2026-07-19T14:45:33.986 RX LT,9581,72,88,115,116,0,0,0,1449,0,0,0
2026-07-19T14:45:34.132 RX LT,9601,74,86,72,116,0,0,0,1452,0,0,0
2026-07-19T14:45:34.132 RX LT,9621,76,84,113,105,0,0,0,1456,0,0,0
2026-07-19T14:45:34.132 RX LT,9641,78,82,115,115,0,0,0,1459,0,0,0
2026-07-19T14:45:34.132 RX LT,9661,80,80,105,115,0,0,0,1463,0,0,0
2026-07-19T14:45:34.132 RX LT,9681,80,80,104,72,0,0,0,1466,0,0,0
2026-07-19T14:45:34.132 RX LT,9701,80,80,104,113,0,0,0,1469,0,0,0
2026-07-19T14:45:34.132 RX LT,9721,80,80,104,72,0,0,0,1472,0,0,0
2026-07-19T14:45:34.258 RX LT,9741,80,80,104,113,0,0,0,1474,0,0,0
2026-07-19T14:45:34.258 RX LT,9761,80,80,104,104,0,0,0,1477,0,0,0
2026-07-19T14:45:34.258 RX LT,9781,80,80,60,71,0,0,0,1480,0,0,0
2026-07-19T14:45:34.258 RX LT,9801,80,80,69,69,0,0,0,1482,0,0,0
2026-07-19T14:45:34.258 RX LT,9821,80,80,102,113,0,0,0,1484,0,0,0
2026-07-19T14:45:34.258 RX LT,9841,80,80,60,72,0,0,0,1486,0,0,0
2026-07-19T14:45:34.258 TX STOP
2026-07-19T14:45:34.260 TX STOP
2026-07-19T14:45:34.260 TX STOP
2026-07-19T14:45:34.392 RX LT,9861,80,80,58,102,0,0,0,1488,0,0,0
2026-07-19T14:45:34.392 RX LT,9881,80,80,68,104,0,0,0,1491,0,0,0
2026-07-19T14:45:34.392 RX OK STOP
2026-07-19T14:45:34.392 RX OK STOP
2026-07-19T14:45:34.392 TX PROFILE GIMBAL
2026-07-19T14:45:34.392 RX OK STOP
2026-07-19T14:45:34.450 RX OK PROFILE GIMBAL FLASH 3
2026-07-19T14:45:34.450 TX PARAM
2026-07-19T14:45:34.610 RX PARAM,x1000,PROFILE,1,FLASHVER,3,GUARDVER,39,LKP,350,LKI,100,RKP,500,RKI,350,LFF,460,RFF,437,LMIN,32,RMIN,26,SYNC,1000,BIAS,50,GSTART,10,LINEKP,6750,LINEKD,2000,TURNANGLE,900,TURNFAST,185,TURNSLOW,140,TURNMARGIN,180,TURNEXIT,140,TURNDIST,98
2026-07-19T14:45:34.610 RX PARAM,x1000,PROFILE,1,FLASHVER,3,GUARDVER,39,LKP,350,LKI,100,RKP,500,RKI,350,LFF,460,RFF,437,LMIN,32,RMIN,26,SYNC,1000,BIAS,50,GSTART,10,LINEKP,6750,LINEKD,2000,TURNANGLE,900,TURNFAST,185,TURNSLOW,140,TURNMARGIN,180,TURNEXIT,140,TURNDIST,98
2026-07-19T14:45:34.610 TX SET TURNSLOW 80 1326155225
2026-07-19T14:45:34.749 RX SA,1326155225,TURNSLOW,80
2026-07-19T14:45:34.749 TX SET LKP 350 1326155226
2026-07-19T14:45:34.888 RX SA,1326155226,LKP,350
2026-07-19T14:45:34.888 TX SET LKI 100 1326155227
2026-07-19T14:45:35.027 RX SA,1326155227,LKI,100
2026-07-19T14:45:35.027 TX SET LFF 460 1326155228
2026-07-19T14:45:35.165 RX SA,1326155228,LFF,460
2026-07-19T14:45:35.165 TX SET LMIN 32 1326155229
2026-07-19T14:45:35.302 RX SA,1326155229,LMIN,32
2026-07-19T14:45:35.302 TX SET RKP 500 1326155230
2026-07-19T14:45:35.442 RX SA,1326155230,RKP,500
2026-07-19T14:45:35.442 TX SET RKI 350 1326155231
2026-07-19T14:45:35.580 RX SA,1326155231,RKI,350
2026-07-19T14:45:35.580 TX SET RFF 437 1326155232
2026-07-19T14:45:35.718 RX SA,1326155232,RFF,437
2026-07-19T14:45:35.718 TX SET RMIN 26 1326155233
2026-07-19T14:45:35.857 RX SA,1326155233,RMIN,26
2026-07-19T14:45:35.857 TX SET SYNC 1000 1326155234
2026-07-19T14:45:35.998 RX SA,1326155234,SYNC,1000
2026-07-19T14:45:35.998 TX SET BIAS 50 1326155235
2026-07-19T14:45:36.135 RX SA,1326155235,BIAS,50
2026-07-19T14:45:36.135 TX SET LINEKP 6750 1326155236
2026-07-19T14:45:36.273 RX SA,1326155236,LINEKP,6750
2026-07-19T14:45:36.273 TX SET LINEKD 2000 1326155237
2026-07-19T14:45:36.413 RX SA,1326155237,LINEKD,2000
2026-07-19T14:45:36.413 TX SET TURNANGLE 900 1326155238
2026-07-19T14:45:36.553 RX SA,1326155238,TURNANGLE,900
2026-07-19T14:45:36.553 TX SET TURNFAST 185 1326155239
2026-07-19T14:45:36.694 RX SA,1326155239,TURNFAST,185
2026-07-19T14:45:36.694 TX SET TURNMARGIN 180 1326155240
2026-07-19T14:45:36.833 RX SA,1326155240,TURNMARGIN,180
2026-07-19T14:45:36.833 TX SET TURNEXIT 140 1326155241
2026-07-19T14:45:36.971 RX SA,1326155241,TURNEXIT,140
2026-07-19T14:45:36.971 TX SET TURNDIST 98 1326155242
2026-07-19T14:45:37.112 RX SA,1326155242,TURNDIST,98
2026-07-19T14:45:37.112 TX SET GSTART 0 1326155243
2026-07-19T14:45:37.250 RX SA,1326155243,GSTART,0
2026-07-19T14:45:37.250 TX SET TURNSLOW 140 1326155244
2026-07-19T14:45:37.390 RX SA,1326155244,TURNSLOW,140
2026-07-19T14:45:37.391 TX STOP
