2026-07-18T12:41:14.694 TX HELLO 1286349168
2026-07-18T12:41:14.827 RX HELLO,1286349168,2,STBY,HIGH,ENCODER_MM_X1000,580,SAMPLE_MS,10
2026-07-18T12:41:14.827 TX STOP
2026-07-18T12:41:14.956 RX OK STOP
2026-07-18T12:41:14.957 TX PARAM
2026-07-18T12:41:15.117 RX PARAM,x1000,PROFILE,1,FLASHVER,3,GUARDVER,24,LKP,350,LKI,100,RKP,500,RKI,350,LFF,540,RFF,520,LMIN,90,RMIN,85,SYNC,500,BIAS,80,GSTART,10,LINEKP,8250,LINEKD,2250,TURNANGLE,900,TURNFAST,165,TURNSLOW,110,TURNMARGIN,180,TURNEXIT,140,TURNDIST,98
2026-07-18T12:41:15.118 TX STATUS
2026-07-18T12:41:15.766 TX STATUS
2026-07-18T12:41:15.896 RX ERR COMMAND; SEND HELP
2026-07-18T12:41:16.452 TX STATUS
2026-07-18T12:41:16.586 RX STATUS,42151,IDLE,0,0,0,0,0,0,SAFE,SELECTED_LAPS,1,STBY,HIGH
2026-07-18T12:41:16.586 TX SENSOR
2026-07-18T12:41:16.722 RX SENSOR,OK,56,0,93,0,184
2026-07-18T12:41:16.722 TX SENSOR
2026-07-18T12:41:16.853 RX SENSOR,OK,56,0,93,0,184
2026-07-18T12:41:16.853 TX SENSOR
2026-07-18T12:41:16.993 RX SENSOR,OK,56,0,93,0,184
2026-07-18T12:41:16.993 TX SENSOR
2026-07-18T12:41:17.132 RX SENSOR,OK,56,0,93,0,184
2026-07-18T12:41:17.132 TX SENSOR
2026-07-18T12:41:17.256 RX SENSOR,OK,56,0,93,0,184
2026-07-18T12:41:17.257 TX IMU
2026-07-18T12:41:17.392 RX IMU,OK,-832,3615,75,VER,1,1,0,0
2026-07-18T12:41:17.392 TX STREAM TUNE
2026-07-18T12:41:17.522 RX OK STREAM TUNE
2026-07-18T12:41:17.522 TX SQUARE 120 3 1286349169
2026-07-18T12:41:17.687 RX TEST START,SQUARE,120,3
2026-07-18T12:41:17.687 RX SQ,1286349169,OK
2026-07-18T12:41:17.696 RX LT,20,12,0,0,0,3,56,1,0,0,0,0
2026-07-18T12:41:17.696 RX LT,40,22,0,10,0,3,56,1,-1,0,0,0
2026-07-18T12:41:17.697 RX LT,60,24,0,0,0,3,56,1,-1,0,0,0
2026-07-18T12:41:17.697 RX LT,80,27,0,0,0,3,56,1,-1,0,0,0
2026-07-18T12:41:17.697 RX LT,100,29,0,0,0,3,56,1,-2,0,0,0
2026-07-18T12:41:17.698 RX LT,120,32,0,0,0,3,56,1,-2,0,0,0
2026-07-18T12:41:17.864 RX LT,140,34,0,0,0,3,56,1,-2,0,0,0
2026-07-18T12:41:17.864 RX LT,160,36,0,10,0,3,56,1,-2,0,0,0
2026-07-18T12:41:17.864 RX LT,180,39,3,0,0,3,56,1,-2,0,0,0
2026-07-18T12:41:17.864 RX LT,200,41,5,0,10,3,56,1,-1,0,0,0
2026-07-18T12:41:17.864 RX LT,220,44,8,0,0,3,56,1,-1,0,0,0
2026-07-18T12:41:17.864 RX LT,240,46,10,0,0,3,56,1,-1,0,0,0
2026-07-18T12:41:17.865 RX LT,260,48,12,43,10,3,56,1,0,0,0,0
2026-07-18T12:41:17.865 RX LT,280,51,15,2,0,3,56,1,0,0,0,0
2026-07-18T12:41:18.011 RX LT,300,53,17,0,0,3,56,1,1,0,0,0
2026-07-18T12:41:18.011 RX LT,320,56,20,0,10,3,56,1,1,0,0,0
2026-07-18T12:41:18.011 RX LT,340,58,22,0,0,3,56,1,2,0,0,0
2026-07-18T12:41:18.011 RX LT,360,60,24,0,0,3,56,1,2,0,0,0
2026-07-18T12:41:18.011 RX LT,380,63,27,0,0,3,56,1,2,0,0,0
2026-07-18T12:41:18.011 RX LT,400,65,29,0,0,3,56,1,2,0,0,0
2026-07-18T12:41:18.011 RX LT,420,68,32,0,0,3,56,1,2,0,0,0
2026-07-18T12:41:18.176 RX LT,440,70,34,0,0,3,56,1,2,0,0,0
2026-07-18T12:41:18.176 RX LT,460,72,36,0,0,3,56,1,2,0,0,0
2026-07-18T12:41:18.176 RX LT,480,75,39,0,0,3,56,1,3,0,0,0
2026-07-18T12:41:18.176 RX LT,500,77,41,43,0,3,56,1,3,0,0,0
2026-07-18T12:41:18.176 RX LT,520,80,44,2,10,3,56,1,3,0,0,0
2026-07-18T12:41:18.176 RX LT,540,82,46,0,0,3,56,1,3,0,0,0
2026-07-18T12:41:18.176 RX LT,560,84,48,43,0,3,56,1,3,0,0,0
2026-07-18T12:41:18.176 RX LT,580,87,51,2,43,3,56,1,3,0,0,0
2026-07-18T12:41:18.326 RX LT,600,89,53,0,2,3,56,1,3,0,0,0
2026-07-18T12:41:18.326 RX LT,620,92,56,10,11,3,56,1,4,0,0,0
2026-07-18T12:41:18.326 RX LT,640,94,58,0,11,3,56,1,5,0,0,0
2026-07-18T12:41:18.326 RX LT,660,96,60,10,11,3,56,1,6,0,0,0
2026-07-18T12:41:18.326 RX LT,680,99,63,44,55,3,56,1,7,0,0,0
2026-07-18T12:41:18.326 RX LT,700,101,65,46,14,3,56,1,8,0,0,0
2026-07-18T12:41:18.326 RX LT,720,104,68,46,55,3,56,1,10,0,0,0
2026-07-18T12:41:18.466 RX LT,740,106,70,46,101,3,56,1,12,0,0,0
2026-07-18T12:41:18.466 RX LT,760,108,72,13,60,3,56,1,14,0,0,0
2026-07-18T12:41:18.466 RX LT,780,111,75,55,101,3,56,1,16,0,0,0
2026-07-18T12:41:18.466 RX LT,800,103,87,57,60,0,24,1,18,0,0,0
2026-07-18T12:41:18.466 RX LT,820,98,98,47,69,0,24,1,20,0,0,0
2026-07-18T12:41:18.466 RX LT,840,100,100,57,113,0,24,1,22,0,0,0
2026-07-18T12:41:18.466 RX LT,860,114,90,57,104,2,16,1,25,0,0,0
2026-07-18T12:41:18.617 RX LT,880,117,93,57,115,2,16,1,27,0,0,0
2026-07-18T12:41:18.617 RX LT,900,119,95,101,115,2,16,1,30,0,0,0
2026-07-18T12:41:18.617 RX LT,920,122,98,60,115,2,16,1,32,0,0,0
2026-07-18T12:41:18.617 RX LT,940,124,100,101,159,2,16,1,35,0,0,0
2026-07-18T12:41:18.617 RX LT,960,126,102,60,118,2,16,1,39,0,0,0
2026-07-18T12:41:18.617 RX LT,980,129,105,69,116,2,16,1,42,0,0,0
2026-07-18T12:41:18.617 RX LT,1000,131,107,69,126,2,16,1,44,0,0,0
2026-07-18T12:41:18.736 RX LT,1020,140,100,113,160,6,48,1,46,0,0,0
2026-07-18T12:41:18.736 RX LT,1040,156,84,104,162,6,48,1,48,0,0,0
2026-07-18T12:41:18.736 RX LT,1060,167,73,115,118,6,48,1,50,0,0,0
2026-07-18T12:41:18.736 RX LT,1080,167,73,115,127,6,48,1,51,0,0,0
2026-07-18T12:41:18.736 RX LT,1100,167,73,115,160,6,48,1,51,0,0,0
2026-07-18T12:41:18.736 RX LT,1120,167,73,115,118,6,48,1,50,0,0,0
2026-07-18T12:41:18.886 RX LT,1140,167,73,115,116,6,48,1,49,0,0,0
2026-07-18T12:41:18.886 RX LT,1173,167,73,126,126,6,48,1,46,0,0,0
2026-07-18T12:41:18.886 RX LT,1193,167,73,192,138,6,48,1,45,0,0,0
2026-07-18T12:41:18.886 RX LT,1213,167,73,164,117,6,48,1,42,0,0,0
2026-07-18T12:41:18.886 RX LT,1233,167,73,162,126,6,48,1,40,0,0,0
2026-07-18T12:41:18.886 RX LT,1253,167,73,173,127,6,48,1,37,0,0,0
2026-07-18T12:41:19.027 RX LT,1273,167,73,163,160,6,48,1,34,0,0,0
2026-07-18T12:41:19.027 RX LT,1293,167,73,162,118,6,48,1,31,0,0,0
2026-07-18T12:41:19.027 RX LT,1313,167,73,173,159,6,48,1,28,0,0,0
2026-07-18T12:41:19.027 RX LT,1333,167,73,130,162,6,48,1,25,0,0,0
2026-07-18T12:41:19.027 RX LT,1353,167,73,171,118,6,48,1,22,0,0,0
2026-07-18T12:41:19.027 RX LT,1373,167,73,173,127,6,48,1,18,0,0,0
2026-07-18T12:41:19.027 RX LT,1393,167,73,173,116,6,48,1,14,0,0,0
2026-07-18T12:41:19.156 RX LT,1413,167,73,217,126,6,48,1,10,0,0,0
2026-07-18T12:41:19.157 RX LT,1433,167,73,176,127,6,48,1,6,0,0,0
2026-07-18T12:41:19.157 RX LT,1453,167,73,174,160,6,48,1,3,0,0,0
2026-07-18T12:41:19.157 RX LT,1473,167,73,217,118,6,48,1,-1,0,0,0
2026-07-18T12:41:19.158 RX LT,1493,167,73,176,127,6,48,1,-5,0,0,0
2026-07-18T12:41:19.158 RX LT,1513,167,73,174,160,6,48,1,-11,0,0,0
2026-07-18T12:41:19.278 RX LT,1533,167,73,184,118,6,48,1,-15,0,0,0
2026-07-18T12:41:19.286 RX LT,1553,167,73,174,159,6,48,1,-19,0,0,0
2026-07-18T12:41:19.286 RX LT,1573,167,73,184,118,6,48,1,-23,0,0,0
2026-07-18T12:41:19.286 RX LT,1593,167,73,218,116,6,48,1,-27,0,0,0
2026-07-18T12:41:19.287 RX LT,1613,167,73,176,126,6,48,1,-32,0,0,0
2026-07-18T12:41:19.287 RX LT,1633,167,73,185,116,6,48,1,-36,0,0,0
2026-07-18T12:41:19.431 RX LT,1653,167,73,174,116,6,48,1,-41,0,0,0
2026-07-18T12:41:19.431 RX LT,1673,167,73,184,126,6,48,1,-45,0,0,0
2026-07-18T12:41:19.431 RX LT,1693,167,73,218,116,6,48,1,-50,0,0,0
2026-07-18T12:41:19.431 RX LT,1713,167,73,220,159,6,48,1,-54,0,0,0
2026-07-18T12:41:19.433 RX LT,1733,167,73,176,118,6,48,1,-60,0,0,0
2026-07-18T12:41:19.433 RX LT,1753,167,73,185,116,6,48,1,-65,0,0,0
2026-07-18T12:41:19.433 RX LT,1773,167,73,218,116,6,48,1,-70,0,0,0
2026-07-18T12:41:19.546 RX LT,1793,167,73,220,126,6,48,1,-74,0,0,0
2026-07-18T12:41:19.546 RX LT,1813,157,83,176,116,2,16,1,-77,0,0,0
2026-07-18T12:41:19.546 RX LT,1833,137,103,185,116,2,16,1,-81,0,0,0
2026-07-18T12:41:19.546 RX LT,1853,132,108,218,126,2,16,1,-85,0,0,0
2026-07-18T12:41:19.546 RX LT,1873,132,108,176,127,2,16,1,-88,0,0,0
2026-07-18T12:41:19.546 RX LT,1893,120,120,174,116,0,24,1,-91,0,0,0
2026-07-18T12:41:19.677 RX LT,1913,120,120,174,159,0,24,1,-94,0,0,0
2026-07-18T12:41:19.677 RX LT,1933,120,120,174,118,0,24,1,-97,0,0,0
2026-07-18T12:41:19.677 RX LT,1953,120,120,217,127,0,24,1,-99,0,0,0
2026-07-18T12:41:19.677 RX LT,1973,120,120,176,127,0,24,1,-100,0,0,0
2026-07-18T12:41:19.677 RX LT,1993,120,120,305,205,0,24,1,-102,0,0,0
2026-07-18T12:41:19.677 RX LT,2013,120,120,171,165,0,24,1,-104,0,0,0
2026-07-18T12:41:19.808 RX LT,2033,120,120,173,162,0,24,1,-106,0,0,0
2026-07-18T12:41:19.808 RX LT,2053,120,120,173,118,0,24,1,-107,0,0,0
2026-07-18T12:41:19.808 RX LT,2073,120,120,173,127,0,24,1,-109,0,0,0
2026-07-18T12:41:19.809 RX LT,2093,120,120,173,127,0,24,1,-110,0,0,0
2026-07-18T12:41:19.809 RX LT,2113,120,120,184,171,0,24,1,-111,0,0,0
2026-07-18T12:41:19.809 RX LT,2133,108,132,131,162,-2,8,1,-112,0,0,0
2026-07-18T12:41:19.929 RX LT,2153,108,132,171,162,-2,8,1,-113,0,0,0
2026-07-18T12:41:19.929 RX LT,2173,100,140,173,162,-6,12,1,-113,0,0,0
2026-07-18T12:41:19.929 RX LT,2193,84,156,173,162,-6,12,1,-114,0,0,0
2026-07-18T12:41:19.929 RX LT,2213,73,167,173,162,-6,12,1,-114,0,0,0
2026-07-18T12:41:19.929 RX LT,2233,73,167,163,173,-6,12,1,-114,0,0,0
2026-07-18T12:41:19.929 RX LT,2253,73,167,173,173,-6,12,1,-113,0,0,0
2026-07-18T12:41:20.046 RX LT,2273,73,167,130,173,-6,12,1,-111,0,0,0
2026-07-18T12:41:20.046 RX LT,2293,73,167,171,173,-6,12,1,-109,0,0,0
2026-07-18T12:41:20.046 RX LT,2313,73,167,130,173,-6,12,1,-107,0,0,0
2026-07-18T12:41:20.046 RX LT,2333,73,167,171,184,-6,12,1,-105,0,0,0
2026-07-18T12:41:20.046 RX LT,2353,73,167,130,174,-6,12,1,-103,0,0,0
2026-07-18T12:41:20.046 RX LT,2373,73,167,171,184,-6,12,1,-100,0,0,0
2026-07-18T12:41:20.176 RX LT,2393,73,167,162,218,-6,12,1,-97,0,0,0
2026-07-18T12:41:20.176 RX LT,2413,73,167,129,176,-6,12,1,-95,0,0,0
2026-07-18T12:41:20.176 RX LT,2433,73,167,171,185,-6,12,1,-92,0,0,0
2026-07-18T12:41:20.176 RX LT,2453,73,167,162,218,-6,12,1,-89,0,0,0
2026-07-18T12:41:20.176 RX LT,2473,73,167,162,220,-6,12,1,-86,0,0,0
2026-07-18T12:41:20.176 RX LT,2493,73,167,129,176,-6,12,1,-81,0,0,0
2026-07-18T12:41:20.308 RX LT,2513,73,167,127,185,-6,12,1,-79,0,0,0
2026-07-18T12:41:20.308 RX LT,2533,73,167,127,218,-6,12,1,-76,0,0,0
2026-07-18T12:41:20.308 RX LT,2553,57,171,127,176,-11,4,1,-73,0,0,0
2026-07-18T12:41:20.308 RX LT,2573,57,171,127,185,-11,4,1,-70,0,0,0
2026-07-18T12:41:20.308 RX LT,2593,57,171,127,218,-11,4,1,-67,0,0,0
2026-07-18T12:41:20.308 RX LT,2613,57,171,160,176,-11,4,1,-65,0,0,0
2026-07-18T12:41:20.436 RX LT,2633,57,171,118,185,-11,4,1,-62,0,0,0
2026-07-18T12:41:20.437 RX LT,2653,57,171,127,218,-11,4,1,-58,0,0,0
2026-07-18T12:41:20.437 RX LT,2673,57,171,116,176,-11,4,1,-55,0,0,0
2026-07-18T12:41:20.437 RX LT,2693,73,167,159,185,-6,12,1,-51,0,0,0
2026-07-18T12:41:20.437 RX LT,2713,73,167,118,218,-6,12,1,-47,0,0,0
2026-07-18T12:41:20.437 RX LT,2733,73,167,127,176,-6,12,1,-44,0,0,0
2026-07-18T12:41:20.562 RX LT,2753,73,167,116,185,-6,12,1,-41,0,0,0
2026-07-18T12:41:20.562 RX LT,2773,73,167,116,185,-6,12,1,-38,0,0,0
2026-07-18T12:41:20.562 RX LT,2793,73,167,126,218,-6,12,1,-35,0,0,0
2026-07-18T12:41:20.562 RX LT,2813,73,167,160,176,-6,12,1,-32,0,0,0
2026-07-18T12:41:20.562 RX LT,2833,73,167,118,185,-6,12,1,-28,0,0,0
2026-07-18T12:41:20.562 RX LT,2853,73,167,116,185,-6,12,1,-23,0,0,0
2026-07-18T12:41:20.692 RX LT,2873,73,167,116,218,-6,12,1,-20,0,0,0
2026-07-18T12:41:20.692 RX LT,2893,73,167,126,220,-6,12,1,-16,0,0,0
2026-07-18T12:41:20.692 RX LT,2913,73,167,116,176,-6,12,1,-12,0,0,0
2026-07-18T12:41:20.692 RX LT,2933,73,167,116,185,-6,12,1,-7,0,0,0
2026-07-18T12:41:20.692 RX LT,2953,73,167,159,185,-6,12,1,-3,0,0,0
2026-07-18T12:41:20.692 RX LT,2973,73,167,118,218,-6,12,1,0,0,0,0
2026-07-18T12:41:20.836 RX LT,2993,73,167,116,176,-6,12,1,3,0,0,0
2026-07-18T12:41:20.836 RX LT,3013,93,147,116,185,-2,8,1,5,0,0,0
2026-07-18T12:41:20.836 RX LT,3033,108,132,116,218,-2,8,1,8,0,0,0
2026-07-18T12:41:20.836 RX LT,3053,108,132,126,176,-2,8,1,11,0,0,0
2026-07-18T12:41:20.836 RX LT,3073,120,120,116,185,0,24,1,13,0,0,0
2026-07-18T12:41:20.836 RX LT,3093,120,120,159,174,0,24,1,16,0,0,0
2026-07-18T12:41:20.836 RX LT,3113,120,120,118,163,0,24,1,17,0,0,0
2026-07-18T12:41:20.836 TX SET LINEKD 2150 1286349170
2026-07-18T12:41:20.940 RX LT,3133,120,120,127,184,0,24,1,19,0,0,0
2026-07-18T12:41:20.940 RX LT,3153,120,120,116,131,0,24,1,20,0,0,0
2026-07-18T12:41:20.940 RX SA,1286349170,LINEKD,2150
2026-07-18T12:41:20.940 RX LT,3173,120,120,126,214,0,24,1,21,0,0,0
2026-07-18T12:41:20.941 RX LT,3193,120,120,127,176,0,24,1,22,0,0,0
2026-07-18T12:41:20.941 RX LT,3213,120,120,116,206,0,24,1,22,0,0,0
2026-07-18T12:41:21.067 RX LT,3233,120,120,126,176,0,24,1,22,0,0,0
2026-07-18T12:41:21.067 RX LT,3253,130,110,127,163,2,16,1,22,0,0,0
2026-07-18T12:41:21.067 RX LT,3273,132,108,160,173,2,16,1,22,0,0,0
2026-07-18T12:41:21.067 RX LT,3293,132,108,118,173,2,16,1,22,0,0,0
2026-07-18T12:41:21.067 RX LT,3313,132,108,127,163,2,16,1,22,0,0,0
2026-07-18T12:41:21.067 RX LT,3333,140,100,127,129,6,48,1,20,0,0,0
2026-07-18T12:41:21.216 RX LT,3353,156,84,171,127,6,48,1,18,0,0,0
2026-07-18T12:41:21.216 RX LT,3373,167,73,162,127,6,48,1,16,0,0,0
2026-07-18T12:41:21.216 RX LT,3393,167,73,162,127,6,48,1,13,0,0,0
2026-07-18T12:41:21.216 RX LT,3413,167,73,173,116,6,48,1,9,0,0,0
2026-07-18T12:41:21.217 RX LT,3433,167,73,173,126,6,48,1,5,0,0,0
2026-07-18T12:41:21.217 RX LT,3453,167,73,173,116,6,48,1,-1,0,0,0
2026-07-18T12:41:21.217 RX LT,3473,167,73,163,116,6,48,1,-6,0,0,0
2026-07-18T12:41:21.336 RX LT,3493,167,73,173,116,6,48,1,-12,0,0,0
2026-07-18T12:41:21.336 RX LT,3513,167,73,173,116,6,48,1,-17,0,0,0
2026-07-18T12:41:21.336 RX LT,3533,167,73,173,116,6,48,1,-23,0,0,0
2026-07-18T12:41:21.336 RX LT,3553,167,73,141,116,6,48,1,-28,0,0,0
2026-07-18T12:41:21.336 RX LT,3573,167,73,182,116,6,48,1,-36,0,0,0
2026-07-18T12:41:21.336 RX LT,3593,167,73,174,116,6,48,1,-42,0,0,0
2026-07-18T12:41:21.456 RX LT,3613,167,73,174,116,6,48,1,-48,0,0,0
2026-07-18T12:41:21.456 RX LT,3633,167,73,174,72,6,48,1,-54,0,0,0
2026-07-18T12:41:21.456 RX LT,3653,167,73,174,113,6,48,1,-60,0,0,0
2026-07-18T12:41:21.456 RX LT,3673,167,73,184,115,6,48,1,-66,0,0,0
2026-07-18T12:41:21.472 RX LT,3693,167,73,174,115,6,48,1,-72,0,0,0
2026-07-18T12:41:21.472 RX LT,3713,167,73,174,115,6,48,1,-77,0,0,0
2026-07-18T12:41:21.616 RX LT,3733,167,73,217,105,6,48,1,-83,0,0,0
2026-07-18T12:41:21.616 RX LT,3753,167,73,176,115,6,48,1,-89,0,0,0
2026-07-18T12:41:21.616 RX LT,3773,167,73,217,115,6,48,1,-95,0,0,0
2026-07-18T12:41:21.616 RX LT,3793,167,73,176,72,6,48,1,-104,0,0,0
2026-07-18T12:41:21.616 RX LT,3813,157,83,174,113,2,16,1,-109,0,0,0
2026-07-18T12:41:21.616 RX LT,3842,147,93,217,71,2,16,1,-119,0,0,0
2026-07-18T12:41:21.616 RX LT,3862,132,108,220,145,2,16,1,-122,0,0,0
2026-07-18T12:41:21.747 RX LT,3882,132,108,176,106,2,16,1,-127,0,0,0
2026-07-18T12:41:21.747 RX LT,3902,132,108,228,115,2,16,1,-134,0,0,0
2026-07-18T12:41:21.748 RX LT,3922,132,108,177,115,2,16,1,-138,0,0,0
2026-07-18T12:41:21.749 RX LT,3942,120,120,174,115,0,24,1,-142,0,0,0
2026-07-18T12:41:21.749 RX LT,3962,120,120,174,115,0,24,1,-144,0,0,0
2026-07-18T12:41:21.749 RX LT,3982,120,120,174,115,0,24,1,-146,0,0,0
2026-07-18T12:41:21.854 RX LT,4002,120,120,174,72,0,24,1,-149,0,0,0
2026-07-18T12:41:21.854 RX LT,4022,110,130,163,156,-3,58,1,-152,0,0,0
2026-07-18T12:41:21.854 RX LT,4042,102,138,173,118,-3,58,1,-155,0,0,0
2026-07-18T12:41:21.855 RX LT,4062,118,110,173,148,11,120,1,-158,0,0,0
2026-07-18T12:41:21.855 RX LT,4082,136,104,173,118,3,56,1,-161,0,0,0
2026-07-18T12:41:21.981 RX LT,4102,128,112,173,116,0,24,1,-163,0,0,0
2026-07-18T12:41:21.981 RX LT,4122,120,120,130,116,0,24,1,-167,0,0,0
2026-07-18T12:41:21.981 RX LT,4142,120,120,171,116,0,24,1,-169,0,0,0
2026-07-18T12:41:21.981 RX LT,4162,120,120,130,116,0,24,1,-172,0,0,0
2026-07-18T12:41:21.981 RX LT,4182,108,132,171,116,-2,8,1,-174,0,0,0
2026-07-18T12:41:21.981 RX LT,4202,108,132,173,126,-2,8,1,-175,0,0,0
2026-07-18T12:41:22.106 RX LT,4222,108,132,163,160,-2,8,1,-177,0,0,0
2026-07-18T12:41:22.106 RX LT,4242,108,132,173,118,-2,8,1,-178,0,0,0
2026-07-18T12:41:22.106 RX LT,4262,108,132,130,127,-2,8,1,-179,0,0,0
2026-07-18T12:41:22.106 RX LT,4282,92,148,171,160,-6,12,1,-179,0,0,0
2026-07-18T12:41:22.106 RX LT,4302,76,164,162,162,-6,12,1,-179,0,0,0
2026-07-18T12:41:22.106 RX LT,4322,73,167,129,129,-6,12,1,-178,0,0,0
2026-07-18T12:41:22.233 RX LT,4342,73,167,127,127,-6,12,1,-177,0,0,0
2026-07-18T12:41:22.233 RX LT,4362,73,167,127,171,-6,12,1,-176,0,0,0
2026-07-18T12:41:22.233 RX LT,4382,73,167,127,130,-6,12,1,-174,0,0,0
2026-07-18T12:41:22.233 RX LT,4402,73,167,127,171,-6,12,1,-172,0,0,0
2026-07-18T12:41:22.233 RX LT,4422,73,167,127,173,-6,12,1,-170,0,0,0
2026-07-18T12:41:22.233 RX LT,4442,73,167,127,130,-6,12,1,-167,0,0,0
2026-07-18T12:41:22.356 RX LT,4462,73,167,160,171,-6,12,1,-165,0,0,0
2026-07-18T12:41:22.356 RX LT,4482,73,167,162,173,-6,12,1,-163,0,0,0
2026-07-18T12:41:22.356 RX LT,4502,73,167,162,173,-6,12,1,-160,0,0,0
2026-07-18T12:41:22.356 RX LT,4522,73,167,118,173,-6,12,1,-158,0,0,0
2026-07-18T12:41:22.356 RX LT,4542,73,167,127,173,-6,12,1,-154,0,0,0
2026-07-18T12:41:22.357 RX LT,4562,73,167,127,173,-6,12,1,-152,0,0,0
2026-07-18T12:41:22.476 RX LT,4582,73,167,160,173,-6,12,1,-149,0,0,0
2026-07-18T12:41:22.476 RX LT,4602,73,167,118,173,-6,12,1,-146,0,0,0
2026-07-18T12:41:22.483 RX LT,4622,73,167,159,173,-6,12,1,-143,0,0,0
2026-07-18T12:41:22.487 RX LT,4642,73,167,118,217,-6,12,1,-140,0,0,0
2026-07-18T12:41:22.487 RX LT,4662,73,167,159,133,-6,12,1,-137,0,0,0
2026-07-18T12:41:22.487 RX LT,4682,73,167,118,171,-6,12,1,-135,0,0,0
2026-07-18T12:41:22.606 RX LT,4702,73,167,116,173,-6,12,1,-131,0,0,0
2026-07-18T12:41:22.606 RX LT,4722,73,167,126,173,-6,12,1,-130,0,0,0
2026-07-18T12:41:22.606 RX LT,4742,73,167,116,173,-6,12,1,-126,0,0,0
2026-07-18T12:41:22.606 RX LT,4762,73,167,116,173,-6,12,1,-122,0,0,0
2026-07-18T12:41:22.606 RX LT,4782,73,167,116,173,-6,12,1,-118,0,0,0
2026-07-18T12:41:22.606 TX SET LINEKD 2250 1286349171
2026-07-18T12:41:22.606 RX LT,4802,73,167,116,217,-6,12,1,-115,0,0,0
2026-07-18T12:41:22.711 RX LT,4822,73,167,126,176,-6,12,1,-111,0,0,0
2026-07-18T12:41:22.711 RX LT,4842,73,167,116,206,-6,12,1,-109,0,0,0
2026-07-18T12:41:22.711 RX SA,1286349171,LINEKD,2250
2026-07-18T12:41:22.711 RX LT,4862,112,128,116,176,-6,12,1,-106,0,0,0
2026-07-18T12:41:22.711 RX LT,4882,96,144,126,174,-6,12,1,-102,0,0,0
2026-07-18T12:41:22.711 RX LT,4902,80,160,116,174,-6,12,1,-101,0,0,0
2026-07-18T12:41:22.857 RX LT,4922,73,167,116,174,-6,12,1,-98,0,0,0
2026-07-18T12:41:22.857 RX LT,4942,73,167,159,174,-6,12,1,-96,0,0,0
2026-07-18T12:41:22.857 RX LT,4962,73,167,118,174,-6,12,1,-93,0,0,0
2026-07-18T12:41:22.857 RX LT,4982,73,167,116,174,-6,12,1,-89,0,0,0
2026-07-18T12:41:22.857 RX LT,5002,73,167,116,174,-6,12,1,-85,0,0,0
2026-07-18T12:41:22.857 RX LT,5022,73,167,116,184,-6,12,1,-82,0,0,0
2026-07-18T12:41:22.857 RX LT,5042,73,167,116,174,-6,12,1,-79,0,0,0
2026-07-18T12:41:22.976 RX LT,5062,73,167,116,174,-6,12,1,-76,0,0,0
2026-07-18T12:41:22.976 RX LT,5082,73,167,116,174,-6,12,1,-72,0,0,0
2026-07-18T12:41:22.976 RX LT,5102,73,167,105,174,-6,12,1,-69,0,0,0
2026-07-18T12:41:22.976 RX LT,5122,73,167,115,174,-6,12,1,-66,0,0,0
2026-07-18T12:41:22.976 RX LT,5142,73,167,115,174,-6,12,1,-63,0,0,0
2026-07-18T12:41:22.976 RX LT,5162,93,147,72,184,-2,8,1,-59,0,0,0
2026-07-18T12:41:23.106 RX LT,5182,108,132,113,174,-2,8,1,-54,0,0,0
2026-07-18T12:41:23.106 RX LT,5202,108,132,115,174,-2,8,1,-50,0,0,0
2026-07-18T12:41:23.106 RX LT,5222,108,132,115,174,-2,8,1,-48,0,0,0
2026-07-18T12:41:23.106 RX LT,5242,120,120,115,163,0,24,1,-46,0,0,0
2026-07-18T12:41:23.106 RX LT,5262,120,120,115,173,0,24,1,-43,0,0,0
2026-07-18T12:41:23.106 RX LT,5282,120,120,115,163,0,24,1,-41,0,0,0
2026-07-18T12:41:23.106 TX SET LINEKD 2350 1286349172
2026-07-18T12:41:23.216 RX LT,5302,120,120,105,173,0,24,1,-39,0,0,0
2026-07-18T12:41:23.216 RX LT,5322,120,120,115,163,0,24,1,-37,0,0,0
2026-07-18T12:41:23.216 RX SA,1286349172,LINEKD,2350
2026-07-18T12:41:23.217 RX LT,5342,120,120,115,173,0,24,1,-35,0,0,0
2026-07-18T12:41:23.217 RX LT,5362,120,120,115,163,0,24,1,-33,0,0,0
2026-07-18T12:41:23.217 RX LT,5382,130,110,115,173,2,16,1,-32,0,0,0
2026-07-18T12:41:23.343 RX LT,5402,132,108,115,163,2,16,1,-30,0,0,0
2026-07-18T12:41:23.344 RX LT,5422,132,108,159,162,2,16,1,-30,0,0,0
2026-07-18T12:41:23.344 RX LT,5442,132,108,118,129,2,16,1,-30,0,0,0
2026-07-18T12:41:23.345 RX LT,5462,132,108,159,160,2,16,1,-30,0,0,0
2026-07-18T12:41:23.345 RX LT,5482,132,108,118,129,2,16,1,-31,0,0,0
2026-07-18T12:41:23.346 RX LT,5502,148,92,159,127,6,48,1,-32,0,0,0
2026-07-18T12:41:23.502 RX LT,5522,164,76,162,116,6,48,1,-34,0,0,0
2026-07-18T12:41:23.502 RX LT,5542,167,73,162,126,6,48,1,-36,0,0,0
2026-07-18T12:41:23.502 RX LT,5562,167,73,162,73,6,48,1,-39,0,0,0
2026-07-18T12:41:23.503 RX LT,5582,167,73,129,124,6,48,1,-43,0,0,0
2026-07-18T12:41:23.503 RX LT,5602,167,73,171,73,6,48,1,-48,0,0,0
2026-07-18T12:41:23.503 RX LT,5622,167,73,130,113,6,48,1,-55,0,0,0
2026-07-18T12:41:23.504 RX LT,5642,167,73,171,115,6,48,1,-60,0,0,0
2026-07-18T12:41:23.606 RX LT,5662,167,73,173,72,6,48,1,-65,0,0,0
2026-07-18T12:41:23.606 RX LT,5682,167,73,163,113,6,48,1,-70,0,0,0
2026-07-18T12:41:23.606 RX LT,5702,167,73,173,115,6,48,1,-75,0,0,0
2026-07-18T12:41:23.606 RX LT,5722,167,73,173,105,6,48,1,-81,0,0,0
2026-07-18T12:41:23.606 RX LT,5742,167,73,130,115,6,48,1,-86,0,0,0
2026-07-18T12:41:23.606 RX LT,5762,167,73,171,105,6,48,1,-89,0,0,0
2026-07-18T12:41:23.741 RX LT,5782,167,73,173,115,6,48,1,-95,0,0,0
2026-07-18T12:41:23.741 RX LT,5802,167,73,173,105,6,48,1,-100,0,0,0
2026-07-18T12:41:23.741 RX LT,5822,167,73,173,115,6,48,1,-106,0,0,0
2026-07-18T12:41:23.742 RX LT,5842,167,73,217,105,6,48,1,-114,0,0,0
2026-07-18T12:41:23.742 RX LT,5862,167,73,133,115,6,48,1,-119,0,0,0
2026-07-18T12:41:23.742 RX LT,5882,167,73,182,105,6,48,1,-124,0,0,0
2026-07-18T12:41:23.867 RX LT,5902,167,73,174,71,6,48,1,-131,0,0,0
2026-07-18T12:41:23.867 RX LT,5922,167,73,174,113,6,48,1,-136,0,0,0
2026-07-18T12:41:23.867 RX LT,5942,147,93,174,104,2,16,1,-141,0,0,0
2026-07-18T12:41:23.867 RX LT,5962,132,108,217,115,2,16,1,-147,0,0,0
2026-07-18T12:41:23.867 RX LT,5982,132,108,176,115,2,16,1,-153,0,0,0
2026-07-18T12:41:23.867 RX LT,6002,132,108,174,115,2,16,1,-157,0,0,0
2026-07-18T12:41:23.998 RX LT,6022,132,108,174,105,2,16,1,-161,0,0,0
2026-07-18T12:41:23.998 RX LT,6047,132,108,174,113,2,16,1,-169,0,0,0
2026-07-18T12:41:23.998 RX LT,6067,120,120,217,148,0,24,1,-170,0,0,0
2026-07-18T12:41:23.998 RX LT,6087,120,120,176,107,0,24,1,-173,0,0,0
2026-07-18T12:41:23.998 RX LT,6107,120,120,174,115,0,24,1,-176,0,0,0
2026-07-18T12:41:23.998 RX LT,6127,120,120,130,115,0,24,1,-178,0,0,0
2026-07-18T12:41:24.116 RX LT,6147,120,120,171,72,0,24,1,-180,0,0,0
2026-07-18T12:41:24.116 RX LT,6167,120,120,173,113,0,24,1,-184,0,0,0
2026-07-18T12:41:24.116 RX LT,6187,120,120,206,115,0,24,1,-187,0,0,0
2026-07-18T12:41:24.116 RX LT,6207,120,120,165,115,0,24,1,-190,0,0,0
2026-07-18T12:41:24.116 RX LT,6227,120,120,173,115,0,24,1,-192,0,0,0
2026-07-18T12:41:24.116 RX LT,6247,120,120,173,115,0,24,1,-194,0,0,0
2026-07-18T12:41:24.246 RX LT,6267,120,120,130,105,0,24,1,-197,0,0,0
2026-07-18T12:41:24.246 RX LT,6287,120,120,171,115,0,24,1,-199,0,0,0
2026-07-18T12:41:24.246 RX LT,6307,110,130,173,115,-2,8,1,-201,0,0,0
2026-07-18T12:41:24.246 RX LT,6327,108,132,173,115,-2,8,1,-203,0,0,0
2026-07-18T12:41:24.246 RX LT,6347,100,140,163,115,-6,12,1,-203,0,0,0
2026-07-18T12:41:24.246 RX LT,6367,84,156,173,126,-6,12,1,-205,0,0,0
2026-07-18T12:41:24.376 RX LT,6387,73,167,130,160,-6,12,1,-206,0,0,0
2026-07-18T12:41:24.376 RX LT,6407,73,167,171,162,-6,12,1,-206,0,0,0
2026-07-18T12:41:24.376 RX LT,6427,73,167,162,162,-6,12,1,-205,0,0,0
2026-07-18T12:41:24.376 RX LT,6447,73,167,162,162,-6,12,1,-204,0,0,0
2026-07-18T12:41:24.376 RX LT,6467,73,167,162,173,-6,12,1,-203,0,0,0
2026-07-18T12:41:24.376 RX LT,6487,73,167,162,163,-6,12,1,-201,0,0,0
2026-07-18T12:41:24.516 RX LT,6507,73,167,162,173,-6,12,1,-199,0,0,0
2026-07-18T12:41:24.516 RX LT,6527,73,167,129,130,-6,12,1,-196,0,0,0
2026-07-18T12:41:24.516 RX LT,6547,73,167,127,171,-6,12,1,-193,0,0,0
2026-07-18T12:41:24.516 RX LT,6567,73,167,127,173,-6,12,1,-190,0,0,0
2026-07-18T12:41:24.516 RX LT,6587,73,167,127,173,-6,12,1,-186,0,0,0
2026-07-18T12:41:24.516 RX LT,6607,73,167,127,173,-6,12,1,-183,0,0,0
2026-07-18T12:41:24.626 RX LT,6627,73,167,171,173,-6,12,1,-180,0,0,0
2026-07-18T12:41:24.627 RX LT,6647,57,171,260,347,-11,4,1,-177,0,0,0
2026-07-18T12:41:24.628 RX LT,6667,57,171,125,141,-11,4,1,-173,0,0,0
2026-07-18T12:41:24.628 RX LT,6687,73,167,160,171,-6,12,1,-170,0,0,0
2026-07-18T12:41:24.628 RX LT,6707,73,167,118,173,-6,12,1,-164,0,0,0
2026-07-18T12:41:24.628 RX LT,6727,73,167,127,173,-6,12,1,-161,0,0,0
2026-07-18T12:41:24.628 TX SET LINEKD 2250 1286349173
2026-07-18T12:41:24.732 RX LT,6747,57,171,127,173,-11,4,1,-157,0,0,0
2026-07-18T12:41:24.732 RX LT,6767,57,171,116,173,-11,4,1,-153,0,0,0
2026-07-18T12:41:24.732 RX SA,1286349173,LINEKD,2250
2026-07-18T12:41:24.732 RX LT,6787,97,131,126,163,-11,4,1,-149,0,0,0
2026-07-18T12:41:24.734 RX LT,6807,63,165,116,173,-11,4,1,-145,0,0,0
2026-07-18T12:41:24.734 RX LT,6827,57,171,116,163,-11,4,1,-142,0,0,0
2026-07-18T12:41:24.846 RX LT,6847,57,171,116,173,-11,4,1,-138,0,0,0
2026-07-18T12:41:24.846 RX LT,6867,57,171,116,173,-11,4,1,-134,0,0,0
2026-07-18T12:41:24.846 RX LT,6887,57,171,116,173,-11,4,1,-130,0,0,0
2026-07-18T12:41:24.846 RX LT,6907,57,171,72,130,-11,4,1,-126,0,0,0
2026-07-18T12:41:24.846 RX LT,6927,57,171,113,214,-11,4,1,-119,0,0,0
2026-07-18T12:41:24.846 RX LT,6947,73,167,115,165,-6,12,1,-114,0,0,0
2026-07-18T12:41:24.978 RX LT,6967,73,167,105,216,-6,12,1,-109,0,0,0
2026-07-18T12:41:24.978 RX LT,6987,73,167,115,133,-6,12,1,-105,0,0,0
2026-07-18T12:41:24.978 RX LT,7007,73,167,115,182,-6,12,1,-101,0,0,0
2026-07-18T12:41:24.978 RX LT,7027,73,167,115,174,-6,12,1,-99,0,0,0
2026-07-18T12:41:24.978 RX LT,7047,73,167,72,174,-6,12,1,-94,0,0,0
2026-07-18T12:41:24.978 RX LT,7067,73,167,113,174,-6,12,1,-89,0,0,0
2026-07-18T12:41:25.112 RX LT,7087,73,167,115,184,-6,12,1,-85,0,0,0
2026-07-18T12:41:25.112 RX LT,7107,73,167,115,174,-6,12,1,-80,0,0,0
2026-07-18T12:41:25.112 RX LT,7127,73,167,72,174,-6,12,1,-76,0,0,0
2026-07-18T12:41:25.112 RX LT,7147,73,167,113,174,-6,12,1,-69,0,0,0
2026-07-18T12:41:25.112 RX LT,7167,73,167,115,174,-6,12,1,-65,0,0,0
2026-07-18T12:41:25.112 RX LT,7187,73,167,105,174,-6,12,1,-61,0,0,0
2026-07-18T12:41:25.246 RX LT,7207,73,167,115,217,-6,12,1,-57,0,0,0
2026-07-18T12:41:25.246 RX LT,7227,73,167,115,176,-6,12,1,-53,0,0,0
2026-07-18T12:41:25.246 RX LT,7247,83,157,105,174,-2,8,1,-50,0,0,0
2026-07-18T12:41:25.246 RX LT,7267,103,137,115,174,-2,8,1,-45,0,0,0
2026-07-18T12:41:25.246 RX LT,7287,108,132,105,174,-2,8,1,-41,0,0,0
2026-07-18T12:41:25.246 RX LT,7307,120,120,115,163,0,24,1,-38,0,0,0
2026-07-18T12:41:25.376 RX LT,7327,120,120,115,129,0,24,1,-34,0,0,0
2026-07-18T12:41:25.376 RX LT,7347,120,120,72,171,0,24,1,-32,0,0,0
2026-07-18T12:41:25.376 RX LT,7367,120,120,113,162,0,24,1,-28,0,0,0
2026-07-18T12:41:25.376 RX LT,7387,120,120,115,129,0,24,1,-27,0,0,0
2026-07-18T12:41:25.376 RX LT,7407,120,120,115,171,0,24,1,-25,0,0,0
2026-07-18T12:41:25.376 RX LT,7427,120,120,115,162,0,24,1,-24,0,0,0
2026-07-18T12:41:25.376 RX LT,7447,120,120,115,129,0,24,1,-23,0,0,0
2026-07-18T12:41:25.376 TX SET LINEKP 8150 1286349174
2026-07-18T12:41:25.488 RX LT,7467,120,120,115,127,0,24,1,-22,0,0,0
2026-07-18T12:41:25.488 RX LT,7487,120,120,115,127,0,24,1,-21,0,0,0
2026-07-18T12:41:25.488 RX SA,1286349174,LINEKP,8150
2026-07-18T12:41:25.488 RX LT,7507,120,120,115,127,0,24,1,-20,0,0,0
2026-07-18T12:41:25.488 RX LT,7527,120,120,105,127,0,24,1,-20,0,0,0
2026-07-18T12:41:25.488 RX LT,7547,132,108,115,127,2,16,1,-20,0,0,0
2026-07-18T12:41:25.606 RX LT,7567,140,100,115,127,6,48,1,-21,0,0,0
2026-07-18T12:41:25.616 RX LT,7587,143,97,126,116,3,56,1,-22,0,0,0
2026-07-18T12:41:25.616 RX LT,7607,138,102,116,116,3,56,1,-23,0,0,0
2026-07-18T12:41:25.616 RX LT,7627,128,112,159,116,0,62,0,-25,0,0,0
2026-07-18T12:41:25.616 RX LT,7647,140,140,118,126,0,62,0,0,0,1,0
2026-07-18T12:41:25.616 RX LT,7667,140,140,159,160,0,62,0,0,0,1,0
2026-07-18T12:41:25.742 RX LT,7687,140,140,118,129,0,62,0,0,0,1,0
2026-07-18T12:41:25.742 RX LT,7707,-165,165,159,116,0,31,0,0,0,2,2
2026-07-18T12:41:25.742 RX LT,7727,-165,165,20,126,0,31,0,-2,0,2,4
2026-07-18T12:41:25.742 RX LT,7747,-165,165,1,127,-24,7,1,-1,0,2,5
2026-07-18T12:41:25.743 RX LT,7767,-165,165,0,160,-24,7,1,5,0,2,6
2026-07-18T12:41:25.743 RX LT,7787,-165,165,0,173,-30,3,1,21,0,2,8
2026-07-18T12:41:25.869 RX LT,7807,-165,165,54,130,-30,3,1,35,0,2,10
2026-07-18T12:41:25.869 RX LT,7827,-165,165,101,127,-30,3,1,50,0,2,13
2026-07-18T12:41:25.869 RX LT,7847,-165,165,104,171,-24,7,1,66,0,2,15
2026-07-18T12:41:25.869 RX LT,7867,-165,165,60,173,-24,7,1,82,0,2,18
2026-07-18T12:41:25.870 RX LT,7887,-165,165,69,130,-24,7,1,97,0,2,19
2026-07-18T12:41:25.870 RX LT,7907,-165,165,113,171,-24,7,1,105,0,2,23
2026-07-18T12:41:25.988 RX LT,7927,-165,165,115,173,-24,7,1,123,0,2,25
2026-07-18T12:41:25.988 RX LT,7947,-165,165,115,173,-18,6,1,141,0,2,28
2026-07-18T12:41:25.988 RX LT,7967,-165,165,159,173,-18,6,1,159,0,2,31
2026-07-18T12:41:25.988 RX LT,7987,-165,165,162,173,-12,14,1,178,0,2,35
2026-07-18T12:41:25.988 RX LT,8007,-165,165,162,173,-6,12,1,206,0,2,38
2026-07-18T12:41:25.988 RX LT,8027,-165,165,129,173,-6,12,1,225,0,2,41
2026-07-18T12:41:26.116 RX LT,8047,-165,165,182,173,-6,12,1,245,0,2,45
2026-07-18T12:41:26.116 RX LT,8067,-165,165,174,163,0,24,1,264,0,2,48
2026-07-18T12:41:26.116 RX LT,8087,-105,105,184,173,0,24,1,285,0,2,52
2026-07-18T12:41:26.116 RX LT,8107,-100,100,174,163,0,24,1,305,0,2,55
2026-07-18T12:41:26.116 RX LT,8127,-95,95,174,129,0,24,1,324,0,2,58
2026-07-18T12:41:26.116 RX LT,8147,-90,90,174,160,2,16,1,342,0,2,61
2026-07-18T12:41:26.236 RX LT,8167,-84,84,184,118,2,16,1,358,0,2,65
2026-07-18T12:41:26.236 RX LT,8187,-80,80,174,72,6,48,1,373,0,2,67
2026-07-18T12:41:26.236 RX LT,8207,-75,75,174,113,6,48,1,387,0,2,70
2026-07-18T12:41:26.236 RX LT,8227,-70,70,174,72,6,48,1,406,0,3,73
2026-07-18T12:41:26.236 RX TURN CAPTURE,1,417,75,48,6
2026-07-18T12:41:26.236 RX LT,8247,0,0,119,113,6,48,1,417,0,5,75
2026-07-18T12:41:26.236 RX LT,8267,0,0,83,61,11,32,1,426,0,5,77
2026-07-18T12:41:26.369 RX LT,8287,0,0,70,47,11,32,1,434,0,5,78
2026-07-18T12:41:26.369 RX LT,8307,0,0,58,46,11,32,1,437,0,5,79
2026-07-18T12:41:26.369 RX LT,8327,0,0,58,57,11,32,1,438,0,5,80
2026-07-18T12:41:26.369 RX LT,8347,0,0,58,14,11,32,1,438,0,5,81
2026-07-18T12:41:26.369 RX LT,8367,0,0,14,0,11,32,1,436,0,5,81
2026-07-18T12:41:26.369 RX LT,8387,0,0,11,10,11,32,1,433,0,5,81
2026-07-18T12:41:26.516 RX LT,8407,0,0,0,0,11,32,1,429,0,6,81
2026-07-18T12:41:26.516 RX LT,8427,110,90,0,0,11,32,1,420,0,6,81
2026-07-18T12:41:26.516 RX LT,8447,120,80,54,65,11,32,1,413,0,6,83
2026-07-18T12:41:26.516 RX LT,8467,130,70,46,4,11,32,1,405,0,6,83
2026-07-18T12:41:26.516 RX LT,8487,140,60,57,0,11,32,1,397,0,6,84
2026-07-18T12:41:26.516 RX LT,8507,145,55,57,10,11,32,1,389,0,6,85
2026-07-18T12:41:26.516 RX LT,8527,145,55,57,0,11,32,1,380,0,6,86
2026-07-18T12:41:26.642 RX LT,8547,145,55,101,43,11,32,1,371,0,6,86
2026-07-18T12:41:26.642 RX LT,8567,145,55,60,2,11,32,1,363,0,6,87
2026-07-18T12:41:26.642 RX LT,8587,145,55,69,43,11,32,1,354,0,6,88
2026-07-18T12:41:26.642 RX LT,8607,145,55,102,2,11,32,1,346,0,6,89
2026-07-18T12:41:26.642 RX LT,8627,145,55,104,43,11,32,1,337,0,6,91
2026-07-18T12:41:26.642 RX LT,8647,144,56,104,2,6,48,1,324,0,6,91
2026-07-18T12:41:26.746 RX LT,8667,145,55,104,11,6,48,1,316,0,6,92
2026-07-18T12:41:26.746 RX TURN CENTER,1,307,94,48,6
2026-07-18T12:41:26.746 RX TURN LEARN,1,900,92
2026-07-18T12:41:26.746 RX TURN DONE,1,307,1040
2026-07-18T12:41:26.746 RX LT,8687,145,55,71,44,6,48,1,0,1,0,94
2026-07-18T12:41:26.746 RX LT,8707,136,104,102,46,6,48,1,-7,1,0,94
2026-07-18T12:41:26.746 RX LT,8727,152,88,104,46,6,48,1,-14,1,0,94
2026-07-18T12:41:26.746 RX LT,8747,167,73,71,57,6,48,1,-20,1,0,94
2026-07-18T12:41:26.873 RX LT,8767,167,73,102,47,6,48,1,-25,1,0,94
2026-07-18T12:41:26.873 RX LT,8787,167,73,104,57,6,48,1,-30,1,0,94
2026-07-18T12:41:26.873 RX LT,8807,167,73,71,57,6,48,1,-35,1,0,94
2026-07-18T12:41:26.873 RX LT,8827,167,73,113,57,6,48,1,-39,1,0,94
2026-07-18T12:41:26.873 RX LT,8847,167,73,104,57,6,48,1,-44,1,0,94
2026-07-18T12:41:26.873 RX LT,8867,167,73,115,68,6,48,1,-51,1,0,94
2026-07-18T12:41:26.998 RX LT,8887,157,83,115,58,2,16,1,-56,1,0,94
2026-07-18T12:41:26.998 RX LT,8907,137,103,115,101,2,16,1,-60,1,0,94
2026-07-18T12:41:26.998 RX LT,8927,132,108,115,60,2,16,1,-65,1,0,94
2026-07-18T12:41:26.998 RX LT,8947,132,108,115,69,2,16,1,-68,1,0,94
2026-07-18T12:41:26.998 RX LT,8967,132,108,72,69,2,16,1,-72,1,0,94
2026-07-18T12:41:26.998 RX LT,8987,132,108,113,113,2,16,1,-75,1,0,94
2026-07-18T12:41:27.116 RX LT,9007,132,108,115,72,2,16,1,-77,1,0,94
2026-07-18T12:41:27.116 RX LT,9027,122,118,159,113,0,24,1,-80,1,0,94
2026-07-18T12:41:27.116 RX LT,9047,120,120,118,115,0,24,1,-82,1,0,94
2026-07-18T12:41:27.116 RX LT,9067,120,120,116,105,0,24,1,-84,1,0,94
2026-07-18T12:41:27.116 RX LT,9087,120,120,126,115,0,24,1,-88,1,0,94
2026-07-18T12:41:27.116 RX LT,9107,120,120,116,115,0,24,1,-90,1,0,94
2026-07-18T12:41:27.246 RX LT,9127,120,120,159,159,0,24,1,-92,1,0,94
2026-07-18T12:41:27.246 RX LT,9147,110,130,118,75,-2,8,1,-94,1,0,94
2026-07-18T12:41:27.246 RX LT,9167,108,132,127,156,-2,8,1,-96,1,0,94
2026-07-18T12:41:27.246 RX LT,9187,108,132,160,118,-2,8,1,-98,1,0,94
2026-07-18T12:41:27.246 RX LT,9207,108,132,118,116,-2,8,1,-100,1,0,94
2026-07-18T12:41:27.246 RX LT,9227,108,132,127,116,-2,8,1,-102,1,0,94
2026-07-18T12:41:27.377 RX LT,9247,100,140,127,126,-6,12,1,-103,1,0,94
2026-07-18T12:41:27.377 RX LT,9267,84,156,160,116,-6,12,1,-105,1,0,94
2026-07-18T12:41:27.377 RX LT,9287,73,167,118,126,-6,12,1,-106,1,0,94
2026-07-18T12:41:27.377 RX LT,9307,73,167,127,160,-6,12,1,-107,1,0,94
2026-07-18T12:41:27.377 RX LT,9327,73,167,160,118,-6,12,1,-108,1,0,94
2026-07-18T12:41:27.377 RX LT,9348,57,171,257,290,-11,4,1,-108,1,0,94
2026-07-18T12:41:27.483 RX LT,9368,57,171,124,126,-11,4,1,-109,1,0,94
2026-07-18T12:41:27.483 RX LT,9388,57,171,73,127,-11,4,1,-109,1,0,94
2026-07-18T12:41:27.483 RX LT,9408,57,171,113,160,-11,4,1,-109,1,0,94
2026-07-18T12:41:27.483 RX LT,9428,57,171,126,162,-11,4,1,-109,1,0,94
2026-07-18T12:41:27.483 RX LT,9448,57,171,116,162,-11,4,1,-108,1,0,94
2026-07-18T12:41:27.606 RX LT,9468,57,171,116,162,-11,4,1,-107,1,0,94
2026-07-18T12:41:27.606 RX LT,9488,57,171,116,129,-11,4,1,-105,1,0,94
2026-07-18T12:41:27.606 RX LT,9508,57,171,116,127,-11,4,1,-103,1,0,94
2026-07-18T12:41:27.606 RX LT,9528,57,171,116,127,-11,4,1,-101,1,0,94
2026-07-18T12:41:27.606 RX LT,9548,57,171,116,127,-11,4,1,-100,1,0,94
2026-07-18T12:41:27.606 RX LT,9568,29,171,72,171,-18,6,1,-98,1,0,94
2026-07-18T12:41:27.606 TX SET LINEKP 8250 1286349175
2026-07-18T12:41:27.739 RX LT,9588,29,171,113,162,-18,6,1,-96,1,0,94
2026-07-18T12:41:27.739 RX LT,9608,29,171,104,162,-18,6,1,-94,1,0,94
2026-07-18T12:41:27.739 RX SA,1286349175,LINEKP,8250
2026-07-18T12:41:27.739 RX LT,9628,82,118,104,129,-18,6,1,-91,1,0,94
2026-07-18T12:41:27.739 RX LT,9648,46,154,104,160,-18,6,1,-88,1,0,94
2026-07-18T12:41:27.739 RX LT,9668,29,171,71,162,-18,6,1,-86,1,0,94
2026-07-18T12:41:27.739 RX LT,9688,29,171,69,129,-18,6,1,-84,1,0,94
2026-07-18T12:41:27.856 RX LT,9708,29,171,69,127,-18,6,1,-82,1,0,94
2026-07-18T12:41:27.856 RX LT,9728,29,171,69,171,-18,6,1,-80,1,0,94
2026-07-18T12:41:27.856 RX LT,9748,29,171,102,162,-18,6,1,-77,1,0,94
2026-07-18T12:41:27.856 RX LT,9768,29,171,60,162,-18,6,1,-74,1,0,94
2026-07-18T12:41:27.856 RX LT,9788,29,171,69,129,-18,6,1,-72,1,0,94
2026-07-18T12:41:27.856 RX LT,9808,29,171,102,171,-18,6,1,-69,1,0,94
2026-07-18T12:41:27.986 RX LT,9828,29,171,104,162,-18,6,1,-67,1,0,94
2026-07-18T12:41:27.986 RX LT,9848,29,171,60,162,-18,6,1,-63,1,0,94
2026-07-18T12:41:27.988 RX LT,9868,29,171,69,173,-18,6,1,-61,1,0,94
2026-07-18T12:41:27.988 RX LT,9888,29,171,58,163,-18,6,1,-59,1,0,94
2026-07-18T12:41:27.988 RX LT,9908,29,171,101,129,-18,6,1,-56,1,0,94
2026-07-18T12:41:27.988 RX LT,9928,29,171,60,171,-18,6,1,-54,1,0,94
2026-07-18T12:41:28.112 RX LT,9948,57,171,58,162,-11,4,1,-51,1,0,94
2026-07-18T12:41:28.112 RX LT,9968,57,171,101,173,-11,4,1,-48,1,0,94
2026-07-18T12:41:28.112 RX LT,9988,57,171,60,173,-11,4,1,-46,1,0,94
2026-07-18T12:41:28.112 RX LT,10008,57,171,58,163,-11,4,1,-43,1,0,94
2026-07-18T12:41:28.112 RX LT,10028,57,171,47,173,-11,4,1,-40,1,0,94
2026-07-18T12:41:28.112 RX LT,10048,57,171,57,173,-11,4,1,-36,1,0,94
2026-07-18T12:41:28.238 RX LT,10068,57,171,47,130,-11,4,1,-30,1,0,94
2026-07-18T12:41:28.238 RX LT,10088,57,171,46,171,-11,4,1,-26,1,0,94
2026-07-18T12:41:28.238 RX LT,10108,57,171,13,173,-11,4,1,-23,1,0,94
2026-07-18T12:41:28.238 RX LT,10128,57,171,55,173,-11,4,1,-19,1,0,94
2026-07-18T12:41:28.238 RX LT,10148,57,171,46,173,-11,4,1,-16,1,0,94
2026-07-18T12:41:28.238 RX LT,10168,57,171,13,173,-11,4,1,-13,1,0,94
2026-07-18T12:41:28.356 RX LT,10188,57,171,55,173,-11,4,1,-10,1,0,94
2026-07-18T12:41:28.356 RX LT,10208,73,167,57,173,-6,12,1,-8,1,0,94
2026-07-18T12:41:28.356 RX LT,10228,73,167,47,173,-6,12,1,-6,1,0,94
2026-07-18T12:41:28.356 RX LT,10248,73,167,57,130,-6,12,1,-4,1,0,94
2026-07-18T12:41:28.356 RX LT,10268,83,157,57,171,-2,8,1,-3,1,0,94
2026-07-18T12:41:28.356 RX LT,10288,103,137,57,173,-2,8,1,-2,1,0,94
2026-07-18T12:41:28.486 RX LT,10308,108,132,57,173,-2,8,1,-2,1,0,94
2026-07-18T12:41:28.486 RX LT,10328,108,132,57,130,-2,8,1,-2,1,0,94
2026-07-18T12:41:28.486 RX LT,10348,108,132,57,127,-2,8,1,-3,1,0,94
2026-07-18T12:41:28.486 RX LT,10368,108,132,57,171,-2,8,1,-5,1,0,94
2026-07-18T12:41:28.486 RX LT,10388,108,132,57,119,-2,8,1,-7,1,0,94
2026-07-18T12:41:28.486 TX SET LINEKP 8350 1286349176
2026-07-18T12:41:28.486 RX LT,10408,120,120,68,127,0,24,1,-9,1,0,94
2026-07-18T12:41:28.595 RX LT,10428,120,120,58,127,0,24,1,-12,1,0,94
2026-07-18T12:41:28.595 RX LT,10448,120,120,101,127,0,24,1,-15,1,0,94
2026-07-18T12:41:28.595 RX LT,10468,132,108,60,160,2,16,1,-19,1,0,94
2026-07-18T12:41:28.595 RX SA,1286349176,LINEKP,8350
2026-07-18T12:41:28.595 RX LT,10488,132,108,101,118,2,16,1,-22,1,0,94
2026-07-18T12:41:28.595 RX LT,10508,132,108,60,127,2,16,1,-28,1,0,94
2026-07-18T12:41:28.718 RX LT,10528,132,108,69,160,2,16,1,-30,1,0,94
2026-07-18T12:41:28.718 RX LT,10548,132,108,69,118,2,16,1,-36,1,0,94
2026-07-18T12:41:28.718 RX LT,10568,132,108,69,116,2,16,1,-41,1,0,94
2026-07-18T12:41:28.718 RX LT,10588,132,108,69,126,2,16,1,-46,1,0,94
2026-07-18T12:41:28.718 RX LT,10608,148,92,113,116,6,48,1,-52,1,0,94
2026-07-18T12:41:28.718 RX LT,10628,164,76,104,116,6,48,1,-58,1,0,94
2026-07-18T12:41:28.837 RX LT,10648,167,73,115,116,6,48,1,-64,1,0,94
2026-07-18T12:41:28.837 RX LT,10668,167,73,115,105,6,48,1,-70,1,0,94
2026-07-18T12:41:28.837 RX LT,10688,167,73,115,71,6,48,1,-77,1,0,94
2026-07-18T12:41:28.837 RX LT,10708,167,73,115,113,6,48,1,-87,1,0,94
2026-07-18T12:41:28.847 RX LT,10728,167,73,115,115,6,48,1,-90,1,0,94
2026-07-18T12:41:28.847 RX LT,10748,171,57,159,105,11,32,1,-98,1,0,94
2026-07-18T12:41:28.970 RX LT,10768,171,57,126,113,11,32,1,-107,1,0,94
2026-07-18T12:41:28.970 RX LT,10788,171,57,127,69,11,32,1,-111,1,0,94
2026-07-18T12:41:28.970 RX LT,10808,171,57,160,69,11,32,1,-121,1,0,94
2026-07-18T12:41:28.970 RX LT,10828,171,57,162,69,11,32,1,-130,1,0,94
2026-07-18T12:41:28.970 RX LT,10848,171,57,127,60,11,32,1,-140,1,0,94
2026-07-18T12:41:28.970 RX LT,10868,171,57,129,60,11,32,1,-149,1,0,94
2026-07-18T12:41:29.099 RX LT,10888,171,57,127,69,11,32,1,-159,1,0,94
2026-07-18T12:41:29.099 RX LT,10908,171,57,171,69,11,32,1,-167,1,0,94
2026-07-18T12:41:29.099 RX LT,10928,171,57,162,102,11,32,1,-180,1,0,94
2026-07-18T12:41:29.099 RX LT,10948,171,57,173,60,11,32,1,-188,1,0,94
2026-07-18T12:41:29.099 RX LT,10968,171,57,130,69,11,32,1,-195,1,0,94
2026-07-18T12:41:29.099 RX LT,10988,171,57,171,102,11,32,1,-203,1,0,94
2026-07-18T12:41:29.196 RX LT,11008,171,57,173,60,11,32,1,-210,1,0,94
2026-07-18T12:41:29.196 RX LT,11028,171,57,173,69,11,32,1,-217,1,0,94
2026-07-18T12:41:29.196 RX LT,11048,171,57,173,58,11,32,1,-225,1,0,94
2026-07-18T12:41:29.196 RX LT,11068,171,57,173,68,11,32,1,-232,1,0,94
2026-07-18T12:41:29.196 RX LT,11088,171,57,173,102,11,32,1,-239,1,0,94
2026-07-18T12:41:29.196 RX LT,11108,171,57,163,60,11,32,1,-246,1,0,94
2026-07-18T12:41:29.326 RX LT,11128,171,57,173,101,11,32,1,-252,1,0,94
2026-07-18T12:41:29.326 RX LT,11148,171,57,173,60,11,32,1,-261,1,0,94
2026-07-18T12:41:29.326 RX LT,11168,171,57,173,101,11,32,1,-267,1,0,94
2026-07-18T12:41:29.326 RX LT,11188,171,57,173,68,11,32,1,-273,1,0,94
2026-07-18T12:41:29.326 RX LT,11208,171,57,173,58,11,32,1,-278,1,0,94
2026-07-18T12:41:29.466 RX LT,11228,171,57,173,68,11,32,1,-284,1,0,94
2026-07-18T12:41:29.466 RX LT,11248,167,73,173,60,6,48,1,-289,1,0,94
2026-07-18T12:41:29.466 RX LT,11268,167,73,173,101,6,48,1,-295,1,0,94
2026-07-18T12:41:29.466 RX LT,11288,167,73,165,58,6,48,1,-300,1,0,94
2026-07-18T12:41:29.466 RX LT,11308,167,73,171,101,6,48,1,-302,1,0,94
2026-07-18T12:41:29.466 RX LT,11340,167,73,184,60,6,48,1,-313,1,0,94
2026-07-18T12:41:29.589 RX LT,11360,167,73,218,79,6,48,1,-315,1,0,94
2026-07-18T12:41:29.589 RX LT,11380,167,73,176,59,6,48,1,-319,1,0,94
2026-07-18T12:41:29.589 RX LT,11400,167,73,174,101,6,48,1,-324,1,0,94
2026-07-18T12:41:29.589 RX LT,11420,167,73,174,60,6,48,1,-328,1,0,94
2026-07-18T12:41:29.589 RX LT,11440,167,73,174,101,6,48,1,-333,1,0,94
2026-07-18T12:41:29.589 RX LT,11460,157,83,184,60,2,16,1,-337,1,0,94
2026-07-18T12:41:29.721 RX LT,11480,137,103,174,58,2,16,1,-343,1,0,94
2026-07-18T12:41:29.721 RX LT,11500,132,108,174,68,2,16,1,-347,1,0,94
2026-07-18T12:41:29.723 TX SET LINEKP 8250 1286349177
2026-07-18T12:41:29.723 RX LT,11520,132,108,174,69,2,16,1,-350,1,0,94
2026-07-18T12:41:29.723 RX LT,11540,132,108,130,102,2,16,1,-353,1,0,94
2026-07-18T12:41:29.723 RX LT,11560,122,118,171,104,0,24,1,-356,1,0,94
2026-07-18T12:41:29.723 RX LT,11580,120,120,173,60,0,24,1,-359,1,0,94
2026-07-18T12:41:29.824 RX LT,11600,120,120,173,112,0,24,1,-361,1,0,94
2026-07-18T12:41:29.824 RX LT,11620,120,120,173,104,0,24,1,-363,1,0,94
2026-07-18T12:41:29.824 RX SA,1286349177,LINEKP,8250
2026-07-18T12:41:29.824 RX LT,11640,120,120,130,71,0,24,1,-365,1,0,94
2026-07-18T12:41:29.826 RX LT,11660,120,120,214,113,0,24,1,-367,1,0,94
2026-07-18T12:41:29.826 RX LT,11680,108,132,165,72,-2,8,1,-369,1,0,94
2026-07-18T12:41:29.950 RX LT,11700,108,132,173,113,-2,8,1,-371,1,0,94
2026-07-18T12:41:29.950 RX LT,11720,108,132,163,72,-2,8,1,-373,1,0,94
2026-07-18T12:41:29.950 RX LT,11740,108,132,173,113,-2,8,1,-375,1,0,94
2026-07-18T12:41:29.950 RX LT,11760,108,132,163,115,-2,8,1,-376,1,0,94
2026-07-18T12:41:29.950 RX LT,11780,100,140,173,72,-6,12,1,-377,1,0,94
2026-07-18T12:41:29.950 RX LT,11800,84,156,163,113,-6,12,1,-379,1,0,94
2026-07-18T12:41:30.056 RX LT,11820,73,167,129,159,-6,12,1,-379,1,0,94
2026-07-18T12:41:30.056 RX LT,11840,73,167,127,118,-6,12,1,-380,1,0,94
2026-07-18T12:41:30.056 RX LT,11860,57,171,127,116,-11,4,1,-381,1,0,94
2026-07-18T12:41:30.056 RX LT,11880,57,171,127,126,-11,4,1,-380,1,0,94
2026-07-18T12:41:30.056 RX LT,11900,57,171,116,127,-11,4,1,-379,1,0,94
2026-07-18T12:41:30.177 RX LT,11920,57,171,116,160,-11,4,1,-378,1,0,94
2026-07-18T12:41:30.177 RX LT,11940,57,171,126,162,-11,4,1,-377,1,0,94
2026-07-18T12:41:30.177 RX LT,11960,57,171,160,162,-11,4,1,-375,1,0,94
2026-07-18T12:41:30.177 RX LT,11980,57,171,257,258,-11,4,1,-373,1,0,94
2026-07-18T12:41:30.177 RX LT,12000,57,171,113,135,-11,4,1,-371,1,0,94
2026-07-18T12:41:30.177 RX LT,12020,57,171,159,204,-11,4,1,-369,1,0,94
2026-07-18T12:41:30.307 RX LT,12040,57,171,118,165,-11,4,1,-365,1,0,94
2026-07-18T12:41:30.307 RX LT,12060,29,171,72,162,-18,6,1,-362,1,0,94
2026-07-18T12:41:30.307 RX LT,12080,29,171,113,162,-18,6,1,-360,1,0,94
2026-07-18T12:41:30.308 RX LT,12100,29,171,104,162,-18,6,1,-358,1,0,94
2026-07-18T12:41:30.308 RX LT,12120,29,171,71,162,-18,6,1,-355,1,0,94
2026-07-18T12:41:30.309 RX LT,12140,29,171,69,162,-18,6,1,-353,1,0,94
2026-07-18T12:41:30.428 RX LT,12160,29,171,69,129,-18,6,1,-350,1,0,94
2026-07-18T12:41:30.428 RX LT,12180,29,171,69,127,-18,6,1,-348,1,0,94
2026-07-18T12:41:30.428 RX LT,12200,29,171,113,171,-18,6,1,-345,1,0,94
2026-07-18T12:41:30.428 RX LT,12220,29,171,61,162,-18,6,1,-342,1,0,94
2026-07-18T12:41:30.428 RX LT,12240,29,171,69,173,-18,6,1,-337,1,0,94
2026-07-18T12:41:30.428 RX LT,12260,29,171,69,130,-18,6,1,-335,1,0,94
2026-07-18T12:41:30.538 RX LT,12280,29,171,69,171,-18,6,1,-331,1,0,94
2026-07-18T12:41:30.538 RX LT,12300,85,155,69,173,0,38,0,-327,1,0,94
2026-07-18T12:41:30.538 RX LT,12320,85,155,58,173,0,38,0,-324,1,0,94
2026-07-18T12:41:30.538 RX LT,12340,75,165,68,163,-5,54,1,-321,1,0,94
2026-07-18T12:41:30.538 RX LT,12360,79,161,102,173,-5,54,1,-319,1,0,94
2026-07-18T12:41:30.664 RX LT,12380,85,155,60,173,0,118,0,-317,1,0,94
2026-07-18T12:41:30.665 RX LT,12400,85,155,69,130,0,118,0,-315,1,0,94
2026-07-18T12:41:30.665 RX LT,12420,85,155,102,171,0,118,0,-313,1,0,94
2026-07-18T12:41:30.665 RX LT,12440,79,161,104,173,-5,54,1,-312,1,0,94
2026-07-18T12:41:30.666 RX LT,12460,79,161,104,173,-5,54,1,-311,1,0,94
2026-07-18T12:41:30.666 RX LT,12480,79,161,104,173,-5,54,1,-310,1,0,94
2026-07-18T12:41:30.786 RX LT,12500,85,155,104,163,0,38,0,-309,1,0,94
2026-07-18T12:41:30.786 RX LT,12520,85,155,60,173,0,38,0,-308,1,0,94
2026-07-18T12:41:30.786 RX LT,12540,85,155,69,173,0,38,0,-307,1,0,94
2026-07-18T12:41:30.786 RX LT,12560,85,155,69,173,0,36,0,-307,1,0,94
2026-07-18T12:41:30.786 RX LT,12580,89,151,69,130,0,52,1,-306,1,0,94
2026-07-18T12:41:30.786 RX LT,12600,109,131,69,171,0,52,1,-306,1,0,94
2026-07-18T12:41:30.906 RX LT,12620,120,120,69,173,0,52,1,-305,1,0,94
2026-07-18T12:41:30.906 RX LT,12640,120,120,69,163,0,52,1,-306,1,0,94
2026-07-18T12:41:30.906 RX LT,12660,97,131,69,162,-11,4,1,-307,1,0,94
2026-07-18T12:41:30.906 RX LT,12680,63,165,113,162,-11,4,1,-308,1,0,94
2026-07-18T12:41:30.906 RX LT,12700,57,171,104,173,-11,4,1,-309,1,0,94
2026-07-18T12:41:30.906 RX LT,12720,57,171,104,130,-11,4,1,-310,1,0,94
2026-07-18T12:41:31.043 RX LT,12740,57,171,104,171,-11,4,1,-311,1,0,94
2026-07-18T12:41:31.043 RX LT,12760,73,167,60,130,-6,12,1,-310,1,0,94
2026-07-18T12:41:31.043 RX LT,12780,73,167,69,171,-6,12,1,-310,1,0,94
2026-07-18T12:41:31.043 RX LT,12800,73,167,69,162,-6,12,1,-310,1,0,94
2026-07-18T12:41:31.044 RX LT,12820,73,167,69,173,-6,12,1,-310,1,0,94
2026-07-18T12:41:31.044 RX LT,12840,83,157,69,130,-2,8,1,-309,1,0,94
2026-07-18T12:41:31.146 RX LT,12860,103,137,69,171,-2,8,1,-309,1,0,94
2026-07-18T12:41:31.146 RX LT,12880,108,132,69,130,-2,8,1,-308,1,0,94
2026-07-18T12:41:31.146 RX LT,12900,108,132,69,127,-2,8,1,-309,1,0,94
2026-07-18T12:41:31.146 RX LT,12920,108,132,113,127,-2,8,1,-310,1,0,94
2026-07-18T12:41:31.146 RX LT,12940,108,132,104,127,-2,8,1,-312,1,0,94
2026-07-18T12:41:31.266 RX LT,12960,108,132,71,127,-2,8,1,-313,1,0,94
2026-07-18T12:41:31.266 RX LT,12980,108,132,69,160,-2,8,1,-314,1,0,94
2026-07-18T12:41:31.266 RX LT,13000,108,132,113,162,-2,8,1,-315,1,0,94
2026-07-18T12:41:31.266 RX LT,13020,118,122,104,162,0,24,1,-316,1,0,94
2026-07-18T12:41:31.266 RX LT,13040,120,120,104,162,0,24,1,-316,1,0,94
2026-07-18T12:41:31.266 RX LT,13060,120,120,71,129,0,24,1,-317,1,0,94
2026-07-18T12:41:31.396 RX LT,13080,120,120,113,116,0,24,1,-318,1,0,94
2026-07-18T12:41:31.396 RX LT,13100,120,120,104,126,0,24,1,-319,1,0,94
2026-07-18T12:41:31.396 RX LT,13120,132,108,71,127,2,16,1,-320,1,0,94
2026-07-18T12:41:31.396 RX LT,13140,132,108,69,160,2,16,1,-321,1,0,94
2026-07-18T12:41:31.396 RX LT,13160,132,108,113,118,2,16,1,-322,1,0,94
2026-07-18T12:41:31.396 RX LT,13180,132,108,104,159,2,16,1,-323,1,0,94
2026-07-18T12:41:31.524 RX LT,13200,132,108,115,118,2,16,1,-324,1,0,94
2026-07-18T12:41:31.524 RX LT,13220,132,108,105,159,2,16,1,-325,1,0,94
2026-07-18T12:41:31.524 RX LT,13240,132,108,115,118,2,16,1,-327,1,0,94
2026-07-18T12:41:31.524 RX LT,13260,148,92,105,127,6,48,1,-328,1,0,94
2026-07-18T12:41:31.524 RX LT,13280,164,76,115,116,6,48,1,-330,1,0,94
2026-07-18T12:41:31.524 RX LT,13300,167,73,115,72,6,48,1,-333,1,0,94
2026-07-18T12:41:31.648 RX LT,13320,167,73,159,113,6,48,1,-337,1,0,94
2026-07-18T12:41:31.648 RX LT,13341,167,73,257,202,6,48,1,-342,1,0,94
2026-07-18T12:41:31.648 RX LT,13361,167,73,124,110,6,48,1,-346,1,0,94
2026-07-18T12:41:31.648 RX LT,13381,167,73,127,72,6,48,1,-352,1,0,94
2026-07-18T12:41:31.648 RX LT,13401,167,73,160,113,6,48,1,-357,1,0,94
2026-07-18T12:41:31.648 RX LT,13421,167,73,162,104,6,48,1,-363,1,0,94
2026-07-18T12:41:31.762 RX LT,13441,167,73,162,104,6,48,1,-373,1,0,94
2026-07-18T12:41:31.762 RX LT,13461,167,73,173,71,6,48,1,-379,1,0,94
2026-07-18T12:41:31.762 RX LT,13481,167,73,163,69,6,48,1,-385,1,0,94
2026-07-18T12:41:31.762 RX LT,13501,167,73,129,113,6,48,1,-392,1,0,94
2026-07-18T12:41:31.763 RX LT,13521,167,73,171,61,6,48,1,-398,1,0,94
2026-07-18T12:41:31.872 RX LT,13541,167,73,162,69,6,48,1,-405,1,0,94
2026-07-18T12:41:31.872 RX LT,13561,167,73,173,69,6,48,1,-408,1,0,94
2026-07-18T12:41:31.872 RX LT,13581,167,73,130,102,6,48,1,-415,1,0,94
2026-07-18T12:41:31.872 RX LT,13601,167,73,171,104,6,48,1,-421,1,0,94
2026-07-18T12:41:31.872 RX LT,13621,167,73,173,104,6,48,1,-426,1,0,94
2026-07-18T12:41:31.872 RX LT,13641,167,73,163,60,6,48,1,-432,1,0,94
2026-07-18T12:41:32.007 RX LT,13661,167,73,173,69,6,48,1,-440,1,0,94
2026-07-18T12:41:32.007 RX LT,13681,167,73,173,113,6,48,1,-445,1,0,94
2026-07-18T12:41:32.007 RX LT,13701,167,73,173,61,6,48,1,-451,1,0,94
2026-07-18T12:41:32.007 RX LT,13721,167,73,173,112,6,48,1,-455,1,0,94
2026-07-18T12:41:32.007 RX LT,13741,167,73,163,61,6,48,1,-460,1,0,94
2026-07-18T12:41:32.007 RX LT,13761,167,73,173,69,6,48,1,-465,1,0,94
2026-07-18T12:41:32.126 RX LT,13781,167,73,173,69,6,48,1,-470,1,0,94
2026-07-18T12:41:32.126 RX LT,13801,167,73,173,69,6,48,1,-473,1,0,94
2026-07-18T12:41:32.126 RX LT,13821,167,73,173,69,6,48,1,-478,1,0,94
2026-07-18T12:41:32.126 RX LT,13841,167,73,173,102,6,48,1,-484,1,0,94
2026-07-18T12:41:32.126 RX LT,13861,167,73,173,71,6,48,1,-488,1,0,94
2026-07-18T12:41:32.126 RX LT,13881,167,73,173,102,6,48,1,-485,1,0,94
2026-07-18T12:41:32.262 RX LT,13901,167,73,173,104,6,48,1,-491,1,0,94
2026-07-18T12:41:32.262 RX LT,13921,167,73,173,60,6,48,1,-496,1,0,94
2026-07-18T12:41:32.262 RX LT,13941,157,83,173,69,2,16,1,-501,1,0,94
2026-07-18T12:41:32.263 RX LT,13961,137,103,173,69,2,16,1,-506,1,0,94
2026-07-18T12:41:32.263 RX LT,13981,132,108,173,69,2,16,1,-511,1,0,94
2026-07-18T12:41:32.263 RX LT,14001,132,108,173,69,2,16,1,-515,1,0,94
2026-07-18T12:41:32.386 RX LT,14021,132,108,173,69,2,16,1,-518,1,0,94
2026-07-18T12:41:32.386 RX LT,14041,132,108,163,113,2,16,1,-522,1,0,94
2026-07-18T12:41:32.386 RX LT,14061,132,108,173,104,2,16,1,-525,1,0,94
2026-07-18T12:41:32.386 RX LT,14081,132,108,173,104,2,16,1,-528,1,0,94
2026-07-18T12:41:32.386 RX LT,14101,120,120,163,71,0,24,1,-532,1,0,94
2026-07-18T12:41:32.387 RX LT,14121,120,120,173,113,0,24,1,-535,1,0,94
2026-07-18T12:41:32.496 RX LT,14141,120,120,163,104,0,24,1,-537,1,0,94
2026-07-18T12:41:32.496 RX LT,14161,120,120,173,104,0,24,1,-539,1,0,94
2026-07-18T12:41:32.496 RX LT,14181,120,120,163,115,0,24,1,-541,1,0,94
2026-07-18T12:41:32.496 RX LT,14201,120,120,129,105,0,24,1,-543,1,0,94
2026-07-18T12:41:32.496 RX LT,14221,108,132,127,115,-2,8,1,-544,1,0,94
2026-07-18T12:41:32.616 RX LT,14241,108,132,171,105,-2,8,1,-545,1,0,94
2026-07-18T12:41:32.616 RX LT,14261,108,132,130,115,-2,8,1,-547,1,0,94
2026-07-18T12:41:32.616 RX LT,14281,108,132,171,115,-2,8,1,-548,1,0,94
2026-07-18T12:41:32.616 RX LT,14301,108,132,162,72,-2,8,1,-554,1,0,94
2026-07-18T12:41:32.616 RX LT,14321,108,132,162,113,-2,8,1,-551,1,0,94
2026-07-18T12:41:32.616 RX LT,14341,100,140,129,115,-6,12,1,-552,1,0,94
2026-07-18T12:41:32.744 RX LT,14361,84,156,171,115,-6,12,1,-553,1,0,94
2026-07-18T12:41:32.744 RX LT,14381,73,167,162,115,-6,12,1,-553,1,0,94
2026-07-18T12:41:32.744 RX LT,14401,73,167,118,115,-6,12,1,-553,1,0,94
2026-07-18T12:41:32.744 RX LT,14421,73,167,127,115,-6,12,1,-553,1,0,94
2026-07-18T12:41:32.744 RX LT,14441,73,167,160,115,-6,12,1,-553,1,0,94
2026-07-18T12:41:32.744 RX LT,14461,73,167,118,126,-6,12,1,-552,1,0,94
2026-07-18T12:41:32.849 RX LT,14481,57,171,159,160,-11,4,1,-551,1,0,94
2026-07-18T12:41:32.850 RX LT,14501,57,171,118,118,-11,4,1,-549,1,0,94
2026-07-18T12:41:32.850 RX LT,14521,57,171,116,127,-11,4,1,-545,1,0,94
2026-07-18T12:41:32.850 RX LT,14541,57,171,116,127,-11,4,1,-543,1,0,94
2026-07-18T12:41:32.850 RX LT,14561,57,171,116,160,-11,4,1,-540,1,0,94
2026-07-18T12:41:32.973 RX LT,14581,57,171,116,162,-11,4,1,-537,1,0,94
2026-07-18T12:41:32.973 RX LT,14601,57,171,116,118,-11,4,1,-534,1,0,94
2026-07-18T12:41:32.973 RX LT,14621,57,171,126,127,-11,4,1,-530,1,0,94
2026-07-18T12:41:32.973 RX LT,14641,57,171,105,127,-11,4,1,-527,1,0,94
2026-07-18T12:41:32.974 RX LT,14661,57,171,115,127,-11,4,1,-523,1,0,94
2026-07-18T12:41:32.974 RX LT,14681,57,171,115,171,-11,4,1,-520,1,0,94
2026-07-18T12:41:33.099 RX LT,14701,57,171,115,162,-11,4,1,-516,1,0,94
2026-07-18T12:41:33.099 RX LT,14721,57,171,115,162,-11,4,1,-513,1,0,94
2026-07-18T12:41:33.099 RX LT,14741,57,171,115,173,-11,4,1,-506,1,0,94
2026-07-18T12:41:33.099 RX LT,14761,57,171,115,163,-11,4,1,-501,1,0,94
2026-07-18T12:41:33.099 RX LT,14781,57,171,105,173,-11,4,1,-497,1,0,94
2026-07-18T12:41:33.099 RX LT,14801,57,171,71,163,-11,4,1,-492,1,0,94
2026-07-18T12:41:33.216 RX LT,14821,57,171,69,173,-11,4,1,-487,1,0,94
2026-07-18T12:41:33.216 RX LT,14841,57,171,69,130,-11,4,1,-482,1,0,94
2026-07-18T12:41:33.216 RX LT,14861,57,171,69,171,-11,4,1,-477,1,0,94
2026-07-18T12:41:33.216 RX LT,14881,57,171,69,173,-11,4,1,-471,1,0,94
2026-07-18T12:41:33.216 RX LT,14901,57,171,69,173,-11,4,1,-466,1,0,94
2026-07-18T12:41:33.216 RX LT,14921,57,171,113,130,-11,4,1,-464,1,0,94
2026-07-18T12:41:33.333 RX LT,14941,57,171,104,171,-11,4,1,-460,1,0,94
2026-07-18T12:41:33.334 RX LT,14961,57,171,104,173,-11,4,1,-453,1,0,94
2026-07-18T12:41:33.334 RX LT,14981,57,171,104,173,-11,4,1,-448,1,0,94
2026-07-18T12:41:33.334 RX LT,15001,57,171,104,173,-11,4,1,-443,1,0,94
2026-07-18T12:41:33.334 RX LT,15021,57,171,104,163,-11,4,1,-439,1,0,94
2026-07-18T12:41:33.456 RX LT,15041,57,171,104,173,-11,4,1,-434,1,0,94
2026-07-18T12:41:33.456 RX LT,15061,57,171,60,173,-11,4,1,-429,1,0,94
2026-07-18T12:41:33.457 RX LT,15081,57,171,69,173,-11,4,1,-424,1,0,94
2026-07-18T12:41:33.457 RX LT,15101,57,171,69,173,-11,4,1,-419,1,0,94
2026-07-18T12:41:33.457 RX LT,15121,57,171,102,217,-11,4,1,-414,1,0,94
2026-07-18T12:41:33.457 RX LT,15141,57,171,60,176,-11,4,1,-411,1,0,94
2026-07-18T12:41:33.572 RX LT,15161,57,171,69,174,-11,4,1,-407,1,0,94
2026-07-18T12:41:33.572 RX LT,15181,57,171,102,174,-11,4,1,-399,1,0,94
2026-07-18T12:41:33.572 RX LT,15201,57,171,60,174,-11,4,1,-394,1,0,94
2026-07-18T12:41:33.572 RX LT,15221,73,167,69,130,-6,12,1,-389,1,0,94
2026-07-18T12:41:33.572 RX LT,15241,73,167,102,171,-6,12,1,-386,1,0,94
2026-07-18T12:41:33.572 RX LT,15261,73,167,60,173,-6,12,1,-380,1,0,94
2026-07-18T12:41:33.706 RX LT,15281,83,157,58,184,-2,8,1,-372,1,0,94
2026-07-18T12:41:33.708 RX LT,15301,103,137,68,185,-2,8,1,-365,1,0,94
2026-07-18T12:41:33.708 RX LT,15321,108,132,102,174,-2,8,1,-359,1,0,94
2026-07-18T12:41:33.708 RX LT,15341,108,132,60,174,-2,8,1,-354,1,0,94
2026-07-18T12:41:33.708 RX LT,15361,108,132,69,130,-2,8,1,-350,1,0,94
2026-07-18T12:41:33.708 RX LT,15381,108,132,69,171,-2,8,1,-346,1,0,94
2026-07-18T12:41:33.806 RX LT,15401,118,122,69,173,0,24,1,-342,1,0,94
2026-07-18T12:41:33.806 RX LT,15421,120,120,69,130,0,24,1,-341,1,0,94
2026-07-18T12:41:33.806 RX LT,15441,120,120,113,127,0,24,1,-340,1,0,94
2026-07-18T12:41:33.806 RX LT,15461,120,120,126,127,0,24,1,-342,1,0,94
2026-07-18T12:41:33.806 RX LT,15481,120,120,116,127,0,24,1,-344,1,0,94
2026-07-18T12:41:33.938 RX LT,15501,120,120,116,127,0,24,1,-346,1,0,94
2026-07-18T12:41:33.938 RX LT,15521,120,120,116,160,0,24,1,-348,1,0,94
2026-07-18T12:41:33.939 RX LT,15541,132,108,116,118,2,16,1,-349,1,0,94
2026-07-18T12:41:33.939 RX LT,15561,132,108,116,127,2,16,1,-350,1,0,94
2026-07-18T12:41:33.939 RX LT,15581,132,108,116,116,2,16,1,-350,1,0,94
2026-07-18T12:41:33.939 RX LT,15601,132,108,116,116,2,16,1,-352,1,0,94
2026-07-18T12:41:34.056 RX LT,15621,132,108,72,159,2,16,1,-353,1,0,94
2026-07-18T12:41:34.056 RX LT,15641,132,108,113,118,2,16,1,-354,1,0,94
2026-07-18T12:41:34.056 RX LT,15661,140,100,159,116,6,48,1,-356,1,0,94
2026-07-18T12:41:34.056 RX LT,15681,156,84,118,116,6,48,1,-357,1,0,94
2026-07-18T12:41:34.056 RX LT,15701,167,73,116,116,6,48,1,-359,1,0,94
2026-07-18T12:41:34.056 RX LT,15721,167,73,126,116,6,48,1,-362,1,0,94
2026-07-18T12:41:34.190 RX LT,15741,167,73,160,105,6,48,1,-365,1,0,94
2026-07-18T12:41:34.190 RX LT,15761,167,73,162,104,6,48,1,-369,1,0,94
2026-07-18T12:41:34.191 RX LT,15781,167,73,162,104,6,48,1,-373,1,0,94
2026-07-18T12:41:34.191 RX LT,15801,167,73,162,71,6,48,1,-377,1,0,94
2026-07-18T12:41:34.191 RX LT,15821,167,73,162,113,6,48,1,-385,1,0,94
2026-07-18T12:41:34.191 RX LT,15841,167,73,129,104,6,48,1,-390,1,0,94
2026-07-18T12:41:34.317 RX LT,15861,167,73,171,71,6,48,1,-396,1,0,94
2026-07-18T12:41:34.317 RX LT,15881,167,73,162,69,6,48,1,-401,1,0,94
2026-07-18T12:41:34.317 RX LT,15901,167,73,129,69,6,48,1,-407,1,0,94
2026-07-18T12:41:34.317 RX LT,15921,167,73,171,113,6,48,1,-413,1,0,94
2026-07-18T12:41:34.317 RX LT,15941,167,73,173,104,6,48,1,-419,1,0,94
2026-07-18T12:41:34.317 RX LT,15961,167,73,163,104,6,48,1,-425,1,0,94
2026-07-18T12:41:34.442 RX LT,15981,167,73,173,60,6,48,1,-430,1,0,94
2026-07-18T12:41:34.443 RX LT,16001,167,73,130,69,6,48,1,-436,1,0,94
2026-07-18T12:41:34.443 RX LT,16021,167,73,171,69,6,48,1,-441,1,0,94
2026-07-18T12:41:34.443 RX LT,16041,167,73,173,102,6,48,1,-450,1,0,94
2026-07-18T12:41:34.443 RX LT,16061,167,73,173,60,6,48,1,-456,1,0,94
2026-07-18T12:41:34.444 RX LT,16081,167,73,163,69,6,48,1,-461,1,0,94
2026-07-18T12:41:34.550 RX LT,16101,167,73,173,102,6,48,1,-466,1,0,94
2026-07-18T12:41:34.550 RX LT,16121,167,73,173,71,6,48,1,-471,1,0,94
2026-07-18T12:41:34.550 RX LT,16141,167,73,173,102,6,48,1,-476,1,0,94
2026-07-18T12:41:34.551 RX LT,16161,167,73,163,104,6,48,1,-481,1,0,94
2026-07-18T12:41:34.551 RX LT,16181,167,73,173,104,6,48,1,-485,1,0,94
2026-07-18T12:41:34.666 RX LT,16201,157,83,173,104,2,16,1,-489,1,0,94
2026-07-18T12:41:34.666 RX LT,16221,137,103,217,104,2,16,1,-492,1,0,94
2026-07-18T12:41:34.666 RX LT,16241,132,108,231,115,2,16,1,-503,1,0,94
2026-07-18T12:41:34.666 RX LT,16261,132,108,166,72,2,16,1,-507,1,0,94
2026-07-18T12:41:34.666 RX LT,16281,132,108,162,69,2,16,1,-512,1,0,94
2026-07-18T12:41:34.666 RX LT,16301,132,108,184,113,2,16,1,-515,1,0,94
2026-07-18T12:41:34.799 RX LT,16321,132,108,131,104,2,16,1,-518,1,0,94
2026-07-18T12:41:34.799 RX LT,16341,132,108,171,104,2,16,1,-521,1,0,94
2026-07-18T12:41:34.800 RX LT,16361,122,118,162,71,0,24,1,-523,1,0,94
2026-07-18T12:41:34.800 RX LT,16381,120,120,173,69,0,24,1,-526,1,0,94
2026-07-18T12:41:34.800 RX LT,16401,120,120,163,113,0,24,1,-529,1,0,94
2026-07-18T12:41:34.801 RX LT,16421,120,120,129,104,0,24,1,-531,1,0,94
2026-07-18T12:41:34.925 RX LT,16441,120,120,127,71,0,24,1,-534,1,0,94
2026-07-18T12:41:34.925 RX LT,16461,120,120,171,69,0,24,1,-537,1,0,94
2026-07-18T12:41:34.925 RX LT,16481,120,120,162,113,0,24,1,-539,1,0,94
2026-07-18T12:41:34.925 RX LT,16501,120,120,162,72,0,24,1,-541,1,0,94
2026-07-18T12:41:34.925 RX LT,16521,120,120,162,69,0,24,1,-543,1,0,94
2026-07-18T12:41:34.925 RX LT,16541,110,130,162,113,-2,8,1,-543,1,0,94
2026-07-18T12:41:35.028 RX LT,16561,108,132,129,72,-2,8,1,-545,1,0,94
2026-07-18T12:41:35.028 RX LT,16581,108,132,160,113,-2,8,1,-546,1,0,94
2026-07-18T12:41:35.028 RX LT,16601,108,132,162,72,-2,8,1,-547,1,0,94
2026-07-18T12:41:35.028 RX LT,16621,108,132,118,113,-2,8,1,-548,1,0,94
2026-07-18T12:41:35.028 RX LT,16641,108,132,127,115,-2,8,1,-548,1,0,94
2026-07-18T12:41:35.146 RX LT,16661,108,132,127,115,-2,8,1,-549,1,0,94
2026-07-18T12:41:35.146 RX LT,16681,92,148,127,148,-6,12,1,-550,1,0,94
2026-07-18T12:41:35.156 RX LT,16701,76,164,160,118,-6,12,1,-551,1,0,94
2026-07-18T12:41:35.156 RX LT,16721,73,167,118,116,-6,12,1,-551,1,0,94
2026-07-18T12:41:35.156 RX LT,16741,73,167,127,116,-6,12,1,-551,1,0,94
2026-07-18T12:41:35.156 RX LT,16761,73,167,116,116,-6,12,1,-550,1,0,94
2026-07-18T12:41:35.282 RX LT,16781,73,167,159,116,-6,12,1,-549,1,0,94
2026-07-18T12:41:35.282 RX LT,16801,73,167,118,126,-6,12,1,-547,1,0,94
2026-07-18T12:41:35.282 RX LT,16821,73,167,116,160,-6,12,1,-545,1,0,94
2026-07-18T12:41:35.282 RX LT,16841,39,169,126,118,-16,13,1,-543,1,0,94
2026-07-18T12:41:35.282 RX LT,16861,7,173,73,159,-24,7,1,-541,1,0,94
2026-07-18T12:41:35.282 RX LT,16881,7,173,69,162,-24,7,1,-538,1,0,94
2026-07-18T12:41:35.407 RX LT,16901,7,173,102,118,-24,7,1,-534,1,0,94
2026-07-18T12:41:35.408 RX LT,16921,7,173,104,127,-24,7,1,-529,1,0,94
2026-07-18T12:41:35.408 RX LT,16941,7,173,71,127,-24,7,1,-525,1,0,94
2026-07-18T12:41:35.408 RX LT,16961,29,171,102,127,-18,6,1,-519,1,0,94
2026-07-18T12:41:35.408 RX LT,16981,57,171,60,127,-11,4,1,-513,1,0,94
2026-07-18T12:41:35.409 RX LT,17001,57,171,101,127,-11,4,1,-507,1,0,94
2026-07-18T12:41:35.532 RX LT,17021,85,155,115,127,0,0,0,-500,1,0,94
2026-07-18T12:41:35.532 RX LT,17041,85,155,61,127,0,0,0,-494,1,0,94
2026-07-18T12:41:35.532 RX LT,17061,85,155,69,127,0,0,0,-491,1,0,94
2026-07-18T12:41:35.532 RX LT,17081,85,155,102,127,0,0,0,-485,1,0,94
2026-07-18T12:41:35.532 RX LT,17101,85,155,104,171,0,0,0,-479,1,0,94
2026-07-18T12:41:35.532 RX LT,17121,65,135,104,162,0,0,0,-477,1,0,94
2026-07-18T12:41:35.656 RX LT,17141,65,135,60,162,0,0,0,-473,1,0,94
2026-07-18T12:41:35.656 RX LT,17161,65,135,112,162,0,0,0,-469,1,0,94
2026-07-18T12:41:35.656 RX LT,17181,65,135,61,129,0,0,0,-465,1,0,94
2026-07-18T12:41:35.656 RX LT,17201,65,135,69,127,0,0,0,-462,1,0,94
2026-07-18T12:41:35.656 RX LT,17221,65,135,69,160,0,0,0,-459,1,0,94
2026-07-18T12:41:35.656 RX LT,17241,65,135,69,118,0,0,0,-456,1,0,94
2026-07-18T12:41:35.788 RX LT,17261,65,135,102,127,0,0,0,-453,1,0,94
2026-07-18T12:41:35.788 RX LT,17281,65,135,60,127,0,0,0,-450,1,0,94
2026-07-18T12:41:35.788 RX LT,17301,65,135,69,160,0,0,0,-448,1,0,94
2026-07-18T12:41:35.788 RX LT,17321,65,135,69,118,0,0,0,-444,1,0,94
2026-07-18T12:41:35.788 RX LT,17341,65,135,102,127,0,0,0,-442,1,0,94
2026-07-18T12:41:35.788 RX LT,17361,65,135,60,160,0,0,0,-439,1,0,94
2026-07-18T12:41:35.906 RX LT,17381,65,135,69,118,0,0,0,-437,1,0,94
2026-07-18T12:41:35.906 RX LT,17401,65,135,58,116,0,0,0,-435,1,0,94
2026-07-18T12:41:35.906 RX LT,17421,65,135,68,126,0,0,0,-433,1,0,94
2026-07-18T12:41:35.906 RX LT,17441,65,135,58,116,0,0,0,-431,1,0,94
2026-07-18T12:41:35.906 RX LT,17461,65,135,101,159,0,0,0,-428,1,0,94
2026-07-18T12:41:35.906 RX LT,17481,65,135,60,118,0,0,0,-425,1,0,94
2026-07-18T12:41:36.026 RX LT,17501,65,135,58,159,0,0,0,-423,1,0,94
2026-07-18T12:41:36.026 RX LT,17521,65,135,68,118,0,0,0,-420,1,0,94
2026-07-18T12:41:36.027 RX LT,17541,65,135,58,159,0,0,0,-417,1,0,94
2026-07-18T12:41:36.028 RX LT,17561,65,135,68,118,0,0,0,-415,1,0,94
2026-07-18T12:41:36.028 RX LT,17581,65,135,102,159,0,0,0,-414,1,0,94
2026-07-18T12:41:36.028 RX LT,17601,65,135,60,118,0,0,0,-412,1,0,94
2026-07-18T12:41:36.137 RX SQUARE ERROR,LINE LOST
2026-07-18T12:41:36.137 TX STOP
2026-07-18T12:41:36.138 TX STOP
2026-07-18T12:41:36.266 RX OK STOP
2026-07-18T12:41:36.266 RX OK STOP
2026-07-18T12:41:36.266 TX PROFILE GIMBAL
2026-07-18T12:41:36.316 RX OK PROFILE GIMBAL FLASH 3
2026-07-18T12:41:36.316 TX PARAM
2026-07-18T12:41:36.476 RX PARAM,x1000,PROFILE,1,FLASHVER,3,GUARDVER,24,LKP,350,LKI,100,RKP,500,RKI,350,LFF,460,RFF,437,LMIN,32,RMIN,26,SYNC,1000,BIAS,50,GSTART,10,LINEKP,6750,LINEKD,2000,TURNANGLE,900,TURNFAST,185,TURNSLOW,140,TURNMARGIN,180,TURNEXIT,140,TURNDIST,98
2026-07-18T12:41:36.476 RX PARAM,x1000,PROFILE,1,FLASHVER,3,GUARDVER,24,LKP,350,LKI,100,RKP,500,RKI,350,LFF,460,RFF,437,LMIN,32,RMIN,26,SYNC,1000,BIAS,50,GSTART,10,LINEKP,6750,LINEKD,2000,TURNANGLE,900,TURNFAST,185,TURNSLOW,140,TURNMARGIN,180,TURNEXIT,140,TURNDIST,98
2026-07-18T12:41:36.476 TX SET TURNSLOW 80 1286349178
2026-07-18T12:41:36.606 RX SA,1286349178,TURNSLOW,80
2026-07-18T12:41:36.606 TX SET LKP 350 1286349179
2026-07-18T12:41:36.735 RX ERR COMMAND; SEND HELP
2026-07-18T12:41:36.735 RX ERR COMMAND; SEND HELP
2026-07-18T12:41:36.786 TX SET LKP 350 1286349180
2026-07-18T12:41:36.837 TX SET LKP 350 1286349181
2026-07-18T12:41:36.966 RX SA,1286349180,LKP,350
2026-07-18T12:41:36.966 RX SA,1286349181,LKP,350
2026-07-18T12:41:36.966 TX SET LKI 100 1286349182
2026-07-18T12:41:37.096 RX SA,1286349182,LKI,100
2026-07-18T12:41:37.096 TX SET LFF 460 1286349183
2026-07-18T12:41:37.236 RX SA,1286349183,LFF,460
2026-07-18T12:41:37.236 TX SET LMIN 32 1286349184
2026-07-18T12:41:37.358 RX SA,1286349184,LMIN,32
2026-07-18T12:41:37.358 TX SET RKP 500 1286349185
2026-07-18T12:41:37.484 RX ERR COMMAND; SEND HELP
2026-07-18T12:41:37.534 TX SET RKP 500 1286349186
2026-07-18T12:41:38.186 TX STOP
