[20:42:05] 日志目录：F:\k230gc\pidtest\host\logs\20260706_204205
[20:42:05] TX > RADIOPING,attempt=1
[20:42:06] BRIDGE_RADIO_TX_OK
[20:42:06] BRIDGE_RADIO_PONG
[20:42:06] TX > PING,attempt=1
[20:42:06] ERR,UNKNOWN_COMMAND,RADIOPING
[20:42:06] PONG
[20:42:06] TX > AUTOTUNE,attempt=1
[20:42:06] OK,AUTOTUNE_WAIT_TARGET
[20:42:06] AUTOTUNE_WAIT_TARGET,frames=3
[20:42:06] AUTOTUNE_START
[20:42:06] AUTOTUNE_SCORE_PROFILE,PID_MIXED_FOLLOW_V2
[20:42:06] TUNE,X,BEGIN
[20:42:06] TUNE,X,CALIBRATE,PROBE
[20:42:08] TUNE,X,POLARITY,1,DELTA,18,KICK_DEG,14.0
[20:42:08] TUNE,X,RECENTER
[20:42:08] TUNE,X,RECENTERED,ERROR,0
[20:42:08] TUNE,X,RECENTER
[20:42:08] TUNE,X,RECENTERED,ERROR,-1
[20:42:08] TUNE,X,TEST,KP,0.120,KD,0.003
[20:42:11] TUNE,X,RESULT,MODE,PD,KP,0.120,KI,0.000,KD,0.003,SCORE,91.189
[20:42:11] TUNE,X,RECENTER
[20:42:11] TUNE,X,RECENTERED,ERROR,0
[20:42:11] TUNE,X,TEST,KP,0.160,KD,0.006
[20:42:13] TUNE,X,RESULT,MODE,PD,KP,0.160,KI,0.000,KD,0.006,SCORE,43.611
[20:42:13] TUNE,X,RECENTER
[20:42:14] TUNE,X,RECENTERED,ERROR,0
[20:42:14] TUNE,X,TEST,KP,0.200,KD,0.004
[20:42:16] TUNE,X,RESULT,MODE,PD,KP,0.200,KI,0.000,KD,0.004,SCORE,70.434
[20:42:16] TUNE,X,RECENTER
[20:42:16] TUNE,X,RECENTERED,ERROR,-2
[20:42:16] TUNE,X,TEST,KP,0.200,KD,0.008
[20:42:19] TUNE,X,RESULT,MODE,PD,KP,0.200,KI,0.000,KD,0.008,SCORE,73.653
[20:42:19] TUNE,X,RECENTER
[20:42:19] TUNE,X,RECENTERED,ERROR,1
[20:42:19] TUNE,X,TEST,KP,0.240,KD,0.004
[20:42:21] TUNE,X,RESULT,MODE,PD,KP,0.240,KI,0.000,KD,0.004,SCORE,64.105
[20:42:21] TUNE,X,RECENTER
[20:42:21] TUNE,X,RECENTERED,ERROR,0
[20:42:21] TUNE,X,TEST,KP,0.240,KD,0.008
[20:42:24] TUNE,X,RESULT,MODE,PD,KP,0.240,KI,0.000,KD,0.008,SCORE,77.599
[20:42:24] TUNE,X,RECENTER
[20:42:24] TUNE,X,RECENTERED,ERROR,-1
[20:42:24] TUNE,X,TEST,KP,0.240,KD,0.012
[20:42:26] TUNE,X,RESULT,MODE,PD,KP,0.240,KI,0.000,KD,0.012,SCORE,74.356
[20:42:26] TUNE,X,RECENTER
[20:42:27] TUNE,X,RECENTERED,ERROR,0
[20:42:27] TUNE,X,TEST,KP,0.280,KD,0.004
[20:42:29] TUNE,X,RESULT,MODE,PD,KP,0.280,KI,0.000,KD,0.004,SCORE,105.652
[20:42:29] TUNE,X,RECENTER
[20:42:29] TUNE,X,RECENTERED,ERROR,0
[20:42:29] TUNE,X,TEST,KP,0.280,KD,0.008
[20:42:32] TUNE,X,RESULT,MODE,PD,KP,0.280,KI,0.000,KD,0.008,SCORE,80.250
[20:42:32] TUNE,X,RECENTER
[20:42:32] TUNE,X,RECENTERED,ERROR,-3
[20:42:32] TUNE,X,TEST,KP,0.320,KD,0.006
[20:42:34] TUNE,X,RESULT,MODE,PD,KP,0.320,KI,0.000,KD,0.006,SCORE,67.569
[20:42:34] TUNE,X,PD_FINE_SEARCH,KP,0.160,KD,0.006
[20:42:34] TUNE,X,RECENTER
[20:42:34] TUNE,X,RECENTERED,ERROR,2
[20:42:34] TUNE,X,TEST,KP,0.130,KD,0.003
[20:42:37] TUNE,X,RESULT,MODE,PD,KP,0.130,KI,0.000,KD,0.003,SCORE,91.418
[20:42:37] TUNE,X,RECENTER
[20:42:37] TUNE,X,RECENTERED,ERROR,-2
[20:42:37] TUNE,X,TEST,KP,0.130,KD,0.006
[20:42:39] TUNE,X,RESULT,MODE,PD,KP,0.130,KI,0.000,KD,0.006,SCORE,53.957
[20:42:39] TUNE,X,RECENTER
[20:42:39] TUNE,X,RECENTERED,ERROR,-1
[20:42:39] TUNE,X,TEST,KP,0.130,KD,0.009
[20:42:42] TUNE,X,RESULT,MODE,PD,KP,0.130,KI,0.000,KD,0.009,SCORE,64.563
[20:42:42] TUNE,X,RECENTER
[20:42:42] TUNE,X,RECENTERED,ERROR,1
[20:42:42] TUNE,X,TEST,KP,0.160,KD,0.003
[20:42:44] TUNE,X,RESULT,MODE,PD,KP,0.160,KI,0.000,KD,0.003,SCORE,62.966
[20:42:44] TUNE,X,RECENTER
[20:42:45] TUNE,X,RECENTERED,ERROR,-2
[20:42:45] TUNE,X,TEST,KP,0.160,KD,0.009
[20:42:47] TUNE,X,RESULT,MODE,PD,KP,0.160,KI,0.000,KD,0.009,SCORE,64.485
[20:42:47] TUNE,X,RECENTER
[20:42:47] TUNE,X,RECENTERED,ERROR,0
[20:42:47] TUNE,X,TEST,KP,0.190,KD,0.003
[20:42:50] TUNE,X,RESULT,MODE,PD,KP,0.190,KI,0.000,KD,0.003,SCORE,56.301
[20:42:50] TUNE,X,RECENTER
[20:42:50] TUNE,X,RECENTERED,ERROR,1
[20:42:50] TUNE,X,TEST,KP,0.190,KD,0.006
[20:42:52] TUNE,X,RESULT,MODE,PD,KP,0.190,KI,0.000,KD,0.006,SCORE,74.265
[20:42:52] TUNE,X,RECENTER
[20:42:52] TUNE,X,RECENTERED,ERROR,0
[20:42:52] TUNE,X,TEST,KP,0.190,KD,0.009
[20:42:55] TUNE,X,RESULT,MODE,PD,KP,0.190,KI,0.000,KD,0.009,SCORE,93.708
[20:42:55] TUNE,X,PD_VALIDATE_TOP3
[20:42:55] TUNE,X,RECENTER
[20:42:55] TUNE,X,RECENTERED,ERROR,-2
[20:42:55] TUNE,X,TEST,KP,0.160,KD,0.006
[20:42:57] TUNE,X,RESULT,MODE,PD,KP,0.160,KI,0.000,KD,0.006,SCORE,42.981
[20:42:57] TUNE,X,RECENTER
[20:42:58] TUNE,X,RECENTERED,ERROR,1
[20:42:58] TUNE,X,TEST,KP,0.130,KD,0.006
[20:43:00] TUNE,X,RESULT,MODE,PD,KP,0.130,KI,0.000,KD,0.006,SCORE,45.265
[20:43:00] TUNE,X,RECENTER
[20:43:00] TUNE,X,RECENTERED,ERROR,2
[20:43:00] TUNE,X,TEST,KP,0.190,KD,0.003
[20:43:03] TUNE,X,RESULT,MODE,PD,KP,0.190,KI,0.000,KD,0.003,SCORE,61.702
[20:43:03] TUNE,X,PID_GRID_SEARCH,PD_BASES,3,KI_COUNT,6
[20:43:03] TUNE,X,RECENTER
[20:43:03] TUNE,X,RECENTERED,ERROR,0
[20:43:03] TUNE,X,PID_TEST,KP,0.160,KI,0.000,KD,0.006
[20:43:07] TUNE,X,RESULT,MODE,PID,KP,0.160,KI,0.000,KD,0.006,SCORE,42.683
[20:43:07] TUNE,X,RECENTER
[20:43:07] TUNE,X,RECENTERED,ERROR,0
[20:43:07] TUNE,X,PID_TEST,KP,0.160,KI,0.100,KD,0.006
[20:43:11] TUNE,X,RESULT,MODE,PID,KP,0.160,KI,0.100,KD,0.006,SCORE,42.586
[20:43:11] TUNE,X,RECENTER
[20:43:12] TUNE,X,RECENTERED,ERROR,0
[20:43:12] TUNE,X,PID_TEST,KP,0.160,KI,0.180,KD,0.006
[20:43:16] TUNE,X,RESULT,MODE,PID,KP,0.160,KI,0.180,KD,0.006,SCORE,46.535
[20:43:16] TUNE,X,RECENTER
[20:43:16] TUNE,X,RECENTERED,ERROR,0
[20:43:16] TUNE,X,PID_TEST,KP,0.160,KI,0.250,KD,0.006
[20:43:20] TUNE,X,RESULT,MODE,PID,KP,0.160,KI,0.250,KD,0.006,SCORE,34.579
[20:43:20] TUNE,X,RECENTER
[20:43:21] TUNE,X,RECENTERED,ERROR,1
[20:43:21] TUNE,X,PID_TEST,KP,0.160,KI,0.350,KD,0.006
[20:43:25] TUNE,X,RESULT,MODE,PID,KP,0.160,KI,0.350,KD,0.006,SCORE,39.558
[20:43:25] TUNE,X,RECENTER
[20:43:25] TUNE,X,RECENTERED,ERROR,2
[20:43:25] TUNE,X,PID_TEST,KP,0.160,KI,0.480,KD,0.006
[20:43:29] TUNE,X,RESULT,MODE,PID,KP,0.160,KI,0.480,KD,0.006,SCORE,53.381
[20:43:29] TUNE,X,RECENTER
[20:43:29] TUNE,X,RECENTERED,ERROR,2
[20:43:29] TUNE,X,PID_TEST,KP,0.130,KI,0.000,KD,0.006
[20:43:34] TUNE,X,RESULT,MODE,PID,KP,0.130,KI,0.000,KD,0.006,SCORE,36.067
[20:43:34] TUNE,X,RECENTER
[20:43:34] TUNE,X,RECENTERED,ERROR,0
[20:43:34] TUNE,X,PID_TEST,KP,0.130,KI,0.100,KD,0.006
[20:43:38] TUNE,X,RESULT,MODE,PID,KP,0.130,KI,0.100,KD,0.006,SCORE,33.413
[20:43:38] TUNE,X,RECENTER
[20:43:38] TUNE,X,RECENTERED,ERROR,-1
[20:43:38] TUNE,X,PID_TEST,KP,0.130,KI,0.180,KD,0.006
[20:43:43] TUNE,X,RESULT,MODE,PID,KP,0.130,KI,0.180,KD,0.006,SCORE,37.839
[20:43:43] TUNE,X,RECENTER
[20:43:43] TUNE,X,RECENTERED,ERROR,3
[20:43:43] TUNE,X,PID_TEST,KP,0.130,KI,0.250,KD,0.006
[20:43:47] TUNE,X,RESULT,MODE,PID,KP,0.130,KI,0.250,KD,0.006,SCORE,39.392
[20:43:47] TUNE,X,RECENTER
[20:43:47] TUNE,X,RECENTERED,ERROR,1
[20:43:47] TUNE,X,PID_TEST,KP,0.130,KI,0.350,KD,0.006
[20:43:51] TUNE,X,RESULT,MODE,PID,KP,0.130,KI,0.350,KD,0.006,SCORE,40.682
[20:43:51] TUNE,X,RECENTER
[20:43:52] TUNE,X,RECENTERED,ERROR,3
[20:43:52] TUNE,X,PID_TEST,KP,0.130,KI,0.480,KD,0.006
[20:43:56] TUNE,X,RESULT,MODE,PID,KP,0.130,KI,0.480,KD,0.006,SCORE,38.877
[20:43:56] TUNE,X,RECENTER
[20:43:56] TUNE,X,RECENTERED,ERROR,3
[20:43:56] TUNE,X,PID_TEST,KP,0.190,KI,0.000,KD,0.003
[20:44:00] TUNE,X,RESULT,MODE,PID,KP,0.190,KI,0.000,KD,0.003,SCORE,48.395
[20:44:00] TUNE,X,RECENTER
[20:44:00] TUNE,X,RECENTERED,ERROR,1
[20:44:00] TUNE,X,PID_TEST,KP,0.190,KI,0.100,KD,0.003
[20:44:05] TUNE,X,RESULT,MODE,PID,KP,0.190,KI,0.100,KD,0.003,SCORE,48.302
[20:44:05] TUNE,X,RECENTER
[20:44:05] TUNE,X,RECENTERED,ERROR,4
[20:44:05] TUNE,X,PID_TEST,KP,0.190,KI,0.180,KD,0.003
[20:44:09] TUNE,X,RESULT,MODE,PID,KP,0.190,KI,0.180,KD,0.003,SCORE,49.328
[20:44:09] TUNE,X,RECENTER
[20:44:09] TUNE,X,RECENTERED,ERROR,-3
[20:44:09] TUNE,X,PID_TEST,KP,0.190,KI,0.250,KD,0.003
[20:44:13] TUNE,X,RESULT,MODE,PID,KP,0.190,KI,0.250,KD,0.003,SCORE,42.919
[20:44:13] TUNE,X,RECENTER
[20:44:13] TUNE,X,RECENTERED,ERROR,0
[20:44:13] TUNE,X,PID_TEST,KP,0.190,KI,0.350,KD,0.003
[20:44:18] TUNE,X,RESULT,MODE,PID,KP,0.190,KI,0.350,KD,0.003,SCORE,43.840
[20:44:18] TUNE,X,RECENTER
[20:44:18] TUNE,X,RECENTERED,ERROR,1
[20:44:18] TUNE,X,PID_TEST,KP,0.190,KI,0.480,KD,0.003
[20:44:22] TUNE,X,RESULT,MODE,PID,KP,0.190,KI,0.480,KD,0.003,SCORE,43.328
[20:44:22] TUNE,X,PID_JOINT_SEARCH,KP,0.130,KI,0.100,KD,0.006
[20:44:22] TUNE,X,RECENTER
[20:44:22] TUNE,X,RECENTERED,ERROR,0
[20:44:22] TUNE,X,PID_TEST,KP,0.100,KI,0.100,KD,0.006
[20:44:27] TUNE,X,RESULT,MODE,PID,KP,0.100,KI,0.100,KD,0.006,SCORE,38.760
[20:44:27] TUNE,X,RECENTER
[20:44:27] TUNE,X,RECENTERED,ERROR,1
[20:44:27] TUNE,X,PID_TEST,KP,0.130,KI,0.100,KD,0.003
[20:44:31] TUNE,X,RESULT,MODE,PID,KP,0.130,KI,0.100,KD,0.003,SCORE,38.358
[20:44:31] TUNE,X,RECENTER
[20:44:31] TUNE,X,RECENTERED,ERROR,1
[20:44:31] TUNE,X,PID_TEST,KP,0.130,KI,0.100,KD,0.009
[20:44:35] TUNE,X,RESULT,MODE,PID,KP,0.130,KI,0.100,KD,0.009,SCORE,33.526
[20:44:35] TUNE,X,RECENTER
[20:44:35] TUNE,X,RECENTERED,ERROR,0
[20:44:35] TUNE,X,PID_TEST,KP,0.130,KI,0.040,KD,0.006
[20:44:40] TUNE,X,RESULT,MODE,PID,KP,0.130,KI,0.040,KD,0.006,SCORE,32.316
[20:44:40] TUNE,X,RECENTER
[20:44:40] TUNE,X,RECENTERED,ERROR,0
[20:44:40] TUNE,X,PID_TEST,KP,0.130,KI,0.160,KD,0.006
[20:44:44] TUNE,X,RESULT,MODE,PID,KP,0.130,KI,0.160,KD,0.006,SCORE,33.683
[20:44:44] TUNE,X,RECENTER
[20:44:44] TUNE,X,RECENTERED,ERROR,1
[20:44:44] TUNE,X,PID_TEST,KP,0.100,KI,0.040,KD,0.006
[20:44:49] TUNE,X,RESULT,MODE,PID,KP,0.100,KI,0.040,KD,0.006,SCORE,38.958
[20:44:49] TUNE,X,RECENTER
[20:44:49] TUNE,X,RECENTERED,ERROR,0
[20:44:49] TUNE,X,PID_TEST,KP,0.100,KI,0.160,KD,0.006
[20:44:53] TUNE,X,RESULT,MODE,PID,KP,0.100,KI,0.160,KD,0.006,SCORE,37.045
[20:44:53] TUNE,X,RECENTER
[20:44:53] TUNE,X,RECENTERED,ERROR,0
[20:44:53] TUNE,X,PID_TEST,KP,0.160,KI,0.040,KD,0.006
[20:44:57] TUNE,X,RESULT,MODE,PID,KP,0.160,KI,0.040,KD,0.006,SCORE,39.332
[20:44:58] TUNE,X,RECENTER
[20:44:58] TUNE,X,RECENTERED,ERROR,1
[20:44:58] TUNE,X,PID_TEST,KP,0.160,KI,0.160,KD,0.006
[20:45:02] TUNE,X,RESULT,MODE,PID,KP,0.160,KI,0.160,KD,0.006,SCORE,37.370
[20:45:02] TUNE,X,PID_VALIDATE_TOP3
[20:45:02] TUNE,X,RECENTER
[20:45:02] TUNE,X,RECENTERED,ERROR,0
[20:45:02] TUNE,X,PID_TEST,KP,0.130,KI,0.040,KD,0.006
[20:45:06] TUNE,X,RESULT,MODE,PID,KP,0.130,KI,0.040,KD,0.006,SCORE,35.229
[20:45:06] TUNE,X,RECENTER
[20:45:06] TUNE,X,RECENTERED,ERROR,-1
[20:45:06] TUNE,X,PID_TEST,KP,0.130,KI,0.100,KD,0.006
[20:45:11] TUNE,X,RESULT,MODE,PID,KP,0.130,KI,0.100,KD,0.006,SCORE,34.141
[20:45:11] TUNE,X,RECENTER
[20:45:11] TUNE,X,RECENTERED,ERROR,1
[20:45:11] TUNE,X,PID_TEST,KP,0.130,KI,0.100,KD,0.009
[20:45:15] TUNE,X,RESULT,MODE,PID,KP,0.130,KI,0.100,KD,0.009,SCORE,42.196
[20:45:15] TUNE,X,RECENTER
[20:45:15] TUNE,X,RECENTERED,ERROR,3
[20:45:15] TUNE,X,COMPLETE,KP,0.130,KI,0.100,KD,0.006,SCORE,33.886
[20:45:16] TUNE,Y,BEGIN
[20:45:16] TUNE,Y,CALIBRATE,PROBE
[20:45:17] TUNE,Y,POLARITY,1,DELTA,47,KICK_DEG,10.3
[20:45:17] TUNE,Y,RECENTER
[20:45:18] TUNE,Y,RECENTERED,ERROR,2
[20:45:18] TUNE,Y,RECENTER
[20:45:18] TUNE,Y,RECENTERED,ERROR,3
[20:45:18] TUNE,Y,TEST,KP,0.120,KD,0.003
[20:45:19] TUNE,Y,RETRY_TARGET_LOST,KP,0.120,KD,0.003
[20:45:19] TUNE,WAIT_TARGET,Y_CANDIDATE
[20:45:19] TUNE,TARGET_REACQUIRED,Y_CANDIDATE
[20:45:20] TUNE,Y,RECENTER
[20:45:20] TUNE,Y,RECENTERED,ERROR,3
[20:45:20] TUNE,Y,TEST,KP,0.120,KD,0.003
[20:45:22] TUNE,Y,RESULT,MODE,PD,KP,0.120,KI,0.000,KD,0.003,SCORE,98.380
[20:45:22] TUNE,Y,RECENTER
[20:45:23] TUNE,Y,RECENTERED,ERROR,1
[20:45:23] TUNE,Y,TEST,KP,0.160,KD,0.006
[20:45:25] TUNE,Y,RESULT,MODE,PD,KP,0.160,KI,0.000,KD,0.006,SCORE,114.013
[20:45:25] TUNE,Y,RECENTER
[20:45:25] TUNE,Y,RECENTERED,ERROR,1
[20:45:25] TUNE,Y,TEST,KP,0.200,KD,0.004
[20:45:28] TUNE,Y,RESULT,MODE,PD,KP,0.200,KI,0.000,KD,0.004,SCORE,126.773
[20:45:28] TUNE,Y,RECENTER
[20:45:28] TUNE,Y,RECENTERED,ERROR,2
[20:45:28] TUNE,Y,TEST,KP,0.200,KD,0.008
[20:45:30] TUNE,Y,RESULT,MODE,PD,KP,0.200,KI,0.000,KD,0.008,SCORE,79.582
[20:45:30] TUNE,Y,RECENTER
[20:45:31] TUNE,Y,RECENTERED,ERROR,-1
[20:45:31] TUNE,Y,TEST,KP,0.240,KD,0.004
[20:45:32] TUNE,Y,RETRY_TARGET_LOST,KP,0.240,KD,0.004
[20:45:32] TUNE,WAIT_TARGET,Y_CANDIDATE
[20:45:32] TUNE,TARGET_REACQUIRED,Y_CANDIDATE
[20:45:32] TUNE,Y,RECENTER
[20:45:33] TUNE,WAIT_TARGET,Y_RECENTER
[20:45:33] TUNE,TARGET_REACQUIRED,Y_RECENTER
[20:45:34] TUNE,Y,RECENTERED,ERROR,2
[20:45:34] TUNE,Y,TEST,KP,0.240,KD,0.004
[20:45:36] TUNE,Y,RETRY_TARGET_LOST,KP,0.240,KD,0.004
[20:45:36] TUNE,TARGET_REACQUIRED,Y_CANDIDATE
[20:45:36] TUNE,Y,RECENTER
[20:45:37] TUNE,Y,RECENTERED,ERROR,1
[20:45:37] TUNE,Y,TEST,KP,0.240,KD,0.004
[20:45:39] TUNE,Y,RESULT,MODE,PD,KP,0.240,KI,0.000,KD,0.004,SCORE,185.285
[20:45:39] TUNE,Y,RECENTER
[20:45:40] TUNE,Y,RECENTERED,ERROR,3
[20:45:40] TUNE,Y,TEST,KP,0.240,KD,0.008
[20:45:41] TUNE,Y,RETRY_TARGET_LOST,KP,0.240,KD,0.008
[20:45:41] TUNE,TARGET_REACQUIRED,Y_CANDIDATE
[20:45:41] TUNE,Y,RECENTER
[20:45:41] TUNE,WAIT_TARGET,Y_RECENTER
[20:45:41] TUNE,TARGET_REACQUIRED,Y_RECENTER
[20:45:42] TUNE,Y,RECENTERED,ERROR,0
[20:45:42] TUNE,Y,TEST,KP,0.240,KD,0.008
[20:45:44] TUNE,Y,RETRY_TARGET_LOST,KP,0.240,KD,0.008
[20:45:45] TUNE,TARGET_REACQUIRED,Y_CANDIDATE
[20:45:45] TUNE,Y,RECENTER
[20:45:45] TUNE,Y,RECENTERED,ERROR,2
[20:45:45] TUNE,Y,TEST,KP,0.240,KD,0.008
[20:45:48] TUNE,Y,RESULT,MODE,PD,KP,0.240,KI,0.000,KD,0.008,SCORE,162.266
[20:45:48] TUNE,Y,RECENTER
[20:45:48] TUNE,Y,RECENTERED,ERROR,2
[20:45:48] TUNE,Y,TEST,KP,0.240,KD,0.012
[20:45:50] TUNE,Y,RESULT,MODE,PD,KP,0.240,KI,0.000,KD,0.012,SCORE,103.182
[20:45:50] TUNE,Y,RECENTER
[20:45:50] TUNE,Y,RECENTERED,ERROR,3
[20:45:50] TUNE,Y,TEST,KP,0.280,KD,0.004
[20:45:53] TUNE,Y,RESULT,MODE,PD,KP,0.280,KI,0.000,KD,0.004,SCORE,128.670
[20:45:53] TUNE,Y,RECENTER
[20:45:53] TUNE,Y,RECENTERED,ERROR,-1
[20:45:53] TUNE,Y,TEST,KP,0.280,KD,0.008
[20:45:55] TUNE,Y,RETRY_TARGET_LOST,KP,0.280,KD,0.008
[20:45:55] TUNE,TARGET_REACQUIRED,Y_CANDIDATE
[20:45:55] TUNE,Y,RECENTER
[20:45:55] TUNE,Y,RECENTERED,ERROR,1
[20:45:55] TUNE,Y,TEST,KP,0.280,KD,0.008
[20:45:58] TUNE,Y,RESULT,MODE,PD,KP,0.280,KI,0.000,KD,0.008,SCORE,189.864
[20:45:58] TUNE,Y,RECENTER
[20:45:58] TUNE,Y,RECENTERED,ERROR,0
[20:45:58] TUNE,Y,TEST,KP,0.320,KD,0.006
[20:46:00] TUNE,Y,RETRY_TARGET_LOST,KP,0.320,KD,0.006
[20:46:00] TUNE,WAIT_TARGET,Y_CANDIDATE
[20:46:02] TUNE,WAIT_TARGET,Y_CANDIDATE
[20:46:04] TUNE,WAIT_TARGET,Y_CANDIDATE
[20:46:06] TUNE,WAIT_TARGET,Y_CANDIDATE
[20:46:07] TUNE,TARGET_REACQUIRED,Y_CANDIDATE
[20:46:07] TUNE,Y,RECENTER
[20:46:08] TUNE,Y,RECENTERED,ERROR,-2
[20:46:08] TUNE,Y,TEST,KP,0.320,KD,0.006
[20:46:10] TUNE,Y,RETRY_TARGET_LOST,KP,0.320,KD,0.006
[20:46:10] TUNE,TARGET_REACQUIRED,Y_CANDIDATE
[20:46:10] TUNE,Y,RECENTER
[20:46:11] TUNE,WAIT_TARGET,Y_RECENTER
[20:46:13] TUNE,WAIT_TARGET,Y_RECENTER
[20:46:13] TUNE,TARGET_REACQUIRED,Y_RECENTER
[20:46:13] TUNE,WAIT_TARGET,Y_RECENTER
[20:46:13] TUNE,TARGET_REACQUIRED,Y_RECENTER
[20:46:14] TUNE,Y,RECENTERED,ERROR,3
[20:46:14] TUNE,Y,TEST,KP,0.320,KD,0.006
[20:46:15] TUNE,Y,RETRY_TARGET_LOST,KP,0.320,KD,0.006
[20:46:15] TUNE,WAIT_TARGET,Y_CANDIDATE
[20:46:15] TUNE,TARGET_REACQUIRED,Y_CANDIDATE
[20:46:16] TUNE,Y,RECENTER
[20:46:16] TUNE,WAIT_TARGET,Y_RECENTER
[20:46:18] TUNE,WAIT_TARGET,Y_RECENTER
[20:46:18] TUNE,TARGET_REACQUIRED,Y_RECENTER
[20:46:19] TUNE,WAIT_TARGET,Y_RECENTER
[20:46:19] TUNE,TARGET_REACQUIRED,Y_RECENTER
[20:46:19] TUNE,Y,RECENTERED,ERROR,3
[20:46:19] TUNE,Y,TEST,KP,0.320,KD,0.006
[20:46:20] TUNE,Y,RETRY_TARGET_LOST,KP,0.320,KD,0.006
[20:46:20] TUNE,TARGET_REACQUIRED,Y_CANDIDATE
[20:46:20] TUNE,Y,RECENTER
[20:46:21] TUNE,WAIT_TARGET,Y_RECENTER
[20:46:21] TUNE,TARGET_REACQUIRED,Y_RECENTER
[20:46:21] TUNE,WAIT_TARGET,Y_RECENTER
[20:46:23] TUNE,WAIT_TARGET,Y_RECENTER
[20:46:24] TUNE,TARGET_REACQUIRED,Y_RECENTER
[20:46:25] TUNE,Y,RECENTERED,ERROR,2
[20:46:25] TUNE,Y,TEST,KP,0.320,KD,0.006
[20:46:27] TUNE,Y,RETRY_TARGET_LOST,KP,0.320,KD,0.006
[20:46:27] TUNE,WAIT_TARGET,Y_CANDIDATE
[20:46:29] TUNE,TARGET_REACQUIRED,Y_CANDIDATE
[20:46:29] TUNE,Y,RECENTER
[20:46:29] TUNE,WAIT_TARGET,Y_RECENTER
[20:46:29] TUNE,TARGET_REACQUIRED,Y_RECENTER
[20:46:29] TUNE,TARGET_REACQUIRED,Y_RECENTER
[20:46:30] TUNE,TARGET_REACQUIRED,Y_RECENTER
[20:46:30] TUNE,WAIT_TARGET,Y_RECENTER
[20:46:30] TUNE,TARGET_REACQUIRED,Y_RECENTER
[20:46:31] TUNE,Y,RECENTERED,ERROR,3
[20:46:31] TUNE,Y,TEST,KP,0.320,KD,0.006
[20:46:33] TUNE,Y,RETRY_TARGET_LOST,KP,0.320,KD,0.006
[20:46:33] TUNE,WAIT_TARGET,Y_CANDIDATE
[20:46:35] TUNE,WAIT_TARGET,Y_CANDIDATE
[20:46:37] TUNE,TARGET_REACQUIRED,Y_CANDIDATE
[20:46:37] TUNE,Y,RECENTER
[20:46:39] TUNE,Y,RECENTERED,ERROR,-4
[20:46:39] TUNE,Y,TEST,KP,0.320,KD,0.006
[20:46:41] TUNE,Y,RETRY_TARGET_LOST,KP,0.320,KD,0.006
[20:46:41] TUNE,TARGET_REACQUIRED,Y_CANDIDATE
[20:46:41] TUNE,Y,RECENTER
[20:46:41] TUNE,WAIT_TARGET,Y_RECENTER
[20:46:43] TUNE,WAIT_TARGET,Y_RECENTER
[20:46:43] TUNE,TARGET_REACQUIRED,Y_RECENTER
[20:46:44] TUNE,Y,RECENTERED,ERROR,3
[20:46:44] TUNE,Y,TEST,KP,0.320,KD,0.006
[20:46:46] TUNE,Y,RETRY_TARGET_LOST,KP,0.320,KD,0.006
[20:46:46] TUNE,WAIT_TARGET,Y_CANDIDATE
[20:46:46] TUNE,TARGET_REACQUIRED,Y_CANDIDATE
[20:46:46] TUNE,Y,RECENTER
[20:46:46] TUNE,WAIT_TARGET,Y_RECENTER
[20:46:46] TUNE,TARGET_REACQUIRED,Y_RECENTER
[20:46:47] TUNE,WAIT_TARGET,Y_RECENTER
[20:46:47] TUNE,TARGET_REACQUIRED,Y_RECENTER
[20:46:47] TUNE,WAIT_TARGET,Y_RECENTER
[20:46:49] TUNE,WAIT_TARGET,Y_RECENTER
[20:46:50] TUNE,TARGET_REACQUIRED,Y_RECENTER
[20:46:52] TUNE,Y,RECENTERED,ERROR,-4
[20:46:52] TUNE,Y,TEST,KP,0.320,KD,0.006
[20:46:53] TUNE,Y,RETRY_TARGET_LOST,KP,0.320,KD,0.006
[20:46:53] TUNE,TARGET_REACQUIRED,Y_CANDIDATE
[20:46:53] TUNE,Y,RECENTER
[20:46:54] TUNE,Y,RECENTERED,ERROR,1
[20:46:54] TUNE,Y,TEST,KP,0.320,KD,0.006
[20:46:57] TUNE,Y,RESULT,MODE,PD,KP,0.320,KI,0.000,KD,0.006,SCORE,217.704
[20:46:57] TUNE,Y,PD_FINE_SEARCH,KP,0.200,KD,0.008
[20:46:57] TUNE,Y,RECENTER
[20:46:58] TUNE,Y,RECENTERED,ERROR,0
[20:46:58] TUNE,Y,TEST,KP,0.170,KD,0.005
[20:47:00] TUNE,Y,RESULT,MODE,PD,KP,0.170,KI,0.000,KD,0.005,SCORE,121.963
[20:47:00] TUNE,Y,RECENTER
[20:47:01] TUNE,Y,RECENTERED,ERROR,-2
[20:47:01] TUNE,Y,TEST,KP,0.170,KD,0.008
[20:47:03] TUNE,Y,RESULT,MODE,PD,KP,0.170,KI,0.000,KD,0.008,SCORE,110.851
[20:47:03] TUNE,Y,RECENTER
[20:47:03] TUNE,Y,RECENTERED,ERROR,0
[20:47:03] TUNE,Y,TEST,KP,0.170,KD,0.011
[20:47:06] TUNE,Y,RESULT,MODE,PD,KP,0.170,KI,0.000,KD,0.011,SCORE,93.550
[20:47:06] TUNE,Y,RECENTER
[20:47:06] TUNE,Y,RECENTERED,ERROR,2
[20:47:06] TUNE,Y,TEST,KP,0.200,KD,0.005
[20:47:08] TUNE,Y,RESULT,MODE,PD,KP,0.200,KI,0.000,KD,0.005,SCORE,123.891
[20:47:08] TUNE,Y,RECENTER
[20:47:08] TUNE,Y,RECENTERED,ERROR,-1
[20:47:08] TUNE,Y,TEST,KP,0.200,KD,0.011
[20:47:11] TUNE,Y,RESULT,MODE,PD,KP,0.200,KI,0.000,KD,0.011,SCORE,122.731
[20:47:11] TUNE,Y,RECENTER
[20:47:11] TUNE,Y,RECENTERED,ERROR,-3
[20:47:11] TUNE,Y,TEST,KP,0.230,KD,0.005
[20:47:13] TUNE,Y,RESULT,MODE,PD,KP,0.230,KI,0.000,KD,0.005,SCORE,157.567
[20:47:13] TUNE,Y,RECENTER
[20:47:14] TUNE,Y,RECENTERED,ERROR,-1
[20:47:14] TUNE,Y,TEST,KP,0.230,KD,0.008
[20:47:17] TUNE,Y,RESULT,MODE,PD,KP,0.230,KI,0.000,KD,0.008,SCORE,112.778
[20:47:17] TUNE,Y,RECENTER
[20:47:17] TUNE,Y,RECENTERED,ERROR,2
[20:47:17] TUNE,Y,TEST,KP,0.230,KD,0.011
[20:47:19] TUNE,Y,RESULT,MODE,PD,KP,0.230,KI,0.000,KD,0.011,SCORE,106.937
[20:47:19] TUNE,Y,PD_VALIDATE_TOP3
[20:47:19] TUNE,Y,RECENTER
[20:47:19] TUNE,Y,RECENTERED,ERROR,2
[20:47:19] TUNE,Y,TEST,KP,0.200,KD,0.008
[20:47:22] TUNE,Y,RESULT,MODE,PD,KP,0.200,KI,0.000,KD,0.008,SCORE,95.236
[20:47:22] TUNE,Y,RECENTER
[20:47:22] TUNE,Y,RECENTERED,ERROR,3
[20:47:22] TUNE,Y,TEST,KP,0.170,KD,0.011
[20:47:24] TUNE,Y,RESULT,MODE,PD,KP,0.170,KI,0.000,KD,0.011,SCORE,110.783
[20:47:24] TUNE,Y,RECENTER
[20:47:25] TUNE,Y,RECENTERED,ERROR,-3
[20:47:25] TUNE,Y,TEST,KP,0.120,KD,0.003
[20:47:27] TUNE,Y,RESULT,MODE,PD,KP,0.120,KI,0.000,KD,0.003,SCORE,84.454
[20:47:27] TUNE,Y,PID_GRID_SEARCH,PD_BASES,3,KI_COUNT,6
[20:47:27] TUNE,Y,RECENTER
[20:47:27] TUNE,Y,RECENTERED,ERROR,2
[20:47:27] TUNE,Y,PID_TEST,KP,0.120,KI,0.000,KD,0.003
[20:47:31] TUNE,Y,RESULT,MODE,PID,KP,0.120,KI,0.000,KD,0.003,SCORE,43.008
[20:47:31] TUNE,Y,RECENTER
[20:47:31] TUNE,Y,RECENTERED,ERROR,-2
[20:47:31] TUNE,Y,PID_TEST,KP,0.120,KI,0.100,KD,0.003
[20:47:36] TUNE,Y,RESULT,MODE,PID,KP,0.120,KI,0.100,KD,0.003,SCORE,47.360
[20:47:36] TUNE,Y,RECENTER
[20:47:36] TUNE,Y,RECENTERED,ERROR,-2
[20:47:36] TUNE,Y,PID_TEST,KP,0.120,KI,0.180,KD,0.003
[20:47:40] TUNE,Y,RESULT,MODE,PID,KP,0.120,KI,0.180,KD,0.003,SCORE,40.569
[20:47:40] TUNE,Y,RECENTER
[20:47:40] TUNE,Y,RECENTERED,ERROR,-1
[20:47:40] TUNE,Y,PID_TEST,KP,0.120,KI,0.250,KD,0.003
[20:47:45] TUNE,Y,RESULT,MODE,PID,KP,0.120,KI,0.250,KD,0.003,SCORE,40.836
[20:47:45] TUNE,Y,RECENTER
[20:47:45] TUNE,Y,RECENTERED,ERROR,-1
[20:47:45] TUNE,Y,PID_TEST,KP,0.120,KI,0.350,KD,0.003
[20:47:49] TUNE,Y,RESULT,MODE,PID,KP,0.120,KI,0.350,KD,0.003,SCORE,40.205
[20:47:49] TUNE,Y,RECENTER
[20:47:49] TUNE,Y,RECENTERED,ERROR,1
[20:47:49] TUNE,Y,PID_TEST,KP,0.120,KI,0.480,KD,0.003
[20:47:53] TUNE,Y,RESULT,MODE,PID,KP,0.120,KI,0.480,KD,0.003,SCORE,55.536
[20:47:53] TUNE,Y,RECENTER
[20:47:54] TUNE,Y,RECENTERED,ERROR,3
[20:47:54] TUNE,Y,PID_TEST,KP,0.200,KI,0.000,KD,0.008
[20:47:58] TUNE,Y,RESULT,MODE,PID,KP,0.200,KI,0.000,KD,0.008,SCORE,43.149
[20:47:58] TUNE,Y,RECENTER
[20:47:58] TUNE,Y,RECENTERED,ERROR,-1
[20:47:58] TUNE,Y,PID_TEST,KP,0.200,KI,0.100,KD,0.008
[20:48:02] TUNE,Y,RESULT,MODE,PID,KP,0.200,KI,0.100,KD,0.008,SCORE,44.849
[20:48:02] TUNE,Y,RECENTER
[20:48:02] TUNE,Y,RECENTERED,ERROR,1
[20:48:02] TUNE,Y,PID_TEST,KP,0.200,KI,0.180,KD,0.008
[20:48:07] TUNE,Y,RESULT,MODE,PID,KP,0.200,KI,0.180,KD,0.008,SCORE,52.728
[20:48:07] TUNE,Y,RECENTER
[20:48:07] TUNE,Y,RECENTERED,ERROR,-1
[20:48:07] TUNE,Y,PID_TEST,KP,0.200,KI,0.250,KD,0.008
[20:48:11] TUNE,Y,RESULT,MODE,PID,KP,0.200,KI,0.250,KD,0.008,SCORE,58.490
[20:48:11] TUNE,Y,RECENTER
[20:48:11] TUNE,Y,RECENTERED,ERROR,0
[20:48:11] TUNE,Y,PID_TEST,KP,0.200,KI,0.350,KD,0.008
[20:48:16] TUNE,Y,RESULT,MODE,PID,KP,0.200,KI,0.350,KD,0.008,SCORE,47.153
[20:48:16] TUNE,Y,RECENTER
[20:48:16] TUNE,Y,RECENTERED,ERROR,1
[20:48:16] TUNE,Y,PID_TEST,KP,0.200,KI,0.480,KD,0.008
[20:48:17] TUNE,Y,PID_RETRY_TARGET_LOST,KP,0.200,KI,0.480,KD,0.008
[20:48:17] TUNE,WAIT_TARGET,Y_PID_CANDIDATE
[20:48:19] TUNE,WAIT_TARGET,Y_PID_CANDIDATE
[20:48:20] TUNE,TARGET_REACQUIRED,Y_PID_CANDIDATE
[20:48:20] TUNE,Y,RECENTER
[20:48:21] TUNE,Y,RECENTERED,ERROR,-1
[20:48:21] TUNE,Y,PID_TEST,KP,0.200,KI,0.480,KD,0.008
[20:48:25] TUNE,Y,RESULT,MODE,PID,KP,0.200,KI,0.480,KD,0.008,SCORE,45.824
[20:48:25] TUNE,Y,RECENTER
[20:48:25] TUNE,Y,RECENTERED,ERROR,3
[20:48:25] TUNE,Y,PID_TEST,KP,0.170,KI,0.000,KD,0.011
[20:48:30] TUNE,Y,RESULT,MODE,PID,KP,0.170,KI,0.000,KD,0.011,SCORE,42.831
[20:48:30] TUNE,Y,RECENTER
[20:48:30] TUNE,Y,RECENTERED,ERROR,2
[20:48:30] TUNE,Y,PID_TEST,KP,0.170,KI,0.100,KD,0.011
[20:48:34] TUNE,Y,RESULT,MODE,PID,KP,0.170,KI,0.100,KD,0.011,SCORE,40.563
[20:48:34] TUNE,Y,RECENTER
[20:48:34] TUNE,Y,RECENTERED,ERROR,-2
[20:48:34] TUNE,Y,PID_TEST,KP,0.170,KI,0.180,KD,0.011
[20:48:38] TUNE,Y,RESULT,MODE,PID,KP,0.170,KI,0.180,KD,0.011,SCORE,41.096
[20:48:38] TUNE,Y,RECENTER
[20:48:39] TUNE,Y,RECENTERED,ERROR,1
[20:48:39] TUNE,Y,PID_TEST,KP,0.170,KI,0.250,KD,0.011
[20:48:43] TUNE,Y,RESULT,MODE,PID,KP,0.170,KI,0.250,KD,0.011,SCORE,42.404
[20:48:43] TUNE,Y,RECENTER
[20:48:43] TUNE,Y,RECENTERED,ERROR,-1
[20:48:43] TUNE,Y,PID_TEST,KP,0.170,KI,0.350,KD,0.011
[20:48:47] TUNE,Y,RESULT,MODE,PID,KP,0.170,KI,0.350,KD,0.011,SCORE,45.321
[20:48:47] TUNE,Y,RECENTER
[20:48:47] TUNE,Y,RECENTERED,ERROR,-2
[20:48:47] TUNE,Y,PID_TEST,KP,0.170,KI,0.480,KD,0.011
[20:48:52] TUNE,Y,RESULT,MODE,PID,KP,0.170,KI,0.480,KD,0.011,SCORE,43.296
[20:48:52] TUNE,Y,PID_JOINT_SEARCH,KP,0.120,KI,0.350,KD,0.003
[20:48:52] TUNE,Y,RECENTER
[20:48:52] TUNE,Y,RECENTERED,ERROR,1
[20:48:52] TUNE,Y,PID_TEST,KP,0.090,KI,0.350,KD,0.003
[20:48:56] TUNE,Y,RESULT,MODE,PID,KP,0.090,KI,0.350,KD,0.003,SCORE,42.046
[20:48:56] TUNE,Y,RECENTER
[20:48:56] TUNE,Y,RECENTERED,ERROR,2
[20:48:56] TUNE,Y,PID_TEST,KP,0.150,KI,0.350,KD,0.003
[20:49:00] TUNE,Y,RESULT,MODE,PID,KP,0.150,KI,0.350,KD,0.003,SCORE,46.181
[20:49:00] TUNE,Y,RECENTER
[20:49:01] TUNE,Y,RECENTERED,ERROR,0
[20:49:01] TUNE,Y,PID_TEST,KP,0.120,KI,0.350,KD,0.000
[20:49:05] TUNE,Y,RESULT,MODE,PID,KP,0.120,KI,0.350,KD,0.000,SCORE,44.611
[20:49:05] TUNE,Y,RECENTER
[20:49:05] TUNE,Y,RECENTERED,ERROR,2
[20:49:05] TUNE,Y,PID_TEST,KP,0.120,KI,0.350,KD,0.006
[20:49:09] TUNE,Y,RESULT,MODE,PID,KP,0.120,KI,0.350,KD,0.006,SCORE,41.445
[20:49:09] TUNE,Y,RECENTER
[20:49:09] TUNE,Y,RECENTERED,ERROR,-1
[20:49:09] TUNE,Y,PID_TEST,KP,0.120,KI,0.290,KD,0.003
[20:49:14] TUNE,Y,RESULT,MODE,PID,KP,0.120,KI,0.290,KD,0.003,SCORE,41.747
[20:49:14] TUNE,Y,RECENTER
[20:49:14] TUNE,Y,RECENTERED,ERROR,2
[20:49:14] TUNE,Y,PID_TEST,KP,0.120,KI,0.410,KD,0.003
[20:49:18] TUNE,Y,RESULT,MODE,PID,KP,0.120,KI,0.410,KD,0.003,SCORE,47.307
[20:49:18] TUNE,Y,RECENTER
[20:49:18] TUNE,Y,RECENTERED,ERROR,-1
[20:49:18] TUNE,Y,PID_TEST,KP,0.090,KI,0.290,KD,0.003
[20:49:22] TUNE,Y,RESULT,MODE,PID,KP,0.090,KI,0.290,KD,0.003,SCORE,44.663
[20:49:23] TUNE,Y,RECENTER
[20:49:23] TUNE,Y,RECENTERED,ERROR,3
[20:49:23] TUNE,Y,PID_TEST,KP,0.090,KI,0.410,KD,0.003
[20:49:27] TUNE,Y,RESULT,MODE,PID,KP,0.090,KI,0.410,KD,0.003,SCORE,61.252
[20:49:27] TUNE,Y,RECENTER
[20:49:27] TUNE,Y,RECENTERED,ERROR,-2
[20:49:27] TUNE,Y,PID_TEST,KP,0.150,KI,0.290,KD,0.003
[20:49:31] TUNE,Y,RESULT,MODE,PID,KP,0.150,KI,0.290,KD,0.003,SCORE,44.478
[20:49:31] TUNE,Y,RECENTER
[20:49:32] TUNE,Y,RECENTERED,ERROR,-2
[20:49:32] TUNE,Y,PID_TEST,KP,0.150,KI,0.410,KD,0.003
[20:49:36] TUNE,Y,RESULT,MODE,PID,KP,0.150,KI,0.410,KD,0.003,SCORE,43.728
[20:49:36] TUNE,Y,PID_VALIDATE_TOP3
[20:49:36] TUNE,Y,RECENTER
[20:49:36] TUNE,Y,RECENTERED,ERROR,-1
[20:49:36] TUNE,Y,PID_TEST,KP,0.120,KI,0.350,KD,0.003
[20:49:40] TUNE,Y,RESULT,MODE,PID,KP,0.120,KI,0.350,KD,0.003,SCORE,46.379
[20:49:40] TUNE,Y,RECENTER
[20:49:40] TUNE,Y,RECENTERED,ERROR,0
[20:49:40] TUNE,Y,PID_TEST,KP,0.170,KI,0.100,KD,0.011
[20:49:45] TUNE,Y,RESULT,MODE,PID,KP,0.170,KI,0.100,KD,0.011,SCORE,38.022
[20:49:45] TUNE,Y,RECENTER
[20:49:45] TUNE,Y,RECENTERED,ERROR,1
[20:49:45] TUNE,Y,PID_TEST,KP,0.120,KI,0.180,KD,0.003
[20:49:49] TUNE,Y,RESULT,MODE,PID,KP,0.120,KI,0.180,KD,0.003,SCORE,41.908
[20:49:49] TUNE,Y,RECENTER
[20:49:49] TUNE,Y,RECENTERED,ERROR,-2
[20:49:49] TUNE,Y,COMPLETE,KP,0.170,KI,0.100,KD,0.011,SCORE,38.912
[20:49:49] TUNE,XY,FINAL_RECENTER
[20:49:50] TUNE,XY,RECENTERED,XERR,1,YERR,-2
[20:49:50] OK,TRACK_ON
[20:49:50] AUTOTUNE_COMPLETE,XKP,0.130,XKI,0.100,XKD,0.006,XPOL,1,XSCORE,33.886,YKP,0.170,YKI,0.100,YKD,0.011,YPOL,1,YSCORE,38.912
[20:49:50] 最佳参数已保存：F:\k230gc\pidtest\host\logs\20260706_204205\best_params.json
[20:49:50] 旧冠军使用旧评分体系；本轮已建立首个完整PID冠军
[20:50:53] FATAL,IDE interrupt
