2026-07-17T11:05:37.109 TX HELLO 1048411122
2026-07-17T11:05:37.243 RX HELLO,1048411122,2,STBY,HIGH,ENCODER_MM_X1000,580,SAMPLE_MS,10
2026-07-17T11:05:37.243 TX STOP
2026-07-17T11:05:37.368 RX OK STOP
2026-07-17T11:05:37.368 TX PARAM
2026-07-17T11:05:37.519 RX PARAM,x1000,PROFILE,1,FLASHVER,3,GUARDVER,9,LKP,350,LKI,100,RKP,500,RKI,350,LFF,460,RFF,437,LMIN,32,RMIN,26,SYNC,500,BIAS,80,GSTART,10,LINEKP,3000,LINEKD,800,TURNANGLE,900,TURNFAST,150,TURNSLOW,100,TURNMARGIN,300,TURNEXIT,100,TURNDIST,98
2026-07-17T11:05:37.519 TX STATUS
2026-07-17T11:05:37.653 RX STATUS,33896,IDLE,0,0,0,0,0,0,SAFE,SELECTED_LAPS,1,STBY,HIGH
2026-07-17T11:05:37.653 TX SENSOR
2026-07-17T11:05:37.790 RX SENSOR,OK,24,0,93,0,24
2026-07-17T11:05:37.791 TX SENSOR
2026-07-17T11:05:37.929 RX SENSOR,OK,24,0,93,0,24
2026-07-17T11:05:37.929 TX SENSOR
2026-07-17T11:05:38.065 RX SENSOR,OK,24,0,93,0,24
2026-07-17T11:05:38.065 TX SENSOR
2026-07-17T11:05:38.192 RX SENSOR,OK,24,0,93,0,24
2026-07-17T11:05:38.192 TX SENSOR
2026-07-17T11:05:38.319 RX SENSOR,OK,24,0,93,0,24
2026-07-17T11:05:38.319 TX IMU
2026-07-17T11:05:38.453 RX IMU,OK,-873,2816,49,VER,1,1,0,0
2026-07-17T11:05:38.453 TX STREAM TUNE
2026-07-17T11:05:38.583 RX OK STREAM TUNE
2026-07-17T11:05:38.584 TX SQUARE 120 3 1048411123
2026-07-17T11:05:38.757 RX TEST START,SQUARE,120,3
2026-07-17T11:05:38.757 RX SQ,1048411123,OK
2026-07-17T11:05:38.757 RX LT,20,0,0,0,0,0,24,1,0,0,0,0
2026-07-17T11:05:38.757 RX LT,40,0,0,0,0,0,24,1,0,0,0,0
2026-07-17T11:05:38.757 RX LT,60,0,0,0,0,0,24,1,0,0,0,0
2026-07-17T11:05:38.757 RX LT,80,0,0,0,0,0,24,1,0,0,0,0
2026-07-17T11:05:38.758 RX LT,100,0,0,0,0,0,24,1,0,0,0,0
2026-07-17T11:05:38.758 RX LT,120,0,0,0,0,0,24,1,0,0,0,0
2026-07-17T11:05:38.758 RX LT,140,0,0,0,0,0,24,1,0,0,0,0
2026-07-17T11:05:38.947 RX LT,160,0,0,0,0,0,24,1,0,0,0,0
2026-07-17T11:05:38.947 RX LT,180,0,0,0,0,0,24,1,0,0,0,0
2026-07-17T11:05:38.947 RX LT,200,0,0,0,0,0,24,1,0,0,0,0
2026-07-17T11:05:38.947 RX LT,220,0,0,0,0,0,24,1,-1,0,0,0
2026-07-17T11:05:38.947 RX LT,240,0,0,0,0,0,24,1,-1,0,0,0
2026-07-17T11:05:38.947 RX LT,260,0,0,0,0,0,24,1,-1,0,0,0
2026-07-17T11:05:38.947 RX LT,280,0,0,0,0,0,24,1,-1,0,0,0
2026-07-17T11:05:38.947 RX LT,300,0,0,0,0,0,24,1,0,0,0,0
2026-07-17T11:05:39.092 RX LT,320,0,0,0,0,0,24,1,0,0,0,0
2026-07-17T11:05:39.092 RX LT,340,40,40,0,0,0,24,1,0,0,0,0
2026-07-17T11:05:39.092 RX LT,360,43,43,0,10,0,24,1,0,0,0,0
2026-07-17T11:05:39.092 RX LT,380,45,45,0,0,0,24,1,0,0,0,0
2026-07-17T11:05:39.092 RX LT,400,47,47,10,10,0,24,1,0,0,0,0
2026-07-17T11:05:39.092 RX LT,420,50,50,0,0,0,24,1,1,0,0,0
2026-07-17T11:05:39.092 RX LT,440,52,52,0,43,0,24,1,1,0,0,0
2026-07-17T11:05:39.260 RX LT,460,55,55,0,2,0,24,1,2,0,0,0
2026-07-17T11:05:39.260 RX LT,480,57,57,0,0,0,24,1,3,0,0,0
2026-07-17T11:05:39.260 RX LT,500,59,59,0,0,0,24,1,3,0,0,0
2026-07-17T11:05:39.260 RX LT,520,62,62,0,0,0,24,1,3,0,0,0
2026-07-17T11:05:39.260 RX LT,540,64,64,0,0,0,24,1,3,0,0,0
2026-07-17T11:05:39.260 RX LT,560,67,67,0,0,0,24,1,3,0,0,0
2026-07-17T11:05:39.260 RX LT,580,69,69,0,0,0,24,1,3,0,0,0
2026-07-17T11:05:39.260 RX LT,600,71,71,0,0,0,24,1,4,0,0,0
2026-07-17T11:05:39.427 RX LT,620,74,74,0,0,0,24,1,4,0,0,0
2026-07-17T11:05:39.427 RX LT,640,76,76,0,0,0,24,1,4,0,0,0
2026-07-17T11:05:39.427 RX LT,660,79,79,0,0,0,24,1,4,0,0,0
2026-07-17T11:05:39.427 RX LT,680,81,81,0,0,0,24,1,4,0,0,0
2026-07-17T11:05:39.427 RX LT,700,83,83,0,0,0,24,1,4,0,0,0
2026-07-17T11:05:39.427 RX LT,720,86,86,0,0,0,24,1,4,0,0,0
2026-07-17T11:05:39.427 RX LT,740,88,88,0,0,0,24,1,5,0,0,0
2026-07-17T11:05:39.427 RX LT,760,91,91,0,0,0,24,1,5,0,0,0
2026-07-17T11:05:39.574 RX LT,780,93,93,0,10,0,24,1,5,0,0,0
2026-07-17T11:05:39.574 RX LT,800,95,95,43,0,0,24,1,5,0,0,0
2026-07-17T11:05:39.574 RX LT,820,98,98,2,0,0,24,1,5,0,0,0
2026-07-17T11:05:39.574 RX LT,840,100,100,0,43,0,24,1,6,0,0,0
2026-07-17T11:05:39.574 RX LT,860,103,103,43,2,0,24,1,6,0,0,0
2026-07-17T11:05:39.574 RX LT,880,105,105,2,43,0,24,1,7,0,0,0
2026-07-17T11:05:39.574 RX LT,900,107,107,0,2,0,24,1,7,0,0,0
2026-07-17T11:05:39.721 RX LT,920,110,110,43,43,0,24,1,8,0,0,0
2026-07-17T11:05:39.721 RX LT,940,112,112,2,2,0,24,1,9,0,0,0
2026-07-17T11:05:39.721 RX LT,960,115,115,0,11,0,24,1,10,0,0,0
2026-07-17T11:05:39.721 RX LT,980,117,117,10,44,0,24,1,10,0,0,0
2026-07-17T11:05:39.721 RX LT,1000,119,119,44,46,0,24,1,11,0,0,0
2026-07-17T11:05:39.721 RX LT,1020,120,120,2,46,0,24,1,12,0,0,0
2026-07-17T11:05:39.721 RX LT,1040,120,120,11,46,0,24,1,13,0,0,0
2026-07-17T11:05:39.847 RX LT,1060,120,120,44,46,0,24,1,14,0,0,0
2026-07-17T11:05:39.847 RX LT,1080,120,120,46,13,0,24,1,15,0,0,0
2026-07-17T11:05:39.847 RX LT,1100,120,120,46,55,0,24,1,16,0,0,0
2026-07-17T11:05:39.847 RX LT,1120,120,120,57,57,0,24,1,16,0,0,0
2026-07-17T11:05:39.847 RX LT,1140,120,120,47,47,0,24,1,16,0,0,0
2026-07-17T11:05:39.847 RX LT,1160,120,120,57,57,0,24,1,16,0,0,0
2026-07-17T11:05:39.992 RX LT,1180,120,120,57,57,0,24,1,16,0,0,0
2026-07-17T11:05:39.992 RX LT,1200,120,120,57,47,0,24,1,15,0,0,0
2026-07-17T11:05:39.992 RX LT,1220,120,120,57,57,0,24,1,14,0,0,0
2026-07-17T11:05:39.992 RX LT,1240,120,120,101,57,0,24,1,13,0,0,0
2026-07-17T11:05:39.992 RX LT,1260,120,120,60,57,0,24,1,12,0,0,0
2026-07-17T11:05:39.992 RX LT,1280,120,120,101,101,0,24,1,11,0,0,0
2026-07-17T11:05:39.992 RX LT,1300,120,120,60,60,0,24,1,11,0,0,0
2026-07-17T11:05:40.119 RX LT,1320,120,120,101,101,0,24,1,11,0,0,0
2026-07-17T11:05:40.119 RX LT,1340,120,120,104,104,0,24,1,11,0,0,0
2026-07-17T11:05:40.119 RX LT,1360,120,120,60,104,0,24,1,11,0,0,0
2026-07-17T11:05:40.119 RX LT,1380,120,120,69,104,0,24,1,11,0,0,0
2026-07-17T11:05:40.119 RX LT,1400,120,120,69,104,0,24,1,11,0,0,0
2026-07-17T11:05:40.119 RX LT,1420,120,120,69,104,0,24,1,12,0,0,0
2026-07-17T11:05:40.268 RX LT,1440,120,120,102,104,0,24,1,13,0,0,0
2026-07-17T11:05:40.268 RX LT,1460,120,120,104,115,0,24,1,14,0,0,0
2026-07-17T11:05:40.268 RX LT,1480,120,120,60,105,2,16,1,16,0,0,0
2026-07-17T11:05:40.268 RX LT,1500,120,120,69,71,2,16,1,17,0,0,0
2026-07-17T11:05:40.268 RX LT,1520,120,120,69,113,2,16,1,18,0,0,0
2026-07-17T11:05:40.268 RX LT,1540,120,120,69,115,2,16,1,20,0,0,0
2026-07-17T11:05:40.268 RX LT,1560,120,120,113,105,2,16,1,21,0,0,0
2026-07-17T11:05:40.392 RX LT,1580,120,120,104,115,2,16,1,22,0,0,0
2026-07-17T11:05:40.392 RX LT,1600,120,120,104,115,2,16,1,23,0,0,0
2026-07-17T11:05:40.392 RX LT,1620,120,120,71,115,2,16,1,25,0,0,0
2026-07-17T11:05:40.392 RX LT,1640,120,120,69,115,2,16,1,27,0,0,0
2026-07-17T11:05:40.392 RX LT,1660,120,120,69,115,2,16,1,29,0,0,0
2026-07-17T11:05:40.392 RX LT,1680,120,120,69,115,2,16,1,30,0,0,0
2026-07-17T11:05:40.518 RX LT,1700,120,120,113,115,2,16,1,33,0,0,0
2026-07-17T11:05:40.518 RX LT,1720,120,120,104,115,2,16,1,34,0,0,0
2026-07-17T11:05:40.518 RX LT,1740,120,120,104,115,2,16,1,36,0,0,0
2026-07-17T11:05:40.518 RX LT,1760,120,120,104,72,2,16,1,38,0,0,0
2026-07-17T11:05:40.518 RX LT,1780,120,120,104,113,2,16,1,39,0,0,0
2026-07-17T11:05:40.518 RX LT,1800,128,96,104,115,6,48,1,42,0,0,0
2026-07-17T11:05:40.664 RX LT,1820,130,94,104,115,6,48,1,44,0,0,0
2026-07-17T11:05:40.665 RX LT,1840,130,94,104,115,6,48,1,46,0,0,0
2026-07-17T11:05:40.665 RX LT,1860,130,94,104,115,6,48,1,47,0,0,0
2026-07-17T11:05:40.665 RX LT,1880,130,94,104,115,6,48,1,48,0,0,0
2026-07-17T11:05:40.665 RX LT,1900,130,94,104,72,6,48,1,49,0,0,0
2026-07-17T11:05:40.665 RX LT,1920,130,94,104,113,6,48,1,50,0,0,0
2026-07-17T11:05:40.665 RX LT,1940,130,94,104,115,6,48,1,52,0,0,0
2026-07-17T11:05:40.790 RX LT,1960,130,94,60,105,6,48,1,53,0,0,0
2026-07-17T11:05:40.790 RX LT,1980,130,94,69,115,6,48,1,54,0,0,0
2026-07-17T11:05:40.790 RX LT,2000,130,94,69,115,6,48,1,55,0,0,0
2026-07-17T11:05:40.790 RX LT,2020,130,94,102,105,6,48,1,57,0,0,0
2026-07-17T11:05:40.790 RX LT,2040,130,94,60,115,6,48,1,58,0,0,0
2026-07-17T11:05:40.790 RX LT,2060,130,94,69,105,6,48,1,59,0,0,0
2026-07-17T11:05:40.937 RX LT,2080,130,94,69,115,6,48,1,60,0,0,0
2026-07-17T11:05:40.937 RX LT,2100,130,94,102,105,6,48,1,61,0,0,0
2026-07-17T11:05:40.938 RX LT,2120,130,94,104,115,6,48,1,62,0,0,0
2026-07-17T11:05:40.938 RX LT,2140,130,94,60,105,6,48,1,63,0,0,0
2026-07-17T11:05:40.938 RX LT,2160,130,94,69,71,6,48,1,64,0,0,0
2026-07-17T11:05:40.938 RX LT,2180,130,94,102,113,6,48,1,65,0,0,0
2026-07-17T11:05:40.938 RX LT,2200,130,94,104,72,6,48,1,66,0,0,0
2026-07-17T11:05:41.064 RX LT,2220,130,94,60,113,6,48,1,67,0,0,0
2026-07-17T11:05:41.064 RX LT,2240,130,94,112,115,6,48,1,68,0,0,0
2026-07-17T11:05:41.064 RX LT,2260,130,94,115,115,6,48,1,69,0,0,0
2026-07-17T11:05:41.064 RX LT,2280,130,94,61,115,6,48,1,70,0,0,0
2026-07-17T11:05:41.064 RX LT,2300,130,94,69,115,6,48,1,71,0,0,0
2026-07-17T11:05:41.064 RX LT,2320,125,59,113,115,11,32,1,72,0,0,0
2026-07-17T11:05:41.209 RX LT,2340,125,59,104,115,11,32,1,73,0,0,0
2026-07-17T11:05:41.209 RX LT,2360,125,59,104,105,11,32,1,73,0,0,0
2026-07-17T11:05:41.209 RX LT,2380,125,59,104,60,11,32,1,74,0,0,0
2026-07-17T11:05:41.209 RX LT,2400,125,59,104,112,11,32,1,74,0,0,0
2026-07-17T11:05:41.209 RX LT,2420,125,59,60,104,11,32,1,75,0,0,0
2026-07-17T11:05:41.209 RX LT,2440,125,59,101,104,11,32,1,75,0,0,0
2026-07-17T11:05:41.209 RX LT,2460,125,59,60,104,11,32,1,75,0,0,0
2026-07-17T11:05:41.337 RX LT,2480,125,59,69,104,11,32,1,75,0,0,0
2026-07-17T11:05:41.338 RX LT,2500,125,59,58,104,11,32,1,75,0,0,0
2026-07-17T11:05:41.338 RX LT,2520,125,59,68,104,11,32,1,75,0,0,0
2026-07-17T11:05:41.338 RX LT,2540,128,32,58,104,23,96,1,75,0,0,0
2026-07-17T11:05:41.338 RX LT,2560,140,20,58,60,23,96,1,75,0,0,0
2026-07-17T11:05:41.338 RX LT,2580,140,20,68,58,23,96,1,75,0,0,0
2026-07-17T11:05:41.482 RX LT,2600,140,20,58,58,23,96,1,74,0,0,0
2026-07-17T11:05:41.482 RX LT,2620,140,20,58,47,23,96,1,73,0,0,0
2026-07-17T11:05:41.483 RX LT,2640,140,20,101,57,23,96,1,72,0,0,0
2026-07-17T11:05:41.483 RX LT,2660,140,20,60,57,23,96,1,70,0,0,0
2026-07-17T11:05:41.483 RX LT,2680,140,20,58,57,23,96,1,67,0,0,0
2026-07-17T11:05:41.483 RX LT,2700,140,20,58,47,23,96,1,65,0,0,0
2026-07-17T11:05:41.483 RX LT,2720,140,20,58,13,23,96,1,63,0,0,0
2026-07-17T11:05:41.623 RX LT,2740,140,20,58,55,23,96,1,61,0,0,0
2026-07-17T11:05:41.623 RX LT,2760,140,20,58,14,23,96,1,59,0,0,0
2026-07-17T11:05:41.623 RX LT,2780,140,20,58,55,23,96,1,57,0,0,0
2026-07-17T11:05:41.623 RX LT,2800,140,20,68,46,23,96,1,52,0,0,0
2026-07-17T11:05:41.623 RX LT,2820,140,20,58,46,23,96,1,48,0,0,0
2026-07-17T11:05:41.623 RX LT,2840,140,20,58,46,23,96,1,44,0,0,0
2026-07-17T11:05:41.754 RX LT,2860,140,20,68,46,23,96,1,41,0,0,0
2026-07-17T11:05:41.754 RX LT,2880,140,20,58,13,23,96,1,37,0,0,0
2026-07-17T11:05:41.754 RX LT,2900,140,20,68,11,23,96,1,34,0,0,0
2026-07-17T11:05:41.754 RX LT,2920,140,20,58,55,23,96,1,30,0,0,0
2026-07-17T11:05:41.754 RX LT,2940,140,20,68,46,23,96,1,27,0,0,0
2026-07-17T11:05:41.754 RX LT,2960,140,20,102,46,23,96,1,24,0,0,0
2026-07-17T11:05:41.754 RX LT,2980,140,20,104,13,23,96,1,21,0,0,0
2026-07-17T11:05:41.880 RX LT,3000,146,38,60,55,11,32,1,17,0,0,0
2026-07-17T11:05:41.880 RX LT,3020,124,60,69,46,11,32,1,12,0,0,0
2026-07-17T11:05:41.880 RX LT,3040,125,59,69,13,11,32,1,9,0,0,0
2026-07-17T11:05:41.880 RX LT,3060,125,59,69,55,11,32,1,5,0,0,0
2026-07-17T11:05:41.880 RX LT,3080,125,59,69,14,11,32,1,2,0,0,0
2026-07-17T11:05:41.880 RX LT,3100,125,59,69,55,11,32,1,-1,0,0,0
2026-07-17T11:05:42.027 RX LT,3120,125,59,69,57,11,32,1,-4,0,0,0
2026-07-17T11:05:42.027 RX LT,3140,125,59,69,14,11,32,1,-7,0,0,0
2026-07-17T11:05:42.027 RX LT,3160,125,59,69,55,11,32,1,-9,0,0,0
2026-07-17T11:05:42.027 RX LT,3180,125,59,69,57,11,32,1,-12,0,0,0
2026-07-17T11:05:42.027 RX LT,3200,125,59,69,14,11,32,1,-13,0,0,0
2026-07-17T11:05:42.027 RX LT,3220,125,59,69,55,11,32,1,-16,0,0,0
2026-07-17T11:05:42.027 RX LT,3240,125,59,69,57,11,32,1,-19,0,0,0
2026-07-17T11:05:42.154 RX LT,3260,125,59,69,57,11,32,1,-22,0,0,0
2026-07-17T11:05:42.154 RX LT,3280,125,59,113,47,11,32,1,-24,0,0,0
2026-07-17T11:05:42.154 RX LT,3300,125,59,104,57,11,32,1,-26,0,0,0
2026-07-17T11:05:42.154 RX LT,3320,125,59,104,57,11,32,1,-29,0,0,0
2026-07-17T11:05:42.154 RX LT,3340,125,59,60,47,11,32,1,-30,0,0,0
2026-07-17T11:05:42.154 RX LT,3360,125,59,69,57,11,32,1,-32,0,0,0
2026-07-17T11:05:42.279 RX LT,3380,125,59,102,14,11,32,1,-34,0,0,0
2026-07-17T11:05:42.280 RX LT,3400,125,59,60,55,11,32,1,-35,0,0,0
2026-07-17T11:05:42.280 RX LT,3420,125,59,69,14,11,32,1,-37,0,0,0
2026-07-17T11:05:42.280 RX LT,3440,137,87,69,55,6,48,1,-39,0,0,0
2026-07-17T11:05:42.280 RX LT,3460,130,94,69,57,6,48,1,-46,0,0,0
2026-07-17T11:05:42.280 RX LT,3480,130,94,69,57,6,48,1,-44,0,0,0
2026-07-17T11:05:42.280 RX LT,3500,130,94,69,47,6,48,1,-45,0,0,0
2026-07-17T11:05:42.425 RX LT,3520,130,94,69,100,6,48,1,-46,0,0,0
2026-07-17T11:05:42.425 RX LT,3540,130,94,69,60,6,48,1,-47,0,0,0
2026-07-17T11:05:42.425 RX LT,3560,130,94,69,58,6,48,1,-49,0,0,0
2026-07-17T11:05:42.425 RX LT,3580,130,94,113,58,6,48,1,-50,0,0,0
2026-07-17T11:05:42.425 RX LT,3600,130,94,104,58,6,48,1,-52,0,0,0
2026-07-17T11:05:42.425 RX LT,3620,130,94,115,90,6,48,1,-54,0,0,0
2026-07-17T11:05:42.553 RX LT,3640,130,94,105,92,6,48,1,-56,0,0,0
2026-07-17T11:05:42.553 RX LT,3660,130,94,115,60,6,48,1,-58,0,0,0
2026-07-17T11:05:42.553 RX LT,3680,130,94,105,58,6,48,1,-60,0,0,0
2026-07-17T11:05:42.553 RX LT,3700,130,94,71,58,6,48,1,-62,0,0,0
2026-07-17T11:05:42.553 RX LT,3720,130,94,113,58,6,48,1,-64,0,0,0
2026-07-17T11:05:42.553 RX LT,3740,130,94,115,58,6,48,1,-66,0,0,0
2026-07-17T11:05:42.698 RX LT,3760,130,94,115,68,6,48,1,-69,0,0,0
2026-07-17T11:05:42.698 RX LT,3780,130,94,115,58,6,48,1,-71,0,0,0
2026-07-17T11:05:42.699 RX LT,3800,130,94,115,58,6,48,1,-74,0,0,0
2026-07-17T11:05:42.699 RX LT,3820,130,94,115,58,6,48,1,-77,0,0,0
2026-07-17T11:05:42.699 RX LT,3840,130,94,115,68,6,48,1,-79,0,0,0
2026-07-17T11:05:42.699 RX LT,3860,130,94,115,58,6,48,1,-81,0,0,0
2026-07-17T11:05:42.699 RX LT,3880,130,94,115,101,6,48,1,-84,0,0,0
2026-07-17T11:05:42.823 RX LT,3900,130,94,72,60,6,48,1,-88,0,0,0
2026-07-17T11:05:42.823 RX LT,3920,128,112,124,58,2,16,1,-90,0,0,0
2026-07-17T11:05:42.823 RX LT,3940,120,120,116,68,2,16,1,-92,0,0,0
2026-07-17T11:05:42.823 RX LT,3960,120,120,116,58,2,16,1,-94,0,0,0
2026-07-17T11:05:42.823 RX LT,3980,120,120,116,68,2,16,1,-95,0,0,0
2026-07-17T11:05:42.823 RX LT,4000,120,120,116,58,2,16,1,-97,0,0,0
2026-07-17T11:05:42.949 RX LT,4020,120,120,116,68,2,16,1,-99,0,0,0
2026-07-17T11:05:42.949 RX LT,4040,120,120,116,69,2,16,1,-100,0,0,0
2026-07-17T11:05:42.949 TX SET LINEKP 2500 1048411124
2026-07-17T11:05:42.949 RX LT,4060,120,120,116,102,0,24,1,-101,0,0,0
2026-07-17T11:05:42.949 RX LT,4080,120,120,116,104,0,24,1,-102,0,0,0
2026-07-17T11:05:42.949 RX LT,4100,120,120,116,104,0,24,1,-103,0,0,0
2026-07-17T11:05:42.949 RX LT,4120,120,120,116,71,0,24,1,-103,0,0,0
2026-07-17T11:05:43.056 RX LT,4140,120,120,116,113,0,24,1,-104,0,0,0
2026-07-17T11:05:43.056 RX LT,4160,120,120,116,104,0,24,1,-103,0,0,0
2026-07-17T11:05:43.056 RX SA,1048411124,LINEKP,2500
2026-07-17T11:05:43.056 RX LT,4180,120,120,116,115,0,24,1,-102,0,0,0
2026-07-17T11:05:43.056 RX LT,4200,120,120,105,105,0,24,1,-102,0,0,0
2026-07-17T11:05:43.056 RX LT,4220,120,120,115,115,0,24,1,-101,0,0,0
2026-07-17T11:05:43.201 RX LT,4240,120,120,115,72,0,24,1,-99,0,0,0
2026-07-17T11:05:43.201 RX LT,4260,120,120,115,113,0,24,1,-98,0,0,0
2026-07-17T11:05:43.201 RX LT,4280,120,120,115,115,-2,8,1,-96,0,0,0
2026-07-17T11:05:43.201 RX LT,4300,120,120,105,115,-2,8,1,-95,0,0,0
2026-07-17T11:05:43.201 RX LT,4320,120,120,115,115,-2,8,1,-93,0,0,0
2026-07-17T11:05:43.201 RX LT,4340,120,120,115,115,-2,8,1,-91,0,0,0
2026-07-17T11:05:43.201 RX LT,4360,97,127,115,115,-6,12,1,-89,0,0,0
2026-07-17T11:05:43.326 RX LT,4380,97,127,115,115,-6,12,1,-87,0,0,0
2026-07-17T11:05:43.326 RX LT,4400,97,127,105,115,-6,12,1,-85,0,0,0
2026-07-17T11:05:43.327 RX LT,4420,97,127,115,115,-6,12,1,-83,0,0,0
2026-07-17T11:05:43.327 RX LT,4440,97,127,115,115,-6,12,1,-81,0,0,0
2026-07-17T11:05:43.327 RX LT,4460,97,127,72,115,-6,12,1,-79,0,0,0
2026-07-17T11:05:43.327 RX LT,4480,97,127,113,159,-6,12,1,-77,0,0,0
2026-07-17T11:05:43.453 RX LT,4500,97,127,115,118,-6,12,1,-75,0,0,0
2026-07-17T11:05:43.453 RX LT,4520,97,127,115,116,-6,12,1,-73,0,0,0
2026-07-17T11:05:43.453 RX LT,4540,97,127,105,116,-6,12,1,-70,0,0,0
2026-07-17T11:05:43.453 RX LT,4560,97,127,115,159,-6,12,1,-68,0,0,0
2026-07-17T11:05:43.453 RX LT,4580,97,127,105,118,-6,12,1,-63,0,0,0
2026-07-17T11:05:43.453 RX LT,4600,97,127,115,116,-6,12,1,-60,0,0,0
2026-07-17T11:05:43.578 RX LT,4620,97,127,72,126,-6,12,1,-57,0,0,0
2026-07-17T11:05:43.578 RX LT,4640,97,127,69,116,-6,12,1,-54,0,0,0
2026-07-17T11:05:43.578 RX LT,4660,97,127,113,126,-6,12,1,-50,0,0,0
2026-07-17T11:05:43.578 RX LT,4680,97,127,104,116,-6,12,1,-47,0,0,0
2026-07-17T11:05:43.578 RX LT,4700,97,127,71,126,-6,12,1,-44,0,0,0
2026-07-17T11:05:43.578 RX LT,4720,97,127,113,116,-6,12,1,-40,0,0,0
2026-07-17T11:05:43.703 RX LT,4740,97,127,104,126,-6,12,1,-39,0,0,0
2026-07-17T11:05:43.703 RX LT,4760,97,127,71,116,-6,12,1,-35,0,0,0
2026-07-17T11:05:43.703 RX LT,4780,97,127,69,126,-6,12,1,-28,0,0,0
2026-07-17T11:05:43.703 RX LT,4800,97,127,69,116,-6,12,1,-28,0,0,0
2026-07-17T11:05:43.703 RX LT,4820,65,119,69,116,-11,4,1,-25,0,0,0
2026-07-17T11:05:43.703 RX LT,4840,65,119,69,159,-11,4,1,-22,0,0,0
2026-07-17T11:05:43.832 RX LT,4860,65,119,102,118,-11,4,1,-19,0,0,0
2026-07-17T11:05:43.832 RX LT,4880,65,119,60,116,-11,4,1,-15,0,0,0
2026-07-17T11:05:43.832 RX LT,4900,93,131,58,116,-6,12,1,-11,0,0,0
2026-07-17T11:05:43.833 RX LT,4920,97,127,101,159,-6,12,1,-7,0,0,0
2026-07-17T11:05:43.833 RX LT,4940,97,127,60,118,-6,12,1,-3,0,0,0
2026-07-17T11:05:43.833 RX LT,4960,97,127,69,116,-6,12,1,1,0,0,0
2026-07-17T11:05:43.976 RX LT,4980,97,127,102,159,-6,12,1,3,0,0,0
2026-07-17T11:05:43.976 RX LT,5000,97,127,60,118,-6,12,1,7,0,0,0
2026-07-17T11:05:43.976 RX LT,5020,97,127,101,116,-6,12,1,12,0,0,0
2026-07-17T11:05:43.976 RX LT,5040,97,127,60,126,-6,12,1,15,0,0,0
2026-07-17T11:05:43.976 RX LT,5060,97,127,69,116,-6,12,1,17,0,0,0
2026-07-17T11:05:43.976 RX LT,5080,97,127,58,159,-6,12,1,21,0,0,0
2026-07-17T11:05:43.976 RX LT,5100,97,127,68,118,-6,12,1,24,0,0,0
2026-07-17T11:05:44.102 RX LT,5120,97,127,102,127,-6,12,1,28,0,0,0
2026-07-17T11:05:44.102 RX LT,5140,97,127,60,160,-6,12,1,31,0,0,0
2026-07-17T11:05:44.102 RX LT,5160,97,127,69,118,-6,12,1,34,0,0,0
2026-07-17T11:05:44.102 RX LT,5180,97,127,58,127,-6,12,1,38,0,0,0
2026-07-17T11:05:44.102 RX LT,5200,97,127,68,160,-6,12,1,42,0,0,0
2026-07-17T11:05:44.102 RX LT,5220,97,127,58,162,-6,12,1,43,0,0,0
2026-07-17T11:05:44.247 RX LT,5240,97,127,58,118,-6,12,1,49,0,0,0
2026-07-17T11:05:44.247 RX LT,5260,97,127,68,159,-6,12,1,53,0,0,0
2026-07-17T11:05:44.247 RX LT,5280,97,127,58,118,-6,12,1,57,0,0,0
2026-07-17T11:05:44.247 RX LT,5300,97,127,101,127,-6,12,1,60,0,0,0
2026-07-17T11:05:44.247 RX LT,5320,97,127,60,160,-6,12,1,63,0,0,0
2026-07-17T11:05:44.247 RX LT,5340,97,127,101,118,-6,12,1,67,0,0,0
2026-07-17T11:05:44.247 RX LT,5360,97,127,60,127,-6,12,1,70,0,0,0
2026-07-17T11:05:44.375 RX LT,5380,120,120,101,160,-2,8,1,73,0,0,0
2026-07-17T11:05:44.375 RX LT,5400,120,120,60,118,-2,8,1,76,0,0,0
2026-07-17T11:05:44.375 RX LT,5420,120,120,101,127,-2,8,1,79,0,0,0
2026-07-17T11:05:44.376 RX LT,5440,120,120,60,160,-2,8,1,81,0,0,0
2026-07-17T11:05:44.376 RX LT,5460,120,120,101,118,-2,8,1,85,0,0,0
2026-07-17T11:05:44.376 RX LT,5480,120,120,60,159,0,24,1,87,0,0,0
2026-07-17T11:05:44.376 TX SET LINEKP 3000 1048411125
2026-07-17T11:05:44.500 RX LT,5500,120,120,101,118,0,24,1,89,0,0,0
2026-07-17T11:05:44.500 RX LT,5520,120,120,60,159,0,24,1,91,0,0,0
2026-07-17T11:05:44.500 RX SA,1048411125,LINEKP,3000
2026-07-17T11:05:44.500 RX LT,5540,120,120,101,118,0,24,1,92,0,0,0
2026-07-17T11:05:44.500 RX LT,5560,120,120,60,159,0,24,1,94,0,0,0
2026-07-17T11:05:44.500 RX LT,5580,120,120,101,118,0,24,1,97,0,0,0
2026-07-17T11:05:44.500 RX LT,5600,120,120,60,159,0,24,1,99,0,0,0
2026-07-17T11:05:44.626 RX LT,5620,120,120,101,118,0,24,1,101,0,0,0
2026-07-17T11:05:44.627 RX LT,5640,120,120,60,159,0,24,1,103,0,0,0
2026-07-17T11:05:44.627 RX LT,5660,120,120,69,118,0,24,1,104,0,0,0
2026-07-17T11:05:44.627 RX LT,5680,120,120,102,116,2,16,1,106,0,0,0
2026-07-17T11:05:44.627 RX LT,5700,120,120,60,126,2,16,1,108,0,0,0
2026-07-17T11:05:44.627 RX LT,5720,120,120,101,116,2,16,1,110,0,0,0
2026-07-17T11:05:44.627 TX SET LINEKP 3500 1048411126
2026-07-17T11:05:44.733 RX LT,5740,120,120,60,126,2,16,1,112,0,0,0
2026-07-17T11:05:44.733 RX LT,5760,128,96,69,160,6,48,1,113,0,0,0
2026-07-17T11:05:44.733 RX SA,1048411126,LINEKP,3500
2026-07-17T11:05:44.733 RX LT,5780,120,104,102,118,6,48,1,115,0,0,0
2026-07-17T11:05:44.733 RX LT,5800,133,91,60,116,6,48,1,116,0,0,0
2026-07-17T11:05:44.733 RX LT,5820,133,91,69,116,6,48,1,117,0,0,0
2026-07-17T11:05:44.878 RX LT,5840,133,91,69,116,6,48,1,117,0,0,0
2026-07-17T11:05:44.878 RX LT,5860,133,91,69,126,6,48,1,118,0,0,0
2026-07-17T11:05:44.878 RX LT,5880,133,91,69,73,6,48,1,118,0,0,0
2026-07-17T11:05:44.878 RX LT,5900,133,91,102,124,6,48,1,118,0,0,0
2026-07-17T11:05:44.878 RX LT,5920,133,91,104,116,6,48,1,118,0,0,0
2026-07-17T11:05:44.878 RX LT,5940,133,91,104,116,6,48,1,117,0,0,0
2026-07-17T11:05:44.878 RX LT,5960,133,91,104,105,6,48,1,117,0,0,0
2026-07-17T11:05:45.003 RX LT,5980,133,91,60,115,6,48,1,116,0,0,0
2026-07-17T11:05:45.003 RX LT,6000,133,91,69,115,6,48,1,116,0,0,0
2026-07-17T11:05:45.003 RX LT,6020,128,56,69,115,11,32,1,115,0,0,0
2026-07-17T11:05:45.003 RX LT,6040,130,54,69,105,11,32,1,115,0,0,0
2026-07-17T11:05:45.003 RX LT,6060,130,54,69,104,11,32,1,113,0,0,0
2026-07-17T11:05:45.003 RX LT,6080,130,54,69,104,11,32,1,113,0,0,0
2026-07-17T11:05:45.131 RX LT,6100,140,20,69,104,23,96,1,111,0,0,0
2026-07-17T11:05:45.131 RX LT,6120,140,20,69,60,23,96,1,109,0,0,0
2026-07-17T11:05:45.131 RX LT,6140,140,20,102,69,23,96,1,107,0,0,0
2026-07-17T11:05:45.131 RX LT,6160,140,20,104,58,23,96,1,104,0,0,0
2026-07-17T11:05:45.131 RX LT,6180,140,20,104,68,23,96,1,101,0,0,0
2026-07-17T11:05:45.131 RX LT,6200,140,20,60,15,23,96,1,98,0,0,0
2026-07-17T11:05:45.276 RX LT,6220,140,20,69,55,23,96,1,93,0,0,0
2026-07-17T11:05:45.276 RX LT,6240,140,20,69,57,23,96,1,89,0,0,0
2026-07-17T11:05:45.276 RX LT,6260,140,20,102,57,23,96,1,85,0,0,0
2026-07-17T11:05:45.276 RX LT,6280,140,20,60,14,23,96,1,81,0,0,0
2026-07-17T11:05:45.276 RX LT,6300,140,20,69,55,23,96,1,77,0,0,0
2026-07-17T11:05:45.276 RX LT,6320,140,20,69,57,23,96,1,72,0,0,0
2026-07-17T11:05:45.276 RX LT,6340,140,20,69,14,23,96,1,66,0,0,0
2026-07-17T11:05:45.404 RX LT,6360,140,20,69,55,23,96,1,62,0,0,0
2026-07-17T11:05:45.404 RX LT,6380,140,20,102,57,23,96,1,57,0,0,0
2026-07-17T11:05:45.404 RX LT,6400,140,20,71,47,23,96,1,52,0,0,0
2026-07-17T11:05:45.404 RX LT,6420,140,20,69,57,23,96,1,47,0,0,0
2026-07-17T11:05:45.404 RX LT,6440,140,20,69,47,23,96,1,41,0,0,0
2026-07-17T11:05:45.404 RX LT,6460,140,20,113,13,23,96,1,36,0,0,0
2026-07-17T11:05:45.548 RX LT,6480,140,20,104,55,23,96,1,31,0,0,0
2026-07-17T11:05:45.548 RX LT,6500,140,20,71,46,23,96,1,25,0,0,0
2026-07-17T11:05:45.548 RX LT,6520,140,20,69,46,23,96,1,22,0,0,0
2026-07-17T11:05:45.549 RX LT,6540,140,20,69,13,23,96,1,17,0,0,0
2026-07-17T11:05:45.549 RX LT,6560,140,20,69,11,23,96,1,11,0,0,0
2026-07-17T11:05:45.549 RX LT,6580,140,20,69,55,23,96,1,7,0,0,0
2026-07-17T11:05:45.549 RX LT,6600,140,20,113,57,23,96,1,3,0,0,0
2026-07-17T11:05:45.674 RX LT,6620,140,20,104,47,23,96,1,-1,0,0,0
2026-07-17T11:05:45.674 RX LT,6640,140,20,104,13,23,96,1,-5,0,0,0
2026-07-17T11:05:45.674 RX LT,6660,140,20,71,55,23,96,1,-9,0,0,0
2026-07-17T11:05:45.674 RX LT,6680,140,20,113,14,23,96,1,-13,0,0,0
2026-07-17T11:05:45.674 RX LT,6700,140,20,104,55,23,96,1,-17,0,0,0
2026-07-17T11:05:45.674 RX LT,6720,140,20,104,46,23,96,1,-21,0,0,0
2026-07-17T11:05:45.821 RX LT,6740,140,20,71,57,23,96,1,-25,0,0,0
2026-07-17T11:05:45.821 RX LT,6760,150,34,69,47,11,32,1,-29,0,0,0
2026-07-17T11:05:45.822 RX LT,6780,129,55,102,57,11,32,1,-33,0,0,0
2026-07-17T11:05:45.822 RX LT,6800,130,54,104,47,11,32,1,-35,0,0,0
2026-07-17T11:05:45.822 RX LT,6820,140,20,60,57,23,96,1,-36,0,0,0
2026-07-17T11:05:45.822 RX LT,6840,140,20,112,47,23,96,1,-38,0,0,0
2026-07-17T11:05:45.822 RX LT,6860,140,20,104,13,23,96,1,-41,0,0,0
2026-07-17T11:05:45.945 RX LT,6880,140,20,104,55,23,96,1,-45,0,0,0
2026-07-17T11:05:45.945 RX LT,6900,150,34,104,46,11,32,1,-48,0,0,0
2026-07-17T11:05:45.945 RX LT,6920,129,55,104,13,11,32,1,-52,0,0,0
2026-07-17T11:05:45.945 RX LT,6940,130,54,104,55,11,32,1,-55,0,0,0
2026-07-17T11:05:45.945 RX LT,6960,130,54,60,57,11,32,1,-56,0,0,0
2026-07-17T11:05:45.945 RX LT,6980,130,54,69,47,11,32,1,-58,0,0,0
2026-07-17T11:05:46.072 RX LT,7000,130,54,69,57,11,32,1,-61,0,0,0
2026-07-17T11:05:46.072 RX LT,7020,130,54,69,57,11,32,1,-63,0,0,0
2026-07-17T11:05:46.072 RX LT,7040,130,54,69,14,11,32,1,-65,0,0,0
2026-07-17T11:05:46.072 RX LT,7060,130,54,69,55,11,32,1,-68,0,0,0
2026-07-17T11:05:46.072 RX LT,7080,130,54,69,57,11,32,1,-70,0,0,0
2026-07-17T11:05:46.072 RX LT,7100,130,54,69,47,11,32,1,-73,0,0,0
2026-07-17T11:05:46.219 RX LT,7120,130,54,69,57,11,32,1,-75,0,0,0
2026-07-17T11:05:46.219 RX LT,7140,130,54,69,47,11,32,1,-78,0,0,0
2026-07-17T11:05:46.219 RX LT,7160,130,54,113,57,11,32,1,-80,0,0,0
2026-07-17T11:05:46.219 RX LT,7180,130,54,104,47,11,32,1,-82,0,0,0
2026-07-17T11:05:46.219 RX LT,7200,130,54,104,57,11,32,1,-84,0,0,0
2026-07-17T11:05:46.219 RX LT,7220,130,54,71,57,11,32,1,-88,0,0,0
2026-07-17T11:05:46.219 RX LT,7240,130,54,113,47,11,32,1,-91,0,0,0
2026-07-17T11:05:46.345 RX LT,7260,130,54,104,57,11,32,1,-94,0,0,0
2026-07-17T11:05:46.345 RX LT,7280,130,54,104,57,11,32,1,-96,0,0,0
2026-07-17T11:05:46.345 RX LT,7300,134,90,213,68,6,48,1,-98,0,0,0
2026-07-17T11:05:46.345 RX LT,7320,133,91,111,58,6,48,1,-101,0,0,0
2026-07-17T11:05:46.345 RX LT,7340,133,91,104,58,6,48,1,-102,0,0,0
2026-07-17T11:05:46.345 RX LT,7360,133,91,71,58,6,48,1,-104,0,0,0
2026-07-17T11:05:46.471 RX LT,7380,133,91,104,58,6,48,1,-106,0,0,0
2026-07-17T11:05:46.471 RX LT,7400,133,91,72,58,6,48,1,-109,0,0,0
2026-07-17T11:05:46.471 RX LT,7420,133,91,113,58,6,48,1,-111,0,0,0
2026-07-17T11:05:46.471 RX LT,7440,133,91,115,58,6,48,1,-113,0,0,0
2026-07-17T11:05:46.471 RX LT,7460,133,91,72,58,6,48,1,-116,0,0,0
2026-07-17T11:05:46.471 RX LT,7480,133,91,113,68,6,48,1,-118,0,0,0
2026-07-17T11:05:46.598 RX LT,7500,133,91,115,60,6,48,1,-120,0,0,0
2026-07-17T11:05:46.598 RX LT,7520,133,91,115,58,6,48,1,-122,0,0,0
2026-07-17T11:05:46.598 RX LT,7540,133,91,115,101,6,48,1,-124,0,0,0
2026-07-17T11:05:46.598 RX LT,7560,133,91,115,60,6,48,1,-127,0,0,0
2026-07-17T11:05:46.598 RX LT,7580,133,91,115,58,6,48,1,-129,0,0,0
2026-07-17T11:05:46.598 RX LT,7600,133,91,115,68,6,48,1,-130,0,0,0
2026-07-17T11:05:46.743 RX LT,7620,133,91,72,58,6,48,1,-131,0,0,0
2026-07-17T11:05:46.743 RX LT,7640,133,91,113,68,6,48,1,-132,0,0,0
2026-07-17T11:05:46.743 RX LT,7660,133,91,115,102,6,48,1,-133,0,0,0
2026-07-17T11:05:46.743 RX LT,7680,133,91,83,104,6,48,1,-135,0,0,0
2026-07-17T11:05:46.743 RX LT,7700,121,119,124,60,2,16,1,-137,0,0,0
2026-07-17T11:05:46.743 RX LT,7720,120,120,116,101,2,16,1,-139,0,0,0
2026-07-17T11:05:46.743 RX LT,7740,120,120,116,104,2,16,1,-140,0,0,0
2026-07-17T11:05:46.850 RX LT,7760,120,120,116,104,2,16,1,-142,0,0,0
2026-07-17T11:05:46.850 RX LT,7780,120,120,116,104,2,16,1,-143,0,0,0
2026-07-17T11:05:46.850 RX LT,7800,120,120,126,104,0,24,1,-143,0,0,0
2026-07-17T11:05:46.850 RX LT,7820,120,120,116,104,0,24,1,-144,0,0,0
2026-07-17T11:05:46.850 RX LT,7840,120,120,116,104,0,24,1,-146,0,0,0
2026-07-17T11:05:46.850 RX LT,7860,120,120,159,71,0,24,1,-147,0,0,0
2026-07-17T11:05:46.850 TX SET LINEKP 3000 1048411127
2026-07-17T11:05:46.974 RX LT,7880,120,120,118,69,0,24,1,-149,0,0,0
2026-07-17T11:05:46.974 RX SA,1048411127,LINEKP,3000
2026-07-17T11:05:46.974 RX LT,7900,120,120,159,69,0,24,1,-153,0,0,0
2026-07-17T11:05:46.974 RX LT,7920,120,120,162,69,0,24,1,-155,0,0,0
2026-07-17T11:05:46.974 RX LT,7940,120,120,118,69,0,24,1,-158,0,0,0
2026-07-17T11:05:46.974 RX LT,7960,120,120,127,113,0,24,1,-159,0,0,0
2026-07-17T11:05:47.100 RX LT,7980,120,120,160,104,0,24,1,-161,0,0,0
2026-07-17T11:05:47.100 RX LT,8000,120,120,118,71,0,24,1,-162,0,0,0
2026-07-17T11:05:47.100 RX LT,8020,120,120,116,113,-2,8,1,-162,0,0,0
2026-07-17T11:05:47.100 RX LT,8040,104,120,159,104,-6,12,1,-163,0,0,0
2026-07-17T11:05:47.100 RX LT,8060,94,130,118,71,-6,12,1,-164,0,0,0
2026-07-17T11:05:47.100 RX LT,8080,94,130,116,113,-6,12,1,-165,0,0,0
2026-07-17T11:05:47.227 RX LT,8100,94,130,159,72,-6,12,1,-166,0,0,0
2026-07-17T11:05:47.227 RX LT,8120,94,130,118,69,-6,12,1,-167,0,0,0
2026-07-17T11:05:47.227 RX LT,8140,94,130,116,113,-6,12,1,-168,0,0,0
2026-07-17T11:05:47.227 RX LT,8160,94,130,159,72,-6,12,1,-168,0,0,0
2026-07-17T11:05:47.227 RX LT,8180,94,130,118,113,-6,12,1,-169,0,0,0
2026-07-17T11:05:47.227 RX LT,8200,94,130,116,72,-6,12,1,-169,0,0,0
2026-07-17T11:05:47.352 RX LT,8220,94,130,116,113,-6,12,1,-169,0,0,0
2026-07-17T11:05:47.352 RX LT,8240,94,130,116,115,-6,12,1,-168,0,0,0
2026-07-17T11:05:47.352 RX LT,8260,59,125,105,72,-11,4,1,-166,0,0,0
2026-07-17T11:05:47.352 RX LT,8280,59,125,115,113,-11,4,1,-164,0,0,0
2026-07-17T11:05:47.352 RX LT,8300,59,125,72,115,-11,4,1,-163,0,0,0
2026-07-17T11:05:47.352 RX LT,8320,59,125,113,115,-11,4,1,-161,0,0,0
2026-07-17T11:05:47.478 RX LT,8340,59,125,104,115,-11,4,1,-157,0,0,0
2026-07-17T11:05:47.478 RX LT,8360,59,125,60,72,-11,4,1,-155,0,0,0
2026-07-17T11:05:47.478 RX LT,8380,26,134,69,113,-18,6,1,-152,0,0,0
2026-07-17T11:05:47.478 RX LT,8400,26,134,58,115,-18,6,1,-148,0,0,0
2026-07-17T11:05:47.478 RX LT,8420,26,134,68,115,-18,6,1,-144,0,0,0
2026-07-17T11:05:47.478 RX LT,8440,26,134,58,115,-18,6,1,-140,0,0,0
2026-07-17T11:05:47.602 RX LT,8460,26,134,58,115,-18,6,1,-135,0,0,0
2026-07-17T11:05:47.602 RX LT,8480,26,134,58,115,-18,6,1,-130,0,0,0
2026-07-17T11:05:47.602 RX LT,8500,26,134,68,115,-18,6,1,-125,0,0,0
2026-07-17T11:05:47.602 RX LT,8520,26,134,15,159,-18,6,1,-119,0,0,0
2026-07-17T11:05:47.602 RX LT,8540,26,134,55,118,-18,6,1,-114,0,0,0
2026-07-17T11:05:47.602 RX LT,8560,26,134,57,116,-18,6,1,-105,0,0,0
2026-07-17T11:05:47.731 RX LT,8580,26,134,47,116,-18,6,1,-99,0,0,0
2026-07-17T11:05:47.731 RX LT,8600,26,134,57,116,-18,6,1,-93,0,0,0
2026-07-17T11:05:47.731 RX LT,8620,53,131,47,116,-11,4,1,-86,0,0,0
2026-07-17T11:05:47.731 RX LT,8640,59,125,57,126,-11,4,1,-80,0,0,0
2026-07-17T11:05:47.731 RX LT,8660,59,125,47,116,-11,4,1,-74,0,0,0
2026-07-17T11:05:47.731 RX LT,8680,59,125,57,126,-11,4,1,-69,0,0,0
2026-07-17T11:05:47.875 RX LT,8700,59,125,14,160,-11,4,1,-63,0,0,0
2026-07-17T11:05:47.875 RX LT,8720,59,125,55,118,-11,4,1,-58,0,0,0
2026-07-17T11:05:47.875 RX LT,8740,59,125,57,127,-11,4,1,-53,0,0,0
2026-07-17T11:05:47.875 RX LT,8760,59,125,57,160,-11,4,1,-48,0,0,0
2026-07-17T11:05:47.875 RX LT,8780,59,125,57,118,-11,4,1,-44,0,0,0
2026-07-17T11:05:47.875 RX LT,8800,59,125,57,127,-11,4,1,-37,0,0,0
2026-07-17T11:05:47.875 RX LT,8820,59,125,57,116,-11,4,1,-32,0,0,0
2026-07-17T11:05:48.002 RX LT,8840,59,125,57,126,-11,4,1,-28,0,0,0
2026-07-17T11:05:48.002 RX LT,8860,59,125,14,116,-11,4,1,-24,0,0,0
2026-07-17T11:05:48.002 RX LT,8880,59,125,55,126,-11,4,1,-19,0,0,0
2026-07-17T11:05:48.002 RX LT,8900,94,130,57,160,-6,12,1,-15,0,0,0
2026-07-17T11:05:48.002 RX LT,8920,94,130,57,118,-6,12,1,-11,0,0,0
2026-07-17T11:05:48.002 RX LT,8940,94,130,57,127,-6,12,1,-7,0,0,0
2026-07-17T11:05:48.128 RX LT,8960,94,130,57,160,-6,12,1,-5,0,0,0
2026-07-17T11:05:48.128 RX LT,8980,94,130,57,118,-6,12,1,-1,0,0,0
2026-07-17T11:05:48.128 RX LT,9000,94,130,57,127,-6,12,1,7,0,0,0
2026-07-17T11:05:48.128 RX LT,9020,94,130,57,160,-6,12,1,8,0,0,0
2026-07-17T11:05:48.128 RX LT,9040,94,130,57,118,-6,12,1,11,0,0,0
2026-07-17T11:05:48.128 RX LT,9060,94,130,57,127,-6,12,1,15,0,0,0
2026-07-17T11:05:48.274 RX LT,9080,94,130,57,127,-6,12,1,19,0,0,0
2026-07-17T11:05:48.274 RX LT,9100,94,130,57,160,-6,12,1,22,0,0,0
2026-07-17T11:05:48.274 RX LT,9120,94,130,57,118,-6,12,1,26,0,0,0
2026-07-17T11:05:48.274 RX LT,9140,94,130,57,127,-6,12,1,29,0,0,0
2026-07-17T11:05:48.274 RX LT,9160,94,130,57,160,-6,12,1,32,0,0,0
2026-07-17T11:05:48.274 RX LT,9180,120,120,57,162,-2,8,1,35,0,0,0
2026-07-17T11:05:48.274 RX LT,9200,120,120,57,118,-2,8,1,39,0,0,0
2026-07-17T11:05:48.400 RX LT,9220,120,120,57,127,-2,8,1,41,0,0,0
2026-07-17T11:05:48.400 RX LT,9240,120,120,68,116,0,24,1,45,0,0,0
2026-07-17T11:05:48.400 RX LT,9260,120,120,58,126,0,24,1,47,0,0,0
2026-07-17T11:05:48.400 RX LT,9280,120,120,101,160,0,24,1,49,0,0,0
2026-07-17T11:05:48.400 RX LT,9300,120,120,60,162,0,24,1,51,0,0,0
2026-07-17T11:05:48.400 RX LT,9320,120,120,69,118,0,24,1,53,0,0,0
2026-07-17T11:05:48.400 TX SET LINEKD 500 1048411128
2026-07-17T11:05:48.525 RX LT,9340,120,120,102,159,0,24,1,54,0,0,0
2026-07-17T11:05:48.525 RX LT,9360,120,120,104,162,0,24,1,56,0,0,0
2026-07-17T11:05:48.525 RX SA,1048411128,LINEKD,500
2026-07-17T11:05:48.525 RX LT,9380,120,120,60,118,0,24,1,57,0,0,0
2026-07-17T11:05:48.525 RX LT,9400,120,120,69,159,0,24,1,58,0,0,0
2026-07-17T11:05:48.525 RX LT,9420,120,120,102,118,2,16,1,59,0,0,0
2026-07-17T11:05:48.525 RX LT,9440,120,120,104,127,2,16,1,60,0,0,0
2026-07-17T11:05:48.652 RX LT,9460,120,104,60,160,6,48,1,62,0,0,0
2026-07-17T11:05:48.652 RX LT,9480,130,94,69,162,6,48,1,63,0,0,0
2026-07-17T11:05:48.652 RX LT,9500,130,94,69,118,6,48,1,64,0,0,0
2026-07-17T11:05:48.653 RX LT,9520,130,94,69,116,6,48,1,65,0,0,0
2026-07-17T11:05:48.653 RX LT,9540,130,94,69,126,6,48,1,65,0,0,0
2026-07-17T11:05:48.653 RX LT,9560,130,94,69,116,6,48,1,65,0,0,0
2026-07-17T11:05:48.797 RX LT,9580,130,94,69,116,6,48,1,65,0,0,0
2026-07-17T11:05:48.797 RX LT,9600,130,94,102,126,6,48,1,65,0,0,0
2026-07-17T11:05:48.798 RX LT,9620,130,94,104,116,6,48,1,64,0,0,0
2026-07-17T11:05:48.798 RX LT,9640,130,94,104,116,6,48,1,64,0,0,0
2026-07-17T11:05:48.798 RX LT,9660,130,94,104,116,6,48,1,63,0,0,0
2026-07-17T11:05:48.798 RX LT,9680,130,94,104,116,6,48,1,63,0,0,0
2026-07-17T11:05:48.798 RX LT,9700,125,59,104,116,11,32,1,62,0,0,0
2026-07-17T11:05:48.924 RX LT,9720,125,59,104,116,11,32,1,62,0,0,0
2026-07-17T11:05:48.924 RX LT,9740,125,59,71,72,11,32,1,61,0,0,0
2026-07-17T11:05:48.924 RX LT,9760,125,59,69,102,11,32,1,60,0,0,0
2026-07-17T11:05:48.924 RX LT,9780,125,59,69,71,11,32,1,59,0,0,0
2026-07-17T11:05:48.924 RX LT,9800,128,32,69,113,23,96,1,57,0,0,0
2026-07-17T11:05:48.924 RX LT,9820,140,20,113,61,23,96,1,54,0,0,0
2026-07-17T11:05:49.069 RX LT,9840,140,20,104,69,23,96,1,52,0,0,0
2026-07-17T11:05:49.069 RX LT,9860,140,20,71,102,23,96,1,48,0,0,0
2026-07-17T11:05:49.069 RX LT,9880,140,20,113,60,23,96,1,44,0,0,0
2026-07-17T11:05:49.069 RX LT,9900,140,20,104,58,23,96,1,38,0,0,0
2026-07-17T11:05:49.069 RX LT,9920,140,20,104,58,23,96,1,33,0,0,0
2026-07-17T11:05:49.069 RX LT,9940,140,20,71,58,23,96,1,28,0,0,0
2026-07-17T11:05:49.069 RX LT,9960,140,20,113,14,23,96,1,22,0,0,0
2026-07-17T11:05:49.195 RX LT,9980,140,20,115,55,23,96,1,16,0,0,0
2026-07-17T11:05:49.195 RX LT,10000,140,20,105,57,23,96,1,10,0,0,0
2026-07-17T11:05:49.195 RX LT,10020,140,20,71,14,23,96,1,4,0,0,0
2026-07-17T11:05:49.195 RX LT,10040,140,20,113,55,23,96,1,-1,0,0,0
2026-07-17T11:05:49.195 RX LT,10060,140,20,104,14,23,96,1,-6,0,0,0
2026-07-17T11:05:49.195 RX LT,10080,140,20,71,55,23,96,1,-11,0,0,0
2026-07-17T11:05:49.321 RX LT,10100,140,20,113,57,23,96,1,-16,0,0,0
2026-07-17T11:05:49.321 RX LT,10120,140,20,104,47,23,96,1,-23,0,0,0
2026-07-17T11:05:49.321 RX LT,10140,140,20,115,57,23,96,1,-29,0,0,0
2026-07-17T11:05:49.321 RX LT,10160,140,20,105,14,23,96,1,-33,0,0,0
2026-07-17T11:05:49.321 RX LT,10180,140,20,71,55,23,96,1,-38,0,0,0
2026-07-17T11:05:49.321 RX LT,10200,140,20,113,57,23,96,1,-42,0,0,0
2026-07-17T11:05:49.447 RX LT,10220,140,20,104,57,23,96,1,-45,0,0,0
2026-07-17T11:05:49.447 RX LT,10240,140,20,104,47,23,96,1,-48,0,0,0
2026-07-17T11:05:49.447 RX LT,10260,140,20,104,57,23,96,1,-50,0,0,0
2026-07-17T11:05:49.447 RX LT,10280,140,20,104,57,23,96,1,-53,0,0,0
2026-07-17T11:05:49.447 RX LT,10300,140,20,104,47,23,96,1,-56,0,0,0
2026-07-17T11:05:49.447 RX LT,10320,140,20,104,57,23,96,1,-60,0,0,0
2026-07-17T11:05:49.574 RX LT,10340,140,20,71,57,23,96,1,-65,0,0,0
2026-07-17T11:05:49.574 RX LT,10360,140,20,69,47,23,96,1,-69,0,0,0
2026-07-17T11:05:49.574 RX LT,10380,140,20,113,57,23,96,1,-71,0,0,0
2026-07-17T11:05:49.574 RX LT,10400,140,20,61,57,23,96,1,-74,0,0,0
2026-07-17T11:05:49.574 RX LT,10420,140,20,69,57,23,96,1,-76,0,0,0
2026-07-17T11:05:49.574 RX LT,10440,140,20,69,47,23,96,1,-79,0,0,0
2026-07-17T11:05:49.719 RX LT,10460,140,20,69,57,23,96,1,-82,0,0,0
2026-07-17T11:05:49.719 RX LT,10480,140,20,69,57,23,96,1,-85,0,0,0
2026-07-17T11:05:49.719 RX LT,10500,140,20,69,47,23,96,1,-88,0,0,0
2026-07-17T11:05:49.719 RX LT,10520,140,20,69,57,23,96,1,-91,0,0,0
2026-07-17T11:05:49.719 RX LT,10540,140,20,69,57,23,96,1,-93,0,0,0
2026-07-17T11:05:49.719 RX LT,10560,140,20,69,47,23,96,1,-96,0,0,0
2026-07-17T11:05:49.719 RX LT,10580,140,20,69,57,23,96,1,-98,0,0,0
2026-07-17T11:05:49.845 RX LT,10600,140,20,102,57,23,96,1,-100,0,0,0
2026-07-17T11:05:49.845 RX LT,10620,140,20,104,47,23,96,1,-102,0,0,0
2026-07-17T11:05:49.845 RX LT,10640,140,20,60,57,23,96,1,-105,0,0,0
2026-07-17T11:05:49.845 RX LT,10660,140,20,69,47,23,96,1,-107,0,0,0
2026-07-17T11:05:49.845 RX LT,10680,140,20,69,57,23,96,1,-109,0,0,0
2026-07-17T11:05:49.845 RX LT,10700,140,20,69,14,23,96,1,-111,0,0,0
2026-07-17T11:05:49.971 RX LT,10720,140,20,69,55,23,96,1,-113,0,0,0
2026-07-17T11:05:49.971 RX LT,10740,140,20,69,57,23,96,1,-116,0,0,0
2026-07-17T11:05:49.971 RX LT,10760,140,20,69,47,23,96,1,-118,0,0,0
2026-07-17T11:05:49.971 RX LT,10780,140,20,69,57,23,96,1,-121,0,0,0
2026-07-17T11:05:49.971 RX LT,10800,140,20,102,57,23,96,1,-123,0,0,0
2026-07-17T11:05:49.971 RX LT,10820,140,20,104,47,23,96,1,-125,0,0,0
2026-07-17T11:05:50.097 RX LT,10840,140,20,104,57,23,96,1,-127,0,0,0
2026-07-17T11:05:50.097 RX LT,10860,140,20,71,57,23,96,1,-129,0,0,0
2026-07-17T11:05:50.097 RX LT,10880,140,20,69,47,23,96,1,-131,0,0,0
2026-07-17T11:05:50.097 RX LT,10900,140,20,69,57,23,96,1,-133,0,0,0
2026-07-17T11:05:50.097 RX LT,10920,140,20,69,14,23,96,1,-135,0,0,0
2026-07-17T11:05:50.097 RX LT,10940,140,20,69,55,23,96,1,-138,0,0,0
2026-07-17T11:05:50.223 RX LT,10960,140,20,69,57,23,96,1,-139,0,0,0
2026-07-17T11:05:50.223 RX LT,10980,140,20,69,14,23,96,1,-141,0,0,0
2026-07-17T11:05:50.223 RX LT,11000,140,20,69,55,23,96,1,-143,0,0,0
2026-07-17T11:05:50.223 RX LT,11020,140,20,69,57,23,96,1,-146,0,0,0
2026-07-17T11:05:50.223 RX LT,11040,131,53,69,47,11,32,1,-148,0,0,0
2026-07-17T11:05:50.223 RX LT,11060,125,59,113,100,11,32,1,-150,0,0,0
2026-07-17T11:05:50.349 RX LT,11080,125,59,104,60,11,32,1,-152,0,0,0
2026-07-17T11:05:50.349 RX LT,11100,125,59,71,101,11,32,1,-153,0,0,0
2026-07-17T11:05:50.349 RX LT,11120,125,59,69,60,11,32,1,-155,0,0,0
2026-07-17T11:05:50.349 RX LT,11140,125,59,113,58,11,32,1,-156,0,0,0
2026-07-17T11:05:50.349 RX LT,11160,125,59,104,58,11,32,1,-158,0,0,0
2026-07-17T11:05:50.349 RX LT,11180,125,59,71,58,11,32,1,-160,0,0,0
2026-07-17T11:05:50.475 RX LT,11200,125,59,113,58,11,32,1,-162,0,0,0
2026-07-17T11:05:50.475 RX LT,11220,125,59,115,58,11,32,1,-166,0,0,0
2026-07-17T11:05:50.475 RX LT,11240,125,59,105,58,11,32,1,-169,0,0,0
2026-07-17T11:05:50.475 RX LT,11260,125,59,115,58,11,32,1,-171,0,0,0
2026-07-17T11:05:50.475 RX LT,11280,137,87,72,58,6,48,1,-174,0,0,0
2026-07-17T11:05:50.475 RX LT,11300,130,94,113,68,6,48,1,-176,0,0,0
2026-07-17T11:05:50.599 RX LT,11320,130,94,115,58,6,48,1,-177,0,0,0
2026-07-17T11:05:50.599 RX LT,11340,130,94,115,101,6,48,1,-178,0,0,0
2026-07-17T11:05:50.599 RX LT,11360,130,94,115,60,6,48,1,-180,0,0,0
2026-07-17T11:05:50.599 RX LT,11380,130,94,115,69,6,48,1,-182,0,0,0
2026-07-17T11:05:50.599 RX LT,11400,130,94,115,102,6,48,1,-184,0,0,0
2026-07-17T11:05:50.599 RX LT,11420,130,94,159,60,6,48,1,-187,0,0,0
2026-07-17T11:05:50.725 RX LT,11440,130,94,118,69,6,48,1,-189,0,0,0
2026-07-17T11:05:50.725 RX LT,11460,130,94,159,102,6,48,1,-193,0,0,0
2026-07-17T11:05:50.725 RX LT,11480,130,94,118,60,6,48,1,-196,0,0,0
2026-07-17T11:05:50.725 RX LT,11500,130,94,127,69,6,48,1,-199,0,0,0
2026-07-17T11:05:50.725 RX LT,11520,130,94,127,102,6,48,1,-202,0,0,0
2026-07-17T11:05:50.725 RX LT,11540,130,94,160,104,6,48,1,-205,0,0,0
2026-07-17T11:05:50.851 RX LT,11560,130,94,162,104,6,48,1,-206,0,0,0
2026-07-17T11:05:50.851 RX LT,11580,130,94,118,104,6,48,1,-209,0,0,0
2026-07-17T11:05:50.851 RX LT,11600,130,94,127,104,6,48,1,-211,0,0,0
2026-07-17T11:05:50.851 RX LT,11620,130,94,160,104,6,48,1,-214,0,0,0
2026-07-17T11:05:50.851 RX LT,11640,120,120,118,60,2,16,1,-216,0,0,0
2026-07-17T11:05:50.851 RX LT,11660,120,120,127,69,2,16,1,-218,0,0,0
2026-07-17T11:05:50.975 RX LT,11680,120,120,160,113,2,16,1,-221,0,0,0
2026-07-17T11:05:50.975 RX LT,11700,120,120,162,104,2,16,1,-224,0,0,0
2026-07-17T11:05:50.975 RX LT,11720,120,120,162,104,0,24,1,-226,0,0,0
2026-07-17T11:05:50.975 RX LT,11740,120,120,118,104,0,24,1,-228,0,0,0
2026-07-17T11:05:50.975 RX LT,11760,120,120,159,104,0,24,1,-229,0,0,0
2026-07-17T11:05:50.975 TX SET LINEKD 800 1048411129
2026-07-17T11:05:50.975 RX LT,11780,120,120,118,104,0,24,1,-230,0,0,0
2026-07-17T11:05:51.082 RX LT,11800,120,120,116,104,0,24,1,-231,0,0,0
2026-07-17T11:05:51.082 RX LT,11820,120,120,126,71,0,24,1,-232,0,0,0
2026-07-17T11:05:51.082 RX SA,1048411129,LINEKD,800
2026-07-17T11:05:51.082 RX LT,11840,120,120,116,69,0,24,1,-233,0,0,0
2026-07-17T11:05:51.083 RX LT,11860,120,120,126,69,0,24,1,-234,0,0,0
2026-07-17T11:05:51.083 RX LT,11880,120,120,116,69,0,24,1,-235,0,0,0
2026-07-17T11:05:51.205 RX LT,11900,120,120,159,113,0,24,1,-237,0,0,0
2026-07-17T11:05:51.205 RX LT,11920,96,128,118,104,-6,12,1,-238,0,0,0
2026-07-17T11:05:51.205 RX LT,11940,94,130,116,71,-6,12,1,-238,0,0,0
2026-07-17T11:05:51.205 RX LT,11960,94,130,159,113,-6,12,1,-238,0,0,0
2026-07-17T11:05:51.205 RX LT,11980,94,130,118,72,-6,12,1,-237,0,0,0
2026-07-17T11:05:51.205 RX LT,12000,94,130,116,113,-6,12,1,-237,0,0,0
2026-07-17T11:05:51.333 RX LT,12020,94,130,116,115,-6,12,1,-236,0,0,0
2026-07-17T11:05:51.333 RX LT,12040,94,130,105,105,-6,12,1,-236,0,0,0
2026-07-17T11:05:51.333 RX LT,12060,94,130,126,115,-6,12,1,-235,0,0,0
2026-07-17T11:05:51.334 RX LT,12080,94,130,116,115,-6,12,1,-235,0,0,0
2026-07-17T11:05:51.334 RX LT,12100,94,130,116,105,-6,12,1,-234,0,0,0
2026-07-17T11:05:51.334 RX LT,12120,94,130,116,115,-6,12,1,-233,0,0,0
2026-07-17T11:05:51.459 RX LT,12140,94,130,116,115,-6,12,1,-233,0,0,0
2026-07-17T11:05:51.459 RX LT,12160,59,125,116,148,-11,4,1,-232,0,0,0
2026-07-17T11:05:51.459 RX LT,12180,59,125,116,74,-11,4,1,-231,0,0,0
2026-07-17T11:05:51.459 RX LT,12200,20,140,72,113,-24,7,1,-231,0,0,0
2026-07-17T11:05:51.459 RX LT,12220,100,100,113,115,-24,7,1,0,0,1,0
2026-07-17T11:05:51.459 RX LT,12240,100,100,115,115,-24,7,1,0,0,1,0
2026-07-17T11:05:51.585 RX LT,12260,100,100,115,115,-24,7,1,0,0,2,0
2026-07-17T11:05:51.585 RX LT,12280,-150,150,72,115,-24,7,1,2,0,2,2
2026-07-17T11:05:51.585 RX LT,12300,-150,150,48,115,-24,7,1,4,0,2,4
2026-07-17T11:05:51.585 RX LT,12320,-150,150,3,115,-24,7,1,9,0,2,5
2026-07-17T11:05:51.585 RX LT,12340,-150,150,0,159,-24,7,1,22,0,2,6
2026-07-17T11:05:51.585 RX LT,12360,-150,150,0,162,-24,7,1,35,0,2,8
2026-07-17T11:05:51.692 RX LT,12380,-150,150,54,86,-24,7,1,50,0,2,9
2026-07-17T11:05:51.692 RX LT,12400,-150,150,57,157,-24,7,1,66,0,2,11
2026-07-17T11:05:51.692 RX LT,12420,-150,150,57,162,-24,7,1,82,0,2,13
2026-07-17T11:05:51.692 RX LT,12440,-150,150,57,162,-24,7,1,90,0,2,15
2026-07-17T11:05:51.692 RX LT,12460,-150,150,101,118,-18,15,1,107,0,2,17
2026-07-17T11:05:51.815 RX LT,12480,-150,150,60,170,-18,15,1,123,0,2,20
2026-07-17T11:05:51.815 RX LT,12500,-150,150,69,162,-18,15,1,139,0,2,22
2026-07-17T11:05:51.815 RX LT,12520,-150,150,102,129,-18,15,1,155,0,2,25
2026-07-17T11:05:51.815 RX LT,12540,-150,150,71,171,-18,15,1,171,0,2,27
2026-07-17T11:05:51.816 RX LT,12560,-150,150,69,162,-18,15,1,196,0,2,29
2026-07-17T11:05:51.816 RX LT,12580,-150,150,113,173,-18,15,1,212,0,2,32
2026-07-17T11:05:51.941 RX LT,12600,-150,150,115,163,0,31,0,228,0,2,35
2026-07-17T11:05:51.941 RX LT,12620,-150,150,115,173,0,31,0,246,0,2,38
2026-07-17T11:05:51.941 RX LT,12640,-150,150,159,130,0,31,0,266,0,2,41
2026-07-17T11:05:51.941 RX LT,12660,-150,150,118,171,0,31,0,286,0,2,43
2026-07-17T11:05:51.941 RX LT,12680,-150,150,116,173,-9,30,1,306,0,2,47
2026-07-17T11:05:51.941 RX LT,12700,-150,150,126,173,0,62,0,325,0,2,49
2026-07-17T11:05:52.048 RX LT,12720,-150,150,116,173,0,60,1,344,0,2,53
2026-07-17T11:05:52.048 RX LT,12740,-150,150,116,217,0,60,1,363,0,2,56
2026-07-17T11:05:52.048 RX LT,12760,-150,150,126,176,0,60,1,382,0,2,59
2026-07-17T11:05:52.048 RX LT,12780,-150,150,160,217,0,60,1,410,0,2,62
2026-07-17T11:05:52.048 RX LT,12800,-150,150,118,176,3,56,1,429,0,2,65
2026-07-17T11:05:52.171 RX LT,12820,-150,150,159,217,3,56,1,448,0,2,69
2026-07-17T11:05:52.171 RX LT,12840,-150,150,118,220,3,56,1,466,0,2,72
2026-07-17T11:05:52.171 RX LT,12860,-100,100,159,176,3,56,1,484,0,3,75
2026-07-17T11:05:52.171 RX LT,12880,-100,100,118,174,6,48,1,502,0,3,78
2026-07-17T11:05:52.171 RX LT,12900,-100,100,116,174,6,48,1,519,0,3,81
2026-07-17T11:05:52.171 RX LT,12920,-100,100,116,174,6,48,1,535,0,3,84
2026-07-17T11:05:52.298 RX LT,12940,-100,100,116,174,6,48,1,550,0,3,87
2026-07-17T11:05:52.298 RX LT,12960,-100,100,105,174,6,48,1,563,0,3,89
2026-07-17T11:05:52.298 RX LT,12980,-100,100,115,163,6,48,1,575,0,3,92
2026-07-17T11:05:52.298 RX LT,13000,-100,100,115,162,6,48,1,592,0,3,94
2026-07-17T11:05:52.298 RX LT,13020,-100,100,72,162,6,48,1,603,0,3,97
2026-07-17T11:05:52.298 RX LT,13040,-100,100,69,162,6,48,1,614,0,3,99
2026-07-17T11:05:52.405 RX LT,13060,-100,100,69,162,11,32,1,624,0,3,101
2026-07-17T11:05:52.405 RX LT,13080,-100,100,69,118,11,32,1,634,0,3,104
2026-07-17T11:05:52.405 RX LT,13100,-100,100,69,159,11,32,1,642,0,3,106
2026-07-17T11:05:52.405 RX LT,13120,-100,100,69,118,11,32,1,651,0,3,108
2026-07-17T11:05:52.405 RX LT,13140,-100,100,69,116,11,32,1,659,0,3,110
2026-07-17T11:05:52.528 RX LT,13160,-100,100,102,116,23,96,1,667,0,3,112
2026-07-17T11:05:52.529 RX LT,13180,-100,100,60,126,23,96,1,673,0,3,114
2026-07-17T11:05:52.529 RX LT,13200,-100,100,69,116,23,96,1,680,0,3,116
2026-07-17T11:05:52.529 RX LT,13220,-100,100,58,105,23,96,1,688,0,3,117
2026-07-17T11:05:52.529 RX LT,13240,-100,100,68,115,36,64,1,691,0,3,120
2026-07-17T11:05:52.529 RX LT,13260,-100,100,58,115,36,64,1,697,0,3,121
2026-07-17T11:05:52.636 RX LT,13280,-100,100,101,115,36,64,1,702,0,3,123
2026-07-17T11:05:52.636 RX LT,13300,-100,100,60,115,36,64,1,708,0,3,125
2026-07-17T11:05:52.636 RX LT,13320,-100,100,58,72,36,64,1,713,0,3,126
2026-07-17T11:05:52.636 RX LT,13340,-100,100,101,113,36,64,1,717,0,3,129
2026-07-17T11:05:52.636 RX LT,13360,-100,100,60,104,36,64,1,722,0,3,130
2026-07-17T11:05:52.758 RX LT,13380,-100,100,58,104,36,64,1,726,0,3,131
2026-07-17T11:05:52.758 RX LT,13400,-100,100,58,71,36,64,1,730,0,3,133
2026-07-17T11:05:52.758 RX LT,13420,-100,100,58,113,36,64,1,733,0,3,134
2026-07-17T11:05:52.758 RX LT,13440,-100,100,58,104,36,64,1,739,0,3,136
2026-07-17T11:05:52.758 RX LT,13460,-100,100,58,104,36,64,1,742,0,3,138
2026-07-17T11:05:52.758 RX LT,13480,-100,100,58,71,0,0,0,746,0,3,139
2026-07-17T11:05:52.884 RX LT,13500,-100,100,58,69,0,0,0,748,0,3,140
2026-07-17T11:05:52.885 RX LT,13520,-100,100,58,69,0,0,0,751,0,3,142
2026-07-17T11:05:52.885 RX LT,13540,-100,100,14,69,0,0,0,754,0,3,143
2026-07-17T11:05:52.885 RX LT,13560,-100,100,55,69,0,0,0,757,0,3,144
2026-07-17T11:05:52.885 RX LT,13580,-100,100,57,69,0,0,0,760,0,3,146
2026-07-17T11:05:52.885 RX LT,13600,-100,100,57,102,0,0,0,763,0,3,147
2026-07-17T11:05:53.010 RX LT,13620,-100,100,57,104,0,0,0,767,0,3,149
2026-07-17T11:05:53.010 RX LT,13640,-100,100,57,104,0,0,0,769,0,3,150
2026-07-17T11:05:53.010 RX LT,13660,-100,100,47,60,0,0,0,774,0,3,151
2026-07-17T11:05:53.010 RX LT,13680,-100,100,57,69,0,0,0,775,0,3,152
2026-07-17T11:05:53.010 RX LT,13700,-100,100,57,102,0,0,0,778,0,3,154
2026-07-17T11:05:53.010 RX LT,13720,-100,100,57,60,0,0,0,780,0,3,155
2026-07-17T11:05:53.136 RX LT,13740,-100,100,57,69,0,0,0,783,0,3,157
2026-07-17T11:05:53.136 RX LT,13760,-100,100,47,69,0,0,0,785,0,3,158
2026-07-17T11:05:53.136 RX LT,13780,-100,100,57,69,0,0,0,788,0,3,159
2026-07-17T11:05:53.136 RX LT,13800,-100,100,57,102,0,0,0,791,0,3,161
2026-07-17T11:05:53.136 RX LT,13820,-100,100,57,104,0,0,0,794,0,3,162
2026-07-17T11:05:53.136 RX LT,13840,-100,100,57,60,0,0,0,797,0,3,163
2026-07-17T11:05:53.261 RX LT,13860,-100,100,57,69,0,0,0,799,0,3,165
2026-07-17T11:05:53.261 RX LT,13880,-100,100,47,102,0,0,0,802,0,3,166
2026-07-17T11:05:53.261 RX LT,13900,-100,100,57,60,0,0,0,806,0,3,167
2026-07-17T11:05:53.261 RX LT,13920,-100,100,57,69,0,0,0,809,0,3,168
2026-07-17T11:05:53.261 RX LT,13940,-100,100,14,69,0,0,0,811,0,3,170
2026-07-17T11:05:53.261 RX LT,13960,-100,100,55,102,0,0,0,814,0,3,171
2026-07-17T11:05:53.456 RX LT,13980,-100,100,57,60,0,0,0,816,0,3,172
2026-07-17T11:05:53.456 RX LT,14000,-100,100,57,69,0,0,0,819,0,3,174
2026-07-17T11:05:53.456 RX LT,14020,-100,100,47,102,0,0,0,822,0,3,175
2026-07-17T11:05:53.456 RX LT,14040,-100,100,57,60,0,0,0,824,0,3,176
2026-07-17T11:05:53.456 RX SQUARE ERROR,GIMBAL CAPTURE TRAVEL LIMIT
2026-07-17T11:05:53.456 TX STOP
2026-07-17T11:05:53.456 TX STOP
2026-07-17T11:05:53.585 RX OK STOP
2026-07-17T11:05:53.585 RX OK STOP
2026-07-17T11:05:53.585 TX PROFILE GIMBAL
2026-07-17T11:05:53.640 RX OK PROFILE GIMBAL FLASH 3
2026-07-17T11:05:53.640 TX PARAM
2026-07-17T11:05:53.797 RX PARAM,x1000,PROFILE,1,FLASHVER,3,GUARDVER,9,LKP,350,LKI,100,RKP,500,RKI,350,LFF,460,RFF,437,LMIN,32,RMIN,26,SYNC,1000,BIAS,50,GSTART,10,LINEKP,6750,LINEKD,2000,TURNANGLE,900,TURNFAST,185,TURNSLOW,140,TURNMARGIN,180,TURNEXIT,140,TURNDIST,98
2026-07-17T11:05:53.797 RX PARAM,x1000,PROFILE,1,FLASHVER,3,GUARDVER,9,LKP,350,LKI,100,RKP,500,RKI,350,LFF,460,RFF,437,LMIN,32,RMIN,26,SYNC,1000,BIAS,50,GSTART,10,LINEKP,6750,LINEKD,2000,TURNANGLE,900,TURNFAST,185,TURNSLOW,140,TURNMARGIN,180,TURNEXIT,140,TURNDIST,98
2026-07-17T11:05:53.798 TX SET TURNSLOW 80 1048411130
2026-07-17T11:05:53.928 RX SA,1048411130,TURNSLOW,80
2026-07-17T11:05:53.928 TX SET LKP 350 1048411131
2026-07-17T11:05:54.064 RX SA,1048411131,LKP,350
2026-07-17T11:05:54.064 TX SET LKI 100 1048411132
2026-07-17T11:05:54.198 RX SA,1048411132,LKI,100
2026-07-17T11:05:54.198 TX SET LFF 460 1048411133
2026-07-17T11:05:54.328 RX SA,1048411133,LFF,460
2026-07-17T11:05:54.328 TX SET LMIN 32 1048411134
2026-07-17T11:05:54.464 RX SA,1048411134,LMIN,32
2026-07-17T11:05:54.464 TX SET RKP 500 1048411135
2026-07-17T11:05:54.598 RX SA,1048411135,RKP,500
2026-07-17T11:05:54.598 TX SET RKI 350 1048411136
2026-07-17T11:05:54.734 RX SA,1048411136,RKI,350
2026-07-17T11:05:54.734 TX SET RFF 437 1048411137
2026-07-17T11:05:54.873 RX SA,1048411137,RFF,437
2026-07-17T11:05:54.873 TX SET RMIN 26 1048411138
2026-07-17T11:05:55.010 RX SA,1048411138,RMIN,26
2026-07-17T11:05:55.010 TX SET SYNC 1000 1048411139
2026-07-17T11:05:55.149 RX SA,1048411139,SYNC,1000
2026-07-17T11:05:55.149 TX SET BIAS 50 1048411140
2026-07-17T11:05:55.282 RX SA,1048411140,BIAS,50
2026-07-17T11:05:55.282 TX SET LINEKP 6750 1048411141
2026-07-17T11:05:55.411 RX SA,1048411141,LINEKP,6750
2026-07-17T11:05:55.411 TX SET LINEKD 2000 1048411142
2026-07-17T11:05:55.543 RX SA,1048411142,LINEKD,2000
2026-07-17T11:05:55.543 TX SET TURNANGLE 900 1048411143
2026-07-17T11:05:55.681 RX SA,1048411143,TURNANGLE,900
2026-07-17T11:05:55.681 TX SET TURNFAST 185 1048411144
2026-07-17T11:05:55.810 RX SA,1048411144,TURNFAST,185
2026-07-17T11:05:55.810 TX SET TURNMARGIN 180 1048411145
2026-07-17T11:05:55.943 RX SA,1048411145,TURNMARGIN,180
2026-07-17T11:05:55.943 TX SET TURNEXIT 140 1048411146
2026-07-17T11:05:56.080 RX SA,1048411146,TURNEXIT,140
2026-07-17T11:05:56.080 TX SET TURNDIST 98 1048411147
2026-07-17T11:05:56.219 RX SA,1048411147,TURNDIST,98
2026-07-17T11:05:56.219 TX SET GSTART 0 1048411148
2026-07-17T11:05:56.349 RX SA,1048411148,GSTART,0
2026-07-17T11:05:56.349 TX SET TURNSLOW 140 1048411149
2026-07-17T11:05:56.488 RX SA,1048411149,TURNSLOW,140
2026-07-17T11:05:56.490 TX STOP
