2026-07-16T06:12:32.458 TX HELLO 843375161
2026-07-16T06:12:32.599 RX HELLO,843375161,2,STBY,HIGH,ENCODER_MM_X1000,580,SAMPLE_MS,10
2026-07-16T06:12:32.599 TX STOP
2026-07-16T06:12:32.733 RX OK STOP
2026-07-16T06:12:32.733 TX PARAM
2026-07-16T06:12:32.890 RX PARAM,x1000,PROFILE,1,FLASHVER,3,GUARDVER,5,LKP,350,LKI,100,RKP,500,RKI,350,LFF,460,RFF,437,LMIN,32,RMIN,26,SYNC,500,BIAS,80,GSTART,10,LINEKP,3000,LINEKD,800,TURNANGLE,900,TURNFAST,150,TURNSLOW,100,TURNMARGIN,300,TURNEXIT,100,TURNDIST,98
2026-07-16T06:12:32.890 TX SENSOR
2026-07-16T06:12:33.032 RX SENSOR,OK,24,0,93,0,24
2026-07-16T06:12:33.032 TX IMU
2026-07-16T06:12:33.164 RX IMU,OK,-970,24882,395,VER,1,1,0,0
2026-07-16T06:12:33.164 TX SET TURNSLOW 80 843375162
2026-07-16T06:12:33.315 RX SA,843375162,TURNSLOW,80
2026-07-16T06:12:33.315 TX SET TURNFAST 150 843375163
2026-07-16T06:12:33.458 RX SA,843375163,TURNFAST,150
2026-07-16T06:12:33.458 TX SET TURNSLOW 100 843375164
2026-07-16T06:12:33.582 RX SA,843375164,TURNSLOW,100
2026-07-16T06:12:33.582 TX SET TURNANGLE 900 843375165
2026-07-16T06:12:33.711 RX SA,843375165,TURNANGLE,900
2026-07-16T06:12:33.711 TX SET TURNMARGIN 300 843375166
2026-07-16T06:12:33.862 RX SA,843375166,TURNMARGIN,300
2026-07-16T06:12:33.862 TX SET TURNEXIT 100 843375167
2026-07-16T06:12:33.988 RX SA,843375167,TURNEXIT,100
2026-07-16T06:12:33.988 TX SET TURNDIST 98 843375168
2026-07-16T06:12:34.120 RX SA,843375168,TURNDIST,98
2026-07-16T06:12:34.120 TX SQUARE 120 1 843375169
2026-07-16T06:12:34.174 RX TEST START,SQUARE,120,1
2026-07-16T06:12:34.174 RX CSV,time_ms,mode,left_target,right_target,left_mmps,right_mmps,left_pwm,right_pwm,left_error,right_error,count_diff,line_error,line_mask,line_valid,yaw_x10,corner_count,square_state,turn_travel_mm
2026-07-16T06:12:34.174 RX SQ,843375169,OK
2026-07-16T06:12:34.265 RX PID,20,SQUARE,0,0,0,0,0,0,0,0,0,0,24,1,0,0,0,0
2026-07-16T06:12:34.265 RX PID,40,SQUARE,0,0,0,0,0,0,0,0,0,0,24,1,0,0,0,0
2026-07-16T06:12:34.265 RX PID,60,SQUARE,0,0,0,0,0,0,0,0,0,0,24,1,0,0,0,0
2026-07-16T06:12:34.265 RX PID,80,SQUARE,0,0,0,0,0,0,0,0,0,0,24,1,0,0,0,0
2026-07-16T06:12:34.265 RX PID,100,SQUARE,0,0,0,0,0,0,0,0,0,0,24,1,0,0,0,0
2026-07-16T06:12:34.379 RX PID,120,SQUARE,0,0,0,0,0,0,0,0,0,0,24,1,0,0,0,0
2026-07-16T06:12:34.379 RX PID,140,SQUARE,0,0,0,0,0,0,0,0,0,0,24,1,0,0,0,0
2026-07-16T06:12:34.379 RX PID,160,SQUARE,0,0,0,0,0,0,0,0,0,0,24,1,0,0,0,0
2026-07-16T06:12:34.379 RX PID,180,SQUARE,0,0,0,0,0,0,0,0,0,0,24,1,0,0,0,0
2026-07-16T06:12:34.379 RX PID,200,SQUARE,0,0,0,0,0,0,0,0,0,0,24,1,0,0,0,0
2026-07-16T06:12:34.494 RX PID,220,SQUARE,0,0,0,0,0,0,0,0,0,0,24,1,0,0,0,0
2026-07-16T06:12:34.494 RX PID,240,SQUARE,0,0,0,0,0,0,0,0,0,0,24,1,0,0,0,0
2026-07-16T06:12:34.494 RX PID,260,SQUARE,0,0,0,0,0,0,0,0,0,0,24,1,0,0,0,0
2026-07-16T06:12:34.494 RX PID,280,SQUARE,0,0,0,0,0,0,0,0,0,0,24,1,0,0,0,0
2026-07-16T06:12:34.494 RX PID,300,SQUARE,0,0,0,0,0,0,0,0,0,0,24,1,0,0,0,0
2026-07-16T06:12:34.494 RX PID,320,SQUARE,0,0,0,0,0,0,0,0,0,0,24,1,0,0,0,0
2026-07-16T06:12:34.582 RX PID,340,SQUARE,50,30,0,0,80,54,50,30,0,0,24,1,0,0,0,0
2026-07-16T06:12:34.582 RX PID,360,SQUARE,53,33,43,43,80,50,10,-10,0,0,24,1,0,0,0,0
2026-07-16T06:12:34.582 RX PID,380,SQUARE,54,34,10,10,80,52,44,24,0,0,24,1,0,0,0,0
2026-07-16T06:12:34.582 RX PID,400,SQUARE,58,38,0,0,80,61,58,38,0,0,24,1,0,0,0,0
2026-07-16T06:12:34.689 RX PID,420,SQUARE,60,40,0,0,80,63,60,40,0,0,24,1,0,0,0,0
2026-07-16T06:12:34.689 RX PID,440,SQUARE,62,42,0,0,82,66,62,42,0,0,24,1,0,0,0,0
2026-07-16T06:12:34.689 RX PID,460,SQUARE,65,45,0,0,83,68,65,45,0,0,24,1,0,0,0,0
2026-07-16T06:12:34.689 RX PID,480,SQUARE,67,47,0,0,85,70,67,47,0,0,24,1,0,0,0,0
2026-07-16T06:12:34.689 RX PID,500,SQUARE,70,50,0,0,88,74,70,50,0,0,24,1,0,0,0,0
2026-07-16T06:12:34.774 RX PID,520,SQUARE,72,52,0,0,91,76,72,52,0,0,24,1,0,0,0,0
2026-07-16T06:12:34.774 RX PID,540,SQUARE,74,54,0,0,92,78,74,54,0,0,24,1,0,0,0,0
2026-07-16T06:12:34.774 RX PID,560,SQUARE,77,57,0,0,94,81,77,57,0,0,24,1,0,0,0,0
2026-07-16T06:12:34.774 RX PID,580,SQUARE,79,59,0,0,96,83,79,59,0,0,24,1,0,0,0,0
2026-07-16T06:12:34.876 RX PID,600,SQUARE,84,60,0,0,100,86,84,60,0,0,24,1,1,0,0,0
2026-07-16T06:12:34.876 RX PID,620,SQUARE,85,61,0,0,101,86,85,61,0,0,24,1,1,0,0,0
2026-07-16T06:12:34.876 RX PID,640,SQUARE,88,64,0,0,104,90,88,64,0,0,24,1,1,0,0,0
2026-07-16T06:12:34.876 RX PID,660,SQUARE,90,66,0,0,106,92,90,66,0,0,24,1,1,0,0,0
2026-07-16T06:12:34.876 RX PID,680,SQUARE,93,69,0,0,108,95,93,69,0,0,24,1,1,0,0,0
2026-07-16T06:12:34.966 RX PID,700,SQUARE,94,70,0,0,109,97,94,70,0,0,24,1,1,0,0,0
2026-07-16T06:12:34.966 RX PID,720,SQUARE,96,76,0,0,111,104,96,76,0,0,24,1,1,0,0,0
2026-07-16T06:12:34.966 RX PID,740,SQUARE,98,78,0,0,114,106,98,78,0,0,24,1,1,0,0,0
2026-07-16T06:12:34.966 RX PID,760,SQUARE,100,80,0,0,116,107,100,80,0,0,24,1,2,0,0,0
2026-07-16T06:12:35.068 RX PID,780,SQUARE,103,83,10,0,114,111,93,83,1,0,24,1,2,0,0,0
2026-07-16T06:12:35.068 RX PID,800,SQUARE,108,84,0,10,121,108,108,74,0,0,24,1,2,0,0,0
2026-07-16T06:12:35.068 RX PID,820,SQUARE,110,86,0,0,123,115,110,86,0,0,24,1,3,0,0,0
2026-07-16T06:12:35.068 RX PID,840,SQUARE,112,88,0,0,126,118,112,88,0,0,24,1,3,0,0,0
2026-07-16T06:12:35.068 RX PID,860,SQUARE,115,91,0,0,128,120,115,91,0,0,24,1,4,0,0,0
2026-07-16T06:12:35.151 RX PID,880,SQUARE,117,93,0,10,129,118,117,83,-1,0,24,1,4,0,0,0
2026-07-16T06:12:35.151 RX PID,900,SQUARE,122,94,10,0,131,126,112,94,0,0,24,1,4,0,0,0
2026-07-16T06:12:35.151 RX PID,920,SQUARE,125,95,44,43,121,105,81,52,0,0,24,1,4,0,0,0
2026-07-16T06:12:35.151 RX PID,940,SQUARE,127,97,2,2,138,128,125,95,0,0,24,1,3,0,0,0
2026-07-16T06:12:35.238 RX PID,960,SQUARE,130,100,11,11,137,126,119,89,0,0,24,1,3,0,0,0
2026-07-16T06:12:35.238 RX PID,980,SQUARE,132,102,11,11,139,129,121,91,0,0,24,1,3,0,0,0
2026-07-16T06:12:35.238 RX PID,1000,SQUARE,133,107,11,55,140,112,122,52,-1,0,24,1,4,0,0,0
2026-07-16T06:12:35.238 RX PID,1020,SQUARE,131,109,55,46,123,119,76,63,0,0,24,1,4,0,0,0
2026-07-16T06:12:35.322 RX PID,1040,SQUARE,131,109,46,57,127,114,85,52,-1,0,24,1,4,0,0,0
2026-07-16T06:12:35.322 RX PID,1060,SQUARE,131,109,57,57,123,114,74,52,-1,0,24,1,5,0,0,0
2026-07-16T06:12:35.322 RX PID,1080,SQUARE,131,109,14,47,138,120,117,62,0,0,24,1,5,0,0,0
2026-07-16T06:12:35.322 RX PID,1100,SQUARE,131,109,47,55,127,116,84,54,-1,0,24,1,5,0,0,0
2026-07-16T06:12:35.406 RX PID,1120,SQUARE,132,108,25,57,135,115,107,51,-2,0,24,1,5,0,0,0
2026-07-16T06:12:35.406 RX PID,1140,SQUARE,134,106,55,68,126,108,79,38,-1,0,24,1,5,0,0,0
2026-07-16T06:12:35.406 RX PID,1160,SQUARE,134,106,68,58,122,113,66,48,-1,0,24,1,5,0,0,0
2026-07-16T06:12:35.406 RX PID,1180,SQUARE,133,107,58,101,126,92,75,6,-2,0,24,1,5,0,0,0
2026-07-16T06:12:35.487 RX PID,1200,SQUARE,134,106,101,60,111,113,33,46,-1,0,24,1,6,0,0,0
2026-07-16T06:12:35.487 RX PID,1220,SQUARE,134,106,60,101,125,92,74,5,-2,0,24,1,6,0,0,0
2026-07-16T06:12:35.487 RX PID,1240,SQUARE,134,106,69,104,122,91,65,2,-2,0,24,1,6,0,0,0
2026-07-16T06:12:35.487 RX PID,1260,SQUARE,135,105,102,71,112,106,33,34,-2,0,24,1,6,0,0,0
2026-07-16T06:12:35.574 RX PID,1280,SQUARE,133,107,104,102,110,92,29,5,-2,0,24,1,7,0,0,0
2026-07-16T06:12:35.574 RX PID,1300,SQUARE,133,107,104,71,110,108,29,36,-2,0,24,1,7,0,0,0
2026-07-16T06:12:35.574 RX PID,1320,SQUARE,135,105,104,69,111,107,31,36,-2,0,24,1,7,0,0,0
2026-07-16T06:12:35.574 RX PID,1340,SQUARE,134,106,104,113,110,87,30,-7,-3,0,24,1,8,0,0,0
2026-07-16T06:12:35.656 RX PID,1360,SQUARE,134,106,104,104,111,92,30,2,-3,0,24,1,8,0,0,0
2026-07-16T06:12:35.656 RX PID,1380,SQUARE,134,106,104,104,111,92,30,2,-3,0,24,1,8,0,0,0
2026-07-16T06:12:35.657 RX PID,1400,SQUARE,134,106,104,71,111,108,30,35,-3,0,24,1,8,0,0,0
2026-07-16T06:12:35.657 RX PID,1420,SQUARE,134,106,104,113,111,88,30,-7,-4,2,16,1,8,0,0,0
2026-07-16T06:12:35.743 RX PID,1440,SQUARE,134,106,113,71,108,108,21,35,-4,2,16,1,9,0,0,0
2026-07-16T06:12:35.743 RX PID,1460,SQUARE,135,105,69,104,125,90,66,1,-4,2,16,1,9,0,0,0
2026-07-16T06:12:35.743 RX PID,1480,SQUARE,135,105,69,71,125,107,66,34,-5,2,16,1,10,0,0,0
2026-07-16T06:12:35.743 RX PID,1500,SQUARE,136,104,102,113,113,86,34,-9,-5,2,16,1,11,0,0,0
2026-07-16T06:12:35.821 RX PID,1520,SQUARE,139,101,104,104,115,88,35,-3,-5,2,16,1,12,0,0,0
2026-07-16T06:12:35.821 RX PID,1540,SQUARE,139,101,71,71,126,104,68,30,-6,2,16,1,12,0,0,0
2026-07-16T06:12:35.821 RX PID,1560,SQUARE,139,101,113,113,113,83,26,-12,-5,0,24,1,13,0,0,0
2026-07-16T06:12:35.821 RX PID,1580,SQUARE,139,101,71,71,127,104,68,30,-5,0,24,1,13,0,0,0
2026-07-16T06:12:35.910 RX PID,1600,SQUARE,137,103,71,71,127,106,66,32,-5,2,16,1,12,0,0,0
2026-07-16T06:12:35.910 RX PID,1620,SQUARE,136,104,104,104,114,90,32,0,-5,2,16,1,12,0,0,0
2026-07-16T06:12:35.910 RX PID,1640,SQUARE,136,104,104,72,114,106,32,32,-5,2,16,1,13,0,0,0
2026-07-16T06:12:35.910 RX PID,1660,SQUARE,136,104,104,69,114,108,32,35,-6,2,16,1,14,0,0,0
2026-07-16T06:12:35.989 RX PID,1680,SQUARE,136,104,104,113,114,86,32,-9,-6,2,16,1,14,0,0,0
2026-07-16T06:12:35.989 RX PID,1700,SQUARE,138,102,71,104,127,89,67,-2,-6,2,16,1,15,0,0,0
2026-07-16T06:12:35.989 RX PID,1720,SQUARE,141,99,69,71,130,103,72,28,-6,2,16,1,15,0,0,0
2026-07-16T06:12:35.989 RX PID,1740,SQUARE,141,99,69,113,130,82,72,-14,-6,2,16,1,15,0,0,0
2026-07-16T06:12:36.075 RX PID,1760,SQUARE,141,99,104,71,117,103,37,28,-6,2,16,1,15,0,0,0
2026-07-16T06:12:36.075 RX PID,1780,SQUARE,141,99,104,71,118,103,37,28,-6,2,16,1,16,0,0,0
2026-07-16T06:12:36.075 RX PID,1800,SQUARE,139,101,104,113,117,84,35,-12,-7,2,16,1,16,0,0,0
2026-07-16T06:12:36.075 RX PID,1820,SQUARE,137,103,71,104,128,91,66,-1,-7,2,16,1,16,0,0,0
2026-07-16T06:12:36.158 RX PID,1840,SQUARE,137,103,104,113,116,86,33,-10,-8,2,16,1,17,0,0,0
2026-07-16T06:12:36.158 RX PID,1860,SQUARE,137,103,104,105,116,90,33,-2,-7,2,16,1,17,0,0,0
2026-07-16T06:12:36.158 RX PID,1880,SQUARE,137,103,69,113,128,86,68,-10,-7,2,16,1,17,0,0,0
2026-07-16T06:12:36.158 RX PID,1900,SQUARE,137,103,113,104,113,91,24,-1,-8,2,16,1,18,0,0,0
2026-07-16T06:12:36.238 RX PID,1920,SQUARE,140,100,69,104,130,87,71,-4,-8,2,16,1,18,0,0,0
2026-07-16T06:12:36.238 RX PID,1940,SQUARE,140,100,69,115,130,82,71,-15,-8,2,16,1,18,0,0,0
2026-07-16T06:12:36.238 RX PID,1960,SQUARE,140,100,113,105,115,87,27,-5,-8,2,16,1,19,0,0,0
2026-07-16T06:12:36.238 RX PID,1980,SQUARE,140,100,71,113,130,83,69,-13,-8,2,16,1,19,0,0,0
2026-07-16T06:12:36.328 RX PID,2000,SQUARE,144,96,71,113,134,79,73,-17,-9,6,48,1,19,0,0,0
2026-07-16T06:12:36.328 RX PID,2020,SQUARE,147,93,104,71,125,97,43,22,-8,6,48,1,19,0,0,0
2026-07-16T06:12:36.328 RX PID,2040,SQUARE,156,84,104,71,132,88,52,13,-8,6,48,1,19,0,0,0
2026-07-16T06:12:36.328 RX PID,2060,SQUARE,156,84,104,69,132,89,52,15,-9,6,48,1,19,0,0,0
2026-07-16T06:12:36.412 RX PID,2080,SQUARE,156,84,71,113,143,68,85,-29,-9,6,48,1,19,0,0,0
2026-07-16T06:12:36.412 RX PID,2100,SQUARE,154,86,113,72,127,90,41,14,-8,6,48,1,19,0,0,0
2026-07-16T06:12:36.412 RX PID,2120,SQUARE,154,86,72,113,141,69,82,-27,-9,6,48,1,19,0,0,0
2026-07-16T06:12:36.412 RX PID,2140,SQUARE,154,86,113,104,127,73,41,-18,-8,6,48,1,19,0,0,0
2026-07-16T06:12:36.490 RX PID,2160,SQUARE,154,86,159,115,112,68,-5,-29,-7,6,48,1,18,0,0,0
2026-07-16T06:12:36.490 RX PID,2180,SQUARE,154,86,118,115,125,68,36,-29,-7,6,48,1,18,0,0,0
2026-07-16T06:12:36.490 RX PID,2200,SQUARE,152,88,72,72,141,91,80,16,-6,6,48,1,16,0,0,0
2026-07-16T06:12:36.490 RX PID,2220,SQUARE,148,92,113,113,124,75,35,-21,-6,6,48,1,15,0,0,0
2026-07-16T06:12:36.580 RX PID,2240,SQUARE,147,93,126,115,118,74,21,-22,-6,6,48,1,14,0,0,0
2026-07-16T06:12:36.581 RX PID,2260,SQUARE,147,93,73,115,136,74,74,-22,-6,6,48,1,13,0,0,0
2026-07-16T06:12:36.581 RX PID,2280,SQUARE,147,93,105,115,125,73,42,-22,-6,6,48,1,12,0,0,0
2026-07-16T06:12:36.581 RX PID,2300,SQUARE,145,95,115,113,120,76,30,-18,-6,6,48,1,12,0,0,0
2026-07-16T06:12:36.666 RX PID,2320,SQUARE,144,96,115,72,120,97,29,24,-5,6,48,1,11,0,0,0
2026-07-16T06:12:36.666 RX PID,2340,SQUARE,144,96,72,113,135,77,72,-17,-5,6,48,1,11,0,0,0
2026-07-16T06:12:36.666 RX PID,2360,SQUARE,144,96,113,104,120,81,31,-8,-5,6,48,1,10,0,0,0
2026-07-16T06:12:36.666 RX PID,2380,SQUARE,144,96,115,71,120,97,29,25,-5,6,48,1,10,0,0,0
2026-07-16T06:12:36.747 RX PID,2400,SQUARE,145,95,72,113,135,76,73,-18,-4,6,48,1,9,0,0,0
2026-07-16T06:12:36.747 RX PID,2420,SQUARE,145,95,105,71,124,97,40,24,-4,6,48,1,9,0,0,0
2026-07-16T06:12:36.747 RX PID,2440,SQUARE,145,95,115,71,120,97,30,24,-3,6,48,1,8,0,0,0
2026-07-16T06:12:36.747 RX PID,2460,SQUARE,145,95,105,69,125,99,40,26,-4,6,48,1,7,0,0,0
2026-07-16T06:12:36.832 RX PID,2480,SQUARE,145,95,115,113,121,76,30,-18,-3,6,48,1,7,0,0,0
2026-07-16T06:12:36.832 RX PID,2500,SQUARE,144,96,105,104,124,81,39,-8,-3,6,48,1,6,0,0,0
2026-07-16T06:12:36.832 RX PID,2520,SQUARE,144,96,115,71,121,97,29,25,-3,6,48,1,6,0,0,0
2026-07-16T06:12:36.832 RX PID,2540,SQUARE,144,96,115,113,121,77,29,-17,-2,6,48,1,5,0,0,0
2026-07-16T06:12:36.913 RX PID,2560,SQUARE,144,96,105,72,124,97,39,24,-3,6,48,1,5,0,0,0
2026-07-16T06:12:36.913 RX PID,2580,SQUARE,144,96,115,113,121,77,29,-17,-2,6,48,1,4,0,0,0
2026-07-16T06:12:36.913 RX PID,2600,SQUARE,143,97,115,72,119,98,28,25,-1,6,48,1,3,0,0,0
2026-07-16T06:12:36.913 RX PID,2620,SQUARE,143,97,115,113,119,78,28,-16,-1,6,48,1,2,0,0,0
2026-07-16T06:12:36.997 RX PID,2640,SQUARE,143,97,115,115,119,77,28,-18,-1,6,48,1,2,0,0,0
2026-07-16T06:12:36.997 RX PID,2660,SQUARE,143,97,115,105,119,82,28,-8,0,6,48,1,1,0,0,0
2026-07-16T06:12:36.997 RX PID,2680,SQUARE,143,97,72,115,134,77,71,-18,0,6,48,1,0,0,0,0
2026-07-16T06:12:36.997 RX PID,2700,SQUARE,142,98,113,105,120,83,29,-7,0,6,48,1,0,0,0,0
2026-07-16T06:12:37.084 RX PID,2720,SQUARE,142,98,115,71,119,99,27,27,0,6,48,1,-1,0,0,0
2026-07-16T06:12:37.084 RX PID,2740,SQUARE,142,98,115,113,119,79,27,-15,1,6,48,1,-1,0,0,0
2026-07-16T06:12:37.084 RX PID,2760,SQUARE,142,98,105,72,123,99,37,26,1,6,48,1,-2,0,0,0
2026-07-16T06:12:37.084 RX PID,2780,SQUARE,142,98,115,113,120,79,27,-15,1,6,48,1,-2,0,0,0
2026-07-16T06:12:37.084 RX PID,2800,SQUARE,141,99,115,72,119,100,26,27,2,6,48,1,-3,0,0,0
2026-07-16T06:12:37.183 RX PID,2820,SQUARE,141,99,115,113,119,80,26,-14,2,6,48,1,-3,0,0,0
2026-07-16T06:12:37.183 RX PID,2840,SQUARE,141,99,105,72,122,100,36,27,2,6,48,1,-4,0,0,0
2026-07-16T06:12:37.183 RX PID,2860,SQUARE,141,99,113,105,119,84,28,-6,2,6,48,1,-4,0,0,0
2026-07-16T06:12:37.183 RX PID,2880,SQUARE,141,99,115,72,119,100,26,27,3,6,48,1,-5,0,0,0
2026-07-16T06:12:37.268 RX PID,2900,SQUARE,141,99,115,105,119,84,26,-6,3,6,48,1,-5,0,0,0
2026-07-16T06:12:37.268 RX PID,2920,SQUARE,143,97,105,72,124,98,38,25,3,6,48,1,-5,0,0,0
2026-07-16T06:12:37.268 RX PID,2940,SQUARE,143,97,115,113,120,78,28,-16,3,6,48,1,-6,0,0,0
2026-07-16T06:12:37.268 RX PID,2960,SQUARE,143,97,115,104,120,83,28,-7,4,6,48,1,-7,0,0,0
2026-07-16T06:12:37.352 RX PID,2980,SQUARE,143,97,105,104,124,83,38,-7,4,6,48,1,-7,0,0,0
2026-07-16T06:12:37.352 RX PID,3000,SQUARE,142,98,115,71,120,99,27,27,4,6,48,1,-7,0,0,0
2026-07-16T06:12:37.352 RX PID,3020,SQUARE,142,98,105,113,124,79,37,-15,4,6,48,1,-7,0,0,0
2026-07-16T06:12:37.352 RX PID,3040,SQUARE,142,98,115,104,121,83,27,-6,5,6,48,1,-7,0,0,0
2026-07-16T06:12:37.427 RX PID,3060,SQUARE,142,98,72,113,136,79,70,-15,5,6,48,1,-7,0,0,0
2026-07-16T06:12:37.427 RX PID,3080,SQUARE,142,98,115,113,121,79,27,-15,5,6,48,1,-8,0,0,0
2026-07-16T06:12:37.427 RX PID,3100,SQUARE,141,99,115,104,120,85,26,-5,6,6,48,1,-9,0,0,0
2026-07-16T06:12:37.427 RX PID,3120,SQUARE,141,99,105,71,123,101,36,28,5,6,48,1,-9,0,0,0
2026-07-16T06:12:37.515 RX PID,3140,SQUARE,141,99,115,113,120,80,26,-14,6,6,48,1,-9,0,0,0
2026-07-16T06:12:37.515 RX PID,3160,SQUARE,141,99,105,104,123,85,36,-5,6,6,48,1,-9,0,0,0
2026-07-16T06:12:37.515 RX PID,3180,SQUARE,141,99,115,115,120,79,26,-16,6,6,48,1,-9,0,0,0
2026-07-16T06:12:37.515 RX PID,3200,SQUARE,143,97,105,105,125,82,38,-8,6,6,48,1,-10,0,0,0
2026-07-16T06:12:37.598 RX PID,3220,SQUARE,143,97,115,104,121,83,28,-7,7,6,48,1,-10,0,0,0
2026-07-16T06:12:37.598 RX PID,3240,SQUARE,143,97,72,71,136,99,71,26,6,6,48,1,-11,0,0,0
2026-07-16T06:12:37.598 RX PID,3260,SQUARE,143,97,113,113,122,78,30,-16,7,6,48,1,-11,0,0,0
2026-07-16T06:12:37.598 RX PID,3280,SQUARE,143,97,72,104,137,83,71,-7,8,6,48,1,-12,0,0,0
2026-07-16T06:12:37.682 RX PID,3300,SQUARE,141,99,113,104,121,85,28,-5,8,6,48,1,-12,0,0,0
2026-07-16T06:12:37.682 RX PID,3320,SQUARE,140,100,115,115,120,80,25,-15,8,6,48,1,-12,0,0,0
2026-07-16T06:12:37.682 RX PID,3340,SQUARE,140,100,105,105,124,85,35,-5,8,6,48,1,-13,0,0,0
2026-07-16T06:12:37.682 RX PID,3360,SQUARE,140,100,115,71,120,101,25,29,9,6,48,1,-13,0,0,0
2026-07-16T06:12:37.771 RX PID,3380,SQUARE,137,103,115,113,118,84,22,-10,9,2,16,1,-14,0,0,0
2026-07-16T06:12:37.771 RX PID,3400,SQUARE,131,109,72,104,128,93,59,5,9,2,16,1,-14,0,0,0
2026-07-16T06:12:37.771 RX PID,3420,SQUARE,125,115,113,115,109,94,12,0,9,2,16,1,-14,0,0,0
2026-07-16T06:12:37.771 RX PID,3440,SQUARE,122,118,72,105,121,102,50,13,9,2,16,1,-15,0,0,0
2026-07-16T06:12:37.851 RX PID,3460,SQUARE,122,118,105,113,109,98,17,5,9,2,16,1,-14,0,0,0
2026-07-16T06:12:37.851 RX PID,3480,SQUARE,122,118,72,105,121,102,50,13,9,2,16,1,-14,0,0,0
2026-07-16T06:12:37.851 RX PID,3500,SQUARE,124,116,113,115,108,95,11,1,9,2,16,1,-14,0,0,0
2026-07-16T06:12:37.851 RX PID,3520,SQUARE,126,114,72,72,123,115,54,42,9,2,16,1,-14,0,0,0
2026-07-16T06:12:37.938 RX PID,3540,SQUARE,126,114,105,105,112,98,21,9,9,2,16,1,-13,0,0,0
2026-07-16T06:12:37.938 RX PID,3560,SQUARE,126,114,72,104,123,99,54,10,10,2,16,1,-13,0,0,0
2026-07-16T06:12:37.939 RX PID,3580,SQUARE,126,114,113,115,109,94,13,-1,9,2,16,1,-13,0,0,0
2026-07-16T06:12:37.939 RX PID,3600,SQUARE,127,113,115,105,110,98,12,8,10,2,16,1,-13,0,0,0
2026-07-16T06:12:38.018 RX PID,3620,SQUARE,127,113,105,115,113,93,22,-2,9,2,16,1,-13,0,0,0
2026-07-16T06:12:38.018 RX PID,3640,SQUARE,129,111,115,115,111,91,14,-4,9,2,16,1,-12,0,0,0
2026-07-16T06:12:38.018 RX PID,3660,SQUARE,128,112,72,105,126,97,56,7,9,2,16,1,-12,0,0,0
2026-07-16T06:12:38.018 RX PID,3680,SQUARE,128,112,113,71,112,114,15,41,9,2,16,1,-12,0,0,0
2026-07-16T06:12:38.083 RX PID,3700,SQUARE,127,113,115,113,111,95,12,0,10,2,16,1,-12,0,0,0
2026-07-16T06:12:38.083 RX PID,3720,SQUARE,128,112,105,72,115,114,23,40,11,2,16,1,-12,0,0,0
2026-07-16T06:12:38.083 RX PID,3740,SQUARE,128,112,115,113,111,94,13,-1,10,2,16,1,-12,0,0,0
2026-07-16T06:12:38.172 RX PID,3760,SQUARE,128,112,115,115,111,93,13,-3,10,2,16,1,-12,0,0,0
2026-07-16T06:12:38.172 RX PID,3780,SQUARE,128,112,105,72,115,114,23,40,10,2,16,1,-12,0,0,0
2026-07-16T06:12:38.172 RX PID,3800,SQUARE,126,114,115,113,109,95,11,1,10,2,16,1,-12,0,0,0
2026-07-16T06:12:38.172 RX PID,3820,SQUARE,126,114,115,115,109,95,11,-1,10,2,16,1,-12,0,0,0
2026-07-16T06:12:38.248 RX PID,3840,SQUARE,126,114,72,72,124,116,54,42,11,2,16,1,-11,0,0,0
2026-07-16T06:12:38.248 RX PID,3860,SQUARE,126,114,113,113,110,95,13,1,10,2,16,1,-11,0,0,0
2026-07-16T06:12:38.248 RX PID,3880,SQUARE,126,114,115,115,109,95,11,-1,10,2,16,1,-12,0,0,0
2026-07-16T06:12:38.248 RX PID,3900,SQUARE,128,112,115,72,111,114,13,40,11,2,16,1,-11,0,0,0
2026-07-16T06:12:38.340 RX PID,3920,SQUARE,128,112,115,113,111,94,13,-1,11,2,16,1,-11,0,0,0
2026-07-16T06:12:38.340 RX PID,3940,SQUARE,130,110,105,115,116,92,25,-5,11,2,16,1,-11,0,0,0
2026-07-16T06:12:38.340 RX PID,3960,SQUARE,130,110,115,105,113,96,15,5,11,2,16,1,-11,0,0,0
2026-07-16T06:12:38.340 RX PID,3980,SQUARE,128,112,115,113,111,94,13,-1,11,2,16,1,-11,0,0,0
2026-07-16T06:12:38.423 RX PID,4000,SQUARE,127,113,115,115,111,94,12,-2,11,2,16,1,-12,0,0,0
2026-07-16T06:12:38.423 RX PID,4020,SQUARE,124,116,115,105,109,102,9,11,11,2,16,1,-12,0,0,0
2026-07-16T06:12:38.423 RX PID,4040,SQUARE,124,116,72,115,124,97,52,1,12,2,16,1,-12,0,0,0
2026-07-16T06:12:38.423 RX PID,4060,SQUARE,124,116,113,115,109,97,11,1,11,2,16,1,-12,0,0,0
2026-07-16T06:12:38.504 RX PID,4080,SQUARE,124,116,115,115,109,97,9,1,11,2,16,1,-12,0,0,0
2026-07-16T06:12:38.504 RX PID,4100,SQUARE,126,114,115,115,109,96,11,-1,11,2,16,1,-12,0,0,0
2026-07-16T06:12:38.504 RX PID,4120,SQUARE,126,114,115,115,109,96,11,-1,11,2,16,1,-12,0,0,0
2026-07-16T06:12:38.504 RX PID,4140,SQUARE,126,114,115,115,109,96,11,-1,11,2,16,1,-12,0,0,0
2026-07-16T06:12:38.589 RX PID,4160,SQUARE,126,114,115,115,109,96,11,-1,11,2,16,1,-12,0,0,0
2026-07-16T06:12:38.589 RX PID,4180,SQUARE,126,114,115,115,109,96,11,-1,11,2,16,1,-12,0,0,0
2026-07-16T06:12:38.589 RX PID,4200,SQUARE,126,114,115,72,109,117,11,42,12,2,16,1,-12,0,0,0
2026-07-16T06:12:38.589 RX PID,4220,SQUARE,125,115,115,115,109,97,10,0,12,2,16,1,-12,0,0,0
2026-07-16T06:12:38.670 RX PID,4240,SQUARE,126,114,115,115,109,96,11,-1,12,2,16,1,-12,0,0,0
2026-07-16T06:12:38.670 RX PID,4260,SQUARE,126,114,115,115,110,96,11,-1,12,2,16,1,-12,0,0,0
2026-07-16T06:12:38.670 RX PID,4280,SQUARE,126,114,115,72,110,117,11,42,12,2,16,1,-12,0,0,0
2026-07-16T06:12:38.670 RX PID,4300,SQUARE,125,115,115,113,110,98,10,2,13,2,16,1,-12,0,0,0
2026-07-16T06:12:38.757 RX PID,4320,SQUARE,125,115,72,115,125,97,53,0,13,2,16,1,-12,0,0,0
2026-07-16T06:12:38.757 RX PID,4340,SQUARE,126,114,107,115,113,96,19,-1,12,2,16,1,-12,0,0,0
2026-07-16T06:12:38.757 RX PID,4360,SQUARE,127,113,115,115,112,95,12,-2,12,2,16,1,-11,0,0,0
2026-07-16T06:12:38.757 RX PID,4380,SQUARE,126,114,115,115,110,96,11,-1,12,2,16,1,-11,0,0,0
2026-07-16T06:12:38.840 RX PID,4400,SQUARE,125,115,115,105,110,102,10,10,13,2,16,1,-12,0,0,0
2026-07-16T06:12:38.840 RX PID,4420,SQUARE,125,115,105,115,114,97,20,0,12,2,16,1,-12,0,0,0
2026-07-16T06:12:38.840 RX PID,4440,SQUARE,127,113,115,115,112,95,12,-2,12,2,16,1,-11,0,0,0
2026-07-16T06:12:38.840 RX PID,4460,SQUARE,126,114,105,105,114,100,21,9,12,2,16,1,-10,0,0,0
2026-07-16T06:12:38.903 RX PID,4480,SQUARE,126,114,115,115,110,96,11,-1,12,2,16,1,-10,0,0,0
2026-07-16T06:12:38.903 RX PID,4500,SQUARE,128,112,115,72,112,115,13,40,13,2,16,1,-10,0,0,0
2026-07-16T06:12:38.903 RX PID,4520,SQUARE,130,110,115,113,114,94,15,-3,13,0,24,1,-11,0,0,0
2026-07-16T06:12:38.990 RX PID,4540,SQUARE,131,109,115,115,115,91,16,-6,13,0,24,1,-11,0,0,0
2026-07-16T06:12:38.990 RX PID,4560,SQUARE,131,109,105,72,119,113,26,37,12,0,24,1,-11,0,0,0
2026-07-16T06:12:38.990 RX PID,4580,SQUARE,131,109,115,113,115,93,16,-4,13,0,24,1,-11,0,0,0
2026-07-16T06:12:38.990 RX PID,4600,SQUARE,129,111,72,115,128,93,57,-4,12,0,24,1,-11,0,0,0
2026-07-16T06:12:39.070 RX PID,4620,SQUARE,125,115,113,105,111,103,12,10,13,0,24,1,-11,0,0,0
2026-07-16T06:12:39.070 RX PID,4640,SQUARE,125,115,115,115,110,98,10,0,13,0,24,1,-11,0,0,0
2026-07-16T06:12:39.070 RX PID,4660,SQUARE,125,115,72,115,125,98,53,0,12,0,24,1,-11,0,0,0
2026-07-16T06:12:39.070 RX PID,4680,SQUARE,125,115,113,72,111,119,12,43,12,0,24,1,-11,0,0,0
2026-07-16T06:12:39.158 RX PID,4700,SQUARE,127,113,115,113,112,97,12,0,13,0,24,1,-11,0,0,0
2026-07-16T06:12:39.158 RX PID,4720,SQUARE,127,113,115,115,112,96,12,-2,13,0,24,1,-11,0,0,0
2026-07-16T06:12:39.158 RX PID,4740,SQUARE,127,113,105,105,115,101,22,8,13,0,24,1,-11,0,0,0
2026-07-16T06:12:39.158 RX PID,4760,SQUARE,127,113,115,115,112,96,12,-2,13,0,24,1,-11,0,0,0
2026-07-16T06:12:39.242 RX PID,4780,SQUARE,127,113,115,115,113,96,12,-2,13,0,24,1,-11,0,0,0
2026-07-16T06:12:39.242 RX PID,4800,SQUARE,127,113,115,115,113,96,12,-2,13,0,24,1,-11,0,0,0
2026-07-16T06:12:39.242 RX PID,4820,SQUARE,127,113,115,72,113,117,12,41,13,0,24,1,-11,0,0,0
2026-07-16T06:12:39.242 RX PID,4840,SQUARE,127,113,72,113,128,97,55,0,14,0,24,1,-11,0,0,0
2026-07-16T06:12:39.322 RX PID,4860,SQUARE,127,113,113,115,113,96,14,-2,13,0,24,1,-11,0,0,0
2026-07-16T06:12:39.322 RX PID,4880,SQUARE,127,113,115,115,113,96,12,-2,13,0,24,1,-11,0,0,0
2026-07-16T06:12:39.322 RX PID,4900,SQUARE,125,115,115,105,111,103,10,10,14,0,24,1,-12,0,0,0
2026-07-16T06:12:39.322 RX PID,4920,SQUARE,124,116,115,115,111,98,9,1,14,0,24,1,-12,0,0,0
2026-07-16T06:12:39.399 RX PID,4940,SQUARE,124,116,72,115,126,98,52,1,13,0,24,1,-12,0,0,0
2026-07-16T06:12:39.399 RX PID,4960,SQUARE,124,116,115,72,111,120,9,44,13,0,24,1,-12,0,0,0
2026-07-16T06:12:39.399 RX PID,4980,SQUARE,124,116,115,113,111,100,9,3,14,0,24,1,-12,0,0,0
2026-07-16T06:12:39.399 RX PID,5000,SQUARE,126,114,72,115,126,98,54,-1,14,0,24,1,-12,0,0,0
2026-07-16T06:12:39.490 RX PID,5020,SQUARE,126,114,113,105,112,102,13,9,14,0,24,1,-12,0,0,0
2026-07-16T06:12:39.490 RX PID,5040,SQUARE,126,114,115,115,111,98,11,-1,14,0,24,1,-12,0,0,0
2026-07-16T06:12:39.490 RX PID,5060,SQUARE,126,114,115,115,111,98,11,-1,14,0,24,1,-12,0,0,0
2026-07-16T06:12:39.490 RX PID,5080,SQUARE,126,114,115,115,111,98,11,-1,14,0,24,1,-12,0,0,0
2026-07-16T06:12:39.569 RX PID,5100,SQUARE,126,114,115,115,111,98,11,-1,14,0,24,1,-12,0,0,0
2026-07-16T06:12:39.569 RX PID,5120,SQUARE,126,114,72,105,126,102,54,9,14,0,24,1,-12,0,0,0
2026-07-16T06:12:39.569 RX PID,5140,SQUARE,126,114,113,115,112,98,13,-1,14,0,24,1,-13,0,0,0
2026-07-16T06:12:39.569 RX PID,5160,SQUARE,126,114,115,115,111,98,11,-1,14,0,24,1,-13,0,0,0
2026-07-16T06:12:39.658 RX PID,5180,SQUARE,126,114,115,72,111,119,11,42,14,0,24,1,-13,0,0,0
2026-07-16T06:12:39.659 RX PID,5200,SQUARE,124,116,115,113,111,100,9,3,15,0,24,1,-13,0,0,0
2026-07-16T06:12:39.659 RX PID,5220,SQUARE,124,116,115,115,111,99,9,1,15,0,24,1,-13,0,0,0
2026-07-16T06:12:39.659 RX PID,5240,SQUARE,124,116,105,115,114,99,19,1,15,0,24,1,-13,0,0,0
2026-07-16T06:12:39.741 RX PID,5260,SQUARE,124,116,115,115,111,99,9,1,14,0,24,1,-13,0,0,0
2026-07-16T06:12:39.741 RX PID,5280,SQUARE,124,116,115,115,111,99,9,1,14,0,24,1,-13,0,0,0
2026-07-16T06:12:39.741 RX PID,5300,SQUARE,124,116,115,115,111,99,9,1,14,0,24,1,-14,0,0,0
2026-07-16T06:12:39.741 RX PID,5320,SQUARE,124,116,115,105,111,104,9,11,14,0,24,1,-14,0,0,0
2026-07-16T06:12:39.823 RX PID,5340,SQUARE,124,116,115,115,111,99,9,1,15,0,24,1,-14,0,0,0
2026-07-16T06:12:39.823 RX PID,5360,SQUARE,124,116,115,115,111,99,9,1,15,0,24,1,-14,0,0,0
2026-07-16T06:12:39.823 RX PID,5380,SQUARE,124,116,115,115,111,99,9,1,15,0,24,1,-14,0,0,0
2026-07-16T06:12:39.823 RX PID,5400,SQUARE,126,114,115,115,111,98,11,-1,15,0,24,1,-14,0,0,0
2026-07-16T06:12:39.891 RX PID,5420,SQUARE,126,114,115,115,111,98,11,-1,15,0,24,1,-14,0,0,0
2026-07-16T06:12:39.891 RX PID,5440,SQUARE,126,114,115,115,111,98,11,-1,15,0,24,1,-15,0,0,0
2026-07-16T06:12:39.891 RX PID,5460,SQUARE,126,114,115,105,111,102,11,9,15,0,24,1,-15,0,0,0
2026-07-16T06:12:39.976 RX PID,5480,SQUARE,126,114,115,158,112,76,11,-44,15,0,24,1,-15,0,0,0
2026-07-16T06:12:39.976 RX PID,5500,SQUARE,124,116,115,75,112,119,9,41,15,0,24,1,-15,0,0,0
2026-07-16T06:12:39.976 RX PID,5520,SQUARE,123,117,115,124,110,97,8,-7,15,0,24,1,-15,0,0,0
2026-07-16T06:12:39.976 RX PID,5540,SQUARE,123,117,115,116,110,100,8,1,16,0,24,1,-15,0,0,0
2026-07-16T06:12:40.058 RX PID,5560,SQUARE,123,117,159,116,96,100,-36,1,16,0,24,1,-15,0,0,0
2026-07-16T06:12:40.058 RX PID,5580,SQUARE,123,117,118,116,109,100,5,1,16,0,24,1,-15,0,0,0
2026-07-16T06:12:40.058 RX PID,5600,SQUARE,123,117,116,72,110,122,7,45,16,0,24,1,-16,0,0,0
2026-07-16T06:12:40.059 RX PID,5620,SQUARE,123,117,105,113,114,103,18,4,16,0,24,1,-16,0,0,0
2026-07-16T06:12:40.141 RX PID,5640,SQUARE,123,117,71,72,126,123,52,45,16,0,24,1,-16,0,0,0
2026-07-16T06:12:40.141 RX PID,5660,SQUARE,123,117,102,69,115,125,21,48,16,0,24,1,-15,0,0,0
2026-07-16T06:12:40.141 RX PID,5680,SQUARE,123,117,115,113,110,103,8,4,16,0,24,1,-15,0,0,0
2026-07-16T06:12:40.141 RX PID,5700,SQUARE,125,115,115,126,112,95,10,-11,15,0,24,1,-14,0,0,0
2026-07-16T06:12:40.226 RX PID,5720,SQUARE,129,111,115,116,115,96,14,-5,15,0,24,1,-14,0,0,0
2026-07-16T06:12:40.226 RX PID,5740,SQUARE,130,110,105,105,119,100,25,5,15,0,24,1,-13,0,0,0
2026-07-16T06:12:40.226 RX PID,5760,SQUARE,131,109,115,158,117,73,16,-49,14,0,24,1,-12,0,0,0
2026-07-16T06:12:40.226 RX PID,5780,SQUARE,130,110,72,118,131,94,58,-8,14,0,24,1,-11,0,0,0
2026-07-16T06:12:40.308 RX PID,5800,SQUARE,130,110,105,73,119,116,25,37,14,0,24,1,-11,0,0,0
2026-07-16T06:12:40.308 RX PID,5820,SQUARE,133,107,115,115,119,92,18,-8,14,0,24,1,-11,0,0,0
2026-07-16T06:12:40.308 RX PID,5840,SQUARE,133,107,72,115,134,92,61,-8,14,0,24,1,-11,0,0,0
2026-07-16T06:12:40.308 RX PID,5860,SQUARE,133,107,105,72,122,113,28,35,14,0,24,1,-11,0,0,0
2026-07-16T06:12:40.392 RX PID,5880,SQUARE,133,107,115,115,119,92,18,-8,14,0,24,1,-11,0,0,0
2026-07-16T06:12:40.392 RX PID,5900,SQUARE,131,109,105,115,121,94,26,-6,13,0,24,1,-11,0,0,0
2026-07-16T06:12:40.392 RX PID,5920,SQUARE,127,113,115,105,114,103,12,8,14,0,24,1,-12,0,0,0
2026-07-16T06:12:40.392 RX PID,5940,SQUARE,127,113,115,115,114,98,12,-2,14,0,24,1,-12,0,0,0
2026-07-16T06:12:40.475 RX PID,5960,SQUARE,127,113,72,115,129,98,55,-2,14,0,24,1,-12,0,0,0
2026-07-16T06:12:40.475 RX PID,5980,SQUARE,128,112,113,115,116,97,15,-3,13,0,24,1,-11,0,0,0
2026-07-16T06:12:40.475 RX PID,6000,SQUARE,129,111,115,115,116,96,14,-4,13,-2,8,1,-10,0,0,0
2026-07-16T06:12:40.475 RX PID,6020,SQUARE,129,111,105,115,120,96,24,-4,12,-2,8,1,-10,0,0,0
2026-07-16T06:12:40.560 RX PID,6040,SQUARE,129,111,115,105,116,101,14,6,12,-2,8,1,-11,0,0,0
2026-07-16T06:12:40.560 RX PID,6060,SQUARE,129,111,115,115,116,96,14,-4,13,0,24,1,-11,0,0,0
2026-07-16T06:12:40.560 RX PID,6080,SQUARE,130,110,105,115,120,96,25,-5,12,0,24,1,-11,0,0,0
2026-07-16T06:12:40.560 RX PID,6100,SQUARE,128,112,115,72,115,118,13,40,13,0,24,1,-10,0,0,0
2026-07-16T06:12:40.626 RX PID,6120,SQUARE,127,113,105,113,118,99,22,0,12,0,24,1,-10,0,0,0
2026-07-16T06:12:40.626 RX PID,6140,SQUARE,127,113,115,115,115,98,12,-2,12,0,24,1,-10,0,0,0
2026-07-16T06:12:40.626 RX PID,6160,SQUARE,127,113,72,115,130,98,55,-2,11,0,24,1,-10,0,0,0
2026-07-16T06:12:40.708 RX PID,6180,SQUARE,128,112,113,115,116,97,15,-3,11,0,24,1,-10,0,0,0
2026-07-16T06:12:40.708 RX PID,6200,SQUARE,129,111,115,115,116,96,14,-4,11,0,24,1,-9,0,0,0
2026-07-16T06:12:40.708 RX PID,6220,SQUARE,129,111,115,105,116,101,14,6,12,0,24,1,-9,0,0,0
2026-07-16T06:12:40.708 RX PID,6240,SQUARE,129,111,105,115,120,96,24,-4,11,0,24,1,-9,0,0,0
2026-07-16T06:12:40.784 RX PID,6260,SQUARE,129,111,113,115,117,96,16,-4,11,0,24,1,-10,0,0,0
2026-07-16T06:12:40.784 RX PID,6280,SQUARE,129,111,115,115,116,96,14,-4,11,0,24,1,-10,0,0,0
2026-07-16T06:12:40.784 RX PID,6300,SQUARE,127,113,105,115,118,98,22,-2,11,0,24,1,-9,0,0,0
2026-07-16T06:12:40.784 RX PID,6320,SQUARE,128,112,115,115,115,97,13,-3,10,0,24,1,-9,0,0,0
2026-07-16T06:12:40.869 RX PID,6340,SQUARE,128,112,115,115,115,97,13,-3,10,0,24,1,-9,0,0,0
2026-07-16T06:12:40.869 RX PID,6360,SQUARE,127,113,115,105,115,103,12,8,10,0,24,1,-9,0,0,0
2026-07-16T06:12:40.869 RX PID,6380,SQUARE,126,114,72,115,128,99,54,-1,9,-2,8,1,-10,0,0,0
2026-07-16T06:12:40.869 RX PID,6400,SQUARE,124,116,113,115,113,100,11,1,10,0,24,1,-10,0,0,0
2026-07-16T06:12:40.956 RX PID,6420,SQUARE,124,116,115,115,113,100,9,1,10,0,24,1,-10,0,0,0
2026-07-16T06:12:40.956 RX PID,6440,SQUARE,124,116,72,115,129,100,52,1,10,0,24,1,-9,0,0,0
2026-07-16T06:12:40.956 RX PID,6460,SQUARE,124,116,113,115,114,100,11,1,9,-2,8,1,-9,0,0,0
2026-07-16T06:12:40.956 RX PID,6480,SQUARE,124,116,115,115,114,100,9,1,9,-2,8,1,-9,0,0,0
2026-07-16T06:12:41.044 RX PID,6500,SQUARE,126,114,115,115,114,99,11,-1,9,-2,8,1,-10,0,0,0
2026-07-16T06:12:41.044 RX PID,6520,SQUARE,127,113,115,115,116,98,12,-2,9,-2,8,1,-10,0,0,0
2026-07-16T06:12:41.044 RX PID,6540,SQUARE,127,113,105,115,119,98,22,-2,9,-2,8,1,-10,0,0,0
2026-07-16T06:12:41.044 RX PID,6560,SQUARE,128,112,115,115,116,97,13,-3,8,-2,8,1,-10,0,0,0
2026-07-16T06:12:41.130 RX PID,6580,SQUARE,127,113,115,72,116,119,12,41,8,-2,8,1,-11,0,0,0
2026-07-16T06:12:41.130 RX PID,6600,SQUARE,125,115,115,113,114,101,10,2,8,-2,8,1,-11,0,0,0
2026-07-16T06:12:41.130 RX PID,6620,SQUARE,125,115,72,115,129,100,53,0,8,-2,8,1,-10,0,0,0
2026-07-16T06:12:41.130 RX PID,6640,SQUARE,125,115,113,115,115,100,12,0,7,-2,8,1,-10,0,0,0
2026-07-16T06:12:41.209 RX PID,6660,SQUARE,125,115,115,83,114,116,10,32,7,-2,8,1,-11,0,0,0
2026-07-16T06:12:41.209 RX PID,6680,SQUARE,125,115,115,107,114,104,10,8,8,-2,8,1,-11,0,0,0
2026-07-16T06:12:41.209 RX PID,6700,SQUARE,127,113,115,115,116,98,12,-2,7,-2,8,1,-11,0,0,0
2026-07-16T06:12:41.209 RX PID,6720,SQUARE,127,113,115,115,116,98,12,-2,8,-2,8,1,-11,0,0,0
2026-07-16T06:12:41.290 RX PID,6740,SQUARE,127,113,115,115,116,98,12,-2,8,-2,8,1,-11,0,0,0
2026-07-16T06:12:41.290 RX PID,6760,SQUARE,127,113,115,115,116,98,12,-2,8,-2,8,1,-12,0,0,0
2026-07-16T06:12:41.290 RX PID,6780,SQUARE,127,113,115,115,116,98,12,-2,8,-2,8,1,-12,0,0,0
2026-07-16T06:12:41.290 RX PID,6800,SQUARE,125,115,115,115,114,100,10,0,8,-2,8,1,-12,0,0,0
2026-07-16T06:12:41.371 RX PID,6820,SQUARE,124,116,72,115,129,100,52,1,8,-2,8,1,-13,0,0,0
2026-07-16T06:12:41.371 RX PID,6840,SQUARE,124,116,113,115,114,100,11,1,7,-2,8,1,-13,0,0,0
2026-07-16T06:12:41.371 RX PID,6860,SQUARE,124,116,115,115,114,100,9,1,7,-2,8,1,-12,0,0,0
2026-07-16T06:12:41.371 RX PID,6880,SQUARE,124,116,115,115,114,100,9,1,7,-2,8,1,-12,0,0,0
2026-07-16T06:12:41.459 RX PID,6900,SQUARE,126,114,115,115,114,99,11,-1,7,-2,8,1,-12,0,0,0
2026-07-16T06:12:41.459 RX PID,6920,SQUARE,126,114,115,115,114,99,11,-1,6,-2,8,1,-13,0,0,0
2026-07-16T06:12:41.459 RX PID,6940,SQUARE,126,114,115,115,114,99,11,-1,6,-2,8,1,-13,0,0,0
2026-07-16T06:12:41.459 RX PID,6960,SQUARE,127,113,115,126,116,93,12,-13,6,-2,8,1,-13,0,0,0
2026-07-16T06:12:41.544 RX PID,6980,SQUARE,126,114,115,116,114,98,11,-2,6,-2,8,1,-13,0,0,0
2026-07-16T06:12:41.544 RX PID,7000,SQUARE,126,114,115,116,114,98,11,-2,6,-2,8,1,-13,0,0,0
2026-07-16T06:12:41.544 RX PID,7020,SQUARE,124,116,115,116,114,100,9,0,6,-2,8,1,-13,0,0,0
2026-07-16T06:12:41.544 RX PID,7040,SQUARE,124,116,115,159,114,79,9,-43,5,-2,8,1,-14,0,0,0
2026-07-16T06:12:41.624 RX PID,7060,SQUARE,124,116,115,118,114,99,9,-2,5,-2,8,1,-14,0,0,0
2026-07-16T06:12:41.624 RX PID,7080,SQUARE,124,116,115,116,114,100,9,0,5,-2,8,1,-14,0,0,0
2026-07-16T06:12:41.624 RX PID,7100,SQUARE,124,116,115,116,114,100,9,0,6,-2,8,1,-14,0,0,0
2026-07-16T06:12:41.624 RX PID,7120,SQUARE,124,116,83,159,125,79,41,-43,5,-2,8,1,-14,0,0,0
2026-07-16T06:12:41.713 RX PID,7140,SQUARE,124,116,113,118,114,99,11,-2,4,-2,8,1,-14,0,0,0
2026-07-16T06:12:41.713 RX PID,7160,SQUARE,124,116,115,116,114,100,9,0,5,0,24,1,-13,0,0,0
2026-07-16T06:12:41.713 RX PID,7180,SQUARE,124,116,115,116,114,100,9,0,5,0,24,1,-14,0,0,0
2026-07-16T06:12:41.713 RX PID,7200,SQUARE,126,114,115,116,114,98,11,-2,4,0,24,1,-14,0,0,0
2026-07-16T06:12:41.795 RX PID,7220,SQUARE,126,114,115,116,114,98,11,-2,4,-2,8,1,-14,0,0,0
2026-07-16T06:12:41.795 RX PID,7240,SQUARE,126,114,115,116,115,98,11,-2,4,0,24,1,-14,0,0,0
2026-07-16T06:12:41.795 RX PID,7260,SQUARE,126,114,115,116,115,98,11,-2,4,0,24,1,-14,0,0,0
2026-07-16T06:12:41.795 RX PID,7280,SQUARE,126,114,105,116,119,98,21,-2,4,0,24,1,-14,0,0,0
2026-07-16T06:12:41.879 RX PID,7300,SQUARE,127,113,115,116,117,98,12,-3,4,0,24,1,-14,0,0,0
2026-07-16T06:12:41.879 RX PID,7320,SQUARE,125,115,83,116,126,100,42,-1,4,0,24,1,-15,0,0,0
2026-07-16T06:12:41.879 RX PID,7340,SQUARE,127,113,113,116,117,97,14,-3,3,0,24,1,-15,0,0,0
2026-07-16T06:12:41.879 RX PID,7360,SQUARE,126,114,115,116,115,97,11,-2,3,0,24,1,-15,0,0,0
2026-07-16T06:12:41.960 RX PID,7380,SQUARE,126,114,115,116,115,97,11,-2,3,0,24,1,-14,0,0,0
2026-07-16T06:12:41.960 RX PID,7400,SQUARE,126,114,105,116,119,97,21,-2,2,0,24,1,-14,0,0,0
2026-07-16T06:12:41.960 RX PID,7420,SQUARE,127,113,115,72,117,119,12,41,2,0,24,1,-14,0,0,0
2026-07-16T06:12:41.960 RX PID,7440,SQUARE,127,113,115,105,117,103,12,8,3,0,24,1,-15,0,0,0
2026-07-16T06:12:42.048 RX PID,7460,SQUARE,126,114,115,115,115,99,11,-1,3,0,24,1,-16,0,0,0
2026-07-16T06:12:42.048 RX PID,7480,SQUARE,126,114,105,115,119,99,21,-1,3,0,24,1,-16,0,0,0
2026-07-16T06:12:42.048 RX PID,7500,SQUARE,125,115,115,115,115,100,10,0,2,0,24,1,-16,0,0,0
2026-07-16T06:12:42.048 RX PID,7520,SQUARE,122,118,115,115,113,102,7,3,2,0,24,1,-16,0,0,0
2026-07-16T06:12:42.132 RX PID,7540,SQUARE,122,118,115,115,113,102,7,3,2,0,24,1,-16,0,0,0
2026-07-16T06:12:42.132 RX PID,7560,SQUARE,122,118,115,115,113,102,7,3,1,0,24,1,-16,0,0,0
2026-07-16T06:12:42.132 RX PID,7580,SQUARE,122,118,115,115,113,102,7,3,1,0,24,1,-16,0,0,0
2026-07-16T06:12:42.132 RX PID,7600,SQUARE,122,118,115,159,113,81,7,-41,1,0,24,1,-17,0,0,0
2026-07-16T06:12:42.215 RX PID,7620,SQUARE,124,116,105,116,118,99,19,0,1,0,24,1,-17,0,0,0
2026-07-16T06:12:42.215 RX PID,7640,SQUARE,124,116,115,116,115,99,9,0,1,0,24,1,-17,0,0,0
2026-07-16T06:12:42.215 RX PID,7660,SQUARE,124,116,115,116,115,99,9,0,0,0,24,1,-17,0,0,0
2026-07-16T06:12:42.215 RX PID,7680,SQUARE,124,116,115,116,115,99,9,0,0,0,24,1,-17,0,0,0
2026-07-16T06:12:42.298 RX PID,7700,SQUARE,123,117,115,116,113,100,8,1,0,0,24,1,-18,0,0,0
2026-07-16T06:12:42.298 RX PID,7720,SQUARE,123,117,115,116,113,100,8,1,0,0,24,1,-18,0,0,0
2026-07-16T06:12:42.298 RX PID,7740,SQUARE,123,117,115,116,113,101,8,1,0,0,24,1,-18,0,0,0
2026-07-16T06:12:42.298 RX PID,7760,SQUARE,123,117,115,116,113,101,8,1,-1,0,24,1,-18,0,0,0
2026-07-16T06:12:42.381 RX PID,7780,SQUARE,123,117,115,116,113,101,8,1,-1,0,24,1,-18,0,0,0
2026-07-16T06:12:42.381 RX PID,7800,SQUARE,125,115,115,126,115,94,10,-11,-1,0,24,1,-18,0,0,0
2026-07-16T06:12:42.381 RX PID,7820,SQUARE,125,115,115,116,115,99,10,-1,-1,0,24,1,-19,0,0,0
2026-07-16T06:12:42.381 RX PID,7840,SQUARE,125,115,115,116,115,99,10,-1,-1,0,24,1,-19,0,0,0
2026-07-16T06:12:42.446 RX PID,7860,SQUARE,125,115,72,148,130,83,53,-33,-1,0,24,1,-19,0,0,0
2026-07-16T06:12:42.446 RX PID,7880,SQUARE,125,115,156,118,102,98,-31,-3,-1,0,24,1,-19,0,0,0
2026-07-16T06:12:42.446 RX PID,7900,SQUARE,123,117,107,116,116,100,16,1,-1,0,24,1,-19,0,0,0
2026-07-16T06:12:42.570 RX PID,7920,SQUARE,123,117,115,116,113,100,8,1,-2,0,24,1,-19,0,0,0
2026-07-16T06:12:42.570 RX PID,7940,SQUARE,123,117,115,116,113,100,8,1,-2,0,24,1,-19,0,0,0
2026-07-16T06:12:42.570 RX PID,7960,SQUARE,123,117,115,116,113,100,8,1,-1,0,24,1,-19,0,0,0
2026-07-16T06:12:42.570 RX PID,7980,SQUARE,123,117,115,116,113,100,8,1,-1,0,24,1,-20,0,0,0
2026-07-16T06:12:42.616 RX PID,8000,SQUARE,123,117,115,116,114,100,8,1,-2,0,24,1,-20,0,0,0
2026-07-16T06:12:42.616 RX PID,8020,SQUARE,123,117,115,116,114,100,8,1,-1,0,24,1,-20,0,0,0
2026-07-16T06:12:42.616 RX PID,8040,SQUARE,123,117,115,116,114,100,8,1,-2,0,24,1,-20,0,0,0
2026-07-16T06:12:42.616 RX PID,8060,SQUARE,123,117,115,159,114,79,8,-42,-3,0,24,1,-20,0,0,0
2026-07-16T06:12:42.699 RX PID,8080,SQUARE,123,117,115,151,114,83,8,-34,-3,0,24,1,-20,0,0,0
2026-07-16T06:12:42.699 RX PID,8100,SQUARE,122,118,115,150,114,84,7,-32,-3,0,24,1,-21,0,0,0
2026-07-16T06:12:42.699 RX PID,8120,SQUARE,122,118,115,118,114,100,7,0,-3,0,24,1,-21,0,0,0
2026-07-16T06:12:42.699 RX PID,8140,SQUARE,122,118,115,116,114,101,7,2,-3,0,24,1,-21,0,0,0
2026-07-16T06:12:42.783 RX PID,8160,SQUARE,122,118,115,116,114,101,7,2,-3,0,24,1,-21,0,0,0
2026-07-16T06:12:42.783 RX PID,8180,SQUARE,122,118,115,116,114,101,7,2,-3,0,24,1,-21,0,0,0
2026-07-16T06:12:42.783 RX PID,8200,SQUARE,122,118,115,159,114,80,7,-41,-4,0,24,1,-22,0,0,0
2026-07-16T06:12:42.783 RX PID,8220,SQUARE,122,118,115,126,114,96,7,-8,-3,0,24,1,-22,0,0,0
2026-07-16T06:12:42.860 RX PID,8240,SQUARE,122,118,126,116,111,101,-4,2,-3,0,24,1,-22,0,0,0
2026-07-16T06:12:42.860 RX PID,8260,SQUARE,122,118,116,126,114,96,6,-8,-4,0,24,1,-22,0,0,0
2026-07-16T06:12:42.860 RX PID,8280,SQUARE,122,118,116,116,114,101,6,2,-3,0,24,1,-22,0,0,0
2026-07-16T06:12:42.860 RX PID,8300,SQUARE,122,118,159,116,100,101,-37,2,-4,0,24,1,-22,0,0,0
2026-07-16T06:12:42.944 RX PID,8320,SQUARE,124,116,116,118,115,98,8,-2,-4,0,24,1,-22,0,0,0
2026-07-16T06:12:42.944 RX PID,8340,SQUARE,124,116,116,116,115,99,8,0,-4,0,24,1,-23,0,0,0
2026-07-16T06:12:42.944 RX PID,8360,SQUARE,124,116,116,159,115,78,8,-43,-5,0,24,1,-23,0,0,0
2026-07-16T06:12:42.944 RX PID,8380,SQUARE,124,116,116,118,115,98,8,-2,-5,0,24,1,-23,0,0,0
2026-07-16T06:12:43.051 RX PID,8400,SQUARE,122,118,126,116,111,101,-4,2,-4,0,24,1,-23,0,0,0
2026-07-16T06:12:43.051 RX PID,8420,SQUARE,122,118,116,159,114,79,6,-41,-5,0,24,1,-23,0,0,0
2026-07-16T06:12:43.051 RX PID,8440,SQUARE,122,118,116,118,114,99,6,0,-5,0,24,1,-23,0,0,0
2026-07-16T06:12:43.051 RX PID,8460,SQUARE,122,118,116,116,114,100,6,2,-5,0,24,1,-24,0,0,0
2026-07-16T06:12:43.115 RX PID,8480,SQUARE,122,118,116,159,114,79,6,-41,-5,0,24,1,-23,0,0,0
2026-07-16T06:12:43.115 RX PID,8500,SQUARE,124,116,116,118,115,97,8,-2,-5,0,24,1,-23,0,0,0
2026-07-16T06:12:43.115 RX PID,8520,SQUARE,124,116,116,116,115,98,8,0,-5,0,24,1,-24,0,0,0
2026-07-16T06:12:43.115 RX PID,8540,SQUARE,124,116,116,116,115,98,8,0,-5,0,24,1,-24,0,0,0
2026-07-16T06:12:43.194 RX PID,8560,SQUARE,124,116,116,116,115,98,8,0,-6,0,24,1,-24,0,0,0
2026-07-16T06:12:43.194 RX PID,8580,SQUARE,124,116,116,116,115,98,8,0,-6,0,24,1,-23,0,0,0
2026-07-16T06:12:43.194 RX PID,8600,SQUARE,124,116,116,159,115,77,8,-43,-7,0,24,1,-23,0,0,0
2026-07-16T06:12:43.194 RX PID,8620,SQUARE,124,116,116,118,115,97,8,-2,-7,0,24,1,-22,0,0,0
2026-07-16T06:12:43.283 RX PID,8640,SQUARE,124,116,116,105,115,103,8,11,-7,0,24,1,-23,0,0,0
2026-07-16T06:12:43.283 RX PID,8660,SQUARE,124,116,116,126,115,93,8,-10,-7,0,24,1,-24,0,0,0
2026-07-16T06:12:43.283 RX PID,8680,SQUARE,124,116,116,105,115,103,8,11,-7,0,24,1,-24,0,0,0
2026-07-16T06:12:43.283 RX PID,8700,SQUARE,122,118,105,115,117,100,17,3,-7,0,24,1,-24,0,0,0
2026-07-16T06:12:43.366 RX PID,8720,SQUARE,121,119,115,115,113,102,6,4,-7,0,24,1,-23,0,0,0
2026-07-16T06:12:43.366 RX PID,8740,SQUARE,121,119,115,115,113,102,6,4,-8,0,24,1,-23,0,0,0
2026-07-16T06:12:43.366 RX PID,8760,SQUARE,121,119,72,115,128,102,49,4,-8,0,24,1,-23,0,0,0
2026-07-16T06:12:43.366 RX PID,8780,SQUARE,121,119,113,115,113,102,8,4,-9,0,24,1,-23,0,0,0
2026-07-16T06:12:43.433 RX PID,8800,SQUARE,123,117,115,126,114,95,8,-9,-9,0,24,1,-23,0,0,0
2026-07-16T06:12:43.433 RX PID,8820,SQUARE,126,114,115,105,116,101,11,9,-9,0,24,1,-23,0,0,0
2026-07-16T06:12:43.433 RX PID,8840,SQUARE,126,114,115,115,116,97,11,-1,-9,0,24,1,-24,0,0,0
2026-07-16T06:12:43.515 RX PID,8860,SQUARE,126,114,115,159,116,75,11,-45,-9,0,24,1,-24,0,0,0
2026-07-16T06:12:43.515 RX PID,8880,SQUARE,126,114,115,75,116,116,11,39,-9,0,24,1,-25,0,0,0
2026-07-16T06:12:43.515 RX PID,8900,SQUARE,124,116,115,74,116,119,9,42,-9,0,24,1,-25,0,0,0
2026-07-16T06:12:43.515 RX PID,8920,SQUARE,120,120,115,124,112,98,5,-4,-9,0,24,1,-25,0,0,0
2026-07-16T06:12:43.605 RX PID,8940,SQUARE,119,121,105,116,114,102,14,5,-10,2,16,1,-25,0,0,0
2026-07-16T06:12:43.605 RX PID,8960,SQUARE,119,121,115,148,111,87,4,-27,-10,2,16,1,-25,0,0,0
2026-07-16T06:12:43.605 RX PID,8980,SQUARE,119,121,115,118,111,101,4,3,-10,2,16,1,-25,0,0,0
2026-07-16T06:12:43.605 RX PID,9000,SQUARE,121,119,115,116,113,101,6,3,-10,2,16,1,-25,0,0,0
2026-07-16T06:12:43.685 RX PID,9020,SQUARE,123,117,115,116,114,99,8,1,-10,2,16,1,-25,0,0,0
2026-07-16T06:12:43.685 RX PID,9040,SQUARE,123,117,115,116,114,99,8,1,-10,2,16,1,-25,0,0,0
2026-07-16T06:12:43.685 RX PID,9060,SQUARE,123,117,115,116,114,99,8,1,-10,2,16,1,-25,0,0,0
2026-07-16T06:12:43.685 RX PID,9080,SQUARE,123,117,115,116,114,99,8,1,-11,2,16,1,-25,0,0,0
2026-07-16T06:12:43.765 RX PID,9100,SQUARE,123,117,115,159,114,78,8,-42,-11,2,16,1,-25,0,0,0
2026-07-16T06:12:43.765 RX PID,9120,SQUARE,123,117,115,118,114,99,8,-1,-11,2,16,1,-26,0,0,0
2026-07-16T06:12:43.765 RX PID,9140,SQUARE,123,117,115,116,114,99,8,1,-11,2,16,1,-27,0,0,0
2026-07-16T06:12:43.765 RX PID,9160,SQUARE,123,117,115,116,114,99,8,1,-11,2,16,1,-27,0,0,0
2026-07-16T06:12:43.849 RX PID,9180,SQUARE,123,117,115,116,114,99,8,1,-11,2,16,1,-27,0,0,0
2026-07-16T06:12:43.849 RX PID,9200,SQUARE,121,119,115,116,113,101,6,3,-11,2,16,1,-26,0,0,0
2026-07-16T06:12:43.849 RX PID,9220,SQUARE,121,119,115,159,113,80,6,-40,-12,2,16,1,-26,0,0,0
2026-07-16T06:12:43.849 RX PID,9240,SQUARE,121,119,115,118,113,100,6,1,-12,2,16,1,-26,0,0,0
2026-07-16T06:12:43.933 RX PID,9260,SQUARE,124,116,115,116,116,98,9,0,-12,6,48,1,-26,0,0,0
2026-07-16T06:12:43.933 RX PID,9280,SQUARE,130,110,115,116,120,93,15,-6,-12,6,48,1,-27,0,0,0
2026-07-16T06:12:43.933 RX PID,9300,SQUARE,135,105,115,116,125,88,20,-11,-12,6,48,1,-27,0,0,0
2026-07-16T06:12:43.933 RX PID,9320,SQUARE,138,102,115,116,128,85,23,-14,-12,6,48,1,-28,0,0,0
2026-07-16T06:12:44.001 RX PID,9340,SQUARE,138,102,115,116,128,85,23,-14,-11,6,48,1,-28,0,0,0
2026-07-16T06:12:44.001 RX PID,9360,SQUARE,138,102,83,116,139,85,55,-14,-11,6,48,1,-29,0,0,0
2026-07-16T06:12:44.001 RX PID,9380,SQUARE,138,102,113,116,128,85,25,-14,-12,6,48,1,-29,0,0,0
2026-07-16T06:12:44.001 RX PID,9400,SQUARE,138,102,115,116,128,85,23,-14,-12,6,48,1,-30,0,0,0
2026-07-16T06:12:44.083 RX PID,9420,SQUARE,134,106,115,116,124,88,19,-10,-12,6,48,1,-30,0,0,0
2026-07-16T06:12:44.083 RX PID,9440,SQUARE,134,106,115,116,124,88,19,-10,-12,6,48,1,-31,0,0,0
2026-07-16T06:12:44.083 RX PID,9460,SQUARE,134,106,115,116,124,88,19,-10,-11,6,48,1,-31,0,0,0
2026-07-16T06:12:44.160 RX PID,9480,SQUARE,134,106,126,116,120,88,8,-10,-11,6,48,1,-32,0,0,0
2026-07-16T06:12:44.160 RX PID,9500,SQUARE,135,105,116,116,125,87,19,-11,-11,6,48,1,-32,0,0,0
2026-07-16T06:12:44.160 RX PID,9520,SQUARE,135,105,116,116,125,87,19,-11,-11,6,48,1,-33,0,0,0
2026-07-16T06:12:44.160 RX PID,9540,SQUARE,135,105,116,116,125,87,19,-11,-10,6,48,1,-34,0,0,0
2026-07-16T06:12:44.247 RX PID,9560,SQUARE,135,105,126,116,122,87,9,-11,-10,6,48,1,-35,0,0,0
2026-07-16T06:12:44.247 RX PID,9580,SQUARE,135,105,116,116,125,87,19,-11,-10,6,48,1,-36,0,0,0
2026-07-16T06:12:44.247 RX PID,9600,SQUARE,134,106,126,116,120,88,8,-10,-9,6,48,1,-38,0,0,0
2026-07-16T06:12:44.247 RX PID,9620,SQUARE,134,106,116,116,124,88,18,-10,-9,6,48,1,-39,0,0,0
2026-07-16T06:12:44.323 RX PID,9640,SQUARE,134,106,116,116,124,88,18,-10,-9,6,48,1,-39,0,0,0
2026-07-16T06:12:44.323 RX PID,9660,SQUARE,134,106,116,116,124,88,18,-10,-9,6,48,1,-40,0,0,0
2026-07-16T06:12:44.323 RX PID,9680,SQUARE,134,106,116,116,124,87,18,-10,-8,6,48,1,-40,0,0,0
2026-07-16T06:12:44.323 RX PID,9700,SQUARE,134,106,118,116,123,87,16,-10,-8,6,48,1,-41,0,0,0
2026-07-16T06:12:44.415 RX PID,9720,SQUARE,134,106,116,116,124,87,18,-10,-8,6,48,1,-42,0,0,0
2026-07-16T06:12:44.415 RX PID,9740,SQUARE,134,106,116,116,124,87,18,-10,-7,6,48,1,-42,0,0,0
2026-07-16T06:12:44.415 RX PID,9760,SQUARE,134,106,126,116,120,87,8,-10,-7,6,48,1,-43,0,0,0
2026-07-16T06:12:44.415 RX PID,9780,SQUARE,134,106,116,116,124,87,18,-10,-7,6,48,1,-44,0,0,0
2026-07-16T06:12:44.480 RX PID,9800,SQUARE,134,106,116,116,124,87,18,-10,-7,6,48,1,-44,0,0,0
2026-07-16T06:12:44.480 RX PID,9820,SQUARE,134,106,116,116,124,87,18,-10,-8,6,48,1,-45,0,0,0
2026-07-16T06:12:44.480 RX PID,9840,SQUARE,134,106,116,116,124,87,18,-10,-6,6,48,1,-45,0,0,0
2026-07-16T06:12:44.565 RX PID,9860,SQUARE,134,106,116,116,124,87,18,-10,-6,6,48,1,-46,0,0,0
2026-07-16T06:12:44.565 RX PID,9880,SQUARE,134,106,116,116,124,87,18,-10,-7,6,48,1,-46,0,0,0
2026-07-16T06:12:44.565 RX PID,9900,SQUARE,134,106,116,116,124,87,18,-10,-7,6,48,1,-46,0,0,0
2026-07-16T06:12:44.565 RX PID,9920,SQUARE,134,106,116,116,124,87,18,-10,-7,6,48,1,-45,0,0,0
2026-07-16T06:12:44.648 RX PID,9940,SQUARE,134,106,116,116,124,87,18,-10,-7,6,48,1,-46,0,0,0
2026-07-16T06:12:44.648 RX PID,9960,SQUARE,134,106,116,116,124,86,18,-10,-6,6,48,1,-46,0,0,0
2026-07-16T06:12:44.648 RX PID,9980,SQUARE,131,109,116,105,122,95,15,4,-5,-5,54,1,-47,0,0,0
2026-07-16T06:12:44.648 RX PID,10000,SQUARE,100,100,116,115,100,100,-16,-15,-6,0,63,0,0,0,1,0
2026-07-16T06:12:44.729 RX PID,10020,SQUARE,100,100,116,115,100,100,-16,-15,-6,0,63,0,0,0,1,0
2026-07-16T06:12:44.729 RX PID,10040,SQUARE,100,100,116,115,100,100,-16,-15,-6,0,63,0,0,0,1,0
2026-07-16T06:12:44.729 RX PID,10060,SQUARE,100,100,116,115,100,100,-16,-15,-7,0,63,0,0,0,2,0
2026-07-16T06:12:44.730 RX PID,10080,SQUARE,-150,150,15,115,-150,150,-165,35,-10,0,63,0,0,0,2,2
2026-07-16T06:12:44.795 RX PID,10100,SQUARE,-150,150,11,115,-150,150,-161,35,-13,0,63,0,2,0,2,4
2026-07-16T06:12:44.795 RX PID,10120,SQUARE,-150,150,0,115,-150,150,-150,35,-17,0,63,0,9,0,2,5
2026-07-16T06:12:44.795 RX PID,10140,SQUARE,-150,150,0,115,-150,150,-150,35,-22,0,63,0,19,0,2,6
2026-07-16T06:12:44.876 RX PID,10160,SQUARE,-150,150,10,126,-150,150,-160,24,-25,0,63,0,31,0,2,8
2026-07-16T06:12:44.876 RX PID,10180,SQUARE,-150,150,55,116,-150,150,-205,34,-27,0,63,0,45,0,2,9
2026-07-16T06:12:44.876 RX PID,10200,SQUARE,-150,150,68,116,-150,150,-218,34,-29,0,63,0,59,0,2,11
2026-07-16T06:12:44.876 RX PID,10220,SQUARE,-150,150,58,126,-150,150,-208,24,-31,0,31,0,80,0,2,13
2026-07-16T06:12:44.943 RX PID,10240,SQUARE,-150,150,58,160,-150,150,-208,-10,-34,0,31,0,95,0,2,15
2026-07-16T06:12:44.943 RX PID,10260,SQUARE,-150,150,101,118,-150,150,-251,32,-35,0,31,0,110,0,2,17
2026-07-16T06:12:44.943 RX PID,10280,SQUARE,-150,150,60,127,-150,150,-210,23,-38,0,31,0,125,0,2,19
2026-07-16T06:12:45.017 RX PID,10300,SQUARE,-150,150,101,127,-150,150,-251,23,-40,0,31,0,141,0,2,22
2026-07-16T06:12:45.017 RX PID,10320,SQUARE,-150,150,71,127,-150,150,-221,23,-42,0,31,0,157,0,2,24
2026-07-16T06:12:45.017 RX PID,10340,SQUARE,-150,150,113,171,-150,150,-263,-21,-44,0,31,0,174,0,2,27
2026-07-16T06:12:45.024 RX PID,10360,SQUARE,-150,150,115,162,-150,150,-265,-12,-45,0,30,0,192,0,2,29
2026-07-16T06:12:45.088 RX PID,10380,SQUARE,-150,150,115,129,-150,150,-265,21,-47,0,30,0,211,0,2,33
2026-07-16T06:12:45.088 RX PID,10400,SQUARE,-150,150,115,162,-150,150,-265,-12,-48,0,30,0,220,0,2,34
2026-07-16T06:12:45.088 RX PID,10420,SQUARE,-150,150,115,162,-150,150,-265,-12,-49,0,30,0,247,0,2,38
2026-07-16T06:12:45.170 RX PID,10440,SQUARE,-150,150,115,171,-150,150,-265,-21,-49,0,30,0,266,0,2,39
2026-07-16T06:12:45.170 RX PID,10460,SQUARE,-150,150,162,127,-150,150,-312,23,-50,0,28,0,295,0,2,44
2026-07-16T06:12:45.170 RX PID,10480,SQUARE,-150,150,173,171,-150,150,-323,-21,-49,0,28,0,315,0,2,47
2026-07-16T06:12:45.170 RX PID,10500,SQUARE,-150,150,163,162,-150,150,-313,-12,-49,0,24,0,335,0,2,50
2026-07-16T06:12:45.230 RX PID,10520,SQUARE,-150,150,127,171,-150,150,-277,-21,-48,0,24,0,345,0,2,52
2026-07-16T06:12:45.230 RX PID,10540,SQUARE,-150,150,165,127,-150,150,-315,23,-48,0,56,0,375,0,2,56
2026-07-16T06:12:45.230 RX PID,10560,SQUARE,-150,150,173,127,-150,150,-323,23,-48,0,56,0,395,0,2,59
2026-07-16T06:12:45.310 RX PID,10580,SQUARE,-150,150,173,127,-150,150,-323,23,-46,0,48,0,414,0,2,62
2026-07-16T06:12:45.310 RX PID,10600,SQUARE,-150,150,173,127,-150,150,-323,23,-45,0,48,0,434,0,2,65
2026-07-16T06:12:45.310 RX PID,10620,SQUARE,-150,150,173,171,-150,150,-323,-21,-45,0,48,0,453,0,2,69
2026-07-16T06:12:45.310 RX PID,10640,SQUARE,-150,150,173,162,-150,150,-323,-12,-44,0,48,0,473,0,2,72
2026-07-16T06:12:45.379 RX PID,10660,SQUARE,-100,100,173,129,-100,100,-273,-29,-43,0,48,0,503,0,3,76
2026-07-16T06:12:45.379 RX PID,10680,SQUARE,-100,100,130,127,-100,100,-230,-27,-42,0,48,0,522,0,3,79
2026-07-16T06:12:45.379 RX PID,10700,SQUARE,-100,100,171,127,-100,100,-271,-27,-42,0,32,0,541,0,3,81
2026-07-16T06:12:45.447 RX PID,10720,SQUARE,-100,100,173,162,-100,100,-273,-62,-41,0,32,0,550,0,3,83
2026-07-16T06:12:45.447 RX PID,10740,SQUARE,-100,100,163,127,-100,100,-263,-27,-41,0,96,0,576,0,3,87
2026-07-16T06:12:45.447 RX PID,10760,SQUARE,-100,100,162,116,-100,100,-262,-16,-40,0,96,0,592,0,3,90
2026-07-16T06:12:45.531 RX PID,10780,SQUARE,-100,100,127,116,-100,100,-227,-16,-40,0,96,0,600,0,3,92
2026-07-16T06:12:45.531 RX PID,10800,SQUARE,-100,100,118,118,-100,100,-218,-18,-40,0,96,0,622,0,3,96
2026-07-16T06:12:45.531 RX PID,10820,SQUARE,-100,100,127,116,-100,100,-227,-16,-39,0,64,0,637,0,3,98
2026-07-16T06:12:45.531 RX PID,10840,SQUARE,0,0,160,116,0,0,-160,-116,-39,0,64,0,651,0,4,101
2026-07-16T06:12:45.602 RX PID,10860,SQUARE,117,83,75,116,99,46,42,-33,-39,36,64,1,651,0,4,101
2026-07-16T06:12:45.602 RX PID,10880,SQUARE,123,77,4,105,129,45,119,-28,-42,36,64,1,651,0,4,101
2026-07-16T06:12:45.602 RX PID,10900,SQUARE,129,71,0,60,136,62,129,11,-45,36,64,1,651,0,4,101
2026-07-16T06:12:45.602 RX PID,10920,SQUARE,135,65,0,69,141,52,135,-4,-47,36,64,1,651,0,4,101
2026-07-16T06:12:45.676 RX PID,10940,SQUARE,136,64,0,102,142,34,136,-38,-50,36,64,1,651,0,4,101
2026-07-16T06:12:45.676 RX PID,10960,SQUARE,136,64,0,60,142,55,136,4,-52,36,64,1,651,0,4,101
2026-07-16T06:12:45.676 RX PID,10980,SQUARE,136,64,0,58,142,56,136,6,-53,36,64,1,651,0,4,101
2026-07-16T06:12:45.759 RX PID,11000,SQUARE,136,64,2,47,141,61,134,17,-53,36,64,1,651,0,4,101
2026-07-16T06:12:45.759 RX PID,11020,SQUARE,136,64,54,46,123,62,82,18,-53,36,64,1,651,0,4,101
2026-07-16T06:12:45.759 RX PID,11040,SQUARE,136,64,13,11,139,79,123,53,-52,36,64,1,651,0,4,101
2026-07-16T06:12:45.759 RX PID,11060,SQUARE,136,64,57,11,123,79,79,53,-51,36,64,1,651,0,4,101
2026-07-16T06:12:45.840 RX PID,11080,SQUARE,136,64,14,44,138,63,122,20,-51,36,64,1,651,0,4,101
2026-07-16T06:12:45.840 RX PID,11100,SQUARE,136,64,55,46,124,63,81,18,-50,36,64,1,651,0,4,101
2026-07-16T06:12:45.840 RX PID,11120,SQUARE,136,64,14,2,138,85,122,62,-49,36,64,1,651,0,4,101
2026-07-16T06:12:45.841 RX PID,11140,SQUARE,136,64,55,11,125,80,81,53,-48,36,64,1,651,0,4,101
2026-07-16T06:12:45.924 RX PID,11160,SQUARE,136,64,14,11,139,81,122,53,-48,36,64,1,651,0,4,101
2026-07-16T06:12:45.924 RX PID,11180,SQUARE,136,64,55,44,125,65,81,20,-47,36,64,1,651,0,4,101
2026-07-16T06:12:45.924 RX PID,11200,SQUARE,136,64,46,46,128,64,90,18,-47,36,64,1,651,0,4,101
2026-07-16T06:12:45.924 RX PID,11220,SQUARE,136,64,13,2,140,87,123,62,-46,36,64,1,651,0,4,101
2026-07-16T06:12:45.989 RX PID,11240,SQUARE,136,64,11,11,141,82,125,53,-46,36,64,1,651,0,4,101
2026-07-16T06:12:45.989 RX PID,11260,SQUARE,136,64,46,46,129,65,90,18,-45,36,64,1,651,0,4,101
2026-07-16T06:12:45.989 RX PID,11280,SQUARE,136,64,46,44,129,66,90,20,-45,36,64,1,651,0,4,101
2026-07-16T06:12:46.073 RX PID,11300,SQUARE,136,64,46,46,129,66,90,18,-45,36,64,1,651,0,4,101
2026-07-16T06:12:46.073 RX PID,11320,SQUARE,136,64,46,46,129,66,90,18,-45,36,64,1,651,0,4,101
2026-07-16T06:12:46.073 RX PID,11340,SQUARE,136,64,46,46,130,66,90,18,-45,36,64,1,651,0,4,101
2026-07-16T06:12:46.073 RX PID,11360,SQUARE,136,64,46,46,130,66,90,18,-45,36,64,1,651,0,4,101
2026-07-16T06:12:46.157 RX PID,11380,SQUARE,136,64,46,46,130,67,90,18,-45,36,64,1,651,0,4,101
2026-07-16T06:12:46.157 RX PID,11400,SQUARE,136,64,46,46,130,67,90,18,-45,36,64,1,651,0,4,101
2026-07-16T06:12:46.157 RX PID,11420,SQUARE,136,64,46,46,130,67,90,18,-45,36,64,1,651,0,4,101
2026-07-16T06:12:46.157 RX PID,11440,SQUARE,136,64,46,46,131,67,90,18,-45,36,64,1,651,0,4,101
2026-07-16T06:12:46.234 RX PID,11460,SQUARE,136,64,46,46,131,68,90,18,-45,36,64,1,651,0,4,101
2026-07-16T06:12:46.234 RX PID,11480,SQUARE,136,64,46,46,131,68,90,18,-45,36,64,1,651,0,4,101
2026-07-16T06:12:46.234 RX PID,11500,SQUARE,136,64,46,13,131,84,90,51,-45,36,64,1,651,0,4,101
2026-07-16T06:12:46.234 RX PID,11520,SQUARE,136,64,46,55,132,63,90,9,-46,36,64,1,651,0,4,101
2026-07-16T06:12:46.325 RX PID,11540,SQUARE,136,64,11,57,144,62,125,7,-46,36,64,1,651,0,4,101
2026-07-16T06:12:46.325 RX PID,11560,SQUARE,136,64,46,55,132,63,90,9,-47,36,64,1,651,0,4,101
2026-07-16T06:12:46.325 RX PID,11580,SQUARE,136,64,13,14,144,85,123,50,-47,36,64,1,651,0,4,101
2026-07-16T06:12:46.325 RX PID,11600,SQUARE,136,64,55,55,129,64,81,9,-47,36,64,1,651,0,4,101
2026-07-16T06:12:46.444 RX PID,11620,SQUARE,136,64,46,57,133,63,90,7,-48,36,64,1,651,0,4,101
2026-07-16T06:12:46.444 RX SQUARE ERROR,LINE NOT CAPTURED
2026-07-16T06:12:46.444 TX STOP
2026-07-16T06:12:46.444 TX STOP
2026-07-16T06:12:46.579 RX OK STOP
2026-07-16T06:12:46.579 RX OK STOP
2026-07-16T06:12:46.579 TX SET TURNANGLE 900 843375170
2026-07-16T06:12:46.703 RX SA,843375170,TURNANGLE,900
2026-07-16T06:12:46.704 TX SET TURNFAST 150 843375171
2026-07-16T06:12:46.840 RX SA,843375171,TURNFAST,150
2026-07-16T06:12:46.840 TX SET TURNSLOW 100 843375172
2026-07-16T06:12:46.977 RX SA,843375172,TURNSLOW,100
2026-07-16T06:12:46.977 TX SET TURNMARGIN 300 843375173
2026-07-16T06:12:47.121 RX SA,843375173,TURNMARGIN,300
2026-07-16T06:12:47.121 TX SET TURNEXIT 100 843375174
2026-07-16T06:12:47.248 RX SA,843375174,TURNEXIT,100
2026-07-16T06:12:47.248 TX SET TURNDIST 98 843375175
2026-07-16T06:12:47.385 RX SA,843375175,TURNDIST,98
2026-07-16T06:12:47.385 TX SET GSTART 10 843375176
2026-07-16T06:12:47.518 RX SA,843375176,GSTART,10
2026-07-16T06:12:47.518 TX STOP
2026-07-16T06:12:47.639 RX OK STOP
2026-07-16T06:12:47.639 TX STOP
2026-07-16T06:12:47.786 RX OK STOP
2026-07-16T06:12:47.786 TX SET LINEKP 6750 843375177
2026-07-16T06:12:47.923 RX SA,843375177,LINEKP,6750
2026-07-16T06:12:47.923 TX SET LINEKD 2000 843375178
2026-07-16T06:12:48.059 RX SA,843375178,LINEKD,2000
2026-07-16T06:12:48.059 TX SET TURNDIST 98 843375179
2026-07-16T06:12:48.185 RX SA,843375179,TURNDIST,98
2026-07-16T06:12:48.185 TX SET GSTART 10 843375180
2026-07-16T06:12:48.316 RX SA,843375180,GSTART,10
2026-07-16T06:12:48.316 TX SET TURNANGLE 900 843375181
2026-07-16T06:12:48.457 RX SA,843375181,TURNANGLE,900
2026-07-16T06:12:48.457 TX SET TURNFAST 185 843375182
2026-07-16T06:12:48.583 RX SA,843375182,TURNFAST,185
2026-07-16T06:12:48.583 TX SET TURNSLOW 140 843375183
2026-07-16T06:12:48.722 RX SA,843375183,TURNSLOW,140
2026-07-16T06:12:48.722 TX SET TURNMARGIN 180 843375184
2026-07-16T06:12:48.854 RX SA,843375184,TURNMARGIN,180
2026-07-16T06:12:48.854 TX SET TURNEXIT 140 843375185
2026-07-16T06:12:48.978 RX SA,843375185,TURNEXIT,140
2026-07-16T06:12:48.978 TX STOP
2026-07-16T06:12:48.978 TX STOP
