2026-07-18T13:00:22.298 TX HELLO 1435233756
2026-07-18T13:00:22.431 RX HELLO,1435233756,2,STBY,HIGH,ENCODER_MM_X1000,580,SAMPLE_MS,10
2026-07-18T13:00:22.431 TX STOP
2026-07-18T13:00:22.569 RX OK STOP
2026-07-18T13:00:22.569 TX PARAM
2026-07-18T13:00:22.735 RX PARAM,x1000,PROFILE,1,FLASHVER,3,GUARDVER,25,LKP,350,LKI,100,RKP,500,RKI,350,LFF,540,RFF,520,LMIN,90,RMIN,85,SYNC,500,BIAS,80,GSTART,10,LINEKP,8250,LINEKD,2250,TURNANGLE,900,TURNFAST,165,TURNSLOW,110,TURNMARGIN,180,TURNEXIT,140,TURNDIST,72
2026-07-18T13:00:22.735 TX STATUS
2026-07-18T13:00:22.874 RX STATUS,601654,IDLE,0,0,0,0,0,0,SAFE,SELECTED_LAPS,1,STBY,HIGH
2026-07-18T13:00:22.874 TX SENSOR
2026-07-18T13:00:22.996 RX SENSOR,OK,24,0,93,0,24
2026-07-18T13:00:22.996 TX SENSOR
2026-07-18T13:00:23.130 RX SENSOR,OK,24,0,93,0,24
2026-07-18T13:00:23.130 TX SENSOR
2026-07-18T13:00:23.260 RX SENSOR,OK,24,0,93,0,24
2026-07-18T13:00:23.260 TX SENSOR
2026-07-18T13:00:23.394 RX SENSOR,OK,24,0,93,0,24
2026-07-18T13:00:23.394 TX SENSOR
2026-07-18T13:00:23.510 RX SENSOR,OK,24,0,93,0,24
2026-07-18T13:00:23.510 TX IMU
2026-07-18T13:00:23.650 RX IMU,OK,-837,58680,956,VER,1,1,0,0
2026-07-18T13:00:23.650 TX STREAM TUNE
2026-07-18T13:00:23.786 RX OK STREAM TUNE
2026-07-18T13:00:23.786 TX SQUARE 120 3 1435233757
2026-07-18T13:00:23.954 RX TEST START,SQUARE,120,3
2026-07-18T13:00:23.954 RX SQ,1435233757,OK
2026-07-18T13:00:23.954 RX LT,20,2,2,0,0,0,24,1,0,0,0,0
2026-07-18T13:00:23.954 RX LT,40,4,4,0,0,0,24,1,0,0,0,0
2026-07-18T13:00:23.954 RX LT,60,6,6,10,10,0,24,1,0,0,0,0
2026-07-18T13:00:23.954 RX LT,80,9,9,0,0,0,24,1,0,0,0,0
2026-07-18T13:00:23.954 RX LT,100,11,11,0,0,0,24,1,0,0,0,0
2026-07-18T13:00:23.954 RX LT,120,14,14,0,0,0,24,1,0,0,0,0
2026-07-18T13:00:24.125 RX LT,140,16,16,0,0,0,24,1,1,0,0,0
2026-07-18T13:00:24.125 RX LT,160,18,18,0,0,0,24,1,1,0,0,0
2026-07-18T13:00:24.125 RX LT,180,21,21,0,0,0,24,1,1,0,0,0
2026-07-18T13:00:24.125 RX LT,200,23,23,0,0,0,24,1,2,0,0,0
2026-07-18T13:00:24.125 RX LT,220,26,26,0,0,0,24,1,2,0,0,0
2026-07-18T13:00:24.125 RX LT,240,28,28,0,0,0,24,1,2,0,0,0
2026-07-18T13:00:24.125 RX LT,260,30,30,0,43,0,24,1,2,0,0,0
2026-07-18T13:00:24.125 RX LT,280,33,33,0,2,0,24,1,2,0,0,0
2026-07-18T13:00:24.274 RX LT,300,35,35,43,0,0,24,1,3,0,0,0
2026-07-18T13:00:24.274 RX LT,320,38,38,2,0,0,24,1,3,0,0,0
2026-07-18T13:00:24.274 RX LT,340,40,40,0,43,0,24,1,4,0,0,0
2026-07-18T13:00:24.274 RX LT,360,42,42,0,2,0,24,1,4,0,0,0
2026-07-18T13:00:24.274 RX LT,380,45,45,10,11,0,24,1,5,0,0,0
2026-07-18T13:00:24.274 RX LT,400,47,47,0,44,0,24,1,5,0,0,0
2026-07-18T13:00:24.274 RX LT,420,50,50,0,46,0,24,1,6,0,0,0
2026-07-18T13:00:24.274 RX LT,440,52,52,10,46,0,24,1,7,0,0,0
2026-07-18T13:00:24.442 RX LT,460,54,54,0,46,0,24,1,8,0,0,0
2026-07-18T13:00:24.442 RX LT,480,57,57,10,13,0,24,1,10,0,0,0
2026-07-18T13:00:24.442 RX LT,500,59,59,44,55,0,24,1,11,0,0,0
2026-07-18T13:00:24.442 RX LT,520,62,62,46,57,0,24,1,13,0,0,0
2026-07-18T13:00:24.442 RX LT,540,64,64,2,57,0,24,1,14,0,0,0
2026-07-18T13:00:24.442 RX LT,560,66,66,11,57,0,24,1,17,0,0,0
2026-07-18T13:00:24.442 RX LT,580,69,69,55,101,0,24,1,20,0,0,0
2026-07-18T13:00:24.590 RX LT,600,71,71,46,60,0,24,1,22,0,0,0
2026-07-18T13:00:24.590 RX LT,620,74,74,13,69,0,24,1,25,0,0,0
2026-07-18T13:00:24.590 RX LT,640,76,76,55,69,0,24,1,28,0,0,0
2026-07-18T13:00:24.590 RX LT,660,78,78,46,113,0,24,1,31,0,0,0
2026-07-18T13:00:24.590 RX LT,680,91,71,57,72,2,16,1,35,0,0,0
2026-07-18T13:00:24.592 RX LT,700,95,71,57,113,2,16,1,38,0,0,0
2026-07-18T13:00:24.592 RX LT,720,98,74,47,72,2,16,1,41,0,0,0
2026-07-18T13:00:24.717 RX LT,740,100,76,57,113,2,16,1,43,0,0,0
2026-07-18T13:00:24.717 RX LT,760,102,78,68,72,2,16,1,46,0,0,0
2026-07-18T13:00:24.717 RX LT,780,105,81,58,113,2,16,1,47,0,0,0
2026-07-18T13:00:24.717 RX LT,800,107,83,101,104,2,16,1,48,0,0,0
2026-07-18T13:00:24.717 RX LT,820,110,86,60,115,2,16,1,50,0,0,0
2026-07-18T13:00:24.718 RX LT,840,112,88,69,115,2,16,1,51,0,0,0
2026-07-18T13:00:24.862 RX LT,860,114,90,102,115,2,16,1,53,0,0,0
2026-07-18T13:00:24.862 RX LT,880,133,77,104,159,6,48,1,55,0,0,0
2026-07-18T13:00:24.862 RX LT,900,151,63,104,118,6,48,1,56,0,0,0
2026-07-18T13:00:24.862 RX LT,920,157,63,104,116,6,48,1,58,0,0,0
2026-07-18T13:00:24.863 RX LT,940,159,65,71,126,6,48,1,59,0,0,0
2026-07-18T13:00:24.863 RX LT,960,161,67,113,116,6,48,1,60,0,0,0
2026-07-18T13:00:24.864 RX LT,980,164,70,115,126,6,48,1,60,0,0,0
2026-07-18T13:00:25.004 RX LT,1000,166,72,115,160,6,48,1,60,0,0,0
2026-07-18T13:00:25.005 RX LT,1020,167,73,159,118,6,48,1,60,0,0,0
2026-07-18T13:00:25.005 RX LT,1040,167,73,118,127,6,48,1,59,0,0,0
2026-07-18T13:00:25.005 RX LT,1060,167,73,127,160,6,48,1,57,0,0,0
2026-07-18T13:00:25.005 RX LT,1080,167,73,127,118,6,48,1,55,0,0,0
2026-07-18T13:00:25.005 RX LT,1100,167,73,127,159,6,48,1,53,0,0,0
2026-07-18T13:00:25.124 RX LT,1120,167,73,171,162,6,48,1,51,0,0,0
2026-07-18T13:00:25.124 RX LT,1140,167,73,303,258,6,48,1,47,0,0,0
2026-07-18T13:00:25.124 RX LT,1160,167,73,162,151,6,48,1,45,0,0,0
2026-07-18T13:00:25.124 RX LT,1180,167,73,173,118,6,48,1,42,0,0,0
2026-07-18T13:00:25.124 RX LT,1200,167,73,173,116,6,48,1,39,0,0,0
2026-07-18T13:00:25.124 RX LT,1220,167,73,173,126,6,48,1,37,0,0,0
2026-07-18T13:00:25.124 RX LT,1240,171,57,173,127,11,32,1,33,0,0,0
2026-07-18T13:00:25.254 RX LT,1260,167,73,173,116,6,48,1,28,0,0,0
2026-07-18T13:00:25.254 RX LT,1280,167,73,173,126,6,48,1,23,0,0,0
2026-07-18T13:00:25.254 RX LT,1300,167,73,217,160,6,48,1,18,0,0,0
2026-07-18T13:00:25.254 RX LT,1320,167,73,176,118,6,48,1,13,0,0,0
2026-07-18T13:00:25.254 RX LT,1340,167,73,217,116,6,48,1,5,0,0,0
2026-07-18T13:00:25.254 RX LT,1360,167,73,176,126,6,48,1,2,0,0,0
2026-07-18T13:00:25.406 RX LT,1380,167,73,185,116,6,48,1,-4,0,0,0
2026-07-18T13:00:25.406 RX LT,1400,167,73,185,116,6,48,1,-9,0,0,0
2026-07-18T13:00:25.406 RX LT,1420,167,73,218,159,6,48,1,-15,0,0,0
2026-07-18T13:00:25.406 RX LT,1440,167,73,220,75,6,48,1,-20,0,0,0
2026-07-18T13:00:25.406 RX LT,1460,167,73,220,124,6,48,1,-26,0,0,0
2026-07-18T13:00:25.406 RX LT,1480,167,73,220,116,6,48,1,-32,0,0,0
2026-07-18T13:00:25.406 RX LT,1500,167,73,220,116,6,48,1,-37,0,0,0
2026-07-18T13:00:25.533 RX LT,1520,167,73,220,116,6,48,1,-42,0,0,0
2026-07-18T13:00:25.533 RX LT,1540,167,73,220,159,6,48,1,-47,0,0,0
2026-07-18T13:00:25.533 RX LT,1560,167,73,220,107,6,48,1,-53,0,0,0
2026-07-18T13:00:25.533 RX LT,1580,167,73,176,126,6,48,1,-57,0,0,0
2026-07-18T13:00:25.533 RX LT,1600,167,73,217,116,6,48,1,-62,0,0,0
2026-07-18T13:00:25.533 RX LT,1620,167,73,220,116,6,48,1,-68,0,0,0
2026-07-18T13:00:25.660 RX LT,1640,167,73,220,116,6,48,1,-72,0,0,0
2026-07-18T13:00:25.660 RX LT,1660,167,73,176,116,6,48,1,-77,0,0,0
2026-07-18T13:00:25.660 RX LT,1680,167,73,217,116,6,48,1,-81,0,0,0
2026-07-18T13:00:25.660 RX LT,1700,157,83,220,116,2,16,1,-85,0,0,0
2026-07-18T13:00:25.661 RX LT,1720,137,103,176,159,2,16,1,-90,0,0,0
2026-07-18T13:00:25.661 RX LT,1740,132,108,185,118,2,16,1,-94,0,0,0
2026-07-18T13:00:25.784 RX LT,1760,132,108,218,116,2,16,1,-98,0,0,0
2026-07-18T13:00:25.784 RX LT,1780,132,108,220,126,2,16,1,-103,0,0,0
2026-07-18T13:00:25.784 RX LT,1800,122,118,176,160,0,24,1,-105,0,0,0
2026-07-18T13:00:25.784 RX LT,1820,120,120,217,118,0,24,1,-108,0,0,0
2026-07-18T13:00:25.784 RX LT,1840,120,120,176,127,0,24,1,-111,0,0,0
2026-07-18T13:00:25.784 RX LT,1860,120,120,185,127,0,24,1,-113,0,0,0
2026-07-18T13:00:25.905 RX LT,1880,120,120,174,160,0,24,1,-116,0,0,0
2026-07-18T13:00:25.905 RX LT,1900,120,120,184,162,0,24,1,-117,0,0,0
2026-07-18T13:00:25.905 RX LT,1920,120,120,174,118,0,24,1,-119,0,0,0
2026-07-18T13:00:25.905 RX LT,1940,110,130,217,127,-2,8,1,-121,0,0,0
2026-07-18T13:00:25.905 RX LT,1960,108,132,176,171,-2,8,1,-122,0,0,0
2026-07-18T13:00:25.905 RX LT,1980,108,132,174,162,-2,8,1,-123,0,0,0
2026-07-18T13:00:26.037 RX LT,2000,92,148,174,162,-6,12,1,-125,0,0,0
2026-07-18T13:00:26.037 RX LT,2020,76,164,174,129,-6,12,1,-126,0,0,0
2026-07-18T13:00:26.037 RX LT,2040,73,167,174,171,-6,12,1,-126,0,0,0
2026-07-18T13:00:26.037 RX LT,2060,73,167,174,162,-6,12,1,-126,0,0,0
2026-07-18T13:00:26.037 RX LT,2080,73,167,163,173,-6,12,1,-125,0,0,0
2026-07-18T13:00:26.037 RX LT,2100,73,167,173,173,-6,12,1,-124,0,0,0
2026-07-18T13:00:26.156 RX LT,2120,73,167,163,173,-6,12,1,-122,0,0,0
2026-07-18T13:00:26.156 RX LT,2140,73,167,173,184,-6,12,1,-119,0,0,0
2026-07-18T13:00:26.156 RX LT,2160,73,167,130,174,-6,12,1,-116,0,0,0
2026-07-18T13:00:26.156 RX LT,2180,73,167,171,184,-6,12,1,-113,0,0,0
2026-07-18T13:00:26.164 RX LT,2200,57,171,130,218,-11,4,1,-110,0,0,0
2026-07-18T13:00:26.164 RX LT,2220,57,171,171,220,-11,4,1,-105,0,0,0
2026-07-18T13:00:26.285 RX LT,2240,57,171,119,220,-11,4,1,-101,0,0,0
2026-07-18T13:00:26.285 RX LT,2260,57,171,127,176,-11,4,1,-96,0,0,0
2026-07-18T13:00:26.285 RX LT,2280,57,171,127,185,-11,4,1,-92,0,0,0
2026-07-18T13:00:26.285 RX LT,2300,57,171,127,185,-11,4,1,-88,0,0,0
2026-07-18T13:00:26.285 RX LT,2320,57,171,127,185,-11,4,1,-83,0,0,0
2026-07-18T13:00:26.285 RX LT,2340,57,171,160,185,-11,4,1,-78,0,0,0
2026-07-18T13:00:26.415 RX LT,2360,57,171,162,185,-11,4,1,-73,0,0,0
2026-07-18T13:00:26.415 RX LT,2380,57,171,118,229,-11,4,1,-67,0,0,0
2026-07-18T13:00:26.415 RX LT,2400,57,171,159,177,-11,4,1,-62,0,0,0
2026-07-18T13:00:26.415 RX LT,2420,57,171,75,185,-11,4,1,-57,0,0,0
2026-07-18T13:00:26.415 RX LT,2440,57,171,113,185,-11,4,1,-49,0,0,0
2026-07-18T13:00:26.415 RX LT,2460,57,171,115,185,-11,4,1,-43,0,0,0
2026-07-18T13:00:26.540 RX LT,2480,57,171,72,185,-11,4,1,-36,0,0,0
2026-07-18T13:00:26.540 RX LT,2500,57,171,113,185,-11,4,1,-30,0,0,0
2026-07-18T13:00:26.540 RX LT,2520,57,171,104,185,-11,4,1,-24,0,0,0
2026-07-18T13:00:26.540 RX LT,2540,57,171,115,185,-11,4,1,-18,0,0,0
2026-07-18T13:00:26.541 RX LT,2560,73,167,115,218,-6,12,1,-13,0,0,0
2026-07-18T13:00:26.541 RX LT,2580,73,167,105,220,-6,12,1,-8,0,0,0
2026-07-18T13:00:26.670 RX LT,2600,73,167,115,220,-6,12,1,-3,0,0,0
2026-07-18T13:00:26.670 RX LT,2620,73,167,72,220,-6,12,1,2,0,0,0
2026-07-18T13:00:26.670 RX LT,2640,73,167,113,220,-6,12,1,7,0,0,0
2026-07-18T13:00:26.670 RX LT,2660,73,167,72,187,-6,12,1,15,0,0,0
2026-07-18T13:00:26.671 RX LT,2680,73,167,113,218,-6,12,1,20,0,0,0
2026-07-18T13:00:26.671 RX LT,2700,73,167,115,220,-6,12,1,24,0,0,0
2026-07-18T13:00:26.812 RX LT,2720,73,167,105,220,-6,12,1,29,0,0,0
2026-07-18T13:00:26.812 RX LT,2740,93,147,115,220,-2,8,1,32,0,0,0
2026-07-18T13:00:26.812 RX LT,2760,108,132,105,176,-2,8,1,37,0,0,0
2026-07-18T13:00:26.812 RX LT,2780,108,132,115,185,-2,8,1,41,0,0,0
2026-07-18T13:00:26.812 RX LT,2800,118,122,115,174,0,24,1,45,0,0,0
2026-07-18T13:00:26.813 RX LT,2820,120,120,105,184,0,24,1,49,0,0,0
2026-07-18T13:00:26.813 RX LT,2840,120,120,158,163,0,24,1,51,0,0,0
2026-07-18T13:00:26.814 TX SET LINEKD 2150 1435233758
2026-07-18T13:00:26.915 RX LT,2860,120,120,75,184,0,24,1,53,0,0,0
2026-07-18T13:00:26.915 RX LT,2880,120,120,113,174,0,24,1,57,0,0,0
2026-07-18T13:00:26.915 RX SA,1435233758,LINEKD,2150
2026-07-18T13:00:26.915 RX LT,2900,120,120,115,174,0,24,1,59,0,0,0
2026-07-18T13:00:26.915 RX LT,2920,132,108,115,174,2,16,1,61,0,0,0
2026-07-18T13:00:26.915 RX LT,2940,132,108,115,174,2,16,1,62,0,0,0
2026-07-18T13:00:27.065 RX LT,2960,132,108,115,174,2,16,1,62,0,0,0
2026-07-18T13:00:27.065 RX LT,2980,132,108,115,130,2,16,1,63,0,0,0
2026-07-18T13:00:27.065 RX LT,3000,148,92,115,171,6,48,1,62,0,0,0
2026-07-18T13:00:27.065 RX LT,3020,164,76,159,130,6,48,1,61,0,0,0
2026-07-18T13:00:27.065 RX LT,3040,167,73,118,127,6,48,1,60,0,0,0
2026-07-18T13:00:27.065 RX LT,3060,167,73,159,160,6,48,1,58,0,0,0
2026-07-18T13:00:27.065 RX LT,3080,167,73,162,118,6,48,1,55,0,0,0
2026-07-18T13:00:27.184 RX LT,3100,167,73,162,116,6,48,1,49,0,0,0
2026-07-18T13:00:27.184 RX LT,3120,167,73,162,116,6,48,1,44,0,0,0
2026-07-18T13:00:27.184 RX LT,3140,167,73,129,116,6,48,1,39,0,0,0
2026-07-18T13:00:27.184 RX LT,3160,167,73,171,116,6,48,1,34,0,0,0
2026-07-18T13:00:27.184 RX LT,3180,167,73,130,116,6,48,1,29,0,0,0
2026-07-18T13:00:27.184 RX LT,3200,167,73,171,116,6,48,1,23,0,0,0
2026-07-18T13:00:27.318 RX LT,3220,167,73,173,116,6,48,1,17,0,0,0
2026-07-18T13:00:27.318 RX LT,3240,167,73,173,116,6,48,1,10,0,0,0
2026-07-18T13:00:27.318 RX LT,3260,167,73,173,116,6,48,1,4,0,0,0
2026-07-18T13:00:27.318 RX LT,3280,167,73,173,116,6,48,1,-2,0,0,0
2026-07-18T13:00:27.320 RX LT,3300,167,73,217,116,6,48,1,-14,0,0,0
2026-07-18T13:00:27.320 RX LT,3320,167,73,176,105,6,48,1,-20,0,0,0
2026-07-18T13:00:27.463 RX LT,3340,167,73,174,115,6,48,1,-26,0,0,0
2026-07-18T13:00:27.463 RX LT,3360,167,73,184,115,6,48,1,-34,0,0,0
2026-07-18T13:00:27.463 RX LT,3380,167,73,174,115,6,48,1,-42,0,0,0
2026-07-18T13:00:27.463 RX LT,3400,167,73,184,105,6,48,1,-49,0,0,0
2026-07-18T13:00:27.464 RX LT,3420,167,73,174,71,6,48,1,-56,0,0,0
2026-07-18T13:00:27.464 RX LT,3440,167,73,184,113,6,48,1,-63,0,0,0
2026-07-18T13:00:27.464 RX LT,3460,167,73,174,72,6,48,1,-69,0,0,0
2026-07-18T13:00:27.595 RX LT,3480,167,73,184,113,6,48,1,-76,0,0,0
2026-07-18T13:00:27.595 RX LT,3500,167,73,218,72,6,48,1,-82,0,0,0
2026-07-18T13:00:27.595 RX LT,3520,167,73,176,113,6,48,1,-89,0,0,0
2026-07-18T13:00:27.595 RX LT,3540,167,73,217,72,6,48,1,-95,0,0,0
2026-07-18T13:00:27.596 RX LT,3560,167,73,176,113,6,48,1,-102,0,0,0
2026-07-18T13:00:27.596 RX LT,3580,167,73,185,104,6,48,1,-107,0,0,0
2026-07-18T13:00:27.705 RX LT,3600,167,73,174,115,6,48,1,-112,0,0,0
2026-07-18T13:00:27.705 RX LT,3620,167,73,217,105,6,48,1,-119,0,0,0
2026-07-18T13:00:27.705 RX LT,3640,167,73,176,104,6,48,1,-125,0,0,0
2026-07-18T13:00:27.705 RX LT,3660,167,73,185,115,6,48,1,-130,0,0,0
2026-07-18T13:00:27.705 RX LT,3680,157,83,218,105,2,16,1,-136,0,0,0
2026-07-18T13:00:27.705 RX LT,3700,137,103,176,71,2,16,1,-142,0,0,0
2026-07-18T13:00:27.835 RX LT,3720,132,108,185,113,2,16,1,-147,0,0,0
2026-07-18T13:00:27.835 RX LT,3740,132,108,174,115,2,16,1,-154,0,0,0
2026-07-18T13:00:27.835 RX LT,3760,132,108,184,115,2,16,1,-158,0,0,0
2026-07-18T13:00:27.835 RX LT,3780,132,108,174,115,2,16,1,-162,0,0,0
2026-07-18T13:00:27.835 RX LT,3800,120,120,217,115,0,24,1,-165,0,0,0
2026-07-18T13:00:27.835 RX LT,3820,120,120,176,115,0,24,1,-168,0,0,0
2026-07-18T13:00:27.967 RX LT,3840,120,120,174,115,0,24,1,-172,0,0,0
2026-07-18T13:00:27.967 RX LT,3860,120,120,174,115,0,24,1,-175,0,0,0
2026-07-18T13:00:27.968 RX LT,3880,120,120,174,115,0,24,1,-178,0,0,0
2026-07-18T13:00:27.968 RX LT,3900,120,120,174,115,0,24,1,-181,0,0,0
2026-07-18T13:00:27.970 RX LT,3920,120,120,217,115,0,24,1,-184,0,0,0
2026-07-18T13:00:27.972 RX LT,3940,110,130,176,115,-2,8,1,-187,0,0,0
2026-07-18T13:00:28.084 RX LT,3960,108,132,174,115,-2,8,1,-191,0,0,0
2026-07-18T13:00:28.084 RX LT,3980,108,132,174,115,-2,8,1,-193,0,0,0
2026-07-18T13:00:28.084 RX LT,4000,108,132,174,126,-2,8,1,-195,0,0,0
2026-07-18T13:00:28.084 RX LT,4020,108,132,163,116,-2,8,1,-196,0,0,0
2026-07-18T13:00:28.084 RX LT,4040,92,148,173,159,-6,12,1,-198,0,0,0
2026-07-18T13:00:28.084 RX LT,4060,76,164,173,118,-6,12,1,-199,0,0,0
2026-07-18T13:00:28.214 RX LT,4080,73,167,163,116,-6,12,1,-200,0,0,0
2026-07-18T13:00:28.214 RX LT,4100,73,167,129,126,-6,12,1,-200,0,0,0
2026-07-18T13:00:28.214 RX LT,4120,73,167,171,127,-6,12,1,-199,0,0,0
2026-07-18T13:00:28.214 RX LT,4140,73,167,162,127,-6,12,1,-198,0,0,0
2026-07-18T13:00:28.214 RX LT,4160,73,167,162,171,-6,12,1,-196,0,0,0
2026-07-18T13:00:28.214 RX LT,4180,73,167,129,130,-6,12,1,-192,0,0,0
2026-07-18T13:00:28.335 RX LT,4200,57,171,160,171,-11,4,1,-189,0,0,0
2026-07-18T13:00:28.335 RX LT,4220,57,171,162,173,-11,4,1,-187,0,0,0
2026-07-18T13:00:28.335 RX LT,4240,57,171,118,130,-11,4,1,-184,0,0,0
2026-07-18T13:00:28.335 RX LT,4260,57,171,159,171,-11,4,1,-181,0,0,0
2026-07-18T13:00:28.335 RX LT,4280,57,171,118,173,-11,4,1,-177,0,0,0
2026-07-18T13:00:28.335 RX LT,4300,57,171,127,173,-11,4,1,-174,0,0,0
2026-07-18T13:00:28.474 RX LT,4320,57,171,160,173,-11,4,1,-170,0,0,0
2026-07-18T13:00:28.474 RX LT,4340,57,171,118,217,-11,4,1,-166,0,0,0
2026-07-18T13:00:28.474 RX LT,4360,57,171,116,176,-11,4,1,-162,0,0,0
2026-07-18T13:00:28.474 RX LT,4380,29,171,126,174,-18,6,1,-158,0,0,0
2026-07-18T13:00:28.474 RX LT,4400,29,171,116,174,-18,6,1,-152,0,0,0
2026-07-18T13:00:28.474 RX LT,4420,29,171,116,174,-18,6,1,-147,0,0,0
2026-07-18T13:00:28.595 RX LT,4440,29,171,105,184,-18,6,1,-142,0,0,0
2026-07-18T13:00:28.595 RX LT,4460,29,171,71,174,-18,6,1,-137,0,0,0
2026-07-18T13:00:28.598 RX LT,4480,29,171,113,174,-18,6,1,-132,0,0,0
2026-07-18T13:00:28.599 RX LT,4500,29,171,72,174,-18,6,1,-129,0,0,0
2026-07-18T13:00:28.601 TX SET LINEKD 2250 1435233759
2026-07-18T13:00:28.601 RX LT,4520,57,171,113,174,-11,4,1,-123,0,0,0
2026-07-18T13:00:28.601 RX LT,4540,57,171,115,174,-11,4,1,-116,0,0,0
2026-07-18T13:00:28.700 RX LT,4560,57,171,61,174,-11,4,1,-110,0,0,0
2026-07-18T13:00:28.700 RX LT,4580,57,171,69,217,-11,4,1,-104,0,0,0
2026-07-18T13:00:28.700 RX SA,1435233759,LINEKD,2250
2026-07-18T13:00:28.700 RX LT,4600,57,171,102,176,-11,4,1,-97,0,0,0
2026-07-18T13:00:28.705 RX LT,4620,80,148,104,174,-11,4,1,-91,0,0,0
2026-07-18T13:00:28.705 RX LT,4640,57,171,71,174,-11,4,1,-87,0,0,0
2026-07-18T13:00:28.825 RX LT,4660,57,171,69,174,-11,4,1,-81,0,0,0
2026-07-18T13:00:28.825 RX LT,4680,57,171,69,174,-11,4,1,-76,0,0,0
2026-07-18T13:00:28.825 RX LT,4700,57,171,69,174,-11,4,1,-71,0,0,0
2026-07-18T13:00:28.825 RX LT,4720,57,171,69,217,-11,4,1,-66,0,0,0
2026-07-18T13:00:28.825 RX LT,4740,73,167,69,176,-6,12,1,-61,0,0,0
2026-07-18T13:00:28.825 RX LT,4760,73,167,113,174,-6,12,1,-56,0,0,0
2026-07-18T13:00:28.825 RX LT,4780,73,167,104,217,-6,12,1,-51,0,0,0
2026-07-18T13:00:28.973 RX LT,4800,73,167,104,176,-6,12,1,-46,0,0,0
2026-07-18T13:00:28.973 RX LT,4820,73,167,71,174,-6,12,1,-42,0,0,0
2026-07-18T13:00:28.973 RX LT,4840,73,167,69,217,-6,12,1,-35,0,0,0
2026-07-18T13:00:28.974 RX LT,4860,73,167,69,176,-6,12,1,-31,0,0,0
2026-07-18T13:00:28.975 RX LT,4880,73,167,113,174,-6,12,1,-26,0,0,0
2026-07-18T13:00:28.975 RX LT,4900,83,157,104,217,-2,8,1,-21,0,0,0
2026-07-18T13:00:29.084 RX LT,4920,103,137,104,176,-2,8,1,-19,0,0,0
2026-07-18T13:00:29.084 RX LT,4940,108,132,71,174,-2,8,1,-15,0,0,0
2026-07-18T13:00:29.084 RX LT,4960,108,132,113,174,-2,8,1,-11,0,0,0
2026-07-18T13:00:29.084 RX LT,4980,108,132,72,130,-2,8,1,-9,0,0,0
2026-07-18T13:00:29.084 RX LT,5000,120,120,113,171,0,24,1,-6,0,0,0
2026-07-18T13:00:29.084 RX LT,5020,120,120,72,173,0,24,1,-4,0,0,0
2026-07-18T13:00:29.100 TX SET LINEKD 2350 1435233760
2026-07-18T13:00:29.225 RX LT,5040,120,120,113,163,0,24,1,-1,0,0,0
2026-07-18T13:00:29.225 RX LT,5060,120,120,104,129,0,24,1,2,0,0,0
2026-07-18T13:00:29.225 RX SA,1435233760,LINEKD,2350
2026-07-18T13:00:29.225 RX LT,5080,120,120,115,171,0,24,1,4,0,0,0
2026-07-18T13:00:29.225 RX LT,5100,120,120,105,162,0,24,1,5,0,0,0
2026-07-18T13:00:29.225 RX LT,5120,132,108,115,173,2,16,1,6,0,0,0
2026-07-18T13:00:29.225 RX LT,5140,132,108,115,163,2,16,1,7,0,0,0
2026-07-18T13:00:29.345 RX LT,5160,132,108,105,162,2,16,1,8,0,0,0
2026-07-18T13:00:29.345 RX LT,5180,132,108,115,162,2,16,1,9,0,0,0
2026-07-18T13:00:29.345 RX LT,5200,140,100,115,162,6,48,1,9,0,0,0
2026-07-18T13:00:29.345 RX LT,5220,156,84,115,129,6,48,1,9,0,0,0
2026-07-18T13:00:29.345 RX LT,5240,167,73,115,116,6,48,1,9,0,0,0
2026-07-18T13:00:29.345 RX LT,5260,167,73,115,159,6,48,1,7,0,0,0
2026-07-18T13:00:29.475 RX LT,5280,167,73,126,118,6,48,1,3,0,0,0
2026-07-18T13:00:29.475 RX LT,5300,167,73,160,72,6,48,1,-1,0,0,0
2026-07-18T13:00:29.475 RX LT,5320,167,73,118,113,6,48,1,-4,0,0,0
2026-07-18T13:00:29.475 RX LT,5340,167,73,127,115,6,48,1,-8,0,0,0
2026-07-18T13:00:29.475 RX LT,5360,167,73,127,115,6,48,1,-13,0,0,0
2026-07-18T13:00:29.475 RX LT,5380,167,73,160,105,6,48,1,-18,0,0,0
2026-07-18T13:00:29.475 RX LT,5400,167,73,173,115,6,48,1,-23,0,0,0
2026-07-18T13:00:29.614 RX LT,5420,167,73,163,72,6,48,1,-29,0,0,0
2026-07-18T13:00:29.614 RX LT,5440,167,73,129,113,6,48,1,-34,0,0,0
2026-07-18T13:00:29.614 RX LT,5460,167,73,171,72,6,48,1,-40,0,0,0
2026-07-18T13:00:29.614 RX LT,5480,167,73,173,113,6,48,1,-47,0,0,0
2026-07-18T13:00:29.614 RX LT,5500,167,73,173,104,6,48,1,-56,0,0,0
2026-07-18T13:00:29.614 RX LT,5520,167,73,173,104,6,48,1,-63,0,0,0
2026-07-18T13:00:29.748 RX LT,5540,167,73,173,115,6,48,1,-70,0,0,0
2026-07-18T13:00:29.748 RX LT,5560,167,73,173,105,6,48,1,-77,0,0,0
2026-07-18T13:00:29.748 RX LT,5580,167,73,217,71,6,48,1,-83,0,0,0
2026-07-18T13:00:29.748 RX LT,5600,167,73,176,69,6,48,1,-90,0,0,0
2026-07-18T13:00:29.748 RX LT,5620,167,73,174,113,6,48,1,-96,0,0,0
2026-07-18T13:00:29.748 RX LT,5640,167,73,217,72,6,48,1,-101,0,0,0
2026-07-18T13:00:29.874 RX LT,5660,167,73,176,69,6,48,1,-107,0,0,0
2026-07-18T13:00:29.874 RX LT,5680,167,73,174,113,6,48,1,-113,0,0,0
2026-07-18T13:00:29.874 RX LT,5700,167,73,217,104,6,48,1,-118,0,0,0
2026-07-18T13:00:29.875 RX LT,5720,167,73,176,115,6,48,1,-126,0,0,0
2026-07-18T13:00:29.875 RX LT,5740,167,73,174,105,6,48,1,-130,0,0,0
2026-07-18T13:00:29.875 RX LT,5760,167,73,174,71,6,48,1,-136,0,0,0
2026-07-18T13:00:30.005 RX LT,5780,167,73,184,113,6,48,1,-140,0,0,0
2026-07-18T13:00:30.006 RX LT,5800,167,73,131,72,6,48,1,-144,0,0,0
2026-07-18T13:00:30.006 RX LT,5820,167,73,214,69,6,48,1,-149,0,0,0
2026-07-18T13:00:30.006 RX LT,5840,167,73,176,113,6,48,1,-151,0,0,0
2026-07-18T13:00:30.006 RX LT,5860,167,73,185,72,6,48,1,-156,0,0,0
2026-07-18T13:00:30.006 RX LT,5880,167,73,174,69,6,48,1,-161,0,0,0
2026-07-18T13:00:30.128 RX LT,5900,167,73,217,69,6,48,1,-167,0,0,0
2026-07-18T13:00:30.128 RX LT,5920,167,73,176,113,6,48,1,-172,0,0,0
2026-07-18T13:00:30.128 RX LT,5940,167,73,217,104,6,48,1,-180,0,0,0
2026-07-18T13:00:30.128 RX LT,5960,147,93,220,71,2,16,1,-185,0,0,0
2026-07-18T13:00:30.128 RX LT,5980,132,108,176,113,2,16,1,-190,0,0,0
2026-07-18T13:00:30.128 RX LT,6000,132,108,174,115,2,16,1,-195,0,0,0
2026-07-18T13:00:30.255 RX LT,6020,132,108,184,115,2,16,1,-199,0,0,0
2026-07-18T13:00:30.255 RX LT,6040,132,108,174,105,2,16,1,-203,0,0,0
2026-07-18T13:00:30.255 RX LT,6060,122,118,174,71,0,24,1,-207,0,0,0
2026-07-18T13:00:30.255 RX LT,6080,120,120,217,113,0,24,1,-211,0,0,0
2026-07-18T13:00:30.255 RX LT,6100,120,120,176,72,0,24,1,-215,0,0,0
2026-07-18T13:00:30.255 RX LT,6120,120,120,174,113,0,24,1,-219,0,0,0
2026-07-18T13:00:30.378 RX LT,6140,120,120,174,104,0,24,1,-222,0,0,0
2026-07-18T13:00:30.378 RX LT,6160,120,120,174,115,0,24,1,-226,0,0,0
2026-07-18T13:00:30.378 RX LT,6180,120,120,184,115,0,24,1,-229,0,0,0
2026-07-18T13:00:30.378 RX LT,6200,108,132,174,115,-2,8,1,-231,0,0,0
2026-07-18T13:00:30.378 RX LT,6220,108,132,174,115,-2,8,1,-233,0,0,0
2026-07-18T13:00:30.378 RX LT,6240,92,148,163,115,-6,12,1,-235,0,0,0
2026-07-18T13:00:30.504 RX LT,6260,76,164,173,115,-6,12,1,-236,0,0,0
2026-07-18T13:00:30.504 RX LT,6280,73,167,173,115,-6,12,1,-237,0,0,0
2026-07-18T13:00:30.504 RX LT,6300,73,167,163,126,-6,12,1,-238,0,0,0
2026-07-18T13:00:30.504 RX LT,6320,73,167,162,116,-6,12,1,-238,0,0,0
2026-07-18T13:00:30.504 RX LT,6340,73,167,129,159,-6,12,1,-238,0,0,0
2026-07-18T13:00:30.504 RX LT,6360,73,167,171,162,-6,12,1,-238,0,0,0
2026-07-18T13:00:30.634 RX LT,6380,57,171,130,162,-11,4,1,-235,0,0,0
2026-07-18T13:00:30.635 RX LT,6400,57,171,127,129,-11,4,1,-232,0,0,0
2026-07-18T13:00:30.635 RX LT,6420,57,171,171,171,-11,4,1,-229,0,0,0
2026-07-18T13:00:30.635 RX LT,6440,57,171,119,173,-11,4,1,-225,0,0,0
2026-07-18T13:00:30.635 RX LT,6460,57,171,127,163,-11,4,1,-221,0,0,0
2026-07-18T13:00:30.635 RX LT,6480,57,171,127,173,-11,4,1,-217,0,0,0
2026-07-18T13:00:30.756 RX LT,6500,29,171,116,173,-18,6,1,-212,0,0,0
2026-07-18T13:00:30.756 RX LT,6520,29,171,126,130,-18,6,1,-210,0,0,0
2026-07-18T13:00:30.756 RX LT,6540,29,171,116,171,-18,6,1,-205,0,0,0
2026-07-18T13:00:30.756 RX LT,6560,29,171,116,173,-18,6,1,-199,0,0,0
2026-07-18T13:00:30.756 RX LT,6580,29,171,116,173,-18,6,1,-193,0,0,0
2026-07-18T13:00:30.756 RX LT,6600,29,171,105,173,-18,6,1,-186,0,0,0
2026-07-18T13:00:30.875 RX LT,6620,29,171,115,173,-18,6,1,-180,0,0,0
2026-07-18T13:00:30.875 RX LT,6640,29,171,72,173,-18,6,1,-173,0,0,0
2026-07-18T13:00:30.884 RX LT,6660,29,171,113,217,-18,6,1,-166,0,0,0
2026-07-18T13:00:30.884 RX LT,6680,29,171,104,133,-18,6,1,-159,0,0,0
2026-07-18T13:00:30.884 RX LT,6700,29,171,71,171,-18,6,1,-152,0,0,0
2026-07-18T13:00:30.884 TX SET LINEKD 2250 1435233761
2026-07-18T13:00:30.884 RX LT,6720,29,171,69,141,-18,6,1,-145,0,0,0
2026-07-18T13:00:31.006 RX LT,6740,29,171,113,171,-18,6,1,-138,0,0,0
2026-07-18T13:00:31.006 RX LT,6760,29,171,61,173,-18,6,1,-130,0,0,0
2026-07-18T13:00:31.006 RX SA,1435233761,LINEKD,2250
2026-07-18T13:00:31.006 RX LT,6780,29,171,69,173,-18,6,1,-122,0,0,0
2026-07-18T13:00:31.006 RX LT,6800,64,136,58,173,-18,6,1,-111,0,0,0
2026-07-18T13:00:31.006 RX LT,6820,29,171,101,130,-18,6,1,-105,0,0,0
2026-07-18T13:00:31.006 RX LT,6840,57,171,60,214,-11,4,1,-98,0,0,0
2026-07-18T13:00:31.134 RX LT,6860,57,171,101,133,-11,4,1,-92,0,0,0
2026-07-18T13:00:31.134 RX LT,6880,57,171,104,171,-11,4,1,-87,0,0,0
2026-07-18T13:00:31.134 RX LT,6900,57,171,60,173,-11,4,1,-81,0,0,0
2026-07-18T13:00:31.134 RX LT,6920,57,171,69,173,-11,4,1,-76,0,0,0
2026-07-18T13:00:31.134 RX LT,6940,57,171,69,173,-11,4,1,-70,0,0,0
2026-07-18T13:00:31.134 RX LT,6960,57,171,58,173,-11,4,1,-64,0,0,0
2026-07-18T13:00:31.258 RX LT,6980,57,171,68,173,-11,4,1,-59,0,0,0
2026-07-18T13:00:31.258 RX LT,7000,57,171,69,173,-11,4,1,-53,0,0,0
2026-07-18T13:00:31.258 RX LT,7020,57,171,102,217,-11,4,1,-45,0,0,0
2026-07-18T13:00:31.258 RX LT,7040,73,167,104,176,-6,12,1,-40,0,0,0
2026-07-18T13:00:31.259 RX LT,7060,73,167,104,174,-6,12,1,-34,0,0,0
2026-07-18T13:00:31.259 RX LT,7080,73,167,104,174,-6,12,1,-29,0,0,0
2026-07-18T13:00:31.386 RX LT,7100,73,167,60,174,-6,12,1,-25,0,0,0
2026-07-18T13:00:31.386 RX LT,7120,73,167,69,184,-6,12,1,-20,0,0,0
2026-07-18T13:00:31.386 RX LT,7140,73,167,69,174,-6,12,1,-15,0,0,0
2026-07-18T13:00:31.386 RX LT,7160,73,167,69,174,-6,12,1,-10,0,0,0
2026-07-18T13:00:31.386 RX LT,7180,93,147,69,184,-2,8,1,-5,0,0,0
2026-07-18T13:00:31.386 RX LT,7200,108,132,102,131,-2,8,1,0,0,0,0
2026-07-18T13:00:31.532 RX LT,7220,108,132,104,171,-2,8,1,4,0,0,0
2026-07-18T13:00:31.532 RX LT,7240,118,122,71,173,0,24,1,10,0,0,0
2026-07-18T13:00:31.532 RX LT,7260,120,120,69,163,0,24,1,13,0,0,0
2026-07-18T13:00:31.532 RX LT,7280,120,120,113,129,0,24,1,15,0,0,0
2026-07-18T13:00:31.532 RX LT,7300,120,120,104,127,0,24,1,17,0,0,0
2026-07-18T13:00:31.532 RX LT,7320,120,120,104,171,0,24,1,19,0,0,0
2026-07-18T13:00:31.532 RX LT,7340,120,120,71,130,0,24,1,20,0,0,0
2026-07-18T13:00:31.533 TX SET LINEKP 8150 1435233762
2026-07-18T13:00:31.634 RX LT,7360,130,110,113,127,2,16,1,21,0,0,0
2026-07-18T13:00:31.634 RX LT,7380,132,108,104,171,2,16,1,22,0,0,0
2026-07-18T13:00:31.634 RX SA,1435233762,LINEKP,8150
2026-07-18T13:00:31.634 RX LT,7400,132,108,71,119,2,16,1,23,0,0,0
2026-07-18T13:00:31.634 RX LT,7420,132,108,113,127,2,16,1,23,0,0,0
2026-07-18T13:00:31.634 RX LT,7440,140,100,115,127,6,48,1,22,0,0,0
2026-07-18T13:00:31.767 RX LT,7460,156,84,115,116,6,48,1,21,0,0,0
2026-07-18T13:00:31.767 RX LT,7480,167,73,115,116,6,48,1,20,0,0,0
2026-07-18T13:00:31.767 RX LT,7500,167,73,115,116,6,48,1,18,0,0,0
2026-07-18T13:00:31.767 RX LT,7520,167,73,159,116,6,48,1,15,0,0,0
2026-07-18T13:00:31.767 RX LT,7540,167,73,118,116,6,48,1,11,0,0,0
2026-07-18T13:00:31.767 RX LT,7560,167,73,127,105,6,48,1,6,0,0,0
2026-07-18T13:00:31.783 RX LT,7580,167,73,160,71,6,48,1,2,0,0,0
2026-07-18T13:00:31.904 RX LT,7600,167,73,162,113,6,48,1,-3,0,0,0
2026-07-18T13:00:31.904 RX LT,7620,167,73,162,104,6,48,1,-8,0,0,0
2026-07-18T13:00:31.904 RX LT,7640,167,73,118,71,6,48,1,-13,0,0,0
2026-07-18T13:00:31.904 RX LT,7660,167,73,170,69,6,48,1,-19,0,0,0
2026-07-18T13:00:31.904 RX LT,7680,161,79,162,113,3,56,1,-27,0,0,0
2026-07-18T13:00:31.904 RX LT,7700,147,93,173,104,0,60,1,-33,0,0,0
2026-07-18T13:00:32.036 RX LT,7720,137,103,163,104,0,62,0,-39,0,0,0
2026-07-18T13:00:32.036 RX LT,7740,140,140,173,126,0,62,0,0,0,1,0
2026-07-18T13:00:32.036 RX LT,7760,140,140,163,105,0,62,0,0,0,1,0
2026-07-18T13:00:32.036 RX LT,7780,140,140,129,71,0,62,0,0,0,1,0
2026-07-18T13:00:32.036 RX LT,7800,-165,165,127,113,0,31,0,-2,0,2,1
2026-07-18T13:00:32.036 RX LT,7820,-165,165,29,115,-30,3,1,-6,0,2,3
2026-07-18T13:00:32.181 RX LT,7840,-165,165,12,72,-36,1,1,-9,0,2,4
2026-07-18T13:00:32.181 RX LT,7860,-165,165,11,113,-36,1,1,-6,0,2,5
2026-07-18T13:00:32.181 RX LT,7880,-165,165,0,126,0,0,0,1,0,2,7
2026-07-18T13:00:32.181 RX LT,7900,-165,165,43,127,0,0,0,19,0,2,8
2026-07-18T13:00:32.181 RX LT,7920,-165,165,100,116,-36,1,1,33,0,2,10
2026-07-18T13:00:32.181 RX LT,7940,-165,165,60,116,-36,1,1,47,0,2,12
2026-07-18T13:00:32.181 RX LT,7960,-165,165,58,126,-36,1,1,61,0,2,14
2026-07-18T13:00:32.275 RX LT,7980,-165,165,101,127,-30,3,1,75,0,2,16
2026-07-18T13:00:32.275 RX LT,8000,-165,165,115,160,-30,3,1,89,0,2,19
2026-07-18T13:00:32.275 RX LT,8020,-165,165,105,162,-30,3,1,104,0,2,21
2026-07-18T13:00:32.275 RX LT,8040,-165,165,104,162,-30,3,1,120,0,2,24
2026-07-18T13:00:32.275 RX LT,8060,-165,165,115,162,-30,3,1,136,0,2,26
2026-07-18T13:00:32.412 RX LT,8080,-165,165,115,173,-24,7,1,151,0,2,29
2026-07-18T13:00:32.413 RX LT,8100,-165,165,115,163,-18,6,1,168,0,2,32
2026-07-18T13:00:32.413 RX LT,8120,-165,165,126,173,-18,6,1,194,0,2,35
2026-07-18T13:00:32.413 RX LT,8140,-106,106,171,130,-18,6,1,212,0,2,38
2026-07-18T13:00:32.413 RX LT,8160,-99,99,162,171,-11,4,1,230,0,2,41
2026-07-18T13:00:32.413 RX LT,8180,-93,93,118,119,-6,12,1,247,0,2,44
2026-07-18T13:00:32.538 RX LT,8200,-86,86,127,127,-6,12,1,263,0,3,47
2026-07-18T13:00:32.538 RX LT,8220,-82,82,127,116,-6,12,1,278,0,3,49
2026-07-18T13:00:32.538 RX LT,8240,-75,75,127,116,-2,8,1,292,0,3,52
2026-07-18T13:00:32.538 RX LT,8260,-70,70,160,105,0,24,1,306,0,3,54
2026-07-18T13:00:32.539 RX TURN CAPTURE,1,312,55,24,0
2026-07-18T13:00:32.539 RX LT,8280,0,0,118,71,0,24,1,318,0,5,57
2026-07-18T13:00:32.539 RX LT,8300,0,0,72,15,0,24,1,329,0,5,57
2026-07-18T13:00:32.685 RX LT,8320,0,0,58,0,0,24,1,337,0,5,58
2026-07-18T13:00:32.685 RX LT,8340,0,0,101,54,2,16,1,343,0,5,59
2026-07-18T13:00:32.685 RX LT,8360,0,0,60,14,2,16,1,345,0,5,60
2026-07-18T13:00:32.685 RX LT,8380,0,0,58,0,2,16,1,345,0,5,61
2026-07-18T13:00:32.685 RX LT,8400,0,0,3,10,2,16,1,344,0,5,61
2026-07-18T13:00:32.685 RX LT,8420,0,0,11,0,2,16,1,342,0,5,61
2026-07-18T13:00:32.686 RX LT,8440,0,0,0,0,2,16,1,338,0,6,61
2026-07-18T13:00:32.771 RX LT,8460,110,90,43,43,2,16,1,336,0,6,62
2026-07-18T13:00:32.771 RX LT,8480,112,88,13,57,2,16,1,330,0,6,63
2026-07-18T13:00:32.771 RX TURN CENTER,1,327,64,16,2
2026-07-18T13:00:32.771 RX TURN LEARN,1,900,68
2026-07-18T13:00:32.771 RX TURN DONE,1,327,750
2026-07-18T13:00:32.771 RX LT,8500,130,110,55,14,2,16,1,-6,1,0,64
2026-07-18T13:00:32.772 RX LT,8520,132,108,57,44,2,16,1,-13,1,0,64
2026-07-18T13:00:32.914 RX LT,8540,132,108,57,46,2,16,1,-19,1,0,64
2026-07-18T13:00:32.914 RX LT,8560,132,108,101,46,2,16,1,-29,1,0,64
2026-07-18T13:00:32.914 RX LT,8580,122,118,60,13,0,24,1,-32,1,0,64
2026-07-18T13:00:32.914 RX LT,8600,120,120,58,55,0,24,1,-38,1,0,64
2026-07-18T13:00:32.914 RX LT,8620,120,120,68,57,0,24,1,-43,1,0,64
2026-07-18T13:00:32.914 RX LT,8640,120,120,58,14,0,24,1,-48,1,0,64
2026-07-18T13:00:32.914 RX LT,8660,120,120,68,22,0,24,1,-52,1,0,64
2026-07-18T13:00:33.041 RX LT,8680,120,120,102,66,0,24,1,-56,1,0,64
2026-07-18T13:00:33.041 RX LT,8700,110,130,60,58,-2,8,1,-60,1,0,64
2026-07-18T13:00:33.041 RX LT,8720,108,132,101,101,-2,8,1,-63,1,0,64
2026-07-18T13:00:33.041 RX LT,8740,108,132,60,60,-2,8,1,-65,1,0,64
2026-07-18T13:00:33.041 RX LT,8760,108,132,58,69,-2,8,1,-67,1,0,64
2026-07-18T13:00:33.041 RX LT,8780,108,132,101,113,-2,8,1,-69,1,0,64
2026-07-18T13:00:33.166 RX LT,8800,108,132,60,104,-2,8,1,-70,1,0,64
2026-07-18T13:00:33.166 RX LT,8820,108,132,101,115,-2,8,1,-70,1,0,64
2026-07-18T13:00:33.166 RX LT,8840,108,132,60,115,-2,8,1,-70,1,0,64
2026-07-18T13:00:33.166 RX LT,8860,108,132,69,115,-2,8,1,-70,1,0,64
2026-07-18T13:00:33.166 RX LT,8880,108,132,102,159,-2,8,1,-70,1,0,64
2026-07-18T13:00:33.166 RX LT,8900,92,148,104,118,-6,12,1,-70,1,0,64
2026-07-18T13:00:33.295 RX LT,8920,76,164,104,159,-6,12,1,-69,1,0,64
2026-07-18T13:00:33.295 RX LT,8940,57,171,104,162,-11,4,1,-68,1,0,64
2026-07-18T13:00:33.295 RX LT,8960,57,171,60,162,-11,4,1,-67,1,0,64
2026-07-18T13:00:33.295 RX LT,8980,57,171,69,162,-11,4,1,-64,1,0,64
2026-07-18T13:00:33.295 RX LT,9000,57,171,69,162,-11,4,1,-62,1,0,64
2026-07-18T13:00:33.295 RX LT,9020,57,171,102,129,-11,4,1,-59,1,0,64
2026-07-18T13:00:33.419 RX LT,9040,57,171,104,171,-11,4,1,-57,1,0,64
2026-07-18T13:00:33.419 RX LT,9060,57,171,60,173,-11,4,1,-54,1,0,64
2026-07-18T13:00:33.419 RX LT,9080,57,171,69,130,-11,4,1,-51,1,0,64
2026-07-18T13:00:33.419 RX LT,9100,57,171,69,171,-11,4,1,-49,1,0,64
2026-07-18T13:00:33.419 RX LT,9120,57,171,69,173,-11,4,1,-46,1,0,64
2026-07-18T13:00:33.419 RX LT,9140,57,171,69,173,-11,4,1,-44,1,0,64
2026-07-18T13:00:33.544 RX LT,9160,57,171,102,130,-11,4,1,-41,1,0,64
2026-07-18T13:00:33.544 RX LT,9180,57,171,104,171,-11,4,1,-38,1,0,64
2026-07-18T13:00:33.547 RX LT,9200,57,171,104,173,-11,4,1,-35,1,0,64
2026-07-18T13:00:33.548 RX LT,9220,57,171,104,173,-11,4,1,-32,1,0,64
2026-07-18T13:00:33.550 RX LT,9240,57,171,104,173,-11,4,1,-30,1,0,64
2026-07-18T13:00:33.550 RX LT,9260,57,171,104,163,-11,4,1,-28,1,0,64
2026-07-18T13:00:33.670 RX LT,9280,57,171,104,173,-11,4,1,-26,1,0,64
2026-07-18T13:00:33.670 RX LT,9300,57,171,104,173,-11,4,1,-24,1,0,64
2026-07-18T13:00:33.670 RX LT,9320,57,171,104,173,-11,4,1,-22,1,0,64
2026-07-18T13:00:33.670 RX LT,9340,57,171,60,130,-11,4,1,-20,1,0,64
2026-07-18T13:00:33.671 RX LT,9360,57,171,69,171,-11,4,1,-17,1,0,64
2026-07-18T13:00:33.671 RX LT,9380,57,171,69,173,-11,4,1,-15,1,0,64
2026-07-18T13:00:33.797 RX LT,9400,57,171,102,173,-11,4,1,-14,1,0,64
2026-07-18T13:00:33.797 RX LT,9420,57,171,104,173,-11,4,1,-11,1,0,64
2026-07-18T13:00:33.798 RX LT,9440,57,171,104,173,-11,4,1,-9,1,0,64
2026-07-18T13:00:33.799 RX LT,9460,57,171,60,163,-11,4,1,-8,1,0,64
2026-07-18T13:00:33.799 RX LT,9480,57,171,69,173,-11,4,1,-6,1,0,64
2026-07-18T13:00:33.799 RX LT,9500,57,171,69,173,-11,4,1,-5,1,0,64
2026-07-18T13:00:33.922 RX LT,9520,57,171,102,173,-11,4,1,-4,1,0,64
2026-07-18T13:00:33.922 RX LT,9540,57,171,104,173,-11,4,1,-2,1,0,64
2026-07-18T13:00:33.922 RX LT,9560,57,171,60,173,-11,4,1,-1,1,0,64
2026-07-18T13:00:33.925 RX LT,9580,57,171,69,173,-11,4,1,1,1,0,64
2026-07-18T13:00:33.927 RX LT,9600,57,171,102,163,-11,4,1,2,1,0,64
2026-07-18T13:00:33.927 RX LT,9620,57,171,60,140,-11,4,1,3,1,0,64
2026-07-18T13:00:33.928 TX SET LINEKP 8250 1435233763
2026-07-18T13:00:34.046 RX LT,9640,57,171,69,171,-11,4,1,4,1,0,64
2026-07-18T13:00:34.046 RX LT,9660,57,171,58,173,-11,4,1,6,1,0,64
2026-07-18T13:00:34.046 RX SA,1435233763,LINEKP,8250
2026-07-18T13:00:34.046 RX LT,9680,97,131,101,173,-11,4,1,7,1,0,64
2026-07-18T13:00:34.046 RX LT,9700,63,165,60,163,-11,4,1,8,1,0,64
2026-07-18T13:00:34.046 RX LT,9720,81,159,58,173,-2,8,1,9,1,0,64
2026-07-18T13:00:34.046 RX LT,9740,93,147,68,163,-2,8,1,10,1,0,64
2026-07-18T13:00:34.164 RX LT,9760,108,132,102,129,-2,8,1,10,1,0,64
2026-07-18T13:00:34.164 RX LT,9780,108,132,60,171,-2,8,1,9,1,0,64
2026-07-18T13:00:34.164 RX LT,9800,108,132,69,162,-2,8,1,8,1,0,64
2026-07-18T13:00:34.164 RX LT,9820,108,132,113,173,-2,8,1,6,1,0,64
2026-07-18T13:00:34.175 RX LT,9840,108,132,104,163,-2,8,1,4,1,0,64
2026-07-18T13:00:34.175 RX LT,9860,108,132,71,162,-2,8,1,1,1,0,64
2026-07-18T13:00:34.300 RX LT,9880,108,132,69,173,-2,8,1,-1,1,0,64
2026-07-18T13:00:34.300 RX LT,9900,108,132,113,163,-2,8,1,-4,1,0,64
2026-07-18T13:00:34.300 RX LT,9921,108,132,115,171,-2,8,1,-7,1,0,64
2026-07-18T13:00:34.300 RX LT,9941,108,132,126,152,-2,8,1,-10,1,0,64
2026-07-18T13:00:34.305 RX LT,9961,108,132,105,129,-2,8,1,-13,1,0,64
2026-07-18T13:00:34.305 RX LT,9981,108,132,104,160,-2,8,1,-15,1,0,64
2026-07-18T13:00:34.427 RX LT,10001,108,132,60,173,0,0,0,-17,1,0,64
2026-07-18T13:00:34.427 RX LT,10021,118,122,101,119,2,16,1,-18,1,0,64
2026-07-18T13:00:34.427 RX LT,10041,132,108,104,127,2,16,1,-21,1,0,64
2026-07-18T13:00:34.428 RX LT,10061,132,108,104,116,2,16,1,-25,1,0,64
2026-07-18T13:00:34.428 RX LT,10081,132,108,104,126,2,16,1,-28,1,0,64
2026-07-18T13:00:34.428 RX LT,10101,132,108,71,116,2,16,1,-33,1,0,64
2026-07-18T13:00:34.546 RX LT,10121,132,108,113,116,2,16,1,-37,1,0,64
2026-07-18T13:00:34.546 RX LT,10141,132,108,104,126,2,16,1,-41,1,0,64
2026-07-18T13:00:34.546 RX LT,10161,132,108,115,116,2,16,1,-45,1,0,64
2026-07-18T13:00:34.546 RX LT,10181,132,108,105,116,2,16,1,-50,1,0,64
2026-07-18T13:00:34.546 RX LT,10201,132,108,115,159,2,16,1,-57,1,0,64
2026-07-18T13:00:34.546 RX LT,10221,132,108,72,107,2,16,1,-62,1,0,64
2026-07-18T13:00:34.554 TX SET LINEKP 8350 1435233764
2026-07-18T13:00:34.654 RX LT,10241,132,108,113,126,2,16,1,-66,1,0,64
2026-07-18T13:00:34.654 RX LT,10261,132,108,115,116,2,16,1,-71,1,0,64
2026-07-18T13:00:34.654 RX SA,1435233764,LINEKP,8350
2026-07-18T13:00:34.654 RX LT,10281,130,110,115,116,2,16,1,-76,1,0,64
2026-07-18T13:00:34.654 RX LT,10301,132,108,115,116,2,16,1,-81,1,0,64
2026-07-18T13:00:34.654 RX LT,10321,140,100,115,116,6,48,1,-85,1,0,64
2026-07-18T13:00:34.783 RX LT,10341,156,84,115,116,6,48,1,-90,1,0,64
2026-07-18T13:00:34.783 RX LT,10361,167,73,115,116,6,48,1,-94,1,0,64
2026-07-18T13:00:34.783 RX LT,10381,167,73,115,72,6,48,1,-98,1,0,64
2026-07-18T13:00:34.785 RX LT,10401,167,73,115,113,6,48,1,-102,1,0,64
2026-07-18T13:00:34.785 RX LT,10421,171,57,115,104,11,32,1,-109,1,0,64
2026-07-18T13:00:34.785 RX LT,10441,171,57,159,115,11,32,1,-114,1,0,64
2026-07-18T13:00:34.908 RX LT,10461,171,57,118,115,11,32,1,-119,1,0,64
2026-07-18T13:00:34.908 RX LT,10481,171,57,127,105,11,32,1,-126,1,0,64
2026-07-18T13:00:34.909 RX LT,10501,171,57,160,71,11,32,1,-133,1,0,64
2026-07-18T13:00:34.909 RX LT,10521,171,57,162,69,11,32,1,-140,1,0,64
2026-07-18T13:00:34.909 RX LT,10541,171,57,162,102,11,32,1,-148,1,0,64
2026-07-18T13:00:34.909 RX LT,10561,171,57,162,104,11,32,1,-155,1,0,64
2026-07-18T13:00:35.035 RX LT,10581,171,57,173,60,11,32,1,-163,1,0,64
2026-07-18T13:00:35.035 RX LT,10601,171,57,163,69,11,32,1,-171,1,0,64
2026-07-18T13:00:35.035 RX LT,10621,171,57,173,102,11,32,1,-179,1,0,64
2026-07-18T13:00:35.035 RX LT,10641,171,57,173,60,11,32,1,-191,1,0,64
2026-07-18T13:00:35.035 RX LT,10661,171,57,173,69,11,32,1,-199,1,0,64
2026-07-18T13:00:35.035 RX LT,10681,171,57,173,102,11,32,1,-207,1,0,64
2026-07-18T13:00:35.142 RX LT,10701,171,57,173,60,11,32,1,-214,1,0,64
2026-07-18T13:00:35.142 RX LT,10721,171,57,173,101,11,32,1,-222,1,0,64
2026-07-18T13:00:35.142 RX LT,10741,167,73,184,60,6,48,1,-230,1,0,64
2026-07-18T13:00:35.142 RX LT,10761,167,73,174,69,6,48,1,-237,1,0,64
2026-07-18T13:00:35.142 RX LT,10781,167,73,217,69,6,48,1,-245,1,0,64
2026-07-18T13:00:35.266 RX LT,10801,167,73,176,58,6,48,1,-252,1,0,64
2026-07-18T13:00:35.267 RX LT,10821,167,73,217,68,6,48,1,-259,1,0,64
2026-07-18T13:00:35.267 RX LT,10841,167,73,133,58,6,48,1,-266,1,0,64
2026-07-18T13:00:35.267 RX LT,10861,157,83,171,58,2,16,1,-273,1,0,64
2026-07-18T13:00:35.268 RX LT,10881,137,103,173,101,2,16,1,-277,1,0,64
2026-07-18T13:00:35.268 RX LT,10901,132,108,173,60,2,16,1,-281,1,0,64
2026-07-18T13:00:35.391 RX LT,10921,132,108,173,69,2,16,1,-285,1,0,64
2026-07-18T13:00:35.391 RX LT,10941,132,108,163,102,2,16,1,-288,1,0,64
2026-07-18T13:00:35.392 RX LT,10961,132,108,129,104,2,16,1,-291,1,0,64
2026-07-18T13:00:35.392 RX LT,10981,132,108,171,104,2,16,1,-293,1,0,64
2026-07-18T13:00:35.392 RX LT,11001,132,108,173,60,2,16,1,-297,1,0,64
2026-07-18T13:00:35.392 RX LT,11021,132,108,130,112,2,16,1,-300,1,0,64
2026-07-18T13:00:35.515 RX LT,11041,132,108,171,61,2,16,1,-304,1,0,64
2026-07-18T13:00:35.515 RX LT,11061,122,118,173,69,0,24,1,-307,1,0,64
2026-07-18T13:00:35.515 RX LT,11081,120,120,173,69,0,24,1,-313,1,0,64
2026-07-18T13:00:35.515 RX LT,11101,120,120,173,69,0,24,1,-316,1,0,64
2026-07-18T13:00:35.515 RX LT,11121,120,120,130,113,0,24,1,-319,1,0,64
2026-07-18T13:00:35.515 RX LT,11141,110,130,171,104,-2,8,1,-320,1,0,64
2026-07-18T13:00:35.635 RX LT,11161,108,132,173,104,-2,8,1,-323,1,0,64
2026-07-18T13:00:35.635 RX LT,11181,108,132,163,104,-2,8,1,-326,1,0,64
2026-07-18T13:00:35.635 RX LT,11201,108,132,173,71,-2,8,1,-329,1,0,64
2026-07-18T13:00:35.635 RX LT,11221,108,132,130,113,-2,8,1,-331,1,0,64
2026-07-18T13:00:35.635 RX LT,11241,108,132,171,104,-2,8,1,-333,1,0,64
2026-07-18T13:00:35.635 RX LT,11261,108,132,130,115,-2,8,1,-335,1,0,64
2026-07-18T13:00:35.745 RX LT,11281,100,140,171,115,-6,12,1,-337,1,0,64
2026-07-18T13:00:35.745 RX LT,11301,84,156,130,115,-6,12,1,-339,1,0,64
2026-07-18T13:00:35.745 RX LT,11321,57,171,127,115,-11,4,1,-340,1,0,64
2026-07-18T13:00:35.745 RX LT,11341,57,171,127,115,-11,4,1,-341,1,0,64
2026-07-18T13:00:35.755 RX LT,11361,57,171,127,115,-11,4,1,-341,1,0,64
2026-07-18T13:00:35.865 RX LT,11381,57,171,116,126,-11,4,1,-340,1,0,64
2026-07-18T13:00:35.865 RX LT,11401,57,171,116,160,-11,4,1,-340,1,0,64
2026-07-18T13:00:35.865 RX LT,11421,57,171,126,118,-11,4,1,-338,1,0,64
2026-07-18T13:00:35.865 RX LT,11441,57,171,116,127,-11,4,1,-337,1,0,64
2026-07-18T13:00:35.865 RX LT,11461,57,171,126,171,-11,4,1,-335,1,0,64
2026-07-18T13:00:35.865 RX LT,11481,57,171,116,162,-11,4,1,-333,1,0,64
2026-07-18T13:00:35.999 RX LT,11501,57,171,116,129,-11,4,1,-331,1,0,64
2026-07-18T13:00:35.999 RX LT,11521,57,171,159,171,-11,4,1,-327,1,0,64
2026-07-18T13:00:36.001 RX LT,11541,57,171,118,173,-11,4,1,-324,1,0,64
2026-07-18T13:00:36.001 RX LT,11561,57,171,116,163,-11,4,1,-322,1,0,64
2026-07-18T13:00:36.001 RX LT,11581,57,171,116,173,-11,4,1,-320,1,0,64
2026-07-18T13:00:36.001 RX LT,11601,57,171,116,130,-11,4,1,-317,1,0,64
2026-07-18T13:00:36.105 RX LT,11621,57,171,116,171,-11,4,1,-315,1,0,64
2026-07-18T13:00:36.105 RX LT,11641,57,171,116,173,-11,4,1,-313,1,0,64
2026-07-18T13:00:36.105 RX LT,11661,85,155,116,173,0,0,0,-311,1,0,64
2026-07-18T13:00:36.105 RX LT,11681,85,155,116,173,0,0,0,-310,1,0,64
2026-07-18T13:00:36.105 RX LT,11701,85,155,116,163,0,0,0,-309,1,0,64
2026-07-18T13:00:36.105 TX SET LINEKP 8250 1435233765
2026-07-18T13:00:36.225 RX LT,11721,85,155,116,173,0,0,0,-308,1,0,64
2026-07-18T13:00:36.225 RX LT,11741,85,155,116,130,0,0,0,-309,1,0,64
2026-07-18T13:00:36.225 RX SA,1435233765,LINEKP,8250
2026-07-18T13:00:36.225 RX LT,11761,65,135,116,171,0,0,0,-309,1,0,64
2026-07-18T13:00:36.225 RX LT,11781,100,100,116,162,0,0,0,-309,1,0,64
2026-07-18T13:00:36.225 RX LT,11801,100,100,116,162,0,0,0,-310,1,0,64
2026-07-18T13:00:36.225 RX LT,11821,100,100,116,118,0,0,0,-310,1,0,64
2026-07-18T13:00:36.337 RX LT,11841,72,108,116,159,-25,2,1,-312,1,0,64
2026-07-18T13:00:36.337 RX LT,11861,36,144,105,118,-25,2,1,-313,1,0,64
2026-07-18T13:00:36.337 RX LT,11881,5,175,115,170,-25,2,1,-314,1,0,64
2026-07-18T13:00:36.337 RX LT,11901,5,175,105,173,-25,2,1,-316,1,0,64
2026-07-18T13:00:36.337 RX LT,11921,5,175,60,130,-25,2,1,-317,1,0,64
2026-07-18T13:00:36.338 RX LT,11941,5,175,58,127,-25,2,1,-317,1,0,64
2026-07-18T13:00:36.463 RX LT,11961,5,175,101,127,-25,2,1,-315,1,0,64
2026-07-18T13:00:36.463 RX LT,11981,29,171,60,171,-18,6,1,-313,1,0,64
2026-07-18T13:00:36.463 RX LT,12001,29,171,101,130,-18,6,1,-311,1,0,64
2026-07-18T13:00:36.463 RX LT,12021,29,171,104,171,-18,6,1,-308,1,0,64
2026-07-18T13:00:36.463 RX LT,12041,29,171,104,173,-18,6,1,-304,1,0,64
2026-07-18T13:00:36.577 RX LT,12061,57,171,60,163,-11,4,1,-302,1,0,64
2026-07-18T13:00:36.577 RX LT,12081,57,171,69,173,-11,4,1,-300,1,0,64
2026-07-18T13:00:36.577 RX LT,12101,57,171,58,130,-11,4,1,-298,1,0,64
2026-07-18T13:00:36.577 RX LT,12121,57,171,58,171,-11,4,1,-296,1,0,64
2026-07-18T13:00:36.577 RX LT,12141,57,171,68,173,-11,4,1,-295,1,0,64
2026-07-18T13:00:36.577 RX LT,12161,57,171,58,163,-11,4,1,-293,1,0,64
2026-07-18T13:00:36.705 RX LT,12181,57,171,68,173,-11,4,1,-290,1,0,64
2026-07-18T13:00:36.705 RX LT,12201,57,171,58,173,-11,4,1,-288,1,0,64
2026-07-18T13:00:36.705 RX LT,12221,57,171,58,173,-11,4,1,-286,1,0,64
2026-07-18T13:00:36.705 RX LT,12241,57,171,101,163,-11,4,1,-284,1,0,64
2026-07-18T13:00:36.705 RX LT,12261,57,171,60,173,-11,4,1,-283,1,0,64
2026-07-18T13:00:36.705 RX LT,12281,57,171,101,173,-11,4,1,-281,1,0,64
2026-07-18T13:00:36.838 RX LT,12301,57,171,60,173,-11,4,1,-280,1,0,64
2026-07-18T13:00:36.838 RX LT,12321,73,167,69,173,-6,12,1,-278,1,0,64
2026-07-18T13:00:36.838 RX LT,12341,73,167,102,217,-6,12,1,-277,1,0,64
2026-07-18T13:00:36.838 RX LT,12361,73,167,104,176,-6,12,1,-276,1,0,64
2026-07-18T13:00:36.839 RX LT,12381,73,167,60,174,-6,12,1,-274,1,0,64
2026-07-18T13:00:36.839 RX LT,12401,73,167,101,174,-6,12,1,-273,1,0,64
2026-07-18T13:00:36.944 RX LT,12421,93,147,104,174,-2,8,1,-272,1,0,64
2026-07-18T13:00:36.944 RX LT,12441,108,132,60,174,-2,8,1,-271,1,0,64
2026-07-18T13:00:36.944 RX LT,12461,108,132,69,130,-2,8,1,-270,1,0,64
2026-07-18T13:00:36.944 RX LT,12481,108,132,69,171,-2,8,1,-271,1,0,64
2026-07-18T13:00:36.944 RX LT,12501,108,132,69,173,-2,8,1,-271,1,0,64
2026-07-18T13:00:37.069 RX LT,12521,108,132,113,163,-2,8,1,-272,1,0,64
2026-07-18T13:00:37.069 RX LT,12541,108,132,104,129,0,0,0,-274,1,0,64
2026-07-18T13:00:37.069 RX LT,12561,108,132,104,171,0,0,0,-275,1,0,64
2026-07-18T13:00:37.069 RX LT,12581,128,112,104,119,2,16,1,-277,1,0,64
2026-07-18T13:00:37.069 RX LT,12601,132,108,71,127,2,16,1,-279,1,0,64
2026-07-18T13:00:37.070 RX LT,12621,132,108,113,160,2,16,1,-282,1,0,64
2026-07-18T13:00:37.202 RX LT,12641,132,108,104,118,2,16,1,-285,1,0,64
2026-07-18T13:00:37.202 RX LT,12661,132,108,115,116,2,16,1,-288,1,0,64
2026-07-18T13:00:37.202 RX LT,12681,132,108,105,159,2,16,1,-291,1,0,64
2026-07-18T13:00:37.202 RX LT,12701,132,108,115,118,2,16,1,-294,1,0,64
2026-07-18T13:00:37.202 RX LT,12721,132,108,115,148,2,16,1,-298,1,0,64
2026-07-18T13:00:37.202 RX LT,12741,132,108,105,118,2,16,1,-302,1,0,64
2026-07-18T13:00:37.320 RX LT,12761,132,108,115,105,2,16,1,-305,1,0,64
2026-07-18T13:00:37.320 RX LT,12781,140,100,115,158,6,48,1,-309,1,0,64
2026-07-18T13:00:37.320 RX LT,12801,156,84,115,118,6,48,1,-311,1,0,64
2026-07-18T13:00:37.320 RX LT,12821,167,73,115,105,6,48,1,-315,1,0,64
2026-07-18T13:00:37.320 RX LT,12841,167,73,115,115,6,48,1,-320,1,0,64
2026-07-18T13:00:37.320 RX LT,12861,171,57,115,105,11,32,1,-324,1,0,64
2026-07-18T13:00:37.427 RX LT,12881,171,57,126,104,11,32,1,-328,1,0,64
2026-07-18T13:00:37.427 RX LT,12901,171,57,160,71,11,32,1,-333,1,0,64
2026-07-18T13:00:37.427 RX LT,12921,171,57,118,113,11,32,1,-335,1,0,64
2026-07-18T13:00:37.427 RX LT,12941,171,57,127,104,11,32,1,-341,1,0,64
2026-07-18T13:00:37.427 RX LT,12961,171,57,127,104,11,32,1,-347,1,0,64
2026-07-18T13:00:37.546 RX LT,12981,171,57,127,104,11,32,1,-354,1,0,64
2026-07-18T13:00:37.546 RX LT,13001,171,57,127,60,11,32,1,-360,1,0,64
2026-07-18T13:00:37.546 RX LT,13021,171,57,171,69,11,32,1,-367,1,0,64
2026-07-18T13:00:37.546 RX LT,13041,171,57,162,102,11,32,1,-373,1,0,64
2026-07-18T13:00:37.546 RX LT,13061,171,57,173,60,11,32,1,-384,1,0,64
2026-07-18T13:00:37.546 RX LT,13081,171,57,130,69,11,32,1,-390,1,0,64
2026-07-18T13:00:37.674 RX LT,13101,171,57,171,102,11,32,1,-397,1,0,64
2026-07-18T13:00:37.674 RX LT,13121,171,57,173,60,11,32,1,-403,1,0,64
2026-07-18T13:00:37.674 RX LT,13141,171,57,173,101,11,32,1,-410,1,0,64
2026-07-18T13:00:37.674 RX LT,13161,171,57,217,60,11,32,1,-418,1,0,64
2026-07-18T13:00:37.674 RX LT,13181,171,57,176,69,11,32,1,-425,1,0,64
2026-07-18T13:00:37.674 RX LT,13201,171,57,174,58,11,32,1,-432,1,0,64
2026-07-18T13:00:37.798 RX LT,13221,171,57,174,101,11,32,1,-439,1,0,64
2026-07-18T13:00:37.798 RX LT,13241,167,73,174,60,6,48,1,-447,1,0,64
2026-07-18T13:00:37.798 RX LT,13261,167,73,184,58,6,48,1,-454,1,0,64
2026-07-18T13:00:37.798 RX LT,13281,167,73,174,68,6,48,1,-464,1,0,64
2026-07-18T13:00:37.798 RX LT,13301,167,73,174,58,6,48,1,-470,1,0,64
2026-07-18T13:00:37.798 RX LT,13321,167,73,174,58,6,48,1,-476,1,0,64
2026-07-18T13:00:37.924 RX LT,13341,167,73,174,58,6,48,1,-482,1,0,64
2026-07-18T13:00:37.924 RX LT,13361,167,73,174,58,6,48,1,-487,1,0,64
2026-07-18T13:00:37.924 RX LT,13381,167,73,184,68,6,48,1,-492,1,0,64
2026-07-18T13:00:37.924 RX LT,13401,167,73,174,58,6,48,1,-497,1,0,64
2026-07-18T13:00:37.924 RX LT,13421,167,73,174,58,6,48,1,-502,1,0,64
2026-07-18T13:00:37.924 RX LT,13441,147,93,174,101,2,16,1,-507,1,0,64
2026-07-18T13:00:38.036 RX LT,13461,132,108,174,60,2,16,1,-511,1,0,64
2026-07-18T13:00:38.036 RX LT,13481,132,108,174,58,2,16,1,-516,1,0,64
2026-07-18T13:00:38.036 RX LT,13501,132,108,174,68,2,16,1,-522,1,0,64
2026-07-18T13:00:38.036 RX LT,13521,132,108,174,58,2,16,1,-525,1,0,64
2026-07-18T13:00:38.036 RX LT,13541,132,108,174,68,2,16,1,-528,1,0,64
2026-07-18T13:00:38.036 RX LT,13561,132,108,174,102,2,16,1,-531,1,0,64
2026-07-18T13:00:38.155 RX LT,13581,132,108,174,104,2,16,1,-535,1,0,64
2026-07-18T13:00:38.155 RX LT,13601,122,118,130,60,0,24,1,-537,1,0,64
2026-07-18T13:00:38.155 RX LT,13621,120,120,171,69,0,24,1,-540,1,0,64
2026-07-18T13:00:38.155 RX LT,13641,120,120,173,69,0,24,1,-542,1,0,64
2026-07-18T13:00:38.155 RX LT,13661,120,120,163,102,0,24,1,-545,1,0,64
2026-07-18T13:00:38.285 RX LT,13681,110,130,173,104,-2,8,1,-547,1,0,64
2026-07-18T13:00:38.285 RX LT,13701,108,132,130,71,-2,8,1,-550,1,0,64
2026-07-18T13:00:38.286 RX LT,13721,108,132,127,113,-2,8,1,-551,1,0,64
2026-07-18T13:00:38.286 RX LT,13741,108,132,171,104,-2,8,1,-552,1,0,64
2026-07-18T13:00:38.286 RX LT,13761,108,132,130,115,-2,8,1,-553,1,0,64
2026-07-18T13:00:38.286 RX LT,13781,108,132,127,72,-2,8,1,-554,1,0,64
2026-07-18T13:00:38.409 RX LT,13801,108,132,171,113,-2,8,1,-554,1,0,64
2026-07-18T13:00:38.409 RX LT,13821,108,132,162,115,-2,8,1,-554,1,0,64
2026-07-18T13:00:38.409 RX LT,13841,92,148,162,115,-6,12,1,-554,1,0,64
2026-07-18T13:00:38.409 RX LT,13861,76,164,162,105,-6,12,1,-554,1,0,64
2026-07-18T13:00:38.409 RX LT,13881,57,171,162,158,-11,4,1,-554,1,0,64
2026-07-18T13:00:38.409 RX LT,13901,57,171,162,118,-11,4,1,-553,1,0,64
2026-07-18T13:00:38.515 RX LT,13921,57,171,118,116,-11,4,1,-551,1,0,64
2026-07-18T13:00:38.515 RX LT,13941,57,171,116,159,-11,4,1,-548,1,0,64
2026-07-18T13:00:38.515 RX LT,13961,57,171,116,162,-11,4,1,-545,1,0,64
2026-07-18T13:00:38.515 RX LT,13981,57,171,116,162,-11,4,1,-541,1,0,64
2026-07-18T13:00:38.515 RX LT,14001,57,171,116,162,-11,4,1,-540,1,0,64
2026-07-18T13:00:38.641 RX LT,14021,57,171,116,129,-11,4,1,-535,1,0,64
2026-07-18T13:00:38.641 RX LT,14041,57,171,116,171,-11,4,1,-531,1,0,64
2026-07-18T13:00:38.641 RX LT,14061,57,171,116,162,-11,4,1,-529,1,0,64
2026-07-18T13:00:38.641 RX LT,14081,57,171,116,162,-11,4,1,-525,1,0,64
2026-07-18T13:00:38.641 RX LT,14101,57,171,116,173,-11,4,1,-520,1,0,64
2026-07-18T13:00:38.641 RX LT,14121,57,171,116,163,-11,4,1,-515,1,0,64
2026-07-18T13:00:38.764 RX LT,14141,57,171,116,173,-11,4,1,-509,1,0,64
2026-07-18T13:00:38.764 RX LT,14161,57,171,116,130,-11,4,1,-505,1,0,64
2026-07-18T13:00:38.764 RX LT,14181,57,171,116,171,-11,4,1,-500,1,0,64
2026-07-18T13:00:38.764 RX LT,14201,57,171,116,173,-11,4,1,-496,1,0,64
2026-07-18T13:00:38.764 RX LT,14221,57,171,105,130,-11,4,1,-491,1,0,64
2026-07-18T13:00:38.764 RX LT,14241,57,171,115,171,-11,4,1,-487,1,0,64
2026-07-18T13:00:38.875 RX LT,14261,57,171,72,130,-11,4,1,-483,1,0,64
2026-07-18T13:00:38.875 RX LT,14281,57,171,113,171,-11,4,1,-479,1,0,64
2026-07-18T13:00:38.876 RX LT,14301,57,171,72,173,-11,4,1,-475,1,0,64
2026-07-18T13:00:38.876 RX LT,14321,57,171,113,173,-11,4,1,-470,1,0,64
2026-07-18T13:00:38.877 RX LT,14341,29,171,104,130,-18,6,1,-466,1,0,64
2026-07-18T13:00:38.877 RX LT,14361,29,171,71,171,-18,6,1,-460,1,0,64
2026-07-18T13:00:38.996 RX LT,14381,57,171,102,173,-11,4,1,-455,1,0,64
2026-07-18T13:00:38.996 RX LT,14401,57,171,71,173,-11,4,1,-451,1,0,64
2026-07-18T13:00:38.996 RX LT,14421,57,171,69,173,-11,4,1,-446,1,0,64
2026-07-18T13:00:38.996 RX LT,14441,57,171,69,130,-11,4,1,-444,1,0,64
2026-07-18T13:00:38.996 RX LT,14461,57,171,69,171,-11,4,1,-439,1,0,64
2026-07-18T13:00:39.114 RX LT,14481,57,171,69,173,-11,4,1,-435,1,0,64
2026-07-18T13:00:39.114 RX LT,14501,57,171,69,173,-11,4,1,-430,1,0,64
2026-07-18T13:00:39.114 RX LT,14521,57,171,69,173,-11,4,1,-425,1,0,64
2026-07-18T13:00:39.114 RX LT,14541,57,171,69,173,-11,4,1,-421,1,0,64
2026-07-18T13:00:39.114 RX LT,14561,57,171,69,173,-11,4,1,-416,1,0,64
2026-07-18T13:00:39.114 RX LT,14581,57,171,69,173,-11,4,1,-409,1,0,64
2026-07-18T13:00:39.245 RX LT,14601,57,171,102,173,-11,4,1,-405,1,0,64
2026-07-18T13:00:39.245 RX LT,14621,57,171,104,173,-11,4,1,-400,1,0,64
2026-07-18T13:00:39.245 RX LT,14641,57,171,60,173,-11,4,1,-396,1,0,64
2026-07-18T13:00:39.245 RX LT,14661,57,171,69,173,-11,4,1,-393,1,0,64
2026-07-18T13:00:39.245 RX LT,14681,57,171,58,173,-11,4,1,-388,1,0,64
2026-07-18T13:00:39.245 RX LT,14701,57,171,101,173,-11,4,1,-383,1,0,64
2026-07-18T13:00:39.375 RX LT,14721,57,171,60,206,-11,4,1,-380,1,0,64
2026-07-18T13:00:39.375 RX LT,14741,57,171,101,132,-11,4,1,-376,1,0,64
2026-07-18T13:00:39.375 RX LT,14761,57,171,60,182,-11,4,1,-371,1,0,64
2026-07-18T13:00:39.375 RX LT,14781,57,171,69,174,-11,4,1,-367,1,0,64
2026-07-18T13:00:39.375 RX LT,14801,85,155,102,174,0,0,0,-360,1,0,64
2026-07-18T13:00:39.375 RX LT,14821,81,159,60,174,-2,8,1,-356,1,0,64
2026-07-18T13:00:39.474 RX LT,14841,93,147,69,174,-2,8,1,-351,1,0,64
2026-07-18T13:00:39.474 RX LT,14861,108,132,69,174,-2,8,1,-347,1,0,64
2026-07-18T13:00:39.474 RX LT,14881,108,132,102,174,-2,8,1,-344,1,0,64
2026-07-18T13:00:39.474 RX LT,14901,108,132,71,163,-2,8,1,-343,1,0,64
2026-07-18T13:00:39.474 RX LT,14921,108,132,113,173,-2,8,1,-340,1,0,64
2026-07-18T13:00:39.474 RX LT,14941,108,132,61,173,-2,8,1,-335,1,0,64
2026-07-18T13:00:39.606 RX LT,14961,108,132,112,173,-2,8,1,-331,1,0,64
2026-07-18T13:00:39.606 RX LT,14981,118,122,104,173,0,24,1,-329,1,0,64
2026-07-18T13:00:39.606 RX LT,15001,130,110,115,130,2,16,1,-326,1,0,64
2026-07-18T13:00:39.606 RX LT,15021,132,108,105,127,2,16,1,-323,1,0,64
2026-07-18T13:00:39.606 RX LT,15041,132,108,71,171,2,16,1,-322,1,0,64
2026-07-18T13:00:39.732 RX LT,15061,132,108,113,119,2,16,1,-322,1,0,64
2026-07-18T13:00:39.732 RX LT,15081,132,108,104,127,2,16,1,-322,1,0,64
2026-07-18T13:00:39.732 RX LT,15101,132,108,115,127,2,16,1,-322,1,0,64
2026-07-18T13:00:39.732 RX LT,15121,132,108,105,160,2,16,1,-323,1,0,64
2026-07-18T13:00:39.732 RX LT,15141,132,108,115,118,2,16,1,-324,1,0,64
2026-07-18T13:00:39.732 RX LT,15161,132,108,72,127,2,16,1,-326,1,0,64
2026-07-18T13:00:39.856 RX LT,15181,140,100,113,116,6,48,1,-328,1,0,64
2026-07-18T13:00:39.856 RX LT,15201,156,84,115,116,6,48,1,-330,1,0,64
2026-07-18T13:00:39.857 RX LT,15221,167,73,115,105,6,48,1,-332,1,0,64
2026-07-18T13:00:39.857 RX LT,15241,167,73,159,115,6,48,1,-335,1,0,64
2026-07-18T13:00:39.857 RX LT,15261,167,73,162,105,6,48,1,-340,1,0,64
2026-07-18T13:00:39.858 RX LT,15281,167,73,129,104,6,48,1,-346,1,0,64
2026-07-18T13:00:39.976 RX LT,15301,167,73,127,71,6,48,1,-351,1,0,64
2026-07-18T13:00:39.976 RX LT,15321,167,73,171,113,6,48,1,-356,1,0,64
2026-07-18T13:00:39.976 RX LT,15341,167,73,162,72,6,48,1,-361,1,0,64
2026-07-18T13:00:39.976 RX LT,15361,167,73,129,113,6,48,1,-366,1,0,64
2026-07-18T13:00:39.976 RX LT,15381,167,73,171,104,6,48,1,-371,1,0,64
2026-07-18T13:00:39.984 RX LT,15401,171,57,162,71,11,32,1,-376,1,0,64
2026-07-18T13:00:40.091 RX LT,15421,171,57,129,69,11,32,1,-382,1,0,64
2026-07-18T13:00:40.091 RX LT,15441,171,57,171,102,11,32,1,-388,1,0,64
2026-07-18T13:00:40.091 RX LT,15461,171,57,162,104,11,32,1,-397,1,0,64
2026-07-18T13:00:40.092 RX LT,15481,171,57,173,60,11,32,1,-404,1,0,64
2026-07-18T13:00:40.092 RX LT,15501,171,57,173,69,11,32,1,-410,1,0,64
2026-07-18T13:00:40.208 RX LT,15521,171,57,173,102,11,32,1,-417,1,0,64
2026-07-18T13:00:40.208 RX LT,15541,171,57,173,60,11,32,1,-423,1,0,64
2026-07-18T13:00:40.215 RX LT,15561,171,57,130,101,11,32,1,-430,1,0,64
2026-07-18T13:00:40.215 RX LT,15581,167,73,171,104,6,48,1,-436,1,0,64
2026-07-18T13:00:40.215 RX LT,15601,167,73,184,60,6,48,1,-443,1,0,64
2026-07-18T13:00:40.216 RX LT,15621,167,73,163,112,6,48,1,-450,1,0,64
2026-07-18T13:00:40.334 RX LT,15641,167,73,184,61,6,48,1,-456,1,0,64
2026-07-18T13:00:40.334 RX LT,15661,167,73,174,101,6,48,1,-462,1,0,64
2026-07-18T13:00:40.334 RX LT,15681,167,73,174,60,6,48,1,-470,1,0,64
2026-07-18T13:00:40.334 RX LT,15701,167,73,174,58,6,48,1,-476,1,0,64
2026-07-18T13:00:40.334 RX LT,15721,167,73,163,68,6,48,1,-481,1,0,64
2026-07-18T13:00:40.334 RX LT,15741,167,73,184,58,6,48,1,-487,1,0,64
2026-07-18T13:00:40.460 RX LT,15761,167,73,163,68,6,48,1,-492,1,0,64
2026-07-18T13:00:40.460 RX LT,15781,167,73,140,102,6,48,1,-497,1,0,64
2026-07-18T13:00:40.460 RX LT,15801,167,73,171,60,6,48,1,-502,1,0,64
2026-07-18T13:00:40.460 RX LT,15821,157,83,173,58,2,16,1,-507,1,0,64
2026-07-18T13:00:40.460 RX LT,15841,137,103,173,68,2,16,1,-512,1,0,64
2026-07-18T13:00:40.460 RX LT,15861,132,108,173,102,2,16,1,-517,1,0,64
2026-07-18T13:00:40.584 RX LT,15881,132,108,130,60,2,16,1,-520,1,0,64
2026-07-18T13:00:40.584 RX LT,15901,132,108,171,69,2,16,1,-524,1,0,64
2026-07-18T13:00:40.584 RX LT,15921,132,108,130,102,2,16,1,-527,1,0,64
2026-07-18T13:00:40.584 RX LT,15941,132,108,171,71,2,16,1,-531,1,0,64
2026-07-18T13:00:40.584 RX LT,15961,132,108,184,113,2,16,1,-535,1,0,64
2026-07-18T13:00:40.584 RX LT,15981,132,108,174,83,2,16,1,-540,1,0,64
2026-07-18T13:00:40.696 RX LT,16001,132,108,184,59,2,16,1,-544,1,0,64
2026-07-18T13:00:40.696 RX LT,16021,122,118,174,101,0,24,1,-549,1,0,64
2026-07-18T13:00:40.696 RX LT,16041,120,120,174,71,0,24,1,-552,1,0,64
2026-07-18T13:00:40.696 RX LT,16061,120,120,174,69,0,24,1,-555,1,0,64
2026-07-18T13:00:40.696 RX LT,16081,110,130,130,69,-2,8,1,-558,1,0,64
2026-07-18T13:00:40.696 RX LT,16101,108,132,127,102,-2,8,1,-561,1,0,64
2026-07-18T13:00:40.824 RX LT,16121,108,132,171,71,-2,8,1,-564,1,0,64
2026-07-18T13:00:40.824 RX LT,16141,108,132,130,69,-2,8,1,-566,1,0,64
2026-07-18T13:00:40.824 RX LT,16161,108,132,160,113,-2,8,1,-566,1,0,64
2026-07-18T13:00:40.824 RX LT,16181,108,132,129,72,-2,8,1,-567,1,0,64
2026-07-18T13:00:40.824 RX LT,16201,108,132,127,113,-2,8,1,-567,1,0,64
2026-07-18T13:00:40.945 RX LT,16221,108,132,160,72,-2,8,1,-567,1,0,64
2026-07-18T13:00:40.945 RX LT,16241,92,148,162,113,-6,12,1,-567,1,0,64
2026-07-18T13:00:40.945 RX LT,16261,76,164,118,115,-6,12,1,-567,1,0,64
2026-07-18T13:00:40.945 RX LT,16281,73,167,127,115,-6,12,1,-566,1,0,64
2026-07-18T13:00:40.945 RX LT,16301,73,167,116,115,-6,12,1,-565,1,0,64
2026-07-18T13:00:40.945 RX LT,16321,57,171,116,115,-11,4,1,-563,1,0,64
2026-07-18T13:00:41.074 RX LT,16341,57,171,126,159,-11,4,1,-559,1,0,64
2026-07-18T13:00:41.074 RX LT,16361,57,171,73,118,-11,4,1,-556,1,0,64
2026-07-18T13:00:41.075 RX LT,16381,57,171,113,127,-11,4,1,-552,1,0,64
2026-07-18T13:00:41.075 RX LT,16401,57,171,115,127,-11,4,1,-548,1,0,64
2026-07-18T13:00:41.075 RX LT,16421,57,171,115,127,-11,4,1,-544,1,0,64
2026-07-18T13:00:41.075 RX LT,16441,57,171,115,127,-11,4,1,-539,1,0,64
2026-07-18T13:00:41.175 RX LT,16461,57,171,105,171,-11,4,1,-535,1,0,64
2026-07-18T13:00:41.175 RX LT,16481,57,171,115,162,-11,4,1,-530,1,0,64
2026-07-18T13:00:41.175 RX LT,16501,57,171,72,129,-11,4,1,-525,1,0,64
2026-07-18T13:00:41.175 RX LT,16521,57,171,113,171,-11,4,1,-520,1,0,64
2026-07-18T13:00:41.175 RX LT,16541,57,171,104,130,-11,4,1,-515,1,0,64
2026-07-18T13:00:41.305 RX LT,16561,57,171,115,171,-11,4,1,-508,1,0,64
2026-07-18T13:00:41.305 RX LT,16581,57,171,105,173,-11,4,1,-503,1,0,64
2026-07-18T13:00:41.305 RX LT,16601,57,171,71,163,-11,4,1,-498,1,0,64
2026-07-18T13:00:41.305 RX LT,16621,57,171,113,173,-11,4,1,-493,1,0,64
2026-07-18T13:00:41.307 RX LT,16641,57,171,104,130,-11,4,1,-488,1,0,64
2026-07-18T13:00:41.307 RX LT,16661,57,171,104,171,-11,4,1,-484,1,0,64
2026-07-18T13:00:41.430 RX LT,16681,57,171,71,173,-11,4,1,-479,1,0,64
2026-07-18T13:00:41.430 RX LT,16701,57,171,69,163,-11,4,1,-475,1,0,64
2026-07-18T13:00:41.430 RX LT,16721,29,171,113,173,-18,6,1,-470,1,0,64
2026-07-18T13:00:41.430 RX LT,16741,29,171,61,130,-18,6,1,-465,1,0,64
2026-07-18T13:00:41.430 RX LT,16761,29,171,69,171,-18,6,1,-461,1,0,64
2026-07-18T13:00:41.430 RX LT,16781,29,171,102,173,-18,6,1,-453,1,0,64
2026-07-18T13:00:41.556 RX LT,16801,29,171,60,173,-18,6,1,-450,1,0,64
2026-07-18T13:00:41.556 RX LT,16821,29,171,69,163,-18,6,1,-445,1,0,64
2026-07-18T13:00:41.556 RX LT,16841,57,171,58,173,-11,4,1,-439,1,0,64
2026-07-18T13:00:41.556 RX LT,16861,85,155,68,130,0,0,0,-434,1,0,64
2026-07-18T13:00:41.556 RX LT,16881,85,155,58,171,0,0,0,-429,1,0,64
2026-07-18T13:00:41.556 RX LT,16901,85,155,68,130,0,0,0,-424,1,0,64
2026-07-18T13:00:41.680 RX LT,16921,85,155,102,171,0,0,0,-420,1,0,64
2026-07-18T13:00:41.680 RX LT,16941,85,155,60,130,0,0,0,-416,1,0,64
2026-07-18T13:00:41.680 RX LT,16961,65,135,69,171,0,0,0,-412,1,0,64
2026-07-18T13:00:41.680 RX LT,16981,65,135,102,130,0,0,0,-409,1,0,64
2026-07-18T13:00:41.680 RX LT,17001,65,135,60,127,0,0,0,-404,1,0,64
2026-07-18T13:00:41.680 RX LT,17021,65,135,69,171,0,0,0,-401,1,0,64
2026-07-18T13:00:41.805 RX LT,17041,65,135,58,162,0,0,0,-398,1,0,64
2026-07-18T13:00:41.805 RX LT,17061,65,135,68,162,0,0,0,-395,1,0,64
2026-07-18T13:00:41.805 RX LT,17081,65,135,58,118,0,0,0,-392,1,0,64
2026-07-18T13:00:41.805 RX LT,17101,65,135,68,127,0,0,0,-390,1,0,64
2026-07-18T13:00:41.805 RX LT,17121,65,135,58,127,0,0,0,-387,1,0,64
2026-07-18T13:00:41.805 RX LT,17141,65,135,101,160,0,0,0,-384,1,0,64
2026-07-18T13:00:41.933 RX LT,17161,65,135,60,162,0,0,0,-382,1,0,64
2026-07-18T13:00:41.933 RX LT,17181,65,135,58,118,0,0,0,-380,1,0,64
2026-07-18T13:00:41.933 RX LT,17201,65,135,58,159,0,0,0,-376,1,0,64
2026-07-18T13:00:41.934 RX LT,17221,65,135,58,162,0,0,0,-373,1,0,64
2026-07-18T13:00:41.934 RX LT,17241,65,135,58,118,0,0,0,-370,1,0,64
2026-07-18T13:00:41.935 RX LT,17261,65,135,58,127,0,0,0,-367,1,0,64
2026-07-18T13:00:42.054 RX LT,17281,65,135,58,116,0,0,0,-364,1,0,64
2026-07-18T13:00:42.054 RX LT,17301,65,135,58,126,0,0,0,-361,1,0,64
2026-07-18T13:00:42.054 RX LT,17321,65,135,101,160,0,0,0,-359,1,0,64
2026-07-18T13:00:42.054 RX LT,17341,65,135,60,118,0,0,0,-357,1,0,64
2026-07-18T13:00:42.054 RX LT,17361,65,135,58,127,0,0,0,-355,1,0,64
2026-07-18T13:00:42.054 RX LT,17381,65,135,68,160,0,0,0,-354,1,0,64
2026-07-18T13:00:42.206 RX LT,17401,65,135,58,118,0,0,0,-352,1,0,64
2026-07-18T13:00:42.206 RX LT,17421,65,135,101,159,0,0,0,-350,1,0,64
2026-07-18T13:00:42.206 RX LT,17441,65,135,60,118,0,0,0,-348,1,0,64
2026-07-18T13:00:42.206 RX SQUARE ERROR,LINE LOST
2026-07-18T13:00:42.206 TX STOP
2026-07-18T13:00:42.206 TX STOP
2026-07-18T13:00:42.335 RX OK STOP
2026-07-18T13:00:42.335 RX OK STOP
2026-07-18T13:00:42.335 TX PROFILE GIMBAL
2026-07-18T13:00:42.384 RX OK PROFILE GIMBAL FLASH 3
2026-07-18T13:00:42.384 TX PARAM
2026-07-18T13:00:42.555 RX PARAM,x1000,PROFILE,1,FLASHVER,3,GUARDVER,25,LKP,350,LKI,100,RKP,500,RKI,350,LFF,540,RFF,520,LMIN,90,RMIN,85,SYNC,500,BIAS,80,GSTART,10,LINEKP,8250,LINEKD,2250,TURNANGLE,900,TURNFAST,165,TURNSLOW,110,TURNMARGIN,180,TURNEXIT,140,TURNDIST,72
2026-07-18T13:00:42.555 RX PARAM,x1000,PROFILE,1,FLASHVER,3,GUARDVER,25,LKP,350,LKI,100,RKP,500,RKI,350,LFF,540,RFF,520,LMIN,90,RMIN,85,SYNC,500,BIAS,80,GSTART,10,LINEKP,8250,LINEKD,2250,TURNANGLE,900,TURNFAST,165,TURNSLOW,110,TURNMARGIN,180,TURNEXIT,140,TURNDIST,72
2026-07-18T13:00:42.555 TX SET TURNSLOW 80 1435233766
2026-07-18T13:00:42.695 RX SA,1435233766,TURNSLOW,80
2026-07-18T13:00:42.696 TX SET LKP 350 1435233767
2026-07-18T13:00:42.824 RX SA,1435233767,LKP,350
2026-07-18T13:00:42.824 TX SET LKI 100 1435233768
2026-07-18T13:00:42.954 RX SA,1435233768,LKI,100
2026-07-18T13:00:42.954 TX SET LFF 540 1435233769
2026-07-18T13:00:43.091 RX SA,1435233769,LFF,540
2026-07-18T13:00:43.091 TX SET LMIN 90 1435233770
2026-07-18T13:00:43.245 RX SA,1435233770,LMIN,90
2026-07-18T13:00:43.245 TX SET RKP 500 1435233771
2026-07-18T13:00:43.400 RX SA,1435233771,RKP,500
2026-07-18T13:00:43.400 TX SET RKI 350 1435233772
2026-07-18T13:00:43.545 RX SA,1435233772,RKI,350
2026-07-18T13:00:43.545 TX SET RFF 520 1435233773
2026-07-18T13:00:43.674 RX SA,1435233773,RFF,520
2026-07-18T13:00:43.674 TX SET RMIN 85 1435233774
2026-07-18T13:00:43.797 RX SA,1435233774,RMIN,85
2026-07-18T13:00:43.797 TX SET SYNC 500 1435233775
2026-07-18T13:00:43.931 RX SA,1435233775,SYNC,500
2026-07-18T13:00:43.931 TX SET BIAS 80 1435233776
2026-07-18T13:00:44.051 RX SA,1435233776,BIAS,80
2026-07-18T13:00:44.051 TX SET LINEKP 8250 1435233777
2026-07-18T13:00:44.184 RX SA,1435233777,LINEKP,8250
2026-07-18T13:00:44.184 TX SET LINEKD 2250 1435233778
2026-07-18T13:00:44.324 RX SA,1435233778,LINEKD,2250
2026-07-18T13:00:44.324 TX SET TURNANGLE 900 1435233779
2026-07-18T13:00:44.460 RX SA,1435233779,TURNANGLE,900
2026-07-18T13:00:44.460 TX SET TURNFAST 165 1435233780
2026-07-18T13:00:44.591 RX SA,1435233780,TURNFAST,165
2026-07-18T13:00:44.591 TX SET TURNMARGIN 180 1435233781
2026-07-18T13:00:44.716 RX SA,1435233781,TURNMARGIN,180
2026-07-18T13:00:44.716 TX SET TURNEXIT 140 1435233782
2026-07-18T13:00:44.850 RX SA,1435233782,TURNEXIT,140
2026-07-18T13:00:44.850 TX SET TURNDIST 72 1435233783
2026-07-18T13:00:44.986 RX SA,1435233783,TURNDIST,72
2026-07-18T13:00:44.986 TX SET GSTART 10 1435233784
2026-07-18T13:00:45.114 RX SA,1435233784,GSTART,10
2026-07-18T13:00:45.115 TX SET TURNSLOW 110 1435233785
2026-07-18T13:00:45.244 RX SA,1435233785,TURNSLOW,110
2026-07-18T13:00:45.244 TX STOP
