2026-07-18T12:35:27.336 TX HELLO 1356158357
2026-07-18T12:35:27.476 RX HELLO,1356158357,2,STBY,HIGH,ENCODER_MM_X1000,580,SAMPLE_MS,10
2026-07-18T12:35:27.476 TX STOP
2026-07-18T12:35:27.604 RX OK STOP
2026-07-18T12:35:27.604 TX PARAM
2026-07-18T12:35:27.765 RX PARAM,x1000,PROFILE,1,FLASHVER,3,GUARDVER,24,LKP,350,LKI,100,RKP,500,RKI,350,LFF,540,RFF,520,LMIN,90,RMIN,85,SYNC,500,BIAS,80,GSTART,10,LINEKP,8250,LINEKD,2250,TURNANGLE,900,TURNFAST,165,TURNSLOW,110,TURNMARGIN,180,TURNEXIT,140,TURNDIST,98
2026-07-18T12:35:27.765 TX STATUS
2026-07-18T12:35:27.896 RX STATUS,53745,IDLE,0,0,0,0,0,0,SAFE,SELECTED_LAPS,1,STBY,HIGH
2026-07-18T12:35:27.896 TX SENSOR
2026-07-18T12:35:28.033 RX SENSOR,OK,24,0,93,0,24
2026-07-18T12:35:28.034 TX SENSOR
2026-07-18T12:35:28.164 RX SENSOR,OK,24,0,93,0,24
2026-07-18T12:35:28.164 TX SENSOR
2026-07-18T12:35:28.292 RX SENSOR,OK,24,0,93,0,24
2026-07-18T12:35:28.292 TX SENSOR
2026-07-18T12:35:28.431 RX SENSOR,OK,24,0,93,0,24
2026-07-18T12:35:28.431 TX SENSOR
2026-07-18T12:35:28.572 RX SENSOR,OK,24,0,93,0,24
2026-07-18T12:35:28.572 TX IMU
2026-07-18T12:35:28.699 RX IMU,OK,-834,4773,77,VER,1,1,0,0
2026-07-18T12:35:28.699 TX STREAM TUNE
2026-07-18T12:35:28.836 RX OK STREAM TUNE
2026-07-18T12:35:28.837 TX SQUARE 120 3 1356158358
2026-07-18T12:35:29.010 RX TEST START,SQUARE,120,3
2026-07-18T12:35:29.010 RX SQ,1356158358,OK
2026-07-18T12:35:29.010 RX LT,20,2,2,0,0,0,24,1,0,0,0,0
2026-07-18T12:35:29.010 RX LT,40,4,4,54,10,0,24,1,0,0,0,0
2026-07-18T12:35:29.011 RX LT,60,7,7,3,0,0,24,1,1,0,0,0
2026-07-18T12:35:29.011 RX LT,80,9,9,0,0,0,24,1,1,0,0,0
2026-07-18T12:35:29.011 RX LT,100,24,0,10,10,2,16,1,1,0,0,0
2026-07-18T12:35:29.011 RX LT,120,26,2,0,0,2,16,1,1,0,0,0
2026-07-18T12:35:29.177 RX LT,140,28,4,10,0,2,16,1,1,0,0,0
2026-07-18T12:35:29.177 RX LT,160,31,7,0,10,2,16,1,1,0,0,0
2026-07-18T12:35:29.177 RX LT,180,33,9,0,0,2,16,1,1,0,0,0
2026-07-18T12:35:29.177 RX LT,200,34,10,43,0,2,16,1,1,0,0,0
2026-07-18T12:35:29.177 RX LT,220,38,14,0,2,2,16,1,1,0,0,0
2026-07-18T12:35:29.177 RX LT,240,40,16,0,43,2,16,1,2,0,0,0
2026-07-18T12:35:29.177 RX LT,260,43,19,10,2,2,16,1,2,0,0,0
2026-07-18T12:35:29.177 RX LT,280,45,21,44,43,2,16,1,2,0,0,0
2026-07-18T12:35:29.324 RX LT,300,48,24,2,2,2,16,1,1,0,0,0
2026-07-18T12:35:29.324 RX LT,320,49,25,0,0,2,16,1,1,0,0,0
2026-07-18T12:35:29.324 RX LT,340,52,28,46,46,2,16,1,1,0,0,0
2026-07-18T12:35:29.324 RX LT,360,54,30,11,11,2,16,1,1,0,0,0
2026-07-18T12:35:29.324 RX LT,380,57,33,43,11,2,16,1,1,0,0,0
2026-07-18T12:35:29.324 RX LT,400,60,36,13,55,2,16,1,1,0,0,0
2026-07-18T12:35:29.324 RX LT,420,62,38,11,46,2,16,1,2,0,0,0
2026-07-18T12:35:29.485 RX LT,440,64,40,11,46,2,16,1,2,0,0,0
2026-07-18T12:35:29.485 RX LT,460,57,53,55,57,0,24,1,2,0,0,0
2026-07-18T12:35:29.494 RX LT,480,69,45,14,47,2,16,1,2,0,0,0
2026-07-18T12:35:29.494 RX LT,500,72,48,55,57,2,16,1,3,0,0,0
2026-07-18T12:35:29.494 RX LT,520,74,50,57,57,2,16,1,3,0,0,0
2026-07-18T12:35:29.495 RX LT,540,76,52,57,57,2,16,1,3,0,0,0
2026-07-18T12:35:29.495 RX LT,560,78,54,14,57,2,16,1,3,0,0,0
2026-07-18T12:35:29.495 RX LT,580,81,57,60,101,2,16,1,3,0,0,0
2026-07-18T12:35:29.640 RX LT,600,84,60,58,60,2,16,1,3,0,0,0
2026-07-18T12:35:29.640 RX LT,620,86,62,58,58,2,16,1,3,0,0,0
2026-07-18T12:35:29.640 RX LT,640,88,64,101,68,2,16,1,4,0,0,0
2026-07-18T12:35:29.641 RX LT,660,91,67,60,102,2,16,1,4,0,0,0
2026-07-18T12:35:29.641 RX LT,680,93,69,101,104,2,16,1,4,0,0,0
2026-07-18T12:35:29.641 RX LT,700,96,72,71,104,2,16,1,4,0,0,0
2026-07-18T12:35:29.641 RX LT,720,97,73,104,69,2,16,1,3,0,0,0
2026-07-18T12:35:29.783 RX LT,740,100,76,69,115,2,16,1,3,0,0,0
2026-07-18T12:35:29.783 RX LT,760,103,79,113,105,2,16,1,3,0,0,0
2026-07-18T12:35:29.784 RX LT,780,105,81,72,115,2,16,1,3,0,0,0
2026-07-18T12:35:29.784 RX LT,800,106,82,105,115,2,16,1,3,0,0,0
2026-07-18T12:35:29.784 RX LT,820,110,86,115,115,2,16,1,3,0,0,0
2026-07-18T12:35:29.784 RX LT,840,112,88,115,115,2,16,1,3,0,0,0
2026-07-18T12:35:29.784 RX LT,860,115,91,115,159,2,16,1,3,0,0,0
2026-07-18T12:35:29.905 RX LT,880,115,91,115,159,2,16,1,3,0,0,0
2026-07-18T12:35:29.905 RX LT,900,127,87,137,140,6,48,1,3,0,0,0
2026-07-18T12:35:29.905 RX LT,920,145,73,128,117,6,48,1,3,0,0,0
2026-07-18T12:35:29.905 RX LT,940,158,64,116,126,6,48,1,3,0,0,0
2026-07-18T12:35:29.905 RX LT,960,161,67,126,116,6,48,1,2,0,0,0
2026-07-18T12:35:29.905 RX LT,980,163,69,160,116,6,48,1,0,0,0,0
2026-07-18T12:35:30.056 RX LT,1000,166,72,118,148,6,48,1,-2,0,0,0
2026-07-18T12:35:30.056 RX LT,1020,167,73,170,118,6,48,1,-4,0,0,0
2026-07-18T12:35:30.056 RX LT,1040,167,73,162,116,6,48,1,-6,0,0,0
2026-07-18T12:35:30.056 RX LT,1060,167,73,162,116,6,48,1,-9,0,0,0
2026-07-18T12:35:30.056 RX LT,1080,167,73,129,159,6,48,1,-12,0,0,0
2026-07-18T12:35:30.056 RX LT,1100,167,73,171,118,6,48,1,-15,0,0,0
2026-07-18T12:35:30.056 RX LT,1120,167,73,173,116,6,48,1,-18,0,0,0
2026-07-18T12:35:30.185 RX LT,1140,167,73,173,116,6,48,1,-22,0,0,0
2026-07-18T12:35:30.185 RX LT,1160,147,93,173,126,2,16,1,-25,0,0,0
2026-07-18T12:35:30.185 RX LT,1180,132,108,173,116,2,16,1,-29,0,0,0
2026-07-18T12:35:30.185 RX LT,1200,132,108,173,159,2,16,1,-32,0,0,0
2026-07-18T12:35:30.185 RX LT,1220,132,108,173,118,2,16,1,-34,0,0,0
2026-07-18T12:35:30.185 RX LT,1240,132,108,163,127,2,16,1,-36,0,0,0
2026-07-18T12:35:30.311 RX LT,1260,132,108,173,127,2,16,1,-38,0,0,0
2026-07-18T12:35:30.311 RX LT,1280,132,108,173,127,2,16,1,-41,0,0,0
2026-07-18T12:35:30.311 RX LT,1300,132,108,217,127,2,16,1,-44,0,0,0
2026-07-18T12:35:30.311 RX LT,1320,132,108,176,127,2,16,1,-46,0,0,0
2026-07-18T12:35:30.311 RX LT,1340,132,108,163,160,2,16,1,-48,0,0,0
2026-07-18T12:35:30.312 RX LT,1360,132,108,184,118,2,16,1,-50,0,0,0
2026-07-18T12:35:30.436 RX LT,1380,132,108,174,170,2,16,1,-52,0,0,0
2026-07-18T12:35:30.436 RX LT,1400,132,108,174,119,2,16,1,-54,0,0,0
2026-07-18T12:35:30.436 RX LT,1420,120,120,174,127,0,24,1,-56,0,0,0
2026-07-18T12:35:30.436 RX LT,1440,120,120,174,160,0,24,1,-58,0,0,0
2026-07-18T12:35:30.436 RX LT,1460,120,120,174,162,0,24,1,-59,0,0,0
2026-07-18T12:35:30.436 RX LT,1480,120,120,174,129,0,24,1,-61,0,0,0
2026-07-18T12:35:30.556 RX LT,1500,120,120,174,160,0,24,1,-63,0,0,0
2026-07-18T12:35:30.556 RX LT,1520,120,120,174,129,0,24,1,-64,0,0,0
2026-07-18T12:35:30.564 RX LT,1540,120,120,174,127,0,24,1,-66,0,0,0
2026-07-18T12:35:30.564 RX LT,1560,120,120,174,171,0,24,1,-66,0,0,0
2026-07-18T12:35:30.564 RX LT,1580,120,120,174,162,0,24,1,-67,0,0,0
2026-07-18T12:35:30.564 RX LT,1600,120,120,174,162,0,24,1,-68,0,0,0
2026-07-18T12:35:30.696 RX LT,1620,120,120,174,129,0,24,1,-68,0,0,0
2026-07-18T12:35:30.696 RX LT,1640,120,120,174,171,0,24,1,-69,0,0,0
2026-07-18T12:35:30.696 RX LT,1660,120,120,130,162,0,24,1,-69,0,0,0
2026-07-18T12:35:30.696 RX LT,1680,120,120,171,162,0,24,1,-70,0,0,0
2026-07-18T12:35:30.696 RX LT,1700,120,120,173,129,0,24,1,-71,0,0,0
2026-07-18T12:35:30.696 RX LT,1720,120,120,173,127,0,24,1,-72,0,0,0
2026-07-18T12:35:30.818 RX LT,1740,120,120,173,127,0,24,1,-73,0,0,0
2026-07-18T12:35:30.818 RX LT,1760,120,120,173,171,0,24,1,-74,0,0,0
2026-07-18T12:35:30.818 RX LT,1780,110,130,173,173,-2,8,1,-75,0,0,0
2026-07-18T12:35:30.818 RX LT,1800,108,132,173,163,-2,8,1,-76,0,0,0
2026-07-18T12:35:30.818 RX LT,1820,108,132,173,129,-2,8,1,-77,0,0,0
2026-07-18T12:35:30.819 RX LT,1840,108,132,173,171,-2,8,1,-78,0,0,0
2026-07-18T12:35:30.953 RX LT,1860,108,132,173,173,-2,8,1,-78,0,0,0
2026-07-18T12:35:30.953 RX LT,1880,92,148,173,163,-6,12,1,-78,0,0,0
2026-07-18T12:35:30.953 RX LT,1900,76,164,173,173,-6,12,1,-79,0,0,0
2026-07-18T12:35:30.953 RX LT,1920,73,167,130,173,-6,12,1,-79,0,0,0
2026-07-18T12:35:30.954 RX LT,1940,73,167,171,217,-6,12,1,-77,0,0,0
2026-07-18T12:35:30.954 RX LT,1960,73,167,130,176,-6,12,1,-75,0,0,0
2026-07-18T12:35:31.076 RX LT,1991,73,167,171,174,-6,12,1,-72,0,0,0
2026-07-18T12:35:31.076 RX LT,2011,73,167,162,228,-6,12,1,-71,0,0,0
2026-07-18T12:35:31.076 RX LT,2031,73,167,129,210,-6,12,1,-68,0,0,0
2026-07-18T12:35:31.076 RX LT,2051,73,167,160,187,-6,12,1,-64,0,0,0
2026-07-18T12:35:31.076 RX LT,2071,73,167,129,218,-6,12,1,-61,0,0,0
2026-07-18T12:35:31.076 RX LT,2091,73,167,171,176,-6,12,1,-58,0,0,0
2026-07-18T12:35:31.204 RX LT,2111,73,167,162,217,-6,12,1,-55,0,0,0
2026-07-18T12:35:31.204 RX LT,2131,73,167,162,176,-6,12,1,-52,0,0,0
2026-07-18T12:35:31.204 RX LT,2151,73,167,118,217,-6,12,1,-48,0,0,0
2026-07-18T12:35:31.204 RX LT,2171,73,167,127,176,-6,12,1,-45,0,0,0
2026-07-18T12:35:31.204 RX LT,2191,73,167,249,348,-6,12,1,-41,0,0,0
2026-07-18T12:35:31.204 RX LT,2211,73,167,124,184,-6,12,1,-36,0,0,0
2026-07-18T12:35:31.344 RX LT,2231,73,167,127,185,-6,12,1,-33,0,0,0
2026-07-18T12:35:31.344 RX LT,2251,73,167,116,185,-6,12,1,-29,0,0,0
2026-07-18T12:35:31.344 RX LT,2271,73,167,159,174,-6,12,1,-25,0,0,0
2026-07-18T12:35:31.354 RX LT,2291,73,167,118,184,-6,12,1,-22,0,0,0
2026-07-18T12:35:31.354 RX LT,2311,83,157,116,218,-2,8,1,-18,0,0,0
2026-07-18T12:35:31.354 RX LT,2331,103,137,126,176,-2,8,1,-15,0,0,0
2026-07-18T12:35:31.354 RX LT,2351,108,132,116,174,-2,8,1,-12,0,0,0
2026-07-18T12:35:31.476 RX LT,2371,108,132,159,184,-2,8,1,-8,0,0,0
2026-07-18T12:35:31.476 RX LT,2391,108,132,118,174,-2,8,1,-4,0,0,0
2026-07-18T12:35:31.476 RX LT,2411,108,132,159,174,-2,8,1,-2,0,0,0
2026-07-18T12:35:31.476 RX LT,2431,118,122,126,174,0,24,1,-1,0,0,0
2026-07-18T12:35:31.476 RX LT,2451,120,120,160,184,0,24,1,1,0,0,0
2026-07-18T12:35:31.476 RX LT,2471,120,120,162,131,0,24,1,2,0,0,0
2026-07-18T12:35:31.476 TX SET LINEKD 2150 1356158359
2026-07-18T12:35:31.604 RX LT,2491,120,120,118,171,0,24,1,3,0,0,0
2026-07-18T12:35:31.604 RX LT,2511,120,120,127,184,0,24,1,4,0,0,0
2026-07-18T12:35:31.604 RX SA,1356158359,LINEKD,2150
2026-07-18T12:35:31.604 RX LT,2531,120,120,116,163,0,24,1,4,0,0,0
2026-07-18T12:35:31.604 RX LT,2551,120,120,126,173,0,24,1,5,0,0,0
2026-07-18T12:35:31.604 RX LT,2571,120,120,160,173,0,24,1,5,0,0,0
2026-07-18T12:35:31.604 RX LT,2591,120,120,118,130,0,24,1,5,0,0,0
2026-07-18T12:35:31.728 RX LT,2611,120,120,127,171,0,24,1,5,0,0,0
2026-07-18T12:35:31.728 RX LT,2631,120,120,160,173,0,24,1,5,0,0,0
2026-07-18T12:35:31.728 RX LT,2651,120,120,118,173,0,24,1,5,0,0,0
2026-07-18T12:35:31.728 RX LT,2671,120,120,127,130,0,24,1,6,0,0,0
2026-07-18T12:35:31.728 RX LT,2691,120,120,160,171,0,24,1,6,0,0,0
2026-07-18T12:35:31.728 RX LT,2711,120,120,118,173,0,24,1,7,0,0,0
2026-07-18T12:35:31.856 RX LT,2731,120,120,127,163,0,24,1,6,0,0,0
2026-07-18T12:35:31.856 RX LT,2751,130,110,127,173,2,16,1,6,0,0,0
2026-07-18T12:35:31.857 RX LT,2771,132,108,160,130,2,16,1,6,0,0,0
2026-07-18T12:35:31.857 RX LT,2791,132,108,162,171,2,16,1,6,0,0,0
2026-07-18T12:35:31.857 RX LT,2811,132,108,162,130,2,16,1,6,0,0,0
2026-07-18T12:35:31.858 RX LT,2831,132,108,162,127,2,16,1,5,0,0,0
2026-07-18T12:35:32.001 RX LT,2851,140,100,162,171,6,48,1,4,0,0,0
2026-07-18T12:35:32.001 RX LT,2871,156,84,162,130,6,48,1,2,0,0,0
2026-07-18T12:35:32.001 RX LT,2891,167,73,129,127,6,48,1,0,0,0,0
2026-07-18T12:35:32.001 RX LT,2911,167,73,171,160,6,48,1,-2,0,0,0
2026-07-18T12:35:32.002 RX LT,2931,167,73,162,118,6,48,1,-5,0,0,0
2026-07-18T12:35:32.002 RX LT,2951,167,73,173,127,6,48,1,-9,0,0,0
2026-07-18T12:35:32.002 RX LT,2971,167,73,130,116,6,48,1,-13,0,0,0
2026-07-18T12:35:32.124 RX LT,2991,167,73,171,159,6,48,1,-17,0,0,0
2026-07-18T12:35:32.124 RX LT,3011,167,73,173,118,6,48,1,-22,0,0,0
2026-07-18T12:35:32.124 RX LT,3031,167,73,173,116,6,48,1,-30,0,0,0
2026-07-18T12:35:32.124 RX LT,3051,167,73,173,116,6,48,1,-36,0,0,0
2026-07-18T12:35:32.124 RX LT,3071,167,73,173,116,6,48,1,-42,0,0,0
2026-07-18T12:35:32.124 RX LT,3091,167,73,173,72,6,48,1,-48,0,0,0
2026-07-18T12:35:32.254 RX LT,3111,167,73,173,113,6,48,1,-54,0,0,0
2026-07-18T12:35:32.254 RX LT,3131,167,73,184,115,6,48,1,-61,0,0,0
2026-07-18T12:35:32.255 RX LT,3151,167,73,174,115,6,48,1,-67,0,0,0
2026-07-18T12:35:32.255 RX LT,3171,167,73,174,72,6,48,1,-73,0,0,0
2026-07-18T12:35:32.256 RX LT,3191,167,73,217,113,6,48,1,-80,0,0,0
2026-07-18T12:35:32.256 RX LT,3211,167,73,176,72,6,48,1,-86,0,0,0
2026-07-18T12:35:32.383 RX LT,3231,157,83,174,113,2,16,1,-92,0,0,0
2026-07-18T12:35:32.383 RX LT,3251,137,103,184,72,2,16,1,-101,0,0,0
2026-07-18T12:35:32.383 RX LT,3271,132,108,174,113,2,16,1,-108,0,0,0
2026-07-18T12:35:32.383 RX LT,3291,132,108,141,115,2,16,1,-113,0,0,0
2026-07-18T12:35:32.383 RX LT,3311,132,108,215,72,2,16,1,-115,0,0,0
2026-07-18T12:35:32.383 RX LT,3331,122,118,176,113,0,24,1,-121,0,0,0
2026-07-18T12:35:32.507 RX LT,3351,120,120,174,115,0,24,1,-123,0,0,0
2026-07-18T12:35:32.507 RX LT,3371,120,120,174,115,0,24,1,-127,0,0,0
2026-07-18T12:35:32.508 RX LT,3391,120,120,174,115,0,24,1,-132,0,0,0
2026-07-18T12:35:32.508 RX LT,3411,120,120,217,115,0,24,1,-136,0,0,0
2026-07-18T12:35:32.508 RX LT,3431,120,120,133,115,0,24,1,-140,0,0,0
2026-07-18T12:35:32.508 RX LT,3451,120,120,182,115,0,24,1,-144,0,0,0
2026-07-18T12:35:32.637 RX LT,3471,120,120,174,115,0,24,1,-148,0,0,0
2026-07-18T12:35:32.637 RX LT,3491,120,120,163,115,0,24,1,-151,0,0,0
2026-07-18T12:35:32.637 RX LT,3511,120,120,173,115,0,24,1,-153,0,0,0
2026-07-18T12:35:32.637 RX LT,3540,120,120,173,159,0,24,1,-157,0,0,0
2026-07-18T12:35:32.637 RX LT,3560,110,130,217,140,-2,8,1,-158,0,0,0
2026-07-18T12:35:32.637 RX LT,3580,108,132,133,161,-2,8,1,-162,0,0,0
2026-07-18T12:35:32.764 RX LT,3600,108,132,171,118,-2,8,1,-164,0,0,0
2026-07-18T12:35:32.764 RX LT,3620,92,148,173,116,-6,12,1,-166,0,0,0
2026-07-18T12:35:32.764 RX LT,3640,76,164,130,159,-6,12,1,-167,0,0,0
2026-07-18T12:35:32.764 RX LT,3660,73,167,127,118,-6,12,1,-167,0,0,0
2026-07-18T12:35:32.764 RX LT,3680,73,167,127,127,-6,12,1,-167,0,0,0
2026-07-18T12:35:32.764 RX LT,3700,73,167,127,160,-6,12,1,-167,0,0,0
2026-07-18T12:35:32.764 TX SET LINEKD 2250 1356158360
2026-07-18T12:35:32.891 RX LT,3720,73,167,127,162,-6,12,1,-166,0,0,0
2026-07-18T12:35:32.891 RX LT,3740,73,167,127,129,-6,12,1,-166,0,0,0
2026-07-18T12:35:32.891 RX SA,1356158360,LINEKD,2250
2026-07-18T12:35:32.891 RX LT,3760,112,128,127,127,-6,12,1,-165,0,0,0
2026-07-18T12:35:32.895 RX LT,3780,78,146,171,138,-12,14,1,-162,0,0,0
2026-07-18T12:35:32.895 RX LT,3800,88,152,162,171,0,60,1,-161,0,0,0
2026-07-18T12:35:32.895 RX LT,3820,108,132,162,162,0,60,1,-160,0,0,0
2026-07-18T12:35:32.999 RX LT,3840,120,120,162,129,0,60,1,-159,0,0,0
2026-07-18T12:35:32.999 RX LT,3860,120,120,129,171,0,44,1,-158,0,0,0
2026-07-18T12:35:32.999 RX LT,3880,104,136,127,130,-6,12,1,-157,0,0,0
2026-07-18T12:35:33.000 RX LT,3900,64,164,171,171,-11,4,1,-156,0,0,0
2026-07-18T12:35:33.000 RX LT,3920,57,171,162,173,-11,4,1,-156,0,0,0
2026-07-18T12:35:33.125 RX LT,3940,57,171,118,163,-11,4,1,-155,0,0,0
2026-07-18T12:35:33.125 RX LT,3960,57,171,159,173,-11,4,1,-154,0,0,0
2026-07-18T12:35:33.125 RX LT,3980,57,171,118,217,-11,4,1,-151,0,0,0
2026-07-18T12:35:33.125 RX LT,4000,57,171,159,209,-11,4,1,-147,0,0,0
2026-07-18T12:35:33.125 RX LT,4020,57,171,118,132,-11,4,1,-143,0,0,0
2026-07-18T12:35:33.125 RX LT,4040,57,171,159,171,-11,4,1,-139,0,0,0
2026-07-18T12:35:33.244 RX LT,4060,57,171,118,184,-11,4,1,-135,0,0,0
2026-07-18T12:35:33.244 RX LT,4080,57,171,116,207,-11,4,1,-131,0,0,0
2026-07-18T12:35:33.244 RX LT,4100,57,171,116,176,-11,4,1,-127,0,0,0
2026-07-18T12:35:33.244 RX LT,4120,57,171,116,174,-11,4,1,-123,0,0,0
2026-07-18T12:35:33.244 RX LT,4140,57,171,116,174,-11,4,1,-119,0,0,0
2026-07-18T12:35:33.244 RX LT,4160,57,171,105,174,-11,4,1,-114,0,0,0
2026-07-18T12:35:33.377 RX LT,4180,57,171,115,174,-11,4,1,-110,0,0,0
2026-07-18T12:35:33.377 RX LT,4200,57,171,115,174,-11,4,1,-106,0,0,0
2026-07-18T12:35:33.377 RX LT,4220,57,171,105,174,-11,4,1,-100,0,0,0
2026-07-18T12:35:33.377 RX LT,4240,57,171,115,174,-11,4,1,-96,0,0,0
2026-07-18T12:35:33.377 RX LT,4260,73,167,115,217,-6,12,1,-91,0,0,0
2026-07-18T12:35:33.377 RX LT,4280,73,167,105,176,-6,12,1,-87,0,0,0
2026-07-18T12:35:33.522 RX LT,4300,73,167,115,174,-6,12,1,-83,0,0,0
2026-07-18T12:35:33.522 RX LT,4320,73,167,115,174,-6,12,1,-79,0,0,0
2026-07-18T12:35:33.522 RX LT,4340,73,167,105,174,-6,12,1,-75,0,0,0
2026-07-18T12:35:33.522 RX LT,4360,73,167,71,184,-6,12,1,-71,0,0,0
2026-07-18T12:35:33.522 RX LT,4380,73,167,113,174,-6,12,1,-66,0,0,0
2026-07-18T12:35:33.522 RX LT,4400,73,167,115,174,-6,12,1,-62,0,0,0
2026-07-18T12:35:33.522 RX LT,4420,73,167,115,217,-6,12,1,-59,0,0,0
2026-07-18T12:35:33.648 RX LT,4440,73,167,72,176,-6,12,1,-53,0,0,0
2026-07-18T12:35:33.648 RX LT,4460,73,167,113,174,-6,12,1,-50,0,0,0
2026-07-18T12:35:33.648 RX LT,4480,73,167,115,184,-6,12,1,-46,0,0,0
2026-07-18T12:35:33.648 RX LT,4500,73,167,105,174,-6,12,1,-42,0,0,0
2026-07-18T12:35:33.648 RX LT,4520,73,167,115,174,-6,12,1,-39,0,0,0
2026-07-18T12:35:33.649 RX LT,4540,93,147,115,174,-2,8,1,-36,0,0,0
2026-07-18T12:35:33.774 RX LT,4560,108,132,115,174,-2,8,1,-33,0,0,0
2026-07-18T12:35:33.775 RX LT,4580,118,122,105,174,0,24,1,-30,0,0,0
2026-07-18T12:35:33.775 RX LT,4600,120,120,126,174,0,24,1,-26,0,0,0
2026-07-18T12:35:33.775 RX LT,4620,120,120,105,130,0,24,1,-24,0,0,0
2026-07-18T12:35:33.775 RX LT,4640,120,120,115,171,0,24,1,-22,0,0,0
2026-07-18T12:35:33.776 RX LT,4660,120,120,115,162,0,24,1,-20,0,0,0
2026-07-18T12:35:33.776 TX SET LINEKD 2350 1356158361
2026-07-18T12:35:33.881 RX LT,4680,120,120,115,173,0,24,1,-19,0,0,0
2026-07-18T12:35:33.881 RX LT,4700,120,120,115,163,0,24,1,-19,0,0,0
2026-07-18T12:35:33.882 RX SA,1356158361,LINEKD,2350
2026-07-18T12:35:33.882 RX LT,4720,120,120,115,173,0,24,1,-18,0,0,0
2026-07-18T12:35:33.882 RX LT,4740,120,120,115,130,0,24,1,-18,0,0,0
2026-07-18T12:35:33.882 RX LT,4760,120,120,159,127,0,24,1,-17,0,0,0
2026-07-18T12:35:34.006 RX LT,4780,130,110,118,171,2,16,1,-17,0,0,0
2026-07-18T12:35:34.006 RX LT,4800,132,108,116,130,2,16,1,-17,0,0,0
2026-07-18T12:35:34.006 RX LT,4820,132,108,116,127,2,16,1,-18,0,0,0
2026-07-18T12:35:34.006 RX LT,4840,132,108,116,127,2,16,1,-18,0,0,0
2026-07-18T12:35:34.006 RX LT,4860,148,92,116,160,6,48,1,-19,0,0,0
2026-07-18T12:35:34.006 RX LT,4880,164,76,126,118,6,48,1,-20,0,0,0
2026-07-18T12:35:34.144 RX LT,4900,167,73,116,116,6,48,1,-20,0,0,0
2026-07-18T12:35:34.144 RX LT,4920,167,73,126,126,6,48,1,-21,0,0,0
2026-07-18T12:35:34.144 RX LT,4940,167,73,116,116,6,48,1,-24,0,0,0
2026-07-18T12:35:34.144 RX LT,4960,167,73,159,116,6,48,1,-26,0,0,0
2026-07-18T12:35:34.144 RX LT,4980,167,73,162,116,6,48,1,-30,0,0,0
2026-07-18T12:35:34.144 RX LT,5000,167,73,162,105,6,48,1,-33,0,0,0
2026-07-18T12:35:34.144 RX LT,5020,167,73,162,115,6,48,1,-37,0,0,0
2026-07-18T12:35:34.285 RX LT,5040,167,73,162,115,6,48,1,-42,0,0,0
2026-07-18T12:35:34.285 RX LT,5060,167,73,162,72,6,48,1,-44,0,0,0
2026-07-18T12:35:34.285 RX LT,5080,167,73,129,113,6,48,1,-51,0,0,0
2026-07-18T12:35:34.285 RX LT,5100,167,73,171,115,6,48,1,-56,0,0,0
2026-07-18T12:35:34.285 RX LT,5120,167,73,162,105,6,48,1,-59,0,0,0
2026-07-18T12:35:34.285 RX LT,5140,167,73,173,115,6,48,1,-65,0,0,0
2026-07-18T12:35:34.404 RX LT,5160,167,73,163,105,6,48,1,-70,0,0,0
2026-07-18T12:35:34.404 RX LT,5180,167,73,173,71,6,48,1,-76,0,0,0
2026-07-18T12:35:34.404 RX LT,5200,167,73,173,113,6,48,1,-82,0,0,0
2026-07-18T12:35:34.404 RX LT,5225,167,73,173,71,6,48,1,-96,0,0,0
2026-07-18T12:35:34.404 RX LT,5245,167,73,206,134,6,48,1,-99,0,0,0
2026-07-18T12:35:34.404 RX LT,5265,167,73,176,62,6,48,1,-106,0,0,0
2026-07-18T12:35:34.536 RX LT,5285,167,73,130,69,6,48,1,-112,0,0,0
2026-07-18T12:35:34.536 RX LT,5305,167,73,214,113,6,48,1,-118,0,0,0
2026-07-18T12:35:34.536 RX LT,5325,167,73,209,104,6,48,1,-124,0,0,0
2026-07-18T12:35:34.536 RX LT,5345,167,73,176,104,6,48,1,-130,0,0,0
2026-07-18T12:35:34.536 RX LT,5365,167,73,174,104,6,48,1,-137,0,0,0
2026-07-18T12:35:34.536 RX LT,5385,167,73,174,104,6,48,1,-143,0,0,0
2026-07-18T12:35:34.662 RX LT,5405,167,73,174,104,6,48,1,-151,0,0,0
2026-07-18T12:35:34.662 RX LT,5425,167,73,217,71,6,48,1,-157,0,0,0
2026-07-18T12:35:34.662 RX LT,5445,167,73,176,69,6,48,1,-163,0,0,0
2026-07-18T12:35:34.662 RX LT,5465,167,73,174,102,6,48,1,-170,0,0,0
2026-07-18T12:35:34.662 RX LT,5485,147,93,184,104,2,16,1,-175,0,0,0
2026-07-18T12:35:34.662 RX LT,5505,132,108,174,71,2,16,1,-181,0,0,0
2026-07-18T12:35:34.789 RX LT,5525,132,108,174,69,2,16,1,-187,0,0,0
2026-07-18T12:35:34.789 RX LT,5545,132,108,141,113,2,16,1,-192,0,0,0
2026-07-18T12:35:34.789 RX LT,5565,132,108,182,104,2,16,1,-196,0,0,0
2026-07-18T12:35:34.789 RX LT,5585,120,120,174,115,0,24,1,-200,0,0,0
2026-07-18T12:35:34.790 RX LT,5605,120,120,174,105,0,24,1,-204,0,0,0
2026-07-18T12:35:34.790 RX LT,5625,120,120,174,115,0,24,1,-209,0,0,0
2026-07-18T12:35:34.914 RX LT,5645,120,120,174,105,0,24,1,-213,0,0,0
2026-07-18T12:35:34.914 RX LT,5665,120,120,174,115,0,24,1,-216,0,0,0
2026-07-18T12:35:34.914 RX LT,5685,120,120,174,72,0,24,1,-218,0,0,0
2026-07-18T12:35:34.914 RX LT,5705,120,120,130,113,0,24,1,-221,0,0,0
2026-07-18T12:35:34.914 RX LT,5725,120,120,171,115,0,24,1,-223,0,0,0
2026-07-18T12:35:34.914 RX LT,5745,120,120,173,115,0,24,1,-226,0,0,0
2026-07-18T12:35:35.036 RX LT,5765,110,130,173,105,-2,8,1,-228,0,0,0
2026-07-18T12:35:35.036 RX LT,5785,100,140,173,115,-6,12,1,-228,0,0,0
2026-07-18T12:35:35.036 RX LT,5805,84,156,163,115,-6,12,1,-229,0,0,0
2026-07-18T12:35:35.036 RX LT,5825,73,167,129,115,-6,12,1,-231,0,0,0
2026-07-18T12:35:35.036 RX LT,5845,73,167,171,159,-6,12,1,-231,0,0,0
2026-07-18T12:35:35.036 RX LT,5865,73,167,119,118,-6,12,1,-231,0,0,0
2026-07-18T12:35:35.036 TX SET LINEKD 2250 1356158362
2026-07-18T12:35:35.164 RX LT,5885,73,167,127,159,-6,12,1,-230,0,0,0
2026-07-18T12:35:35.164 RX LT,5905,73,167,127,162,-6,12,1,-229,0,0,0
2026-07-18T12:35:35.165 RX SA,1356158362,LINEKD,2250
2026-07-18T12:35:35.165 RX LT,5925,112,128,127,162,-6,12,1,-227,0,0,0
2026-07-18T12:35:35.165 RX LT,5945,96,144,127,162,-6,12,1,-226,0,0,0
2026-07-18T12:35:35.165 RX LT,5965,80,160,171,162,-6,12,1,-224,0,0,0
2026-07-18T12:35:35.165 RX LT,5985,73,167,130,162,-6,12,1,-223,0,0,0
2026-07-18T12:35:35.285 RX LT,6005,73,167,127,162,-6,12,1,-222,0,0,0
2026-07-18T12:35:35.285 RX LT,6025,57,171,127,162,-11,4,1,-220,0,0,0
2026-07-18T12:35:35.285 RX LT,6045,57,171,116,129,-11,4,1,-217,0,0,0
2026-07-18T12:35:35.285 RX LT,6065,57,171,126,171,-11,4,1,-214,0,0,0
2026-07-18T12:35:35.285 RX LT,6085,57,171,116,173,-11,4,1,-211,0,0,0
2026-07-18T12:35:35.285 RX LT,6105,57,171,116,173,-11,4,1,-207,0,0,0
2026-07-18T12:35:35.414 RX LT,6125,29,171,126,173,-18,6,1,-203,0,0,0
2026-07-18T12:35:35.414 RX LT,6145,29,171,127,206,-18,6,1,-199,0,0,0
2026-07-18T12:35:35.414 RX LT,6165,29,171,116,176,-18,6,1,-195,0,0,0
2026-07-18T12:35:35.414 RX LT,6185,29,171,116,174,-18,6,1,-190,0,0,0
2026-07-18T12:35:35.414 RX LT,6205,29,171,72,174,-18,6,1,-184,0,0,0
2026-07-18T12:35:35.414 RX LT,6225,29,171,113,174,-18,6,1,-178,0,0,0
2026-07-18T12:35:35.535 RX LT,6245,29,171,72,174,-18,6,1,-171,0,0,0
2026-07-18T12:35:35.535 RX LT,6265,29,171,113,217,-18,6,1,-162,0,0,0
2026-07-18T12:35:35.535 RX LT,6285,29,171,72,176,-18,6,1,-156,0,0,0
2026-07-18T12:35:35.535 RX LT,6305,57,171,113,174,-11,4,1,-150,0,0,0
2026-07-18T12:35:35.535 RX LT,6325,57,171,104,174,-11,4,1,-143,0,0,0
2026-07-18T12:35:35.535 RX LT,6345,57,171,115,174,-11,4,1,-137,0,0,0
2026-07-18T12:35:35.664 RX LT,6365,57,171,83,184,-11,4,1,-131,0,0,0
2026-07-18T12:35:35.664 RX LT,6385,57,171,70,174,-11,4,1,-125,0,0,0
2026-07-18T12:35:35.664 RX LT,6405,57,171,113,174,-11,4,1,-119,0,0,0
2026-07-18T12:35:35.664 RX LT,6425,57,171,104,174,-11,4,1,-113,0,0,0
2026-07-18T12:35:35.664 RX LT,6445,57,171,104,174,-11,4,1,-108,0,0,0
2026-07-18T12:35:35.664 RX LT,6465,57,171,71,174,-11,4,1,-103,0,0,0
2026-07-18T12:35:35.793 RX LT,6485,57,171,113,174,-11,4,1,-95,0,0,0
2026-07-18T12:35:35.793 RX LT,6505,57,171,104,217,-11,4,1,-89,0,0,0
2026-07-18T12:35:35.793 RX LT,6525,57,171,71,176,-11,4,1,-84,0,0,0
2026-07-18T12:35:35.794 RX LT,6545,73,167,113,174,-6,12,1,-79,0,0,0
2026-07-18T12:35:35.794 RX LT,6565,73,167,104,174,-6,12,1,-74,0,0,0
2026-07-18T12:35:35.794 RX LT,6585,73,167,71,174,-6,12,1,-70,0,0,0
2026-07-18T12:35:35.915 RX LT,6605,73,167,69,174,-6,12,1,-64,0,0,0
2026-07-18T12:35:35.915 RX LT,6625,73,167,113,217,-6,12,1,-59,0,0,0
2026-07-18T12:35:35.915 RX LT,6645,73,167,72,176,-6,12,1,-55,0,0,0
2026-07-18T12:35:35.915 RX LT,6665,73,167,113,174,-6,12,1,-51,0,0,0
2026-07-18T12:35:35.915 RX LT,6685,73,167,72,184,-6,12,1,-44,0,0,0
2026-07-18T12:35:35.915 RX LT,6705,73,167,113,174,-6,12,1,-40,0,0,0
2026-07-18T12:35:36.045 RX LT,6725,83,157,104,217,-2,8,1,-36,0,0,0
2026-07-18T12:35:36.045 RX LT,6745,103,137,115,176,-2,8,1,-31,0,0,0
2026-07-18T12:35:36.045 RX LT,6765,108,132,105,163,-2,8,1,-27,0,0,0
2026-07-18T12:35:36.045 RX LT,6785,108,132,115,173,-2,8,1,-23,0,0,0
2026-07-18T12:35:36.045 RX LT,6805,120,120,72,173,0,24,1,-20,0,0,0
2026-07-18T12:35:36.045 RX LT,6825,120,120,113,163,0,24,1,-18,0,0,0
2026-07-18T12:35:36.045 TX SET LINEKP 8150 1356158363
2026-07-18T12:35:36.145 RX LT,6845,120,120,115,129,0,24,1,-15,0,0,0
2026-07-18T12:35:36.145 RX LT,6865,120,120,115,171,0,24,1,-14,0,0,0
2026-07-18T12:35:36.145 RX SA,1356158363,LINEKP,8150
2026-07-18T12:35:36.154 RX LT,6885,120,120,115,130,0,24,1,-13,0,0,0
2026-07-18T12:35:36.154 RX LT,6905,120,120,115,171,0,24,1,-12,0,0,0
2026-07-18T12:35:36.154 RX LT,6925,120,120,115,162,0,24,1,-11,0,0,0
2026-07-18T12:35:36.294 RX LT,6945,120,120,115,129,0,24,1,-10,0,0,0
2026-07-18T12:35:36.294 RX LT,6965,120,120,115,160,0,24,1,-9,0,0,0
2026-07-18T12:35:36.294 RX LT,6985,132,108,72,129,2,16,1,-8,0,0,0
2026-07-18T12:35:36.294 RX LT,7005,132,108,156,127,2,16,1,-7,0,0,0
2026-07-18T12:35:36.294 RX LT,7025,140,100,118,160,6,48,1,-7,0,0,0
2026-07-18T12:35:36.294 RX LT,7045,156,84,116,162,6,48,1,-7,0,0,0
2026-07-18T12:35:36.294 RX LT,7065,167,73,116,118,6,48,1,-7,0,0,0
2026-07-18T12:35:36.424 RX LT,7085,167,73,126,116,6,48,1,-9,0,0,0
2026-07-18T12:35:36.424 RX LT,7105,167,73,116,126,6,48,1,-11,0,0,0
2026-07-18T12:35:36.424 RX LT,7125,167,73,126,105,6,48,1,-5,0,0,0
2026-07-18T12:35:36.424 RX LT,7145,167,73,160,115,6,48,1,-6,0,0,0
2026-07-18T12:35:36.424 RX LT,7165,167,73,118,115,6,48,1,-9,0,0,0
2026-07-18T12:35:36.424 RX LT,7185,167,73,127,72,6,48,1,-12,0,0,0
2026-07-18T12:35:36.543 RX LT,7205,167,73,160,113,6,48,1,-16,0,0,0
2026-07-18T12:35:36.543 RX LT,7225,167,73,162,72,6,48,1,-21,0,0,0
2026-07-18T12:35:36.543 RX LT,7245,167,73,162,113,6,48,1,-25,0,0,0
2026-07-18T12:35:36.543 RX LT,7265,167,73,129,104,6,48,1,-31,0,0,0
2026-07-18T12:35:36.543 RX LT,7285,167,73,171,71,6,48,1,-34,0,0,0
2026-07-18T12:35:36.543 RX LT,7305,167,73,130,113,6,48,1,-40,0,0,0
2026-07-18T12:35:36.696 RX LT,7325,167,73,171,104,6,48,1,-46,0,0,0
2026-07-18T12:35:36.696 RX LT,7345,167,73,173,104,6,48,1,-55,0,0,0
2026-07-18T12:35:36.696 RX LT,7365,167,73,173,71,6,48,1,-61,0,0,0
2026-07-18T12:35:36.696 RX LT,7385,167,73,173,113,6,48,1,-68,0,0,0
2026-07-18T12:35:36.696 RX LT,7405,167,73,163,104,6,48,1,-75,0,0,0
2026-07-18T12:35:36.696 RX LT,7425,167,73,216,104,6,48,1,-82,0,0,0
2026-07-18T12:35:36.696 RX LT,7445,167,73,176,104,6,48,1,-89,0,0,0
2026-07-18T12:35:36.814 RX LT,7465,167,73,174,104,6,48,1,-96,0,0,0
2026-07-18T12:35:36.814 RX LT,7485,167,73,174,104,6,48,1,-104,0,0,0
2026-07-18T12:35:36.814 RX LT,7505,167,73,217,60,6,48,1,-111,0,0,0
2026-07-18T12:35:36.814 RX LT,7525,155,85,176,69,0,62,0,-115,0,0,0
2026-07-18T12:35:36.814 RX LT,7545,140,140,174,58,0,63,0,0,0,1,0
2026-07-18T12:35:36.814 RX LT,7565,140,140,174,68,0,63,0,0,0,1,0
2026-07-18T12:35:36.951 RX LT,7585,140,140,174,69,0,63,0,0,0,1,0
2026-07-18T12:35:36.951 RX LT,7605,-165,165,174,69,0,63,0,-2,0,2,1
2026-07-18T12:35:36.951 RX LT,7625,-165,165,32,113,0,63,0,-6,0,2,3
2026-07-18T12:35:36.951 RX LT,7645,-165,165,45,72,0,62,0,-8,0,2,3
2026-07-18T12:35:36.951 RX LT,7665,-165,165,2,113,-3,28,1,-2,0,2,5
2026-07-18T12:35:36.951 RX LT,7685,-165,165,0,159,2,16,1,7,0,2,6
2026-07-18T12:35:37.076 RX LT,7705,-165,165,54,118,0,0,0,21,0,2,8
2026-07-18T12:35:37.076 RX LT,7725,-165,165,101,116,0,0,0,36,0,2,10
2026-07-18T12:35:37.076 RX LT,7745,-165,165,104,105,-36,1,1,51,0,2,12
2026-07-18T12:35:37.076 RX LT,7765,-165,165,60,158,-30,3,1,73,0,2,14
2026-07-18T12:35:37.076 RX LT,7785,-165,165,101,118,-30,3,1,87,0,2,16
2026-07-18T12:35:37.076 RX LT,7805,-165,165,115,116,-24,7,1,102,0,2,18
2026-07-18T12:35:37.196 RX LT,7825,-165,165,105,159,-24,7,1,118,0,2,20
2026-07-18T12:35:37.196 RX LT,7845,-165,165,71,118,-24,7,1,127,0,2,23
2026-07-18T12:35:37.196 RX LT,7865,-165,165,113,127,-24,7,1,144,0,2,25
2026-07-18T12:35:37.196 RX LT,7885,-165,165,126,171,-24,7,1,161,0,2,28
2026-07-18T12:35:37.196 RX LT,7905,-165,165,116,162,-18,15,1,179,0,2,31
2026-07-18T12:35:37.196 RX LT,7925,-165,165,126,129,-18,15,1,197,0,2,34
2026-07-18T12:35:37.324 RX LT,7945,-165,165,171,171,-12,14,1,216,0,2,37
2026-07-18T12:35:37.324 RX LT,7965,-165,165,162,162,-9,30,1,235,0,2,40
2026-07-18T12:35:37.324 RX LT,7985,-165,165,173,173,-9,30,1,264,0,2,44
2026-07-18T12:35:37.324 RX LT,8005,-165,165,173,163,-3,28,1,283,0,2,47
2026-07-18T12:35:37.324 RX LT,8025,-109,109,217,129,-3,28,1,303,0,2,50
2026-07-18T12:35:37.324 RX LT,8045,-104,104,176,127,-3,28,1,322,0,2,53
2026-07-18T12:35:37.451 RX LT,8065,-99,99,174,127,0,24,1,340,0,2,56
2026-07-18T12:35:37.451 RX LT,8085,-92,92,174,116,0,24,1,358,0,2,60
2026-07-18T12:35:37.452 RX LT,8105,-89,89,174,116,3,56,1,374,0,2,62
2026-07-18T12:35:37.452 RX LT,8125,-84,84,163,116,6,48,1,389,0,2,65
2026-07-18T12:35:37.452 RX LT,8145,-79,79,173,72,6,48,1,403,0,2,68
2026-07-18T12:35:37.452 RX LT,8165,-75,75,163,113,6,48,1,416,0,2,70
2026-07-18T12:35:37.576 RX LT,8185,-70,70,162,104,6,48,1,427,0,3,73
2026-07-18T12:35:37.576 RX TURN CAPTURE,1,443,75,48,6
2026-07-18T12:35:37.576 RX LT,8205,0,0,118,71,6,48,1,443,0,5,75
2026-07-18T12:35:37.576 RX LT,8225,0,0,116,69,6,48,1,452,0,5,77
2026-07-18T12:35:37.576 RX LT,8245,0,0,61,4,11,32,1,456,0,5,77
2026-07-18T12:35:37.576 RX LT,8265,0,0,58,43,11,32,1,459,0,5,78
2026-07-18T12:35:37.576 RX LT,8285,0,0,58,13,11,32,1,460,0,5,79
2026-07-18T12:35:37.705 RX LT,8305,0,0,25,11,11,32,1,461,0,5,80
2026-07-18T12:35:37.705 RX LT,8325,0,0,55,0,11,32,1,460,0,5,80
2026-07-18T12:35:37.705 RX LT,8345,0,0,3,10,11,32,1,458,0,5,81
2026-07-18T12:35:37.705 RX LT,8365,0,0,0,0,11,32,1,455,0,6,81
2026-07-18T12:35:37.705 RX LT,8385,110,90,0,43,11,32,1,450,0,6,81
2026-07-18T12:35:37.705 RX LT,8405,120,80,54,57,11,32,1,441,0,6,82
2026-07-18T12:35:37.844 RX LT,8425,130,70,46,47,11,32,1,435,0,6,83
2026-07-18T12:35:37.844 RX LT,8445,140,60,57,2,11,32,1,428,0,6,83
2026-07-18T12:35:37.844 RX LT,8465,145,55,90,43,11,32,1,421,0,6,84
2026-07-18T12:35:37.844 RX LT,8485,145,55,60,2,11,32,1,414,0,6,85
2026-07-18T12:35:37.844 RX LT,8505,145,55,58,11,11,32,1,406,0,6,85
2026-07-18T12:35:37.844 RX LT,8525,145,55,68,44,11,32,1,398,0,6,87
2026-07-18T12:35:37.844 RX LT,8545,145,55,102,2,11,32,1,390,0,6,88
2026-07-18T12:35:37.934 RX LT,8565,145,55,104,43,6,48,1,382,0,6,89
2026-07-18T12:35:37.935 RX LT,8585,145,55,104,2,6,48,1,374,0,6,89
2026-07-18T12:35:37.935 RX TURN CENTER,1,370,90,48,6
2026-07-18T12:35:37.935 RX TURN LEARN,1,900,92
2026-07-18T12:35:37.936 RX TURN DONE,1,370,1050
2026-07-18T12:35:37.936 RX LT,8605,128,112,104,11,6,48,1,-4,1,0,90
2026-07-18T12:35:37.936 RX LT,8625,144,96,104,11,6,48,1,-16,1,0,90
2026-07-18T12:35:38.058 RX LT,8645,160,80,104,11,6,48,1,-22,1,0,90
2026-07-18T12:35:38.058 RX LT,8665,167,73,104,55,6,48,1,-29,1,0,90
2026-07-18T12:35:38.058 RX LT,8685,167,73,104,14,6,48,1,-34,1,0,90
2026-07-18T12:35:38.058 RX LT,8705,167,73,71,55,6,48,1,-40,1,0,90
2026-07-18T12:35:38.058 RX LT,8725,167,73,113,57,6,48,1,-46,1,0,90
2026-07-18T12:35:38.058 RX LT,8745,167,73,72,47,6,48,1,-51,1,0,90
2026-07-18T12:35:38.184 RX LT,8765,157,83,113,57,2,16,1,-57,1,0,90
2026-07-18T12:35:38.184 RX LT,8785,137,103,115,57,2,16,1,-63,1,0,90
2026-07-18T12:35:38.184 RX LT,8805,132,108,115,68,2,16,1,-65,1,0,90
2026-07-18T12:35:38.184 RX LT,8825,120,120,115,102,0,24,1,-70,1,0,90
2026-07-18T12:35:38.184 RX LT,8845,120,120,115,104,0,24,1,-76,1,0,90
2026-07-18T12:35:38.184 RX LT,8865,120,120,115,104,0,24,1,-80,1,0,90
2026-07-18T12:35:38.316 RX LT,8885,120,120,115,115,0,24,1,-82,1,0,90
2026-07-18T12:35:38.316 RX LT,8905,120,120,115,115,0,24,1,-84,1,0,90
2026-07-18T12:35:38.316 RX LT,8925,120,120,115,148,0,24,1,-86,1,0,90
2026-07-18T12:35:38.316 RX LT,8945,108,132,115,118,-2,8,1,-88,1,0,90
2026-07-18T12:35:38.318 TX SET LINEKP 8250 1356158364
2026-07-18T12:35:38.318 RX LT,8965,108,132,115,116,-2,8,1,-89,1,0,90
2026-07-18T12:35:38.318 RX LT,8985,100,140,115,116,-6,12,1,-91,1,0,90
2026-07-18T12:35:38.438 RX LT,9005,84,156,159,116,-6,12,1,-92,1,0,90
2026-07-18T12:35:38.438 RX LT,9025,73,167,118,126,-6,12,1,-93,1,0,90
2026-07-18T12:35:38.438 RX SA,1356158364,LINEKP,8250
2026-07-18T12:35:38.438 RX LT,9045,112,128,148,116,-6,12,1,-93,1,0,90
2026-07-18T12:35:38.438 RX LT,9065,96,144,118,126,-6,12,1,-93,1,0,90
2026-07-18T12:35:38.438 RX LT,9085,57,171,116,160,-11,4,1,-93,1,0,90
2026-07-18T12:35:38.438 RX LT,9105,57,171,116,162,-11,4,1,-93,1,0,90
2026-07-18T12:35:38.572 RX LT,9125,57,171,116,162,-11,4,1,-92,1,0,90
2026-07-18T12:35:38.572 RX LT,9145,57,171,116,118,-11,4,1,-91,1,0,90
2026-07-18T12:35:38.572 RX LT,9170,57,171,72,160,-11,4,1,-89,1,0,90
2026-07-18T12:35:38.572 RX LT,9190,29,171,135,194,-18,6,1,-87,1,0,90
2026-07-18T12:35:38.572 RX LT,9210,29,171,106,164,-18,6,1,-85,1,0,90
2026-07-18T12:35:38.572 RX LT,9230,29,171,71,129,-18,6,1,-82,1,0,90
2026-07-18T12:35:38.694 RX LT,9250,5,175,102,160,-25,2,1,-81,1,0,90
2026-07-18T12:35:38.695 RX LT,9270,5,175,60,162,-25,2,1,-78,1,0,90
2026-07-18T12:35:38.695 RX LT,9290,5,175,101,162,-25,2,1,-77,1,0,90
2026-07-18T12:35:38.695 RX LT,9310,5,175,60,129,-25,2,1,-73,1,0,90
2026-07-18T12:35:38.696 RX LT,9330,5,175,69,127,-25,2,1,-69,1,0,90
2026-07-18T12:35:38.696 RX LT,9350,5,175,58,171,-25,2,1,-64,1,0,90
2026-07-18T12:35:38.696 TX STOP
2026-07-18T12:35:38.696 TX STOP
2026-07-18T12:35:38.696 TX STOP
2026-07-18T12:35:38.836 RX LT,9370,5,175,58,162,-25,2,1,-58,1,0,90
2026-07-18T12:35:38.836 RX LT,9390,5,175,58,129,-25,2,1,-52,1,0,90
2026-07-18T12:35:38.836 RX OK STOP
2026-07-18T12:35:38.836 RX OK STOP
2026-07-18T12:35:38.836 RX OK STOP
2026-07-18T12:35:38.836 TX PROFILE GIMBAL
2026-07-18T12:35:38.884 RX OK PROFILE GIMBAL FLASH 3
2026-07-18T12:35:38.894 TX PARAM
2026-07-18T12:35:39.056 RX PARAM,x1000,PROFILE,1,FLASHVER,3,GUARDVER,24,LKP,350,LKI,100,RKP,500,RKI,350,LFF,460,RFF,437,LMIN,32,RMIN,26,SYNC,1000,BIAS,50,GSTART,10,LINEKP,6750,LINEKD,2000,TURNANGLE,900,TURNFAST,185,TURNSLOW,140,TURNMARGIN,180,TURNEXIT,140,TURNDIST,98
2026-07-18T12:35:39.056 RX PARAM,x1000,PROFILE,1,FLASHVER,3,GUARDVER,24,LKP,350,LKI,100,RKP,500,RKI,350,LFF,460,RFF,437,LMIN,32,RMIN,26,SYNC,1000,BIAS,50,GSTART,10,LINEKP,6750,LINEKD,2000,TURNANGLE,900,TURNFAST,185,TURNSLOW,140,TURNMARGIN,180,TURNEXIT,140,TURNDIST,98
2026-07-18T12:35:39.056 TX SET TURNSLOW 80 1356158365
2026-07-18T12:35:39.194 RX SA,1356158365,TURNSLOW,80
2026-07-18T12:35:39.194 TX SET LKP 350 1356158366
2026-07-18T12:35:39.334 RX SA,1356158366,LKP,350
2026-07-18T12:35:39.334 TX SET LKI 100 1356158367
2026-07-18T12:35:39.474 RX ERR COMMAND; SEND HELP
2026-07-18T12:35:39.525 TX SET LKI 100 1356158368
2026-07-18T12:35:39.672 RX ERR COMMAND; SEND HELP
2026-07-18T12:35:39.722 TX SET LKI 100 1356158369
2026-07-18T12:35:39.856 RX SA,1356158369,LKI,100
2026-07-18T12:35:39.856 TX SET LFF 460 1356158370
2026-07-18T12:35:40.530 TX SET LFF 460 1356158370
2026-07-18T12:35:40.670 RX ERR COMMAND; SEND HELP
2026-07-18T12:35:40.721 TX SET LFF 460 1356158371
2026-07-18T12:35:40.856 RX SA,1356158371,LFF,460
2026-07-18T12:35:40.856 TX SET LMIN 32 1356158372
2026-07-18T12:35:40.986 RX SA,1356158372,LMIN,32
2026-07-18T12:35:40.986 TX SET RKP 500 1356158373
2026-07-18T12:35:41.112 RX SA,1356158373,RKP,500
2026-07-18T12:35:41.112 TX SET RKI 350 1356158374
2026-07-18T12:35:41.253 RX SA,1356158374,RKI,350
2026-07-18T12:35:41.253 TX SET RFF 437 1356158375
2026-07-18T12:35:41.392 RX SA,1356158375,RFF,437
2026-07-18T12:35:41.392 TX SET RMIN 26 1356158376
2026-07-18T12:35:41.531 RX SA,1356158376,RMIN,26
2026-07-18T12:35:41.531 TX SET SYNC 1000 1356158377
2026-07-18T12:35:41.658 RX SA,1356158377,SYNC,1000
2026-07-18T12:35:41.658 TX SET BIAS 50 1356158378
2026-07-18T12:35:41.796 RX SA,1356158378,BIAS,50
2026-07-18T12:35:41.796 TX SET LINEKP 6750 1356158379
2026-07-18T12:35:41.924 RX SA,1356158379,LINEKP,6750
2026-07-18T12:35:41.924 TX SET LINEKD 2000 1356158380
2026-07-18T12:35:42.055 RX SA,1356158380,LINEKD,2000
2026-07-18T12:35:42.055 TX SET TURNANGLE 900 1356158381
2026-07-18T12:35:42.181 RX SA,1356158381,TURNANGLE,900
2026-07-18T12:35:42.181 TX SET TURNFAST 185 1356158382
2026-07-18T12:35:42.864 TX SET TURNFAST 185 1356158382
2026-07-18T12:35:42.996 RX ERR COMMAND; SEND HELP
2026-07-18T12:35:43.047 TX SET TURNFAST 185 1356158383
2026-07-18T12:35:43.181 RX SA,1356158383,TURNFAST,185
2026-07-18T12:35:43.181 TX SET TURNMARGIN 180 1356158384
2026-07-18T12:35:43.320 RX SA,1356158384,TURNMARGIN,180
2026-07-18T12:35:43.320 TX SET TURNEXIT 140 1356158385
2026-07-18T12:35:43.460 RX SA,1356158385,TURNEXIT,140
2026-07-18T12:35:43.460 TX SET TURNDIST 98 1356158386
2026-07-18T12:35:43.585 RX SA,1356158386,TURNDIST,98
2026-07-18T12:35:43.586 TX SET GSTART 0 1356158387
2026-07-18T12:35:43.724 RX SA,1356158387,GSTART,0
2026-07-18T12:35:43.724 TX SET TURNSLOW 140 1356158388
2026-07-18T12:35:43.857 RX SA,1356158388,TURNSLOW,140
2026-07-18T12:35:43.857 TX STOP
