2026-07-18T11:20:55.415 TX HELLO 713289390
2026-07-18T11:20:55.555 RX HELLO,713289390,2,STBY,HIGH,ENCODER_MM_X1000,580,SAMPLE_MS,10
2026-07-18T11:20:55.555 TX STOP
2026-07-18T11:20:55.684 RX OK STOP
2026-07-18T11:20:55.684 TX PARAM
2026-07-18T11:20:55.843 RX PARAM,x1000,PROFILE,1,FLASHVER,3,GUARDVER,19,LKP,350,LKI,100,RKP,500,RKI,350,LFF,540,RFF,520,LMIN,90,RMIN,85,SYNC,500,BIAS,80,GSTART,10,LINEKP,8250,LINEKD,2250,TURNANGLE,900,TURNFAST,185,TURNSLOW,140,TURNMARGIN,180,TURNEXIT,140,TURNDIST,98
2026-07-18T11:20:55.843 TX STATUS
2026-07-18T11:20:55.984 RX STATUS,144463,IDLE,0,0,0,0,0,0,SAFE,SELECTED_LAPS,1,STBY,HIGH
2026-07-18T11:20:55.984 TX SENSOR
2026-07-18T11:20:56.114 RX SENSOR,OK,24,0,93,0,24
2026-07-18T11:20:56.114 TX SENSOR
2026-07-18T11:20:56.244 RX SENSOR,OK,24,0,93,0,24
2026-07-18T11:20:56.244 TX SENSOR
2026-07-18T11:20:56.370 RX SENSOR,OK,24,0,93,0,24
2026-07-18T11:20:56.370 TX SENSOR
2026-07-18T11:20:56.495 RX SENSOR,OK,24,0,93,0,24
2026-07-18T11:20:56.495 TX SENSOR
2026-07-18T11:20:56.623 RX SENSOR,OK,24,0,93,0,24
2026-07-18T11:20:56.623 TX IMU
2026-07-18T11:20:56.753 RX IMU,OK,-840,13678,241,VER,1,1,0,0
2026-07-18T11:20:56.753 TX STREAM TUNE
2026-07-18T11:20:56.875 RX OK STREAM TUNE
2026-07-18T11:20:56.875 TX SQUARE 120 3 713289391
2026-07-18T11:20:57.043 RX TEST START,SQUARE,120,3
2026-07-18T11:20:57.043 RX SQ,713289391,OK
2026-07-18T11:20:57.043 RX LT,20,2,2,0,0,0,24,1,0,0,0,0
2026-07-18T11:20:57.043 RX LT,40,4,4,43,10,0,24,1,0,0,0,0
2026-07-18T11:20:57.043 RX LT,60,6,6,13,44,0,24,1,0,0,0,0
2026-07-18T11:20:57.043 RX LT,80,9,9,0,2,0,24,1,1,0,0,0
2026-07-18T11:20:57.043 RX LT,100,11,11,0,0,0,24,1,1,0,0,0
2026-07-18T11:20:57.043 RX LT,120,14,14,10,10,0,24,1,1,0,0,0
2026-07-18T11:20:57.215 RX LT,140,16,16,0,0,0,24,1,2,0,0,0
2026-07-18T11:20:57.216 RX LT,160,18,18,0,0,0,24,1,3,0,0,0
2026-07-18T11:20:57.216 RX LT,180,21,21,0,10,0,24,1,3,0,0,0
2026-07-18T11:20:57.216 RX LT,200,23,23,0,0,0,24,1,4,0,0,0
2026-07-18T11:20:57.216 RX LT,220,26,26,0,0,0,24,1,5,0,0,0
2026-07-18T11:20:57.216 RX LT,240,28,28,0,0,0,24,1,5,0,0,0
2026-07-18T11:20:57.216 RX LT,260,30,30,0,0,0,24,1,6,0,0,0
2026-07-18T11:20:57.216 RX LT,280,33,33,0,0,0,24,1,6,0,0,0
2026-07-18T11:20:57.375 RX LT,300,35,35,0,0,0,24,1,7,0,0,0
2026-07-18T11:20:57.383 RX LT,320,38,38,0,0,0,24,1,7,0,0,0
2026-07-18T11:20:57.383 RX LT,340,40,40,0,0,0,24,1,7,0,0,0
2026-07-18T11:20:57.383 RX LT,360,42,42,0,0,0,24,1,8,0,0,0
2026-07-18T11:20:57.383 RX LT,380,45,45,0,0,0,24,1,8,0,0,0
2026-07-18T11:20:57.383 RX LT,400,47,47,0,0,0,24,1,8,0,0,0
2026-07-18T11:20:57.384 RX LT,420,50,50,0,0,0,24,1,9,0,0,0
2026-07-18T11:20:57.384 RX LT,440,52,52,0,43,0,24,1,9,0,0,0
2026-07-18T11:20:57.530 RX LT,460,54,54,0,2,0,24,1,10,0,0,0
2026-07-18T11:20:57.530 RX LT,480,57,57,10,0,0,24,1,10,0,0,0
2026-07-18T11:20:57.530 RX LT,500,59,59,0,10,0,24,1,11,0,0,0
2026-07-18T11:20:57.531 RX LT,520,62,62,0,0,0,24,1,11,0,0,0
2026-07-18T11:20:57.531 RX LT,540,64,64,10,10,0,24,1,11,0,0,0
2026-07-18T11:20:57.531 RX LT,560,66,66,44,44,0,24,1,11,0,0,0
2026-07-18T11:20:57.531 RX LT,580,69,69,2,2,0,24,1,11,0,0,0
2026-07-18T11:20:57.677 RX LT,600,71,71,11,11,0,24,1,11,0,0,0
2026-07-18T11:20:57.677 RX LT,620,74,74,44,11,0,24,1,11,0,0,0
2026-07-18T11:20:57.677 RX LT,640,76,76,2,44,0,24,1,11,0,0,0
2026-07-18T11:20:57.677 RX LT,660,78,78,11,46,0,24,1,11,0,0,0
2026-07-18T11:20:57.677 RX LT,680,81,81,11,13,0,24,1,11,0,0,0
2026-07-18T11:20:57.677 RX LT,700,83,83,44,55,0,24,1,12,0,0,0
2026-07-18T11:20:57.678 RX LT,720,86,86,46,46,0,24,1,12,0,0,0
2026-07-18T11:20:57.824 RX LT,740,88,88,46,57,0,24,1,13,0,0,0
2026-07-18T11:20:57.824 RX LT,760,90,90,13,57,0,24,1,13,0,0,0
2026-07-18T11:20:57.824 RX LT,780,93,93,55,57,0,24,1,14,0,0,0
2026-07-18T11:20:57.825 RX LT,800,95,95,57,57,0,24,1,14,0,0,0
2026-07-18T11:20:57.825 RX LT,820,98,98,57,101,0,24,1,14,0,0,0
2026-07-18T11:20:57.825 RX LT,840,100,100,57,60,0,24,1,14,0,0,0
2026-07-18T11:20:57.825 RX LT,860,102,102,68,69,0,24,1,13,0,0,0
2026-07-18T11:20:57.970 RX LT,880,105,105,69,69,0,24,1,13,0,0,0
2026-07-18T11:20:57.970 RX LT,900,107,107,113,69,0,24,1,11,0,0,0
2026-07-18T11:20:57.970 RX LT,920,110,110,72,113,0,24,1,10,0,0,0
2026-07-18T11:20:57.970 RX LT,940,112,112,113,72,0,24,1,8,0,0,0
2026-07-18T11:20:57.971 RX LT,960,114,114,126,113,0,24,1,6,0,0,0
2026-07-18T11:20:57.971 RX LT,980,117,117,116,115,0,24,1,5,0,0,0
2026-07-18T11:20:57.971 RX LT,1000,119,119,126,115,0,24,1,3,0,0,0
2026-07-18T11:20:58.096 RX LT,1020,120,120,160,126,0,24,1,1,0,0,0
2026-07-18T11:20:58.096 RX LT,1040,120,120,162,116,0,24,1,0,0,0,0
2026-07-18T11:20:58.096 RX LT,1060,120,120,162,126,0,24,1,-2,0,0,0
2026-07-18T11:20:58.096 RX LT,1080,120,120,129,160,0,24,1,-3,0,0,0
2026-07-18T11:20:58.096 RX LT,1100,120,120,171,118,0,24,1,-4,0,0,0
2026-07-18T11:20:58.096 RX LT,1120,120,120,162,170,0,24,1,-6,0,0,0
2026-07-18T11:20:58.213 RX LT,1140,120,120,129,162,0,24,1,-6,0,0,0
2026-07-18T11:20:58.213 RX LT,1160,120,120,171,162,0,24,1,-7,0,0,0
2026-07-18T11:20:58.213 RX LT,1180,120,120,173,129,0,24,1,-8,0,0,0
2026-07-18T11:20:58.213 RX LT,1200,120,120,163,171,0,24,1,-8,0,0,0
2026-07-18T11:20:58.213 RX LT,1220,132,108,173,162,2,16,1,-8,0,0,0
2026-07-18T11:20:58.213 RX LT,1240,138,102,173,129,3,56,1,-9,0,0,0
2026-07-18T11:20:58.344 RX LT,1260,138,102,173,171,3,56,1,-9,0,0,0
2026-07-18T11:20:58.344 RX LT,1280,120,120,173,162,0,24,1,-10,0,0,0
2026-07-18T11:20:58.344 RX LT,1300,120,120,130,129,0,24,1,-11,0,0,0
2026-07-18T11:20:58.344 RX LT,1320,120,120,171,171,0,24,1,-11,0,0,0
2026-07-18T11:20:58.344 RX LT,1340,120,120,173,130,0,24,1,-11,0,0,0
2026-07-18T11:20:58.344 RX LT,1360,120,120,173,171,0,24,1,-11,0,0,0
2026-07-18T11:20:58.464 RX LT,1380,120,120,173,173,0,24,1,-11,0,0,0
2026-07-18T11:20:58.464 RX LT,1400,120,120,173,163,0,24,1,-12,0,0,0
2026-07-18T11:20:58.464 RX LT,1420,120,120,173,173,0,24,1,-12,0,0,0
2026-07-18T11:20:58.464 RX LT,1440,120,120,173,173,0,24,1,-12,0,0,0
2026-07-18T11:20:58.464 RX LT,1460,120,120,173,173,0,24,1,-13,0,0,0
2026-07-18T11:20:58.464 RX LT,1480,120,120,173,163,0,24,1,-13,0,0,0
2026-07-18T11:20:58.602 RX LT,1500,120,120,130,173,0,24,1,-13,0,0,0
2026-07-18T11:20:58.602 RX LT,1520,125,115,171,173,3,56,1,-12,0,0,0
2026-07-18T11:20:58.603 RX LT,1540,135,105,173,163,3,56,1,-12,0,0,0
2026-07-18T11:20:58.604 RX LT,1560,138,102,173,173,3,56,1,-13,0,0,0
2026-07-18T11:20:58.604 RX LT,1580,138,102,173,130,3,56,1,-13,0,0,0
2026-07-18T11:20:58.604 RX LT,1600,128,112,173,171,0,24,1,-13,0,0,0
2026-07-18T11:20:58.746 RX LT,1620,120,120,173,173,0,24,1,-14,0,0,0
2026-07-18T11:20:58.746 RX LT,1640,120,120,130,163,0,24,1,-14,0,0,0
2026-07-18T11:20:58.746 RX LT,1660,120,120,171,173,0,24,1,-14,0,0,0
2026-07-18T11:20:58.746 RX LT,1680,120,120,173,163,0,24,1,-15,0,0,0
2026-07-18T11:20:58.746 RX LT,1700,120,120,173,173,0,24,1,-15,0,0,0
2026-07-18T11:20:58.746 RX LT,1720,120,120,163,130,0,24,1,-15,0,0,0
2026-07-18T11:20:58.746 RX LT,1740,120,120,173,171,0,24,1,-15,0,0,0
2026-07-18T11:20:58.864 RX LT,1760,120,120,130,173,0,24,1,-15,0,0,0
2026-07-18T11:20:58.864 RX LT,1780,120,120,171,130,0,24,1,-15,0,0,0
2026-07-18T11:20:58.864 RX LT,1800,120,120,130,171,0,24,1,-15,0,0,0
2026-07-18T11:20:58.864 RX LT,1820,120,120,171,173,0,24,1,-14,0,0,0
2026-07-18T11:20:58.864 RX LT,1840,120,120,119,173,0,24,1,-11,0,0,0
2026-07-18T11:20:58.864 RX LT,1860,120,120,159,163,0,24,1,-10,0,0,0
2026-07-18T11:20:58.994 RX LT,1880,120,120,129,129,0,24,1,-10,0,0,0
2026-07-18T11:20:58.994 RX LT,1900,120,120,171,171,0,24,1,-10,0,0,0
2026-07-18T11:20:58.994 RX LT,1920,120,120,162,130,0,24,1,-9,0,0,0
2026-07-18T11:20:58.994 RX LT,1940,120,120,173,171,0,24,1,-10,0,0,0
2026-07-18T11:20:58.994 RX LT,1960,120,120,163,173,0,24,1,-9,0,0,0
2026-07-18T11:20:58.994 RX LT,1980,120,120,173,173,0,24,1,-9,0,0,0
2026-07-18T11:20:59.123 RX LT,2000,120,120,173,173,0,24,1,-9,0,0,0
2026-07-18T11:20:59.123 RX LT,2020,120,120,163,173,0,24,1,-9,0,0,0
2026-07-18T11:20:59.123 RX LT,2040,120,120,173,163,0,24,1,-9,0,0,0
2026-07-18T11:20:59.123 RX LT,2060,120,120,173,173,0,24,1,-10,0,0,0
2026-07-18T11:20:59.123 RX LT,2080,120,120,163,173,0,24,1,-9,0,0,0
2026-07-18T11:20:59.123 RX LT,2100,120,120,173,173,0,24,1,-10,0,0,0
2026-07-18T11:20:59.249 RX LT,2120,120,120,173,130,0,24,1,-10,0,0,0
2026-07-18T11:20:59.249 RX LT,2140,120,120,130,171,0,24,1,-10,0,0,0
2026-07-18T11:20:59.249 RX LT,2160,120,120,171,173,0,24,1,-10,0,0,0
2026-07-18T11:20:59.249 RX LT,2180,120,120,173,173,0,24,1,-10,0,0,0
2026-07-18T11:20:59.250 RX LT,2200,120,120,173,130,0,24,1,-11,0,0,0
2026-07-18T11:20:59.250 RX LT,2220,130,110,163,171,3,56,1,-11,0,0,0
2026-07-18T11:20:59.375 RX LT,2240,138,102,173,173,3,56,1,-11,0,0,0
2026-07-18T11:20:59.375 RX LT,2260,138,102,130,163,3,56,1,-12,0,0,0
2026-07-18T11:20:59.375 RX LT,2280,138,102,171,173,3,56,1,-12,0,0,0
2026-07-18T11:20:59.375 RX LT,2300,138,102,173,173,3,56,1,-12,0,0,0
2026-07-18T11:20:59.375 RX LT,2320,138,102,173,163,3,56,1,-13,0,0,0
2026-07-18T11:20:59.375 RX LT,2340,138,102,173,173,3,56,1,-13,0,0,0
2026-07-18T11:20:59.493 RX LT,2360,138,102,163,163,3,56,1,-14,0,0,0
2026-07-18T11:20:59.493 RX LT,2380,138,102,173,173,3,56,1,-15,0,0,0
2026-07-18T11:20:59.493 RX LT,2400,120,120,173,163,0,24,1,-16,0,0,0
2026-07-18T11:20:59.493 RX LT,2420,120,120,173,173,0,24,1,-17,0,0,0
2026-07-18T11:20:59.493 RX LT,2440,120,120,163,163,0,24,1,-18,0,0,0
2026-07-18T11:20:59.503 RX LT,2460,120,120,173,173,0,24,1,-18,0,0,0
2026-07-18T11:20:59.514 TX SET LINEKD 2150 713289392
2026-07-18T11:20:59.614 RX LT,2480,120,120,130,163,0,24,1,-19,0,0,0
2026-07-18T11:20:59.614 RX LT,2500,120,120,171,162,0,24,1,-20,0,0,0
2026-07-18T11:20:59.614 RX LT,2520,120,120,173,173,0,24,1,-21,0,0,0
2026-07-18T11:20:59.614 RX SA,713289392,LINEKD,2150
2026-07-18T11:20:59.614 RX LT,2540,120,120,173,130,0,24,1,-22,0,0,0
2026-07-18T11:20:59.614 RX LT,2560,120,120,163,171,0,24,1,-23,0,0,0
2026-07-18T11:20:59.614 RX LT,2580,120,120,173,173,0,24,1,-23,0,0,0
2026-07-18T11:20:59.752 RX LT,2600,120,120,130,163,0,24,1,-24,0,0,0
2026-07-18T11:20:59.752 RX LT,2620,120,120,171,173,0,24,1,-25,0,0,0
2026-07-18T11:20:59.752 RX LT,2640,120,120,130,163,0,24,1,-25,0,0,0
2026-07-18T11:20:59.753 RX LT,2660,120,120,171,173,0,24,1,-26,0,0,0
2026-07-18T11:20:59.754 RX LT,2680,120,120,173,163,0,24,1,-27,0,0,0
2026-07-18T11:20:59.754 RX LT,2700,120,120,130,173,0,24,1,-28,0,0,0
2026-07-18T11:20:59.875 RX LT,2720,120,120,171,130,0,24,1,-28,0,0,0
2026-07-18T11:20:59.875 RX LT,2740,120,120,130,171,0,24,1,-29,0,0,0
2026-07-18T11:20:59.875 RX LT,2760,120,120,171,173,0,24,1,-29,0,0,0
2026-07-18T11:20:59.875 RX LT,2780,120,120,162,130,0,24,1,-29,0,0,0
2026-07-18T11:20:59.875 RX LT,2800,120,120,173,171,0,24,1,-30,0,0,0
2026-07-18T11:20:59.875 RX LT,2820,120,120,163,130,0,24,1,-30,0,0,0
2026-07-18T11:21:00.003 RX LT,2840,120,120,173,171,0,24,1,-31,0,0,0
2026-07-18T11:21:00.003 RX LT,2860,120,120,130,173,0,24,1,-31,0,0,0
2026-07-18T11:21:00.003 RX LT,2880,120,120,171,163,0,24,1,-32,0,0,0
2026-07-18T11:21:00.003 RX LT,2900,120,120,173,173,0,24,1,-32,0,0,0
2026-07-18T11:21:00.003 RX LT,2920,120,120,163,173,0,24,1,-33,0,0,0
2026-07-18T11:21:00.003 RX LT,2940,120,120,173,130,0,24,1,-33,0,0,0
2026-07-18T11:21:00.130 RX LT,2960,120,120,130,171,0,24,1,-34,0,0,0
2026-07-18T11:21:00.130 RX LT,2980,120,120,171,173,0,24,1,-34,0,0,0
2026-07-18T11:21:00.130 RX LT,3000,120,120,130,163,0,24,1,-35,0,0,0
2026-07-18T11:21:00.130 RX LT,3020,120,120,171,173,0,24,1,-36,0,0,0
2026-07-18T11:21:00.130 RX LT,3040,120,120,130,163,0,24,1,-36,0,0,0
2026-07-18T11:21:00.131 RX LT,3060,120,120,171,173,0,24,1,-37,0,0,0
2026-07-18T11:21:00.255 RX LT,3080,120,120,130,163,0,24,1,-37,0,0,0
2026-07-18T11:21:00.255 RX LT,3100,120,120,171,173,0,24,1,-38,0,0,0
2026-07-18T11:21:00.255 RX LT,3120,120,120,130,130,0,24,1,-39,0,0,0
2026-07-18T11:21:00.255 RX LT,3140,120,120,171,127,0,24,1,-41,0,0,0
2026-07-18T11:21:00.255 RX LT,3160,120,120,130,171,0,24,1,-42,0,0,0
2026-07-18T11:21:00.255 RX LT,3180,120,120,171,130,0,24,1,-42,0,0,0
2026-07-18T11:21:00.374 RX LT,3200,120,120,162,171,0,24,1,-43,0,0,0
2026-07-18T11:21:00.374 RX LT,3220,120,120,173,162,0,24,1,-43,0,0,0
2026-07-18T11:21:00.384 RX LT,3240,120,120,163,129,0,24,1,-44,0,0,0
2026-07-18T11:21:00.384 RX LT,3260,120,120,162,171,0,24,1,-44,0,0,0
2026-07-18T11:21:00.384 RX LT,3280,120,120,173,162,0,24,1,-45,0,0,0
2026-07-18T11:21:00.384 RX LT,3300,120,120,163,162,0,24,1,-46,0,0,0
2026-07-18T11:21:00.503 RX LT,3320,120,120,129,173,0,24,1,-47,0,0,0
2026-07-18T11:21:00.503 RX LT,3340,120,120,171,163,0,24,1,-48,0,0,0
2026-07-18T11:21:00.503 RX LT,3360,120,120,162,129,0,24,1,-49,0,0,0
2026-07-18T11:21:00.503 RX LT,3380,120,120,129,127,0,24,1,-50,0,0,0
2026-07-18T11:21:00.503 RX LT,3400,120,120,127,171,0,24,1,-50,0,0,0
2026-07-18T11:21:00.503 RX LT,3420,120,120,171,130,0,24,1,-50,0,0,0
2026-07-18T11:21:00.633 RX LT,3440,120,120,162,127,0,24,1,-50,0,0,0
2026-07-18T11:21:00.633 RX LT,3460,120,120,129,127,0,24,1,-52,0,0,0
2026-07-18T11:21:00.633 RX LT,3480,120,120,127,171,0,24,1,-53,0,0,0
2026-07-18T11:21:00.633 RX LT,3500,120,120,171,162,0,24,1,-53,0,0,0
2026-07-18T11:21:00.633 RX LT,3520,120,120,162,129,0,24,1,-54,0,0,0
2026-07-18T11:21:00.633 RX LT,3540,120,120,129,171,0,24,1,-55,0,0,0
2026-07-18T11:21:00.633 RX LT,3560,120,120,171,162,0,24,1,-56,0,0,0
2026-07-18T11:21:00.774 RX LT,3580,120,120,162,129,0,24,1,-56,0,0,0
2026-07-18T11:21:00.774 RX LT,3600,120,120,162,127,0,24,1,-57,0,0,0
2026-07-18T11:21:00.774 RX LT,3620,120,120,129,171,0,24,1,-58,0,0,0
2026-07-18T11:21:00.774 RX LT,3640,120,120,127,162,0,24,1,-59,0,0,0
2026-07-18T11:21:00.774 RX LT,3660,120,120,171,129,0,24,1,-59,0,0,0
2026-07-18T11:21:00.783 RX LT,3680,125,115,162,171,3,56,1,-60,0,0,0
2026-07-18T11:21:00.904 RX LT,3700,125,115,162,162,-3,58,1,-61,0,0,0
2026-07-18T11:21:00.905 RX LT,3720,125,115,129,162,0,62,0,-62,0,0,0
2026-07-18T11:21:00.905 RX LT,3740,115,125,127,129,-3,58,1,-62,0,0,0
2026-07-18T11:21:00.905 RX LT,3760,117,123,127,171,0,24,1,-63,0,0,0
2026-07-18T11:21:00.905 RX LT,3780,120,120,127,162,0,24,1,-64,0,0,0
2026-07-18T11:21:00.905 RX LT,3800,120,120,127,162,0,24,1,-65,0,0,0
2026-07-18T11:21:01.025 RX LT,3820,120,120,171,162,0,24,1,-65,0,0,0
2026-07-18T11:21:01.025 RX LT,3840,120,120,162,162,0,24,1,-66,0,0,0
2026-07-18T11:21:01.025 RX LT,3860,120,120,162,129,0,24,1,-67,0,0,0
2026-07-18T11:21:01.025 RX LT,3880,120,120,129,171,0,24,1,-68,0,0,0
2026-07-18T11:21:01.025 RX LT,3900,120,120,127,162,0,24,1,-69,0,0,0
2026-07-18T11:21:01.025 RX LT,3920,120,120,171,162,0,24,1,-70,0,0,0
2026-07-18T11:21:01.154 RX LT,3940,120,120,162,162,0,24,1,-71,0,0,0
2026-07-18T11:21:01.154 RX LT,3960,120,120,162,129,0,24,1,-72,0,0,0
2026-07-18T11:21:01.154 RX LT,3980,120,120,162,127,0,24,1,-74,0,0,0
2026-07-18T11:21:01.154 RX LT,4000,120,120,162,160,0,24,1,-75,0,0,0
2026-07-18T11:21:01.164 RX LT,4020,120,120,129,162,0,24,1,-76,0,0,0
2026-07-18T11:21:01.164 RX LT,4040,120,120,127,162,0,24,1,-77,0,0,0
2026-07-18T11:21:01.274 RX LT,4060,120,120,171,162,0,24,1,-78,0,0,0
2026-07-18T11:21:01.274 RX LT,4080,120,120,162,162,0,24,1,-79,0,0,0
2026-07-18T11:21:01.284 RX LT,4100,120,120,162,162,0,24,1,-81,0,0,0
2026-07-18T11:21:01.284 RX LT,4120,120,120,129,162,0,24,1,-82,0,0,0
2026-07-18T11:21:01.284 RX LT,4140,120,120,171,162,0,24,1,-83,0,0,0
2026-07-18T11:21:01.284 RX LT,4160,120,120,162,162,0,24,1,-84,0,0,0
2026-07-18T11:21:01.408 RX LT,4180,120,120,162,118,0,24,1,-86,0,0,0
2026-07-18T11:21:01.408 RX LT,4200,120,120,129,127,0,24,1,-88,0,0,0
2026-07-18T11:21:01.408 RX LT,4220,120,120,127,127,0,24,1,-89,0,0,0
2026-07-18T11:21:01.408 RX LT,4240,120,120,171,160,0,24,1,-90,0,0,0
2026-07-18T11:21:01.408 RX LT,4260,120,120,162,162,0,24,1,-91,0,0,0
2026-07-18T11:21:01.409 RX LT,4280,120,120,162,162,0,24,1,-91,0,0,0
2026-07-18T11:21:01.409 TX SET LINEKD 2350 713289393
2026-07-18T11:21:01.509 RX LT,4300,120,120,162,162,0,24,1,-93,0,0,0
2026-07-18T11:21:01.509 RX LT,4320,120,120,129,118,0,24,1,-94,0,0,0
2026-07-18T11:21:01.509 RX SA,713289393,LINEKD,2350
2026-07-18T11:21:01.509 RX LT,4340,125,115,127,170,3,56,1,-95,0,0,0
2026-07-18T11:21:01.509 RX LT,4360,120,120,171,119,0,60,1,-96,0,0,0
2026-07-18T11:21:01.509 RX LT,4380,120,120,162,127,0,60,1,-97,0,0,0
2026-07-18T11:21:01.634 RX LT,4400,115,125,162,127,-3,28,1,-99,0,0,0
2026-07-18T11:21:01.634 RX LT,4420,105,135,129,160,-3,28,1,-100,0,0,0
2026-07-18T11:21:01.634 RX LT,4440,102,138,160,162,-3,28,1,-100,0,0,0
2026-07-18T11:21:01.634 RX LT,4460,102,138,162,162,-3,28,1,-101,0,0,0
2026-07-18T11:21:01.634 RX LT,4480,102,138,129,162,-3,28,1,-102,0,0,0
2026-07-18T11:21:01.634 RX LT,4500,102,138,127,162,-3,28,1,-102,0,0,0
2026-07-18T11:21:01.764 RX LT,4520,102,138,127,118,-3,28,1,-103,0,0,0
2026-07-18T11:21:01.765 RX LT,4540,102,138,127,170,-3,28,1,-104,0,0,0
2026-07-18T11:21:01.766 RX LT,4560,102,138,171,162,-3,28,1,-105,0,0,0
2026-07-18T11:21:01.766 RX LT,4580,102,138,162,162,-3,28,1,-105,0,0,0
2026-07-18T11:21:01.766 RX LT,4600,102,138,118,162,-3,28,1,-105,0,0,0
2026-07-18T11:21:01.767 RX LT,4620,102,138,127,162,-3,28,1,-104,0,0,0
2026-07-18T11:21:01.885 RX LT,4640,102,138,127,129,-3,28,1,-104,0,0,0
2026-07-18T11:21:01.885 RX LT,4660,102,138,127,127,-3,28,1,-104,0,0,0
2026-07-18T11:21:01.885 RX LT,4680,102,138,127,171,-3,28,1,-103,0,0,0
2026-07-18T11:21:01.885 RX LT,4700,102,138,127,162,-3,28,1,-103,0,0,0
2026-07-18T11:21:01.885 RX LT,4720,102,138,127,129,-3,28,1,-103,0,0,0
2026-07-18T11:21:01.885 RX LT,4740,102,138,127,171,-3,28,1,-103,0,0,0
2026-07-18T11:21:02.015 RX LT,4760,102,138,160,162,-3,28,1,-103,0,0,0
2026-07-18T11:21:02.015 RX LT,4780,120,120,162,162,0,60,1,-103,0,0,0
2026-07-18T11:21:02.016 RX LT,4800,120,120,118,129,0,60,1,-103,0,0,0
2026-07-18T11:21:02.016 RX LT,4820,120,120,127,127,0,60,1,-103,0,0,0
2026-07-18T11:21:02.016 RX LT,4840,120,120,127,160,0,60,1,-104,0,0,0
2026-07-18T11:21:02.016 RX LT,4860,120,120,127,162,0,44,1,-106,0,0,0
2026-07-18T11:21:02.140 RX LT,4880,120,120,127,162,0,44,1,-107,0,0,0
2026-07-18T11:21:02.140 RX LT,4900,120,120,127,118,0,44,1,-108,0,0,0
2026-07-18T11:21:02.140 RX LT,4920,120,120,160,127,0,44,1,-109,0,0,0
2026-07-18T11:21:02.143 RX LT,4940,120,120,162,127,0,44,1,-109,0,0,0
2026-07-18T11:21:02.143 RX LT,4960,112,128,162,127,-6,12,1,-110,0,0,0
2026-07-18T11:21:02.143 RX LT,4980,96,144,162,160,-6,12,1,-110,0,0,0
2026-07-18T11:21:02.264 RX LT,5000,80,160,118,129,-6,12,1,-111,0,0,0
2026-07-18T11:21:02.264 RX LT,5020,73,167,127,127,-6,12,1,-111,0,0,0
2026-07-18T11:21:02.264 RX LT,5040,83,157,160,127,-2,8,1,-111,0,0,0
2026-07-18T11:21:02.264 RX LT,5060,73,167,118,127,-6,12,1,-111,0,0,0
2026-07-18T11:21:02.264 RX LT,5080,93,147,127,127,0,44,1,-109,0,0,0
2026-07-18T11:21:02.264 RX LT,5100,113,127,116,171,0,60,1,-107,0,0,0
2026-07-18T11:21:02.394 RX LT,5120,120,120,126,130,0,60,1,-106,0,0,0
2026-07-18T11:21:02.394 RX LT,5140,120,120,127,127,0,60,1,-106,0,0,0
2026-07-18T11:21:02.394 RX LT,5160,120,120,160,127,0,60,1,-106,0,0,0
2026-07-18T11:21:02.394 RX LT,5180,120,120,162,127,0,60,1,-106,0,0,0
2026-07-18T11:21:02.395 RX LT,5200,120,120,162,127,0,60,1,-106,0,0,0
2026-07-18T11:21:02.395 RX LT,5220,115,125,162,160,-3,28,1,-108,0,0,0
2026-07-18T11:21:02.528 RX LT,5240,105,135,162,162,-3,28,1,-109,0,0,0
2026-07-18T11:21:02.528 RX LT,5260,102,138,162,162,-3,28,1,-110,0,0,0
2026-07-18T11:21:02.528 RX LT,5280,102,138,118,162,-3,28,1,-111,0,0,0
2026-07-18T11:21:02.528 RX LT,5300,102,138,127,162,-3,28,1,-111,0,0,0
2026-07-18T11:21:02.528 RX LT,5320,102,138,127,162,-3,28,1,-111,0,0,0
2026-07-18T11:21:02.529 RX LT,5340,108,132,160,162,-2,8,1,-111,0,0,0
2026-07-18T11:21:02.530 TX SET LINEKD 2150 713289394
2026-07-18T11:21:02.624 RX LT,5360,108,132,118,162,-2,8,1,-110,0,0,0
2026-07-18T11:21:02.624 RX LT,5380,118,122,127,162,0,24,1,-110,0,0,0
2026-07-18T11:21:02.624 RX SA,713289394,LINEKD,2150
2026-07-18T11:21:02.624 RX LT,5400,120,120,160,162,0,24,1,-110,0,0,0
2026-07-18T11:21:02.624 RX LT,5420,120,120,162,162,0,24,1,-110,0,0,0
2026-07-18T11:21:02.624 RX LT,5440,120,120,162,162,0,24,1,-111,0,0,0
2026-07-18T11:21:02.745 RX LT,5460,120,120,118,118,0,24,1,-111,0,0,0
2026-07-18T11:21:02.745 RX LT,5480,120,120,127,127,0,24,1,-112,0,0,0
2026-07-18T11:21:02.745 RX LT,5500,120,120,127,160,0,24,1,-112,0,0,0
2026-07-18T11:21:02.745 RX LT,5520,120,120,160,162,0,24,1,-112,0,0,0
2026-07-18T11:21:02.745 RX LT,5540,120,120,118,118,0,24,1,-112,0,0,0
2026-07-18T11:21:02.745 RX LT,5560,120,120,159,159,0,24,1,-113,0,0,0
2026-07-18T11:21:02.874 RX LT,5580,120,120,162,118,0,24,1,-113,0,0,0
2026-07-18T11:21:02.874 RX LT,5600,120,120,118,127,0,24,1,-114,0,0,0
2026-07-18T11:21:02.874 RX LT,5620,120,120,127,116,0,24,1,-115,0,0,0
2026-07-18T11:21:02.874 RX LT,5640,120,120,160,126,0,24,1,-115,0,0,0
2026-07-18T11:21:02.874 RX LT,5660,120,120,162,160,0,24,1,-116,0,0,0
2026-07-18T11:21:02.874 RX LT,5680,120,120,118,162,0,24,1,-117,0,0,0
2026-07-18T11:21:03.002 RX LT,5700,120,120,127,118,0,24,1,-117,0,0,0
2026-07-18T11:21:03.002 RX LT,5720,120,120,160,127,0,24,1,-117,0,0,0
2026-07-18T11:21:03.002 RX LT,5740,120,120,118,160,0,24,1,-118,0,0,0
2026-07-18T11:21:03.002 RX LT,5760,120,120,127,162,0,24,1,-118,0,0,0
2026-07-18T11:21:03.002 RX LT,5780,120,120,160,118,0,24,1,-118,0,0,0
2026-07-18T11:21:03.002 RX LT,5800,120,120,118,127,0,24,1,-119,0,0,0
2026-07-18T11:21:03.003 TX SET LINEKP 8150 713289395
2026-07-18T11:21:03.106 RX LT,5820,120,120,127,160,0,24,1,-119,0,0,0
2026-07-18T11:21:03.106 RX LT,5840,120,120,160,162,0,24,1,-119,0,0,0
2026-07-18T11:21:03.106 RX SA,713289395,LINEKP,8150
2026-07-18T11:21:03.106 RX LT,5860,120,120,118,118,0,24,1,-120,0,0,0
2026-07-18T11:21:03.106 RX LT,5880,120,120,127,127,0,24,1,-120,0,0,0
2026-07-18T11:21:03.106 RX LT,5900,120,120,127,160,0,24,1,-121,0,0,0
2026-07-18T11:21:03.224 RX LT,5920,120,120,116,118,0,24,1,-121,0,0,0
2026-07-18T11:21:03.224 RX LT,5940,120,120,126,127,0,24,1,-121,0,0,0
2026-07-18T11:21:03.234 RX LT,5960,120,120,116,160,0,24,1,-121,0,0,0
2026-07-18T11:21:03.234 RX LT,5980,120,120,170,118,0,24,1,-122,0,0,0
2026-07-18T11:21:03.235 RX LT,6000,120,120,162,127,0,24,1,-123,0,0,0
2026-07-18T11:21:03.235 RX LT,6020,120,120,162,160,0,24,1,-124,0,0,0
2026-07-18T11:21:03.354 RX LT,6040,120,120,162,162,0,24,1,-124,0,0,0
2026-07-18T11:21:03.354 RX LT,6060,120,120,118,118,0,24,1,-125,0,0,0
2026-07-18T11:21:03.354 RX LT,6080,120,120,170,127,0,24,1,-126,0,0,0
2026-07-18T11:21:03.354 RX LT,6100,120,120,162,160,0,24,1,-127,0,0,0
2026-07-18T11:21:03.354 RX LT,6120,120,120,162,118,0,24,1,-127,0,0,0
2026-07-18T11:21:03.354 RX LT,6140,120,120,162,127,0,24,1,-128,0,0,0
2026-07-18T11:21:03.483 RX LT,6160,120,120,162,116,0,24,1,-129,0,0,0
2026-07-18T11:21:03.483 RX LT,6180,120,120,129,126,0,24,1,-131,0,0,0
2026-07-18T11:21:03.483 RX LT,6200,120,120,127,160,0,24,1,-131,0,0,0
2026-07-18T11:21:03.483 RX LT,6220,120,120,127,118,0,24,1,-132,0,0,0
2026-07-18T11:21:03.484 RX LT,6240,120,120,127,127,0,24,1,-133,0,0,0
2026-07-18T11:21:03.484 RX LT,6260,130,110,127,160,3,56,1,-134,0,0,0
2026-07-18T11:21:03.609 RX LT,6280,138,102,171,118,3,56,1,-135,0,0,0
2026-07-18T11:21:03.609 RX LT,6300,138,102,162,159,3,56,1,-136,0,0,0
2026-07-18T11:21:03.609 RX LT,6320,128,112,162,118,0,24,1,-137,0,0,0
2026-07-18T11:21:03.609 RX LT,6340,120,120,129,116,0,24,1,-139,0,0,0
2026-07-18T11:21:03.609 RX LT,6360,130,110,171,126,3,56,1,-141,0,0,0
2026-07-18T11:21:03.609 RX LT,6380,138,102,162,116,3,56,1,-141,0,0,0
2026-07-18T11:21:03.744 RX LT,6400,138,102,162,126,3,56,1,-143,0,0,0
2026-07-18T11:21:03.744 RX LT,6420,138,102,162,116,3,56,1,-144,0,0,0
2026-07-18T11:21:03.745 RX LT,6440,138,102,129,126,3,56,1,-145,0,0,0
2026-07-18T11:21:03.745 RX LT,6460,138,102,127,116,3,56,1,-146,0,0,0
2026-07-18T11:21:03.745 RX LT,6480,128,112,171,159,0,24,1,-147,0,0,0
2026-07-18T11:21:03.745 RX LT,6500,120,120,162,118,0,24,1,-148,0,0,0
2026-07-18T11:21:03.853 RX LT,6520,102,138,162,159,-6,12,1,-149,0,0,0
2026-07-18T11:21:03.853 RX LT,6540,86,154,162,118,-6,12,1,-150,0,0,0
2026-07-18T11:21:03.853 RX LT,6560,88,152,162,127,0,60,1,-150,0,0,0
2026-07-18T11:21:03.853 RX LT,6580,90,150,118,160,-6,12,1,-149,0,0,0
2026-07-18T11:21:03.853 RX LT,6600,74,166,159,162,-6,12,1,-147,0,0,0
2026-07-18T11:21:03.853 RX LT,6620,73,167,118,162,-6,12,1,-144,0,0,0
2026-07-18T11:21:03.988 RX LT,6640,75,165,159,162,-6,12,1,-142,0,0,0
2026-07-18T11:21:03.988 RX LT,6660,73,167,118,129,-6,12,1,-141,0,0,0
2026-07-18T11:21:03.988 RX LT,6680,83,157,116,171,-3,28,1,-138,0,0,0
2026-07-18T11:21:03.988 RX LT,6700,93,147,159,162,-3,28,1,-135,0,0,0
2026-07-18T11:21:03.989 RX LT,6720,77,163,118,162,-6,12,1,-133,0,0,0
2026-07-18T11:21:03.989 RX LT,6740,79,161,116,129,-3,28,1,-131,0,0,0
2026-07-18T11:21:04.114 RX LT,6761,83,157,246,293,-3,28,1,-128,0,0,0
2026-07-18T11:21:04.114 RX LT,6781,93,147,124,137,-3,28,1,-126,0,0,0
2026-07-18T11:21:04.114 RX LT,6801,108,132,116,128,3,56,1,-124,0,0,0
2026-07-18T11:21:04.115 RX LT,6821,120,120,116,171,0,24,1,-122,0,0,0
2026-07-18T11:21:04.115 RX LT,6841,120,120,126,130,0,24,1,-120,0,0,0
2026-07-18T11:21:04.115 RX LT,6861,120,120,116,160,0,24,1,-118,0,0,0
2026-07-18T11:21:04.118 TX SET LINEKP 8250 713289396
2026-07-18T11:21:04.217 RX LT,6881,120,120,159,162,0,24,1,-116,0,0,0
2026-07-18T11:21:04.217 RX LT,6901,120,120,118,129,0,24,1,-114,0,0,0
2026-07-18T11:21:04.217 RX SA,713289396,LINEKP,8250
2026-07-18T11:21:04.217 RX LT,6921,120,120,116,127,0,24,1,-113,0,0,0
2026-07-18T11:21:04.217 RX LT,6941,120,120,126,127,0,24,1,-112,0,0,0
2026-07-18T11:21:04.217 RX LT,6961,120,120,116,127,0,24,1,-110,0,0,0
2026-07-18T11:21:04.343 RX LT,6981,120,120,126,171,0,24,1,-108,0,0,0
2026-07-18T11:21:04.343 RX LT,7001,120,120,160,130,0,24,1,-107,0,0,0
2026-07-18T11:21:04.343 RX LT,7021,120,120,118,160,0,24,1,-106,0,0,0
2026-07-18T11:21:04.343 RX LT,7041,120,120,116,162,0,24,1,-105,0,0,0
2026-07-18T11:21:04.343 RX LT,7061,120,120,159,129,0,24,1,-104,0,0,0
2026-07-18T11:21:04.344 RX LT,7081,120,120,118,160,0,24,1,-104,0,0,0
2026-07-18T11:21:04.465 RX LT,7101,120,120,116,129,0,24,1,-103,0,0,0
2026-07-18T11:21:04.465 RX LT,7121,120,120,126,127,0,24,1,-103,0,0,0
2026-07-18T11:21:04.465 RX LT,7141,130,110,160,127,3,56,1,-102,0,0,0
2026-07-18T11:21:04.465 RX LT,7161,138,102,118,127,3,56,1,-102,0,0,0
2026-07-18T11:21:04.465 RX LT,7181,138,102,127,116,3,56,1,-103,0,0,0
2026-07-18T11:21:04.465 RX LT,7201,138,102,160,159,3,56,1,-103,0,0,0
2026-07-18T11:21:04.594 RX LT,7221,138,102,118,118,3,56,1,-104,0,0,0
2026-07-18T11:21:04.594 RX LT,7241,138,102,127,116,3,56,1,-106,0,0,0
2026-07-18T11:21:04.594 RX LT,7261,138,102,127,126,0,62,0,-107,0,0,0
2026-07-18T11:21:04.594 RX LT,7281,140,140,127,116,0,63,0,0,0,1,0
2026-07-18T11:21:04.594 RX LT,7301,140,140,127,159,0,63,0,0,0,1,0
2026-07-18T11:21:04.594 RX LT,7321,140,140,127,173,0,63,0,0,0,1,0
2026-07-18T11:21:04.728 RX LT,7341,-185,185,127,119,0,127,0,0,0,2,1
2026-07-18T11:21:04.728 RX LT,7361,-185,185,73,170,0,127,0,0,0,2,4
2026-07-18T11:21:04.728 RX LT,7381,-185,185,48,173,0,127,0,1,0,2,6
2026-07-18T11:21:04.728 RX LT,7401,-185,185,3,163,0,127,0,15,0,2,7
2026-07-18T11:21:04.728 RX LT,7421,-185,185,0,184,0,127,0,28,0,2,9
2026-07-18T11:21:04.729 RX LT,7441,-185,185,43,218,0,55,0,45,0,2,11
2026-07-18T11:21:04.847 RX LT,7461,-185,185,111,176,0,55,0,64,0,2,15
2026-07-18T11:21:04.847 RX LT,7481,-185,185,104,217,0,103,0,83,0,2,18
2026-07-18T11:21:04.847 RX LT,7501,-185,185,104,220,0,39,0,103,0,2,20
2026-07-18T11:21:04.847 RX LT,7521,-185,185,158,220,0,39,0,124,0,2,24
2026-07-18T11:21:04.847 RX LT,7541,-185,185,118,220,-24,7,1,144,0,2,27
2026-07-18T11:21:04.847 RX LT,7561,-185,185,127,220,-24,7,1,165,0,2,30
2026-07-18T11:21:04.976 RX LT,7581,-185,185,171,220,-18,15,1,186,0,2,34
2026-07-18T11:21:04.976 RX LT,7601,-185,185,173,220,-12,14,1,208,0,2,38
2026-07-18T11:21:04.976 RX LT,7621,-185,185,217,176,-9,30,1,241,0,2,41
2026-07-18T11:21:04.976 RX LT,7641,-185,185,187,185,-9,30,1,263,0,2,46
2026-07-18T11:21:04.976 RX LT,7661,-185,185,229,185,-3,28,1,286,0,2,50
2026-07-18T11:21:04.976 RX LT,7681,-183,183,188,185,-3,28,1,308,0,2,55
2026-07-18T11:21:05.078 RX LT,7701,-181,181,272,174,0,24,1,330,0,2,58
2026-07-18T11:21:05.078 RX LT,7721,-178,178,234,184,0,24,1,353,0,2,63
2026-07-18T11:21:05.078 RX LT,7741,-175,175,275,174,3,56,1,375,0,2,67
2026-07-18T11:21:05.079 RX LT,7761,-172,172,278,174,6,48,1,397,0,2,71
2026-07-18T11:21:05.079 RX TURN CAPTURE,1,420,76,48,6
2026-07-18T11:21:05.079 RX LT,7781,0,0,245,174,6,48,1,420,0,5,76
2026-07-18T11:21:05.223 RX LT,7801,0,0,232,174,6,48,1,442,0,5,80
2026-07-18T11:21:05.223 RX LT,7821,0,0,188,163,6,48,1,462,0,5,84
2026-07-18T11:21:05.223 RX LT,7841,0,0,229,118,11,32,1,488,0,5,87
2026-07-18T11:21:05.223 RX LT,7861,0,0,220,159,23,96,1,502,0,5,90
2026-07-18T11:21:05.223 RX LT,7881,0,0,220,118,23,96,1,514,0,5,94
2026-07-18T11:21:05.223 RX LT,7901,0,0,176,116,23,96,1,525,0,5,97
2026-07-18T11:21:05.223 RX LT,7921,0,0,174,116,23,96,1,535,0,5,99
2026-07-18T11:21:05.350 RX LT,7941,0,0,119,116,23,96,1,542,0,5,102
2026-07-18T11:21:05.350 RX LT,7961,0,0,127,105,36,64,1,548,0,5,104
2026-07-18T11:21:05.350 RX LT,7981,0,0,116,60,36,64,1,551,0,5,106
2026-07-18T11:21:05.351 RX LT,8001,0,0,72,101,36,64,1,553,0,5,107
2026-07-18T11:21:05.351 RX LT,8021,0,0,69,60,36,64,1,554,0,5,109
2026-07-18T11:21:05.351 RX LT,8041,0,0,58,14,36,64,1,553,0,5,110
2026-07-18T11:21:05.497 RX LT,8061,0,0,58,11,36,64,1,548,0,5,110
2026-07-18T11:21:05.497 RX LT,8081,0,0,14,11,36,64,1,543,0,5,111
2026-07-18T11:21:05.497 RX LT,8101,0,0,11,11,36,64,1,537,0,5,112
2026-07-18T11:21:05.497 RX LT,8121,0,0,11,0,36,64,1,530,0,5,112
2026-07-18T11:21:05.498 RX LT,8141,0,0,0,0,36,64,1,522,0,5,112
2026-07-18T11:21:05.498 RX LT,8161,0,0,0,0,36,64,1,513,0,5,112
2026-07-18T11:21:05.498 RX LT,8181,0,0,0,0,23,96,1,504,0,5,112
2026-07-18T11:21:05.646 RX LT,8201,0,0,0,0,36,64,1,495,0,5,112
2026-07-18T11:21:05.646 RX LT,8221,0,0,0,0,23,96,1,487,0,5,112
2026-07-18T11:21:05.646 RX SQUARE ERROR,GIMBAL CAPTURE LINE LOST
2026-07-18T11:21:05.646 TX STOP
2026-07-18T11:21:05.647 TX STOP
2026-07-18T11:21:05.775 RX OK STOP
2026-07-18T11:21:05.775 RX OK STOP
2026-07-18T11:21:05.775 TX PROFILE GIMBAL
2026-07-18T11:21:05.823 RX OK PROFILE GIMBAL FLASH 3
2026-07-18T11:21:05.823 TX PARAM
2026-07-18T11:21:05.985 RX PARAM,x1000,PROFILE,1,FLASHVER,3,GUARDVER,19,LKP,350,LKI,100,RKP,500,RKI,350,LFF,460,RFF,437,LMIN,32,RMIN,26,SYNC,1000,BIAS,50,GSTART,10,LINEKP,6750,LINEKD,2000,TURNANGLE,900,TURNFAST,185,TURNSLOW,140,TURNMARGIN,180,TURNEXIT,140,TURNDIST,98
2026-07-18T11:21:05.985 RX PARAM,x1000,PROFILE,1,FLASHVER,3,GUARDVER,19,LKP,350,LKI,100,RKP,500,RKI,350,LFF,460,RFF,437,LMIN,32,RMIN,26,SYNC,1000,BIAS,50,GSTART,10,LINEKP,6750,LINEKD,2000,TURNANGLE,900,TURNFAST,185,TURNSLOW,140,TURNMARGIN,180,TURNEXIT,140,TURNDIST,98
2026-07-18T11:21:05.985 TX SET TURNSLOW 80 713289397
2026-07-18T11:21:06.124 RX SA,713289397,TURNSLOW,80
2026-07-18T11:21:06.124 TX SET LKP 350 713289398
2026-07-18T11:21:06.254 RX SA,713289398,LKP,350
2026-07-18T11:21:06.254 TX SET LKI 100 713289399
2026-07-18T11:21:06.384 RX SA,713289399,LKI,100
2026-07-18T11:21:06.384 TX SET LFF 460 713289400
2026-07-18T11:21:06.514 RX SA,713289400,LFF,460
2026-07-18T11:21:06.514 TX SET LMIN 32 713289401
2026-07-18T11:21:06.635 RX SA,713289401,LMIN,32
2026-07-18T11:21:06.635 TX SET RKP 500 713289402
2026-07-18T11:21:06.764 RX SA,713289402,RKP,500
2026-07-18T11:21:06.764 TX SET RKI 350 713289403
2026-07-18T11:21:06.894 RX SA,713289403,RKI,350
2026-07-18T11:21:06.894 TX SET RFF 437 713289404
2026-07-18T11:21:07.039 RX SA,713289404,RFF,437
2026-07-18T11:21:07.039 TX SET RMIN 26 713289405
2026-07-18T11:21:07.164 RX SA,713289405,RMIN,26
2026-07-18T11:21:07.164 TX SET SYNC 1000 713289406
2026-07-18T11:21:07.289 RX SA,713289406,SYNC,1000
2026-07-18T11:21:07.289 TX SET BIAS 50 713289407
2026-07-18T11:21:07.420 RX SA,713289407,BIAS,50
2026-07-18T11:21:07.420 TX SET LINEKP 6750 713289408
2026-07-18T11:21:07.551 RX SA,713289408,LINEKP,6750
2026-07-18T11:21:07.551 TX SET LINEKD 2000 713289409
2026-07-18T11:21:07.689 RX SA,713289409,LINEKD,2000
2026-07-18T11:21:07.689 TX SET TURNANGLE 900 713289410
2026-07-18T11:21:07.833 RX SA,713289410,TURNANGLE,900
2026-07-18T11:21:07.833 TX SET TURNFAST 185 713289411
2026-07-18T11:21:07.963 RX SA,713289411,TURNFAST,185
2026-07-18T11:21:07.963 TX SET TURNMARGIN 180 713289412
2026-07-18T11:21:08.094 RX SA,713289412,TURNMARGIN,180
2026-07-18T11:21:08.094 TX SET TURNEXIT 140 713289413
2026-07-18T11:21:08.226 RX SA,713289413,TURNEXIT,140
2026-07-18T11:21:08.226 TX SET TURNDIST 98 713289414
2026-07-18T11:21:08.361 RX SA,713289414,TURNDIST,98
2026-07-18T11:21:08.361 TX SET GSTART 0 713289415
2026-07-18T11:21:08.485 RX SA,713289415,GSTART,0
2026-07-18T11:21:08.485 TX SET TURNSLOW 140 713289416
2026-07-18T11:21:08.614 RX SA,713289416,TURNSLOW,140
2026-07-18T11:21:08.615 TX STOP
