2026-07-16T03:58:38.907 TX HELLO 391020879
2026-07-16T03:58:39.051 RX HELLO,391020879,2,STBY,HIGH,ENCODER_MM_X1000,580,SAMPLE_MS,10
2026-07-16T03:58:39.051 TX STOP
2026-07-16T03:58:39.174 RX OK STOP
2026-07-16T03:58:39.174 TX PARAM
2026-07-16T03:58:39.342 RX PARAM,x1000,PROFILE,1,FLASHVER,3,GUARDVER,3,LKP,350,LKI,100,RKP,500,RKI,350,LFF,460,RFF,437,LMIN,32,RMIN,26,SYNC,500,BIAS,80,LINEKP,3000,LINEKD,800,TURNANGLE,900,TURNFAST,150,TURNSLOW,100,TURNMARGIN,300,TURNEXIT,100,TURNDIST,98
2026-07-16T03:58:39.342 TX SENSOR
2026-07-16T03:58:39.468 RX SENSOR,OK,24,0,93,0,24
2026-07-16T03:58:39.469 TX IMU
2026-07-16T03:58:39.610 RX IMU,OK,-941,10725,178,VER,1,1,0,0
2026-07-16T03:58:39.610 TX SET TURNSLOW 80 391020880
2026-07-16T03:58:39.743 RX SA,391020880,TURNSLOW,80
2026-07-16T03:58:39.743 TX SET TURNFAST 150 391020881
2026-07-16T03:58:39.880 RX SA,391020881,TURNFAST,150
2026-07-16T03:58:39.880 TX SET TURNSLOW 100 391020882
2026-07-16T03:58:40.016 RX SA,391020882,TURNSLOW,100
2026-07-16T03:58:40.016 TX SET TURNANGLE 900 391020883
2026-07-16T03:58:40.151 RX SA,391020883,TURNANGLE,900
2026-07-16T03:58:40.151 TX SET TURNMARGIN 300 391020884
2026-07-16T03:58:40.274 RX SA,391020884,TURNMARGIN,300
2026-07-16T03:58:40.274 TX SET TURNEXIT 100 391020885
2026-07-16T03:58:40.406 RX SA,391020885,TURNEXIT,100
2026-07-16T03:58:40.406 TX SET TURNDIST 98 391020886
2026-07-16T03:58:40.536 RX SA,391020886,TURNDIST,98
2026-07-16T03:58:40.536 TX SQUARE 120 1 391020887
2026-07-16T03:58:40.591 RX TEST START,SQUARE,120,1
2026-07-16T03:58:40.591 RX CSV,time_ms,mode,left_target,right_target,left_mmps,right_mmps,left_pwm,right_pwm,left_error,right_error,count_diff,line_error,line_mask,line_valid,yaw_x10,corner_count,square_state,turn_travel_mm
2026-07-16T03:58:40.591 RX SQ,391020887,OK
2026-07-16T03:58:40.689 RX PID,20,SQUARE,1,1,0,0,32,26,1,1,0,0,24,1,0,0,0,0
2026-07-16T03:58:40.689 RX PID,40,SQUARE,3,3,0,0,34,28,3,3,0,0,24,1,0,0,0,0
2026-07-16T03:58:40.689 RX PID,60,SQUARE,4,4,0,0,34,29,4,4,0,0,24,1,0,0,0,0
2026-07-16T03:58:40.689 RX PID,80,SQUARE,6,6,43,0,22,31,-37,6,1,0,24,1,0,0,0,0
2026-07-16T03:58:40.689 RX PID,100,SQUARE,7,7,2,0,36,32,5,7,1,0,24,1,0,0,0,0
2026-07-16T03:58:40.791 RX PID,120,SQUARE,9,9,0,0,39,33,9,9,1,0,24,1,0,0,0,0
2026-07-16T03:58:40.791 RX PID,140,SQUARE,11,11,0,0,40,35,11,11,1,0,24,1,0,0,0,0
2026-07-16T03:58:40.791 RX PID,160,SQUARE,12,12,0,0,41,37,12,12,1,0,24,1,0,0,0,0
2026-07-16T03:58:40.791 RX PID,180,SQUARE,14,14,0,0,42,39,14,14,1,0,24,1,0,0,0,0
2026-07-16T03:58:40.791 RX PID,200,SQUARE,15,15,0,0,43,39,15,15,1,0,24,1,0,0,0,0
2026-07-16T03:58:40.877 RX PID,220,SQUARE,17,17,0,0,44,41,17,17,1,0,24,1,0,0,0,0
2026-07-16T03:58:40.877 RX PID,240,SQUARE,19,19,0,0,46,43,19,19,1,0,24,1,0,0,0,0
2026-07-16T03:58:40.877 RX PID,260,SQUARE,20,20,0,0,48,44,20,20,1,0,24,1,0,0,0,0
2026-07-16T03:58:40.877 RX PID,280,SQUARE,21,23,0,0,48,48,21,23,1,0,24,1,0,0,0,0
2026-07-16T03:58:40.982 RX PID,300,SQUARE,22,24,0,0,49,49,22,24,1,0,24,1,0,0,0,0
2026-07-16T03:58:40.982 RX PID,320,SQUARE,23,27,10,0,46,51,13,27,2,0,24,1,1,0,0,0
2026-07-16T03:58:40.982 RX PID,340,SQUARE,24,30,11,0,47,55,13,30,3,0,24,1,1,0,0,0
2026-07-16T03:58:40.982 RX PID,360,SQUARE,25,31,0,0,51,55,25,31,3,0,24,1,0,0,0,0
2026-07-16T03:58:40.982 RX PID,380,SQUARE,27,33,0,0,53,58,27,33,3,0,24,1,0,0,0,0
2026-07-16T03:58:41.064 RX PID,400,SQUARE,28,34,0,0,53,59,28,34,3,0,24,1,0,0,0,0
2026-07-16T03:58:41.064 RX PID,420,SQUARE,30,36,0,0,55,61,30,36,3,0,24,1,1,0,0,0
2026-07-16T03:58:41.064 RX PID,440,SQUARE,32,38,0,0,57,63,32,38,3,0,24,1,1,0,0,0
2026-07-16T03:58:41.064 RX PID,460,SQUARE,33,39,0,0,58,65,33,39,3,0,24,1,1,0,0,0
2026-07-16T03:58:41.175 RX PID,480,SQUARE,35,41,0,0,60,66,35,41,3,0,24,1,1,0,0,0
2026-07-16T03:58:41.175 RX PID,500,SQUARE,36,42,0,0,60,68,36,42,3,0,24,1,1,0,0,0
2026-07-16T03:58:41.176 RX PID,520,SQUARE,38,44,0,0,62,70,38,44,3,0,24,1,1,0,0,0
2026-07-16T03:58:41.176 RX PID,540,SQUARE,40,46,0,0,64,73,40,46,3,0,24,1,1,0,0,0
2026-07-16T03:58:41.176 RX PID,560,SQUARE,41,47,0,0,64,73,41,47,3,0,24,1,1,0,0,0
2026-07-16T03:58:41.273 RX PID,580,SQUARE,43,49,0,0,67,75,43,49,3,0,24,1,1,0,0,0
2026-07-16T03:58:41.273 RX PID,600,SQUARE,44,50,0,0,68,77,44,50,3,0,24,1,1,0,0,0
2026-07-16T03:58:41.273 RX PID,620,SQUARE,46,52,0,0,70,79,46,52,3,0,24,1,1,0,0,0
2026-07-16T03:58:41.273 RX PID,640,SQUARE,49,53,0,43,72,59,49,10,2,0,24,1,1,0,0,0
2026-07-16T03:58:41.273 RX PID,660,SQUARE,50,54,0,2,73,81,50,52,2,0,24,1,1,0,0,0
2026-07-16T03:58:41.362 RX PID,680,SQUARE,51,57,10,0,70,84,41,57,3,0,24,1,1,0,0,0
2026-07-16T03:58:41.362 RX PID,700,SQUARE,52,58,0,0,74,87,52,58,3,0,24,1,1,0,0,0
2026-07-16T03:58:41.362 RX PID,720,SQUARE,54,60,0,0,75,89,54,60,3,0,24,1,1,0,0,0
2026-07-16T03:58:41.362 RX PID,740,SQUARE,56,62,0,0,77,91,56,62,3,0,24,1,1,0,0,0
2026-07-16T03:58:41.466 RX PID,760,SQUARE,57,63,0,0,78,92,57,63,3,0,24,1,1,0,0,0
2026-07-16T03:58:41.466 RX PID,780,SQUARE,59,65,0,0,81,94,59,65,3,0,24,1,1,0,0,0
2026-07-16T03:58:41.466 RX PID,800,SQUARE,59,67,43,0,66,97,16,67,4,0,24,1,1,0,0,0
2026-07-16T03:58:41.466 RX PID,820,SQUARE,61,69,2,0,82,99,59,69,4,0,24,1,1,0,0,0
2026-07-16T03:58:41.466 RX PID,840,SQUARE,64,70,0,43,85,79,64,27,3,0,24,1,1,0,0,0
2026-07-16T03:58:41.569 RX PID,860,SQUARE,65,71,0,2,85,101,65,69,3,0,24,1,2,0,0,0
2026-07-16T03:58:41.569 RX PID,880,SQUARE,67,73,0,0,87,104,67,73,3,0,24,1,2,0,0,0
2026-07-16T03:58:41.569 RX PID,900,SQUARE,68,74,0,0,88,106,68,74,3,0,24,1,3,0,0,0
2026-07-16T03:58:41.569 RX PID,920,SQUARE,70,76,0,0,90,109,70,76,3,0,24,1,3,0,0,0
2026-07-16T03:58:41.569 RX PID,940,SQUARE,72,78,0,0,93,111,72,78,3,0,24,1,3,0,0,0
2026-07-16T03:58:41.656 RX PID,960,SQUARE,73,79,0,0,93,112,73,79,3,0,24,1,3,0,0,0
2026-07-16T03:58:41.656 RX PID,980,SQUARE,75,81,0,0,95,114,75,81,3,0,24,1,3,0,0,0
2026-07-16T03:58:41.656 RX PID,1000,SQUARE,76,82,0,0,95,116,76,82,3,0,24,1,3,0,0,0
2026-07-16T03:58:41.656 RX PID,1020,SQUARE,78,84,0,0,97,118,78,84,3,0,24,1,3,0,0,0
2026-07-16T03:58:41.760 RX PID,1040,SQUARE,80,86,0,0,99,121,80,86,3,0,24,1,3,0,0,0
2026-07-16T03:58:41.760 RX PID,1060,SQUARE,81,87,0,0,100,123,81,87,3,0,24,1,3,0,0,0
2026-07-16T03:58:41.760 RX PID,1080,SQUARE,83,89,0,0,103,124,83,89,2,0,24,1,3,0,0,0
2026-07-16T03:58:41.760 RX PID,1100,SQUARE,85,89,0,10,104,120,85,79,2,0,24,1,3,0,0,0
2026-07-16T03:58:41.760 RX PID,1120,SQUARE,87,91,0,0,106,127,87,91,2,0,24,1,3,0,0,0
2026-07-16T03:58:41.835 RX PID,1140,SQUARE,89,93,0,0,107,130,89,93,2,0,24,1,3,0,0,0
2026-07-16T03:58:41.835 RX PID,1160,SQUARE,90,94,0,0,108,133,90,94,2,0,24,1,3,0,0,0
2026-07-16T03:58:41.835 RX PID,1180,SQUARE,91,97,43,0,93,135,48,97,3,0,24,1,3,0,0,0
2026-07-16T03:58:41.835 RX PID,1200,SQUARE,92,98,2,0,110,137,90,98,3,0,24,1,3,0,0,0
2026-07-16T03:58:41.926 RX PID,1220,SQUARE,94,100,0,0,112,140,94,100,3,0,24,1,3,0,0,0
2026-07-16T03:58:41.926 RX PID,1240,SQUARE,97,101,0,43,114,120,97,58,2,0,24,1,3,0,0,0
2026-07-16T03:58:41.926 RX PID,1260,SQUARE,97,103,10,2,111,143,87,101,3,0,24,1,4,0,0,0
2026-07-16T03:58:41.926 RX PID,1280,SQUARE,99,105,0,0,116,146,99,105,2,0,24,1,4,0,0,0
2026-07-16T03:58:42.015 RX PID,1300,SQUARE,101,105,0,10,119,141,101,95,3,0,24,1,4,0,0,0
2026-07-16T03:58:42.017 RX PID,1320,SQUARE,102,108,10,0,116,151,92,108,2,0,24,1,4,0,0,0
2026-07-16T03:58:42.017 RX PID,1340,SQUARE,105,109,0,10,122,146,105,99,2,0,24,1,4,0,0,0
2026-07-16T03:58:42.017 RX PID,1360,SQUARE,106,110,10,44,119,132,96,66,2,0,24,1,5,0,0,0
2026-07-16T03:58:42.094 RX PID,1380,SQUARE,108,112,0,2,124,155,108,110,3,0,24,1,5,0,0,0
2026-07-16T03:58:42.094 RX PID,1400,SQUARE,109,113,10,11,122,152,99,102,2,0,24,1,5,0,0,0
2026-07-16T03:58:42.094 RX PID,1420,SQUARE,111,115,11,44,125,138,100,71,2,0,24,1,5,0,0,0
2026-07-16T03:58:42.094 RX PID,1440,SQUARE,113,117,11,46,125,140,102,71,2,0,24,1,5,0,0,0
2026-07-16T03:58:42.197 RX PID,1460,SQUARE,114,118,11,13,127,157,103,105,2,0,24,1,5,0,0,0
2026-07-16T03:58:42.197 RX PID,1480,SQUARE,116,120,55,55,113,139,61,65,2,0,24,1,5,0,0,0
2026-07-16T03:58:42.197 RX PID,1500,SQUARE,117,121,46,46,116,144,71,75,1,0,24,1,5,0,0,0
2026-07-16T03:58:42.197 RX PID,1520,SQUARE,119,121,57,57,114,140,62,64,1,0,24,1,6,0,0,0
2026-07-16T03:58:42.293 RX PID,1540,SQUARE,120,120,57,101,117,117,63,19,1,0,24,1,6,0,0,0
2026-07-16T03:58:42.293 RX PID,1560,SQUARE,120,120,57,104,117,116,63,16,0,0,24,1,7,0,0,0
2026-07-16T03:58:42.293 RX PID,1580,SQUARE,120,120,57,104,117,117,63,16,-2,0,24,1,9,0,0,0
2026-07-16T03:58:42.293 RX PID,1600,SQUARE,122,118,14,115,133,109,108,3,-5,0,24,1,13,0,0,0
2026-07-16T03:58:42.352 RX PID,1620,SQUARE,123,117,55,115,119,109,68,2,-7,0,24,1,18,0,0,0
2026-07-16T03:58:42.352 RX PID,1640,SQUARE,124,116,57,115,120,107,67,1,-9,0,24,1,25,0,0,0
2026-07-16T03:58:42.353 RX PID,1660,SQUARE,125,115,57,115,120,107,68,0,-11,2,16,1,30,0,0,0
2026-07-16T03:58:42.353 RX PID,1680,SQUARE,126,114,47,115,125,106,79,-1,-13,2,16,1,35,0,0,0
2026-07-16T03:58:42.432 RX PID,1700,SQUARE,127,113,57,115,123,105,70,-2,-16,2,16,1,40,0,0,0
2026-07-16T03:58:42.432 RX PID,1720,SQUARE,128,112,57,115,123,104,71,-3,-18,2,16,1,44,0,0,0
2026-07-16T03:58:42.432 RX PID,1740,SQUARE,129,111,57,115,125,103,72,-4,-20,2,16,1,48,0,0,0
2026-07-16T03:58:42.432 RX PID,1760,SQUARE,135,105,57,115,130,97,78,-10,-21,6,48,1,52,0,0,0
2026-07-16T03:58:42.519 RX PID,1780,SQUARE,141,99,57,115,134,91,84,-16,-23,6,48,1,56,0,0,0
2026-07-16T03:58:42.519 RX PID,1800,SQUARE,147,93,57,72,139,106,90,21,-25,6,48,1,60,0,0,0
2026-07-16T03:58:42.519 RX PID,1820,SQUARE,147,93,47,113,144,86,100,-20,-27,6,48,1,64,0,0,0
2026-07-16T03:58:42.519 RX PID,1840,SQUARE,147,93,57,126,140,80,90,-33,-29,6,48,1,68,0,0,0
2026-07-16T03:58:42.597 RX PID,1860,SQUARE,147,93,57,105,140,90,90,-12,-31,6,48,1,74,0,0,0
2026-07-16T03:58:42.597 RX PID,1880,SQUARE,147,93,57,115,140,85,90,-22,-33,6,48,1,77,0,0,0
2026-07-16T03:58:42.597 RX PID,1900,SQUARE,147,93,57,115,140,85,90,-22,-35,6,48,1,80,0,0,0
2026-07-16T03:58:42.597 RX PID,1920,SQUARE,147,93,57,115,141,85,90,-22,-37,6,48,1,83,0,0,0
2026-07-16T03:58:42.685 RX PID,1940,SQUARE,147,93,68,115,137,84,79,-22,-38,6,48,1,86,0,0,0
2026-07-16T03:58:42.685 RX PID,1960,SQUARE,147,93,58,105,141,89,89,-12,-40,6,48,1,88,0,0,0
2026-07-16T03:58:42.685 RX PID,1980,SQUARE,147,93,58,115,141,84,89,-22,-41,6,48,1,90,0,0,0
2026-07-16T03:58:42.685 RX PID,2000,SQUARE,147,93,101,115,126,84,46,-22,-42,6,48,1,92,0,0,0
2026-07-16T03:58:42.765 RX PID,2020,SQUARE,147,93,49,105,144,89,98,-12,-44,6,48,1,94,0,0,0
2026-07-16T03:58:42.765 RX PID,2040,SQUARE,147,93,57,115,142,84,90,-22,-46,6,48,1,97,0,0,0
2026-07-16T03:58:42.765 RX PID,2060,SQUARE,147,93,57,115,142,84,90,-22,-47,6,48,1,100,0,0,0
2026-07-16T03:58:42.767 RX PID,2080,SQUARE,150,90,57,72,145,103,93,18,-50,11,32,1,104,0,0,0
2026-07-16T03:58:42.850 RX PID,2100,SQUARE,155,85,57,113,149,78,98,-28,-51,11,32,1,107,0,0,0
2026-07-16T03:58:42.851 RX PID,2120,SQUARE,155,85,101,115,133,76,54,-30,-53,11,32,1,109,0,0,0
2026-07-16T03:58:42.851 RX PID,2140,SQUARE,155,85,93,115,137,76,62,-30,-55,11,32,1,111,0,0,0
2026-07-16T03:58:42.851 RX PID,2160,SQUARE,155,85,60,115,149,76,95,-30,-56,11,32,1,114,0,0,0
2026-07-16T03:58:42.933 RX PID,2180,SQUARE,155,85,58,105,149,81,97,-20,-57,11,32,1,116,0,0,0
2026-07-16T03:58:42.934 RX PID,2200,SQUARE,155,85,58,115,149,76,97,-30,-59,23,96,1,117,0,0,0
2026-07-16T03:58:42.934 RX PID,2220,SQUARE,155,85,68,72,146,97,87,13,-60,23,96,1,118,0,0,0
2026-07-16T03:58:42.934 RX PID,2240,SQUARE,155,85,58,113,149,77,97,-28,-62,23,96,1,120,0,0,0
2026-07-16T03:58:42.999 RX PID,2260,SQUARE,155,85,58,115,150,75,97,-30,-62,23,96,1,122,0,0,0
2026-07-16T03:58:42.999 RX PID,2280,SQUARE,155,85,58,72,150,96,97,13,-64,23,96,1,124,0,0,0
2026-07-16T03:58:42.999 RX PID,2300,SQUARE,155,85,101,113,135,76,54,-28,-66,23,96,1,127,0,0,0
2026-07-16T03:58:42.999 TX STOP
2026-07-16T03:58:43.000 TX STOP
2026-07-16T03:58:43.000 TX STOP
2026-07-16T03:58:43.150 RX PID,2320,SQUARE,155,85,60,115,150,75,95,-30,-67,23,96,1,129,0,0,0
2026-07-16T03:58:43.150 RX PID,2340,SQUARE,155,85,58,72,150,96,97,13,-69,23,96,1,130,0,0,0
2026-07-16T03:58:43.150 RX OK STOP
2026-07-16T03:58:43.150 RX OK STOP
2026-07-16T03:58:43.150 TX SET TURNANGLE 900 391020888
2026-07-16T03:58:43.150 RX OK STOP
2026-07-16T03:58:43.284 RX SA,391020888,TURNANGLE,900
2026-07-16T03:58:43.284 TX SET TURNFAST 150 391020889
2026-07-16T03:58:43.417 RX SA,391020889,TURNFAST,150
2026-07-16T03:58:43.417 TX SET TURNSLOW 100 391020890
2026-07-16T03:58:43.547 RX SA,391020890,TURNSLOW,100
2026-07-16T03:58:43.547 TX SET TURNMARGIN 300 391020891
2026-07-16T03:58:43.678 RX SA,391020891,TURNMARGIN,300
2026-07-16T03:58:43.678 TX SET TURNEXIT 100 391020892
2026-07-16T03:58:43.816 RX SA,391020892,TURNEXIT,100
2026-07-16T03:58:43.816 TX SET TURNDIST 98 391020893
2026-07-16T03:58:43.947 RX SA,391020893,TURNDIST,98
2026-07-16T03:58:43.947 TX STOP
2026-07-16T03:58:44.096 RX OK STOP
2026-07-16T03:58:44.096 TX STOP
2026-07-16T03:58:44.230 RX OK STOP
2026-07-16T03:58:44.230 TX SET LINEKP 6750 391020894
2026-07-16T03:58:44.357 RX SA,391020894,LINEKP,6750
2026-07-16T03:58:44.357 TX SET LINEKD 2000 391020895
2026-07-16T03:58:44.487 RX SA,391020895,LINEKD,2000
2026-07-16T03:58:44.487 TX SET TURNDIST 98 391020896
2026-07-16T03:58:44.611 RX SA,391020896,TURNDIST,98
2026-07-16T03:58:44.611 TX SET TURNANGLE 900 391020897
2026-07-16T03:58:44.752 RX SA,391020897,TURNANGLE,900
2026-07-16T03:58:44.752 TX SET TURNFAST 185 391020898
2026-07-16T03:58:44.884 RX SA,391020898,TURNFAST,185
2026-07-16T03:58:44.884 TX SET TURNSLOW 140 391020899
2026-07-16T03:58:45.007 RX SA,391020899,TURNSLOW,140
2026-07-16T03:58:45.007 TX SET TURNMARGIN 180 391020900
2026-07-16T03:58:45.143 RX SA,391020900,TURNMARGIN,180
2026-07-16T03:58:45.143 TX SET TURNEXIT 140 391020901
2026-07-16T03:58:45.270 RX SA,391020901,TURNEXIT,140
2026-07-16T03:58:45.270 TX STOP
2026-07-16T03:58:45.274 TX STOP
