2026-07-17T11:46:59.921 TX HELLO 1830071986
2026-07-17T11:47:00.065 RX HELLO,1830071986,2,STBY,HIGH,ENCODER_MM_X1000,580,SAMPLE_MS,10
2026-07-17T11:47:00.065 TX STOP
2026-07-17T11:47:00.196 RX OK STOP
2026-07-17T11:47:00.196 TX PARAM
2026-07-17T11:47:00.348 RX PARAM,x1000,PROFILE,1,FLASHVER,3,GUARDVER,9,LKP,350,LKI,100,RKP,500,RKI,350,LFF,460,RFF,437,LMIN,32,RMIN,26,SYNC,500,BIAS,80,GSTART,10,LINEKP,3000,LINEKD,800,TURNANGLE,900,TURNFAST,150,TURNSLOW,100,TURNMARGIN,300,TURNEXIT,100,TURNDIST,98
2026-07-17T11:47:00.348 TX STATUS
2026-07-17T11:47:00.483 RX STATUS,34341,IDLE,0,0,0,0,0,0,SAFE,SELECTED_LAPS,1,STBY,HIGH
2026-07-17T11:47:00.483 TX SENSOR
2026-07-17T11:47:00.623 RX SENSOR,OK,24,0,93,0,24
2026-07-17T11:47:00.623 TX SENSOR
2026-07-17T11:47:00.756 RX SENSOR,OK,24,0,93,0,24
2026-07-17T11:47:00.756 TX SENSOR
2026-07-17T11:47:00.898 RX SENSOR,OK,24,0,93,0,24
2026-07-17T11:47:00.898 TX SENSOR
2026-07-17T11:47:01.040 RX SENSOR,OK,24,0,93,0,24
2026-07-17T11:47:01.040 TX SENSOR
2026-07-17T11:47:01.162 RX SENSOR,OK,24,0,93,0,24
2026-07-17T11:47:01.162 TX IMU
2026-07-17T11:47:01.293 RX IMU,OK,-933,2867,43,VER,1,1,0,0
2026-07-17T11:47:01.293 TX STREAM TUNE
2026-07-17T11:47:01.423 RX OK STREAM TUNE
2026-07-17T11:47:01.423 TX SQUARE 120 3 1830071987
2026-07-17T11:47:01.600 RX TEST START,SQUARE,120,3
2026-07-17T11:47:01.600 RX SQ,1830071987,OK
2026-07-17T11:47:01.601 RX LT,20,0,0,0,0,0,24,1,0,0,0,0
2026-07-17T11:47:01.601 RX LT,40,0,0,0,0,0,24,1,0,0,0,0
2026-07-17T11:47:01.601 RX LT,60,0,0,0,0,0,24,1,0,0,0,0
2026-07-17T11:47:01.601 RX LT,80,0,0,0,0,0,24,1,0,0,0,0
2026-07-17T11:47:01.601 RX LT,100,0,0,0,0,0,24,1,0,0,0,0
2026-07-17T11:47:01.601 RX LT,120,0,0,0,0,0,24,1,0,0,0,0
2026-07-17T11:47:01.601 RX LT,140,0,0,0,0,0,24,1,0,0,0,0
2026-07-17T11:47:01.767 RX LT,160,0,0,0,0,0,24,1,0,0,0,0
2026-07-17T11:47:01.767 RX LT,180,42,42,0,0,0,24,1,0,0,0,0
2026-07-17T11:47:01.767 RX LT,200,47,47,43,43,0,24,1,0,0,0,0
2026-07-17T11:47:01.767 RX LT,220,52,52,13,46,0,24,1,0,0,0,0
2026-07-17T11:47:01.767 RX LT,240,56,56,11,46,0,24,1,0,0,0,0
2026-07-17T11:47:01.767 RX LT,260,61,61,0,2,0,24,1,0,0,0,0
2026-07-17T11:47:01.767 RX LT,280,66,66,43,43,0,24,1,0,0,0,0
2026-07-17T11:47:01.933 RX LT,300,71,71,2,2,0,24,1,0,0,0,0
2026-07-17T11:47:01.933 RX LT,320,76,76,0,0,0,24,1,1,0,0,0
2026-07-17T11:47:01.933 RX LT,340,80,80,0,43,0,24,1,2,0,0,0
2026-07-17T11:47:01.933 RX LT,360,85,85,0,2,0,24,1,2,0,0,0
2026-07-17T11:47:01.933 RX LT,380,90,90,0,0,0,24,1,2,0,0,0
2026-07-17T11:47:01.933 RX LT,400,95,95,0,0,0,24,1,3,0,0,0
2026-07-17T11:47:01.933 RX LT,420,100,100,0,0,0,24,1,3,0,0,0
2026-07-17T11:47:01.933 RX LT,440,104,104,0,0,0,24,1,3,0,0,0
2026-07-17T11:47:02.081 RX LT,460,109,109,0,0,0,24,1,3,0,0,0
2026-07-17T11:47:02.081 RX LT,480,114,114,0,0,0,24,1,3,0,0,0
2026-07-17T11:47:02.081 RX LT,500,119,119,10,0,0,24,1,4,0,0,0
2026-07-17T11:47:02.081 RX LT,520,120,120,0,43,0,24,1,4,0,0,0
2026-07-17T11:47:02.081 RX LT,540,120,120,0,2,0,24,1,5,0,0,0
2026-07-17T11:47:02.081 RX LT,560,120,120,10,0,0,24,1,5,0,0,0
2026-07-17T11:47:02.081 RX LT,580,120,120,0,10,0,24,1,4,0,0,0
2026-07-17T11:47:02.226 RX LT,600,120,120,10,44,0,24,1,4,0,0,0
2026-07-17T11:47:02.226 RX LT,620,120,120,44,2,0,24,1,4,0,0,0
2026-07-17T11:47:02.226 RX LT,640,120,120,46,11,0,24,1,4,0,0,0
2026-07-17T11:47:02.226 RX LT,660,120,120,2,0,0,24,1,4,0,0,0
2026-07-17T11:47:02.226 RX LT,680,120,120,11,10,0,24,1,3,0,0,0
2026-07-17T11:47:02.229 RX LT,700,120,120,11,44,0,24,1,3,0,0,0
2026-07-17T11:47:02.229 RX LT,720,120,120,44,2,0,24,1,3,0,0,0
2026-07-17T11:47:02.376 RX LT,740,120,120,46,11,0,24,1,2,0,0,0
2026-07-17T11:47:02.376 RX LT,760,120,120,2,44,0,24,1,2,0,0,0
2026-07-17T11:47:02.376 RX LT,780,120,120,43,2,0,24,1,2,0,0,0
2026-07-17T11:47:02.376 RX LT,800,120,120,46,11,0,24,1,2,0,0,0
2026-07-17T11:47:02.377 RX LT,820,120,120,2,11,0,24,1,3,0,0,0
2026-07-17T11:47:02.377 RX LT,840,120,120,43,44,0,24,1,3,0,0,0
2026-07-17T11:47:02.377 RX LT,860,120,120,2,57,0,24,1,5,0,0,0
2026-07-17T11:47:02.524 RX LT,880,120,120,11,47,0,24,1,7,0,0,0
2026-07-17T11:47:02.524 RX LT,900,120,120,44,57,0,24,1,10,0,0,0
2026-07-17T11:47:02.524 RX LT,920,120,120,46,57,0,24,1,13,0,0,0
2026-07-17T11:47:02.524 RX LT,940,120,120,2,101,0,24,1,16,0,0,0
2026-07-17T11:47:02.524 RX LT,960,120,120,11,60,0,24,1,19,0,0,0
2026-07-17T11:47:02.524 RX LT,980,120,120,11,101,0,24,1,23,0,0,0
2026-07-17T11:47:02.524 RX LT,1000,120,120,11,104,0,24,1,27,0,0,0
2026-07-17T11:47:02.647 RX LT,1020,120,120,11,104,0,24,1,31,0,0,0
2026-07-17T11:47:02.647 RX LT,1040,120,120,11,104,0,24,1,36,0,0,0
2026-07-17T11:47:02.647 RX LT,1060,120,120,55,71,2,16,1,40,0,0,0
2026-07-17T11:47:02.647 RX LT,1080,120,120,14,113,2,16,1,47,0,0,0
2026-07-17T11:47:02.647 RX LT,1100,120,120,11,115,2,16,1,51,0,0,0
2026-07-17T11:47:02.647 RX LT,1120,120,120,55,105,2,16,1,56,0,0,0
2026-07-17T11:47:02.774 RX LT,1140,120,120,57,115,2,16,1,60,0,0,0
2026-07-17T11:47:02.774 RX LT,1160,120,120,47,115,2,16,1,64,0,0,0
2026-07-17T11:47:02.775 RX LT,1180,120,120,57,105,2,16,1,68,0,0,0
2026-07-17T11:47:02.775 RX LT,1200,120,104,57,115,6,48,1,70,0,0,0
2026-07-17T11:47:02.775 RX LT,1220,130,94,57,115,6,48,1,74,0,0,0
2026-07-17T11:47:02.775 RX LT,1240,130,94,57,115,6,48,1,78,0,0,0
2026-07-17T11:47:02.920 RX LT,1260,130,94,57,115,6,48,1,82,0,0,0
2026-07-17T11:47:02.920 RX LT,1280,130,94,57,115,6,48,1,86,0,0,0
2026-07-17T11:47:02.920 RX LT,1300,130,94,57,115,6,48,1,91,0,0,0
2026-07-17T11:47:02.920 RX LT,1320,130,94,57,72,6,48,1,94,0,0,0
2026-07-17T11:47:02.921 RX LT,1340,130,94,57,113,6,48,1,97,0,0,0
2026-07-17T11:47:02.921 RX LT,1360,130,94,57,115,6,48,1,99,0,0,0
2026-07-17T11:47:02.921 RX LT,1380,130,94,57,72,6,48,1,100,0,0,0
2026-07-17T11:47:03.050 RX LT,1400,130,94,101,113,6,48,1,102,0,0,0
2026-07-17T11:47:03.050 RX LT,1420,130,94,60,104,6,48,1,104,0,0,0
2026-07-17T11:47:03.050 RX LT,1440,130,94,58,115,6,48,1,106,0,0,0
2026-07-17T11:47:03.050 RX LT,1460,130,94,101,105,6,48,1,108,0,0,0
2026-07-17T11:47:03.050 RX LT,1480,130,94,60,71,6,48,1,109,0,0,0
2026-07-17T11:47:03.050 RX LT,1500,130,94,58,113,6,48,1,111,0,0,0
2026-07-17T11:47:03.194 RX LT,1520,130,94,101,72,6,48,1,112,0,0,0
2026-07-17T11:47:03.194 RX LT,1540,131,69,60,113,11,32,1,114,0,0,0
2026-07-17T11:47:03.194 RX LT,1560,131,69,101,104,11,32,1,115,0,0,0
2026-07-17T11:47:03.194 RX LT,1580,131,69,60,104,11,32,1,116,0,0,0
2026-07-17T11:47:03.194 RX LT,1600,131,69,101,71,11,32,1,116,0,0,0
2026-07-17T11:47:03.194 RX LT,1620,131,69,60,69,11,32,1,116,0,0,0
2026-07-17T11:47:03.194 RX LT,1640,131,69,101,102,11,32,1,116,0,0,0
2026-07-17T11:47:03.315 RX LT,1660,140,60,60,60,23,96,1,116,0,0,0
2026-07-17T11:47:03.315 RX LT,1680,140,60,101,101,23,96,1,115,0,0,0
2026-07-17T11:47:03.315 RX LT,1700,140,60,60,60,23,96,1,114,0,0,0
2026-07-17T11:47:03.315 RX LT,1720,140,60,58,101,23,96,1,113,0,0,0
2026-07-17T11:47:03.315 RX LT,1740,140,60,58,60,23,96,1,112,0,0,0
2026-07-17T11:47:03.315 RX LT,1760,140,60,68,101,23,96,1,112,0,0,0
2026-07-17T11:47:03.444 RX LT,1780,140,60,58,60,23,96,1,112,0,0,0
2026-07-17T11:47:03.444 RX LT,1800,140,60,58,58,23,96,1,111,0,0,0
2026-07-17T11:47:03.444 RX LT,1820,140,60,58,68,23,96,1,111,0,0,0
2026-07-17T11:47:03.444 RX LT,1840,140,60,101,58,23,96,1,110,0,0,0
2026-07-17T11:47:03.444 RX LT,1860,140,60,60,101,23,96,1,109,0,0,0
2026-07-17T11:47:03.444 RX LT,1880,140,60,69,60,23,96,1,108,0,0,0
2026-07-17T11:47:03.592 RX LT,1900,140,60,102,58,23,96,1,106,0,0,0
2026-07-17T11:47:03.592 RX LT,1920,140,60,60,68,23,96,1,105,0,0,0
2026-07-17T11:47:03.592 RX LT,1940,140,60,101,102,23,96,1,104,0,0,0
2026-07-17T11:47:03.592 RX LT,1960,140,60,60,60,23,96,1,103,0,0,0
2026-07-17T11:47:03.592 RX LT,1980,140,60,101,101,36,64,1,103,0,0,0
2026-07-17T11:47:03.592 RX LT,2000,140,60,60,60,36,64,1,102,0,0,0
2026-07-17T11:47:03.592 RX LT,2020,140,60,58,69,36,64,1,101,0,0,0
2026-07-17T11:47:03.714 RX LT,2040,140,60,68,102,36,64,1,101,0,0,0
2026-07-17T11:47:03.714 RX LT,2060,140,60,102,60,36,64,1,99,0,0,0
2026-07-17T11:47:03.714 RX LT,2080,140,60,60,58,36,64,1,98,0,0,0
2026-07-17T11:47:03.714 RX LT,2100,140,60,101,68,36,64,1,97,0,0,0
2026-07-17T11:47:03.714 RX LT,2120,140,60,60,58,36,64,1,96,0,0,0
2026-07-17T11:47:03.714 RX LT,2140,140,60,58,68,36,64,1,95,0,0,0
2026-07-17T11:47:03.845 RX LT,2160,140,60,68,58,36,64,1,95,0,0,0
2026-07-17T11:47:03.845 RX LT,2180,140,60,58,68,36,64,1,94,0,0,0
2026-07-17T11:47:03.845 RX LT,2200,140,60,68,102,36,64,1,93,0,0,0
2026-07-17T11:47:03.845 RX LT,2220,140,60,58,104,36,64,1,93,0,0,0
2026-07-17T11:47:03.845 RX LT,2240,140,60,68,60,36,64,1,92,0,0,0
2026-07-17T11:47:03.845 RX LT,2260,140,60,113,69,36,64,1,91,0,0,0
2026-07-17T11:47:03.845 RX LT,2280,140,60,115,69,36,64,1,90,0,0,0
2026-07-17T11:47:03.989 RX LT,2300,140,60,105,69,36,64,1,88,0,0,0
2026-07-17T11:47:03.989 RX LT,2320,140,60,104,69,36,64,1,86,0,0,0
2026-07-17T11:47:03.989 RX LT,2340,140,60,115,102,36,64,1,84,0,0,0
2026-07-17T11:47:03.989 RX LT,2360,140,60,72,104,36,64,1,82,0,0,0
2026-07-17T11:47:03.989 RX LT,2380,140,60,69,104,36,64,1,79,0,0,0
2026-07-17T11:47:03.989 RX LT,2400,140,60,113,104,36,64,1,76,0,0,0
2026-07-17T11:47:04.115 RX LT,2420,140,60,104,60,36,64,1,73,0,0,0
2026-07-17T11:47:04.115 RX LT,2440,140,60,104,69,36,64,1,71,0,0,0
2026-07-17T11:47:04.115 RX LT,2460,140,60,104,58,36,64,1,69,0,0,0
2026-07-17T11:47:04.115 RX LT,2480,140,60,104,68,36,64,1,67,0,0,0
2026-07-17T11:47:04.115 RX LT,2500,140,60,104,102,36,64,1,66,0,0,0
2026-07-17T11:47:04.115 RX LT,2520,140,60,71,60,36,64,1,64,0,0,0
2026-07-17T11:47:04.259 RX LT,2540,140,60,69,101,36,64,1,62,0,0,0
2026-07-17T11:47:04.259 RX LT,2560,140,60,69,60,36,64,1,60,0,0,0
2026-07-17T11:47:04.259 RX LT,2580,140,100,69,58,0,0,0,57,0,0,0
2026-07-17T11:47:04.259 RX LT,2600,140,100,69,68,0,0,0,55,0,0,0
2026-07-17T11:47:04.259 RX LT,2620,140,100,113,69,0,0,0,53,0,0,0
2026-07-17T11:47:04.259 RX LT,2640,140,100,104,102,0,0,0,51,0,0,0
2026-07-17T11:47:04.259 RX LT,2660,120,80,71,60,0,0,0,49,0,0,0
2026-07-17T11:47:04.405 RX LT,2680,120,80,113,69,0,0,0,47,0,0,0
2026-07-17T11:47:04.405 RX LT,2700,120,80,104,102,0,0,0,45,0,0,0
2026-07-17T11:47:04.405 RX LT,2720,120,80,104,60,0,0,0,43,0,0,0
2026-07-17T11:47:04.405 RX LT,2740,120,80,71,69,0,0,0,41,0,0,0
2026-07-17T11:47:04.405 RX LT,2760,120,80,113,102,0,0,0,40,0,0,0
2026-07-17T11:47:04.405 RX LT,2780,120,80,104,104,0,0,0,38,0,0,0
2026-07-17T11:47:04.405 RX LT,2800,120,80,104,60,0,0,0,37,0,0,0
2026-07-17T11:47:04.611 RX LT,2820,120,80,71,69,0,0,0,35,0,0,0
2026-07-17T11:47:04.611 RX LT,2840,120,80,113,102,0,0,0,33,0,0,0
2026-07-17T11:47:04.611 RX LT,2860,120,80,72,104,0,0,0,31,0,0,0
2026-07-17T11:47:04.611 RX LT,2880,120,80,69,60,0,0,0,30,0,0,0
2026-07-17T11:47:04.611 RX LT,2900,120,80,113,69,0,0,0,28,0,0,0
2026-07-17T11:47:04.611 RX SQUARE ERROR,LINE LOST
2026-07-17T11:47:04.611 TX STOP
2026-07-17T11:47:04.611 TX STOP
2026-07-17T11:47:04.747 RX OK STOP
2026-07-17T11:47:04.747 RX OK STOP
2026-07-17T11:47:04.747 TX PROFILE GIMBAL
2026-07-17T11:47:04.805 RX OK PROFILE GIMBAL FLASH 3
2026-07-17T11:47:04.805 TX PARAM
2026-07-17T11:47:04.974 RX PARAM,x1000,PROFILE,1,FLASHVER,3,GUARDVER,9,LKP,350,LKI,100,RKP,500,RKI,350,LFF,460,RFF,437,LMIN,32,RMIN,26,SYNC,1000,BIAS,50,GSTART,10,LINEKP,6750,LINEKD,2000,TURNANGLE,900,TURNFAST,185,TURNSLOW,140,TURNMARGIN,180,TURNEXIT,140,TURNDIST,98
2026-07-17T11:47:04.974 RX PARAM,x1000,PROFILE,1,FLASHVER,3,GUARDVER,9,LKP,350,LKI,100,RKP,500,RKI,350,LFF,460,RFF,437,LMIN,32,RMIN,26,SYNC,1000,BIAS,50,GSTART,10,LINEKP,6750,LINEKD,2000,TURNANGLE,900,TURNFAST,185,TURNSLOW,140,TURNMARGIN,180,TURNEXIT,140,TURNDIST,98
2026-07-17T11:47:04.974 TX SET TURNSLOW 80 1830071988
2026-07-17T11:47:05.116 RX SA,1830071988,TURNSLOW,80
2026-07-17T11:47:05.116 TX SET LKP 350 1830071989
2026-07-17T11:47:05.257 RX SA,1830071989,LKP,350
2026-07-17T11:47:05.259 TX SET LKI 100 1830071990
2026-07-17T11:47:05.392 RX SA,1830071990,LKI,100
2026-07-17T11:47:05.392 TX SET LFF 460 1830071991
2026-07-17T11:47:05.532 RX SA,1830071991,LFF,460
2026-07-17T11:47:05.532 TX SET LMIN 32 1830071992
2026-07-17T11:47:05.665 RX SA,1830071992,LMIN,32
2026-07-17T11:47:05.665 TX SET RKP 500 1830071993
2026-07-17T11:47:05.802 RX SA,1830071993,RKP,500
2026-07-17T11:47:05.802 TX SET RKI 350 1830071994
2026-07-17T11:47:05.932 RX SA,1830071994,RKI,350
2026-07-17T11:47:05.932 TX SET RFF 437 1830071995
2026-07-17T11:47:06.065 RX SA,1830071995,RFF,437
2026-07-17T11:47:06.065 TX SET RMIN 26 1830071996
2026-07-17T11:47:06.205 RX SA,1830071996,RMIN,26
2026-07-17T11:47:06.205 TX SET SYNC 1000 1830071997
2026-07-17T11:47:06.341 RX SA,1830071997,SYNC,1000
2026-07-17T11:47:06.341 TX SET BIAS 50 1830071998
2026-07-17T11:47:06.477 RX SA,1830071998,BIAS,50
2026-07-17T11:47:06.477 TX SET LINEKP 6750 1830071999
2026-07-17T11:47:06.611 RX SA,1830071999,LINEKP,6750
2026-07-17T11:47:06.611 TX SET LINEKD 2000 1830072000
2026-07-17T11:47:06.745 RX SA,1830072000,LINEKD,2000
2026-07-17T11:47:06.745 TX SET TURNANGLE 900 1830072001
2026-07-17T11:47:06.877 RX SA,1830072001,TURNANGLE,900
2026-07-17T11:47:06.877 TX SET TURNFAST 185 1830072002
2026-07-17T11:47:07.006 RX SA,1830072002,TURNFAST,185
2026-07-17T11:47:07.007 TX SET TURNMARGIN 180 1830072003
2026-07-17T11:47:07.148 RX SA,1830072003,TURNMARGIN,180
2026-07-17T11:47:07.148 TX SET TURNEXIT 140 1830072004
2026-07-17T11:47:07.283 RX SA,1830072004,TURNEXIT,140
2026-07-17T11:47:07.283 TX SET TURNDIST 98 1830072005
2026-07-17T11:47:07.416 RX SA,1830072005,TURNDIST,98
2026-07-17T11:47:07.416 TX SET GSTART 0 1830072006
2026-07-17T11:47:07.550 RX SA,1830072006,GSTART,0
2026-07-17T11:47:07.550 TX SET TURNSLOW 140 1830072007
2026-07-17T11:47:07.683 RX SA,1830072007,TURNSLOW,140
2026-07-17T11:47:07.685 TX STOP
