2026-07-16T05:37:34.796 TX HELLO 17770641
2026-07-16T05:37:34.936 RX HELLO,17770641,2,STBY,HIGH,ENCODER_MM_X1000,580,SAMPLE_MS,10
2026-07-16T05:37:34.936 TX STOP
2026-07-16T05:37:35.068 RX OK STOP
2026-07-16T05:37:35.068 TX PARAM
2026-07-16T05:37:35.221 RX PARAM,x1000,PROFILE,1,FLASHVER,3,GUARDVER,5,LKP,350,LKI,100,RKP,500,RKI,350,LFF,460,RFF,437,LMIN,32,RMIN,26,SYNC,500,BIAS,80,GSTART,10,LINEKP,3000,LINEKD,800,TURNANGLE,900,TURNFAST,150,TURNSLOW,100,TURNMARGIN,300,TURNEXIT,100,TURNDIST,98
2026-07-16T05:37:35.221 TX SENSOR
2026-07-16T05:37:35.346 RX SENSOR,OK,24,0,93,0,24
2026-07-16T05:37:35.346 TX IMU
2026-07-16T05:37:35.474 RX IMU,OK,-949,18636,292,VER,1,1,0,0
2026-07-16T05:37:35.474 TX SET TURNSLOW 80 17770642
2026-07-16T05:37:35.631 RX SA,17770642,TURNSLOW,80
2026-07-16T05:37:35.631 TX SET TURNFAST 150 17770643
2026-07-16T05:37:35.772 RX SA,17770643,TURNFAST,150
2026-07-16T05:37:35.772 TX SET TURNSLOW 100 17770644
2026-07-16T05:37:35.900 RX SA,17770644,TURNSLOW,100
2026-07-16T05:37:35.900 TX SET TURNANGLE 900 17770645
2026-07-16T05:37:36.031 RX SA,17770645,TURNANGLE,900
2026-07-16T05:37:36.031 TX SET TURNMARGIN 300 17770646
2026-07-16T05:37:36.165 RX SA,17770646,TURNMARGIN,300
2026-07-16T05:37:36.165 TX SET TURNEXIT 100 17770647
2026-07-16T05:37:36.298 RX SA,17770647,TURNEXIT,100
2026-07-16T05:37:36.298 TX SET TURNDIST 98 17770648
2026-07-16T05:37:36.429 RX SA,17770648,TURNDIST,98
2026-07-16T05:37:36.429 TX SQUARE 120 1 17770649
2026-07-16T05:37:36.487 RX TEST START,SQUARE,120,1
2026-07-16T05:37:36.487 RX CSV,time_ms,mode,left_target,right_target,left_mmps,right_mmps,left_pwm,right_pwm,left_error,right_error,count_diff,line_error,line_mask,line_valid,yaw_x10,corner_count,square_state,turn_travel_mm
2026-07-16T05:37:36.487 RX SQ,17770649,OK
2026-07-16T05:37:36.582 RX PID,20,SQUARE,0,0,0,0,0,0,0,0,0,0,24,1,0,0,0,0
2026-07-16T05:37:36.582 RX PID,40,SQUARE,0,0,0,0,0,0,0,0,0,0,24,1,0,0,0,0
2026-07-16T05:37:36.582 RX PID,60,SQUARE,0,0,0,0,0,0,0,0,0,0,24,1,0,0,0,0
2026-07-16T05:37:36.582 RX PID,80,SQUARE,0,0,0,0,0,0,0,0,0,0,24,1,0,0,0,0
2026-07-16T05:37:36.582 RX PID,100,SQUARE,0,0,0,0,0,0,0,0,0,0,24,1,0,0,0,0
2026-07-16T05:37:36.683 RX PID,120,SQUARE,0,0,0,0,0,0,0,0,0,0,24,1,0,0,0,0
2026-07-16T05:37:36.683 RX PID,140,SQUARE,0,0,0,0,0,0,0,0,0,0,24,1,0,0,0,0
2026-07-16T05:37:36.683 RX PID,160,SQUARE,0,0,0,0,0,0,0,0,0,0,24,1,0,0,0,0
2026-07-16T05:37:36.683 RX PID,180,SQUARE,0,0,0,0,0,0,0,0,0,0,24,1,0,0,0,0
2026-07-16T05:37:36.683 RX PID,200,SQUARE,0,0,0,0,0,0,0,0,0,0,24,1,0,0,0,0
2026-07-16T05:37:36.812 RX PID,220,SQUARE,0,0,0,0,0,0,0,0,0,0,24,1,0,0,0,0
2026-07-16T05:37:36.812 RX PID,240,SQUARE,0,0,0,0,0,0,0,0,0,0,24,1,0,0,0,0
2026-07-16T05:37:36.812 RX PID,260,SQUARE,0,0,0,0,0,0,0,0,0,0,24,1,0,0,0,0
2026-07-16T05:37:36.812 RX PID,280,SQUARE,0,0,0,0,0,0,0,0,0,0,24,1,0,0,0,0
2026-07-16T05:37:36.812 RX PID,300,SQUARE,0,0,0,0,0,0,0,0,0,0,24,1,0,0,0,0
2026-07-16T05:37:36.812 RX PID,320,SQUARE,0,0,0,0,0,0,0,0,0,0,24,1,0,0,0,0
2026-07-16T05:37:36.899 RX PID,340,SQUARE,50,30,0,0,80,54,50,30,0,0,24,1,0,0,0,0
2026-07-16T05:37:36.899 RX PID,360,SQUARE,53,33,43,0,80,56,10,33,1,0,24,1,0,0,0,0
2026-07-16T05:37:36.899 RX PID,380,SQUARE,55,35,46,54,80,50,9,-19,1,0,24,1,0,0,0,0
2026-07-16T05:37:36.899 RX PID,400,SQUARE,57,37,57,3,58,59,0,34,2,0,24,1,0,0,0,0
2026-07-16T05:37:37.011 RX PID,420,SQUARE,58,42,47,11,61,59,11,31,2,0,24,1,-1,0,0,0
2026-07-16T05:37:37.011 RX PID,440,SQUARE,60,44,2,0,79,67,58,44,2,0,24,1,-2,0,0,0
2026-07-16T05:37:37.011 RX PID,460,SQUARE,63,47,11,10,78,64,52,37,3,0,24,1,-3,0,0,0
2026-07-16T05:37:37.011 RX PID,480,SQUARE,65,49,11,11,79,67,54,38,2,0,24,1,-4,0,0,0
2026-07-16T05:37:37.011 RX PID,500,SQUARE,67,51,11,11,81,69,56,40,2,0,24,1,-4,0,0,0
2026-07-16T05:37:37.086 RX PID,520,SQUARE,66,58,44,11,69,75,22,47,2,0,24,1,-3,0,0,0
2026-07-16T05:37:37.086 RX PID,540,SQUARE,67,61,2,55,84,56,65,6,0,0,24,1,-2,0,0,0
2026-07-16T05:37:37.086 RX PID,560,SQUARE,70,64,0,46,88,63,70,18,-2,0,24,1,0,0,0,0
2026-07-16T05:37:37.086 RX PID,580,SQUARE,72,66,10,57,86,59,62,9,-3,0,24,1,3,0,0,0
2026-07-16T05:37:37.170 RX PID,600,SQUARE,74,68,0,25,92,77,74,43,-5,0,24,1,6,0,0,0
2026-07-16T05:37:37.170 RX PID,620,SQUARE,81,67,10,99,94,40,71,-32,-6,0,24,1,10,0,0,0
2026-07-16T05:37:37.170 RX PID,640,SQUARE,87,65,44,17,88,79,43,48,-6,0,24,1,13,0,0,0
2026-07-16T05:37:37.170 RX PID,660,SQUARE,94,64,2,55,108,59,92,9,-8,0,24,1,16,0,0,0
2026-07-16T05:37:37.276 RX PID,680,SQUARE,100,62,11,14,110,79,89,48,-9,0,24,1,19,0,0,0
2026-07-16T05:37:37.276 RX PID,700,SQUARE,106,60,44,55,102,56,62,5,-9,0,24,1,21,0,0,0
2026-07-16T05:37:37.276 RX PID,720,SQUARE,111,61,46,14,106,77,65,47,-10,0,24,1,22,0,0,0
2026-07-16T05:37:37.276 RX PID,740,SQUARE,113,63,2,55,123,59,111,8,-11,0,24,1,24,0,0,0
2026-07-16T05:37:37.276 RX PID,760,SQUARE,116,66,11,46,123,66,105,20,-11,0,24,1,25,0,0,0
2026-07-16T05:37:37.350 RX PID,780,SQUARE,118,68,44,13,113,85,74,55,-12,0,24,1,26,0,0,0
2026-07-16T05:37:37.350 RX PID,800,SQUARE,120,70,46,55,114,66,74,15,-12,0,24,1,27,0,0,0
2026-07-16T05:37:37.360 RX PID,820,SQUARE,123,73,2,14,132,89,121,59,-13,0,24,1,29,0,0,0
2026-07-16T05:37:37.360 RX PID,840,SQUARE,125,75,11,55,131,71,114,20,-14,0,24,1,30,0,0,0
2026-07-16T05:37:37.440 RX PID,860,SQUARE,128,78,11,57,133,73,117,21,-15,0,24,1,32,0,0,0
2026-07-16T05:37:37.440 RX PID,880,SQUARE,130,80,0,47,139,80,130,33,-15,0,24,1,33,0,0,0
2026-07-16T05:37:37.440 RX PID,900,SQUARE,132,82,10,57,137,77,122,25,-17,0,24,1,36,0,0,0
2026-07-16T05:37:37.440 RX PID,920,SQUARE,135,85,11,57,141,81,124,28,-18,2,16,1,38,0,0,0
2026-07-16T05:37:37.525 RX PID,940,SQUARE,137,87,11,57,143,83,126,30,-19,2,16,1,40,0,0,0
2026-07-16T05:37:37.525 RX PID,960,SQUARE,140,90,11,57,145,85,129,33,-20,2,16,1,41,0,0,0
2026-07-16T05:37:37.525 RX PID,980,SQUARE,142,92,11,57,146,88,131,35,-21,2,16,1,43,0,0,0
2026-07-16T05:37:37.525 RX PID,1000,SQUARE,144,94,11,57,148,90,133,37,-22,2,16,1,45,0,0,0
2026-07-16T05:37:37.609 RX PID,1020,SQUARE,145,95,11,57,149,91,134,38,-23,2,16,1,46,0,0,0
2026-07-16T05:37:37.609 RX PID,1040,SQUARE,145,95,55,57,134,91,90,38,-23,2,16,1,48,0,0,0
2026-07-16T05:37:37.609 RX PID,1060,SQUARE,145,95,46,101,137,70,99,-6,-25,2,16,1,49,0,0,0
2026-07-16T05:37:37.609 RX PID,1080,SQUARE,105,55,46,60,105,53,59,-5,-26,2,16,1,51,0,0,0
2026-07-16T05:37:37.687 RX PID,1100,SQUARE,111,49,13,58,122,48,98,-9,-27,6,48,1,53,0,0,0
2026-07-16T05:37:37.687 RX PID,1120,SQUARE,117,43,11,58,128,42,106,-15,-28,6,48,1,56,0,0,0
2026-07-16T05:37:37.687 RX PID,1140,SQUARE,123,37,55,58,117,37,68,-21,-28,6,48,1,57,0,0,0
2026-07-16T05:37:37.687 RX PID,1160,SQUARE,123,37,46,47,120,42,77,-10,-28,6,48,1,58,0,0,0
2026-07-16T05:37:37.775 RX PID,1180,SQUARE,123,37,46,57,120,37,77,-20,-29,6,48,1,60,0,0,0
2026-07-16T05:37:37.775 RX PID,1200,SQUARE,123,37,46,14,120,58,77,23,-29,6,48,1,60,0,0,0
2026-07-16T05:37:37.775 RX PID,1220,SQUARE,123,37,46,55,120,38,77,-18,-30,6,48,1,61,0,0,0
2026-07-16T05:37:37.775 RX PID,1240,SQUARE,123,37,46,14,121,58,77,23,-30,6,48,1,61,0,0,0
2026-07-16T05:37:37.862 RX PID,1260,SQUARE,123,37,2,11,137,60,121,26,-31,6,48,1,61,0,0,0
2026-07-16T05:37:37.862 RX PID,1280,SQUARE,123,37,11,11,134,60,112,26,-31,6,48,1,61,0,0,0
2026-07-16T05:37:37.862 RX PID,1300,SQUARE,123,37,11,11,134,60,112,26,-31,6,48,1,61,0,0,0
2026-07-16T05:37:37.862 RX PID,1320,SQUARE,123,37,44,11,122,60,79,26,-31,6,48,1,61,0,0,0
2026-07-16T05:37:37.946 RX PID,1340,SQUARE,123,37,46,11,122,60,77,26,-31,6,48,1,60,0,0,0
2026-07-16T05:37:37.947 RX PID,1360,SQUARE,123,37,2,44,138,44,121,-7,-31,6,48,1,59,0,0,0
2026-07-16T05:37:37.947 RX PID,1380,SQUARE,123,37,11,2,135,65,112,35,-30,6,48,1,58,0,0,0
2026-07-16T05:37:37.947 RX PID,1400,SQUARE,123,37,11,11,135,61,112,26,-31,6,48,1,57,0,0,0
2026-07-16T05:37:38.020 RX PID,1420,SQUARE,119,41,11,44,131,48,108,-3,-31,6,48,1,57,0,0,0
2026-07-16T05:37:38.020 RX PID,1440,SQUARE,119,41,11,46,132,47,108,-5,-31,6,48,1,56,0,0,0
2026-07-16T05:37:38.020 RX PID,1460,SQUARE,119,41,44,46,121,47,75,-5,-31,6,48,1,55,0,0,0
2026-07-16T05:37:38.020 RX PID,1480,SQUARE,119,41,46,2,120,68,73,39,-30,6,48,1,55,0,0,0
2026-07-16T05:37:38.114 RX PID,1500,SQUARE,119,41,46,11,120,64,73,30,-30,6,48,1,54,0,0,0
2026-07-16T05:37:38.114 RX PID,1520,SQUARE,117,43,46,11,118,66,71,32,-30,6,48,1,53,0,0,0
2026-07-16T05:37:38.114 RX PID,1540,SQUARE,117,43,46,11,119,67,71,32,-30,6,48,1,52,0,0,0
2026-07-16T05:37:38.114 RX PID,1560,SQUARE,117,43,46,11,119,67,71,32,-30,6,48,1,51,0,0,0
2026-07-16T05:37:38.192 RX PID,1580,SQUARE,117,43,46,11,119,67,71,32,-30,6,48,1,50,0,0,0
2026-07-16T05:37:38.192 RX PID,1600,SQUARE,117,43,13,11,131,67,104,32,-30,6,48,1,49,0,0,0
2026-07-16T05:37:38.192 RX PID,1620,SQUARE,116,44,11,55,131,47,105,-11,-31,6,48,1,48,0,0,0
2026-07-16T05:37:38.192 RX PID,1640,SQUARE,116,44,55,46,116,51,61,-2,-30,6,48,1,47,0,0,0
2026-07-16T05:37:38.280 RX PID,1660,SQUARE,116,44,46,13,120,67,70,31,-30,6,48,1,47,0,0,0
2026-07-16T05:37:38.280 RX PID,1680,SQUARE,116,44,46,11,120,68,70,33,-30,6,48,1,46,0,0,0
2026-07-16T05:37:38.280 RX PID,1700,SQUARE,116,44,46,55,120,47,70,-11,-31,6,48,1,46,0,0,0
2026-07-16T05:37:38.280 RX PID,1720,SQUARE,117,43,46,46,120,50,71,-3,-31,6,48,1,46,0,0,0
2026-07-16T05:37:38.366 RX PID,1740,SQUARE,117,43,46,13,120,66,71,30,-31,6,48,1,46,0,0,0
2026-07-16T05:37:38.366 RX PID,1760,SQUARE,117,43,2,11,136,67,115,32,-32,6,48,1,46,0,0,0
2026-07-16T05:37:38.366 RX PID,1780,SQUARE,117,43,11,11,134,67,106,32,-32,6,48,1,46,0,0,0
2026-07-16T05:37:38.366 RX PID,1800,SQUARE,117,43,11,11,134,67,106,32,-32,6,48,1,46,0,0,0
2026-07-16T05:37:38.451 RX PID,1820,SQUARE,121,39,44,11,125,65,77,28,-32,6,48,1,46,0,0,0
2026-07-16T05:37:38.451 RX PID,1840,SQUARE,123,37,46,11,126,63,77,26,-32,6,48,1,45,0,0,0
2026-07-16T05:37:38.451 RX PID,1860,SQUARE,123,37,46,11,126,63,77,26,-32,6,48,1,45,0,0,0
2026-07-16T05:37:38.451 RX PID,1880,SQUARE,123,37,46,44,127,47,77,-7,-32,6,48,1,44,0,0,0
2026-07-16T05:37:38.529 RX PID,1900,SQUARE,123,37,46,46,127,46,77,-9,-32,6,48,1,43,0,0,0
2026-07-16T05:37:38.529 RX PID,1920,SQUARE,119,41,46,2,124,70,73,39,-31,6,48,1,42,0,0,0
2026-07-16T05:37:38.529 RX PID,1940,SQUARE,115,45,46,11,121,70,69,34,-31,6,48,1,40,0,0,0
2026-07-16T05:37:38.529 RX PID,1960,SQUARE,114,46,13,11,132,71,101,35,-31,6,48,1,39,0,0,0
2026-07-16T05:37:38.618 RX PID,1980,SQUARE,114,46,55,11,117,71,59,35,-30,6,48,1,38,0,0,0
2026-07-16T05:37:38.618 RX PID,2000,SQUARE,114,46,46,11,121,72,68,35,-30,6,48,1,37,0,0,0
2026-07-16T05:37:38.618 RX PID,2020,SQUARE,110,50,13,55,129,54,97,-5,-31,6,48,1,35,0,0,0
2026-07-16T05:37:38.618 RX PID,2040,SQUARE,108,52,55,46,113,60,53,6,-30,6,48,1,34,0,0,0
2026-07-16T05:37:38.701 RX PID,2060,SQUARE,108,52,46,46,116,60,62,6,-30,6,48,1,33,0,0,0
2026-07-16T05:37:38.701 RX PID,2080,SQUARE,108,52,57,13,112,76,51,39,-29,6,48,1,32,0,0,0
2026-07-16T05:37:38.701 RX PID,2100,SQUARE,108,52,47,55,116,56,61,-3,-30,6,48,1,31,0,0,0
2026-07-16T05:37:38.701 RX PID,2120,SQUARE,108,52,13,14,128,76,95,38,-31,6,48,1,31,0,0,0
2026-07-16T05:37:38.793 RX PID,2140,SQUARE,108,52,55,55,114,56,53,-3,-30,6,48,1,31,0,0,0
2026-07-16T05:37:38.793 RX PID,2160,SQUARE,108,52,46,14,117,76,62,38,-30,6,48,1,31,0,0,0
2026-07-16T05:37:38.793 RX PID,2180,SQUARE,108,52,46,55,117,56,62,-3,-31,6,48,1,31,0,0,0
2026-07-16T05:37:38.793 RX PID,2200,SQUARE,108,52,57,46,113,60,51,6,-30,6,48,1,30,0,0,0
2026-07-16T05:37:38.793 RX PID,2220,SQUARE,112,48,47,46,120,57,65,2,-30,6,48,1,30,0,0,0
2026-07-16T05:37:38.887 RX PID,2240,SQUARE,116,44,46,13,124,70,70,31,-31,6,48,1,29,0,0,0
2026-07-16T05:37:38.887 RX PID,2260,SQUARE,116,44,57,55,120,50,59,-11,-30,6,48,1,29,0,0,0
2026-07-16T05:37:38.887 RX PID,2280,SQUARE,116,44,47,46,125,54,69,-2,-30,6,48,1,28,0,0,0
2026-07-16T05:37:38.887 RX PID,2300,SQUARE,116,44,57,46,121,54,59,-2,-29,6,48,1,27,0,0,0
2026-07-16T05:37:38.994 RX PID,2320,SQUARE,112,48,47,13,121,73,65,35,-30,6,48,1,26,0,0,0
2026-07-16T05:37:38.994 RX PID,2340,SQUARE,111,49,13,55,133,54,98,-6,-29,6,48,1,26,0,0,0
2026-07-16T05:37:38.994 RX PID,2360,SQUARE,111,49,55,14,118,74,56,35,-29,6,48,1,25,0,0,0
2026-07-16T05:37:38.994 RX PID,2380,SQUARE,111,49,14,55,132,54,97,-6,-29,6,48,1,24,0,0,0
2026-07-16T05:37:39.054 RX PID,2400,SQUARE,111,49,55,14,118,74,56,35,-29,6,48,1,24,0,0,0
2026-07-16T05:37:39.054 RX PID,2420,SQUARE,110,50,14,55,132,55,96,-5,-29,6,48,1,23,0,0,0
2026-07-16T05:37:39.054 RX PID,2440,SQUARE,110,50,55,46,118,59,55,4,-29,6,48,1,23,0,0,0
2026-07-16T05:37:39.054 RX PID,2460,SQUARE,110,50,57,57,117,54,53,-7,-29,6,48,1,22,0,0,0
2026-07-16T05:37:39.132 RX PID,2480,SQUARE,110,50,47,47,121,58,63,3,-29,6,48,1,22,0,0,0
2026-07-16T05:37:39.132 RX PID,2500,SQUARE,110,50,57,57,117,54,53,-7,-29,6,48,1,21,0,0,0
2026-07-16T05:37:39.132 RX PID,2520,SQUARE,109,51,14,47,132,60,95,4,-29,6,48,1,20,0,0,0
2026-07-16T05:37:39.132 RX PID,2540,SQUARE,109,51,55,57,117,55,54,-6,-29,6,48,1,20,0,0,0
2026-07-16T05:37:39.222 RX PID,2560,SQUARE,109,51,57,14,117,76,52,37,-28,6,48,1,20,0,0,0
2026-07-16T05:37:39.222 RX PID,2580,SQUARE,109,51,47,55,121,56,62,-4,-29,6,48,1,19,0,0,0
2026-07-16T05:37:39.222 RX PID,2600,SQUARE,109,51,57,14,118,77,52,37,-28,6,48,1,19,0,0,0
2026-07-16T05:37:39.222 RX PID,2620,SQUARE,108,52,57,55,116,58,51,-3,-28,6,48,1,18,0,0,0
2026-07-16T05:37:39.298 RX PID,2640,SQUARE,108,52,47,14,120,78,61,38,-28,6,48,1,18,0,0,0
2026-07-16T05:37:39.298 RX PID,2660,SQUARE,108,52,57,55,116,58,51,-3,-28,6,48,1,17,0,0,0
2026-07-16T05:37:39.298 RX PID,2680,SQUARE,108,52,57,57,116,57,51,-5,-28,6,48,1,16,0,0,0
2026-07-16T05:37:39.298 RX PID,2700,SQUARE,108,52,47,47,120,61,61,5,-28,6,48,1,16,0,0,0
2026-07-16T05:37:39.394 RX PID,2720,SQUARE,108,52,57,57,116,57,51,-5,-28,6,48,1,15,0,0,0
2026-07-16T05:37:39.394 RX PID,2740,SQUARE,108,52,57,57,117,57,51,-5,-28,6,48,1,15,0,0,0
2026-07-16T05:37:39.394 RX PID,2760,SQUARE,108,52,57,47,117,61,51,5,-27,6,48,1,15,0,0,0
2026-07-16T05:37:39.394 RX PID,2780,SQUARE,108,52,47,57,121,57,61,-5,-27,6,48,1,14,0,0,0
2026-07-16T05:37:39.475 RX PID,2800,SQUARE,108,52,57,57,117,57,51,-5,-28,6,48,1,14,0,0,0
2026-07-16T05:37:39.475 RX PID,2820,SQUARE,110,50,57,57,119,55,53,-7,-28,6,48,1,13,0,0,0
2026-07-16T05:37:39.475 RX PID,2840,SQUARE,110,50,57,47,119,59,53,3,-28,6,48,1,13,0,0,0
2026-07-16T05:37:39.475 RX PID,2860,SQUARE,110,50,57,57,119,55,53,-7,-27,6,48,1,12,0,0,0
2026-07-16T05:37:39.561 RX PID,2880,SQUARE,110,50,57,57,119,55,53,-7,-27,6,48,1,12,0,0,0
2026-07-16T05:37:39.561 RX PID,2900,SQUARE,110,50,57,57,119,55,53,-7,-27,6,48,1,12,0,0,0
2026-07-16T05:37:39.561 RX PID,2920,SQUARE,108,52,57,57,118,57,51,-5,-27,6,48,1,11,0,0,0
2026-07-16T05:37:39.561 RX PID,2940,SQUARE,108,52,57,14,118,78,51,38,-27,6,48,1,10,0,0,0
2026-07-16T05:37:39.646 RX PID,2960,SQUARE,108,52,57,55,118,58,51,-3,-26,6,48,1,10,0,0,0
2026-07-16T05:37:39.646 RX PID,2980,SQUARE,108,52,57,57,118,57,51,-5,-26,6,48,1,9,0,0,0
2026-07-16T05:37:39.646 RX PID,3000,SQUARE,111,49,57,57,121,54,54,-8,-26,11,32,1,9,0,0,0
2026-07-16T05:37:39.646 RX PID,3020,SQUARE,117,43,14,57,141,48,103,-14,-26,11,32,1,9,0,0,0
2026-07-16T05:37:39.755 RX PID,3040,SQUARE,123,37,55,14,131,64,68,23,-26,11,32,1,8,0,0,0
2026-07-16T05:37:39.755 RX PID,3060,SQUARE,123,37,57,55,131,44,66,-18,-25,11,32,1,8,0,0,0
2026-07-16T05:37:39.755 RX PID,3080,SQUARE,123,37,57,14,131,64,66,23,-26,11,32,1,7,0,0,0
2026-07-16T05:37:39.755 RX PID,3100,SQUARE,123,37,57,55,132,44,66,-18,-24,11,32,1,6,0,0,0
2026-07-16T05:37:39.802 RX PID,3120,SQUARE,123,37,57,57,132,42,66,-20,-24,11,32,1,5,0,0,0
2026-07-16T05:37:39.802 RX PID,3140,SQUARE,123,37,68,57,128,42,55,-20,-24,11,32,1,4,0,0,0
2026-07-16T05:37:39.802 RX PID,3160,SQUARE,123,37,58,47,131,47,65,-10,-23,11,32,1,3,0,0,0
2026-07-16T05:37:39.802 RX PID,3180,SQUARE,123,37,58,57,131,42,65,-20,-23,11,32,1,2,0,0,0
2026-07-16T05:37:39.896 RX PID,3200,SQUARE,123,37,58,57,131,42,65,-20,-23,11,32,1,1,0,0,0
2026-07-16T05:37:39.896 RX PID,3220,SQUARE,123,37,58,14,131,63,65,23,-22,11,32,1,-1,0,0,0
2026-07-16T05:37:39.896 RX PID,3240,SQUARE,123,37,58,55,131,43,65,-18,-22,11,32,1,-2,0,0,0
2026-07-16T05:37:39.896 RX PID,3260,SQUARE,123,37,58,57,132,42,65,-20,-21,11,32,1,-3,0,0,0
2026-07-16T05:37:39.979 RX PID,3280,SQUARE,123,37,68,57,129,42,55,-20,-21,11,32,1,-4,0,0,0
2026-07-16T05:37:39.979 RX PID,3300,SQUARE,123,37,58,47,132,47,65,-10,-20,11,32,1,-5,0,0,0
2026-07-16T05:37:39.979 RX PID,3320,SQUARE,123,37,101,57,117,42,22,-20,-19,11,32,1,-7,0,0,0
2026-07-16T05:37:39.979 RX PID,3340,SQUARE,123,37,60,57,132,41,63,-20,-19,11,32,1,-9,0,0,0
2026-07-16T05:37:40.060 RX PID,3360,SQUARE,123,37,112,47,113,46,11,-10,-16,11,32,1,-12,0,0,0
2026-07-16T05:37:40.060 RX PID,3380,SQUARE,123,37,115,57,112,41,8,-20,-14,11,32,1,-15,0,0,0
2026-07-16T05:37:40.060 RX PID,3400,SQUARE,123,37,105,57,116,41,18,-20,-13,11,32,1,-17,0,0,0
2026-07-16T05:37:40.060 RX PID,3420,SQUARE,123,37,104,57,116,41,19,-20,-12,11,32,1,-21,0,0,0
2026-07-16T05:37:40.150 RX PID,3440,SQUARE,123,37,104,57,116,41,19,-20,-11,11,32,1,-23,0,0,0
2026-07-16T05:37:40.150 RX PID,3460,SQUARE,123,37,71,57,128,41,52,-20,-10,11,32,1,-26,0,0,0
2026-07-16T05:37:40.150 RX PID,3480,SQUARE,123,37,69,14,128,62,54,23,-8,11,32,1,-29,0,0,0
2026-07-16T05:37:40.150 RX PID,3500,SQUARE,123,37,102,55,117,42,21,-18,-7,11,32,1,-32,0,0,0
2026-07-16T05:37:40.306 RX PID,3520,SQUARE,120,40,71,57,127,44,49,-17,-6,6,48,1,-35,0,0,0
2026-07-16T05:37:40.306 RX PID,3540,SQUARE,114,46,102,14,111,71,12,32,-5,6,48,1,-39,0,0,0
2026-07-16T05:37:40.306 RX PID,3560,SQUARE,108,52,60,55,120,56,48,-3,-3,6,48,1,-40,0,0,0
2026-07-16T05:37:40.306 RX SQUARE ERROR,GIMBAL RECOVERY TIMEOUT
2026-07-16T05:37:40.306 TX STOP
2026-07-16T05:37:40.306 TX STOP
2026-07-16T05:37:40.438 RX OK STOP
2026-07-16T05:37:40.438 RX OK STOP
2026-07-16T05:37:40.438 TX SET TURNANGLE 900 17770650
2026-07-16T05:37:40.571 RX SA,17770650,TURNANGLE,900
2026-07-16T05:37:40.571 TX SET TURNFAST 150 17770651
2026-07-16T05:37:40.706 RX SA,17770651,TURNFAST,150
2026-07-16T05:37:40.706 TX SET TURNSLOW 100 17770652
2026-07-16T05:37:40.837 RX SA,17770652,TURNSLOW,100
2026-07-16T05:37:40.837 TX SET TURNMARGIN 300 17770653
2026-07-16T05:37:40.981 RX SA,17770653,TURNMARGIN,300
2026-07-16T05:37:40.981 TX SET TURNEXIT 100 17770654
2026-07-16T05:37:41.117 RX SA,17770654,TURNEXIT,100
2026-07-16T05:37:41.117 TX SET TURNDIST 98 17770655
2026-07-16T05:37:41.256 RX SA,17770655,TURNDIST,98
2026-07-16T05:37:41.256 TX SET GSTART 10 17770656
2026-07-16T05:37:41.389 RX SA,17770656,GSTART,10
2026-07-16T05:37:41.389 TX STOP
2026-07-16T05:37:41.519 RX OK STOP
2026-07-16T05:37:41.519 TX STOP
2026-07-16T05:37:41.646 RX OK STOP
2026-07-16T05:37:41.646 TX SET LINEKP 6750 17770657
2026-07-16T05:37:41.774 RX SA,17770657,LINEKP,6750
2026-07-16T05:37:41.774 TX SET LINEKD 2000 17770658
2026-07-16T05:37:41.908 RX SA,17770658,LINEKD,2000
2026-07-16T05:37:41.908 TX SET TURNDIST 98 17770659
2026-07-16T05:37:42.040 RX SA,17770659,TURNDIST,98
2026-07-16T05:37:42.040 TX SET GSTART 10 17770660
2026-07-16T05:37:42.176 RX SA,17770660,GSTART,10
2026-07-16T05:37:42.176 TX SET TURNANGLE 900 17770661
2026-07-16T05:37:42.314 RX SA,17770661,TURNANGLE,900
2026-07-16T05:37:42.314 TX SET TURNFAST 185 17770662
2026-07-16T05:37:42.436 RX SA,17770662,TURNFAST,185
2026-07-16T05:37:42.436 TX SET TURNSLOW 140 17770663
2026-07-16T05:37:42.558 RX SA,17770663,TURNSLOW,140
2026-07-16T05:37:42.558 TX SET TURNMARGIN 180 17770664
2026-07-16T05:37:42.696 RX SA,17770664,TURNMARGIN,180
2026-07-16T05:37:42.696 TX SET TURNEXIT 140 17770665
2026-07-16T05:37:42.826 RX SA,17770665,TURNEXIT,140
2026-07-16T05:37:42.826 TX STOP
2026-07-16T05:37:42.826 TX STOP
