2026-07-16T02:28:40.376 TX HELLO 1564823688
2026-07-16T02:28:40.500 RX HELLO,1564823688,2,STBY,HIGH,ENCODER_MM_X1000,580,SAMPLE_MS,10
2026-07-16T02:28:40.500 TX STOP
2026-07-16T02:28:40.634 RX OK STOP
2026-07-16T02:28:40.634 TX PARAM
2026-07-16T02:28:40.781 RX PARAM,x1000,PROFILE,1,FLASHVER,3,LKP,350,LKI,100,RKP,500,RKI,350,LFF,460,RFF,437,LMIN,32,RMIN,26,SYNC,500,BIAS,80,LINEKP,6750,LINEKD,2000,TURNANGLE,900,TURNFAST,185,TURNSLOW,140,TURNMARGIN,180,TURNEXIT,140,TURNDIST,98
2026-07-16T02:28:40.781 TX SENSOR
2026-07-16T02:28:40.909 RX SENSOR,OK,16,0,93,0,16
2026-07-16T02:28:40.909 TX IMU
2026-07-16T02:28:41.046 RX IMU,OK,-973,4989,71,VER,1,1,0,0
2026-07-16T02:28:41.046 TX SET TURNSLOW 80 1564823689
2026-07-16T02:28:41.211 RX SA,1564823689,TURNSLOW,80
2026-07-16T02:28:41.211 TX SET TURNFAST 185 1564823690
2026-07-16T02:28:41.344 RX SA,1564823690,TURNFAST,185
2026-07-16T02:28:41.344 TX SET TURNSLOW 140 1564823691
2026-07-16T02:28:41.490 RX SA,1564823691,TURNSLOW,140
2026-07-16T02:28:41.490 TX SET TURNANGLE 900 1564823692
2026-07-16T02:28:41.621 RX SA,1564823692,TURNANGLE,900
2026-07-16T02:28:41.621 TX SET TURNMARGIN 180 1564823693
2026-07-16T02:28:41.771 RX SA,1564823693,TURNMARGIN,180
2026-07-16T02:28:41.771 TX SET TURNEXIT 140 1564823694
2026-07-16T02:28:41.908 RX SA,1564823694,TURNEXIT,140
2026-07-16T02:28:41.908 TX SET TURNDIST 98 1564823695
2026-07-16T02:28:42.044 RX SA,1564823695,TURNDIST,98
2026-07-16T02:28:42.044 TX SQUARE 120 1 1564823696
2026-07-16T02:28:42.093 RX TEST START,SQUARE,120,1
2026-07-16T02:28:42.093 RX CSV,time_ms,mode,left_target,right_target,left_mmps,right_mmps,left_pwm,right_pwm,left_error,right_error,count_diff,line_error,line_mask,line_valid,yaw_x10,corner_count,square_state,turn_travel_mm
2026-07-16T02:28:42.093 RX SQ,1564823696,OK
2026-07-16T02:28:42.195 RX PID,20,SQUARE,1,1,0,0,32,26,1,1,0,2,16,1,0,0,0,0
2026-07-16T02:28:42.195 RX PID,40,SQUARE,2,2,0,0,32,27,2,2,0,2,16,1,0,0,0,0
2026-07-16T02:28:42.195 RX PID,60,SQUARE,4,4,0,0,34,29,4,4,0,2,16,1,0,0,0,0
2026-07-16T02:28:42.195 RX PID,80,SQUARE,6,6,0,0,36,31,6,6,0,2,16,1,0,0,0,0
2026-07-16T02:28:42.195 RX PID,100,SQUARE,7,7,0,0,37,32,7,7,0,2,16,1,0,0,0,0
2026-07-16T02:28:42.292 RX PID,120,SQUARE,9,9,0,0,39,33,9,9,0,2,16,1,0,0,0,0
2026-07-16T02:28:42.292 RX PID,140,SQUARE,10,10,0,0,39,35,10,10,0,2,16,1,0,0,0,0
2026-07-16T02:28:42.292 RX PID,160,SQUARE,12,12,0,0,41,37,12,12,0,2,16,1,0,0,0,0
2026-07-16T02:28:42.292 RX PID,180,SQUARE,14,14,0,0,42,39,14,14,0,2,16,1,0,0,0,0
2026-07-16T02:28:42.292 RX PID,200,SQUARE,15,15,0,0,43,39,15,15,0,2,16,1,0,0,0,0
2026-07-16T02:28:42.386 RX PID,220,SQUARE,17,17,0,0,44,41,17,17,0,2,16,1,0,0,0,0
2026-07-16T02:28:42.386 RX PID,240,SQUARE,18,18,0,0,46,42,18,18,0,2,16,1,0,0,0,0
2026-07-16T02:28:42.386 RX PID,260,SQUARE,20,20,0,0,48,44,20,20,0,2,16,1,0,0,0,0
2026-07-16T02:28:42.386 RX PID,280,SQUARE,22,22,0,0,49,47,22,22,0,2,16,1,0,0,0,0
2026-07-16T02:28:42.488 RX PID,300,SQUARE,23,23,0,0,50,48,23,23,0,2,16,1,0,0,0,0
2026-07-16T02:28:42.488 RX PID,320,SQUARE,25,25,0,0,51,49,25,25,0,2,16,1,0,0,0,0
2026-07-16T02:28:42.488 RX PID,340,SQUARE,26,26,0,0,52,51,26,26,0,2,16,1,0,0,0,0
2026-07-16T02:28:42.488 RX PID,360,SQUARE,28,28,0,0,53,53,28,28,0,2,16,1,0,0,0,0
2026-07-16T02:28:42.488 RX PID,380,SQUARE,30,30,0,0,55,55,30,30,0,2,16,1,0,0,0,0
2026-07-16T02:28:42.595 RX PID,400,SQUARE,31,31,0,0,56,56,31,31,0,2,16,1,0,0,0,0
2026-07-16T02:28:42.595 RX PID,420,SQUARE,33,33,0,0,58,58,33,33,0,2,16,1,0,0,0,0
2026-07-16T02:28:42.595 RX PID,440,SQUARE,34,34,0,0,58,59,34,34,0,2,16,1,0,0,0,0
2026-07-16T02:28:42.595 RX PID,460,SQUARE,36,36,0,0,60,61,36,36,0,2,16,1,0,0,0,0
2026-07-16T02:28:42.595 RX PID,480,SQUARE,38,38,0,0,62,64,38,38,0,2,16,1,0,0,0,0
2026-07-16T02:28:42.691 RX PID,500,SQUARE,39,39,0,0,62,65,39,39,0,2,16,1,0,0,0,0
2026-07-16T02:28:42.691 RX PID,520,SQUARE,41,41,0,0,65,66,41,41,0,2,16,1,0,0,0,0
2026-07-16T02:28:42.691 RX PID,540,SQUARE,42,42,0,0,66,69,42,42,0,2,16,1,0,0,0,0
2026-07-16T02:28:42.691 RX PID,560,SQUARE,44,44,0,0,68,71,44,44,0,2,16,1,0,0,0,0
2026-07-16T02:28:42.778 RX PID,580,SQUARE,46,46,0,0,70,73,46,46,0,2,16,1,0,0,0,0
2026-07-16T02:28:42.778 RX PID,600,SQUARE,47,47,0,0,70,73,47,47,0,2,16,1,0,0,0,0
2026-07-16T02:28:42.778 RX PID,620,SQUARE,49,49,0,0,72,76,49,49,0,2,16,1,0,0,0,0
2026-07-16T02:28:42.778 RX PID,640,SQUARE,50,50,0,0,73,77,50,50,0,2,16,1,0,0,0,0
2026-07-16T02:28:42.778 RX PID,660,SQUARE,52,52,0,0,74,80,52,52,0,2,16,1,0,0,0,0
2026-07-16T02:28:42.870 RX PID,680,SQUARE,54,54,0,0,75,82,54,54,0,2,16,1,0,0,0,0
2026-07-16T02:28:42.870 RX PID,700,SQUARE,55,55,43,0,62,83,12,55,1,2,16,1,0,0,0,0
2026-07-16T02:28:42.870 RX PID,720,SQUARE,57,57,2,0,78,85,55,57,1,2,16,1,0,0,0,0
2026-07-16T02:28:42.870 RX PID,740,SQUARE,58,58,0,0,80,87,58,58,1,2,16,1,0,0,0,0
2026-07-16T02:28:42.870 RX PID,760,SQUARE,60,60,0,0,82,89,60,60,1,2,16,1,0,0,0,0
2026-07-16T02:28:42.972 RX PID,780,SQUARE,62,62,0,0,83,92,62,62,1,2,16,1,0,0,0,0
2026-07-16T02:28:42.972 RX PID,800,SQUARE,63,63,0,43,84,71,63,20,0,2,16,1,0,0,0,0
2026-07-16T02:28:42.972 RX PID,820,SQUARE,65,65,0,2,85,94,65,63,0,2,16,1,0,0,0,0
2026-07-16T02:28:42.972 RX PID,840,SQUARE,66,66,0,0,87,96,66,66,0,2,16,1,0,0,0,0
2026-07-16T02:28:43.078 RX PID,860,SQUARE,68,68,0,0,88,99,68,68,0,2,16,1,0,0,0,0
2026-07-16T02:28:43.078 RX PID,880,SQUARE,70,70,0,0,91,101,70,70,0,2,16,1,0,0,0,0
2026-07-16T02:28:43.078 RX PID,900,SQUARE,71,71,43,10,76,97,28,61,0,2,16,1,0,0,0,0
2026-07-16T02:28:43.078 RX PID,920,SQUARE,73,73,2,0,92,104,71,73,0,2,16,1,0,0,0,0
2026-07-16T02:28:43.078 RX PID,940,SQUARE,74,74,0,43,94,84,74,31,-1,2,16,1,0,0,0,0
2026-07-16T02:28:43.157 RX PID,960,SQUARE,76,76,43,2,80,108,33,74,0,2,16,1,0,0,0,0
2026-07-16T02:28:43.157 RX PID,980,SQUARE,78,78,2,0,96,111,76,78,-1,2,16,1,0,0,0,0
2026-07-16T02:28:43.157 RX PID,1000,SQUARE,79,79,11,10,94,107,68,69,0,2,16,1,0,0,0,0
2026-07-16T02:28:43.157 RX PID,1020,SQUARE,81,81,44,44,84,92,37,37,0,2,16,1,0,0,0,0
2026-07-16T02:28:43.244 RX PID,1040,SQUARE,82,82,46,46,84,92,36,36,0,2,16,1,0,0,0,0
2026-07-16T02:28:43.244 RX PID,1060,SQUARE,84,84,2,46,102,95,82,38,0,2,16,1,0,0,0,0
2026-07-16T02:28:43.244 RX PID,1080,SQUARE,86,86,11,46,101,97,75,40,0,2,16,1,0,0,0,0
2026-07-16T02:28:43.244 RX PID,1100,SQUARE,87,87,11,46,102,99,76,41,0,2,16,1,0,0,0,0
2026-07-16T02:28:43.348 RX PID,1120,SQUARE,89,89,55,13,87,117,34,76,-1,2,16,1,0,0,0,0
2026-07-16T02:28:43.348 RX PID,1140,SQUARE,90,90,46,55,92,97,44,35,-1,2,16,1,0,0,0,0
2026-07-16T02:28:43.348 RX PID,1160,SQUARE,92,92,13,46,105,105,79,46,-1,2,16,1,0,0,0,0
2026-07-16T02:28:43.348 RX PID,1180,SQUARE,94,94,55,57,92,101,39,37,-1,2,16,1,0,0,0,0
2026-07-16T02:28:43.348 RX PID,1200,SQUARE,95,95,14,57,107,102,81,38,-1,2,16,1,0,0,0,0
2026-07-16T02:28:43.432 RX PID,1220,SQUARE,97,97,55,57,94,104,42,40,-2,2,16,1,0,0,0,0
2026-07-16T02:28:43.432 RX PID,1240,SQUARE,98,98,57,57,96,105,41,41,-2,2,16,1,0,0,0,0
2026-07-16T02:28:43.432 RX PID,1260,SQUARE,100,100,57,57,98,107,43,43,-2,2,16,1,0,0,0,0
2026-07-16T02:28:43.432 RX PID,1280,SQUARE,102,102,57,57,98,109,45,45,-2,2,16,1,0,0,0,0
2026-07-16T02:28:43.516 RX PID,1300,SQUARE,103,103,57,57,100,112,46,46,-3,2,16,1,0,0,0,0
2026-07-16T02:28:43.516 RX PID,1320,SQUARE,105,105,57,101,101,91,48,4,-3,2,16,1,0,0,0,0
2026-07-16T02:28:43.516 RX PID,1340,SQUARE,106,106,57,60,102,113,49,46,-4,2,16,1,0,0,0,0
2026-07-16T02:28:43.516 RX PID,1360,SQUARE,108,108,57,101,103,94,51,7,-3,2,16,1,0,0,0,0
2026-07-16T02:28:43.597 RX PID,1380,SQUARE,110,110,101,60,90,118,9,50,-4,2,16,1,0,0,0,0
2026-07-16T02:28:43.597 RX PID,1400,SQUARE,111,111,60,69,105,114,51,42,-4,2,16,1,0,0,0,0
2026-07-16T02:28:43.597 RX PID,1420,SQUARE,113,113,69,113,103,94,44,0,-4,2,16,1,0,0,0,0
2026-07-16T02:28:43.597 RX PID,1440,SQUARE,114,114,69,104,104,99,45,10,-5,2,16,1,0,0,0,0
2026-07-16T02:28:43.693 RX PID,1460,SQUARE,116,116,69,115,106,95,47,1,-6,2,16,1,0,0,0,0
2026-07-16T02:28:43.693 RX PID,1493,SQUARE,118,118,113,115,92,97,5,3,-6,2,16,1,0,0,0,0
2026-07-16T02:28:43.693 RX PID,1514,SQUARE,120,120,137,137,87,89,-17,-17,-6,2,16,1,0,0,0,0
2026-07-16T02:28:43.693 RX PID,1534,SQUARE,120,120,106,117,96,98,14,3,-7,2,16,1,0,0,0,0
2026-07-16T02:28:43.778 RX PID,1554,SQUARE,120,120,104,116,97,99,16,4,-8,2,16,1,0,0,0,0
2026-07-16T02:28:43.778 RX PID,1574,SQUARE,120,120,71,72,110,121,49,48,-9,2,16,1,0,0,0,0
2026-07-16T02:28:43.778 RX PID,1594,SQUARE,120,120,69,113,110,100,51,7,-9,2,16,1,0,0,0,0
2026-07-16T02:28:43.778 RX PID,1614,SQUARE,136,104,69,115,123,85,67,-11,-10,6,48,1,0,0,0,0
2026-07-16T02:28:43.870 RX PID,1634,SQUARE,152,88,69,72,136,91,83,16,-10,6,48,1,0,0,0,0
2026-07-16T02:28:43.870 RX PID,1654,SQUARE,160,80,113,113,127,63,47,-33,-10,6,48,1,0,0,0,0
2026-07-16T02:28:43.870 RX PID,1674,SQUARE,160,80,104,72,130,83,56,8,-10,6,48,1,0,0,0,0
2026-07-16T02:28:43.870 RX PID,1694,SQUARE,160,80,115,113,126,62,45,-33,-11,6,48,1,0,0,0,0
2026-07-16T02:28:43.946 RX PID,1714,SQUARE,160,80,105,72,130,82,55,8,-11,6,48,1,0,0,0,0
2026-07-16T02:28:43.946 RX PID,1734,SQUARE,160,80,104,69,130,83,56,11,-11,6,48,1,0,0,0,0
2026-07-16T02:28:43.946 RX PID,1754,SQUARE,160,80,104,69,131,83,56,11,-11,6,48,1,0,0,0,0
2026-07-16T02:28:43.946 RX PID,1774,SQUARE,160,80,104,113,131,62,56,-33,-11,6,48,1,0,0,0,0
2026-07-16T02:28:44.036 RX PID,1794,SQUARE,160,80,104,104,131,66,56,-24,-11,6,48,1,0,0,0,0
2026-07-16T02:28:44.036 RX PID,1814,SQUARE,160,80,104,60,131,88,56,20,-10,6,48,1,0,0,0,0
2026-07-16T02:28:44.036 RX PID,1834,SQUARE,160,80,71,112,143,62,89,-32,-11,6,48,1,0,0,0,0
2026-07-16T02:28:44.036 RX PID,1854,SQUARE,160,80,69,104,143,66,91,-24,-11,6,48,1,0,0,0,0
2026-07-16T02:28:44.121 RX PID,1874,SQUARE,160,80,69,104,143,66,91,-24,-11,6,48,1,0,0,0,0
2026-07-16T02:28:44.121 RX PID,1894,SQUARE,160,80,69,71,144,82,91,9,-11,6,48,1,0,0,0,0
2026-07-16T02:28:44.121 RX PID,1914,SQUARE,160,80,69,69,144,83,91,11,-11,6,48,1,0,0,0,0
2026-07-16T02:28:44.121 RX PID,1937,SQUARE,160,80,104,104,132,66,56,-24,-11,6,48,1,0,0,0,0
2026-07-16T02:28:44.209 RX PID,1958,SQUARE,160,80,93,126,136,54,67,-46,-11,6,48,1,0,0,0,0
2026-07-16T02:28:44.209 RX PID,1978,SQUARE,160,80,71,62,144,86,89,18,-9,6,48,1,0,0,0,0
2026-07-16T02:28:44.209 RX PID,1998,SQUARE,160,80,113,69,129,82,47,11,-10,6,48,1,0,0,0,0
2026-07-16T02:28:44.209 RX PID,2018,SQUARE,160,80,104,69,132,82,56,11,-10,6,48,1,0,0,0,0
2026-07-16T02:28:44.306 RX PID,2038,SQUARE,160,80,71,69,144,82,89,11,-9,6,48,1,0,0,0,0
2026-07-16T02:28:44.306 RX PID,2058,SQUARE,160,80,69,69,144,82,91,11,-9,6,48,1,0,0,0,0
2026-07-16T02:28:44.306 RX PID,2078,SQUARE,160,80,113,113,130,61,47,-33,-9,6,48,1,0,0,0,0
2026-07-16T02:28:44.306 RX PID,2098,SQUARE,160,80,104,104,133,65,56,-24,-9,6,48,1,0,0,0,0
2026-07-16T02:28:44.306 RX PID,2118,SQUARE,160,80,71,104,145,65,89,-24,-8,6,48,1,0,0,0,0
2026-07-16T02:28:44.388 RX PID,2138,SQUARE,160,80,80,71,142,81,80,9,-8,6,48,1,0,0,0,0
2026-07-16T02:28:44.388 RX PID,2158,SQUARE,160,80,113,69,130,82,47,11,-7,6,48,1,0,0,0,0
2026-07-16T02:28:44.388 RX PID,2178,SQUARE,160,80,104,69,133,82,56,11,-7,6,48,1,0,0,0,0
2026-07-16T02:28:44.388 RX PID,2198,SQUARE,160,80,115,113,129,60,45,-33,-6,6,48,1,0,0,0,0
2026-07-16T02:28:44.469 RX PID,2218,SQUARE,160,80,105,104,133,64,55,-24,-6,6,48,1,0,0,0,0
2026-07-16T02:28:44.469 RX PID,2238,SQUARE,160,80,71,104,146,64,89,-24,-6,6,48,1,0,0,0,0
2026-07-16T02:28:44.469 RX PID,2258,SQUARE,160,80,113,104,131,64,47,-24,-6,6,48,1,0,0,0,0
2026-07-16T02:28:44.469 RX PID,2278,SQUARE,160,80,72,104,145,64,88,-24,-5,6,48,1,0,0,0,0
2026-07-16T02:28:44.574 RX PID,2298,SQUARE,160,80,113,60,131,86,47,20,-4,6,48,1,0,0,0,0
2026-07-16T02:28:44.574 RX PID,2318,SQUARE,160,80,115,69,130,81,45,11,-4,6,48,1,0,0,0,0
2026-07-16T02:28:44.574 RX PID,2351,SQUARE,160,80,105,69,134,81,55,11,-2,6,48,1,0,0,0,0
2026-07-16T02:28:44.574 RX PID,2371,SQUARE,160,80,93,123,138,55,67,-43,-2,6,48,1,0,0,0,0
2026-07-16T02:28:44.658 RX PID,2391,SQUARE,160,80,114,62,131,85,46,18,-1,6,48,1,0,0,0,0
2026-07-16T02:28:44.658 RX PID,2411,SQUARE,160,80,72,69,145,81,88,11,-1,6,48,1,0,0,0,0
2026-07-16T02:28:44.658 RX PID,2431,SQUARE,160,80,113,69,132,81,47,11,0,6,48,1,0,0,0,0
2026-07-16T02:28:44.658 RX PID,2451,SQUARE,160,80,72,69,146,81,88,11,0,6,48,1,0,0,0,0
2026-07-16T02:28:44.743 RX PID,2471,SQUARE,160,80,113,69,132,81,47,11,1,6,48,1,0,0,0,0
2026-07-16T02:28:44.743 RX PID,2491,SQUARE,160,80,115,69,131,81,45,11,2,6,48,1,0,0,0,0
2026-07-16T02:28:44.743 RX PID,2511,SQUARE,160,80,115,69,131,81,45,11,3,6,48,1,0,0,0,0
2026-07-16T02:28:44.743 RX PID,2531,SQUARE,160,80,105,69,135,81,55,11,3,6,48,1,0,0,0,0
2026-07-16T02:28:44.834 RX PID,2551,SQUARE,160,80,115,69,131,81,45,11,4,6,48,1,0,0,0,0
2026-07-16T02:28:44.834 RX PID,2571,SQUARE,160,80,72,69,146,81,88,11,4,6,48,1,0,0,0,0
2026-07-16T02:28:44.834 RX PID,2596,SQUARE,160,80,105,60,135,86,55,20,5,6,48,1,0,0,0,0
2026-07-16T02:28:44.834 RX PID,2616,SQUARE,160,80,121,66,129,82,39,14,7,6,48,1,0,0,0,0
2026-07-16T02:28:44.911 RX PID,2636,SQUARE,160,80,116,69,131,80,44,11,8,6,48,1,0,0,0,0
2026-07-16T02:28:44.911 RX PID,2656,SQUARE,160,80,126,113,127,59,34,-33,10,6,48,1,0,0,0,0
2026-07-16T02:28:44.911 RX PID,2676,SQUARE,160,80,116,72,132,79,44,8,10,6,48,1,0,0,0,0
2026-07-16T02:28:44.911 RX PID,2696,SQUARE,160,80,116,105,132,63,44,-25,11,6,48,1,0,0,0,0
2026-07-16T02:28:44.911 RX PID,2716,SQUARE,160,80,116,69,132,80,44,11,13,6,48,1,0,0,0,0
2026-07-16T02:28:45.017 RX PID,2736,SQUARE,160,80,126,69,128,80,34,11,14,6,48,1,0,0,0,0
2026-07-16T02:28:45.017 RX PID,2756,SQUARE,160,80,116,69,132,80,44,11,15,6,48,1,0,0,0,0
2026-07-16T02:28:45.017 RX PID,2776,SQUARE,160,80,159,69,117,80,1,11,17,6,48,1,0,0,0,0
2026-07-16T02:28:45.017 RX PID,2796,SQUARE,160,80,118,69,131,80,42,11,17,6,48,1,0,0,0,0
2026-07-16T02:28:45.103 RX PID,2816,SQUARE,160,80,116,69,132,80,44,11,20,6,48,1,0,0,0,0
2026-07-16T02:28:45.103 RX PID,2836,SQUARE,160,80,126,69,128,80,34,11,21,6,48,1,0,0,0,0
2026-07-16T02:28:45.103 RX PID,2856,SQUARE,140,100,116,69,116,99,24,31,22,2,16,1,0,0,0,0
2026-07-16T02:28:45.103 RX PID,2876,SQUARE,120,120,126,69,97,118,-6,51,24,2,16,1,0,0,0,0
2026-07-16T02:28:45.186 RX PID,2896,SQUARE,120,120,116,113,100,96,4,7,24,2,16,1,0,0,0,0
2026-07-16T02:28:45.186 RX PID,2916,SQUARE,120,120,116,104,100,101,4,16,25,2,16,1,0,0,0,0
2026-07-16T02:28:45.186 RX PID,2936,SQUARE,120,120,116,104,100,101,4,16,26,2,16,1,0,0,0,0
2026-07-16T02:28:45.186 RX PID,2956,SQUARE,120,120,116,71,100,118,4,49,26,2,16,1,0,0,0,0
2026-07-16T02:28:45.271 RX PID,2976,SQUARE,120,120,116,113,100,97,4,7,27,2,16,1,0,0,0,0
2026-07-16T02:28:45.271 RX PID,2996,SQUARE,120,120,116,104,100,102,4,16,28,2,16,1,0,0,0,0
2026-07-16T02:28:45.271 RX PID,3016,SQUARE,120,120,116,104,100,102,4,16,29,2,16,1,0,0,0,0
2026-07-16T02:28:45.271 RX PID,3036,SQUARE,120,120,116,71,100,118,4,49,29,2,16,1,0,0,0,0
2026-07-16T02:28:45.354 RX PID,3056,SQUARE,120,120,72,113,115,97,48,7,30,2,16,1,0,0,0,0
2026-07-16T02:28:45.354 RX PID,3076,SQUARE,120,120,113,104,101,103,7,16,31,0,24,1,0,0,0,0
2026-07-16T02:28:45.354 RX PID,3096,SQUARE,120,120,115,71,100,119,5,49,32,0,24,1,0,0,0,0
2026-07-16T02:28:45.354 RX PID,3116,SQUARE,120,120,115,69,100,120,5,51,32,0,24,1,0,0,0,0
2026-07-16T02:28:45.438 RX PID,3136,SQUARE,120,120,115,104,100,103,5,16,32,0,24,1,0,0,0,0
2026-07-16T02:28:45.438 RX PID,3156,SQUARE,120,120,115,104,100,103,5,16,33,0,24,1,0,0,0,0
2026-07-16T02:28:45.438 RX PID,3176,SQUARE,120,120,72,69,115,121,48,51,33,0,24,1,0,0,0,0
2026-07-16T02:28:45.438 RX PID,3196,SQUARE,120,120,71,71,116,120,49,49,33,0,24,1,0,0,0,0
2026-07-16T02:28:45.521 RX PID,3216,SQUARE,120,120,113,69,101,121,7,51,34,0,24,1,0,0,0,0
2026-07-16T02:28:45.521 RX PID,3236,SQUARE,120,120,72,113,116,99,48,7,33,0,24,1,0,0,0,0
2026-07-16T02:28:45.521 RX PID,3256,SQUARE,120,120,113,104,102,104,7,16,34,0,24,1,0,0,0,0
2026-07-16T02:28:45.521 RX PID,3276,SQUARE,120,120,115,71,101,121,5,49,34,0,24,1,0,0,0,0
2026-07-16T02:28:45.611 RX PID,3296,SQUARE,120,120,105,113,105,100,15,7,34,0,24,1,0,0,0,0
2026-07-16T02:28:45.611 RX PID,3316,SQUARE,120,120,113,115,102,99,7,5,34,0,24,1,0,0,0,0
2026-07-16T02:28:45.611 RX PID,3336,SQUARE,120,120,113,113,102,100,7,7,34,0,24,1,0,0,0,0
2026-07-16T02:28:45.611 RX PID,3356,SQUARE,120,120,104,104,105,105,16,16,34,0,24,1,0,0,0,0
2026-07-16T02:28:45.692 RX PID,3376,SQUARE,120,120,115,115,101,99,5,5,34,0,24,1,0,0,0,0
2026-07-16T02:28:45.692 RX PID,3396,SQUARE,120,120,105,105,105,104,15,15,34,0,24,1,0,0,0,0
2026-07-16T02:28:45.692 RX PID,3416,SQUARE,120,120,115,71,101,122,5,49,34,0,24,1,0,0,0,0
2026-07-16T02:28:45.692 RX PID,3436,SQUARE,120,120,105,113,105,101,15,7,34,0,24,1,0,0,0,0
2026-07-16T02:28:45.776 RX PID,3456,SQUARE,120,120,115,115,101,100,5,5,34,0,24,1,0,0,0,0
2026-07-16T02:28:45.776 RX PID,3476,SQUARE,120,120,105,105,105,105,15,15,34,0,24,1,0,0,0,0
2026-07-16T02:28:45.776 RX PID,3496,SQUARE,120,120,115,115,101,100,5,5,34,0,24,1,0,0,0,0
2026-07-16T02:28:45.776 RX PID,3516,SQUARE,120,120,72,115,116,100,48,5,34,0,24,1,0,0,0,0
2026-07-16T02:28:45.859 RX PID,3536,SQUARE,120,120,105,72,105,122,15,48,34,0,24,1,0,0,0,0
2026-07-16T02:28:45.859 RX PID,3556,SQUARE,120,120,115,115,101,100,5,5,34,0,24,1,0,0,0,0
2026-07-16T02:28:45.859 RX PID,3576,SQUARE,120,120,105,115,105,100,15,5,33,0,24,1,0,0,0,0
2026-07-16T02:28:45.859 RX PID,3596,SQUARE,120,120,115,115,101,100,5,5,33,0,24,1,0,0,0,0
2026-07-16T02:28:45.945 RX PID,3616,SQUARE,120,120,105,115,105,100,15,5,32,0,24,1,0,0,0,0
2026-07-16T02:28:45.945 RX PID,3636,SQUARE,120,120,115,115,101,100,5,5,32,0,24,1,0,0,0,0
2026-07-16T02:28:45.945 RX PID,3656,SQUARE,120,120,105,72,105,123,15,48,32,0,24,1,0,0,0,0
2026-07-16T02:28:45.945 RX PID,3676,SQUARE,120,120,115,113,101,102,5,7,32,0,24,1,0,0,0,0
2026-07-16T02:28:46.028 RX PID,3696,SQUARE,120,120,72,115,116,101,48,5,31,-2,8,1,0,0,0,0
2026-07-16T02:28:46.028 RX PID,3716,SQUARE,120,120,113,115,102,101,7,5,31,-2,8,1,0,0,0,0
2026-07-16T02:28:46.028 RX PID,3736,SQUARE,120,120,72,115,116,101,48,5,30,-2,8,1,0,0,0,0
2026-07-16T02:28:46.028 RX PID,3756,SQUARE,120,120,105,115,105,101,15,5,30,-2,8,1,0,0,0,0
2026-07-16T02:28:46.111 RX PID,3776,SQUARE,120,120,72,107,117,105,48,13,30,-2,8,1,0,0,0,0
2026-07-16T02:28:46.111 RX PID,3796,SQUARE,120,120,113,115,103,101,7,5,28,-2,8,1,0,0,0,0
2026-07-16T02:28:46.111 RX PID,3816,SQUARE,120,120,115,159,102,80,5,-39,28,-2,8,1,0,0,0,0
2026-07-16T02:28:46.111 RX PID,3836,SQUARE,120,120,105,107,106,105,15,13,27,-2,8,1,0,0,0,0
2026-07-16T02:28:46.228 RX PID,3856,SQUARE,120,120,113,157,103,81,7,-37,28,-2,8,1,0,0,0,0
2026-07-16T02:28:46.228 RX PID,3876,SQUARE,120,120,105,113,106,102,15,7,27,-2,8,1,0,0,0,0
2026-07-16T02:28:46.228 RX PID,3896,SQUARE,120,120,200,202,73,58,-80,-82,27,-2,8,1,0,0,0,0
2026-07-16T02:28:46.228 RX PID,3916,SQUARE,120,120,110,77,104,120,10,43,27,-2,8,1,0,0,0,0
2026-07-16T02:28:46.280 RX PID,3936,SQUARE,120,120,115,113,102,102,5,7,27,-2,8,1,0,0,0,0
2026-07-16T02:28:46.280 RX PID,3956,SQUARE,120,120,105,115,106,101,15,5,26,-2,8,1,0,0,0,0
2026-07-16T02:28:46.280 RX PID,3976,SQUARE,120,120,71,115,118,101,49,5,25,-2,8,1,0,0,0,0
2026-07-16T02:28:46.280 RX PID,3996,SQUARE,120,120,113,115,103,101,7,5,25,-2,8,1,0,0,0,0
2026-07-16T02:28:46.360 RX PID,4016,SQUARE,120,120,104,115,106,101,16,5,24,-2,8,1,0,0,0,0
2026-07-16T02:28:46.360 RX PID,4036,SQUARE,120,120,113,115,103,101,7,5,24,-2,8,1,0,0,0,0
2026-07-16T02:28:46.360 RX PID,4056,SQUARE,120,120,105,115,106,101,15,5,23,-2,8,1,0,0,0,0
2026-07-16T02:28:46.360 RX PID,4076,SQUARE,120,120,115,115,102,101,5,5,23,-2,8,1,0,0,0,0
2026-07-16T02:28:46.447 RX PID,4096,SQUARE,120,120,105,115,106,101,15,5,22,-2,8,1,0,0,0,0
2026-07-16T02:28:46.447 RX PID,4116,SQUARE,120,120,71,115,118,101,49,5,22,-2,8,1,0,0,0,0
2026-07-16T02:28:46.447 RX PID,4136,SQUARE,120,120,113,105,103,106,7,15,21,-2,8,1,0,0,0,0
2026-07-16T02:28:46.447 RX PID,4156,SQUARE,120,120,115,115,102,101,5,5,21,-2,8,1,0,0,0,0
2026-07-16T02:28:46.531 RX PID,4176,SQUARE,120,120,105,115,106,101,15,5,20,-2,8,1,0,0,0,0
2026-07-16T02:28:46.531 RX PID,4196,SQUARE,120,120,113,115,103,101,7,5,20,-2,8,1,0,0,0,0
2026-07-16T02:28:46.531 RX PID,4216,SQUARE,120,120,115,126,102,96,5,-6,20,-2,8,1,0,0,0,0
2026-07-16T02:28:46.531 RX PID,4236,SQUARE,120,120,115,116,102,101,5,4,20,-2,8,1,0,0,0,0
2026-07-16T02:28:46.617 RX PID,4256,SQUARE,120,120,115,116,102,101,5,4,19,-2,8,1,0,0,0,0
2026-07-16T02:28:46.617 RX PID,4276,SQUARE,112,128,72,116,111,108,40,12,19,-6,12,1,0,0,0,0
2026-07-16T02:28:46.617 RX PID,4296,SQUARE,96,144,113,126,85,118,-17,18,18,-6,12,1,0,0,0,0
2026-07-16T02:28:46.617 RX PID,4316,SQUARE,80,160,115,116,70,139,-35,44,17,-6,12,1,0,0,0,0
2026-07-16T02:28:46.698 RX PID,4336,SQUARE,80,160,105,159,74,117,-25,1,16,-6,12,1,0,0,0,0
2026-07-16T02:28:46.698 RX PID,4356,SQUARE,100,140,115,118,87,120,-15,22,15,-2,8,1,0,0,0,0
2026-07-16T02:28:46.698 RX PID,4376,SQUARE,120,120,105,127,106,97,15,-7,14,-2,8,1,0,0,0,0
2026-07-16T02:28:46.698 RX PID,4396,SQUARE,120,120,115,116,102,102,5,4,13,-2,8,1,0,0,0,0
2026-07-16T02:28:46.780 RX PID,4416,SQUARE,120,120,72,116,117,102,48,4,12,-2,8,1,0,0,0,0
2026-07-16T02:28:46.780 RX PID,4436,SQUARE,120,120,113,126,103,97,7,-6,12,-2,8,1,0,0,0,0
2026-07-16T02:28:46.780 RX PID,4456,SQUARE,120,120,115,116,102,102,5,4,11,-2,8,1,0,0,0,0
2026-07-16T02:28:46.780 RX PID,4476,SQUARE,120,120,105,116,106,102,15,4,11,-2,8,1,0,0,0,0
2026-07-16T02:28:46.867 RX PID,4496,SQUARE,120,120,115,126,102,97,5,-6,10,-2,8,1,0,0,0,0
2026-07-16T02:28:46.867 RX PID,4516,SQUARE,120,120,72,116,117,102,48,4,9,-2,8,1,0,0,0,0
2026-07-16T02:28:46.867 RX PID,4536,SQUARE,120,120,113,116,103,102,7,4,9,-2,8,1,0,0,0,0
2026-07-16T02:28:46.867 RX PID,4556,SQUARE,120,120,72,126,117,97,48,-6,8,-2,8,1,0,0,0,0
2026-07-16T02:28:46.963 RX PID,4576,SQUARE,120,120,113,105,103,107,7,15,8,-2,8,1,0,0,0,0
2026-07-16T02:28:46.963 RX PID,4596,SQUARE,120,120,72,126,118,97,48,-6,6,-2,8,1,0,0,0,0
2026-07-16T02:28:46.963 RX PID,4616,SQUARE,120,120,113,116,104,102,7,4,5,-2,8,1,0,0,0,0
2026-07-16T02:28:46.963 RX PID,4636,SQUARE,120,120,104,116,107,102,16,4,5,-2,8,1,0,0,0,0
2026-07-16T02:28:46.963 RX PID,4657,SQUARE,120,120,113,116,104,102,7,4,3,-2,8,1,0,0,0,0
2026-07-16T02:28:47.044 RX PID,4677,SQUARE,120,120,94,148,111,85,26,-28,3,-2,8,1,0,0,0,0
2026-07-16T02:28:47.044 RX PID,4697,SQUARE,120,120,71,74,119,122,49,46,2,-2,8,1,0,0,0,0
2026-07-16T02:28:47.044 RX PID,4717,SQUARE,120,120,69,124,119,97,51,-4,2,-2,8,1,0,0,0,0
2026-07-16T02:28:47.044 RX PID,4737,SQUARE,120,120,113,105,104,106,7,15,1,-2,8,1,0,0,0,0
2026-07-16T02:28:47.133 RX PID,4757,SQUARE,120,120,104,115,107,101,16,5,1,-2,8,1,0,0,0,0
2026-07-16T02:28:47.133 RX PID,4777,SQUARE,120,120,104,115,107,101,16,5,0,-2,8,1,0,0,0,0
2026-07-16T02:28:47.133 RX PID,4797,SQUARE,120,120,115,115,103,101,5,5,0,0,24,1,0,0,0,0
2026-07-16T02:28:47.133 RX PID,4817,SQUARE,120,120,61,115,122,102,59,5,-2,0,24,1,0,0,0,0
2026-07-16T02:28:47.215 RX PID,4837,SQUARE,120,120,69,105,119,107,51,15,-3,0,24,1,0,0,0,0
2026-07-16T02:28:47.215 RX PID,4857,SQUARE,120,120,113,115,104,102,7,5,-3,0,24,1,0,0,0,0
2026-07-16T02:28:47.215 RX PID,4877,SQUARE,120,120,104,115,107,102,16,5,-4,0,24,1,0,0,0,0
2026-07-16T02:28:47.215 RX PID,4897,SQUARE,120,120,104,115,107,102,16,5,-5,0,24,1,0,0,0,0
2026-07-16T02:28:47.303 RX PID,4917,SQUARE,120,120,71,115,119,102,49,5,-6,0,24,1,0,0,0,0
2026-07-16T02:28:47.303 RX PID,4937,SQUARE,120,120,113,115,104,102,7,5,-6,0,24,1,0,0,0,0
2026-07-16T02:28:47.303 RX PID,4957,SQUARE,120,120,104,115,107,102,16,5,-6,0,24,1,0,0,0,0
2026-07-16T02:28:47.303 RX PID,4977,SQUARE,120,120,71,115,119,102,49,5,-7,0,24,1,0,0,0,0
2026-07-16T02:28:47.388 RX PID,4997,SQUARE,120,120,113,115,104,102,7,5,-8,0,24,1,0,0,0,0
2026-07-16T02:28:47.388 RX PID,5017,SQUARE,120,120,104,115,107,102,16,5,-9,0,24,1,0,0,0,0
2026-07-16T02:28:47.388 RX PID,5037,SQUARE,120,120,71,159,120,81,49,-39,-9,0,24,1,0,0,0,0
2026-07-16T02:28:47.388 RX PID,5057,SQUARE,120,120,113,118,105,101,7,2,-10,0,24,1,0,0,0,0
2026-07-16T02:28:47.471 RX PID,5077,SQUARE,120,120,72,116,119,102,48,4,-11,0,24,1,0,0,0,0
2026-07-16T02:28:47.471 RX PID,5097,SQUARE,120,120,113,116,105,102,7,4,-11,0,24,1,0,0,0,0
2026-07-16T02:28:47.471 RX PID,5117,SQUARE,120,120,72,116,119,102,48,4,-13,0,24,1,0,0,0,0
2026-07-16T02:28:47.471 RX PID,5137,SQUARE,120,120,113,159,105,81,7,-39,-13,0,24,1,0,0,0,0
2026-07-16T02:28:47.558 RX PID,5157,SQUARE,120,120,104,118,108,101,16,2,-14,0,24,1,0,0,0,0
2026-07-16T02:28:47.558 RX PID,5177,SQUARE,120,120,71,116,120,102,49,4,-15,0,24,1,0,0,0,0
2026-07-16T02:28:47.558 RX PID,5197,SQUARE,120,120,113,116,105,102,7,4,-15,0,24,1,0,0,0,0
2026-07-16T02:28:47.558 RX PID,5217,SQUARE,120,120,104,72,108,124,16,48,-16,0,24,1,0,0,0,0
2026-07-16T02:28:47.652 RX PID,5237,SQUARE,120,120,71,124,120,98,49,-4,-17,0,24,1,0,0,0,0
2026-07-16T02:28:47.652 RX PID,5257,SQUARE,120,120,113,116,105,102,7,4,-17,0,24,1,0,0,0,0
2026-07-16T02:28:47.652 RX PID,5277,SQUARE,120,120,104,116,108,102,16,4,-18,2,16,1,0,0,0,0
2026-07-16T02:28:47.652 RX PID,5297,SQUARE,120,120,71,116,120,102,49,4,-20,2,16,1,0,0,0,0
2026-07-16T02:28:47.735 RX PID,5329,SQUARE,120,120,113,126,105,97,7,-6,-20,2,16,1,0,0,0,0
2026-07-16T02:28:47.735 RX PID,5349,SQUARE,120,120,137,149,98,85,-17,-29,-21,2,16,1,0,0,0,0
2026-07-16T02:28:47.735 RX PID,5369,SQUARE,120,120,106,150,107,84,14,-30,-22,2,16,1,0,0,0,0
2026-07-16T02:28:47.735 RX PID,5389,SQUARE,120,120,71,118,120,100,49,2,-23,2,16,1,0,0,0,0
2026-07-16T02:28:47.810 RX PID,5409,SQUARE,120,120,113,116,105,101,7,4,-24,2,16,1,0,0,0,0
2026-07-16T02:28:47.810 RX PID,5429,SQUARE,120,120,104,116,108,101,16,4,-24,2,16,1,0,0,0,0
2026-07-16T02:28:47.810 RX PID,5449,SQUARE,120,120,104,116,108,101,16,4,-25,2,16,1,0,0,0,0
2026-07-16T02:28:47.810 RX PID,5469,SQUARE,136,104,115,116,117,86,21,-12,-26,6,48,1,0,0,0,0
2026-07-16T02:28:47.902 RX PID,5489,SQUARE,152,88,105,116,133,71,47,-28,-26,6,48,1,0,0,0,0
2026-07-16T02:28:47.902 RX PID,5509,SQUARE,160,80,115,116,137,63,45,-36,-27,6,48,1,0,0,0,0
2026-07-16T02:28:47.902 RX PID,5529,SQUARE,160,80,72,116,152,63,88,-36,-26,6,48,1,0,0,0,0
2026-07-16T02:28:47.902 RX PID,5549,SQUARE,160,80,113,105,138,69,47,-25,-27,6,48,1,0,0,0,0
2026-07-16T02:28:47.981 RX PID,5569,SQUARE,160,80,72,115,152,63,88,-35,-27,6,48,1,0,0,0,0
2026-07-16T02:28:47.981 RX PID,5589,SQUARE,160,80,113,115,138,63,47,-35,-26,6,48,1,0,0,0,0
2026-07-16T02:28:47.981 RX PID,5609,SQUARE,160,80,115,105,137,68,45,-25,-27,6,48,1,0,0,0,0
2026-07-16T02:28:47.981 RX PID,5629,SQUARE,160,80,105,115,141,63,55,-35,-27,6,48,1,0,0,0,0
2026-07-16T02:28:48.052 RX PID,5649,SQUARE,160,80,115,115,137,63,45,-35,-26,6,48,1,0,0,0,0
2026-07-16T02:28:48.052 RX PID,5669,SQUARE,160,80,115,105,137,68,45,-25,-26,6,48,1,0,0,0,0
2026-07-16T02:28:48.052 RX PID,5689,SQUARE,160,80,105,104,142,68,55,-24,-26,6,48,1,0,0,0,0
2026-07-16T02:28:48.134 RX PID,5709,SQUARE,160,80,115,115,138,62,45,-35,-25,6,48,1,0,0,0,0
2026-07-16T02:28:48.134 RX PID,5729,SQUARE,160,80,115,105,138,67,45,-25,-24,6,48,1,0,0,0,0
2026-07-16T02:28:48.134 RX PID,5749,SQUARE,160,80,115,104,138,67,45,-24,-24,6,48,1,0,0,0,0
2026-07-16T02:28:48.134 RX PID,5769,SQUARE,160,80,115,71,138,83,45,9,-23,6,48,1,0,0,0,0
2026-07-16T02:28:48.218 RX PID,5789,SQUARE,160,80,126,113,134,63,34,-33,-22,6,48,1,0,0,0,0
2026-07-16T02:28:48.218 RX PID,5809,SQUARE,160,80,116,104,138,67,44,-24,-20,6,48,1,0,0,0,0
2026-07-16T02:28:48.218 RX PID,5829,SQUARE,160,80,116,104,138,67,44,-24,-20,6,48,1,0,0,0,0
2026-07-16T02:28:48.218 RX PID,5849,SQUARE,160,80,159,71,123,83,1,9,-19,6,48,1,0,0,0,0
2026-07-16T02:28:48.218 RX PID,5869,SQUARE,160,80,118,69,137,84,42,11,-17,6,48,1,0,0,0,0
2026-07-16T02:28:48.304 RX PID,5889,SQUARE,160,80,116,113,138,62,44,-33,-16,6,48,1,0,0,0,0
2026-07-16T02:28:48.304 RX PID,5909,SQUARE,160,80,159,104,123,66,1,-24,-15,6,48,1,0,0,0,0
2026-07-16T02:28:48.304 RX PID,5929,SQUARE,160,80,118,104,137,66,42,-24,-13,6,48,1,0,0,0,0
2026-07-16T02:28:48.406 RX PID,5949,SQUARE,160,80,116,104,139,66,44,-24,-13,6,48,1,0,0,0,0
2026-07-16T02:28:48.406 RX PID,5969,SQUARE,160,80,126,71,135,82,34,9,-11,6,48,1,0,0,0,0
2026-07-16T02:28:48.406 RX PID,5989,SQUARE,160,80,116,69,139,83,44,11,-10,6,48,1,0,0,0,0
2026-07-16T02:28:48.406 RX PID,6009,SQUARE,160,80,159,113,124,62,1,-33,-8,6,48,1,0,0,0,0
2026-07-16T02:28:48.406 RX PID,6029,SQUARE,160,80,118,104,138,66,42,-24,-7,6,48,1,0,0,0,0
2026-07-16T02:28:48.488 RX PID,6049,SQUARE,160,80,116,104,139,66,44,-24,-6,6,48,1,0,0,0,0
2026-07-16T02:28:48.488 RX PID,6069,SQUARE,160,80,116,60,139,88,44,20,-6,6,48,1,0,0,0,0
2026-07-16T02:28:48.488 RX PID,6089,SQUARE,160,80,61,58,158,89,99,22,-5,6,48,1,0,0,0,0
2026-07-16T02:28:48.488 RX PID,6109,SQUARE,160,80,101,58,144,89,59,22,-4,6,48,1,0,0,0,0
2026-07-16T02:28:48.581 RX PID,6129,SQUARE,160,80,104,101,143,68,56,-21,-3,6,48,1,0,0,0,0
2026-07-16T02:28:48.581 RX PID,6149,SQUARE,160,80,71,60,156,88,89,20,-3,6,48,1,0,0,0,0
2026-07-16T02:28:48.581 RX PID,6169,SQUARE,160,80,124,69,137,83,36,11,-1,6,48,1,0,0,0,0
2026-07-16T02:28:48.581 RX PID,6189,SQUARE,160,80,127,113,136,62,33,-33,0,6,48,1,0,0,0,0
2026-07-16T02:28:48.651 RX PID,6209,SQUARE,160,80,105,61,144,87,55,19,2,6,48,1,0,0,0,0
2026-07-16T02:28:48.651 RX PID,6229,SQUARE,160,80,115,101,140,68,45,-21,3,6,48,1,0,0,0,0
2026-07-16T02:28:48.651 RX PID,6249,SQUARE,160,80,159,104,125,66,1,-24,4,6,48,1,0,0,0,0
2026-07-16T02:28:48.651 RX PID,6269,SQUARE,160,80,75,104,154,66,85,-24,5,6,48,1,0,0,0,0
2026-07-16T02:28:48.742 RX PID,6289,SQUARE,160,80,113,60,141,88,47,20,6,6,48,1,0,0,0,0
2026-07-16T02:28:48.742 RX PID,6309,SQUARE,160,80,115,69,140,83,45,11,7,6,48,1,0,0,0,0
2026-07-16T02:28:48.742 RX PID,6329,SQUARE,160,80,115,69,140,83,45,11,9,6,48,1,0,0,0,0
2026-07-16T02:28:48.742 RX PID,6349,SQUARE,160,80,115,102,140,67,45,-22,10,6,48,1,0,0,0,0
2026-07-16T02:28:48.820 RX PID,6369,SQUARE,160,80,115,60,141,88,45,20,11,6,48,1,0,0,0,0
2026-07-16T02:28:48.820 RX PID,6389,SQUARE,160,80,115,69,141,83,45,11,12,6,48,1,0,0,0,0
2026-07-16T02:28:48.820 RX PID,6409,SQUARE,160,80,159,113,126,62,1,-33,13,6,48,1,0,0,0,0
2026-07-16T02:28:48.820 RX PID,6429,SQUARE,160,80,118,104,140,66,42,-24,14,6,48,1,0,0,0,0
2026-07-16T02:28:48.913 RX PID,6449,SQUARE,160,80,116,60,141,88,44,20,16,6,48,1,0,0,0,0
2026-07-16T02:28:48.913 RX PID,6469,SQUARE,160,80,116,69,141,83,44,11,17,6,48,1,0,0,0,0
2026-07-16T02:28:48.913 RX PID,6489,SQUARE,160,80,126,69,137,83,34,11,18,6,48,1,0,0,0,0
2026-07-16T02:28:48.913 RX PID,6509,SQUARE,150,90,249,147,88,55,-99,-57,20,2,16,1,0,0,0,0
2026-07-16T02:28:48.992 RX PID,6529,SQUARE,130,110,124,74,114,110,6,36,22,2,16,1,0,0,0,0
2026-07-16T02:28:48.992 RX PID,6549,SQUARE,120,120,116,69,109,121,4,51,22,2,16,1,0,0,0,0
2026-07-16T02:28:48.992 RX PID,6569,SQUARE,120,120,116,113,109,99,4,7,23,2,16,1,0,0,0,0
2026-07-16T02:28:48.992 RX PID,6589,SQUARE,120,120,116,104,109,104,4,16,24,2,16,1,0,0,0,0
2026-07-16T02:28:49.080 RX PID,6609,SQUARE,120,120,116,71,109,121,4,49,24,2,16,1,0,0,0,0
2026-07-16T02:28:49.080 RX PID,6629,SQUARE,120,120,116,113,109,100,4,7,25,2,16,1,0,0,0,0
2026-07-16T02:28:49.080 RX PID,6649,SQUARE,120,120,116,72,109,121,4,48,26,2,16,1,0,0,0,0
2026-07-16T02:28:49.080 RX PID,6669,SQUARE,120,120,116,105,109,104,4,15,26,2,16,1,0,0,0,0
2026-07-16T02:28:49.157 RX PID,6689,SQUARE,120,120,116,115,109,99,4,5,26,2,16,1,0,0,0,0
2026-07-16T02:28:49.157 RX PID,6709,SQUARE,120,120,116,72,109,121,4,48,27,2,16,1,0,0,0,0
2026-07-16T02:28:49.157 RX PID,6729,SQUARE,120,120,116,113,109,100,4,7,27,2,16,1,0,0,0,0
2026-07-16T02:28:49.157 RX PID,6749,SQUARE,120,120,116,72,109,121,4,48,28,2,16,1,0,0,0,0
2026-07-16T02:28:49.248 RX PID,6769,SQUARE,120,120,116,113,109,101,4,7,29,0,24,1,0,0,0,0
2026-07-16T02:28:49.248 RX PID,6789,SQUARE,120,120,116,104,109,106,4,16,29,0,24,1,0,0,0,0
2026-07-16T02:28:49.248 RX PID,6809,SQUARE,120,120,116,71,109,122,4,49,30,0,24,1,0,0,0,0
2026-07-16T02:28:49.248 RX PID,6829,SQUARE,120,120,116,113,109,101,4,7,30,0,24,1,0,0,0,0
2026-07-16T02:28:49.329 RX PID,6849,SQUARE,120,120,116,72,109,122,4,48,31,0,24,1,0,0,0,0
2026-07-16T02:28:49.329 RX PID,6869,SQUARE,120,120,116,113,109,101,4,7,31,0,24,1,0,0,0,0
2026-07-16T02:28:49.329 RX PID,6889,SQUARE,120,120,126,72,106,123,-6,48,32,0,24,1,0,0,0,0
2026-07-16T02:28:49.329 RX PID,6909,SQUARE,120,120,116,113,109,102,4,7,32,0,24,1,0,0,0,0
2026-07-16T02:28:49.433 RX PID,6929,SQUARE,120,120,116,115,109,101,4,5,33,0,24,1,0,0,0,0
2026-07-16T02:28:49.433 RX PID,6949,SQUARE,120,120,116,72,109,123,4,48,33,0,24,1,0,0,0,0
2026-07-16T02:28:49.433 RX PID,6969,SQUARE,120,120,116,113,109,102,4,7,33,0,24,1,0,0,0,0
2026-07-16T02:28:49.433 RX PID,6989,SQUARE,120,120,116,115,109,101,4,5,33,0,24,1,0,0,0,0
2026-07-16T02:28:49.434 RX PID,7009,SQUARE,120,120,116,115,109,101,4,5,35,0,24,1,0,0,0,0
2026-07-16T02:28:49.514 RX PID,7029,SQUARE,120,120,116,72,109,123,4,48,35,0,24,1,0,0,0,0
2026-07-16T02:28:49.514 RX PID,7049,SQUARE,120,120,116,113,109,102,4,7,35,0,24,1,0,0,0,0
2026-07-16T02:28:49.514 RX PID,7069,SQUARE,120,120,116,115,109,101,4,5,35,0,24,1,0,0,0,0
2026-07-16T02:28:49.514 RX PID,7089,SQUARE,120,120,126,115,106,101,-6,5,37,0,24,1,0,0,0,0
2026-07-16T02:28:49.593 RX PID,7109,SQUARE,120,120,116,72,109,123,4,48,37,0,24,1,0,0,0,0
2026-07-16T02:28:49.593 RX PID,7129,SQUARE,120,120,116,113,109,103,4,7,37,0,24,1,0,0,0,0
2026-07-16T02:28:49.593 RX PID,7149,SQUARE,120,120,126,115,106,102,-6,5,38,0,24,1,0,0,0,0
2026-07-16T02:28:49.593 RX PID,7169,SQUARE,120,120,116,115,109,102,4,5,38,0,24,1,0,0,0,0
2026-07-16T02:28:49.684 RX PID,7189,SQUARE,120,120,116,115,109,102,4,5,38,0,24,1,0,0,0,0
2026-07-16T02:28:49.684 RX PID,7209,SQUARE,120,120,159,115,95,102,-39,5,39,0,24,1,0,0,0,0
2026-07-16T02:28:49.684 RX PID,7229,SQUARE,120,120,118,115,108,102,2,5,39,0,24,1,0,0,0,0
2026-07-16T02:28:49.684 RX PID,7249,SQUARE,120,120,116,115,109,102,4,5,40,-2,8,1,0,0,0,0
2026-07-16T02:28:49.767 RX PID,7269,SQUARE,120,120,126,115,106,102,-6,5,40,-2,8,1,0,0,0,0
2026-07-16T02:28:49.767 RX PID,7289,SQUARE,120,120,116,115,109,102,4,5,40,-2,8,1,0,0,0,0
2026-07-16T02:28:49.767 RX PID,7309,SQUARE,120,120,116,115,109,102,4,5,40,-2,8,1,0,0,0,0
2026-07-16T02:28:49.767 RX PID,7329,SQUARE,112,128,116,115,103,109,-4,13,40,-6,12,1,0,0,0,0
2026-07-16T02:28:49.848 RX PID,7349,SQUARE,96,144,116,115,90,124,-20,29,41,-6,12,1,0,0,0,0
2026-07-16T02:28:49.848 RX PID,7369,SQUARE,80,160,116,115,77,139,-36,45,40,-6,12,1,0,0,0,0
2026-07-16T02:28:49.848 RX PID,7389,SQUARE,80,160,116,115,77,140,-36,45,40,-6,12,1,0,0,0,0
2026-07-16T02:28:49.848 RX PID,7409,SQUARE,80,160,116,115,77,140,-36,45,40,-6,12,1,0,0,0,0
2026-07-16T02:28:49.933 RX PID,7429,SQUARE,80,160,116,115,77,140,-36,45,38,-6,12,1,0,0,0,0
2026-07-16T02:28:49.933 RX PID,7449,SQUARE,80,160,72,126,91,135,8,34,38,-6,12,1,0,0,0,0
2026-07-16T02:28:49.933 RX PID,7469,SQUARE,80,160,113,160,78,119,-33,0,36,-6,12,1,0,0,0,0
2026-07-16T02:28:49.933 RX PID,7489,SQUARE,80,160,104,118,80,140,-24,42,36,-6,12,1,0,0,0,0
2026-07-16T02:28:50.020 RX PID,7510,SQUARE,80,160,113,160,77,119,-33,0,34,-6,12,1,0,0,0,0
2026-07-16T02:28:50.020 RX PID,7530,SQUARE,80,160,94,151,84,123,-14,9,32,-6,12,1,0,0,0,0
2026-07-16T02:28:50.020 RX PID,7550,SQUARE,80,160,71,161,91,119,9,-1,32,-6,12,1,0,0,0,0
2026-07-16T02:28:50.020 RX PID,7570,SQUARE,80,160,113,118,77,140,-33,42,30,-6,12,1,0,0,0,0
2026-07-16T02:28:50.118 RX PID,7590,SQUARE,80,160,72,127,90,135,8,33,28,-6,12,1,0,0,0,0
2026-07-16T02:28:50.118 RX PID,7622,SQUARE,80,160,102,160,81,119,-22,0,26,-6,12,1,0,0,0,0
2026-07-16T02:28:50.118 RX PID,7642,SQUARE,80,160,126,151,72,123,-46,9,24,-6,12,1,0,0,0,0
2026-07-16T02:28:50.118 RX PID,7662,SQUARE,80,160,62,129,94,134,18,31,22,-6,12,1,0,0,0,0
2026-07-16T02:28:50.201 RX PID,7682,SQUARE,80,160,69,160,91,119,11,0,20,-6,12,1,0,0,0,0
2026-07-16T02:28:50.201 RX PID,7702,SQUARE,80,160,69,162,91,118,11,-2,18,-6,12,1,0,0,0,0
2026-07-16T02:28:50.201 RX PID,7722,SQUARE,90,150,69,118,100,131,21,32,17,-2,8,1,0,0,0,0
2026-07-16T02:28:50.201 RX PID,7742,SQUARE,110,130,102,127,104,107,8,3,15,-2,8,1,0,0,0,0
2026-07-16T02:28:50.289 RX PID,7762,SQUARE,120,120,71,160,124,82,49,-40,13,-2,8,1,0,0,0,0
2026-07-16T02:28:50.289 RX PID,7782,SQUARE,120,120,69,162,124,81,51,-42,11,-2,8,1,0,0,0,0
2026-07-16T02:28:50.289 RX PID,7807,SQUARE,120,120,104,127,112,99,16,-7,9,-2,8,1,0,0,0,0
2026-07-16T02:28:50.289 RX PID,7827,SQUARE,120,120,107,124,111,100,13,-4,8,-2,8,1,0,0,0,0
2026-07-16T02:28:50.376 RX PID,7847,SQUARE,120,120,104,116,112,104,16,4,7,-2,8,1,0,0,0,0
2026-07-16T02:28:50.376 RX PID,7867,SQUARE,120,120,104,126,112,98,16,-6,5,-2,8,1,0,0,0,0
2026-07-16T02:28:50.376 RX PID,7887,SQUARE,120,120,69,118,124,102,51,2,3,-2,8,1,0,0,0,0
2026-07-16T02:28:50.376 RX PID,7907,SQUARE,120,120,104,118,113,102,16,2,2,-2,8,1,0,0,0,0
2026-07-16T02:28:50.457 RX PID,7932,SQUARE,120,120,69,116,125,103,51,4,0,-2,8,1,0,0,0,0
2026-07-16T02:28:50.457 RX PID,7953,SQUARE,120,120,91,148,118,87,29,-28,-2,-2,8,1,0,0,0,0
2026-07-16T02:28:50.457 RX PID,7973,SQUARE,120,120,103,161,113,81,17,-41,-3,0,24,1,0,0,0,0
2026-07-16T02:28:50.457 RX PID,7993,SQUARE,120,120,104,118,113,102,16,2,-5,0,24,1,0,0,0,0
2026-07-16T02:28:50.543 RX PID,8013,SQUARE,120,120,104,127,113,97,16,-7,-6,0,24,1,0,0,0,0
2026-07-16T02:28:50.543 RX PID,8033,SQUARE,120,120,104,116,113,102,16,4,-7,0,24,1,0,0,0,0
2026-07-16T02:28:50.543 RX PID,8053,SQUARE,120,120,104,116,113,102,16,4,-9,0,24,1,0,0,0,0
2026-07-16T02:28:50.543 RX PID,8073,SQUARE,120,120,104,126,113,97,16,-6,-10,0,24,1,0,0,0,0
2026-07-16T02:28:50.627 RX PID,8093,SQUARE,120,120,60,116,129,102,60,4,-12,0,24,1,0,0,0,0
2026-07-16T02:28:50.627 RX PID,8113,SQUARE,120,120,69,159,125,81,51,-39,-14,0,24,1,0,0,0,0
2026-07-16T02:28:50.627 RX PID,8133,SQUARE,120,120,113,118,110,101,7,2,-16,0,24,1,0,0,0,0
2026-07-16T02:28:50.627 RX PID,8153,SQUARE,120,120,104,127,113,97,16,-7,-17,0,24,1,0,0,0,0
2026-07-16T02:28:50.716 RX PID,8173,SQUARE,120,120,104,160,113,80,16,-40,-19,0,24,1,0,0,0,0
2026-07-16T02:28:50.716 RX PID,8193,SQUARE,120,120,60,118,129,101,60,2,-21,0,24,1,0,0,0,0
2026-07-16T02:28:50.716 RX PID,8213,SQUARE,120,120,69,127,125,97,51,-7,-22,0,24,1,0,0,0,0
2026-07-16T02:28:50.716 RX PID,8233,SQUARE,120,120,69,160,126,80,51,-40,-24,0,24,1,0,0,0,0
2026-07-16T02:28:50.796 RX PID,8253,SQUARE,120,120,113,118,111,101,7,2,-25,2,16,1,0,0,0,0
2026-07-16T02:28:50.796 RX PID,8273,SQUARE,120,120,104,116,114,102,16,4,-26,2,16,1,0,0,0,0
2026-07-16T02:28:50.796 RX PID,8293,SQUARE,120,120,104,126,114,96,16,-6,-27,2,16,1,0,0,0,0
2026-07-16T02:28:50.796 RX PID,8313,SQUARE,120,120,104,116,114,101,16,4,-29,2,16,1,0,0,0,0
2026-07-16T02:28:50.885 RX PID,8333,SQUARE,120,120,71,126,126,96,49,-6,-30,2,16,1,0,0,0,0
2026-07-16T02:28:50.885 RX PID,8353,SQUARE,120,120,69,160,126,79,51,-40,-32,2,16,1,0,0,0,0
2026-07-16T02:28:50.885 RX PID,8373,SQUARE,120,120,69,118,126,100,51,2,-34,2,16,1,0,0,0,0
2026-07-16T02:28:50.885 RX PID,8393,SQUARE,136,104,69,127,139,81,67,-23,-35,6,48,1,0,0,0,0
2026-07-16T02:28:50.966 RX PID,8413,SQUARE,152,88,69,160,152,49,83,-72,-37,6,48,1,0,0,0,0
2026-07-16T02:28:50.966 RX PID,8433,SQUARE,160,80,113,75,143,82,47,5,-36,6,48,1,0,0,0,0
2026-07-16T02:28:50.966 RX PID,8453,SQUARE,160,80,104,113,146,64,56,-33,-37,6,48,1,0,0,0,0
2026-07-16T02:28:50.966 RX PID,8473,SQUARE,160,80,115,115,143,63,45,-35,-37,6,48,1,0,0,0,0
2026-07-16T02:28:51.053 RX PID,8493,SQUARE,160,80,105,72,147,84,55,8,-37,6,48,1,0,0,0,0
2026-07-16T02:28:51.053 RX PID,8513,SQUARE,160,80,115,113,143,64,45,-33,-37,6,48,1,0,0,0,0
2026-07-16T02:28:51.054 RX PID,8533,SQUARE,160,80,105,115,147,62,55,-35,-38,6,48,1,0,0,0,0
2026-07-16T02:28:51.054 RX PID,8556,SQUARE,160,80,113,115,144,62,47,-35,-38,6,48,1,0,0,0,0
2026-07-16T02:28:51.139 RX PID,8576,SQUARE,160,80,137,94,136,72,23,-14,-37,6,48,1,0,0,0,0
2026-07-16T02:28:51.139 RX PID,8596,SQUARE,160,80,117,71,143,83,43,9,-36,6,48,1,0,0,0,0
2026-07-16T02:28:51.139 RX PID,8616,SQUARE,160,80,116,113,143,62,44,-33,-36,6,48,1,0,0,0,0
2026-07-16T02:28:51.139 RX PID,8636,SQUARE,160,80,116,115,143,61,44,-35,-35,6,48,1,0,0,0,0
2026-07-16T02:28:51.221 RX PID,8656,SQUARE,160,80,126,105,139,66,34,-25,-34,6,48,1,0,0,0,0
2026-07-16T02:28:51.221 RX PID,8676,SQUARE,160,80,116,115,143,61,44,-35,-34,6,48,1,0,0,0,0
2026-07-16T02:28:51.221 RX PID,8696,SQUARE,160,80,116,105,143,66,44,-25,-33,6,48,1,0,0,0,0
2026-07-16T02:28:51.221 RX PID,8716,SQUARE,160,80,116,71,143,82,44,9,-32,6,48,1,0,0,0,0
2026-07-16T02:28:51.300 RX PID,8736,SQUARE,160,80,126,69,140,83,34,11,-30,6,48,1,0,0,0,0
2026-07-16T02:28:51.300 RX PID,8756,SQUARE,160,80,116,113,144,62,44,-33,-29,6,48,1,0,0,0,0
2026-07-16T02:28:51.300 RX PID,8776,SQUARE,160,80,116,104,144,66,44,-24,-29,6,48,1,0,0,0,0
2026-07-16T02:28:51.300 RX PID,8796,SQUARE,160,80,159,71,129,81,1,9,-28,6,48,1,0,0,0,0
2026-07-16T02:28:51.390 RX PID,8816,SQUARE,160,80,118,113,143,61,42,-33,-28,6,48,1,0,0,0,0
2026-07-16T02:28:51.390 RX PID,8836,SQUARE,160,80,116,72,144,81,44,8,-26,6,48,1,0,0,0,0
2026-07-16T02:28:51.390 RX PID,8856,SQUARE,160,80,116,113,144,61,44,-33,-26,6,48,1,0,0,0,0
2026-07-16T02:28:51.390 RX PID,8876,SQUARE,160,80,159,72,129,81,1,8,-25,6,48,1,0,0,0,0
2026-07-16T02:28:51.464 RX PID,8896,SQUARE,160,80,118,113,143,61,42,-33,-24,6,48,1,0,0,0,0
2026-07-16T02:28:51.464 RX PID,8916,SQUARE,160,80,116,72,144,81,44,8,-23,6,48,1,0,0,0,0
2026-07-16T02:28:51.464 RX PID,8936,SQUARE,160,80,116,113,144,60,44,-33,-22,6,48,1,0,0,0,0
2026-07-16T02:28:51.464 RX PID,8956,SQUARE,160,80,116,104,144,64,44,-24,-22,6,48,1,0,0,0,0
2026-07-16T02:28:51.556 RX PID,8976,SQUARE,160,80,126,115,140,59,34,-35,-21,6,48,1,0,0,0,0
2026-07-16T02:28:51.556 RX PID,8996,SQUARE,160,80,116,72,144,80,44,8,-20,6,48,1,0,0,0,0
2026-07-16T02:28:51.556 RX PID,9016,SQUARE,160,80,116,113,145,60,44,-33,-19,6,48,1,0,0,0,0
2026-07-16T02:28:51.556 RX PID,9036,SQUARE,160,80,116,104,145,64,44,-24,-19,6,48,1,0,0,0,0
2026-07-16T02:28:51.641 RX PID,9056,SQUARE,160,80,116,71,145,80,44,9,-18,6,48,1,0,0,0,0
2026-07-16T02:28:51.641 RX PID,9076,SQUARE,160,80,116,113,145,59,44,-33,-17,6,48,1,0,0,0,0
2026-07-16T02:28:51.641 RX PID,9096,SQUARE,160,80,116,72,145,79,44,8,-17,6,48,1,0,0,0,0
2026-07-16T02:28:51.641 RX PID,9116,SQUARE,160,80,116,69,145,80,44,11,-16,6,48,1,0,0,0,0
2026-07-16T02:28:51.723 RX PID,9136,SQUARE,196,44,116,113,175,26,80,-69,-16,11,32,1,0,0,0,0
2026-07-16T02:28:51.723 RX PID,9156,SQUARE,220,20,159,104,179,6,61,-84,-14,11,32,1,0,0,0,0
2026-07-16T02:28:51.723 RX PID,9176,SQUARE,220,20,118,17,194,49,102,3,-11,11,32,1,0,0,0,0
2026-07-16T02:28:51.723 RX PID,9196,SQUARE,220,20,116,66,195,25,104,-46,-9,11,32,1,0,0,0,0
2026-07-16T02:28:51.808 RX PID,9216,SQUARE,220,20,126,58,191,29,94,-38,-7,6,48,1,0,0,0,0
2026-07-16T02:28:51.808 RX PID,9236,SQUARE,220,20,127,58,191,28,93,-38,-4,6,48,1,0,0,0,0
2026-07-16T02:28:51.808 RX PID,9256,SQUARE,220,20,127,58,191,28,93,-38,-1,6,48,1,0,0,0,0
2026-07-16T02:28:51.808 RX PID,9281,SQUARE,220,20,162,58,179,28,58,-38,4,6,48,1,0,0,0,0
2026-07-16T02:28:51.890 RX PID,9302,SQUARE,204,36,162,68,165,38,42,-32,7,6,48,1,0,0,0,0
2026-07-16T02:28:51.890 RX PID,9322,SQUARE,188,52,173,58,149,57,15,-6,11,6,48,1,0,0,0,0
2026-07-16T02:28:51.890 RX PID,9342,SQUARE,172,68,163,58,140,73,9,10,14,6,48,1,0,0,0,0
2026-07-16T02:28:51.890 RX PID,9362,SQUARE,160,80,129,58,141,84,31,22,16,6,48,1,0,0,0,0
2026-07-16T02:28:51.987 RX PID,9382,SQUARE,160,80,127,68,142,79,33,12,18,6,48,1,0,0,0,0
2026-07-16T02:28:51.987 RX PID,9402,SQUARE,160,80,127,58,142,84,33,22,21,6,48,1,0,0,0,0
2026-07-16T02:28:51.987 RX PID,9422,SQUARE,160,80,127,58,142,84,33,22,24,6,48,1,0,0,0,0
2026-07-16T02:28:51.987 RX PID,9442,SQUARE,160,80,127,58,142,84,33,22,27,6,48,1,0,0,0,0
2026-07-16T02:28:52.070 RX PID,9462,SQUARE,160,80,127,68,142,79,33,12,31,6,48,1,0,0,0,0
2026-07-16T02:28:52.070 RX PID,9482,SQUARE,160,80,127,58,143,84,33,22,33,6,48,1,0,0,0,0
2026-07-16T02:28:52.070 RX PID,9502,SQUARE,160,80,127,58,143,84,33,22,36,6,48,1,0,0,0,0
2026-07-16T02:28:52.070 RX PID,9522,SQUARE,160,80,171,101,129,63,-11,-21,39,6,48,1,0,0,0,0
2026-07-16T02:28:52.153 RX PID,9542,SQUARE,160,80,162,60,132,83,-2,20,42,6,48,1,0,0,0,0
2026-07-16T02:28:52.153 RX PID,9562,SQUARE,140,100,129,58,126,104,11,42,45,2,16,1,0,0,0,0
2026-07-16T02:28:52.153 RX PID,9582,SQUARE,120,120,127,58,112,123,-7,62,48,2,16,1,0,0,0,0
2026-07-16T02:28:52.153 RX PID,9602,SQUARE,120,120,127,101,111,101,-7,19,51,2,16,1,0,0,0,0
2026-07-16T02:28:52.237 RX PID,9622,SQUARE,120,120,171,60,96,123,-51,60,53,2,16,1,0,0,0,0
2026-07-16T02:28:52.237 RX PID,9642,SQUARE,120,120,119,69,113,118,1,51,55,0,24,1,0,0,0,0
2026-07-16T02:28:52.237 RX PID,9662,SQUARE,120,120,127,102,111,102,-7,18,58,0,24,1,0,0,0,0
2026-07-16T02:28:52.237 RX PID,9682,SQUARE,120,120,127,60,111,124,-7,60,59,0,24,1,0,0,0,0
2026-07-16T02:28:52.321 RX PID,9702,SQUARE,120,120,127,69,111,119,-7,51,61,0,24,1,0,0,0,0
2026-07-16T02:28:52.321 RX PID,9722,SQUARE,120,120,160,113,99,97,-40,7,63,0,24,1,0,0,0,0
2026-07-16T02:28:52.321 RX PID,9742,SQUARE,120,120,118,61,113,123,2,59,65,0,24,1,0,0,0,0
2026-07-16T02:28:52.321 RX PID,9762,SQUARE,120,120,127,112,111,98,-7,8,65,0,24,1,0,0,0,0
2026-07-16T02:28:52.405 RX PID,9782,SQUARE,120,120,160,104,99,103,-40,16,67,0,24,1,0,0,0,0
2026-07-16T02:28:52.405 RX PID,9802,SQUARE,120,120,162,71,99,119,-42,49,69,0,24,1,0,0,0,0
2026-07-16T02:28:52.405 RX PID,9822,SQUARE,120,120,118,113,113,98,2,7,70,-2,8,1,0,0,0,0
2026-07-16T02:28:52.405 RX PID,9842,SQUARE,112,128,127,72,104,126,-15,56,72,-6,12,1,0,0,0,0
2026-07-16T02:28:52.488 RX PID,9862,SQUARE,96,144,127,113,92,120,-31,31,72,-6,12,1,0,0,0,0
2026-07-16T02:28:52.488 RX PID,9882,SQUARE,80,160,116,104,82,141,-36,56,74,-6,12,1,0,0,0,0
2026-07-16T02:28:52.488 RX PID,9902,SQUARE,80,160,126,115,78,135,-46,45,74,-6,12,1,0,0,0,0
2026-07-16T02:28:52.488 RX PID,9922,SQUARE,80,160,116,115,82,136,-36,45,74,-6,12,1,0,0,0,0
2026-07-16T02:28:52.566 RX PID,9942,SQUARE,80,160,116,115,82,136,-36,45,74,-6,12,1,0,0,0,0
2026-07-16T02:28:52.566 RX PID,9962,SQUARE,80,160,159,115,66,136,-79,45,75,-6,12,1,0,0,0,0
2026-07-16T02:28:52.566 RX PID,9982,SQUARE,80,160,118,159,80,114,-38,1,74,-6,12,1,0,0,0,0
2026-07-16T02:28:52.566 RX PID,10002,SQUARE,80,160,105,118,85,136,-25,42,74,-6,12,1,0,0,0,0
2026-07-16T02:28:52.653 RX PID,10022,SQUARE,80,160,126,159,77,115,-46,1,73,-6,12,1,0,0,0,0
2026-07-16T02:28:52.653 RX PID,10042,SQUARE,80,160,116,118,81,136,-36,42,72,-6,12,1,0,0,0,0
2026-07-16T02:28:52.653 RX PID,10062,SQUARE,80,160,105,127,85,131,-25,33,71,-6,12,1,0,0,0,0
2026-07-16T02:28:52.653 RX PID,10082,SQUARE,62,178,115,127,67,148,-53,51,70,-11,4,1,0,0,0,0
2026-07-16T02:28:52.735 RX PID,10102,SQUARE,26,214,115,160,37,167,-89,54,69,-11,4,1,0,0,0,0
2026-07-16T02:28:52.735 RX PID,10122,SQUARE,20,220,105,129,37,188,-85,91,66,-11,4,1,0,0,0,0
2026-07-16T02:28:52.735 RX PID,10142,SQUARE,20,220,60,127,52,190,-40,93,62,-11,4,1,0,0,0,0
2026-07-16T02:28:52.735 RX PID,10162,SQUARE,20,220,101,171,38,168,-81,49,60,-11,4,1,0,0,0,0
2026-07-16T02:28:52.821 RX PID,10182,SQUARE,20,220,104,173,36,168,-84,47,57,-11,4,1,0,0,0,0
2026-07-16T02:28:52.821 RX PID,10202,SQUARE,20,220,60,173,51,168,-40,47,54,-11,4,1,0,0,0,0
2026-07-16T02:28:52.821 RX PID,10222,SQUARE,20,220,58,173,52,168,-38,47,49,-11,4,1,0,0,0,0
2026-07-16T02:28:52.821 RX PID,10242,SQUARE,20,220,68,217,49,146,-48,3,44,-11,4,1,0,0,0,0
2026-07-16T02:28:52.902 RX PID,10262,SQUARE,20,220,58,176,52,168,-38,44,40,-11,4,1,0,0,0,0
2026-07-16T02:28:52.902 RX PID,10282,SQUARE,20,220,58,217,52,147,-38,3,36,-11,4,1,0,0,0,0
2026-07-16T02:28:52.902 RX PID,10302,SQUARE,20,220,58,220,52,146,-38,0,31,-6,12,1,0,0,0,0
2026-07-16T02:28:52.902 RX PID,10322,SQUARE,20,220,58,220,52,146,-38,0,27,-6,12,1,0,0,0,0
2026-07-16T02:28:52.986 RX PID,10342,SQUARE,20,220,58,176,52,168,-38,44,22,-6,12,1,0,0,0,0
2026-07-16T02:28:52.986 RX PID,10362,SQUARE,36,204,58,228,65,127,-22,-24,16,-6,12,1,0,0,0,0
2026-07-16T02:28:52.986 RX PID,10382,SQUARE,52,188,14,220,92,116,38,-32,11,-6,12,1,0,0,0,0
2026-07-16T02:28:52.986 RX PID,10402,SQUARE,68,172,11,176,106,123,57,-4,5,-6,12,1,0,0,0,0
2026-07-16T02:28:53.071 RX PID,10422,SQUARE,80,160,55,185,100,107,25,-25,-1,-6,12,1,0,0,0,0
2026-07-16T02:28:53.071 RX PID,10442,SQUARE,80,160,46,218,103,90,34,-58,-5,-6,12,1,0,0,0,0
2026-07-16T02:28:53.071 RX PID,10462,SQUARE,80,160,57,176,100,110,23,-16,-10,-6,12,1,0,0,0,0
2026-07-16T02:28:53.071 RX PID,10482,SQUARE,100,140,47,174,120,93,53,-34,-14,-2,8,1,0,0,0,0
2026-07-16T02:28:53.138 RX PID,10502,SQUARE,120,120,57,130,133,96,63,-10,-19,-2,8,1,0,0,0,0
2026-07-16T02:28:53.138 RX PID,10522,SQUARE,120,120,14,171,148,76,106,-51,-22,0,24,1,0,0,0,0
2026-07-16T02:28:53.138 RX PID,10542,SQUARE,120,120,55,130,134,95,65,-10,-25,0,24,1,0,0,0,0
2026-07-16T02:28:53.223 RX PID,10562,SQUARE,120,120,57,160,134,80,63,-40,-29,0,24,1,0,0,0,0
2026-07-16T02:28:53.223 RX PID,10582,SQUARE,120,120,57,129,134,96,63,-9,-32,0,24,1,0,0,0,0
2026-07-16T02:28:53.223 RX PID,10602,SQUARE,120,120,101,127,118,97,19,-7,-35,0,24,1,0,0,0,0
2026-07-16T02:28:53.223 RX PID,10622,SQUARE,120,120,60,171,133,75,60,-51,-38,0,24,1,0,0,0,0
2026-07-16T02:28:53.304 RX PID,10642,SQUARE,120,120,58,162,133,78,62,-42,-40,0,24,1,0,0,0,0
2026-07-16T02:28:53.304 RX PID,10662,SQUARE,120,120,58,162,133,78,62,-42,-43,0,24,1,0,0,0,0
2026-07-16T02:28:53.304 RX PID,10682,SQUARE,120,120,68,162,130,78,52,-42,-46,0,24,1,0,0,0,0
2026-07-16T02:28:53.304 RX PID,10702,SQUARE,120,120,58,118,133,100,62,2,-47,0,24,1,0,0,0,0
2026-07-16T02:28:53.389 RX PID,10722,SQUARE,115,125,58,116,129,105,57,9,-50,-3,28,1,0,0,0,0
2026-07-16T02:28:53.389 RX PID,10742,SQUARE,110,130,68,126,122,105,42,4,-52,-3,28,1,0,0,0,0
2026-07-16T02:28:53.389 RX PID,10762,SQUARE,140,140,58,116,140,140,82,24,-53,0,62,0,0,0,1,0
2026-07-16T02:28:53.389 RX PID,10782,SQUARE,140,140,58,159,140,140,82,-19,-56,0,62,0,0,0,1,0
2026-07-16T02:28:53.470 RX PID,10802,SQUARE,140,140,68,129,140,140,72,11,-58,0,62,0,0,0,1,0
2026-07-16T02:28:53.470 RX PID,10822,SQUARE,-185,185,102,127,-185,185,-287,58,-62,0,62,0,2,0,2,1
2026-07-16T02:28:53.470 RX PID,10842,SQUARE,-185,185,49,171,-185,185,-234,14,-66,0,31,0,6,0,2,3
2026-07-16T02:28:53.470 RX PID,10862,SQUARE,-185,185,3,130,-185,185,-188,55,-72,0,31,0,11,0,2,4
2026-07-16T02:28:53.535 RX PID,10882,SQUARE,-185,185,0,182,-185,185,-185,3,-79,0,31,0,21,0,2,6
2026-07-16T02:28:53.535 RX PID,10902,SQUARE,-185,185,43,185,-185,185,-228,0,-85,0,15,0,33,0,2,8
2026-07-16T02:28:53.535 RX PID,10925,SQUARE,-185,185,54,176,-185,185,-239,9,-89,0,15,0,40,0,2,10
2026-07-16T02:28:53.613 RX PID,10945,SQUARE,-185,185,79,228,-185,185,-264,-43,-93,0,14,0,74,0,2,14
2026-07-16T02:28:53.613 RX PID,10965,SQUARE,-185,185,70,231,-185,185,-255,-46,-98,0,14,0,93,0,2,17
2026-07-16T02:28:53.613 RX PID,10985,SQUARE,-185,185,113,188,-185,185,-298,-3,-101,0,14,0,113,0,2,21
2026-07-16T02:28:53.613 RX PID,11005,SQUARE,-185,185,115,229,-185,185,-300,-44,-104,0,14,0,133,0,2,24
2026-07-16T02:28:53.682 RX PID,11025,SQUARE,-185,185,115,231,-185,185,-300,-46,-108,0,14,0,156,0,2,27
2026-07-16T02:28:53.682 RX PID,11045,SQUARE,-185,185,126,221,-185,185,-311,-36,-110,0,12,0,179,0,2,31
2026-07-16T02:28:53.682 RX PID,11065,SQUARE,-185,185,171,187,-185,185,-356,-2,-112,0,12,0,202,0,2,35
2026-07-16T02:28:53.760 RX PID,11085,SQUARE,-185,185,173,229,-185,185,-358,-44,-114,0,12,0,227,0,2,39
2026-07-16T02:28:53.760 RX PID,11105,SQUARE,-185,185,173,231,-185,185,-358,-46,-115,0,24,0,252,0,2,43
2026-07-16T02:28:53.760 RX PID,11125,SQUARE,-185,185,184,188,-185,185,-369,-3,-115,0,24,0,277,0,2,47
2026-07-16T02:28:53.760 RX PID,11145,SQUARE,-185,185,229,229,-185,185,-414,-44,-116,0,24,0,305,0,2,52
2026-07-16T02:28:53.830 RX PID,11165,SQUARE,-185,185,220,231,-185,185,-405,-46,-115,0,24,0,333,0,2,56
2026-07-16T02:28:53.830 RX PID,11185,SQUARE,-185,185,231,221,-185,185,-416,-36,-114,0,16,0,360,0,2,60
2026-07-16T02:28:53.830 RX PID,11205,SQUARE,-185,185,275,220,-185,185,-460,-35,-112,0,48,0,388,0,2,65
2026-07-16T02:28:53.895 RX PID,11225,SQUARE,-185,185,278,220,-185,185,-463,-35,-110,0,48,0,418,0,2,69
2026-07-16T02:28:53.895 RX PID,11245,SQUARE,-140,140,234,220,-140,140,-374,-80,-109,0,32,0,447,0,3,74
2026-07-16T02:28:53.895 RX PID,11265,SQUARE,-140,140,243,220,-140,140,-383,-80,-108,0,32,0,476,0,3,78
2026-07-16T02:28:53.966 RX PID,11285,SQUARE,-140,140,232,220,-140,140,-372,-80,-106,0,32,0,504,0,3,83
2026-07-16T02:28:53.976 RX PID,11305,SQUARE,-140,140,275,176,-140,140,-415,-36,-104,0,32,0,532,0,3,87
2026-07-16T02:28:53.976 RX PID,11325,SQUARE,-140,140,234,185,-140,140,-374,-45,-103,0,64,0,559,0,3,91
2026-07-16T02:28:53.976 RX PID,11345,SQUARE,-140,140,232,218,-140,140,-372,-78,-102,0,64,0,586,0,3,96
2026-07-16T02:28:54.041 RX PID,11365,SQUARE,-140,140,232,176,-140,140,-372,-36,-100,0,64,0,626,0,3,100
2026-07-16T02:28:54.041 RX PID,11385,SQUARE,-140,140,232,185,-140,140,-372,-45,-99,0,64,0,652,0,3,104
2026-07-16T02:28:54.041 RX PID,11405,SQUARE,-140,140,221,174,-140,140,-361,-34,-98,0,64,0,677,0,3,108
2026-07-16T02:28:54.102 RX PID,11425,SQUARE,-140,140,231,217,-140,140,-371,-77,-97,0,0,0,702,0,3,112
2026-07-16T02:28:54.102 RX PID,11445,SQUARE,-140,140,221,176,-140,140,-361,-36,-95,0,0,0,727,0,3,116
2026-07-16T02:28:54.102 RX PID,11465,SQUARE,-140,140,231,174,-140,140,-371,-34,-93,0,0,0,753,0,3,120
2026-07-16T02:28:54.192 RX PID,11485,SQUARE,-140,140,231,174,-140,140,-371,-34,-92,0,0,0,778,0,3,124
2026-07-16T02:28:54.192 RX PID,11505,SQUARE,-140,140,188,174,-140,140,-328,-34,-91,0,0,0,803,0,3,128
2026-07-16T02:28:54.192 RX PID,11530,SQUARE,-140,140,221,174,-140,140,-361,-34,-89,0,1,0,815,0,3,130
2026-07-16T02:28:54.192 RX PID,11550,SQUARE,-140,140,242,217,-140,140,-382,-77,-88,0,3,0,863,0,3,137
2026-07-16T02:28:54.254 RX PID,11570,SQUARE,-140,140,232,176,-140,140,-372,-36,-87,0,2,0,887,0,3,140
2026-07-16T02:28:54.254 RX PID,11590,SQUARE,112,168,221,174,45,96,-109,-6,-85,-25,2,1,900,0,4,142
2026-07-16T02:28:54.254 RX PID,11610,SQUARE,76,204,122,174,50,130,-46,30,-87,-18,6,1,900,0,4,142
2026-07-16T02:28:54.341 RX PID,11630,SQUARE,40,240,72,174,39,163,-32,66,-91,-18,6,1,900,0,4,142
2026-07-16T02:28:54.341 RX PID,11650,SQUARE,20,260,58,174,28,183,-38,86,-94,-11,4,1,900,0,4,142
2026-07-16T02:28:54.341 RX PID,11670,SQUARE,20,260,47,163,32,188,-27,97,-99,-11,4,1,900,0,4,142
2026-07-16T02:28:54.341 RX PID,11690,SQUARE,20,260,13,173,43,184,7,87,-103,-11,4,1,900,0,4,142
2026-07-16T02:28:54.396 RX PID,11710,SQUARE,20,260,11,173,44,185,9,87,-108,-11,4,1,900,0,4,142
2026-07-16T02:28:54.396 RX TURN DONE,1,900,959
2026-07-16T02:28:54.396 RX PID,11730,SQUARE,20,220,11,173,44,145,9,47,-114,-6,12,1,900,1,0,142
2026-07-16T02:28:54.396 RX PID,11750,SQUARE,20,220,11,173,44,145,9,47,-119,-6,12,1,900,1,0,142
2026-07-16T02:28:54.396 RX PID,11770,SQUARE,20,220,0,173,48,145,20,47,-125,-6,12,1,900,1,0,142
2026-07-16T02:28:54.487 RX PID,11790,SQUARE,40,200,0,184,64,122,40,16,-132,-2,8,1,900,1,0,142
2026-07-16T02:28:54.487 RX PID,11810,SQUARE,60,180,0,207,80,92,60,-27,-138,-2,8,1,900,1,0,142
2026-07-16T02:28:54.487 RX PID,11830,SQUARE,80,160,0,132,96,110,80,28,-143,-2,8,1,900,1,0,142
2026-07-16T02:28:54.568 RX PID,11850,SQUARE,100,140,43,171,97,73,57,-31,-148,-2,8,1,900,1,0,142
2026-07-16T02:28:54.568 RX PID,11870,SQUARE,120,120,46,162,112,57,74,-42,-152,-2,8,1,900,1,0,142
2026-07-16T02:28:54.568 RX PID,11890,SQUARE,120,120,46,118,112,79,74,2,-155,-2,8,1,900,1,0,142
2026-07-16T02:28:54.568 RX PID,11910,SQUARE,120,120,2,127,129,75,118,-7,-159,-2,8,1,900,1,0,142
2026-07-16T02:28:54.651 RX PID,11930,SQUARE,120,120,11,116,126,80,109,4,-163,-2,8,1,900,1,0,142
2026-07-16T02:28:54.651 RX PID,11950,SQUARE,120,120,11,116,126,80,109,4,-166,-2,8,1,900,1,0,142
2026-07-16T02:28:54.651 RX PID,11970,SQUARE,120,120,11,159,126,59,109,-39,-169,-2,8,1,900,1,0,142
2026-07-16T02:28:54.651 RX PID,11990,SQUARE,120,120,11,118,126,79,109,2,-172,-2,8,1,900,1,0,142
2026-07-16T02:28:54.717 RX PID,12010,SQUARE,120,120,11,72,126,102,109,48,-175,-2,8,1,900,1,0,142
2026-07-16T02:28:54.717 RX PID,12030,SQUARE,120,120,11,69,127,104,109,51,-177,-2,8,1,900,1,0,142
2026-07-16T02:28:54.717 RX PID,12050,SQUARE,120,120,11,113,127,82,109,7,-178,-2,8,1,900,1,0,142
2026-07-16T02:28:54.799 RX PID,12070,SQUARE,120,120,11,104,127,87,109,16,-180,-2,8,1,900,1,0,142
2026-07-16T02:28:54.799 RX PID,12090,SQUARE,120,120,55,104,111,87,65,16,-182,-2,8,1,900,1,0,142
2026-07-16T02:28:54.799 RX PID,12110,SQUARE,120,120,46,104,114,87,74,16,-184,0,24,1,900,1,0,142
2026-07-16T02:28:54.799 RX PID,12130,SQUARE,120,120,13,104,127,88,107,16,-187,0,24,1,900,1,0,142
2026-07-16T02:28:54.866 RX PID,12150,SQUARE,120,120,11,71,128,104,109,49,-188,0,24,1,900,1,0,142
2026-07-16T02:28:54.866 RX PID,12170,SQUARE,120,120,55,69,112,105,65,51,-190,0,24,1,900,1,0,142
2026-07-16T02:28:54.866 RX PID,12190,SQUARE,120,120,46,113,115,83,74,7,-192,0,24,1,900,1,0,142
2026-07-16T02:28:54.942 RX PID,12210,SQUARE,120,120,13,104,127,88,107,16,-194,0,24,1,900,1,0,142
2026-07-16T02:28:54.942 RX PID,12230,SQUARE,120,120,11,71,128,104,109,49,-196,2,16,1,900,1,0,142
2026-07-16T02:28:54.942 RX PID,12250,SQUARE,120,120,55,113,113,84,65,7,-198,2,16,1,900,1,0,142
2026-07-16T02:28:54.942 RX PID,12270,SQUARE,120,120,46,104,116,89,74,16,-200,2,16,1,900,1,0,142
2026-07-16T02:28:55.024 RX PID,12290,SQUARE,120,120,13,104,128,89,107,16,-202,2,16,1,900,1,0,142
2026-07-16T02:28:55.024 RX PID,12310,SQUARE,120,120,55,115,113,83,65,5,-204,2,16,1,900,1,0,142
2026-07-16T02:28:55.024 RX PID,12330,SQUARE,120,120,46,105,116,88,74,15,-207,2,16,1,900,1,0,142
2026-07-16T02:28:55.024 RX PID,12350,SQUARE,120,120,57,71,113,105,63,49,-208,2,16,1,900,1,0,142
2026-07-16T02:28:55.094 RX PID,12370,SQUARE,120,120,47,113,117,85,73,7,-210,2,16,1,900,1,0,142
2026-07-16T02:28:55.094 RX PID,12390,SQUARE,120,120,57,104,114,90,63,16,-212,2,16,1,900,1,0,142
2026-07-16T02:28:55.095 RX PID,12410,SQUARE,120,120,47,71,117,106,73,49,-213,2,16,1,900,1,0,142
2026-07-16T02:28:55.178 RX PID,12430,SQUARE,120,120,57,113,114,85,63,7,-215,2,16,1,900,1,0,142
2026-07-16T02:28:55.178 RX PID,12450,SQUARE,120,120,14,72,129,106,106,48,-217,2,16,1,900,1,0,142
2026-07-16T02:28:55.178 RX PID,12470,SQUARE,120,120,55,113,114,85,65,7,-220,2,16,1,900,1,0,142
2026-07-16T02:28:55.178 RX PID,12490,SQUARE,120,120,57,115,114,84,63,5,-222,2,16,1,900,1,0,142
2026-07-16T02:28:55.262 RX PID,12510,SQUARE,120,120,57,115,114,84,63,5,-223,2,16,1,900,1,0,142
2026-07-16T02:28:55.262 RX PID,12530,SQUARE,120,120,47,105,118,90,73,15,-225,2,16,1,900,1,0,142
2026-07-16T02:28:55.262 RX PID,12550,SQUARE,120,120,57,115,115,85,63,5,-227,2,16,1,900,1,0,142
2026-07-16T02:28:55.262 RX PID,12575,SQUARE,128,112,57,115,120,78,71,-3,-229,6,48,1,900,1,0,142
2026-07-16T02:28:55.323 RX PID,12595,SQUARE,144,96,68,137,130,51,76,-41,-231,6,48,1,900,1,0,142
2026-07-16T02:28:55.323 RX PID,12615,SQUARE,160,80,58,62,146,73,102,18,-231,6,48,1,900,1,0,142
2026-07-16T02:28:55.323 RX PID,12635,SQUARE,160,80,58,112,146,48,102,-32,-232,6,48,1,900,1,0,142
2026-07-16T02:28:55.404 RX PID,12655,SQUARE,160,80,58,61,147,73,102,19,-233,6,48,1,900,1,0,142
2026-07-16T02:28:55.404 RX PID,12675,SQUARE,160,80,101,112,132,48,59,-32,-234,6,48,1,900,1,0,142
2026-07-16T02:28:55.415 RX PID,12695,SQUARE,160,80,60,104,147,52,100,-24,-234,6,48,1,900,1,0,142
2026-07-16T02:28:55.415 RX PID,12715,SQUARE,160,80,58,104,147,52,102,-24,-235,6,48,1,900,1,0,142
2026-07-16T02:28:55.497 RX PID,12735,SQUARE,160,80,68,104,144,52,92,-24,-236,6,48,1,900,1,0,142
2026-07-16T02:28:55.497 RX PID,12755,SQUARE,178,62,58,104,163,36,120,-42,-236,11,32,1,900,1,0,142
2026-07-16T02:28:55.497 RX PID,12775,SQUARE,214,26,68,60,189,24,146,-34,-235,11,32,1,900,1,0,142
2026-07-16T02:28:55.497 RX PID,12795,SQUARE,220,20,102,58,182,18,118,-38,-235,11,32,1,900,1,0,142
2026-07-16T02:28:55.560 RX PID,12815,SQUARE,220,20,104,3,181,45,116,17,-232,11,32,1,900,1,0,142
2026-07-16T02:28:55.560 RX PID,12835,SQUARE,220,20,104,54,182,20,116,-34,-230,11,32,1,900,1,0,142
2026-07-16T02:28:55.560 RX PID,12855,SQUARE,220,20,71,46,194,24,149,-26,-228,11,32,1,900,1,0,142
2026-07-16T02:28:55.643 RX PID,12875,SQUARE,220,20,113,46,179,24,107,-26,-226,11,32,1,900,1,0,142
2026-07-16T02:28:55.643 RX PID,12895,SQUARE,220,20,104,13,182,40,116,7,-223,6,48,1,900,1,0,142
2026-07-16T02:28:55.643 RX PID,12915,SQUARE,220,20,115,44,179,25,105,-24,-220,6,48,1,900,1,0,142
2026-07-16T02:28:55.643 RX PID,12935,SQUARE,220,20,115,46,179,24,105,-26,-217,6,48,1,900,1,0,142
2026-07-16T02:28:55.726 RX PID,12955,SQUARE,204,36,115,46,166,39,89,-10,-214,6,48,1,900,1,0,142
2026-07-16T02:28:55.726 RX PID,12975,SQUARE,188,52,159,13,138,70,29,39,-211,6,48,1,900,1,0,142
2026-07-16T02:28:55.726 RX PID,12995,SQUARE,172,68,118,55,139,64,54,13,-209,6,48,1,900,1,0,142
2026-07-16T02:28:55.726 RX PID,13015,SQUARE,160,80,116,57,130,74,44,23,-206,6,48,1,900,1,0,142
2026-07-16T02:28:55.791 RX PID,13035,SQUARE,160,80,116,57,130,74,44,23,-204,6,48,1,900,1,0,142
2026-07-16T02:28:55.791 RX PID,13055,SQUARE,160,80,116,14,130,97,44,66,-202,6,48,1,900,1,0,142
2026-07-16T02:28:55.791 RX PID,13075,SQUARE,160,80,116,55,130,76,44,25,-200,6,48,1,900,1,0,142
2026-07-16T02:28:55.875 RX PID,13095,SQUARE,160,80,116,57,131,75,44,23,-198,6,48,1,900,1,0,142
2026-07-16T02:28:55.875 RX PID,13115,SQUARE,160,80,116,57,131,75,44,23,-196,6,48,1,900,1,0,142
2026-07-16T02:28:55.875 RX PID,13135,SQUARE,160,80,116,68,131,70,44,12,-194,6,48,1,900,1,0,142
2026-07-16T02:28:55.875 RX PID,13155,SQUARE,160,80,116,58,131,75,44,22,-192,6,48,1,900,1,0,142
2026-07-16T02:28:55.946 RX PID,13175,SQUARE,160,80,116,58,131,75,44,22,-191,6,48,1,900,1,0,142
2026-07-16T02:28:55.946 RX PID,13195,SQUARE,140,100,116,58,115,95,24,42,-189,2,16,1,900,1,0,142
2026-07-16T02:28:55.946 RX PID,13215,SQUARE,120,120,159,101,85,92,-39,19,-187,2,16,1,900,1,0,142
2026-07-16T02:28:55.946 RX PID,13235,SQUARE,120,120,118,60,98,113,2,60,-185,2,16,1,900,1,0,142
2026-07-16T02:28:56.019 RX PID,13255,SQUARE,120,120,116,101,99,93,4,19,-184,2,16,1,900,1,0,142
2026-07-16T02:28:56.019 RX PID,13275,SQUARE,120,120,116,60,99,114,4,60,-182,2,16,1,900,1,0,142
2026-07-16T02:28:56.019 RX PID,13295,SQUARE,120,120,105,101,103,93,15,19,-181,2,16,1,900,1,0,142
2026-07-16T02:28:56.103 RX PID,13315,SQUARE,120,120,115,60,99,115,5,60,-180,2,16,1,900,1,0,142
2026-07-16T02:28:56.103 RX PID,13335,SQUARE,120,120,115,69,99,110,5,51,-178,2,16,1,900,1,0,142
2026-07-16T02:28:56.103 RX PID,13355,SQUARE,120,120,115,102,99,94,5,18,-178,2,16,1,900,1,0,142
2026-07-16T02:28:56.103 RX PID,13375,SQUARE,120,120,72,60,114,116,48,60,-177,2,16,1,900,1,0,142
2026-07-16T02:28:56.187 RX PID,13395,SQUARE,120,120,113,69,100,111,7,51,-176,2,16,1,900,1,0,142
2026-07-16T02:28:56.187 RX PID,13415,SQUARE,120,120,72,102,114,95,48,18,-175,2,16,1,900,1,0,142
2026-07-16T02:28:56.187 RX PID,13435,SQUARE,120,120,113,104,100,94,7,16,-174,2,16,1,900,1,0,142
2026-07-16T02:28:56.187 RX PID,13455,SQUARE,120,120,115,60,99,117,5,60,-174,2,16,1,900,1,0,142
2026-07-16T02:28:56.250 RX PID,13475,SQUARE,120,120,72,69,114,112,48,51,-173,2,16,1,900,1,0,142
2026-07-16T02:28:56.250 RX PID,13495,SQUARE,120,120,113,69,100,112,7,51,-172,2,16,1,900,1,0,142
2026-07-16T02:28:56.250 RX PID,13515,SQUARE,120,120,72,113,114,90,48,7,-172,2,16,1,900,1,0,142
2026-07-16T02:28:56.329 RX PID,13535,SQUARE,120,120,113,104,100,96,7,16,-173,2,16,1,900,1,0,142
2026-07-16T02:28:56.329 RX PID,13555,SQUARE,120,120,104,71,103,112,16,49,-172,2,16,1,900,1,0,142
2026-07-16T02:28:56.329 RX PID,13575,SQUARE,120,120,71,113,116,91,49,7,-172,2,16,1,900,1,0,142
2026-07-16T02:28:56.329 RX PID,13595,SQUARE,120,120,113,104,101,96,7,16,-172,2,16,1,900,1,0,142
2026-07-16T02:28:56.414 RX PID,13615,SQUARE,120,120,115,71,100,112,5,49,-172,2,16,1,900,1,0,142
2026-07-16T02:28:56.414 RX PID,13635,SQUARE,120,120,105,113,104,91,15,7,-171,2,16,1,900,1,0,142
2026-07-16T02:28:56.414 RX PID,13655,SQUARE,120,120,115,104,100,97,5,16,-170,2,16,1,900,1,0,142
2026-07-16T02:28:56.414 RX PID,13675,SQUARE,120,120,115,104,100,97,5,16,-169,2,16,1,900,1,0,142
2026-07-16T02:28:56.477 RX PID,13695,SQUARE,120,120,115,104,100,97,5,16,-170,2,16,1,900,1,0,142
2026-07-16T02:28:56.477 RX PID,13715,SQUARE,120,120,105,71,104,113,15,49,-169,2,16,1,900,1,0,142
2026-07-16T02:28:56.477 RX PID,13735,SQUARE,120,120,115,69,100,114,5,51,-168,2,16,1,900,1,0,142
2026-07-16T02:28:56.566 RX PID,13755,SQUARE,120,120,115,69,100,115,5,51,-167,2,16,1,900,1,0,142
2026-07-16T02:28:56.566 RX PID,13775,SQUARE,120,120,115,113,100,93,5,7,-167,0,24,1,900,1,0,142
2026-07-16T02:28:56.566 RX PID,13795,SQUARE,120,120,72,104,115,98,48,16,-167,0,24,1,900,1,0,142
2026-07-16T02:28:56.566 RX PID,13815,SQUARE,120,120,113,71,101,114,7,49,-166,0,24,1,900,1,0,142
2026-07-16T02:28:56.648 RX PID,13835,SQUARE,120,120,115,69,100,115,5,51,-166,0,24,1,900,1,0,142
2026-07-16T02:28:56.648 RX PID,13860,SQUARE,120,120,115,104,100,98,5,16,-165,0,24,1,900,1,0,142
2026-07-16T02:28:56.648 RX PID,13880,SQUARE,120,120,137,93,94,103,-17,27,-164,0,24,1,900,1,0,142
2026-07-16T02:28:56.648 RX PID,13900,SQUARE,120,120,117,71,100,114,3,49,-163,0,24,1,900,1,0,142
2026-07-16T02:28:56.713 RX PID,13920,SQUARE,120,120,72,69,115,116,48,51,-163,0,24,1,900,1,0,142
2026-07-16T02:28:56.713 RX PID,13940,SQUARE,120,120,113,69,101,116,7,51,-162,-2,8,1,900,1,0,142
2026-07-16T02:28:56.713 RX PID,13960,SQUARE,120,120,115,69,100,116,5,51,-162,-2,8,1,900,1,0,142
2026-07-16T02:28:56.800 RX PID,13980,SQUARE,120,120,105,113,104,94,15,7,-161,-2,8,1,900,1,0,142
2026-07-16T02:28:56.800 RX PID,14000,SQUARE,120,120,115,104,100,99,5,16,-160,-2,8,1,900,1,0,142
2026-07-16T02:28:56.800 RX PID,14020,SQUARE,120,120,115,104,100,100,5,16,-160,-2,8,1,900,1,0,142
2026-07-16T02:28:56.800 RX PID,14040,SQUARE,120,120,115,104,100,100,5,16,-160,-2,8,1,900,1,0,142
2026-07-16T02:28:56.884 RX PID,14060,SQUARE,120,120,148,71,90,116,-28,49,-159,-2,8,1,900,1,0,142
2026-07-16T02:28:56.884 RX PID,14080,SQUARE,120,120,150,69,89,117,-30,51,-158,-2,8,1,900,1,0,142
2026-07-16T02:28:56.884 RX PID,14100,SQUARE,120,120,107,113,103,95,13,7,-157,-2,8,1,900,1,0,142
2026-07-16T02:28:56.884 RX PID,14120,SQUARE,120,120,115,104,100,101,5,16,-157,-2,8,1,900,1,0,142
2026-07-16T02:28:56.948 RX PID,14140,SQUARE,120,120,115,71,100,117,5,49,-156,-2,8,1,900,1,0,142
2026-07-16T02:28:56.948 RX PID,14160,SQUARE,120,120,115,113,100,96,5,7,-156,-2,8,1,900,1,0,142
2026-07-16T02:28:56.948 RX PID,14180,SQUARE,120,120,115,104,100,101,5,16,-156,-2,8,1,900,1,0,142
2026-07-16T02:28:57.027 RX PID,14200,SQUARE,120,120,148,71,90,117,-28,49,-155,-2,8,1,900,1,0,142
2026-07-16T02:28:57.027 RX PID,14220,SQUARE,120,120,107,113,103,96,13,7,-154,-2,8,1,900,1,0,142
2026-07-16T02:28:57.027 RX PID,14240,SQUARE,120,120,115,104,100,102,5,16,-153,-2,8,1,900,1,0,142
2026-07-16T02:28:57.027 RX PID,14260,SQUARE,120,120,115,71,100,118,5,49,-153,-2,8,1,900,1,0,142
2026-07-16T02:28:57.089 RX PID,14280,SQUARE,120,120,115,69,100,119,5,51,-152,-2,8,1,900,1,0,142
2026-07-16T02:28:57.089 RX PID,14300,SQUARE,120,120,115,113,100,97,5,7,-151,-2,8,1,900,1,0,142
2026-07-16T02:28:57.089 RX PID,14320,SQUARE,112,128,115,104,94,109,-3,24,-151,-6,12,1,900,1,0,142
2026-07-16T02:28:57.179 RX PID,14340,SQUARE,96,144,115,115,82,119,-19,29,-150,-6,12,1,900,1,0,142
2026-07-16T02:28:57.179 RX PID,14360,SQUARE,80,160,115,105,68,139,-35,55,-150,-6,12,1,900,1,0,142
2026-07-16T02:28:57.179 RX PID,14380,SQUARE,80,160,115,115,68,134,-35,45,-151,-6,12,1,900,1,0,142
2026-07-16T02:28:57.179 RX PID,14400,SQUARE,80,160,105,115,72,135,-25,45,-151,-6,12,1,900,1,0,142
2026-07-16T02:28:57.260 RX PID,14420,SQUARE,80,160,115,115,68,135,-35,45,-151,-6,12,1,900,1,0,142
2026-07-16T02:28:57.260 RX PID,14440,SQUARE,80,160,72,115,82,135,8,45,-152,-6,12,1,900,1,0,142
2026-07-16T02:28:57.260 RX PID,14460,SQUARE,80,160,113,115,69,136,-33,45,-152,-6,12,1,900,1,0,142
2026-07-16T02:28:57.260 RX PID,14480,SQUARE,80,160,115,126,68,131,-35,34,-154,-6,12,1,900,1,0,142
2026-07-16T02:28:57.326 RX PID,14500,SQUARE,62,178,105,116,57,153,-43,62,-154,-11,4,1,900,1,0,142
2026-07-16T02:28:57.326 RX PID,14520,SQUARE,26,214,115,159,24,166,-89,55,-156,-11,4,1,900,1,0,142
2026-07-16T02:28:57.326 RX PID,14540,SQUARE,20,220,61,162,38,171,-41,58,-159,-11,4,1,900,1,0,142
2026-07-16T02:28:57.400 RX PID,14560,SQUARE,20,220,58,162,39,172,-38,58,-162,-11,4,1,900,1,0,142
2026-07-16T02:28:57.400 RX PID,14580,SQUARE,20,220,58,162,39,172,-38,58,-164,-6,12,1,900,1,0,142
2026-07-16T02:28:57.400 RX PID,14600,SQUARE,20,220,101,173,24,167,-81,47,-168,-6,12,1,900,1,0,142
2026-07-16T02:28:57.400 RX PID,14620,SQUARE,20,220,60,173,38,167,-40,47,-172,-6,12,1,900,1,0,142
2026-07-16T02:28:57.472 RX PID,14640,SQUARE,28,212,14,163,59,164,14,49,-175,-6,12,1,900,1,0,142
2026-07-16T02:28:57.472 RX PID,14660,SQUARE,44,196,55,173,60,145,-11,23,-179,-6,12,1,900,1,0,142
2026-07-16T02:28:57.472 RX PID,14680,SQUARE,60,180,68,217,68,109,-8,-37,-184,-6,12,1,900,1,0,142
2026-07-16T02:28:57.555 RX PID,14700,SQUARE,76,164,58,165,83,120,18,-1,-187,-6,12,1,900,1,0,142
2026-07-16T02:28:57.555 RX PID,14720,SQUARE,90,150,68,184,91,96,22,-34,-191,-2,8,1,900,1,0,142
2026-07-16T02:28:57.555 RX PID,14740,SQUARE,110,130,15,131,126,104,95,-1,-194,-2,8,1,900,1,0,142
2026-07-16T02:28:57.555 RX PID,14760,SQUARE,120,120,55,171,120,75,65,-51,-199,-2,8,1,900,1,0,142
2026-07-16T02:28:57.637 RX PID,14780,SQUARE,120,120,57,130,120,95,63,-10,-202,-2,8,1,900,1,0,142
2026-07-16T02:28:57.637 RX PID,14800,SQUARE,120,120,57,127,121,96,63,-7,-204,-2,8,1,900,1,0,142
2026-07-16T02:28:57.637 RX PID,14820,SQUARE,120,120,57,127,121,96,63,-7,-207,-2,8,1,900,1,0,142
2026-07-16T02:28:57.637 RX PID,14840,SQUARE,120,120,57,127,121,96,63,-7,-210,-2,8,1,900,1,0,142
2026-07-16T02:28:57.701 RX PID,14860,SQUARE,120,120,68,127,117,96,52,-7,-213,-2,8,1,900,1,0,142
2026-07-16T02:28:57.701 RX PID,14880,SQUARE,120,120,58,127,120,96,62,-7,-216,0,24,1,900,1,0,142
2026-07-16T02:28:57.701 RX PID,14900,SQUARE,120,120,58,127,120,96,62,-7,-219,0,24,1,900,1,0,142
2026-07-16T02:28:57.781 RX PID,14920,SQUARE,120,120,58,160,120,78,62,-40,-221,0,24,1,900,1,0,142
2026-07-16T02:28:57.781 RX PID,14940,SQUARE,120,120,101,118,105,99,19,2,-223,0,24,1,900,1,0,142
2026-07-16T02:28:57.781 RX PID,14960,SQUARE,120,120,60,127,120,95,60,-7,-226,0,24,1,900,1,0,142
2026-07-16T02:28:57.781 RX PID,14980,SQUARE,120,120,58,116,121,100,62,4,-228,0,24,1,900,1,0,142
2026-07-16T02:28:57.867 RX PID,15000,SQUARE,120,120,14,116,137,100,106,4,-230,2,16,1,900,1,0,142
2026-07-16T02:28:57.867 RX PID,15020,SQUARE,120,120,55,126,122,95,65,-6,-233,2,16,1,900,1,0,142
2026-07-16T02:28:57.867 RX PID,15040,SQUARE,120,120,57,116,122,100,63,4,-235,2,16,1,900,1,0,142
2026-07-16T02:28:57.867 RX PID,15060,SQUARE,120,120,57,159,122,79,63,-39,-237,2,16,1,900,1,0,142
2026-07-16T02:28:57.929 RX PID,15080,SQUARE,120,120,57,118,122,99,63,2,-240,2,16,1,900,1,0,142
2026-07-16T02:28:57.929 RX PID,15100,SQUARE,120,120,101,116,106,100,19,4,-242,2,16,1,900,1,0,142
2026-07-16T02:28:57.929 RX PID,15120,SQUARE,120,120,60,116,121,100,60,4,-244,2,16,1,900,1,0,142
2026-07-16T02:28:58.012 RX PID,15140,SQUARE,128,112,58,126,128,87,70,-14,-246,6,48,1,900,1,0,142
2026-07-16T02:28:58.012 RX PID,15160,SQUARE,144,96,58,116,142,77,86,-20,-247,6,48,1,900,1,0,142
2026-07-16T02:28:58.012 RX PID,15180,SQUARE,160,80,101,116,139,62,59,-36,-249,6,48,1,900,1,0,142
2026-07-16T02:28:58.012 RX PID,15200,SQUARE,160,80,60,105,154,68,100,-25,-251,6,48,1,900,1,0,142
2026-07-16T02:28:58.089 RX PID,15220,SQUARE,160,80,58,115,154,62,102,-35,-252,6,48,1,900,1,0,142
2026-07-16T02:28:58.089 RX PID,15240,SQUARE,160,80,58,105,154,67,102,-25,-253,6,48,1,900,1,0,142
2026-07-16T02:28:58.089 RX PID,15260,SQUARE,160,80,101,71,140,83,59,9,-254,6,48,1,900,1,0,142
2026-07-16T02:28:58.089 RX PID,15280,SQUARE,160,80,60,113,155,63,100,-33,-254,6,48,1,900,1,0,142
2026-07-16T02:28:58.161 RX PID,15300,SQUARE,160,80,69,104,151,67,91,-24,-255,6,48,1,900,1,0,142
2026-07-16T02:28:58.161 RX PID,15320,SQUARE,160,80,102,104,140,67,58,-24,-256,6,48,1,900,1,0,142
2026-07-16T02:28:58.161 RX PID,15340,SQUARE,160,80,104,71,139,83,56,9,-255,6,48,1,900,1,0,142
2026-07-16T02:28:58.243 RX PID,15360,SQUARE,160,80,104,102,139,68,56,-22,-256,6,48,1,900,1,0,142
2026-07-16T02:28:58.243 RX PID,15380,SQUARE,160,80,104,71,140,83,56,9,-256,6,48,1,900,1,0,142
2026-07-16T02:28:58.243 RX PID,15400,SQUARE,160,80,104,69,140,84,56,11,-256,6,48,1,900,1,0,142
2026-07-16T02:28:58.243 RX PID,15420,SQUARE,196,44,104,69,170,51,92,-25,-256,11,32,1,900,1,0,142
2026-07-16T02:28:58.318 RX PID,15440,SQUARE,220,20,104,102,189,11,116,-82,-254,11,32,1,900,1,0,142
2026-07-16T02:28:58.318 RX PID,15460,SQUARE,220,20,115,17,185,53,105,3,-252,11,32,1,900,1,0,142
2026-07-16T02:28:58.318 RX PID,15480,SQUARE,220,20,105,55,190,35,115,-35,-250,11,32,1,900,1,0,142
2026-07-16T02:28:58.395 RX PID,15500,SQUARE,220,20,200,144,157,0,20,-124,-250,11,32,1,900,1,0,142
2026-07-16T02:28:58.395 RX PID,15520,SQUARE,220,20,121,63,184,30,99,-43,-248,11,32,1,900,1,0,142
2026-07-16T02:28:58.395 RX PID,15540,SQUARE,220,20,116,58,186,32,104,-38,-246,11,32,1,900,1,0,142
2026-07-16T02:28:58.395 RX PID,15560,SQUARE,220,20,116,47,186,38,104,-27,-243,11,32,1,900,1,0,142
2026-07-16T02:28:58.476 RX PID,15580,SQUARE,220,20,159,55,171,34,61,-35,-240,11,32,1,900,1,0,142
2026-07-16T02:28:58.476 RX PID,15600,SQUARE,220,20,118,57,186,33,102,-37,-238,11,32,1,900,1,0,142
2026-07-16T02:28:58.476 RX PID,15620,SQUARE,220,20,116,57,187,32,104,-37,-235,11,32,1,900,1,0,142
2026-07-16T02:28:58.476 RX PID,15640,SQUARE,220,20,126,57,183,32,94,-37,-232,11,32,1,900,1,0,142
2026-07-16T02:28:58.541 RX PID,15660,SQUARE,220,20,160,47,172,37,60,-27,-229,11,32,1,900,1,0,142
2026-07-16T02:28:58.541 RX PID,15680,SQUARE,220,20,162,57,171,32,58,-37,-226,11,32,1,900,1,0,142
2026-07-16T02:28:58.541 RX PID,15700,SQUARE,220,20,118,14,186,53,102,6,-222,11,32,1,900,1,0,142
2026-07-16T02:28:58.623 RX PID,15720,SQUARE,220,20,170,55,169,32,50,-35,-219,11,32,1,900,1,0,142
2026-07-16T02:28:58.623 RX PID,15740,SQUARE,220,20,162,57,172,31,58,-37,-215,11,32,1,900,1,0,142
2026-07-16T02:28:58.623 RX PID,15760,SQUARE,220,20,162,47,172,36,58,-27,-211,11,32,1,900,1,0,142
2026-07-16T02:28:58.623 RX PID,15780,SQUARE,220,20,129,57,183,31,91,-37,-207,11,32,1,900,1,0,142
2026-07-16T02:28:58.694 RX PID,15800,SQUARE,220,20,171,47,169,36,49,-27,-202,6,48,1,900,1,0,142
2026-07-16T02:28:58.694 RX PID,15820,SQUARE,220,20,173,46,168,36,47,-26,-199,6,48,1,900,1,0,142
2026-07-16T02:28:58.694 RX PID,15840,SQUARE,220,20,163,57,171,30,57,-37,-194,6,48,1,900,1,0,142
2026-07-16T02:28:58.694 RX PID,15861,SQUARE,212,28,171,14,162,59,41,14,-190,6,48,1,900,1,0,142
2026-07-16T02:28:58.763 RX PID,15881,SQUARE,196,44,217,66,134,48,-21,-22,-185,6,48,1,900,1,0,142
2026-07-16T02:28:58.763 RX PID,15901,SQUARE,180,60,176,47,134,72,4,13,-180,6,48,1,900,1,0,142
2026-07-16T02:28:58.763 RX PID,15921,SQUARE,164,76,163,46,126,89,1,30,-176,6,48,1,900,1,0,142
2026-07-16T02:28:58.846 RX PID,15941,SQUARE,160,80,129,13,134,108,31,67,-173,6,48,1,900,1,0,142
2026-07-16T02:28:58.846 RX PID,15961,SQUARE,150,90,171,11,113,119,-21,79,-168,2,16,1,900,1,0,142
2026-07-16T02:28:58.846 RX PID,15981,SQUARE,130,110,130,55,110,117,0,55,-165,2,16,1,900,1,0,142
2026-07-16T02:28:58.846 RX PID,16001,SQUARE,120,120,171,57,89,125,-51,63,-162,2,16,1,900,1,0,142
2026-07-16T02:28:58.921 RX PID,16021,SQUARE,120,120,162,57,92,126,-42,63,-159,2,16,1,900,1,0,142
2026-07-16T02:28:58.921 RX PID,16041,SQUARE,120,120,162,57,92,126,-42,63,-156,2,16,1,900,1,0,142
2026-07-16T02:28:58.921 RX PID,16061,SQUARE,120,120,162,101,92,104,-42,19,-153,2,16,1,900,1,0,142
2026-07-16T02:28:59.001 RX PID,16081,SQUARE,120,120,118,60,106,126,2,60,-151,2,16,1,900,1,0,142
2026-07-16T02:28:59.001 RX PID,16101,SQUARE,120,120,127,101,104,105,-7,19,-149,2,16,1,900,1,0,142
2026-07-16T02:28:59.001 RX PID,16121,SQUARE,120,120,116,60,107,126,4,60,-147,2,16,1,900,1,0,142
2026-07-16T02:28:59.001 RX PID,16141,SQUARE,120,120,126,69,104,122,-6,51,-146,0,24,1,900,1,0,142
2026-07-16T02:28:59.084 RX PID,16161,SQUARE,120,120,116,69,107,122,4,51,-145,0,24,1,900,1,0,142
2026-07-16T02:28:59.084 RX PID,16181,SQUARE,120,120,116,69,107,122,4,51,-143,0,24,1,900,1,0,142
2026-07-16T02:28:59.084 RX PID,16201,SQUARE,120,120,126,69,104,122,-6,51,-142,0,24,1,900,1,0,142
2026-07-16T02:28:59.084 RX PID,16221,SQUARE,120,120,116,69,107,123,4,51,-140,0,24,1,900,1,0,142
2026-07-16T02:28:59.149 RX PID,16241,SQUARE,120,120,116,69,107,123,4,51,-139,0,24,1,900,1,0,142
2026-07-16T02:28:59.149 RX PID,16261,SQUARE,120,120,126,69,104,123,-6,51,-138,0,24,1,900,1,0,142
2026-07-16T02:28:59.149 RX PID,16281,SQUARE,120,120,116,69,107,123,4,51,-137,-2,8,1,900,1,0,142
2026-07-16T02:28:59.231 RX PID,16301,SQUARE,120,120,116,69,107,124,4,51,-135,-2,8,1,900,1,0,142
2026-07-16T02:28:59.231 RX PID,16321,SQUARE,120,120,126,102,104,108,-6,18,-134,-2,8,1,900,1,0,142
2026-07-16T02:28:59.231 RX PID,16341,SQUARE,120,120,116,104,107,107,4,16,-133,-2,8,1,900,1,0,142
2026-07-16T02:28:59.231 RX PID,16361,SQUARE,120,120,116,71,107,123,4,49,-132,-2,8,1,900,1,0,142
2026-07-16T02:28:59.296 RX PID,16381,SQUARE,120,120,116,113,107,102,4,7,-132,-2,8,1,900,1,0,142
2026-07-16T02:28:59.296 RX PID,16401,SQUARE,112,128,116,104,101,115,-4,24,-131,-6,12,1,900,1,0,142
2026-07-16T02:28:59.296 RX PID,16421,SQUARE,96,144,116,104,88,130,-20,40,-129,-6,12,1,900,1,0,142
2026-07-16T02:28:59.296 RX PID,16441,SQUARE,80,160,126,115,71,139,-46,45,-129,-6,12,1,900,1,0,142
2026-07-16T02:28:59.376 RX PID,16461,SQUARE,80,160,105,72,79,162,-25,88,-130,-6,12,1,900,1,0,142
2026-07-16T02:28:59.376 RX PID,16481,SQUARE,80,160,115,113,75,141,-35,47,-130,-6,12,1,900,1,0,142
2026-07-16T02:28:59.376 RX PID,16501,SQUARE,80,160,72,115,89,140,8,45,-131,-6,12,1,900,1,0,142
2026-07-16T02:28:59.462 RX PID,16521,SQUARE,80,160,113,126,75,136,-33,34,-131,-6,12,1,900,1,0,142
2026-07-16T02:28:59.462 RX PID,16541,SQUARE,80,160,72,116,88,141,8,44,-131,-6,12,1,900,1,0,142
2026-07-16T02:28:59.462 RX PID,16561,SQUARE,80,160,113,116,75,141,-33,44,-133,-6,12,1,900,1,0,142
2026-07-16T02:28:59.462 RX PID,16581,SQUARE,80,160,72,126,88,136,8,34,-133,-6,12,1,900,1,0,142
2026-07-16T02:28:59.523 RX PID,16601,SQUARE,80,160,113,116,75,142,-33,44,-135,-6,12,1,900,1,0,142
2026-07-16T02:28:59.523 RX PID,16621,SQUARE,80,160,104,126,78,137,-24,34,-137,-6,12,1,900,1,0,142
2026-07-16T02:28:59.523 RX PID,16641,SQUARE,80,160,115,127,74,136,-35,33,-138,-6,12,1,900,1,0,142
2026-07-16T02:28:59.608 RX PID,16661,SQUARE,80,160,105,127,78,136,-25,33,-140,-6,12,1,900,1,0,142
2026-07-16T02:28:59.608 RX PID,16681,SQUARE,44,196,104,127,49,170,-60,69,-142,-11,4,1,900,1,0,142
2026-07-16T02:28:59.608 RX PID,16701,SQUARE,20,220,71,171,42,172,-51,49,-144,-11,4,1,900,1,0,142
2026-07-16T02:28:59.608 RX PID,16721,SQUARE,20,220,58,162,46,177,-38,58,-148,-11,4,1,900,1,0,142
2026-07-16T02:28:59.676 RX PID,16741,SQUARE,20,220,58,173,46,171,-38,47,-152,-11,4,1,900,1,0,142
2026-07-16T02:28:59.676 RX PID,16761,SQUARE,20,220,58,173,46,172,-38,47,-156,-6,12,1,900,1,0,142
2026-07-16T02:28:59.676 RX PID,16781,SQUARE,20,220,68,173,43,172,-48,47,-160,-6,12,1,900,1,0,142
2026-07-16T02:28:59.676 RX PID,16801,SQUARE,20,220,58,184,46,167,-38,36,-164,-6,12,1,900,1,0,142
2026-07-16T02:28:59.757 RX PID,16821,SQUARE,36,204,58,174,59,157,-22,30,-168,-6,12,1,900,1,0,142
2026-07-16T02:28:59.757 RX PID,16841,SQUARE,52,188,58,217,70,121,-6,-29,-173,-6,12,1,900,1,0,142
2026-07-16T02:28:59.757 RX PID,16861,SQUARE,68,172,101,220,69,104,-33,-48,-178,-6,12,1,900,1,0,142
2026-07-16T02:28:59.835 RX PID,16881,SQUARE,80,160,60,176,92,114,20,-16,-181,-6,12,1,900,1,0,142
2026-07-16T02:28:59.835 RX PID,16901,SQUARE,80,160,58,174,93,115,22,-14,-186,-6,12,1,900,1,0,142
2026-07-16T02:28:59.835 RX PID,16921,SQUARE,80,160,58,174,93,115,22,-14,-190,-6,12,1,900,1,0,142
2026-07-16T02:28:59.835 RX PID,16941,SQUARE,80,160,47,174,97,115,33,-14,-194,-6,12,1,900,1,0,142
2026-07-16T02:28:59.900 RX PID,16961,SQUARE,100,140,100,174,96,97,0,-34,-198,-2,8,1,900,1,0,142
2026-07-16T02:28:59.900 RX PID,16981,SQUARE,120,120,60,174,126,77,60,-54,-202,-2,8,1,900,1,0,142
2026-07-16T02:28:59.900 RX PID,17001,SQUARE,120,120,58,163,126,83,62,-43,-204,-2,8,1,900,1,0,142
2026-07-16T02:28:59.980 RX PID,17021,SQUARE,120,120,58,129,126,100,62,-9,-207,-2,8,1,900,1,0,142
2026-07-16T02:28:59.980 RX PID,17041,SQUARE,120,120,68,127,123,101,52,-7,-210,-2,8,1,900,1,0,142
2026-07-16T02:28:59.980 RX PID,17061,SQUARE,120,120,58,171,126,78,62,-51,-212,-2,8,1,900,1,0,142
2026-07-16T02:28:59.980 RX PID,17081,SQUARE,120,120,101,162,111,82,19,-42,-215,0,24,1,900,1,0,142
2026-07-16T02:29:00.067 RX PID,17101,SQUARE,120,120,60,118,126,104,60,2,-217,0,24,1,900,1,0,142
2026-07-16T02:29:00.067 RX PID,17121,SQUARE,120,120,58,159,127,84,62,-39,-219,0,24,1,900,1,0,142
2026-07-16T02:29:00.067 RX PID,17141,SQUARE,120,120,68,162,124,82,52,-42,-221,0,24,1,900,1,0,142
2026-07-16T02:29:00.067 RX PID,17161,SQUARE,120,120,58,118,127,104,62,2,-224,0,24,1,900,1,0,142
2026-07-16T02:29:00.163 RX PID,17181,SQUARE,120,120,68,127,124,100,52,-7,-226,0,24,1,900,1,0,142
2026-07-16T02:29:00.163 RX PID,17201,SQUARE,120,120,58,127,127,100,62,-7,-228,0,24,1,900,1,0,142
2026-07-16T02:29:00.163 RX PID,17245,SQUARE,120,120,68,160,124,82,52,-40,-233,0,24,1,900,1,0,142
2026-07-16T02:29:00.242 RX PID,17266,SQUARE,120,120,102,184,112,70,18,-64,-234,2,16,1,900,1,0,142
2026-07-16T02:29:00.242 RX PID,17286,SQUARE,120,120,60,109,127,107,60,11,-236,2,16,1,900,1,0,142
2026-07-16T02:29:00.242 RX PID,17306,SQUARE,120,120,101,126,112,99,19,-6,-238,2,16,1,900,1,0,142
2026-07-16T02:29:00.242 RX PID,17326,SQUARE,120,120,104,127,111,99,16,-7,-240,2,16,1,900,1,0,142
2026-07-16T02:29:00.303 RX PID,17346,SQUARE,120,120,60,149,127,88,60,-29,-241,2,16,1,900,1,0,142
2026-07-16T02:29:00.303 RX PID,17366,SQUARE,136,104,69,107,136,94,67,-3,-242,6,48,1,900,1,0,142
2026-07-16T02:29:00.303 RX PID,17386,SQUARE,152,88,69,115,150,75,83,-27,-242,6,48,1,900,1,0,142
2026-07-16T02:29:00.392 RX PID,17406,SQUARE,160,80,69,72,156,88,91,8,-242,6,48,1,900,1,0,142
2026-07-16T02:29:00.392 RX PID,17426,SQUARE,160,80,113,113,141,68,47,-33,-242,6,48,1,900,1,0,142
2026-07-16T02:29:00.392 RX PID,17446,SQUARE,160,80,72,72,155,88,88,8,-242,6,48,1,900,1,0,142
2026-07-16T02:29:00.392 RX PID,17466,SQUARE,160,80,113,69,141,89,47,11,-241,6,48,1,900,1,0,142
2026-07-16T02:29:00.467 RX PID,17486,SQUARE,160,80,104,102,144,73,56,-22,-241,6,48,1,900,1,0,142
2026-07-16T02:29:00.467 RX PID,17506,SQUARE,160,80,115,104,140,72,45,-24,-239,6,48,1,900,1,0,142
2026-07-16T02:29:00.467 RX PID,17526,SQUARE,160,80,105,104,144,71,55,-24,-239,6,48,1,900,1,0,142
2026-07-16T02:29:00.467 RX PID,17546,SQUARE,160,80,115,104,140,71,45,-24,-238,6,48,1,900,1,0,142
2026-07-16T02:29:00.538 RX PID,17566,SQUARE,160,80,115,60,141,94,45,20,-237,6,48,1,900,1,0,142
2026-07-16T02:29:00.538 RX PID,17586,SQUARE,160,80,72,69,156,88,88,11,-236,6,48,1,900,1,0,142
2026-07-16T02:29:00.538 RX PID,17606,SQUARE,160,80,113,113,142,67,47,-33,-236,6,48,1,900,1,0,142
2026-07-16T02:29:00.635 RX PID,17626,SQUARE,160,80,115,104,141,71,45,-24,-236,6,48,1,900,1,0,142
2026-07-16T02:29:00.635 RX PID,17646,SQUARE,160,80,72,104,156,71,88,-24,-236,6,48,1,900,1,0,142
2026-07-16T02:29:00.635 RX PID,17679,SQUARE,160,80,113,104,142,71,47,-24,-234,6,48,1,900,1,0,142
2026-07-16T02:29:00.635 RX PID,17699,SQUARE,160,80,148,93,130,77,12,-13,-232,6,48,1,900,1,0,142
2026-07-16T02:29:00.717 RX PID,17719,SQUARE,160,80,118,103,140,72,42,-23,-232,6,48,1,900,1,0,142
2026-07-16T02:29:00.717 RX PID,17739,SQUARE,160,80,116,71,141,87,44,9,-231,6,48,1,900,1,0,142
2026-07-16T02:29:00.717 RX PID,17759,SQUARE,160,80,126,69,137,88,34,11,-230,6,48,1,900,1,0,142
2026-07-16T02:29:00.717 RX PID,17779,SQUARE,160,80,116,113,141,66,44,-33,-228,6,48,1,900,1,0,142
2026-07-16T02:29:00.780 RX PID,17799,SQUARE,160,80,116,104,141,70,44,-24,-228,6,48,1,900,1,0,142
2026-07-16T02:29:00.780 RX PID,17819,SQUARE,160,80,116,71,142,86,44,9,-227,6,48,1,900,1,0,142
2026-07-16T02:29:00.780 RX PID,17839,SQUARE,160,80,116,69,142,87,44,11,-226,6,48,1,900,1,0,142
2026-07-16T02:29:00.864 RX PID,17859,SQUARE,160,80,116,113,142,66,44,-33,-225,6,48,1,900,1,0,142
2026-07-16T02:29:00.864 RX PID,17879,SQUARE,160,80,116,104,142,70,44,-24,-225,6,48,1,900,1,0,142
2026-07-16T02:29:00.864 RX PID,17899,SQUARE,160,80,116,71,142,86,44,9,-224,6,48,1,900,1,0,142
2026-07-16T02:29:00.864 RX PID,17919,SQUARE,160,80,116,113,142,66,44,-33,-224,6,48,1,900,1,0,142
2026-07-16T02:29:00.946 RX PID,17939,SQUARE,160,80,116,72,142,86,44,8,-223,6,48,1,900,1,0,142
2026-07-16T02:29:00.946 RX PID,17959,SQUARE,160,80,116,113,142,65,44,-33,-222,6,48,1,900,1,0,142
2026-07-16T02:29:00.946 RX PID,17979,SQUARE,160,80,116,104,142,69,44,-24,-221,6,48,1,900,1,0,142
2026-07-16T02:29:00.946 RX PID,17999,SQUARE,160,80,116,104,142,69,44,-24,-221,6,48,1,900,1,0,142
2026-07-16T02:29:01.011 RX PID,18019,SQUARE,160,80,116,71,142,85,44,9,-221,6,48,1,900,1,0,142
2026-07-16T02:29:01.011 RX PID,18039,SQUARE,160,80,116,69,142,86,44,11,-220,6,48,1,900,1,0,142
2026-07-16T02:29:01.011 RX PID,18059,SQUARE,160,80,116,113,143,65,44,-33,-219,6,48,1,900,1,0,142
2026-07-16T02:29:01.089 RX PID,18079,SQUARE,160,80,116,104,143,69,44,-24,-217,6,48,1,900,1,0,142
2026-07-16T02:29:01.089 RX PID,18099,SQUARE,160,80,116,104,143,69,44,-24,-217,6,48,1,900,1,0,142
2026-07-16T02:29:01.089 RX PID,18119,SQUARE,160,80,116,71,143,85,44,9,-216,6,48,1,900,1,0,142
2026-07-16T02:29:01.089 RX PID,18139,SQUARE,178,62,116,113,157,48,62,-51,-215,11,32,1,900,1,0,142
2026-07-16T02:29:01.177 RX PID,18159,SQUARE,214,26,126,61,183,40,88,-35,-213,11,32,1,900,1,0,142
2026-07-16T02:29:01.177 RX PID,18179,SQUARE,220,20,160,69,177,30,60,-49,-211,11,32,1,900,1,0,142
2026-07-16T02:29:01.177 RX PID,18199,SQUARE,220,20,118,47,191,41,102,-27,-208,11,32,1,900,1,0,142
2026-07-16T02:29:01.177 RX PID,18219,SQUARE,220,20,170,57,174,35,50,-37,-204,6,48,1,900,1,0,142
2026-07-16T02:29:01.242 RX PID,18239,SQUARE,220,20,162,57,177,35,58,-37,-201,6,48,1,900,1,0,142
2026-07-16T02:29:01.242 RX PID,18259,SQUARE,220,20,118,57,192,35,102,-37,-198,6,48,1,900,1,0,142
2026-07-16T02:29:01.242 RX PID,18279,SQUARE,212,28,116,14,186,64,96,14,-195,6,48,1,900,1,0,142
2026-07-16T02:29:01.323 RX PID,18299,SQUARE,196,44,72,55,189,59,124,-11,-194,6,48,1,900,1,0,142
2026-07-16T02:29:01.323 RX PID,18319,SQUARE,180,60,26,57,192,72,154,3,-194,6,48,1,900,1,0,142
2026-07-16T02:29:01.323 RX PID,18339,SQUARE,164,76,56,14,169,109,108,62,-194,6,48,1,900,1,0,142
2026-07-16T02:29:01.323 RX PID,18359,SQUARE,160,80,47,11,169,113,113,69,-194,6,48,1,900,1,0,142
2026-07-16T02:29:01.407 RX PID,18379,SQUARE,160,80,46,11,169,114,114,69,-194,6,48,1,900,1,0,142
2026-07-16T02:29:01.407 RX PID,18399,SQUARE,160,80,46,0,170,120,114,80,-193,6,48,1,900,1,0,142
2026-07-16T02:29:01.407 RX PID,18419,SQUARE,160,80,100,0,152,121,60,80,-189,6,48,1,900,1,0,142
2026-07-16T02:29:01.407 RX PID,18439,SQUARE,160,80,125,0,143,121,35,80,-184,6,48,1,900,1,0,142
2026-07-16T02:29:01.473 RX PID,18464,SQUARE,160,80,161,0,131,122,-1,80,-176,6,48,1,900,1,0,142
2026-07-16T02:29:01.473 RX PID,18484,SQUARE,160,80,227,0,107,122,-67,80,-169,6,48,1,900,1,0,142
2026-07-16T02:29:01.473 RX PID,18504,SQUARE,160,80,177,0,125,123,-17,80,-163,6,48,1,900,1,0,142
2026-07-16T02:29:01.560 RX PID,18524,SQUARE,160,80,185,0,122,123,-25,80,-157,6,48,1,900,1,0,142
2026-07-16T02:29:01.560 RX PID,18544,SQUARE,160,80,174,10,126,119,-14,70,-151,6,48,1,900,1,0,142
2026-07-16T02:29:01.560 RX PID,18564,SQUARE,160,80,184,0,122,124,-24,80,-144,6,48,1,900,1,0,142
2026-07-16T02:29:01.560 RX PID,18584,SQUARE,150,90,185,54,114,108,-35,36,-139,2,16,1,900,1,0,142
2026-07-16T02:29:01.644 RX PID,18604,SQUARE,130,110,218,14,86,147,-88,96,-135,2,16,1,900,1,0,142
2026-07-16T02:29:01.644 RX PID,18624,SQUARE,120,120,176,55,93,135,-56,65,-131,2,16,1,900,1,0,142
2026-07-16T02:29:01.644 RX PID,18644,SQUARE,120,120,174,68,94,130,-54,52,-127,2,16,1,900,1,0,142
2026-07-16T02:29:01.644 RX PID,18664,SQUARE,120,120,163,58,97,135,-43,62,-124,2,16,1,900,1,0,142
2026-07-16T02:29:01.702 RX PID,18684,SQUARE,120,120,173,47,94,141,-53,73,-120,2,16,1,900,1,0,142
2026-07-16T02:29:01.702 RX PID,18704,SQUARE,120,120,163,111,97,109,-43,9,-119,2,16,1,900,1,0,142
2026-07-16T02:29:01.702 RX PID,18724,SQUARE,120,120,162,115,98,107,-42,5,-118,2,16,1,900,1,0,142
2026-07-16T02:29:01.790 RX PID,18744,SQUARE,120,120,118,170,111,80,2,-50,-120,2,16,1,900,1,0,142
2026-07-16T02:29:01.790 RX PID,18764,SQUARE,120,120,116,162,113,83,4,-42,-122,2,16,1,900,1,0,142
2026-07-16T02:29:01.790 RX PID,18784,SQUARE,120,120,72,162,128,83,48,-42,-123,2,16,1,900,1,0,142
2026-07-16T02:29:01.790 RX PID,18804,SQUARE,120,120,124,129,111,100,-4,-9,-123,0,24,1,900,1,0,142
2026-07-16T02:29:01.849 RX PID,18824,SQUARE,120,120,116,171,113,79,4,-51,-125,0,24,1,900,1,0,142
2026-07-16T02:29:01.849 RX PID,18844,SQUARE,120,120,159,162,98,83,-39,-42,-125,-2,8,1,900,1,0,142
2026-07-16T02:29:01.849 RX PID,18864,SQUARE,112,128,129,162,102,89,-17,-34,-125,-6,12,1,900,1,0,142
2026-07-16T02:29:01.929 RX PID,18884,SQUARE,86,154,171,205,66,93,-85,-51,-126,-11,4,1,900,1,0,142
2026-07-16T02:29:01.929 RX PID,18904,SQUARE,50,190,119,165,55,146,-69,25,-127,-18,6,1,900,1,0,142
2026-07-16T02:29:01.929 RX PID,18924,SQUARE,20,220,116,227,32,144,-96,-7,-130,-25,2,1,900,1,0,142
2026-07-16T02:29:01.929 RX PID,18944,SQUARE,20,220,105,231,36,142,-85,-11,-136,-30,3,1,900,1,0,142
2026-07-16T02:29:02.002 RX PID,18964,SQUARE,20,220,60,231,51,142,-40,-11,-143,-36,1,1,900,1,0,142
2026-07-16T02:29:02.002 RX PID,18984,SQUARE,20,220,58,242,52,136,-38,-22,-150,0,0,0,900,1,0,142
2026-07-16T02:29:02.002 RX PID,19004,SQUARE,20,220,14,243,67,136,6,-23,-156,0,0,0,900,1,0,142
2026-07-16T02:29:02.085 RX PID,19024,SQUARE,20,220,55,276,53,118,-35,-56,-163,0,0,0,900,1,0,142
2026-07-16T02:29:02.085 RX PID,19044,SQUARE,20,220,57,234,53,139,-37,-14,-171,0,0,0,900,1,0,142
2026-07-16T02:29:02.085 RX PID,19064,SQUARE,100,100,57,243,117,22,43,-143,-177,0,0,0,900,1,0,142
2026-07-16T02:29:02.085 RX PID,19084,SQUARE,100,100,101,189,102,48,-1,-89,-181,0,0,0,900,1,0,142
2026-07-16T02:29:02.167 RX PID,19104,SQUARE,100,100,115,164,97,60,-15,-64,-181,0,0,0,900,1,0,142
2026-07-16T02:29:02.167 RX PID,19124,SQUARE,100,100,115,119,96,82,-15,-19,-180,0,0,0,900,1,0,142
2026-07-16T02:29:02.167 RX PID,19144,SQUARE,100,100,159,116,81,83,-59,-16,-181,0,0,0,900,1,0,142
2026-07-16T02:29:02.167 RX PID,19164,SQUARE,100,100,118,116,95,83,-18,-16,-180,0,0,0,900,1,0,142
2026-07-16T02:29:02.233 RX PID,19184,SQUARE,100,100,127,126,92,78,-27,-26,-180,0,0,0,900,1,0,142
2026-07-16T02:29:02.233 RX PID,19204,SQUARE,100,100,160,116,80,83,-60,-16,-180,0,0,0,900,1,0,142
2026-07-16T02:29:02.233 RX PID,19224,SQUARE,100,100,118,126,95,77,-18,-26,-179,0,0,0,900,1,0,142
2026-07-16T02:29:02.311 RX PID,19244,SQUARE,100,100,127,116,92,82,-27,-16,-179,0,0,0,900,1,0,142
2026-07-16T02:29:02.311 RX PID,19264,SQUARE,100,100,160,116,80,82,-60,-16,-179,0,0,0,900,1,0,142
2026-07-16T02:29:02.311 RX PID,19284,SQUARE,100,100,118,159,95,61,-18,-59,-178,0,0,0,900,1,0,142
2026-07-16T02:29:02.311 RX PID,19304,SQUARE,100,100,127,118,92,81,-27,-18,-178,0,0,0,900,1,0,142
2026-07-16T02:29:02.393 RX PID,19324,SQUARE,100,100,160,116,80,82,-60,-16,-178,0,0,0,900,1,0,142
2026-07-16T02:29:02.393 RX PID,19344,SQUARE,100,100,118,159,95,60,-18,-59,-177,0,0,0,900,1,0,142
2026-07-16T02:29:02.393 RX PID,19364,SQUARE,100,100,159,118,81,80,-59,-18,-177,0,0,0,900,1,0,142
2026-07-16T02:29:02.393 RX PID,19384,SQUARE,100,100,162,116,80,81,-62,-16,-177,0,0,0,900,1,0,142
2026-07-16T02:29:02.463 RX PID,19404,SQUARE,100,100,118,116,95,81,-18,-16,-176,0,0,0,900,1,0,142
2026-07-16T02:29:02.463 RX PID,19424,SQUARE,100,100,127,126,91,76,-27,-26,-175,0,0,0,900,1,0,142
2026-07-16T02:29:02.463 RX PID,19444,SQUARE,100,100,160,116,79,81,-60,-16,-176,0,0,0,900,1,0,142
2026-07-16T02:29:02.544 RX PID,19464,SQUARE,100,100,118,116,94,81,-18,-16,-175,0,0,0,900,1,0,142
2026-07-16T02:29:02.544 RX PID,19484,SQUARE,100,100,127,116,91,80,-27,-16,-174,0,0,0,900,1,0,142
2026-07-16T02:29:02.544 RX PID,19504,SQUARE,100,100,160,126,79,75,-60,-26,-175,0,0,0,900,1,0,142
2026-07-16T02:29:02.544 RX PID,19524,SQUARE,100,100,118,116,94,80,-18,-16,-174,0,0,0,900,1,0,142
2026-07-16T02:29:02.670 RX PID,19544,SQUARE,100,100,159,116,80,80,-59,-16,-173,0,0,0,900,1,0,142
2026-07-16T02:29:02.670 RX SQUARE ERROR,LINE LOST
2026-07-16T02:29:02.671 TX STOP
2026-07-16T02:29:02.671 TX STOP
2026-07-16T02:29:02.792 RX OK STOP
2026-07-16T02:29:02.792 RX OK STOP
2026-07-16T02:29:02.792 TX SET TURNANGLE 900 1564823697
2026-07-16T02:29:02.923 RX SA,1564823697,TURNANGLE,900
2026-07-16T02:29:02.923 TX SET TURNFAST 185 1564823698
2026-07-16T02:29:03.066 RX SA,1564823698,TURNFAST,185
2026-07-16T02:29:03.066 TX SET TURNSLOW 140 1564823699
2026-07-16T02:29:03.196 RX SA,1564823699,TURNSLOW,140
2026-07-16T02:29:03.196 TX SET TURNMARGIN 180 1564823700
2026-07-16T02:29:03.322 RX SA,1564823700,TURNMARGIN,180
2026-07-16T02:29:03.322 TX SET TURNEXIT 140 1564823701
2026-07-16T02:29:03.452 RX SA,1564823701,TURNEXIT,140
2026-07-16T02:29:03.452 TX SET TURNDIST 98 1564823702
2026-07-16T02:29:03.595 RX SA,1564823702,TURNDIST,98
2026-07-16T02:29:03.595 TX STOP
2026-07-16T02:29:03.595 TX STOP
