2026-07-16T02:59:01.989 TX HELLO 1311970370
2026-07-16T02:59:02.120 RX HELLO,1311970370,2,STBY,HIGH,ENCODER_MM_X1000,580,SAMPLE_MS,10
2026-07-16T02:59:02.120 TX STOP
2026-07-16T02:59:02.259 RX OK STOP
2026-07-16T02:59:02.259 TX PARAM
2026-07-16T02:59:02.413 RX PARAM,x1000,PROFILE,1,FLASHVER,3,GUARDVER,1,LKP,350,LKI,100,RKP,500,RKI,350,LFF,460,RFF,437,LMIN,32,RMIN,26,SYNC,500,BIAS,80,LINEKP,6750,LINEKD,2000,TURNANGLE,900,TURNFAST,185,TURNSLOW,140,TURNMARGIN,180,TURNEXIT,140,TURNDIST,98
2026-07-16T02:59:02.413 TX SENSOR
2026-07-16T02:59:02.553 RX SENSOR,OK,24,0,93,0,24
2026-07-16T02:59:02.553 TX IMU
2026-07-16T02:59:02.692 RX IMU,OK,-944,10512,155,VER,1,1,0,0
2026-07-16T02:59:02.692 TX SET TURNSLOW 80 1311970371
2026-07-16T02:59:02.838 RX SA,1311970371,TURNSLOW,80
2026-07-16T02:59:02.838 TX SET TURNFAST 185 1311970372
2026-07-16T02:59:02.976 RX SA,1311970372,TURNFAST,185
2026-07-16T02:59:02.976 TX SET TURNSLOW 140 1311970373
2026-07-16T02:59:03.146 RX SA,1311970373,TURNSLOW,140
2026-07-16T02:59:03.146 TX SET TURNANGLE 900 1311970374
2026-07-16T02:59:03.276 RX SA,1311970374,TURNANGLE,900
2026-07-16T02:59:03.276 TX SET TURNMARGIN 180 1311970375
2026-07-16T02:59:03.408 RX SA,1311970375,TURNMARGIN,180
2026-07-16T02:59:03.408 TX SET TURNEXIT 140 1311970376
2026-07-16T02:59:03.540 RX SA,1311970376,TURNEXIT,140
2026-07-16T02:59:03.540 TX SET TURNDIST 98 1311970377
2026-07-16T02:59:03.691 RX SA,1311970377,TURNDIST,98
2026-07-16T02:59:03.691 TX SQUARE 120 1 1311970378
2026-07-16T02:59:03.750 RX TEST START,SQUARE,120,1
2026-07-16T02:59:03.750 RX CSV,time_ms,mode,left_target,right_target,left_mmps,right_mmps,left_pwm,right_pwm,left_error,right_error,count_diff,line_error,line_mask,line_valid,yaw_x10,corner_count,square_state,turn_travel_mm
2026-07-16T02:59:03.750 RX SQ,1311970378,OK
2026-07-16T02:59:03.843 RX PID,20,SQUARE,1,1,0,0,32,26,1,1,0,0,24,1,0,0,0,0
2026-07-16T02:59:03.843 RX PID,40,SQUARE,3,3,0,0,34,28,3,3,0,0,24,1,0,0,0,0
2026-07-16T02:59:03.843 RX PID,60,SQUARE,4,4,0,0,34,29,4,4,0,0,24,1,0,0,0,0
2026-07-16T02:59:03.843 RX PID,80,SQUARE,6,6,43,0,22,31,-37,6,1,0,24,1,0,0,0,0
2026-07-16T02:59:03.843 RX PID,100,SQUARE,7,7,2,0,36,32,5,7,1,0,24,1,0,0,0,0
2026-07-16T02:59:03.942 RX PID,120,SQUARE,9,9,0,0,39,33,9,9,1,0,24,1,0,0,0,0
2026-07-16T02:59:03.942 RX PID,140,SQUARE,11,11,0,0,40,35,11,11,1,0,24,1,0,0,0,0
2026-07-16T02:59:03.942 RX PID,160,SQUARE,12,12,0,0,41,37,12,12,1,0,24,1,0,0,0,0
2026-07-16T02:59:03.942 RX PID,180,SQUARE,14,14,0,0,42,39,14,14,1,0,24,1,0,0,0,0
2026-07-16T02:59:03.942 RX PID,200,SQUARE,15,15,0,0,43,39,15,15,1,0,24,1,0,0,0,0
2026-07-16T02:59:04.036 RX PID,220,SQUARE,17,17,0,0,44,41,17,17,1,0,24,1,0,0,0,0
2026-07-16T02:59:04.036 RX PID,240,SQUARE,19,19,10,0,43,43,9,19,2,0,24,1,0,0,0,0
2026-07-16T02:59:04.036 RX PID,260,SQUARE,20,20,0,0,48,44,20,20,2,0,24,1,0,0,0,0
2026-07-16T02:59:04.036 RX PID,280,SQUARE,22,22,43,0,35,47,-21,22,3,0,24,1,0,0,0,0
2026-07-16T02:59:04.136 RX PID,300,SQUARE,23,23,2,0,49,48,21,23,3,0,24,1,0,0,0,0
2026-07-16T02:59:04.136 RX PID,320,SQUARE,25,25,0,0,51,49,25,25,3,0,24,1,0,0,0,0
2026-07-16T02:59:04.136 RX PID,340,SQUARE,27,27,0,0,53,51,27,27,3,0,24,1,0,0,0,0
2026-07-16T02:59:04.136 RX PID,360,SQUARE,28,28,0,0,53,53,28,28,3,0,24,1,0,0,0,0
2026-07-16T02:59:04.136 RX PID,380,SQUARE,30,30,0,0,55,55,30,30,3,0,24,1,0,0,0,0
2026-07-16T02:59:04.221 RX PID,400,SQUARE,31,31,0,0,56,56,31,31,3,0,24,1,0,0,0,0
2026-07-16T02:59:04.221 RX PID,420,SQUARE,33,33,0,0,58,58,33,33,3,0,24,1,0,0,0,0
2026-07-16T02:59:04.221 RX PID,440,SQUARE,35,35,0,0,60,60,35,35,3,0,24,1,0,0,0,0
2026-07-16T02:59:04.221 RX PID,460,SQUARE,36,36,0,0,60,61,36,36,3,0,24,1,0,0,0,0
2026-07-16T02:59:04.326 RX PID,480,SQUARE,38,38,0,0,62,64,38,38,3,0,24,1,0,0,0,0
2026-07-16T02:59:04.326 RX PID,500,SQUARE,39,39,0,0,62,65,39,39,3,0,24,1,0,0,0,0
2026-07-16T02:59:04.326 RX PID,520,SQUARE,41,41,0,0,64,66,41,41,3,0,24,1,0,0,0,0
2026-07-16T02:59:04.326 RX PID,540,SQUARE,43,43,0,0,66,69,43,43,3,0,24,1,0,0,0,0
2026-07-16T02:59:04.326 RX PID,560,SQUARE,44,44,0,0,68,71,44,44,3,0,24,1,0,0,0,0
2026-07-16T02:59:04.427 RX PID,580,SQUARE,46,46,0,0,70,73,46,46,3,0,24,1,0,0,0,0
2026-07-16T02:59:04.427 RX PID,600,SQUARE,47,47,0,0,70,73,47,47,3,0,24,1,0,0,0,0
2026-07-16T02:59:04.427 RX PID,620,SQUARE,49,49,0,0,72,76,49,49,3,0,24,1,0,0,0,0
2026-07-16T02:59:04.427 RX PID,640,SQUARE,51,51,0,0,73,78,51,51,3,0,24,1,0,0,0,0
2026-07-16T02:59:04.427 RX PID,660,SQUARE,52,52,0,0,74,80,52,52,3,0,24,1,0,0,0,0
2026-07-16T02:59:04.518 RX PID,680,SQUARE,54,54,0,0,75,82,54,54,3,0,24,1,0,0,0,0
2026-07-16T02:59:04.518 RX PID,700,SQUARE,55,55,0,43,77,62,55,12,2,0,24,1,0,0,0,0
2026-07-16T02:59:04.518 RX PID,720,SQUARE,57,57,0,2,78,84,57,55,2,0,24,1,0,0,0,0
2026-07-16T02:59:04.518 RX PID,740,SQUARE,59,59,0,0,81,87,59,59,2,0,24,1,0,0,0,0
2026-07-16T02:59:04.615 RX PID,760,SQUARE,60,60,0,0,82,89,60,60,2,0,24,1,0,0,0,0
2026-07-16T02:59:04.615 RX PID,780,SQUARE,62,62,0,0,83,92,62,62,2,0,24,1,0,0,0,0
2026-07-16T02:59:04.615 RX PID,800,SQUARE,63,63,0,0,84,92,63,63,2,0,24,1,0,0,0,0
2026-07-16T02:59:04.615 RX PID,820,SQUARE,65,65,0,0,85,95,65,65,2,0,24,1,0,0,0,0
2026-07-16T02:59:04.615 RX PID,840,SQUARE,67,67,0,0,87,97,67,67,2,0,24,1,0,0,0,0
2026-07-16T02:59:04.724 RX PID,860,SQUARE,68,68,0,0,88,99,68,68,2,0,24,1,0,0,0,0
2026-07-16T02:59:04.724 RX PID,880,SQUARE,70,70,0,0,90,101,70,70,2,0,24,1,0,0,0,0
2026-07-16T02:59:04.724 RX PID,900,SQUARE,71,71,0,0,91,103,71,71,2,0,24,1,0,0,0,0
2026-07-16T02:59:04.724 RX PID,920,SQUARE,73,73,0,0,93,104,73,73,2,0,24,1,0,0,0,0
2026-07-16T02:59:04.724 RX PID,940,SQUARE,75,75,43,0,80,107,32,75,3,0,24,1,0,0,0,0
2026-07-16T02:59:04.811 RX PID,960,SQUARE,76,76,2,0,94,109,74,76,3,0,24,1,0,0,0,0
2026-07-16T02:59:04.811 RX PID,980,SQUARE,78,78,0,0,97,112,78,78,3,0,24,1,0,0,0,0
2026-07-16T02:59:04.811 RX PID,1000,SQUARE,79,79,0,43,98,91,79,36,2,0,24,1,0,0,0,0
2026-07-16T02:59:04.811 RX PID,1020,SQUARE,81,81,0,2,100,114,81,79,3,0,24,1,0,0,0,0
2026-07-16T02:59:04.904 RX PID,1040,SQUARE,83,83,10,0,99,117,73,83,3,0,24,1,0,0,0,0
2026-07-16T02:59:04.904 RX PID,1060,SQUARE,84,84,0,43,103,97,84,41,2,0,24,1,0,0,0,0
2026-07-16T02:59:04.904 RX PID,1080,SQUARE,86,86,43,2,90,120,43,84,3,0,24,1,0,0,0,0
2026-07-16T02:59:04.904 RX PID,1100,SQUARE,87,87,2,43,105,102,85,44,2,0,24,1,0,0,0,0
2026-07-16T02:59:04.904 RX PID,1120,SQUARE,89,89,43,2,92,123,46,87,3,0,24,1,0,0,0,0
2026-07-16T02:59:04.997 RX PID,1140,SQUARE,91,91,2,43,108,106,89,48,2,0,24,1,0,0,0,0
2026-07-16T02:59:04.997 RX PID,1160,SQUARE,92,92,43,2,95,128,49,90,3,0,24,1,0,0,0,0
2026-07-16T02:59:04.997 RX PID,1180,SQUARE,94,94,2,43,112,110,92,51,2,0,24,1,0,0,0,0
2026-07-16T02:59:04.997 RX PID,1200,SQUARE,95,95,11,46,109,109,84,49,2,0,24,1,0,0,0,0
2026-07-16T02:59:05.084 RX PID,1220,SQUARE,97,97,11,2,111,134,86,95,3,0,24,1,0,0,0,0
2026-07-16T02:59:05.084 RX PID,1240,SQUARE,99,99,44,11,101,132,55,88,3,0,24,1,0,0,0,0
2026-07-16T02:59:05.084 RX PID,1260,SQUARE,100,100,46,11,101,133,54,89,2,0,24,1,0,0,0,0
2026-07-16T02:59:05.084 RX PID,1280,SQUARE,102,102,46,11,102,135,56,91,2,0,24,1,0,0,0,0
2026-07-16T02:59:05.164 RX PID,1300,SQUARE,103,103,46,55,103,116,57,48,2,0,24,1,0,0,0,0
2026-07-16T02:59:05.164 RX PID,1320,SQUARE,105,105,57,46,102,121,48,59,3,0,24,1,0,0,0,0
2026-07-16T02:59:05.164 RX PID,1340,SQUARE,107,107,47,13,108,141,60,94,2,0,24,1,0,0,0,0
2026-07-16T02:59:05.164 RX PID,1360,SQUARE,108,108,57,55,104,121,51,53,3,0,24,1,0,0,0,0
2026-07-16T02:59:05.254 RX PID,1380,SQUARE,110,110,14,57,121,123,96,53,2,0,24,1,0,0,0,0
2026-07-16T02:59:05.254 RX PID,1400,SQUARE,111,111,55,68,108,118,56,43,1,0,24,1,0,0,0,0
2026-07-16T02:59:05.254 RX PID,1420,SQUARE,113,113,14,102,123,103,99,11,-1,0,24,1,0,0,0,0
2026-07-16T02:59:05.254 RX PID,1440,SQUARE,115,115,55,71,111,121,60,44,-3,0,24,1,0,0,0,0
2026-07-16T02:59:05.327 RX PID,1460,SQUARE,116,116,46,113,116,100,70,3,-6,0,24,1,0,0,0,0
2026-07-16T02:59:05.327 RX PID,1480,SQUARE,118,118,46,115,118,101,72,3,-9,0,24,1,0,0,0,0
2026-07-16T02:59:05.327 RX PID,1500,SQUARE,119,119,13,115,130,103,106,4,-11,0,24,1,0,0,0,0
2026-07-16T02:59:05.327 RX PID,1520,SQUARE,120,120,55,115,116,103,65,5,-13,0,24,1,0,0,0,0
2026-07-16T02:59:05.413 RX PID,1540,SQUARE,120,120,46,115,119,103,74,5,-16,0,24,1,0,0,0,0
2026-07-16T02:59:05.413 RX PID,1560,SQUARE,120,120,13,72,131,125,107,48,-19,2,16,1,0,0,0,0
2026-07-16T02:59:05.413 RX PID,1580,SQUARE,120,120,55,80,117,122,65,40,-21,2,16,1,0,0,0,0
2026-07-16T02:59:05.413 RX PID,1600,SQUARE,120,120,46,113,120,105,74,7,-24,2,16,1,0,0,0,0
2026-07-16T02:59:05.498 RX PID,1620,SQUARE,120,120,13,115,132,104,107,5,-26,2,16,1,0,0,0,0
2026-07-16T02:59:05.498 RX PID,1640,SQUARE,120,120,55,115,117,104,65,5,-29,2,16,1,0,0,0,0
2026-07-16T02:59:05.498 RX PID,1660,SQUARE,120,120,14,115,132,104,106,5,-32,2,16,1,0,0,0,0
2026-07-16T02:59:05.498 RX PID,1680,SQUARE,132,108,55,159,126,72,77,-51,-34,6,48,1,0,0,0,0
2026-07-16T02:59:05.580 RX PID,1700,SQUARE,144,96,14,107,152,86,130,-11,-36,6,48,1,0,0,0,0
2026-07-16T02:59:05.580 RX PID,1720,SQUARE,156,84,55,115,147,70,101,-31,-38,6,48,1,0,0,0,0
2026-07-16T02:59:05.580 RX PID,1740,SQUARE,160,80,57,115,150,66,103,-35,-40,6,48,1,0,0,0,0
2026-07-16T02:59:05.580 RX PID,1760,SQUARE,160,80,57,115,150,66,103,-35,-41,6,48,1,0,0,0,0
2026-07-16T02:59:05.666 RX PID,1780,SQUARE,160,80,101,105,134,71,59,-25,-43,6,48,1,0,0,0,0
2026-07-16T02:59:05.666 RX PID,1800,SQUARE,160,80,60,115,150,66,100,-35,-44,6,48,1,0,0,0,0
2026-07-16T02:59:05.666 RX PID,1820,SQUARE,160,80,58,105,150,71,102,-25,-44,6,48,1,0,0,0,0
2026-07-16T02:59:05.666 RX PID,1840,SQUARE,160,80,68,104,147,70,92,-24,-45,6,48,1,0,0,0,0
2026-07-16T02:59:05.756 RX PID,1860,SQUARE,160,80,102,104,135,70,58,-24,-45,6,48,1,0,0,0,0
2026-07-16T02:59:05.756 RX PID,1880,SQUARE,160,80,60,60,150,93,100,20,-45,6,48,1,0,0,0,0
2026-07-16T02:59:05.756 RX PID,1900,SQUARE,160,80,69,69,146,87,91,11,-46,6,48,1,0,0,0,0
2026-07-16T02:59:05.756 RX PID,1920,SQUARE,160,80,102,69,136,87,58,11,-46,6,48,1,0,0,0,0
2026-07-16T02:59:05.832 RX PID,1940,SQUARE,160,80,104,69,135,87,56,11,-46,6,48,1,0,0,0,0
2026-07-16T02:59:05.832 RX PID,1960,SQUARE,160,80,104,69,135,87,56,11,-46,6,48,1,0,0,0,0
2026-07-16T02:59:05.838 RX PID,1980,SQUARE,160,80,104,69,135,87,56,11,-46,6,48,1,0,0,0,0
2026-07-16T02:59:05.838 RX PID,2000,SQUARE,160,80,104,113,135,66,56,-33,-46,6,48,1,0,0,0,0
2026-07-16T02:59:05.923 RX PID,2020,SQUARE,160,80,104,104,135,70,56,-24,-46,6,48,1,0,0,0,0
2026-07-16T02:59:05.923 RX PID,2040,SQUARE,160,80,60,71,151,86,100,9,-47,6,48,1,0,0,0,0
2026-07-16T02:59:05.923 RX PID,2060,SQUARE,160,80,69,113,148,66,91,-33,-47,6,48,1,0,0,0,0
2026-07-16T02:59:05.923 RX PID,2080,SQUARE,160,80,69,104,148,70,91,-24,-48,6,48,1,0,0,0,0
2026-07-16T02:59:06.001 RX PID,2100,SQUARE,165,75,113,71,137,82,52,4,-48,11,32,1,0,0,0,0
2026-07-16T02:59:06.001 RX PID,2120,SQUARE,165,75,104,113,140,60,61,-38,-48,11,32,1,0,0,0,0
2026-07-16T02:59:06.001 RX PID,2140,SQUARE,165,75,115,104,136,65,50,-29,-47,11,32,1,0,0,0,0
2026-07-16T02:59:06.001 RX PID,2160,SQUARE,165,75,105,104,140,65,60,-29,-46,11,32,1,0,0,0,0
2026-07-16T02:59:06.090 RX PID,2180,SQUARE,165,75,115,71,136,81,50,4,-47,11,32,1,0,0,0,0
2026-07-16T02:59:06.090 RX PID,2200,SQUARE,165,75,72,69,152,82,93,6,-46,11,32,1,0,0,0,0
2026-07-16T02:59:06.090 RX PID,2220,SQUARE,165,75,113,113,138,60,52,-38,-45,11,32,1,0,0,0,0
2026-07-16T02:59:06.090 RX PID,2240,SQUARE,165,75,115,72,137,80,50,3,-44,11,32,1,0,0,0,0
2026-07-16T02:59:06.168 RX PID,2260,SQUARE,165,75,115,69,137,82,50,6,-45,11,32,1,0,0,0,0
2026-07-16T02:59:06.168 RX PID,2280,SQUARE,165,75,115,113,137,59,50,-38,-44,11,32,1,0,0,0,0
2026-07-16T02:59:06.168 RX PID,2300,SQUARE,165,75,115,104,137,64,50,-29,-44,23,96,1,0,0,0,0
2026-07-16T02:59:06.168 RX PID,2320,SQUARE,165,75,115,115,137,58,50,-40,-43,23,96,1,0,0,0,0
2026-07-16T02:59:06.251 RX PID,2340,SQUARE,165,75,115,105,137,63,50,-30,-42,23,96,1,0,0,0,0
2026-07-16T02:59:06.251 RX PID,2360,SQUARE,165,75,115,71,137,80,50,4,-42,23,96,1,0,0,0,0
2026-07-16T02:59:06.251 RX PID,2380,SQUARE,165,75,148,113,125,59,17,-38,-41,23,96,1,0,0,0,0
2026-07-16T02:59:06.251 RX PID,2400,SQUARE,165,75,74,104,152,63,91,-29,-40,23,96,1,0,0,0,0
2026-07-16T02:59:06.328 RX PID,2420,SQUARE,165,75,80,104,150,63,85,-29,-40,23,96,1,0,0,0,0
2026-07-16T02:59:06.338 RX PID,2440,SQUARE,165,75,157,71,123,79,8,4,-39,23,96,1,0,0,0,0
2026-07-16T02:59:06.338 RX PID,2460,SQUARE,165,75,75,113,152,58,90,-38,-38,23,96,1,0,0,0,0
2026-07-16T02:59:06.338 RX PID,2480,SQUARE,165,75,113,104,139,63,52,-29,-37,23,96,1,0,0,0,0
2026-07-16T02:59:06.424 RX PID,2500,SQUARE,165,75,115,71,138,79,50,4,-37,23,96,1,0,0,0,0
2026-07-16T02:59:06.424 RX PID,2520,SQUARE,165,75,115,113,138,58,50,-38,-36,23,96,1,0,0,0,0
2026-07-16T02:59:06.424 RX PID,2540,SQUARE,165,75,83,104,149,62,82,-29,-35,23,96,1,0,0,0,0
2026-07-16T02:59:06.424 RX PID,2560,SQUARE,165,75,113,71,139,78,52,4,-34,23,96,1,0,0,0,0
2026-07-16T02:59:06.501 RX PID,2580,SQUARE,165,75,115,69,138,79,50,6,-34,23,96,1,0,0,0,0
2026-07-16T02:59:06.501 RX PID,2600,SQUARE,165,75,115,113,139,57,50,-38,-34,23,96,1,0,0,0,0
2026-07-16T02:59:06.501 RX PID,2620,SQUARE,165,75,115,104,139,62,50,-29,-33,23,96,1,0,0,0,0
2026-07-16T02:59:06.501 RX PID,2640,SQUARE,165,75,115,104,139,62,50,-29,-31,23,96,1,0,0,0,0
2026-07-16T02:59:06.614 RX PID,2660,SQUARE,165,75,126,71,135,78,39,4,-30,23,96,1,0,0,0,0
2026-07-16T02:59:06.614 RX PID,2680,SQUARE,165,75,116,113,139,57,49,-38,-30,23,96,1,0,0,0,0
2026-07-16T02:59:06.614 RX PID,2700,SQUARE,165,75,116,72,139,76,49,3,-29,23,96,1,0,0,0,0
2026-07-16T02:59:06.614 RX PID,2720,SQUARE,165,75,116,102,139,62,49,-27,-28,23,96,1,0,0,0,0
2026-07-16T02:59:06.676 RX PID,2740,SQUARE,165,75,116,71,139,77,49,4,-27,23,96,1,0,0,0,0
2026-07-16T02:59:06.676 RX PID,2760,SQUARE,165,75,116,69,139,78,49,6,-26,23,96,1,0,0,0,0
2026-07-16T02:59:06.676 RX PID,2780,SQUARE,165,75,116,69,139,78,49,6,-25,23,96,1,0,0,0,0
2026-07-16T02:59:06.676 RX PID,2800,SQUARE,165,75,116,69,140,78,49,6,-24,23,96,1,0,0,0,0
2026-07-16T02:59:06.753 RX PID,2820,SQUARE,165,75,116,69,140,78,49,6,-22,23,96,1,0,0,0,0
2026-07-16T02:59:06.753 RX PID,2840,SQUARE,165,75,116,69,140,78,49,6,-21,23,96,1,0,0,0,0
2026-07-16T02:59:06.753 RX PID,2860,SQUARE,165,75,116,69,140,78,49,6,-20,23,96,1,0,0,0,0
2026-07-16T02:59:06.753 RX PID,2880,SQUARE,165,75,159,69,125,78,6,6,-19,23,96,1,0,0,0,0
2026-07-16T02:59:06.839 RX PID,2900,SQUARE,165,75,118,69,139,78,47,6,-18,23,96,1,0,0,0,0
2026-07-16T02:59:06.839 RX PID,2920,SQUARE,165,75,116,102,140,62,49,-27,-17,23,96,1,0,0,0,0
2026-07-16T02:59:06.839 RX PID,2940,SQUARE,165,75,116,71,140,76,49,4,-16,23,96,1,0,0,0,0
2026-07-16T02:59:06.839 RX PID,2960,SQUARE,165,75,116,69,140,77,49,6,-15,23,96,1,0,0,0,0
2026-07-16T02:59:06.918 RX PID,2980,SQUARE,165,75,116,102,140,61,49,-27,-14,23,96,1,0,0,0,0
2026-07-16T02:59:06.918 RX PID,3000,SQUARE,165,75,116,104,140,60,49,-29,-13,23,96,1,0,0,0,0
2026-07-16T02:59:06.918 RX PID,3020,SQUARE,165,75,116,104,141,60,49,-29,-11,23,96,1,0,0,0,0
2026-07-16T02:59:06.918 RX PID,3040,SQUARE,165,75,116,104,141,60,49,-29,-10,23,96,1,0,0,0,0
2026-07-16T02:59:07.006 RX PID,3060,SQUARE,165,75,159,104,126,60,6,-29,-9,23,96,1,0,0,0,0
2026-07-16T02:59:07.006 RX PID,3080,SQUARE,165,75,118,60,140,81,47,15,-8,23,96,1,0,0,0,0
2026-07-16T02:59:07.006 RX PID,3100,SQUARE,165,75,116,69,141,77,49,6,-6,23,96,1,0,0,0,0
2026-07-16T02:59:07.006 RX PID,3120,SQUARE,165,75,116,69,141,77,49,6,-5,23,96,1,0,0,0,0
2026-07-16T02:59:07.098 RX PID,3140,SQUARE,165,75,126,69,137,77,39,6,-4,23,96,1,0,0,0,0
2026-07-16T02:59:07.098 RX PID,3160,SQUARE,165,75,116,69,141,77,49,6,-3,23,96,1,0,0,0,0
2026-07-16T02:59:07.098 RX PID,3180,SQUARE,165,75,116,69,141,77,49,6,-1,23,96,1,0,0,0,0
2026-07-16T02:59:07.098 RX PID,3200,SQUARE,165,75,126,69,137,77,39,6,0,23,96,1,0,0,0,0
2026-07-16T02:59:07.181 RX PID,3220,SQUARE,165,75,116,69,141,76,49,6,2,23,96,1,0,0,0,0
2026-07-16T02:59:07.181 RX PID,3240,SQUARE,165,75,159,69,126,76,6,6,3,23,96,1,0,0,0,0
2026-07-16T02:59:07.181 RX PID,3260,SQUARE,165,75,118,69,140,76,47,6,5,23,96,1,0,0,0,0
2026-07-16T02:59:07.181 RX PID,3280,SQUARE,165,75,116,69,142,76,49,6,6,23,96,1,0,0,0,0
2026-07-16T02:59:07.273 RX PID,3300,SQUARE,165,75,126,69,138,76,39,6,7,23,96,1,0,0,0,0
2026-07-16T02:59:07.273 RX PID,3320,SQUARE,165,75,116,69,142,76,49,6,9,23,96,1,0,0,0,0
2026-07-16T02:59:07.273 RX PID,3340,SQUARE,165,75,126,69,138,76,39,6,10,23,96,1,0,0,0,0
2026-07-16T02:59:07.273 RX PID,3360,SQUARE,165,75,116,69,142,76,49,6,12,23,96,1,0,0,0,0
2026-07-16T02:59:07.366 RX PID,3380,SQUARE,165,75,116,69,142,76,49,6,13,23,96,1,0,0,0,0
2026-07-16T02:59:07.366 RX PID,3400,SQUARE,165,75,126,113,138,54,39,-38,14,23,96,1,0,0,0,0
2026-07-16T02:59:07.366 RX PID,3420,SQUARE,165,75,116,61,142,80,49,14,16,23,96,1,0,0,0,0
2026-07-16T02:59:07.366 RX PID,3440,SQUARE,165,75,126,69,138,76,39,6,17,23,96,1,0,0,0,0
2026-07-16T02:59:07.366 RX PID,3460,SQUARE,165,75,116,69,142,76,49,6,19,11,32,1,0,0,0,0
2026-07-16T02:59:07.450 RX PID,3480,SQUARE,165,75,126,69,138,75,39,6,20,11,32,1,0,0,0,0
2026-07-16T02:59:07.450 RX PID,3500,SQUARE,165,75,160,69,126,75,5,6,23,11,32,1,0,0,0,0
2026-07-16T02:59:07.450 RX PID,3520,SQUARE,165,75,118,69,141,75,47,6,25,11,32,1,0,0,0,0
2026-07-16T02:59:07.450 RX PID,3540,SQUARE,165,75,127,102,138,59,38,-27,26,11,32,1,0,0,0,0
2026-07-16T02:59:07.535 RX PID,3560,SQUARE,165,75,160,60,127,79,5,15,28,11,32,1,0,0,0,0
2026-07-16T02:59:07.535 RX PID,3580,SQUARE,165,75,118,69,142,75,47,6,30,11,32,1,0,0,0,0
2026-07-16T02:59:07.535 RX PID,3600,SQUARE,165,75,159,69,128,75,6,6,32,11,32,1,0,0,0,0
2026-07-16T02:59:07.535 RX PID,3620,SQUARE,159,81,118,102,138,65,41,-21,34,6,48,1,0,0,0,0
2026-07-16T02:59:07.633 RX PID,3640,SQUARE,160,80,127,60,135,84,33,20,35,6,48,1,0,0,0,0
2026-07-16T02:59:07.633 RX PID,3660,SQUARE,160,80,116,69,139,79,44,11,38,6,48,1,0,0,0,0
2026-07-16T02:59:07.633 RX PID,3680,SQUARE,160,80,126,69,135,79,34,11,40,6,48,1,0,0,0,0
2026-07-16T02:59:07.633 RX PID,3700,SQUARE,160,80,160,102,124,63,0,-22,41,6,48,1,0,0,0,0
2026-07-16T02:59:07.700 RX PID,3720,SQUARE,160,80,118,104,138,62,42,-24,43,6,48,1,0,0,0,0
2026-07-16T02:59:07.700 RX PID,3740,SQUARE,160,80,127,60,135,84,33,20,45,6,48,1,0,0,0,0
2026-07-16T02:59:07.700 RX PID,3760,SQUARE,160,80,160,69,124,79,0,11,46,6,48,1,0,0,0,0
2026-07-16T02:59:07.700 RX PID,3780,SQUARE,160,80,118,69,138,79,42,11,49,6,48,1,0,0,0,0
2026-07-16T02:59:07.784 RX PID,3800,SQUARE,160,80,127,69,135,79,33,11,51,6,48,1,0,0,0,0
2026-07-16T02:59:07.784 RX PID,3820,SQUARE,160,80,160,102,124,63,0,-22,52,6,48,1,0,0,0,0
2026-07-16T02:59:07.784 RX PID,3840,SQUARE,160,80,118,60,138,84,42,20,54,6,48,1,0,0,0,0
2026-07-16T02:59:07.784 RX PID,3860,SQUARE,160,80,159,69,124,79,1,11,56,6,48,1,0,0,0,0
2026-07-16T02:59:07.872 RX PID,3880,SQUARE,160,80,118,69,138,79,42,11,58,6,48,1,0,0,0,0
2026-07-16T02:59:07.872 RX PID,3900,SQUARE,154,86,159,58,120,91,-5,28,59,2,16,1,0,0,0,0
2026-07-16T02:59:07.872 RX PID,3920,SQUARE,142,98,118,68,125,97,24,30,62,2,16,1,0,0,0,0
2026-07-16T02:59:07.872 RX PID,3940,SQUARE,130,110,159,102,101,93,-29,8,63,2,16,1,0,0,0,0
2026-07-16T02:59:07.954 RX PID,3960,SQUARE,120,120,118,104,107,101,2,16,64,2,16,1,0,0,0,0
2026-07-16T02:59:07.954 RX PID,3980,SQUARE,120,120,116,104,108,101,4,16,66,0,24,1,0,0,0,0
2026-07-16T02:59:07.954 RX PID,4000,SQUARE,120,120,116,104,108,101,4,16,67,0,24,1,0,0,0,0
2026-07-16T02:59:07.954 RX PID,4020,SQUARE,120,120,159,104,93,101,-39,16,68,0,24,1,0,0,0,0
2026-07-16T02:59:08.040 RX PID,4040,SQUARE,120,120,118,104,106,102,2,16,68,0,24,1,0,0,0,0
2026-07-16T02:59:08.040 RX PID,4060,SQUARE,120,120,116,115,107,96,4,5,69,0,24,1,0,0,0,0
2026-07-16T02:59:08.040 RX PID,4080,SQUARE,120,120,116,105,108,101,4,15,70,0,24,1,0,0,0,0
2026-07-16T02:59:08.040 RX PID,4100,SQUARE,120,120,116,71,108,118,4,49,70,0,24,1,0,0,0,0
2026-07-16T02:59:08.123 RX PID,4120,SQUARE,120,120,116,113,108,97,4,7,71,0,24,1,0,0,0,0
2026-07-16T02:59:08.123 RX PID,4140,SQUARE,120,120,116,104,108,102,4,16,71,0,24,1,0,0,0,0
2026-07-16T02:59:08.123 RX PID,4160,SQUARE,120,120,116,71,108,119,4,49,72,0,24,1,0,0,0,0
2026-07-16T02:59:08.123 RX PID,4180,SQUARE,120,120,116,113,108,98,4,7,73,0,24,1,0,0,0,0
2026-07-16T02:59:08.203 RX PID,4200,SQUARE,120,120,105,115,112,97,15,5,73,-2,8,1,0,0,0,0
2026-07-16T02:59:08.203 RX PID,4220,SQUARE,120,120,115,105,108,102,5,15,73,-2,8,1,0,0,0,0
2026-07-16T02:59:08.203 RX PID,4240,SQUARE,114,126,115,115,104,103,-1,11,74,-6,12,1,0,0,0,0
2026-07-16T02:59:08.203 RX PID,4260,SQUARE,102,138,115,72,94,136,-13,66,74,-6,12,1,0,0,0,0
2026-07-16T02:59:08.291 RX PID,4280,SQUARE,90,150,115,113,85,127,-25,37,73,-6,12,1,0,0,0,0
2026-07-16T02:59:08.291 RX PID,4300,SQUARE,80,160,115,115,75,135,-35,45,74,-6,12,1,0,0,0,0
2026-07-16T02:59:08.291 RX PID,4320,SQUARE,80,160,72,115,89,135,8,45,74,-6,12,1,0,0,0,0
2026-07-16T02:59:08.291 RX PID,4340,SQUARE,80,160,113,115,76,136,-33,45,74,-6,12,1,0,0,0,0
2026-07-16T02:59:08.376 RX PID,4360,SQUARE,80,160,115,115,75,136,-35,45,73,-6,12,1,0,0,0,0
2026-07-16T02:59:08.376 RX PID,4380,SQUARE,80,160,105,115,79,136,-25,45,72,-6,12,1,0,0,0,0
2026-07-16T02:59:08.376 RX PID,4400,SQUARE,80,160,71,159,90,114,9,1,71,-6,12,1,0,0,0,0
2026-07-16T02:59:08.376 RX PID,4420,SQUARE,80,160,113,118,76,136,-33,42,70,-6,12,1,0,0,0,0
2026-07-16T02:59:08.454 RX PID,4440,SQUARE,80,160,72,116,89,137,8,44,69,-6,12,1,0,0,0,0
2026-07-16T02:59:08.454 RX PID,4460,SQUARE,80,160,113,126,76,132,-33,34,68,-6,12,1,0,0,0,0
2026-07-16T02:59:08.454 RX PID,4480,SQUARE,80,160,104,160,79,115,-24,0,67,-6,12,1,0,0,0,0
2026-07-16T02:59:08.454 RX PID,4500,SQUARE,80,160,71,118,90,136,9,42,65,-6,12,1,0,0,0,0
2026-07-16T02:59:08.544 RX PID,4520,SQUARE,80,160,113,127,76,132,-33,33,63,-6,12,1,0,0,0,0
2026-07-16T02:59:08.544 RX PID,4540,SQUARE,80,160,72,160,89,116,8,0,63,-6,12,1,0,0,0,0
2026-07-16T02:59:08.544 RX PID,4560,SQUARE,75,165,69,162,87,120,6,3,60,-11,4,1,0,0,0,0
2026-07-16T02:59:08.544 RX PID,4580,SQUARE,75,165,113,162,72,120,-38,3,59,-11,4,1,0,0,0,0
2026-07-16T02:59:08.626 RX PID,4600,SQUARE,75,165,72,162,86,120,3,3,57,-11,4,1,0,0,0,0
2026-07-16T02:59:08.626 RX PID,4620,SQUARE,75,165,69,162,87,120,6,3,56,-11,4,1,0,0,0,0
2026-07-16T02:59:08.626 RX PID,4640,SQUARE,75,165,69,162,87,120,6,3,54,-11,4,1,0,0,0,0
2026-07-16T02:59:08.626 RX PID,4660,SQUARE,75,165,113,162,72,121,-38,3,52,-11,4,1,0,0,0,0
2026-07-16T02:59:08.626 RX PID,4680,SQUARE,75,165,104,162,75,121,-29,3,49,-11,4,1,0,0,0,0
2026-07-16T02:59:08.710 RX PID,4700,SQUARE,75,165,104,162,75,121,-29,3,47,-11,4,1,0,0,0,0
2026-07-16T02:59:08.710 RX PID,4720,SQUARE,75,165,104,173,75,116,-29,-8,45,-11,4,1,0,0,0,0
2026-07-16T02:59:08.710 RX PID,4740,SQUARE,75,165,104,163,75,121,-29,2,42,-11,4,1,0,0,0,0
2026-07-16T02:59:08.810 RX PID,4760,SQUARE,75,165,104,129,75,138,-29,36,40,-11,4,1,0,0,0,0
2026-07-16T02:59:08.810 RX PID,4780,SQUARE,75,165,71,127,86,139,4,38,39,-11,4,1,0,0,0,0
2026-07-16T02:59:08.810 RX PID,4800,SQUARE,75,165,69,127,87,139,6,38,37,-11,4,1,0,0,0,0
2026-07-16T02:59:08.810 RX PID,4820,SQUARE,75,165,113,171,72,117,-38,-6,35,-11,4,1,0,0,0,0
2026-07-16T02:59:08.810 RX PID,4840,SQUARE,75,165,104,162,75,121,-29,3,32,-11,4,1,0,0,0,0
2026-07-16T02:59:08.896 RX PID,4860,SQUARE,75,165,104,173,75,116,-29,-8,30,-11,4,1,0,0,0,0
2026-07-16T02:59:08.896 RX PID,4880,SQUARE,75,165,104,163,74,121,-29,2,27,-11,4,1,0,0,0,0
2026-07-16T02:59:08.896 RX PID,4900,SQUARE,75,165,71,129,85,139,4,36,26,-11,4,1,0,0,0,0
2026-07-16T02:59:08.896 RX PID,4920,SQUARE,75,165,69,171,86,118,6,-6,24,-11,4,1,0,0,0,0
2026-07-16T02:59:08.977 RX PID,4940,SQUARE,75,165,69,162,86,122,6,3,21,-11,4,1,0,0,0,0
2026-07-16T02:59:08.977 RX PID,4960,SQUARE,75,165,69,129,86,139,6,36,19,-11,4,1,0,0,0,0
2026-07-16T02:59:08.977 RX PID,4980,SQUARE,75,165,69,127,86,140,6,38,17,-11,4,1,0,0,0,0
2026-07-16T02:59:08.977 RX PID,5000,SQUARE,81,159,69,171,91,112,12,-12,14,-6,12,1,0,0,0,0
2026-07-16T02:59:09.083 RX PID,5020,SQUARE,80,160,69,130,89,133,11,30,12,-6,12,1,0,0,0,0
2026-07-16T02:59:09.083 RX PID,5040,SQUARE,80,160,69,171,89,113,11,-11,10,-6,12,1,0,0,0,0
2026-07-16T02:59:09.083 RX PID,5060,SQUARE,80,160,69,130,89,133,11,30,7,-6,12,1,0,0,0,0
2026-07-16T02:59:09.083 RX PID,5080,SQUARE,80,160,69,171,89,113,11,-11,5,-6,12,1,0,0,0,0
2026-07-16T02:59:09.146 RX PID,5100,SQUARE,80,160,69,162,89,117,11,-2,2,-6,12,1,0,0,0,0
2026-07-16T02:59:09.146 RX PID,5120,SQUARE,80,160,69,173,89,112,11,-13,-1,-6,12,1,0,0,0,0
2026-07-16T02:59:09.146 RX PID,5140,SQUARE,80,160,69,163,89,117,11,-3,-4,-6,12,1,0,0,0,0
2026-07-16T02:59:09.146 RX PID,5160,SQUARE,80,160,102,173,79,112,-22,-13,-7,-6,12,1,0,0,0,0
2026-07-16T02:59:09.231 RX PID,5180,SQUARE,80,160,104,130,78,133,-24,30,-9,-6,12,1,0,0,0,0
2026-07-16T02:59:09.231 RX PID,5200,SQUARE,80,160,60,171,93,113,20,-11,-12,-6,12,1,0,0,0,0
2026-07-16T02:59:09.231 RX PID,5220,SQUARE,80,160,69,173,89,112,11,-13,-15,-6,12,1,0,0,0,0
2026-07-16T02:59:09.231 RX PID,5240,SQUARE,80,160,69,163,89,117,11,-3,-18,-6,12,1,0,0,0,0
2026-07-16T02:59:09.315 RX PID,5260,SQUARE,80,160,102,173,79,112,-22,-13,-20,-6,12,1,0,0,0,0
2026-07-16T02:59:09.315 RX PID,5280,SQUARE,80,160,60,130,93,133,20,30,-23,-6,12,1,0,0,0,0
2026-07-16T02:59:09.315 RX PID,5300,SQUARE,92,148,69,171,100,102,23,-23,-27,-2,8,1,0,0,0,0
2026-07-16T02:59:09.316 RX PID,5320,SQUARE,104,136,102,162,97,95,2,-26,-29,-2,8,1,0,0,0,0
2026-07-16T02:59:09.399 RX PID,5340,SQUARE,116,124,60,129,122,101,56,-5,-31,0,24,1,0,0,0,0
2026-07-16T02:59:09.399 RX PID,5360,SQUARE,120,120,101,127,111,97,19,-7,-34,0,24,1,0,0,0,0
2026-07-16T02:59:09.399 RX PID,5380,SQUARE,120,120,60,127,127,97,60,-7,-36,0,24,1,0,0,0,0
2026-07-16T02:59:09.399 RX PID,5400,SQUARE,120,120,69,127,123,97,51,-7,-39,0,24,1,0,0,0,0
2026-07-16T02:59:09.482 RX PID,5420,SQUARE,120,120,58,160,127,80,62,-40,-40,0,24,1,0,0,0,0
2026-07-16T02:59:09.482 RX PID,5440,SQUARE,120,120,68,162,124,79,52,-42,-43,0,24,1,0,0,0,0
2026-07-16T02:59:09.482 RX PID,5460,SQUARE,120,120,102,118,112,101,18,2,-45,0,24,1,0,0,0,0
2026-07-16T02:59:09.482 RX PID,5480,SQUARE,120,120,104,116,111,102,16,4,-46,0,24,1,0,0,0,0
2026-07-16T02:59:09.563 RX PID,5500,SQUARE,120,120,60,126,127,97,60,-6,-47,0,24,1,0,0,0,0
2026-07-16T02:59:09.563 RX PID,5520,SQUARE,120,120,69,116,123,102,51,4,-50,2,16,1,0,0,0,0
2026-07-16T02:59:09.563 RX PID,5540,SQUARE,120,120,102,126,112,97,18,-6,-51,2,16,1,0,0,0,0
2026-07-16T02:59:09.563 RX PID,5560,SQUARE,120,120,60,116,127,102,60,4,-53,2,16,1,0,0,0,0
2026-07-16T02:59:09.629 RX PID,5580,SQUARE,120,120,69,116,123,102,51,4,-55,2,16,1,0,0,0,0
2026-07-16T02:59:09.629 RX PID,5600,SQUARE,120,120,102,159,113,80,18,-39,-56,2,16,1,0,0,0,0
2026-07-16T02:59:09.629 RX PID,5620,SQUARE,132,108,60,118,137,89,72,-10,-57,6,48,1,0,0,0,0
2026-07-16T02:59:09.717 RX PID,5640,SQUARE,144,96,69,116,144,78,75,-20,-59,6,48,1,0,0,0,0
2026-07-16T02:59:09.717 RX PID,5660,SQUARE,156,84,102,116,141,67,54,-32,-60,6,48,1,0,0,0,0
2026-07-16T02:59:09.717 RX PID,5680,SQUARE,160,80,104,116,144,63,56,-36,-61,6,48,1,0,0,0,0
2026-07-16T02:59:09.717 RX PID,5700,SQUARE,160,80,104,72,144,85,56,8,-62,6,48,1,0,0,0,0
2026-07-16T02:59:09.800 RX PID,5720,SQUARE,160,80,104,113,144,65,56,-33,-61,6,48,1,0,0,0,0
2026-07-16T02:59:09.800 RX PID,5740,SQUARE,160,80,71,115,156,63,89,-35,-62,6,48,1,0,0,0,0
2026-07-16T02:59:09.800 RX PID,5760,SQUARE,160,80,113,105,142,68,47,-25,-63,6,48,1,0,0,0,0
2026-07-16T02:59:09.800 RX PID,5780,SQUARE,160,80,115,115,141,63,45,-35,-62,6,48,1,0,0,0,0
2026-07-16T02:59:09.879 RX PID,5800,SQUARE,160,80,105,72,145,84,55,8,-63,6,48,1,0,0,0,0
2026-07-16T02:59:09.879 RX PID,5820,SQUARE,160,80,115,113,141,64,45,-33,-62,6,48,1,0,0,0,0
2026-07-16T02:59:09.879 RX PID,5840,SQUARE,160,80,105,72,145,84,55,8,-62,6,48,1,0,0,0,0
2026-07-16T02:59:09.879 RX PID,5860,SQUARE,160,80,115,113,141,63,45,-33,-62,6,48,1,0,0,0,0
2026-07-16T02:59:09.963 RX PID,5880,SQUARE,160,80,105,104,145,67,55,-24,-61,6,48,1,0,0,0,0
2026-07-16T02:59:09.963 RX PID,5900,SQUARE,160,80,115,71,141,83,45,9,-62,6,48,1,0,0,0,0
2026-07-16T02:59:09.963 RX PID,5920,SQUARE,160,80,115,113,141,63,45,-33,-61,6,48,1,0,0,0,0
2026-07-16T02:59:09.963 RX PID,5940,SQUARE,165,75,105,72,150,78,60,3,-61,11,32,1,0,0,0,0
2026-07-16T02:59:10.056 RX PID,5960,SQUARE,165,75,115,113,146,58,50,-38,-61,11,32,1,0,0,0,0
2026-07-16T02:59:10.056 RX PID,5980,SQUARE,165,75,115,72,146,78,50,3,-61,11,32,1,0,0,0,0
2026-07-16T02:59:10.056 RX PID,6000,SQUARE,165,75,72,113,161,57,93,-38,-60,11,32,1,0,0,0,0
2026-07-16T02:59:10.056 RX PID,6020,SQUARE,165,75,113,104,147,62,52,-29,-59,11,32,1,0,0,0,0
2026-07-16T02:59:10.137 RX PID,6040,SQUARE,165,75,115,71,146,78,50,4,-59,11,32,1,0,0,0,0
2026-07-16T02:59:10.137 RX PID,6060,SQUARE,165,75,115,113,146,57,50,-38,-58,23,96,1,0,0,0,0
2026-07-16T02:59:10.137 RX PID,6080,SQUARE,165,75,115,72,146,77,50,3,-58,23,96,1,0,0,0,0
2026-07-16T02:59:10.137 RX PID,6100,SQUARE,165,75,115,69,146,79,50,6,-57,23,96,1,0,0,0,0
2026-07-16T02:59:10.218 RX PID,6120,SQUARE,165,75,115,69,147,79,50,6,-56,23,96,1,0,0,0,0
2026-07-16T02:59:10.218 RX PID,6140,SQUARE,165,75,126,69,143,79,39,6,-55,23,96,1,0,0,0,0
2026-07-16T02:59:10.218 RX PID,6160,SQUARE,165,75,116,69,147,78,49,6,-53,23,96,1,0,0,0,0
2026-07-16T02:59:10.218 RX PID,6180,SQUARE,165,75,116,102,147,62,49,-27,-52,23,96,1,0,0,0,0
2026-07-16T02:59:10.310 RX PID,6200,SQUARE,165,75,116,104,147,61,49,-29,-50,23,96,1,0,0,0,0
2026-07-16T02:59:10.310 RX PID,6220,SQUARE,165,75,116,104,147,61,49,-29,-49,23,96,1,0,0,0,0
2026-07-16T02:59:10.310 RX PID,6240,SQUARE,165,75,159,104,132,61,6,-29,-48,23,96,1,0,0,0,0
2026-07-16T02:59:10.310 RX PID,6260,SQUARE,165,75,118,104,146,61,47,-29,-47,23,96,1,0,0,0,0
2026-07-16T02:59:10.384 RX PID,6280,SQUARE,165,75,116,104,147,61,49,-29,-45,23,96,1,0,0,0,0
2026-07-16T02:59:10.384 RX PID,6300,SQUARE,165,75,159,104,132,61,6,-29,-44,23,96,1,0,0,0,0
2026-07-16T02:59:10.384 RX PID,6320,SQUARE,165,75,118,104,146,61,47,-29,-43,23,96,1,0,0,0,0
2026-07-16T02:59:10.384 RX PID,6340,SQUARE,165,75,116,71,147,77,49,4,-41,23,96,1,0,0,0,0
2026-07-16T02:59:10.472 RX PID,6360,SQUARE,165,75,159,69,133,78,6,6,-40,23,96,1,0,0,0,0
2026-07-16T02:59:10.472 RX PID,6380,SQUARE,165,75,118,69,147,78,47,6,-38,23,96,1,0,0,0,0
2026-07-16T02:59:10.472 RX PID,6400,SQUARE,165,75,159,69,133,77,6,6,-38,23,96,1,0,0,0,0
2026-07-16T02:59:10.472 RX PID,6420,SQUARE,165,75,118,69,147,77,47,6,-36,23,96,1,0,0,0,0
2026-07-16T02:59:10.551 RX PID,6440,SQUARE,165,75,127,69,144,77,38,6,-33,23,96,1,0,0,0,0
2026-07-16T02:59:10.551 RX PID,6460,SQUARE,165,75,127,69,144,77,38,6,-31,23,96,1,0,0,0,0
2026-07-16T02:59:10.551 RX PID,6480,SQUARE,165,75,127,102,144,61,38,-27,-29,23,96,1,0,0,0,0
2026-07-16T02:59:10.551 RX PID,6500,SQUARE,165,75,127,104,144,60,38,-29,-27,23,96,1,0,0,0,0
2026-07-16T02:59:10.639 RX PID,6520,SQUARE,165,75,160,104,132,60,5,-29,-25,23,96,1,0,0,0,0
2026-07-16T02:59:10.639 RX PID,6540,SQUARE,165,75,162,104,132,60,3,-29,-24,23,96,1,0,0,0,0
2026-07-16T02:59:10.639 RX PID,6560,SQUARE,165,75,162,104,132,60,3,-29,-22,23,96,1,0,0,0,0
2026-07-16T02:59:10.639 RX PID,6580,SQUARE,165,75,162,104,132,60,3,-29,-20,23,96,1,0,0,0,0
2026-07-16T02:59:10.723 RX PID,6600,SQUARE,165,75,162,104,132,60,3,-29,-18,23,96,1,0,0,0,0
2026-07-16T02:59:10.723 RX PID,6620,SQUARE,165,75,162,104,132,60,3,-29,-16,23,96,1,0,0,0,0
2026-07-16T02:59:10.723 RX PID,6640,SQUARE,165,75,162,60,132,81,3,15,-14,23,96,1,0,0,0,0
2026-07-16T02:59:10.723 RX PID,6660,SQUARE,165,75,162,112,132,55,3,-37,-12,23,96,1,0,0,0,0
2026-07-16T02:59:10.807 RX PID,6680,SQUARE,165,75,118,61,147,81,47,14,-10,23,96,1,0,0,0,0
2026-07-16T02:59:10.807 RX PID,6700,SQUARE,165,75,127,69,144,76,38,6,-8,23,96,1,0,0,0,0
2026-07-16T02:59:10.807 RX PID,6720,SQUARE,165,75,127,69,144,76,38,6,-5,23,96,1,0,0,0,0
2026-07-16T02:59:10.807 RX PID,6740,SQUARE,165,75,127,102,144,60,38,-27,-4,23,96,1,0,0,0,0
2026-07-16T02:59:10.888 RX PID,6760,SQUARE,165,75,116,104,149,59,49,-29,-2,23,96,1,0,0,0,0
2026-07-16T02:59:10.888 RX PID,6780,SQUARE,165,75,126,104,145,59,39,-29,-1,23,96,1,0,0,0,0
2026-07-16T02:59:10.888 RX PID,6800,SQUARE,165,75,116,60,149,80,49,15,1,23,96,1,0,0,0,0
2026-07-16T02:59:10.888 RX PID,6820,SQUARE,165,75,126,69,145,76,39,6,4,23,96,1,0,0,0,0
2026-07-16T02:59:10.971 RX PID,6840,SQUARE,165,75,127,102,145,60,38,-27,6,23,96,1,0,0,0,0
2026-07-16T02:59:10.971 RX PID,6860,SQUARE,165,75,116,60,149,80,49,15,7,23,96,1,0,0,0,0
2026-07-16T02:59:10.971 RX PID,6880,SQUARE,165,75,126,69,145,76,39,6,9,23,96,1,0,0,0,0
2026-07-16T02:59:10.971 RX PID,6900,SQUARE,165,75,116,102,149,60,49,-27,11,11,32,1,0,0,0,0
2026-07-16T02:59:11.059 RX PID,6920,SQUARE,165,75,126,60,145,80,39,15,13,11,32,1,0,0,0,0
2026-07-16T02:59:11.059 RX PID,6940,SQUARE,165,75,160,69,133,76,5,6,15,11,32,1,0,0,0,0
2026-07-16T02:59:11.059 RX PID,6960,SQUARE,165,75,118,102,148,60,47,-27,17,11,32,1,0,0,0,0
2026-07-16T02:59:11.059 RX PID,6980,SQUARE,165,75,127,104,145,59,38,-29,19,11,32,1,0,0,0,0
2026-07-16T02:59:11.143 RX PID,7000,SQUARE,165,75,160,60,133,80,5,15,21,11,32,1,0,0,0,0
2026-07-16T02:59:11.143 RX PID,7020,SQUARE,165,75,118,101,148,60,47,-26,23,11,32,1,0,0,0,0
2026-07-16T02:59:11.143 RX PID,7040,SQUARE,165,75,127,104,145,59,38,-29,25,11,32,1,0,0,0,0
2026-07-16T02:59:11.144 RX PID,7060,SQUARE,165,75,160,60,134,80,5,15,26,11,32,1,0,0,0,0
2026-07-16T02:59:11.144 RX PID,7080,SQUARE,165,75,118,69,149,76,47,6,29,11,32,1,0,0,0,0
2026-07-16T02:59:11.244 RX PID,7100,SQUARE,159,81,127,102,142,66,32,-21,31,6,48,1,0,0,0,0
2026-07-16T02:59:11.244 RX PID,7120,SQUARE,160,80,127,60,142,85,33,20,33,6,48,1,0,0,0,0
2026-07-16T02:59:11.244 RX PID,7140,SQUARE,160,80,160,69,131,80,0,11,35,6,48,1,0,0,0,0
2026-07-16T02:59:11.244 RX PID,7160,SQUARE,160,80,162,102,131,64,-2,-22,37,6,48,1,0,0,0,0
2026-07-16T02:59:11.327 RX PID,7180,SQUARE,160,80,118,104,145,63,42,-24,39,6,48,1,0,0,0,0
2026-07-16T02:59:11.329 RX PID,7200,SQUARE,160,80,127,60,142,85,33,20,41,6,48,1,0,0,0,0
2026-07-16T02:59:11.329 RX PID,7220,SQUARE,160,80,160,69,131,80,0,11,44,6,48,1,0,0,0,0
2026-07-16T02:59:11.329 RX PID,7240,SQUARE,160,80,162,102,131,64,-2,-22,45,6,48,1,0,0,0,0
2026-07-16T02:59:11.411 RX PID,7260,SQUARE,160,80,118,104,145,63,42,-24,46,6,48,1,0,0,0,0
2026-07-16T02:59:11.411 RX PID,7280,SQUARE,160,80,159,60,131,85,1,20,48,6,48,1,0,0,0,0
2026-07-16T02:59:11.411 RX PID,7300,SQUARE,160,80,118,69,145,80,42,11,51,6,48,1,0,0,0,0
2026-07-16T02:59:11.411 RX PID,7320,SQUARE,160,80,127,102,142,64,33,-22,53,6,48,1,0,0,0,0
2026-07-16T02:59:11.496 RX PID,7340,SQUARE,160,80,127,60,142,85,33,20,55,6,48,1,0,0,0,0
2026-07-16T02:59:11.496 RX PID,7360,SQUARE,154,86,127,69,137,86,27,17,57,2,16,1,0,0,0,0
2026-07-16T02:59:11.496 RX PID,7380,SQUARE,142,98,127,69,128,97,15,29,60,2,16,1,0,0,0,0
2026-07-16T02:59:11.496 RX PID,7400,SQUARE,130,110,160,102,107,93,-30,8,61,2,16,1,0,0,0,0
2026-07-16T02:59:11.579 RX PID,7420,SQUARE,120,120,162,104,99,102,-42,16,63,2,16,1,0,0,0,0
2026-07-16T02:59:11.579 RX PID,7440,SQUARE,120,120,118,71,113,118,2,49,65,0,24,1,0,0,0,0
2026-07-16T02:59:11.579 RX PID,7460,SQUARE,120,120,127,69,111,119,-7,51,66,0,24,1,0,0,0,0
2026-07-16T02:59:11.579 RX PID,7480,SQUARE,120,120,160,69,99,119,-40,51,67,0,24,1,0,0,0,0
2026-07-16T02:59:11.663 RX PID,7500,SQUARE,120,120,118,113,113,97,2,7,69,0,24,1,0,0,0,0
2026-07-16T02:59:11.663 RX PID,7520,SQUARE,120,120,127,104,111,103,-7,16,71,0,24,1,0,0,0,0
2026-07-16T02:59:11.664 RX PID,7540,SQUARE,120,120,160,71,99,119,-40,49,71,0,24,1,0,0,0,0
2026-07-16T02:59:11.664 RX PID,7560,SQUARE,120,120,162,113,99,98,-42,7,73,0,24,1,0,0,0,0
2026-07-16T02:59:11.748 RX PID,7580,SQUARE,120,120,118,72,113,119,2,48,74,0,24,1,0,0,0,0
2026-07-16T02:59:11.748 RX PID,7600,SQUARE,120,120,127,113,111,98,-7,7,76,0,24,1,0,0,0,0
2026-07-16T02:59:11.748 RX PID,7620,SQUARE,120,120,127,104,111,103,-7,16,77,-2,8,1,0,0,0,0
2026-07-16T02:59:11.748 RX PID,7640,SQUARE,120,120,160,71,99,120,-40,49,79,-2,8,1,0,0,0,0
2026-07-16T02:59:11.829 RX PID,7660,SQUARE,108,132,118,69,104,132,-10,63,80,-6,12,1,0,0,0,0
2026-07-16T02:59:11.829 RX PID,7680,SQUARE,96,144,159,113,80,121,-63,31,80,-6,12,1,0,0,0,0
2026-07-16T02:59:11.829 RX PID,7700,SQUARE,84,156,118,115,85,132,-34,41,81,-6,12,1,0,0,0,0
2026-07-16T02:59:11.829 RX PID,7720,SQUARE,80,160,116,148,82,120,-36,12,82,-6,12,1,0,0,0,0
2026-07-16T02:59:11.915 RX PID,7740,SQUARE,80,160,116,118,81,135,-36,42,82,-6,12,1,0,0,0,0
2026-07-16T02:59:11.915 RX PID,7760,SQUARE,80,160,126,116,77,136,-46,44,82,-6,12,1,0,0,0,0
2026-07-16T02:59:11.915 RX PID,7780,SQUARE,80,160,116,116,81,137,-36,44,81,-6,12,1,0,0,0,0
2026-07-16T02:59:11.915 RX PID,7800,SQUARE,80,160,116,159,81,115,-36,1,81,-6,12,1,0,0,0,0
2026-07-16T02:59:11.998 RX PID,7820,SQUARE,80,160,105,118,85,136,-25,42,81,-6,12,1,0,0,0,0
2026-07-16T02:59:11.998 RX PID,7840,SQUARE,80,160,115,159,81,115,-35,1,80,-6,12,1,0,0,0,0
2026-07-16T02:59:11.998 RX PID,7860,SQUARE,75,165,115,118,77,141,-40,47,78,-11,4,1,0,0,0,0
2026-07-16T02:59:11.999 RX PID,7880,SQUARE,75,165,72,159,92,122,3,6,78,-11,4,1,0,0,0,0
2026-07-16T02:59:12.083 RX PID,7900,SQUARE,75,165,113,118,78,142,-38,47,76,-11,4,1,0,0,0,0
2026-07-16T02:59:12.083 RX PID,7920,SQUARE,75,165,72,127,92,138,3,38,75,-11,4,1,0,0,0,0
2026-07-16T02:59:12.083 RX PID,7940,SQUARE,75,165,69,160,93,121,6,5,74,-11,4,1,0,0,0,0
2026-07-16T02:59:12.083 RX PID,7960,SQUARE,75,165,113,162,78,120,-38,3,72,-18,6,1,0,0,0,0
2026-07-16T02:59:12.167 RX PID,7980,SQUARE,75,165,104,162,81,121,-29,3,71,-18,6,1,0,0,0,0
2026-07-16T02:59:12.167 RX PID,8000,SQUARE,75,165,115,118,77,143,-40,47,69,-18,6,1,0,0,0,0
2026-07-16T02:59:12.167 RX PID,8020,SQUARE,75,165,72,170,92,118,3,-5,68,-18,6,1,0,0,0,0
2026-07-16T02:59:12.167 RX PID,8040,SQUARE,75,165,113,162,78,121,-38,3,66,-18,6,1,0,0,0,0
2026-07-16T02:59:12.250 RX PID,8060,SQUARE,75,165,104,162,81,121,-29,3,63,-18,6,1,0,0,0,0
2026-07-16T02:59:12.250 RX PID,8080,SQUARE,75,165,71,129,92,138,4,36,62,-18,6,1,0,0,0,0
2026-07-16T02:59:12.250 RX PID,8100,SQUARE,75,165,69,127,93,139,6,38,60,-18,6,1,0,0,0,0
2026-07-16T02:59:12.250 RX PID,8120,SQUARE,75,165,113,171,77,117,-38,-6,57,-18,6,1,0,0,0,0
2026-07-16T02:59:12.328 RX PID,8140,SQUARE,75,165,104,130,80,137,-29,35,55,-18,6,1,0,0,0,0
2026-07-16T02:59:12.328 RX PID,8160,SQUARE,75,165,104,171,80,117,-29,-6,52,-18,6,1,0,0,0,0
2026-07-16T02:59:12.328 RX PID,8180,SQUARE,75,165,71,173,91,116,4,-8,50,-18,6,1,0,0,0,0
2026-07-16T02:59:12.328 RX PID,8200,SQUARE,75,165,69,163,92,122,6,2,48,-18,6,1,0,0,0,0
2026-07-16T02:59:12.421 RX PID,8220,SQUARE,75,165,69,173,92,116,6,-8,45,-18,6,1,0,0,0,0
2026-07-16T02:59:12.421 RX PID,8240,SQUARE,75,165,69,130,92,138,6,35,43,-18,6,1,0,0,0,0
2026-07-16T02:59:12.421 RX PID,8260,SQUARE,75,165,69,171,92,118,6,-6,40,-18,6,1,0,0,0,0
2026-07-16T02:59:12.421 RX PID,8280,SQUARE,75,165,113,130,77,138,-38,35,38,-18,6,1,0,0,0,0
2026-07-16T02:59:12.506 RX PID,8300,SQUARE,75,165,104,171,80,118,-29,-6,35,-18,6,1,0,0,0,0
2026-07-16T02:59:12.506 RX PID,8320,SQUARE,75,165,104,130,80,138,-29,35,33,-18,6,1,0,0,0,0
2026-07-16T02:59:12.506 RX PID,8340,SQUARE,75,165,104,127,80,140,-29,38,31,-18,6,1,0,0,0,0
2026-07-16T02:59:12.506 RX PID,8360,SQUARE,75,165,60,171,95,118,15,-6,28,-18,6,1,0,0,0,0
2026-07-16T02:59:12.587 RX PID,8380,SQUARE,75,165,69,173,92,117,6,-8,26,-18,6,1,0,0,0,0
2026-07-16T02:59:12.587 RX PID,8400,SQUARE,75,165,69,163,92,122,6,2,22,-18,6,1,0,0,0,0
2026-07-16T02:59:12.587 RX PID,8420,SQUARE,75,165,69,173,92,117,6,-8,20,-18,6,1,0,0,0,0
2026-07-16T02:59:12.587 RX PID,8440,SQUARE,75,165,69,163,92,122,6,2,17,-18,6,1,0,0,0,0
2026-07-16T02:59:12.665 RX PID,8460,SQUARE,75,165,102,173,81,117,-27,-8,14,-11,4,1,0,0,0,0
2026-07-16T02:59:12.665 RX PID,8480,SQUARE,75,165,104,173,80,117,-29,-8,12,-11,4,1,0,0,0,0
2026-07-16T02:59:12.665 RX PID,8500,SQUARE,75,165,60,163,95,122,15,2,9,-11,4,1,0,0,0,0
2026-07-16T02:59:12.665 RX PID,8520,SQUARE,75,165,69,173,92,117,6,-8,7,-11,4,1,0,0,0,0
2026-07-16T02:59:12.757 RX PID,8540,SQUARE,75,165,69,130,92,138,6,35,3,-11,4,1,0,0,0,0
2026-07-16T02:59:12.757 RX PID,8560,SQUARE,75,165,102,171,81,118,-27,-6,0,-11,4,1,0,0,0,0
2026-07-16T02:59:12.757 RX PID,8580,SQUARE,75,165,104,173,80,117,-29,-8,-2,-11,4,1,0,0,0,0
2026-07-16T02:59:12.757 RX PID,8600,SQUARE,75,165,60,130,95,138,15,35,-5,-11,4,1,0,0,0,0
2026-07-16T02:59:12.831 RX PID,8620,SQUARE,75,165,69,171,92,118,6,-6,-8,-11,4,1,0,0,0,0
2026-07-16T02:59:12.831 RX PID,8640,SQUARE,80,160,69,173,95,112,11,-13,-12,-6,12,1,0,0,0,0
2026-07-16T02:59:12.831 RX PID,8660,SQUARE,80,160,102,173,85,112,-22,-13,-14,-6,12,1,0,0,0,0
2026-07-16T02:59:12.831 RX PID,8680,SQUARE,80,160,60,173,99,112,20,-13,-17,-6,12,1,0,0,0,0
2026-07-16T02:59:12.924 RX PID,8700,SQUARE,80,160,69,163,95,117,11,-3,-20,-6,12,1,0,0,0,0
2026-07-16T02:59:12.924 RX PID,8720,SQUARE,80,160,69,173,95,112,11,-13,-24,-6,12,1,0,0,0,0
2026-07-16T02:59:12.924 RX PID,8740,SQUARE,80,160,102,173,85,112,-22,-13,-26,-6,12,1,0,0,0,0
2026-07-16T02:59:12.924 RX PID,8760,SQUARE,80,160,60,163,99,117,20,-3,-29,-6,12,1,0,0,0,0
2026-07-16T02:59:13.005 RX PID,8780,SQUARE,80,160,69,173,95,112,11,-13,-33,-6,12,1,0,0,0,0
2026-07-16T02:59:13.005 RX PID,8800,SQUARE,80,160,102,173,85,112,-22,-13,-36,-6,12,1,0,0,0,0
2026-07-16T02:59:13.005 RX PID,8820,SQUARE,86,154,60,173,104,107,26,-19,-38,-2,8,1,0,0,0,0
2026-07-16T02:59:13.005 RX PID,8840,SQUARE,98,142,69,130,111,116,29,12,-42,-2,8,1,0,0,0,0
2026-07-16T02:59:13.091 RX PID,8860,SQUARE,110,130,102,171,108,84,8,-41,-44,-2,8,1,0,0,0,0
2026-07-16T02:59:13.091 RX PID,8880,SQUARE,120,120,60,162,132,79,60,-42,-46,0,24,1,0,0,0,0
2026-07-16T02:59:13.091 RX PID,8900,SQUARE,120,120,69,162,128,79,51,-42,-48,0,24,1,0,0,0,0
2026-07-16T02:59:13.091 RX PID,8920,SQUARE,120,120,69,162,128,79,51,-42,-52,0,24,1,0,0,0,0
2026-07-16T02:59:13.170 RX PID,8940,SQUARE,120,120,69,162,128,79,51,-42,-54,0,24,1,0,0,0,0
2026-07-16T02:59:13.170 RX PID,8960,SQUARE,120,120,69,162,128,78,51,-42,-56,0,24,1,0,0,0,0
2026-07-16T02:59:13.170 RX PID,8980,SQUARE,120,120,102,129,118,95,18,-9,-57,0,24,1,0,0,0,0
2026-07-16T02:59:13.170 RX PID,9000,SQUARE,120,120,104,160,117,79,16,-40,-59,0,24,1,0,0,0,0
2026-07-16T02:59:13.247 RX PID,9020,SQUARE,120,120,104,162,117,78,16,-42,-61,2,16,1,0,0,0,0
2026-07-16T02:59:13.247 RX PID,9040,SQUARE,120,120,104,118,117,100,16,2,-63,2,16,1,0,0,0,0
2026-07-16T02:59:13.247 RX PID,9060,SQUARE,120,120,104,127,117,96,16,-7,-64,2,16,1,0,0,0,0
2026-07-16T02:59:13.247 RX PID,9080,SQUARE,126,114,104,160,121,73,22,-46,-66,6,48,1,0,0,0,0
2026-07-16T02:59:13.334 RX PID,9100,SQUARE,138,102,104,118,131,82,34,-16,-68,6,48,1,0,0,0,0
2026-07-16T02:59:13.334 RX PID,9120,SQUARE,150,90,104,159,142,51,46,-69,-68,6,48,1,0,0,0,0
2026-07-16T02:59:13.334 RX PID,9140,SQUARE,160,80,115,118,145,61,45,-38,-69,6,48,1,0,0,0,0
2026-07-16T02:59:13.334 RX PID,9160,SQUARE,160,80,105,72,149,84,55,8,-69,6,48,1,0,0,0,0
2026-07-16T02:59:13.424 RX PID,9180,SQUARE,160,80,115,156,145,41,45,-76,-70,6,48,1,0,0,0,0
2026-07-16T02:59:13.424 RX PID,9200,SQUARE,160,80,115,118,146,60,45,-38,-70,6,48,1,0,0,0,0
2026-07-16T02:59:13.424 RX PID,9220,SQUARE,160,80,115,72,146,83,45,8,-70,6,48,1,0,0,0,0
2026-07-16T02:59:13.424 RX PID,9240,SQUARE,160,80,115,124,146,57,45,-44,-70,6,48,1,0,0,0,0
2026-07-16T02:59:13.509 RX PID,9260,SQUARE,160,80,115,105,146,67,45,-25,-70,6,48,1,0,0,0,0
2026-07-16T02:59:13.509 RX PID,9280,SQUARE,160,80,115,115,146,61,45,-35,-69,6,48,1,0,0,0,0
2026-07-16T02:59:13.509 RX PID,9300,SQUARE,160,80,115,115,146,61,45,-35,-69,6,48,1,0,0,0,0
2026-07-16T02:59:13.509 RX PID,9320,SQUARE,160,80,115,105,146,66,45,-25,-69,6,48,1,0,0,0,0
2026-07-16T02:59:13.593 RX PID,9340,SQUARE,160,80,115,115,146,61,45,-35,-68,6,48,1,0,0,0,0
2026-07-16T02:59:13.593 RX PID,9360,SQUARE,160,80,115,72,146,82,45,8,-68,6,48,1,0,0,0,0
2026-07-16T02:59:13.593 RX PID,9380,SQUARE,165,75,115,113,150,56,50,-38,-66,11,32,1,0,0,0,0
2026-07-16T02:59:13.593 RX PID,9400,SQUARE,165,75,115,115,150,55,50,-40,-66,11,32,1,0,0,0,0
2026-07-16T02:59:13.668 RX PID,9420,SQUARE,165,75,126,105,146,60,39,-30,-65,11,32,1,0,0,0,0
2026-07-16T02:59:13.668 RX PID,9440,SQUARE,165,75,116,71,151,77,49,4,-64,11,32,1,0,0,0,0
2026-07-16T02:59:13.668 RX PID,9460,SQUARE,165,75,116,113,151,56,49,-38,-63,11,32,1,0,0,0,0
2026-07-16T02:59:13.668 RX PID,9480,SQUARE,165,75,126,72,147,76,39,3,-63,23,96,1,0,0,0,0
2026-07-16T02:59:13.760 RX PID,9500,SQUARE,165,75,116,113,151,55,49,-38,-62,23,96,1,0,0,0,0
2026-07-16T02:59:13.760 RX PID,9520,SQUARE,165,75,116,104,151,60,49,-29,-60,23,96,1,0,0,0,0
2026-07-16T02:59:13.760 RX PID,9540,SQUARE,165,75,116,104,151,60,49,-29,-60,23,96,1,0,0,0,0
2026-07-16T02:59:13.760 RX PID,9560,SQUARE,165,75,116,115,151,54,49,-40,-59,23,96,1,0,0,0,0
2026-07-16T02:59:13.821 RX PID,9580,SQUARE,165,75,126,105,147,59,39,-30,-58,23,96,1,0,0,0,0
2026-07-16T02:59:13.821 RX PID,9600,SQUARE,165,75,116,104,151,60,49,-29,-57,23,96,1,0,0,0,0
2026-07-16T02:59:13.821 RX PID,9620,SQUARE,165,75,116,104,151,60,49,-29,-55,23,96,1,0,0,0,0
2026-07-16T02:59:13.907 RX PID,9640,SQUARE,165,75,126,71,147,76,39,4,-54,23,96,1,0,0,0,0
2026-07-16T02:59:13.907 RX PID,9660,SQUARE,165,75,116,69,151,76,49,6,-52,23,96,1,0,0,0,0
2026-07-16T02:59:13.907 RX PID,9680,SQUARE,165,75,116,102,152,60,49,-27,-51,23,96,1,0,0,0,0
2026-07-16T02:59:13.907 RX PID,9700,SQUARE,165,75,159,104,137,59,6,-29,-50,23,96,1,0,0,0,0
2026-07-16T02:59:13.991 RX PID,9720,SQUARE,165,75,118,104,151,59,47,-29,-48,23,96,1,0,0,0,0
2026-07-16T02:59:13.991 RX PID,9740,SQUARE,165,75,116,104,152,59,49,-29,-47,23,96,1,0,0,0,0
2026-07-16T02:59:13.991 RX PID,9760,SQUARE,165,75,126,104,148,59,39,-29,-46,23,96,1,0,0,0,0
2026-07-16T02:59:13.991 RX PID,9780,SQUARE,165,75,116,104,152,59,49,-29,-44,23,96,1,0,0,0,0
2026-07-16T02:59:14.078 RX PID,9800,SQUARE,165,75,126,104,148,59,39,-29,-43,23,96,1,0,0,0,0
2026-07-16T02:59:14.078 RX PID,9820,SQUARE,165,75,160,104,136,59,5,-29,-41,23,96,1,0,0,0,0
2026-07-16T02:59:14.078 RX PID,9840,SQUARE,165,75,118,104,151,59,47,-29,-39,23,96,1,0,0,0,0
2026-07-16T02:59:14.078 RX PID,9860,SQUARE,165,75,127,104,148,59,38,-29,-38,23,96,1,0,0,0,0
2026-07-16T02:59:14.161 RX PID,9880,SQUARE,165,75,160,104,136,59,5,-29,-36,23,96,1,0,0,0,0
2026-07-16T02:59:14.161 RX PID,9900,SQUARE,165,75,118,71,151,74,47,4,-35,23,96,1,0,0,0,0
2026-07-16T02:59:14.161 RX PID,9920,SQUARE,165,75,127,69,148,75,38,6,-33,23,96,1,0,0,0,0
2026-07-16T02:59:14.161 RX PID,9940,SQUARE,165,75,127,69,148,75,38,6,-31,23,96,1,0,0,0,0
2026-07-16T02:59:14.244 RX PID,9960,SQUARE,165,75,127,113,148,53,38,-38,-29,23,96,1,0,0,0,0
2026-07-16T02:59:14.244 RX PID,9980,SQUARE,165,75,160,61,136,79,5,14,-27,23,96,1,0,0,0,0
2026-07-16T02:59:14.244 RX PID,10000,SQUARE,165,75,162,69,137,75,3,6,-25,23,96,1,0,0,0,0
2026-07-16T02:59:14.244 RX PID,10020,SQUARE,165,75,129,69,148,75,36,6,-23,23,96,1,0,0,0,0
2026-07-16T02:59:14.328 RX PID,10040,SQUARE,165,75,127,69,149,75,38,6,-20,23,96,1,0,0,0,0
2026-07-16T02:59:14.328 RX PID,10060,SQUARE,165,75,127,102,149,59,38,-27,-18,23,96,1,0,0,0,0
2026-07-16T02:59:14.328 RX PID,10080,SQUARE,165,75,171,71,134,74,-6,4,-16,23,96,1,0,0,0,0
2026-07-16T02:59:14.328 RX PID,10100,SQUARE,165,75,162,102,137,59,3,-27,-14,23,96,1,0,0,0,0
2026-07-16T02:59:14.403 RX PID,10120,SQUARE,165,75,162,104,137,58,3,-29,-11,23,96,1,0,0,0,0
2026-07-16T02:59:14.403 RX PID,10140,SQUARE,165,75,129,104,148,58,36,-29,-9,23,96,1,0,0,0,0
2026-07-16T02:59:14.403 RX PID,10160,SQUARE,165,75,171,104,134,57,-6,-29,-7,23,96,1,0,0,0,0
2026-07-16T02:59:14.403 RX PID,10180,SQUARE,165,75,162,104,137,57,3,-29,-4,23,96,1,0,0,0,0
2026-07-16T02:59:14.497 RX PID,10200,SQUARE,165,75,129,104,148,57,36,-29,-2,23,96,1,0,0,0,0
2026-07-16T02:59:14.497 RX PID,10220,SQUARE,165,75,127,60,149,78,38,15,0,23,96,1,0,0,0,0
2026-07-16T02:59:14.497 RX PID,10240,SQUARE,165,75,171,69,134,74,-6,6,2,23,96,1,0,0,0,0
2026-07-16T02:59:14.497 RX PID,10260,SQUARE,165,75,162,69,137,74,3,6,4,23,96,1,0,0,0,0
2026-07-16T02:59:14.571 RX PID,10280,SQUARE,165,75,162,69,137,74,3,6,7,23,96,1,0,0,0,0
2026-07-16T02:59:14.571 RX PID,10300,SQUARE,165,75,129,58,148,79,36,17,10,23,96,1,0,0,0,0
2026-07-16T02:59:14.571 RX PID,10320,SQUARE,165,75,171,68,134,74,-6,7,13,11,32,1,0,0,0,0
2026-07-16T02:59:14.571 RX PID,10340,SQUARE,165,75,162,102,137,58,3,-27,16,11,32,1,0,0,0,0
2026-07-16T02:59:14.664 RX PID,10360,SQUARE,165,75,129,60,148,78,36,15,19,11,32,1,0,0,0,0
2026-07-16T02:59:14.664 RX PID,10380,SQUARE,165,75,171,101,134,58,-6,-26,22,11,32,1,0,0,0,0
2026-07-16T02:59:14.664 RX PID,10400,SQUARE,165,75,173,60,134,78,-8,15,25,11,32,1,0,0,0,0
2026-07-16T02:59:14.664 RX PID,10420,SQUARE,165,75,163,101,136,58,2,-26,28,11,32,1,0,0,0,0
2026-07-16T02:59:14.747 RX PID,10440,SQUARE,165,75,173,60,134,78,-8,15,30,11,32,1,0,0,0,0
2026-07-16T02:59:14.747 RX PID,10460,SQUARE,165,75,163,69,136,74,2,6,34,11,32,1,0,0,0,0
2026-07-16T02:59:14.747 RX PID,10480,SQUARE,160,80,173,102,130,62,-13,-22,36,6,48,1,0,0,0,0
2026-07-16T02:59:14.747 RX PID,10500,SQUARE,160,80,130,60,144,83,30,20,39,6,48,1,0,0,0,0
2026-07-16T02:59:14.829 RX PID,10520,SQUARE,148,92,171,69,121,90,-23,23,43,-12,51,1,0,0,0,0
2026-07-16T02:59:14.829 RX PID,10540,SQUARE,140,140,130,102,140,140,10,38,45,0,63,0,0,0,1,0
2026-07-16T02:59:14.829 RX PID,10560,SQUARE,140,140,171,71,140,140,-31,69,47,0,63,0,0,0,1,0
2026-07-16T02:59:14.829 RX PID,10580,SQUARE,140,140,173,113,140,140,-33,27,49,0,63,0,0,0,1,0
2026-07-16T02:59:14.916 RX PID,10600,SQUARE,-185,185,163,104,-185,185,-348,81,52,0,63,0,2,0,2,2
2026-07-16T02:59:14.916 RX PID,10620,SQUARE,-185,185,31,115,-185,185,-216,70,48,0,63,0,6,0,2,3
2026-07-16T02:59:14.916 RX PID,10640,SQUARE,-185,185,45,115,-185,185,-230,70,46,0,62,0,5,0,2,5
2026-07-16T02:59:14.916 RX PID,10660,SQUARE,-185,185,2,115,-185,185,-187,70,41,0,62,0,3,0,2,6
2026-07-16T02:59:14.978 RX PID,10680,SQUARE,-185,185,0,170,-185,185,-185,15,35,0,60,0,16,0,2,8
2026-07-16T02:59:14.978 RX PID,10700,SQUARE,-185,185,43,130,-185,185,-228,55,31,0,60,0,33,0,2,10
2026-07-16T02:59:14.978 RX PID,10720,SQUARE,-185,185,67,160,-185,185,-252,25,31,0,60,0,51,0,2,12
2026-07-16T02:59:15.059 RX PID,10740,SQUARE,-185,185,69,162,-185,185,-254,23,28,0,60,0,70,0,2,14
2026-07-16T02:59:15.059 RX PID,10760,SQUARE,-185,185,102,205,-185,185,-287,-20,25,0,60,0,89,0,2,17
2026-07-16T02:59:15.059 RX PID,10780,SQUARE,-185,185,104,175,-185,185,-289,10,23,0,60,0,110,0,2,20
2026-07-16T02:59:15.059 RX PID,10800,SQUARE,-185,185,158,163,-185,185,-343,22,21,0,63,0,131,0,2,22
2026-07-16T02:59:15.117 RX PID,10820,SQUARE,-185,185,118,184,-185,185,-303,1,18,0,31,0,154,0,2,26
2026-07-16T02:59:15.117 RX PID,10840,SQUARE,-185,185,116,174,-185,185,-301,11,17,0,23,0,178,0,2,28
2026-07-16T02:59:15.117 RX PID,10860,SQUARE,-185,185,126,217,-185,185,-311,-32,15,0,31,0,214,0,2,32
2026-07-16T02:59:15.200 RX PID,10880,SQUARE,-185,185,171,176,-185,185,-356,9,15,0,31,0,227,0,2,35
2026-07-16T02:59:15.200 RX PID,10900,SQUARE,-185,185,173,185,-185,185,-358,0,14,0,31,0,254,0,2,39
2026-07-16T02:59:15.200 RX PID,10920,SQUARE,-185,185,173,218,-185,185,-358,-33,14,0,31,0,281,0,2,43
2026-07-16T02:59:15.200 RX PID,10940,SQUARE,-185,185,184,220,-185,185,-369,-35,14,0,30,0,309,0,2,47
2026-07-16T02:59:15.276 RX PID,10960,SQUARE,-185,185,185,176,-185,185,-370,9,14,0,30,0,337,0,2,51
2026-07-16T02:59:15.276 RX PID,10980,SQUARE,-185,185,229,185,-185,185,-414,0,15,0,28,0,366,0,2,55
2026-07-16T02:59:15.276 RX PID,11000,SQUARE,-185,185,231,185,-185,185,-416,0,16,0,28,0,394,0,2,60
2026-07-16T02:59:15.344 RX PID,11020,SQUARE,-185,185,231,218,-185,185,-416,-33,17,0,24,0,423,0,2,64
2026-07-16T02:59:15.344 RX PID,11040,SQUARE,-185,185,231,220,-185,185,-416,-35,18,0,56,0,453,0,2,68
2026-07-16T02:59:15.344 RX PID,11060,SQUARE,-140,140,275,220,-140,140,-415,-80,20,0,56,0,482,0,3,73
2026-07-16T02:59:15.344 RX PID,11080,SQUARE,-140,140,191,220,-140,140,-331,-80,20,0,48,0,525,0,3,77
2026-07-16T02:59:15.416 RX PID,11100,SQUARE,-140,140,240,220,-140,140,-380,-80,23,0,48,0,554,0,3,82
2026-07-16T02:59:15.416 RX PID,11120,SQUARE,-140,140,232,176,-140,140,-372,-36,24,0,48,0,582,0,3,85
2026-07-16T02:59:15.416 RX PID,11140,SQUARE,-140,140,232,185,-140,140,-372,-45,25,0,48,0,609,0,3,90
2026-07-16T02:59:15.500 RX PID,11160,SQUARE,-140,140,232,218,-140,140,-372,-78,26,0,32,0,636,0,3,94
2026-07-16T02:59:15.500 RX PID,11180,SQUARE,-140,140,188,176,-140,140,-328,-36,27,0,32,0,661,0,3,98
2026-07-16T02:59:15.500 RX PID,11200,SQUARE,-140,140,229,217,-140,140,-369,-77,28,0,96,0,687,0,3,102
2026-07-16T02:59:15.500 RX PID,11220,SQUARE,-140,140,231,176,-140,140,-371,-36,29,0,96,0,712,0,3,106
2026-07-16T02:59:15.562 RX PID,11240,SQUARE,-140,140,221,217,-140,140,-361,-77,31,0,64,0,736,0,3,110
2026-07-16T02:59:15.562 RX PID,11260,SQUARE,-140,140,187,176,-140,140,-327,-36,31,0,64,0,748,0,3,115
2026-07-16T02:59:15.562 RX PID,11280,SQUARE,-140,140,229,217,-140,140,-369,-77,33,0,64,0,773,0,3,119
2026-07-16T02:59:15.646 RX PID,11300,SQUARE,-140,140,188,176,-140,140,-328,-36,33,0,64,0,809,0,3,123
2026-07-16T02:59:15.646 RX PID,11320,SQUARE,-140,140,229,174,-140,140,-369,-34,35,0,64,0,833,0,3,126
2026-07-16T02:59:15.646 RX PID,11340,SQUARE,-140,140,220,174,-140,140,-360,-34,36,0,0,0,857,0,3,130
2026-07-16T02:59:15.646 RX PID,11360,SQUARE,-140,140,187,174,-140,140,-327,-34,37,0,0,0,880,0,3,134
2026-07-16T02:59:15.712 RX PID,11380,SQUARE,0,0,229,174,0,0,-229,-174,39,0,0,0,904,0,4,138
2026-07-16T02:59:15.712 RX PID,11400,SQUARE,140,140,177,174,84,70,-37,-34,39,0,0,0,904,0,4,138
2026-07-16T02:59:15.712 RX PID,11420,SQUARE,140,140,21,119,137,97,119,21,36,0,0,0,904,0,4,138
2026-07-16T02:59:15.812 RX PID,11440,SQUARE,140,140,12,127,140,93,128,13,31,0,0,0,904,0,4,138
2026-07-16T02:59:15.812 RX PID,11460,SQUARE,140,140,0,127,145,93,140,13,26,0,0,0,904,0,4,138
2026-07-16T02:59:15.812 RX PID,11480,SQUARE,100,100,0,127,113,56,100,-27,21,0,0,0,904,0,4,138
2026-07-16T02:59:15.812 RX PID,11500,SQUARE,100,100,0,127,114,56,100,-27,17,0,0,0,904,0,4,138
2026-07-16T02:59:15.878 RX PID,11520,SQUARE,100,100,0,105,114,67,100,-5,13,0,0,0,904,0,4,138
2026-07-16T02:59:15.878 RX PID,11540,SQUARE,100,100,0,115,114,62,100,-15,10,0,0,0,904,0,4,138
2026-07-16T02:59:15.878 RX PID,11560,SQUARE,100,100,0,105,114,67,100,-5,7,0,0,0,904,0,4,138
2026-07-16T02:59:15.878 RX PID,11580,SQUARE,100,100,0,60,114,89,100,40,5,0,0,0,904,0,4,138
2026-07-16T02:59:15.962 RX PID,11600,SQUARE,100,100,43,101,98,69,57,-1,3,0,0,0,904,0,4,138
2026-07-16T02:59:15.962 RX PID,11620,SQUARE,100,100,2,60,114,89,98,40,1,0,0,0,904,0,4,138
2026-07-16T02:59:15.962 RX PID,11640,SQUARE,100,100,54,58,96,90,46,42,0,0,0,0,904,0,4,138
2026-07-16T02:59:15.962 RX PID,11660,SQUARE,100,100,46,101,98,69,54,-1,-1,0,0,0,904,0,4,138
2026-07-16T02:59:16.044 RX PID,11680,SQUARE,100,100,13,60,110,89,87,40,-2,0,0,0,904,0,4,138
2026-07-16T02:59:16.044 RX PID,11700,SQUARE,100,100,11,58,111,91,89,42,-3,0,0,0,904,0,4,138
2026-07-16T02:59:16.045 RX PID,11720,SQUARE,100,100,55,58,95,91,45,42,-3,0,0,0,904,0,4,138
2026-07-16T02:59:16.045 RX PID,11740,SQUARE,100,100,46,58,98,91,54,42,-5,0,0,0,904,0,4,138
2026-07-16T02:59:16.120 RX PID,11760,SQUARE,100,100,46,101,99,70,54,-1,-6,0,0,0,904,0,4,138
2026-07-16T02:59:16.120 RX PID,11780,SQUARE,100,100,46,60,99,90,54,40,-7,0,0,0,904,0,4,138
2026-07-16T02:59:16.120 RX PID,11800,SQUARE,100,100,46,58,99,92,54,42,-8,0,0,0,904,0,4,138
2026-07-16T02:59:16.120 RX PID,11820,SQUARE,100,100,46,58,99,92,54,42,-9,0,0,0,904,0,4,138
2026-07-16T02:59:16.205 RX PID,11840,SQUARE,100,100,46,58,99,92,54,42,-10,0,0,0,904,0,4,138
2026-07-16T02:59:16.205 RX PID,11860,SQUARE,100,100,46,58,99,93,54,42,-12,0,0,0,904,0,4,138
2026-07-16T02:59:16.205 RX PID,11880,SQUARE,100,100,2,68,115,88,98,32,-14,0,0,0,904,0,4,138
2026-07-16T02:59:16.205 RX PID,11900,SQUARE,100,100,11,58,113,93,89,42,-15,0,0,0,904,0,4,138
2026-07-16T02:59:16.440 RX PID,11920,SQUARE,100,100,44,58,101,93,56,42,-16,0,0,0,904,0,4,138
2026-07-16T02:59:16.440 RX PID,11940,SQUARE,100,100,2,58,116,94,98,42,-18,0,0,0,904,0,4,138
2026-07-16T02:59:16.440 RX PID,11960,SQUARE,100,100,11,101,113,73,89,-1,-20,0,0,0,904,0,4,138
2026-07-16T02:59:16.440 RX SQUARE ERROR,LINE LOST
2026-07-16T02:59:16.440 TX STOP
2026-07-16T02:59:16.440 TX STOP
2026-07-16T02:59:16.576 RX OK STOP
2026-07-16T02:59:16.576 RX OK STOP
2026-07-16T02:59:16.576 TX SET TURNANGLE 900 1311970379
2026-07-16T02:59:16.723 RX SA,1311970379,TURNANGLE,900
2026-07-16T02:59:16.723 TX SET TURNFAST 185 1311970380
2026-07-16T02:59:16.864 RX SA,1311970380,TURNFAST,185
2026-07-16T02:59:16.864 TX SET TURNSLOW 140 1311970381
2026-07-16T02:59:17.008 RX SA,1311970381,TURNSLOW,140
2026-07-16T02:59:17.008 TX SET TURNMARGIN 180 1311970382
2026-07-16T02:59:17.140 RX SA,1311970382,TURNMARGIN,180
2026-07-16T02:59:17.140 TX SET TURNEXIT 140 1311970383
2026-07-16T02:59:17.281 RX SA,1311970383,TURNEXIT,140
2026-07-16T02:59:17.281 TX SET TURNDIST 98 1311970384
2026-07-16T02:59:17.415 RX SA,1311970384,TURNDIST,98
2026-07-16T02:59:17.415 TX STOP
2026-07-16T02:59:17.415 TX STOP
