[13:44:13] 日志目录：F:\k230gc\pidtest\host\logs\20260707_134413
[13:44:13] TX > RADIOPING,attempt=1
[13:44:13] BRIDGE_RADIO_TX_OK
[13:44:13] BRIDGE_RADIO_PONG
[13:44:13] TX > PING,attempt=1
[13:44:13] ERR,UNKNOWN_COMMAND,RADIOPING
[13:44:13] PONG
[13:44:13] TX > AUTOTUNE,attempt=1
[13:44:14] OK,AUTOTUNE_WAIT_TARGET
[13:44:14] AUTOTUNE_WAIT_TARGET,frames=1
[13:44:14] AUTOTUNE_START
[13:44:14] AUTOTUNE_SCORE_PROFILE,PID_FAST_FOLLOW_STABLE_V9
[13:44:14] TUNE,X,BEGIN,MODE,PID_CHAMPIONSHIP
[13:44:14] TUNE,X,CALIBRATE,PROBE
[13:44:15] TUNE,X,POLARITY,1,DELTA,30,KICK_DEG,14.0
[13:44:15] TUNE,X,RECENTER
[13:44:16] TUNE,X,RECENTERED,ERROR,2
[13:44:16] TUNE,X,SAFE_LIMIT,STEP,60.0,MAXRPM,12.0
[13:44:16] TUNE,X,CHAMPIONSHIP_COARSE,COUNT,30
[13:44:16] TUNE,X,RECENTER
[13:44:16] TUNE,X,RECENTERED,ERROR,3
[13:44:16] TUNE,X,PID_TEST,KP,0.100,KI,0.080,KD,0.003,STEP,60.0,MAXRPM,12.0,FFG,0.032,FFMAX,4.0,ILIM,12.0,LISCALE,0.15
[13:44:24] TUNE,X,RESULT,MODE,PID,KP,0.100,KI,0.080,KD,0.003,SCORE,401.573
[13:44:24] TUNE,X,RECENTER
[13:44:24] TUNE,X,RECENTERED,ERROR,1
[13:44:24] TUNE,X,PID_TEST,KP,0.100,KI,0.080,KD,0.010,STEP,60.0,MAXRPM,12.0,FFG,0.032,FFMAX,4.0,ILIM,12.0,LISCALE,0.15
[13:44:32] TUNE,X,RESULT,MODE,PID,KP,0.100,KI,0.080,KD,0.010,SCORE,456.764
[13:44:32] TUNE,X,RECENTER
[13:44:32] TUNE,X,RECENTERED,ERROR,0
[13:44:32] TUNE,X,PID_TEST,KP,0.100,KI,0.200,KD,0.003,STEP,60.0,MAXRPM,12.0,FFG,0.032,FFMAX,4.0,ILIM,12.0,LISCALE,0.15
[13:44:39] TUNE,X,RESULT,MODE,PID,KP,0.100,KI,0.200,KD,0.003,SCORE,348.607
[13:44:39] TUNE,X,RECENTER
[13:44:40] TUNE,X,RECENTERED,ERROR,0
[13:44:40] TUNE,X,PID_TEST,KP,0.100,KI,0.200,KD,0.010,STEP,60.0,MAXRPM,12.0,FFG,0.032,FFMAX,4.0,ILIM,12.0,LISCALE,0.15
[13:44:47] TUNE,X,RESULT,MODE,PID,KP,0.100,KI,0.200,KD,0.010,SCORE,422.052
[13:44:47] TUNE,X,RECENTER
[13:44:47] TUNE,X,RECENTERED,ERROR,-2
[13:44:47] TUNE,X,PID_TEST,KP,0.100,KI,0.320,KD,0.003,STEP,60.0,MAXRPM,12.0,FFG,0.032,FFMAX,4.0,ILIM,12.0,LISCALE,0.15
[13:44:55] TUNE,X,RESULT,MODE,PID,KP,0.100,KI,0.320,KD,0.003,SCORE,424.571
[13:44:55] TUNE,X,RECENTER
[13:44:55] TUNE,X,RECENTERED,ERROR,0
[13:44:55] TUNE,X,PID_TEST,KP,0.100,KI,0.320,KD,0.010,STEP,60.0,MAXRPM,12.0,FFG,0.032,FFMAX,4.0,ILIM,12.0,LISCALE,0.15
[13:45:02] TUNE,X,RESULT,MODE,PID,KP,0.100,KI,0.320,KD,0.010,SCORE,432.829
[13:45:02] TUNE,X,RECENTER
[13:45:02] TUNE,X,RECENTERED,ERROR,2
[13:45:02] TUNE,X,PID_TEST,KP,0.160,KI,0.080,KD,0.003,STEP,60.0,MAXRPM,12.0,FFG,0.032,FFMAX,4.0,ILIM,12.0,LISCALE,0.15
[13:45:10] TUNE,X,RESULT,MODE,PID,KP,0.160,KI,0.080,KD,0.003,SCORE,477.237
[13:45:10] TUNE,X,RECENTER
[13:45:10] TUNE,X,RECENTERED,ERROR,-2
[13:45:10] TUNE,X,PID_TEST,KP,0.160,KI,0.080,KD,0.010,STEP,60.0,MAXRPM,12.0,FFG,0.032,FFMAX,4.0,ILIM,12.0,LISCALE,0.15
[13:45:17] TUNE,X,RESULT,MODE,PID,KP,0.160,KI,0.080,KD,0.010,SCORE,465.108
[13:45:17] TUNE,X,RECENTER
[13:45:18] TUNE,X,RECENTERED,ERROR,2
[13:45:18] TUNE,X,PID_TEST,KP,0.160,KI,0.200,KD,0.003,STEP,60.0,MAXRPM,12.0,FFG,0.032,FFMAX,4.0,ILIM,12.0,LISCALE,0.15
[13:45:25] TUNE,X,RESULT,MODE,PID,KP,0.160,KI,0.200,KD,0.003,SCORE,447.319
[13:45:25] TUNE,X,RECENTER
[13:45:25] TUNE,X,RECENTERED,ERROR,-3
[13:45:25] TUNE,X,PID_TEST,KP,0.160,KI,0.200,KD,0.010,STEP,60.0,MAXRPM,12.0,FFG,0.032,FFMAX,4.0,ILIM,12.0,LISCALE,0.15
[13:45:33] TUNE,X,RESULT,MODE,PID,KP,0.160,KI,0.200,KD,0.010,SCORE,470.987
[13:45:33] TUNE,X,RECENTER
[13:45:33] TUNE,X,RECENTERED,ERROR,2
[13:45:33] TUNE,X,PID_TEST,KP,0.160,KI,0.320,KD,0.003,STEP,60.0,MAXRPM,12.0,FFG,0.032,FFMAX,4.0,ILIM,12.0,LISCALE,0.15
[13:45:40] TUNE,X,RESULT,MODE,PID,KP,0.160,KI,0.320,KD,0.003,SCORE,400.718
[13:45:40] TUNE,X,RECENTER
[13:45:40] TUNE,X,RECENTERED,ERROR,0
[13:45:40] TUNE,X,PID_TEST,KP,0.160,KI,0.320,KD,0.010,STEP,60.0,MAXRPM,12.0,FFG,0.032,FFMAX,4.0,ILIM,12.0,LISCALE,0.15
[13:45:48] TUNE,X,RESULT,MODE,PID,KP,0.160,KI,0.320,KD,0.010,SCORE,447.865
[13:45:48] TUNE,X,RECENTER
[13:45:48] TUNE,X,RECENTERED,ERROR,-4
[13:45:48] TUNE,X,PID_TEST,KP,0.220,KI,0.080,KD,0.003,STEP,60.0,MAXRPM,12.0,FFG,0.032,FFMAX,4.0,ILIM,12.0,LISCALE,0.15
[13:45:55] TUNE,X,RESULT,MODE,PID,KP,0.220,KI,0.080,KD,0.003,SCORE,474.523
[13:45:55] TUNE,X,RECENTER
[13:45:55] TUNE,X,RECENTERED,ERROR,0
[13:45:55] TUNE,X,PID_TEST,KP,0.220,KI,0.080,KD,0.010,STEP,60.0,MAXRPM,12.0,FFG,0.032,FFMAX,4.0,ILIM,12.0,LISCALE,0.15
[13:46:03] TUNE,X,RESULT,MODE,PID,KP,0.220,KI,0.080,KD,0.010,SCORE,508.796
[13:46:03] TUNE,X,RECENTER
[13:46:03] TUNE,X,RECENTERED,ERROR,-2
[13:46:03] TUNE,X,PID_TEST,KP,0.220,KI,0.200,KD,0.003,STEP,60.0,MAXRPM,12.0,FFG,0.032,FFMAX,4.0,ILIM,12.0,LISCALE,0.15
[13:46:11] TUNE,X,RESULT,MODE,PID,KP,0.220,KI,0.200,KD,0.003,SCORE,460.271
[13:46:11] TUNE,X,RECENTER
[13:46:11] TUNE,X,RECENTERED,ERROR,1
[13:46:11] TUNE,X,PID_TEST,KP,0.220,KI,0.200,KD,0.010,STEP,60.0,MAXRPM,12.0,FFG,0.032,FFMAX,4.0,ILIM,12.0,LISCALE,0.15
[13:46:18] TUNE,X,RESULT,MODE,PID,KP,0.220,KI,0.200,KD,0.010,SCORE,519.978
[13:46:18] TUNE,X,RECENTER
[13:46:18] TUNE,X,RECENTERED,ERROR,-2
[13:46:19] TUNE,X,PID_TEST,KP,0.220,KI,0.320,KD,0.003,STEP,60.0,MAXRPM,12.0,FFG,0.032,FFMAX,4.0,ILIM,12.0,LISCALE,0.15
[13:46:26] TUNE,X,RESULT,MODE,PID,KP,0.220,KI,0.320,KD,0.003,SCORE,467.927
[13:46:26] TUNE,X,RECENTER
[13:46:26] TUNE,X,RECENTERED,ERROR,-1
[13:46:26] TUNE,X,PID_TEST,KP,0.220,KI,0.320,KD,0.010,STEP,60.0,MAXRPM,12.0,FFG,0.032,FFMAX,4.0,ILIM,12.0,LISCALE,0.15
[13:46:34] TUNE,X,RESULT,MODE,PID,KP,0.220,KI,0.320,KD,0.010,SCORE,448.042
[13:46:34] TUNE,X,RECENTER
[13:46:34] TUNE,X,RECENTERED,ERROR,4
[13:46:34] TUNE,X,PID_TEST,KP,0.280,KI,0.080,KD,0.003,STEP,60.0,MAXRPM,12.0,FFG,0.032,FFMAX,4.0,ILIM,12.0,LISCALE,0.15
[13:46:41] TUNE,X,RESULT,MODE,PID,KP,0.280,KI,0.080,KD,0.003,SCORE,494.492
[13:46:41] TUNE,X,RECENTER
[13:46:41] TUNE,X,RECENTERED,ERROR,0
[13:46:41] TUNE,X,PID_TEST,KP,0.280,KI,0.080,KD,0.010,STEP,60.0,MAXRPM,12.0,FFG,0.032,FFMAX,4.0,ILIM,12.0,LISCALE,0.15
[13:46:49] TUNE,X,RESULT,MODE,PID,KP,0.280,KI,0.080,KD,0.010,SCORE,490.918
[13:46:49] TUNE,X,RECENTER
[13:46:49] TUNE,X,RECENTERED,ERROR,0
[13:46:49] TUNE,X,PID_TEST,KP,0.280,KI,0.200,KD,0.003,STEP,60.0,MAXRPM,12.0,FFG,0.032,FFMAX,4.0,ILIM,12.0,LISCALE,0.15
[13:46:57] TUNE,X,RESULT,MODE,PID,KP,0.280,KI,0.200,KD,0.003,SCORE,494.483
[13:46:57] TUNE,X,RECENTER
[13:46:57] TUNE,X,RECENTERED,ERROR,-1
[13:46:57] TUNE,X,PID_TEST,KP,0.280,KI,0.200,KD,0.010,STEP,60.0,MAXRPM,12.0,FFG,0.032,FFMAX,4.0,ILIM,12.0,LISCALE,0.15
[13:47:04] TUNE,X,RESULT,MODE,PID,KP,0.280,KI,0.200,KD,0.010,SCORE,487.267
[13:47:04] TUNE,X,RECENTER
[13:47:05] TUNE,X,RECENTERED,ERROR,-2
[13:47:05] TUNE,X,PID_TEST,KP,0.280,KI,0.320,KD,0.003,STEP,60.0,MAXRPM,12.0,FFG,0.032,FFMAX,4.0,ILIM,12.0,LISCALE,0.15
[13:47:12] TUNE,X,RESULT,MODE,PID,KP,0.280,KI,0.320,KD,0.003,SCORE,547.313
[13:47:12] TUNE,X,RECENTER
[13:47:12] TUNE,X,RECENTERED,ERROR,2
[13:47:12] TUNE,X,PID_TEST,KP,0.280,KI,0.320,KD,0.010,STEP,60.0,MAXRPM,12.0,FFG,0.032,FFMAX,4.0,ILIM,12.0,LISCALE,0.15
[13:47:20] TUNE,X,RESULT,MODE,PID,KP,0.280,KI,0.320,KD,0.010,SCORE,523.512
[13:47:20] TUNE,X,RECENTER
[13:47:20] TUNE,X,RECENTERED,ERROR,-1
[13:47:20] TUNE,X,PID_TEST,KP,0.340,KI,0.080,KD,0.003,STEP,60.0,MAXRPM,12.0,FFG,0.032,FFMAX,4.0,ILIM,12.0,LISCALE,0.15
[13:47:27] TUNE,X,RESULT,MODE,PID,KP,0.340,KI,0.080,KD,0.003,SCORE,550.654
[13:47:28] TUNE,X,RECENTER
[13:47:28] TUNE,X,RECENTERED,ERROR,0
[13:47:28] TUNE,X,PID_TEST,KP,0.340,KI,0.080,KD,0.010,STEP,60.0,MAXRPM,12.0,FFG,0.032,FFMAX,4.0,ILIM,12.0,LISCALE,0.15
[13:47:35] TUNE,X,RESULT,MODE,PID,KP,0.340,KI,0.080,KD,0.010,SCORE,587.398
[13:47:35] TUNE,X,RECENTER
[13:47:36] TUNE,X,RECENTERED,ERROR,1
[13:47:36] TUNE,X,PID_TEST,KP,0.340,KI,0.200,KD,0.003,STEP,60.0,MAXRPM,12.0,FFG,0.032,FFMAX,4.0,ILIM,12.0,LISCALE,0.15
[13:47:43] TUNE,X,RESULT,MODE,PID,KP,0.340,KI,0.200,KD,0.003,SCORE,672.028
[13:47:43] TUNE,X,RECENTER
[13:47:44] TUNE,X,RECENTERED,ERROR,-1
[13:47:44] TUNE,X,PID_TEST,KP,0.340,KI,0.200,KD,0.010,STEP,60.0,MAXRPM,12.0,FFG,0.032,FFMAX,4.0,ILIM,12.0,LISCALE,0.15
[13:47:51] TUNE,X,RESULT,MODE,PID,KP,0.340,KI,0.200,KD,0.010,SCORE,551.586
[13:47:51] TUNE,X,RECENTER
[13:47:51] TUNE,X,RECENTERED,ERROR,-3
[13:47:51] TUNE,X,PID_TEST,KP,0.340,KI,0.320,KD,0.003,STEP,60.0,MAXRPM,12.0,FFG,0.032,FFMAX,4.0,ILIM,12.0,LISCALE,0.15
[13:47:59] TUNE,X,RESULT,MODE,PID,KP,0.340,KI,0.320,KD,0.003,SCORE,512.911
[13:47:59] TUNE,X,RECENTER
[13:47:59] TUNE,X,RECENTERED,ERROR,2
[13:47:59] TUNE,X,PID_TEST,KP,0.340,KI,0.320,KD,0.010,STEP,60.0,MAXRPM,12.0,FFG,0.032,FFMAX,4.0,ILIM,12.0,LISCALE,0.15
[13:48:06] TUNE,X,RESULT,MODE,PID,KP,0.340,KI,0.320,KD,0.010,SCORE,709.949
[13:48:06] TUNE,X,CHAMPIONSHIP_QUARTERFINAL,COUNT,8
[13:48:06] TUNE,X,RECENTER
[13:48:07] TUNE,X,RECENTERED,ERROR,2
[13:48:07] TUNE,X,PID_TEST,KP,0.100,KI,0.200,KD,0.003,STEP,60.0,MAXRPM,12.0,FFG,0.032,FFMAX,4.0,ILIM,12.0,LISCALE,0.15
[13:48:14] TUNE,X,RESULT,MODE,PID,KP,0.100,KI,0.200,KD,0.003,SCORE,457.338
[13:48:14] TUNE,X,RECENTER
[13:48:14] TUNE,X,RECENTERED,ERROR,-4
[13:48:14] TUNE,X,PID_TEST,KP,0.160,KI,0.320,KD,0.003,STEP,60.0,MAXRPM,12.0,FFG,0.032,FFMAX,4.0,ILIM,12.0,LISCALE,0.15
[13:48:22] TUNE,X,RESULT,MODE,PID,KP,0.160,KI,0.320,KD,0.003,SCORE,440.476
[13:48:22] TUNE,X,RECENTER
[13:48:22] TUNE,X,RECENTERED,ERROR,1
[13:48:22] TUNE,X,PID_TEST,KP,0.100,KI,0.080,KD,0.003,STEP,60.0,MAXRPM,12.0,FFG,0.032,FFMAX,4.0,ILIM,12.0,LISCALE,0.15
[13:48:29] TUNE,X,RESULT,MODE,PID,KP,0.100,KI,0.080,KD,0.003,SCORE,501.018
[13:48:29] TUNE,X,RECENTER
[13:48:29] TUNE,X,RECENTERED,ERROR,1
[13:48:29] TUNE,X,PID_TEST,KP,0.100,KI,0.200,KD,0.010,STEP,60.0,MAXRPM,12.0,FFG,0.032,FFMAX,4.0,ILIM,12.0,LISCALE,0.15
[13:48:37] TUNE,X,RESULT,MODE,PID,KP,0.100,KI,0.200,KD,0.010,SCORE,478.520
[13:48:37] TUNE,X,RECENTER
[13:48:37] TUNE,X,RECENTERED,ERROR,0
[13:48:37] TUNE,X,PID_TEST,KP,0.100,KI,0.320,KD,0.003,STEP,60.0,MAXRPM,12.0,FFG,0.032,FFMAX,4.0,ILIM,12.0,LISCALE,0.15
[13:48:39] 67,-3.59,0.00,32
[13:48:45] TUNE,X,RESULT,MODE,PID,KP,0.100,KI,0.320,KD,0.003,SCORE,444.127
[13:48:45] TUNE,X,RECENTER
[13:48:45] TUNE,X,RECENTERED,ERROR,-1
[13:48:45] TUNE,X,PID_TEST,KP,0.100,KI,0.320,KD,0.010,STEP,60.0,MAXRPM,12.0,FFG,0.032,FFMAX,4.0,ILIM,12.0,LISCALE,0.15
[13:48:52] TUNE,X,RESULT,MODE,PID,KP,0.100,KI,0.320,KD,0.010,SCORE,409.392
[13:48:52] TUNE,X,RECENTER
[13:48:52] TUNE,X,RECENTERED,ERROR,-2
[13:48:52] TUNE,X,PID_TEST,KP,0.160,KI,0.200,KD,0.003,STEP,60.0,MAXRPM,12.0,FFG,0.032,FFMAX,4.0,ILIM,12.0,LISCALE,0.15
[13:49:00] TUNE,X,RESULT,MODE,PID,KP,0.160,KI,0.200,KD,0.003,SCORE,423.276
[13:49:00] TUNE,X,RECENTER
[13:49:00] TUNE,X,RECENTERED,ERROR,-2
[13:49:00] TUNE,X,PID_TEST,KP,0.160,KI,0.320,KD,0.010,STEP,60.0,MAXRPM,12.0,FFG,0.032,FFMAX,4.0,ILIM,12.0,LISCALE,0.15
[13:49:08] TUNE,X,RESULT,MODE,PID,KP,0.160,KI,0.320,KD,0.010,SCORE,445.329
[13:49:08] TUNE,X,CHAMPIONSHIP_LOCAL,COUNT,18
[13:49:08] TUNE,X,RECENTER
[13:49:08] TUNE,X,RECENTERED,ERROR,0
[13:49:08] TUNE,X,PID_TEST,KP,0.080,KI,0.200,KD,0.003,STEP,60.0,MAXRPM,12.0,FFG,0.032,FFMAX,4.0,ILIM,12.0,LISCALE,0.15
[13:49:15] TUNE,X,RESULT,MODE,PID,KP,0.080,KI,0.200,KD,0.003,SCORE,496.166
[13:49:15] TUNE,X,RECENTER
[13:49:15] TUNE,X,RECENTERED,ERROR,-1
[13:49:15] TUNE,X,PID_TEST,KP,0.140,KI,0.200,KD,0.003,STEP,60.0,MAXRPM,12.0,FFG,0.032,FFMAX,4.0,ILIM,12.0,LISCALE,0.15
[13:49:23] TUNE,X,RESULT,MODE,PID,KP,0.140,KI,0.200,KD,0.003,SCORE,452.237
[13:49:23] TUNE,X,RECENTER
[13:49:23] TUNE,X,RECENTERED,ERROR,1
[13:49:23] TUNE,X,PID_TEST,KP,0.100,KI,0.120,KD,0.003,STEP,60.0,MAXRPM,12.0,FFG,0.032,FFMAX,4.0,ILIM,12.0,LISCALE,0.15
[13:49:30] TUNE,X,RESULT,MODE,PID,KP,0.100,KI,0.120,KD,0.003,SCORE,459.252
[13:49:30] TUNE,X,RECENTER
[13:49:30] TUNE,X,RECENTERED,ERROR,-3
[13:49:30] TUNE,X,PID_TEST,KP,0.100,KI,0.280,KD,0.003,STEP,60.0,MAXRPM,12.0,FFG,0.032,FFMAX,4.0,ILIM,12.0,LISCALE,0.15
[13:49:38] TUNE,X,RESULT,MODE,PID,KP,0.100,KI,0.280,KD,0.003,SCORE,426.714
[13:49:38] TUNE,X,RECENTER
[13:49:38] TUNE,X,RECENTERED,ERROR,1
[13:49:38] TUNE,X,PID_TEST,KP,0.100,KI,0.200,KD,0.000,STEP,60.0,MAXRPM,12.0,FFG,0.032,FFMAX,4.0,ILIM,12.0,LISCALE,0.15
[13:49:45] TUNE,X,RESULT,MODE,PID,KP,0.100,KI,0.200,KD,0.000,SCORE,437.720
[13:49:45] TUNE,X,RECENTER
[13:49:46] TUNE,X,RECENTERED,ERROR,-3
[13:49:46] TUNE,X,PID_TEST,KP,0.100,KI,0.200,KD,0.007,STEP,60.0,MAXRPM,12.0,FFG,0.032,FFMAX,4.0,ILIM,12.0,LISCALE,0.15
[13:49:53] TUNE,X,RESULT,MODE,PID,KP,0.100,KI,0.200,KD,0.007,SCORE,444.485
[13:49:53] TUNE,X,RECENTER
[13:49:53] TUNE,X,RECENTERED,ERROR,0
[13:49:53] TUNE,X,PID_TEST,KP,0.080,KI,0.320,KD,0.010,STEP,60.0,MAXRPM,12.0,FFG,0.032,FFMAX,4.0,ILIM,12.0,LISCALE,0.15
[13:50:01] TUNE,X,RESULT,MODE,PID,KP,0.080,KI,0.320,KD,0.010,SCORE,466.782
[13:50:01] TUNE,X,RECENTER
[13:50:01] TUNE,X,RECENTERED,ERROR,-2
[13:50:01] TUNE,X,PID_TEST,KP,0.140,KI,0.320,KD,0.010,STEP,60.0,MAXRPM,12.0,FFG,0.032,FFMAX,4.0,ILIM,12.0,LISCALE,0.15
[13:50:08] TUNE,X,RESULT,MODE,PID,KP,0.140,KI,0.320,KD,0.010,SCORE,430.033
[13:50:08] TUNE,X,RECENTER
[13:50:08] TUNE,X,RECENTERED,ERROR,1
[13:50:08] TUNE,X,PID_TEST,KP,0.100,KI,0.240,KD,0.010,STEP,60.0,MAXRPM,12.0,FFG,0.032,FFMAX,4.0,ILIM,12.0,LISCALE,0.15
[13:50:16] TUNE,X,RESULT,MODE,PID,KP,0.100,KI,0.240,KD,0.010,SCORE,480.999
[13:50:16] TUNE,X,RECENTER
[13:50:16] TUNE,X,RECENTERED,ERROR,-2
[13:50:16] TUNE,X,PID_TEST,KP,0.100,KI,0.400,KD,0.010,STEP,60.0,MAXRPM,12.0,FFG,0.032,FFMAX,4.0,ILIM,12.0,LISCALE,0.15
[13:50:23] TUNE,X,RESULT,MODE,PID,KP,0.100,KI,0.400,KD,0.010,SCORE,426.845
[13:50:23] TUNE,X,RECENTER
[13:50:23] TUNE,X,RECENTERED,ERROR,-2
[13:50:23] TUNE,X,PID_TEST,KP,0.100,KI,0.320,KD,0.006,STEP,60.0,MAXRPM,12.0,FFG,0.032,FFMAX,4.0,ILIM,12.0,LISCALE,0.15
[13:50:31] TUNE,X,RESULT,MODE,PID,KP,0.100,KI,0.320,KD,0.006,SCORE,417.497
[13:50:31] TUNE,X,RECENTER
[13:50:31] TUNE,X,RECENTERED,ERROR,-2
[13:50:31] TUNE,X,PID_TEST,KP,0.100,KI,0.320,KD,0.014,STEP,60.0,MAXRPM,12.0,FFG,0.032,FFMAX,4.0,ILIM,12.0,LISCALE,0.15
[13:50:39] TUNE,X,RESULT,MODE,PID,KP,0.100,KI,0.320,KD,0.014,SCORE,400.724
[13:50:39] TUNE,X,RECENTER
[13:50:39] TUNE,X,RECENTERED,ERROR,2
[13:50:39] TUNE,X,PID_TEST,KP,0.120,KI,0.320,KD,0.003,STEP,60.0,MAXRPM,12.0,FFG,0.032,FFMAX,4.0,ILIM,12.0,LISCALE,0.15
[13:50:46] TUNE,X,RESULT,MODE,PID,KP,0.120,KI,0.320,KD,0.003,SCORE,396.487
[13:50:46] TUNE,X,RECENTER
[13:50:46] TUNE,X,RECENTERED,ERROR,-1
[13:50:46] TUNE,X,PID_TEST,KP,0.200,KI,0.320,KD,0.003,STEP,60.0,MAXRPM,12.0,FFG,0.032,FFMAX,4.0,ILIM,12.0,LISCALE,0.15
[13:50:54] TUNE,X,RESULT,MODE,PID,KP,0.200,KI,0.320,KD,0.003,SCORE,445.046
[13:50:54] TUNE,X,RECENTER
[13:50:54] TUNE,X,RECENTERED,ERROR,-2
[13:50:54] TUNE,X,PID_TEST,KP,0.160,KI,0.240,KD,0.003,STEP,60.0,MAXRPM,12.0,FFG,0.032,FFMAX,4.0,ILIM,12.0,LISCALE,0.15
[13:51:01] TUNE,X,RESULT,MODE,PID,KP,0.160,KI,0.240,KD,0.003,SCORE,413.308
[13:51:01] TUNE,X,RECENTER
[13:51:02] TUNE,X,RECENTERED,ERROR,-3
[13:51:02] TUNE,X,PID_TEST,KP,0.160,KI,0.400,KD,0.003,STEP,60.0,MAXRPM,12.0,FFG,0.032,FFMAX,4.0,ILIM,12.0,LISCALE,0.15
[13:51:09] TUNE,X,RESULT,MODE,PID,KP,0.160,KI,0.400,KD,0.003,SCORE,361.727
[13:51:09] TUNE,X,RECENTER
[13:51:09] TUNE,X,RECENTERED,ERROR,-1
[13:51:09] TUNE,X,PID_TEST,KP,0.160,KI,0.320,KD,0.000,STEP,60.0,MAXRPM,12.0,FFG,0.032,FFMAX,4.0,ILIM,12.0,LISCALE,0.15
[13:51:17] TUNE,X,RESULT,MODE,PID,KP,0.160,KI,0.320,KD,0.000,SCORE,370.882
[13:51:17] TUNE,X,RECENTER
[13:51:17] TUNE,X,RECENTERED,ERROR,-3
[13:51:17] TUNE,X,PID_TEST,KP,0.160,KI,0.320,KD,0.007,STEP,60.0,MAXRPM,12.0,FFG,0.032,FFMAX,4.0,ILIM,12.0,LISCALE,0.15
[13:51:24] TUNE,X,RESULT,MODE,PID,KP,0.160,KI,0.320,KD,0.007,SCORE,404.520
[13:51:24] TUNE,X,CHAMPIONSHIP_SEMIFINAL,COUNT,6
[13:51:24] TUNE,X,RECENTER
[13:51:24] TUNE,X,RECENTERED,ERROR,2
[13:51:24] TUNE,X,PID_TEST,KP,0.160,KI,0.400,KD,0.003,STEP,60.0,MAXRPM,12.0,FFG,0.032,FFMAX,4.0,ILIM,12.0,LISCALE,0.15
[13:51:32] TUNE,X,RESULT,MODE,PID,KP,0.160,KI,0.400,KD,0.003,SCORE,418.184
[13:51:32] TUNE,X,RECENTER
[13:51:32] TUNE,X,RECENTERED,ERROR,-1
[13:51:32] TUNE,X,PID_TEST,KP,0.160,KI,0.320,KD,0.000,STEP,60.0,MAXRPM,12.0,FFG,0.032,FFMAX,4.0,ILIM,12.0,LISCALE,0.15
[13:51:40] TUNE,X,RESULT,MODE,PID,KP,0.160,KI,0.320,KD,0.000,SCORE,407.159
[13:51:40] TUNE,X,RECENTER
[13:51:40] TUNE,X,RECENTERED,ERROR,-1
[13:51:40] TUNE,X,PID_TEST,KP,0.120,KI,0.320,KD,0.003,STEP,60.0,MAXRPM,12.0,FFG,0.032,FFMAX,4.0,ILIM,12.0,LISCALE,0.15
[13:51:47] TUNE,X,RESULT,MODE,PID,KP,0.120,KI,0.320,KD,0.003,SCORE,412.999
[13:51:47] TUNE,X,RECENTER
[13:51:47] TUNE,X,RECENTERED,ERROR,-2
[13:51:47] TUNE,X,PID_TEST,KP,0.100,KI,0.320,KD,0.014,STEP,60.0,MAXRPM,12.0,FFG,0.032,FFMAX,4.0,ILIM,12.0,LISCALE,0.15
[13:51:55] TUNE,X,RESULT,MODE,PID,KP,0.100,KI,0.320,KD,0.014,SCORE,406.002
[13:51:55] TUNE,X,RECENTER
[13:51:55] TUNE,X,RECENTERED,ERROR,2
[13:51:55] TUNE,X,PID_TEST,KP,0.160,KI,0.320,KD,0.007,STEP,60.0,MAXRPM,12.0,FFG,0.032,FFMAX,4.0,ILIM,12.0,LISCALE,0.15
[13:52:03] TUNE,X,RESULT,MODE,PID,KP,0.160,KI,0.320,KD,0.007,SCORE,379.717
[13:52:03] TUNE,X,RECENTER
[13:52:03] TUNE,X,RECENTERED,ERROR,-3
[13:52:03] TUNE,X,PID_TEST,KP,0.160,KI,0.240,KD,0.003,STEP,60.0,MAXRPM,12.0,FFG,0.032,FFMAX,4.0,ILIM,12.0,LISCALE,0.15
[13:52:10] TUNE,X,RESULT,MODE,PID,KP,0.160,KI,0.240,KD,0.003,SCORE,378.699
[13:52:10] TUNE,X,CHAMPIONSHIP_FINE,COUNT,11
[13:52:10] TUNE,X,RECENTER
[13:52:10] TUNE,X,RECENTERED,ERROR,-2
[13:52:10] TUNE,X,PID_TEST,KP,0.145,KI,0.320,KD,0.000,STEP,60.0,MAXRPM,12.0,FFG,0.032,FFMAX,4.0,ILIM,12.0,LISCALE,0.15
[13:52:18] TUNE,X,RESULT,MODE,PID,KP,0.145,KI,0.320,KD,0.000,SCORE,387.287
[13:52:18] TUNE,X,RECENTER
[13:52:18] TUNE,X,RECENTERED,ERROR,-2
[13:52:18] TUNE,X,PID_TEST,KP,0.175,KI,0.320,KD,0.000,STEP,60.0,MAXRPM,12.0,FFG,0.032,FFMAX,4.0,ILIM,12.0,LISCALE,0.15
[13:52:21] 0,1.53,0.00,16
[13:52:25] TUNE,X,RESULT,MODE,PID,KP,0.175,KI,0.320,KD,0.000,SCORE,413.540
[13:52:25] TUNE,X,RECENTER
[13:52:26] TUNE,X,RECENTERED,ERROR,-3
[13:52:26] TUNE,X,PID_TEST,KP,0.160,KI,0.285,KD,0.000,STEP,60.0,MAXRPM,12.0,FFG,0.032,FFMAX,4.0,ILIM,12.0,LISCALE,0.15
[13:52:33] TUNE,X,RESULT,MODE,PID,KP,0.160,KI,0.285,KD,0.000,SCORE,442.067
[13:52:33] TUNE,X,RECENTER
[13:52:33] TUNE,X,RECENTERED,ERROR,-2
[13:52:33] TUNE,X,PID_TEST,KP,0.160,KI,0.355,KD,0.000,STEP,60.0,MAXRPM,12.0,FFG,0.032,FFMAX,4.0,ILIM,12.0,LISCALE,0.15
[13:52:41] TUNE,X,RESULT,MODE,PID,KP,0.160,KI,0.355,KD,0.000,SCORE,415.471
[13:52:41] TUNE,X,RECENTER
[13:52:41] TUNE,X,RECENTERED,ERROR,-2
[13:52:41] TUNE,X,PID_TEST,KP,0.160,KI,0.320,KD,0.002,STEP,60.0,MAXRPM,12.0,FFG,0.032,FFMAX,4.0,ILIM,12.0,LISCALE,0.15
[13:52:48] TUNE,X,RESULT,MODE,PID,KP,0.160,KI,0.320,KD,0.002,SCORE,422.948
[13:52:48] TUNE,X,RECENTER
[13:52:48] TUNE,X,RECENTERED,ERROR,-1
[13:52:48] TUNE,X,PID_TEST,KP,0.145,KI,0.320,KD,0.007,STEP,60.0,MAXRPM,12.0,FFG,0.032,FFMAX,4.0,ILIM,12.0,LISCALE,0.15
[13:52:56] TUNE,X,RESULT,MODE,PID,KP,0.145,KI,0.320,KD,0.007,SCORE,405.557
[13:52:56] TUNE,X,RECENTER
[13:52:56] TUNE,X,RECENTERED,ERROR,-1
[13:52:56] TUNE,X,PID_TEST,KP,0.175,KI,0.320,KD,0.007,STEP,60.0,MAXRPM,12.0,FFG,0.032,FFMAX,4.0,ILIM,12.0,LISCALE,0.15
[13:53:04] TUNE,X,RESULT,MODE,PID,KP,0.175,KI,0.320,KD,0.007,SCORE,430.834
[13:53:04] TUNE,X,RECENTER
[13:53:04] TUNE,X,RECENTERED,ERROR,4
[13:53:04] TUNE,X,PID_TEST,KP,0.160,KI,0.285,KD,0.007,STEP,60.0,MAXRPM,12.0,FFG,0.032,FFMAX,4.0,ILIM,12.0,LISCALE,0.15
[13:53:11] TUNE,X,RESULT,MODE,PID,KP,0.160,KI,0.285,KD,0.007,SCORE,401.387
[13:53:11] TUNE,X,RECENTER
[13:53:11] TUNE,X,RECENTERED,ERROR,-3
[13:53:11] TUNE,X,PID_TEST,KP,0.160,KI,0.355,KD,0.007,STEP,60.0,MAXRPM,12.0,FFG,0.032,FFMAX,4.0,ILIM,12.0,LISCALE,0.15
[13:53:19] TUNE,X,RESULT,MODE,PID,KP,0.160,KI,0.355,KD,0.007,SCORE,408.877
[13:53:19] TUNE,X,RECENTER
[13:53:19] TUNE,X,RECENTERED,ERROR,-1
[13:53:19] TUNE,X,PID_TEST,KP,0.160,KI,0.320,KD,0.006,STEP,60.0,MAXRPM,12.0,FFG,0.032,FFMAX,4.0,ILIM,12.0,LISCALE,0.15
[13:53:26] TUNE,X,RESULT,MODE,PID,KP,0.160,KI,0.320,KD,0.006,SCORE,407.553
[13:53:27] TUNE,X,RECENTER
[13:53:27] TUNE,X,RECENTERED,ERROR,3
[13:53:27] TUNE,X,PID_TEST,KP,0.160,KI,0.320,KD,0.009,STEP,60.0,MAXRPM,12.0,FFG,0.032,FFMAX,4.0,ILIM,12.0,LISCALE,0.15
[13:53:34] TUNE,X,RESULT,MODE,PID,KP,0.160,KI,0.320,KD,0.009,SCORE,424.022
[13:53:34] TUNE,X,CHAMPIONSHIP_FINAL,COUNT,4,REPEATS,3
[13:53:34] TUNE,X,RECENTER
[13:53:34] TUNE,X,RECENTERED,ERROR,4
[13:53:34] TUNE,X,PID_TEST,KP,0.145,KI,0.320,KD,0.000,STEP,60.0,MAXRPM,12.0,FFG,0.032,FFMAX,4.0,ILIM,12.0,LISCALE,0.15
[13:53:42] TUNE,X,RESULT,MODE,PID,KP,0.145,KI,0.320,KD,0.000,SCORE,373.837
[13:53:42] TUNE,X,RECENTER
[13:53:42] TUNE,X,RECENTERED,ERROR,-1
[13:53:42] TUNE,X,PID_TEST,KP,0.145,KI,0.320,KD,0.000,STEP,60.0,MAXRPM,12.0,FFG,0.032,FFMAX,4.0,ILIM,12.0,LISCALE,0.15
[13:53:49] TUNE,X,RESULT,MODE,PID,KP,0.145,KI,0.320,KD,0.000,SCORE,396.372
[13:53:49] TUNE,X,RECENTER
[13:53:50] TUNE,X,RECENTERED,ERROR,-4
[13:53:50] TUNE,X,PID_TEST,KP,0.160,KI,0.320,KD,0.000,STEP,60.0,MAXRPM,12.0,FFG,0.032,FFMAX,4.0,ILIM,12.0,LISCALE,0.15
[13:53:57] TUNE,X,RESULT,MODE,PID,KP,0.160,KI,0.320,KD,0.000,SCORE,390.532
[13:53:57] TUNE,X,RECENTER
[13:53:57] TUNE,X,RECENTERED,ERROR,0
[13:53:57] TUNE,X,PID_TEST,KP,0.160,KI,0.320,KD,0.007,STEP,60.0,MAXRPM,12.0,FFG,0.032,FFMAX,4.0,ILIM,12.0,LISCALE,0.15
[13:54:05] TUNE,X,RESULT,MODE,PID,KP,0.160,KI,0.320,KD,0.007,SCORE,436.162
[13:54:05] TUNE,X,RECENTER
[13:54:05] TUNE,X,RECENTERED,ERROR,1
[13:54:05] TUNE,X,PID_TEST,KP,0.160,KI,0.400,KD,0.003,STEP,60.0,MAXRPM,12.0,FFG,0.032,FFMAX,4.0,ILIM,12.0,LISCALE,0.15
[13:54:12] TUNE,X,RESULT,MODE,PID,KP,0.160,KI,0.400,KD,0.003,SCORE,392.978
[13:54:12] TUNE,X,RECENTER
[13:54:13] TUNE,X,RECENTERED,ERROR,1
[13:54:13] TUNE,X,COMPLETE,KP,0.145,KI,0.320,KD,0.000,SCORE,390.467,TESTS,3
[13:54:13] TUNE,Y,BEGIN,MODE,PID_CHAMPIONSHIP
[13:54:14] TUNE,Y,CALIBRATE,PROBE
[13:54:15] TUNE,Y,POLARITY,1,DELTA,27,KICK_DEG,12.0
[13:54:15] TUNE,Y,RECENTER
[13:54:15] TUNE,Y,RECENTERED,ERROR,-2
[13:54:15] TUNE,Y,SAFE_LIMIT,STEP,36.0,MAXRPM,8.0
[13:54:15] TUNE,Y,CHAMPIONSHIP_COARSE,COUNT,30
[13:54:15] TUNE,Y,RECENTER
[13:54:15] TUNE,Y,RECENTERED,ERROR,-2
[13:54:15] TUNE,Y,PID_TEST,KP,0.100,KI,0.080,KD,0.003,STEP,36.0,MAXRPM,8.0,FFG,0.032,FFMAX,4.0,ILIM,12.0,LISCALE,0.15
[13:54:22] TUNE,Y,RESULT,MODE,PID,KP,0.100,KI,0.080,KD,0.003,SCORE,198.822
[13:54:22] TUNE,Y,RECENTER
[13:54:23] TUNE,Y,RECENTERED,ERROR,-1
[13:54:23] TUNE,Y,PID_TEST,KP,0.100,KI,0.080,KD,0.010,STEP,36.0,MAXRPM,8.0,FFG,0.032,FFMAX,4.0,ILIM,12.0,LISCALE,0.15
[13:54:30] TUNE,Y,RESULT,MODE,PID,KP,0.100,KI,0.080,KD,0.010,SCORE,208.205
[13:54:30] TUNE,Y,RECENTER
[13:54:30] TUNE,Y,RECENTERED,ERROR,0
[13:54:30] TUNE,Y,PID_TEST,KP,0.100,KI,0.200,KD,0.003,STEP,36.0,MAXRPM,8.0,FFG,0.032,FFMAX,4.0,ILIM,12.0,LISCALE,0.15
[13:54:38] TUNE,Y,RESULT,MODE,PID,KP,0.100,KI,0.200,KD,0.003,SCORE,200.659
[13:54:38] TUNE,Y,RECENTER
[13:54:38] TUNE,Y,RECENTERED,ERROR,-2
[13:54:38] TUNE,Y,PID_TEST,KP,0.100,KI,0.200,KD,0.010,STEP,36.0,MAXRPM,8.0,FFG,0.032,FFMAX,4.0,ILIM,12.0,LISCALE,0.15
[13:54:45] TUNE,Y,RESULT,MODE,PID,KP,0.100,KI,0.200,KD,0.010,SCORE,202.429
[13:54:45] TUNE,Y,RECENTER
[13:54:45] TUNE,Y,RECENTERED,ERROR,0
[13:54:45] TUNE,Y,PID_TEST,KP,0.100,KI,0.320,KD,0.003,STEP,36.0,MAXRPM,8.0,FFG,0.032,FFMAX,4.0,ILIM,12.0,LISCALE,0.15
[13:54:53] TUNE,Y,RESULT,MODE,PID,KP,0.100,KI,0.320,KD,0.003,SCORE,186.813
[13:54:53] TUNE,Y,RECENTER
[13:54:53] TUNE,Y,RECENTERED,ERROR,1
[13:54:53] TUNE,Y,PID_TEST,KP,0.100,KI,0.320,KD,0.010,STEP,36.0,MAXRPM,8.0,FFG,0.032,FFMAX,4.0,ILIM,12.0,LISCALE,0.15
[13:55:00] TUNE,Y,RESULT,MODE,PID,KP,0.100,KI,0.320,KD,0.010,SCORE,219.508
[13:55:00] TUNE,Y,RECENTER
[13:55:01] TUNE,Y,RECENTERED,ERROR,4
[13:55:01] TUNE,Y,PID_TEST,KP,0.160,KI,0.080,KD,0.003,STEP,36.0,MAXRPM,8.0,FFG,0.032,FFMAX,4.0,ILIM,12.0,LISCALE,0.15
[13:55:08] TUNE,Y,RESULT,MODE,PID,KP,0.160,KI,0.080,KD,0.003,SCORE,240.764
[13:55:08] TUNE,Y,RECENTER
[13:55:08] TUNE,Y,RECENTERED,ERROR,-3
[13:55:08] TUNE,Y,PID_TEST,KP,0.160,KI,0.080,KD,0.010,STEP,36.0,MAXRPM,8.0,FFG,0.032,FFMAX,4.0,ILIM,12.0,LISCALE,0.15
[13:55:15] TUNE,Y,RESULT,MODE,PID,KP,0.160,KI,0.080,KD,0.010,SCORE,290.902
[13:55:16] TUNE,Y,RECENTER
[13:55:16] TUNE,Y,RECENTERED,ERROR,1
[13:55:16] TUNE,Y,PID_TEST,KP,0.160,KI,0.200,KD,0.003,STEP,36.0,MAXRPM,8.0,FFG,0.032,FFMAX,4.0,ILIM,12.0,LISCALE,0.15
[13:55:23] TUNE,Y,RESULT,MODE,PID,KP,0.160,KI,0.200,KD,0.003,SCORE,234.276
[13:55:23] TUNE,Y,RECENTER
[13:55:23] TUNE,Y,RECENTERED,ERROR,-2
[13:55:23] TUNE,Y,PID_TEST,KP,0.160,KI,0.200,KD,0.010,STEP,36.0,MAXRPM,8.0,FFG,0.032,FFMAX,4.0,ILIM,12.0,LISCALE,0.15
[13:55:31] TUNE,Y,RESULT,MODE,PID,KP,0.160,KI,0.200,KD,0.010,SCORE,211.099
[13:55:31] TUNE,Y,RECENTER
[13:55:31] TUNE,Y,RECENTERED,ERROR,3
[13:55:31] TUNE,Y,PID_TEST,KP,0.160,KI,0.320,KD,0.003,STEP,36.0,MAXRPM,8.0,FFG,0.032,FFMAX,4.0,ILIM,12.0,LISCALE,0.15
[13:55:38] TUNE,Y,RESULT,MODE,PID,KP,0.160,KI,0.320,KD,0.003,SCORE,196.783
[13:55:38] TUNE,Y,RECENTER
[13:55:39] TUNE,Y,RECENTERED,ERROR,-1
[13:55:39] TUNE,Y,PID_TEST,KP,0.160,KI,0.320,KD,0.010,STEP,36.0,MAXRPM,8.0,FFG,0.032,FFMAX,4.0,ILIM,12.0,LISCALE,0.15
[13:55:46] TUNE,Y,RESULT,MODE,PID,KP,0.160,KI,0.320,KD,0.010,SCORE,292.789
[13:55:46] TUNE,Y,RECENTER
[13:55:46] TUNE,Y,RECENTERED,ERROR,-3
[13:55:46] TUNE,Y,PID_TEST,KP,0.220,KI,0.080,KD,0.003,STEP,36.0,MAXRPM,8.0,FFG,0.032,FFMAX,4.0,ILIM,12.0,LISCALE,0.15
[13:55:54] TUNE,Y,RESULT,MODE,PID,KP,0.220,KI,0.080,KD,0.003,SCORE,279.553
[13:55:54] TUNE,Y,RECENTER
[13:55:54] TUNE,Y,RECENTERED,ERROR,3
[13:55:54] TUNE,Y,PID_TEST,KP,0.220,KI,0.080,KD,0.010,STEP,36.0,MAXRPM,8.0,FFG,0.032,FFMAX,4.0,ILIM,12.0,LISCALE,0.15
[13:56:01] TUNE,Y,RESULT,MODE,PID,KP,0.220,KI,0.080,KD,0.010,SCORE,300.304
[13:56:01] TUNE,Y,RECENTER
[13:56:01] TUNE,Y,RECENTERED,ERROR,0
[13:56:01] TUNE,Y,PID_TEST,KP,0.220,KI,0.200,KD,0.003,STEP,36.0,MAXRPM,8.0,FFG,0.032,FFMAX,4.0,ILIM,12.0,LISCALE,0.15
[13:56:09] TUNE,Y,RESULT,MODE,PID,KP,0.220,KI,0.200,KD,0.003,SCORE,246.776
[13:56:09] TUNE,Y,RECENTER
[13:56:09] TUNE,Y,RECENTERED,ERROR,-1
[13:56:09] TUNE,Y,PID_TEST,KP,0.220,KI,0.200,KD,0.010,STEP,36.0,MAXRPM,8.0,FFG,0.032,FFMAX,4.0,ILIM,12.0,LISCALE,0.15
[13:56:17] TUNE,Y,RESULT,MODE,PID,KP,0.220,KI,0.200,KD,0.010,SCORE,309.157
[13:56:17] TUNE,Y,RECENTER
[13:56:17] TUNE,Y,RECENTERED,ERROR,-1
[13:56:17] TUNE,Y,PID_TEST,KP,0.220,KI,0.320,KD,0.003,STEP,36.0,MAXRPM,8.0,FFG,0.032,FFMAX,4.0,ILIM,12.0,LISCALE,0.15
[13:56:24] TUNE,Y,RESULT,MODE,PID,KP,0.220,KI,0.320,KD,0.003,SCORE,316.939
[13:56:24] TUNE,Y,RECENTER
[13:56:24] TUNE,Y,RECENTERED,ERROR,-2
[13:56:24] TUNE,Y,PID_TEST,KP,0.220,KI,0.320,KD,0.010,STEP,36.0,MAXRPM,8.0,FFG,0.032,FFMAX,4.0,ILIM,12.0,LISCALE,0.15
[13:56:32] TUNE,Y,RESULT,MODE,PID,KP,0.220,KI,0.320,KD,0.010,SCORE,362.854
[13:56:32] TUNE,Y,RECENTER
[13:56:32] TUNE,Y,RECENTERED,ERROR,0
[13:56:32] TUNE,Y,PID_TEST,KP,0.280,KI,0.080,KD,0.003,STEP,36.0,MAXRPM,8.0,FFG,0.032,FFMAX,4.0,ILIM,12.0,LISCALE,0.15
[13:56:39] TUNE,Y,RESULT,MODE,PID,KP,0.280,KI,0.080,KD,0.003,SCORE,332.050
[13:56:39] TUNE,Y,RECENTER
[13:56:40] TUNE,Y,RECENTERED,ERROR,-1
[13:56:40] TUNE,Y,PID_TEST,KP,0.280,KI,0.080,KD,0.010,STEP,36.0,MAXRPM,8.0,FFG,0.032,FFMAX,4.0,ILIM,12.0,LISCALE,0.15
[13:56:47] TUNE,Y,RESULT,MODE,PID,KP,0.280,KI,0.080,KD,0.010,SCORE,398.878
[13:56:47] TUNE,Y,RECENTER
[13:56:47] TUNE,Y,RECENTERED,ERROR,-2
[13:56:47] TUNE,Y,PID_TEST,KP,0.280,KI,0.200,KD,0.003,STEP,36.0,MAXRPM,8.0,FFG,0.032,FFMAX,4.0,ILIM,12.0,LISCALE,0.15
[13:56:55] TUNE,Y,RESULT,MODE,PID,KP,0.280,KI,0.200,KD,0.003,SCORE,367.400
[13:56:55] TUNE,Y,RECENTER
[13:56:55] TUNE,Y,RECENTERED,ERROR,4
[13:56:55] TUNE,Y,PID_TEST,KP,0.280,KI,0.200,KD,0.010,STEP,36.0,MAXRPM,8.0,FFG,0.032,FFMAX,4.0,ILIM,12.0,LISCALE,0.15
[13:57:02] TUNE,Y,RESULT,MODE,PID,KP,0.280,KI,0.200,KD,0.010,SCORE,507.677
[13:57:02] TUNE,Y,RECENTER
[13:57:03] TUNE,Y,RECENTERED,ERROR,1
[13:57:03] TUNE,Y,PID_TEST,KP,0.280,KI,0.320,KD,0.003,STEP,36.0,MAXRPM,8.0,FFG,0.032,FFMAX,4.0,ILIM,12.0,LISCALE,0.15
[13:57:10] TUNE,Y,RESULT,MODE,PID,KP,0.280,KI,0.320,KD,0.003,SCORE,413.768
[13:57:10] TUNE,Y,RECENTER
[13:57:11] TUNE,Y,RECENTERED,ERROR,1
[13:57:11] TUNE,Y,PID_TEST,KP,0.280,KI,0.320,KD,0.010,STEP,36.0,MAXRPM,8.0,FFG,0.032,FFMAX,4.0,ILIM,12.0,LISCALE,0.15
[13:57:18] TUNE,Y,RESULT,MODE,PID,KP,0.280,KI,0.320,KD,0.010,SCORE,408.586
[13:57:18] TUNE,Y,RECENTER
[13:57:18] TUNE,Y,RECENTERED,ERROR,-1
[13:57:18] TUNE,Y,PID_TEST,KP,0.340,KI,0.080,KD,0.003,STEP,36.0,MAXRPM,8.0,FFG,0.032,FFMAX,4.0,ILIM,12.0,LISCALE,0.15
[13:57:26] TUNE,Y,RESULT,MODE,PID,KP,0.340,KI,0.080,KD,0.003,SCORE,466.763
[13:57:26] TUNE,Y,RECENTER
[13:57:26] TUNE,Y,RECENTERED,ERROR,-3
[13:57:26] TUNE,Y,PID_TEST,KP,0.340,KI,0.080,KD,0.010,STEP,36.0,MAXRPM,8.0,FFG,0.032,FFMAX,4.0,ILIM,12.0,LISCALE,0.15
[13:57:33] TUNE,Y,RESULT,MODE,PID,KP,0.340,KI,0.080,KD,0.010,SCORE,523.320
[13:57:33] TUNE,Y,RECENTER
[13:57:33] TUNE,Y,RECENTERED,ERROR,2
[13:57:33] TUNE,Y,PID_TEST,KP,0.340,KI,0.200,KD,0.003,STEP,36.0,MAXRPM,8.0,FFG,0.032,FFMAX,4.0,ILIM,12.0,LISCALE,0.15
[13:57:41] TUNE,Y,RESULT,MODE,PID,KP,0.340,KI,0.200,KD,0.003,SCORE,573.809
[13:57:41] TUNE,Y,RECENTER
[13:57:41] TUNE,Y,RECENTERED,ERROR,-3
[13:57:41] TUNE,Y,PID_TEST,KP,0.340,KI,0.200,KD,0.010,STEP,36.0,MAXRPM,8.0,FFG,0.032,FFMAX,4.0,ILIM,12.0,LISCALE,0.15
[13:57:48] TUNE,Y,RESULT,MODE,PID,KP,0.340,KI,0.200,KD,0.010,SCORE,583.576
[13:57:48] TUNE,Y,RECENTER
[13:57:49] TUNE,Y,RECENTERED,ERROR,-1
[13:57:49] TUNE,Y,PID_TEST,KP,0.340,KI,0.320,KD,0.003,STEP,36.0,MAXRPM,8.0,FFG,0.032,FFMAX,4.0,ILIM,12.0,LISCALE,0.15
[13:57:56] TUNE,Y,RESULT,MODE,PID,KP,0.340,KI,0.320,KD,0.003,SCORE,491.639
[13:57:56] TUNE,Y,RECENTER
[13:57:56] TUNE,Y,RECENTERED,ERROR,1
[13:57:56] TUNE,Y,PID_TEST,KP,0.340,KI,0.320,KD,0.010,STEP,36.0,MAXRPM,8.0,FFG,0.032,FFMAX,4.0,ILIM,12.0,LISCALE,0.15
[13:58:04] TUNE,Y,RESULT,MODE,PID,KP,0.340,KI,0.320,KD,0.010,SCORE,646.779
[13:58:04] TUNE,Y,CHAMPIONSHIP_QUARTERFINAL,COUNT,8
[13:58:04] TUNE,Y,RECENTER
[13:58:04] TUNE,Y,RECENTERED,ERROR,0
[13:58:04] TUNE,Y,PID_TEST,KP,0.100,KI,0.320,KD,0.003,STEP,36.0,MAXRPM,8.0,FFG,0.032,FFMAX,4.0,ILIM,12.0,LISCALE,0.15
[13:58:11] TUNE,Y,RESULT,MODE,PID,KP,0.100,KI,0.320,KD,0.003,SCORE,194.822
[13:58:11] TUNE,Y,RECENTER
[13:58:12] TUNE,Y,RECENTERED,ERROR,-2
[13:58:12] TUNE,Y,PID_TEST,KP,0.160,KI,0.320,KD,0.003,STEP,36.0,MAXRPM,8.0,FFG,0.032,FFMAX,4.0,ILIM,12.0,LISCALE,0.15
[13:58:19] TUNE,Y,RESULT,MODE,PID,KP,0.160,KI,0.320,KD,0.003,SCORE,205.787
[13:58:19] TUNE,Y,RECENTER
[13:58:19] TUNE,Y,RECENTERED,ERROR,2
[13:58:19] TUNE,Y,PID_TEST,KP,0.100,KI,0.080,KD,0.003,STEP,36.0,MAXRPM,8.0,FFG,0.032,FFMAX,4.0,ILIM,12.0,LISCALE,0.15
[13:58:27] TUNE,Y,RESULT,MODE,PID,KP,0.100,KI,0.080,KD,0.003,SCORE,201.117
[13:58:27] TUNE,Y,RECENTER
[13:58:27] TUNE,Y,RECENTERED,ERROR,0
[13:58:27] TUNE,Y,PID_TEST,KP,0.100,KI,0.200,KD,0.003,STEP,36.0,MAXRPM,8.0,FFG,0.032,FFMAX,4.0,ILIM,12.0,LISCALE,0.15
[13:58:34] TUNE,Y,RESULT,MODE,PID,KP,0.100,KI,0.200,KD,0.003,SCORE,184.033
[13:58:34] TUNE,Y,RECENTER
[13:58:34] TUNE,Y,RECENTERED,ERROR,-2
[13:58:34] TUNE,Y,PID_TEST,KP,0.100,KI,0.200,KD,0.010,STEP,36.0,MAXRPM,8.0,FFG,0.032,FFMAX,4.0,ILIM,12.0,LISCALE,0.15
[13:58:42] TUNE,Y,RESULT,MODE,PID,KP,0.100,KI,0.200,KD,0.010,SCORE,216.177
[13:58:42] TUNE,Y,RECENTER
[13:58:42] TUNE,Y,RECENTERED,ERROR,-1
[13:58:42] TUNE,Y,PID_TEST,KP,0.100,KI,0.080,KD,0.010,STEP,36.0,MAXRPM,8.0,FFG,0.032,FFMAX,4.0,ILIM,12.0,LISCALE,0.15
[13:58:49] TUNE,Y,RESULT,MODE,PID,KP,0.100,KI,0.080,KD,0.010,SCORE,225.812
[13:58:49] TUNE,Y,RECENTER
[13:58:49] TUNE,Y,RECENTERED,ERROR,-2
[13:58:49] TUNE,Y,PID_TEST,KP,0.160,KI,0.200,KD,0.010,STEP,36.0,MAXRPM,8.0,FFG,0.032,FFMAX,4.0,ILIM,12.0,LISCALE,0.15
[13:58:57] TUNE,Y,RESULT,MODE,PID,KP,0.160,KI,0.200,KD,0.010,SCORE,284.791
[13:58:57] TUNE,Y,RECENTER
[13:58:57] TUNE,Y,RECENTERED,ERROR,-2
[13:58:57] TUNE,Y,PID_TEST,KP,0.100,KI,0.320,KD,0.010,STEP,36.0,MAXRPM,8.0,FFG,0.032,FFMAX,4.0,ILIM,12.0,LISCALE,0.15
[13:59:04] TUNE,Y,RESULT,MODE,PID,KP,0.100,KI,0.320,KD,0.010,SCORE,186.658
[13:59:05] TUNE,Y,CHAMPIONSHIP_LOCAL,COUNT,17
[13:59:05] TUNE,Y,RECENTER
[13:59:05] TUNE,Y,RECENTERED,ERROR,1
[13:59:05] TUNE,Y,PID_TEST,KP,0.080,KI,0.320,KD,0.003,STEP,36.0,MAXRPM,8.0,FFG,0.032,FFMAX,4.0,ILIM,12.0,LISCALE,0.15
[13:59:12] TUNE,Y,RESULT,MODE,PID,KP,0.080,KI,0.320,KD,0.003,SCORE,144.016
[13:59:12] TUNE,Y,RECENTER
[13:59:12] TUNE,Y,RECENTERED,ERROR,-3
[13:59:12] TUNE,Y,PID_TEST,KP,0.140,KI,0.320,KD,0.003,STEP,36.0,MAXRPM,8.0,FFG,0.032,FFMAX,4.0,ILIM,12.0,LISCALE,0.15
[13:59:20] TUNE,Y,RESULT,MODE,PID,KP,0.140,KI,0.320,KD,0.003,SCORE,191.554
[13:59:20] TUNE,Y,RECENTER
[13:59:20] TUNE,Y,RECENTERED,ERROR,1
[13:59:20] TUNE,Y,PID_TEST,KP,0.100,KI,0.240,KD,0.003,STEP,36.0,MAXRPM,8.0,FFG,0.032,FFMAX,4.0,ILIM,12.0,LISCALE,0.15
[13:59:27] TUNE,Y,RESULT,MODE,PID,KP,0.100,KI,0.240,KD,0.003,SCORE,180.305
[13:59:27] TUNE,Y,RECENTER
[13:59:27] TUNE,Y,RECENTERED,ERROR,-2
[13:59:27] TUNE,Y,PID_TEST,KP,0.100,KI,0.400,KD,0.003,STEP,36.0,MAXRPM,8.0,FFG,0.032,FFMAX,4.0,ILIM,12.0,LISCALE,0.15
[13:59:35] TUNE,Y,RESULT,MODE,PID,KP,0.100,KI,0.400,KD,0.003,SCORE,179.950
[13:59:35] TUNE,Y,RECENTER
[13:59:35] TUNE,Y,RECENTERED,ERROR,3
[13:59:35] TUNE,Y,PID_TEST,KP,0.100,KI,0.320,KD,0.000,STEP,36.0,MAXRPM,8.0,FFG,0.032,FFMAX,4.0,ILIM,12.0,LISCALE,0.15
[13:59:42] TUNE,Y,RESULT,MODE,PID,KP,0.100,KI,0.320,KD,0.000,SCORE,173.920
[13:59:42] TUNE,Y,RECENTER
[13:59:43] TUNE,Y,RECENTERED,ERROR,-1
[13:59:43] TUNE,Y,PID_TEST,KP,0.100,KI,0.320,KD,0.007,STEP,36.0,MAXRPM,8.0,FFG,0.032,FFMAX,4.0,ILIM,12.0,LISCALE,0.15
[13:59:50] TUNE,Y,RESULT,MODE,PID,KP,0.100,KI,0.320,KD,0.007,SCORE,188.608
[13:59:50] TUNE,Y,RECENTER
[13:59:50] TUNE,Y,RECENTERED,ERROR,0
[13:59:50] TUNE,Y,PID_TEST,KP,0.080,KI,0.200,KD,0.003,STEP,36.0,MAXRPM,8.0,FFG,0.032,FFMAX,4.0,ILIM,12.0,LISCALE,0.15
[13:59:58] TUNE,Y,RESULT,MODE,PID,KP,0.080,KI,0.200,KD,0.003,SCORE,162.163
[13:59:58] TUNE,Y,RECENTER
[13:59:58] TUNE,Y,RECENTERED,ERROR,-2
[13:59:58] TUNE,Y,PID_TEST,KP,0.140,KI,0.200,KD,0.003,STEP,36.0,MAXRPM,8.0,FFG,0.032,FFMAX,4.0,ILIM,12.0,LISCALE,0.15
[14:00:05] TUNE,Y,RESULT,MODE,PID,KP,0.140,KI,0.200,KD,0.003,SCORE,209.507
[14:00:05] TUNE,Y,RECENTER
[14:00:05] TUNE,Y,RECENTERED,ERROR,2
[14:00:05] TUNE,Y,PID_TEST,KP,0.100,KI,0.120,KD,0.003,STEP,36.0,MAXRPM,8.0,FFG,0.032,FFMAX,4.0,ILIM,12.0,LISCALE,0.15
[14:00:13] TUNE,Y,RESULT,MODE,PID,KP,0.100,KI,0.120,KD,0.003,SCORE,200.146
[14:00:13] TUNE,Y,RECENTER
[14:00:13] TUNE,Y,RECENTERED,ERROR,-2
[14:00:13] TUNE,Y,PID_TEST,KP,0.100,KI,0.280,KD,0.003,STEP,36.0,MAXRPM,8.0,FFG,0.032,FFMAX,4.0,ILIM,12.0,LISCALE,0.15
[14:00:20] TUNE,Y,RESULT,MODE,PID,KP,0.100,KI,0.280,KD,0.003,SCORE,191.918
[14:00:20] TUNE,Y,RECENTER
[14:00:20] TUNE,Y,RECENTERED,ERROR,1
[14:00:20] TUNE,Y,PID_TEST,KP,0.100,KI,0.200,KD,0.000,STEP,36.0,MAXRPM,8.0,FFG,0.032,FFMAX,4.0,ILIM,12.0,LISCALE,0.15
[14:00:28] TUNE,Y,RESULT,MODE,PID,KP,0.100,KI,0.200,KD,0.000,SCORE,159.059
[14:00:28] TUNE,Y,RECENTER
[14:00:28] TUNE,Y,RECENTERED,ERROR,3
[14:00:28] TUNE,Y,PID_TEST,KP,0.100,KI,0.200,KD,0.007,STEP,36.0,MAXRPM,8.0,FFG,0.032,FFMAX,4.0,ILIM,12.0,LISCALE,0.15
[14:00:35] TUNE,Y,RESULT,MODE,PID,KP,0.100,KI,0.200,KD,0.007,SCORE,190.620
[14:00:35] TUNE,Y,RECENTER
[14:00:36] TUNE,Y,RECENTERED,ERROR,-3
[14:00:36] TUNE,Y,PID_TEST,KP,0.080,KI,0.080,KD,0.003,STEP,36.0,MAXRPM,8.0,FFG,0.032,FFMAX,4.0,ILIM,12.0,LISCALE,0.15
[14:00:43] TUNE,Y,RESULT,MODE,PID,KP,0.080,KI,0.080,KD,0.003,SCORE,214.993
[14:00:43] TUNE,Y,RECENTER
[14:00:43] TUNE,Y,RECENTERED,ERROR,-2
[14:00:43] TUNE,Y,PID_TEST,KP,0.140,KI,0.080,KD,0.003,STEP,36.0,MAXRPM,8.0,FFG,0.032,FFMAX,4.0,ILIM,12.0,LISCALE,0.15
[14:00:51] TUNE,Y,RESULT,MODE,PID,KP,0.140,KI,0.080,KD,0.003,SCORE,221.589
[14:00:51] TUNE,Y,RECENTER
[14:00:51] TUNE,Y,RECENTERED,ERROR,0
[14:00:51] TUNE,Y,PID_TEST,KP,0.100,KI,0.160,KD,0.003,STEP,36.0,MAXRPM,8.0,FFG,0.032,FFMAX,4.0,ILIM,12.0,LISCALE,0.15
[14:00:58] TUNE,Y,RESULT,MODE,PID,KP,0.100,KI,0.160,KD,0.003,SCORE,173.121
[14:00:58] TUNE,Y,RECENTER
[14:00:58] TUNE,Y,RECENTERED,ERROR,-2
[14:00:58] TUNE,Y,PID_TEST,KP,0.100,KI,0.080,KD,0.000,STEP,36.0,MAXRPM,8.0,FFG,0.032,FFMAX,4.0,ILIM,12.0,LISCALE,0.15
[14:01:04] ,0,26762,0.00,1.10,16
[14:01:06] TUNE,Y,RESULT,MODE,PID,KP,0.100,KI,0.080,KD,0.000,SCORE,199.918
[14:01:06] TUNE,Y,RECENTER
[14:01:06] TUNE,Y,RECENTERED,ERROR,-3
[14:01:06] TUNE,Y,PID_TEST,KP,0.100,KI,0.080,KD,0.007,STEP,36.0,MAXRPM,8.0,FFG,0.032,FFMAX,4.0,ILIM,12.0,LISCALE,0.15
[14:01:13] TUNE,Y,RESULT,MODE,PID,KP,0.100,KI,0.080,KD,0.007,SCORE,214.660
[14:01:13] TUNE,Y,CHAMPIONSHIP_SEMIFINAL,COUNT,6
[14:01:13] TUNE,Y,RECENTER
[14:01:13] TUNE,Y,RECENTERED,ERROR,-2
[14:01:13] TUNE,Y,PID_TEST,KP,0.080,KI,0.320,KD,0.003,STEP,36.0,MAXRPM,8.0,FFG,0.032,FFMAX,4.0,ILIM,12.0,LISCALE,0.15
[14:01:21] TUNE,Y,RESULT,MODE,PID,KP,0.080,KI,0.320,KD,0.003,SCORE,156.723
[14:01:21] TUNE,Y,RECENTER
[14:01:21] TUNE,Y,RECENTERED,ERROR,1
[14:01:21] TUNE,Y,PID_TEST,KP,0.100,KI,0.200,KD,0.000,STEP,36.0,MAXRPM,8.0,FFG,0.032,FFMAX,4.0,ILIM,12.0,LISCALE,0.15
[14:01:28] TUNE,Y,RESULT,MODE,PID,KP,0.100,KI,0.200,KD,0.000,SCORE,174.122
[14:01:28] TUNE,Y,RECENTER
[14:01:29] TUNE,Y,RECENTERED,ERROR,-3
[14:01:29] TUNE,Y,PID_TEST,KP,0.080,KI,0.200,KD,0.003,STEP,36.0,MAXRPM,8.0,FFG,0.032,FFMAX,4.0,ILIM,12.0,LISCALE,0.15
[14:01:36] TUNE,Y,RESULT,MODE,PID,KP,0.080,KI,0.200,KD,0.003,SCORE,204.376
[14:01:36] TUNE,Y,RECENTER
[14:01:36] TUNE,Y,RECENTERED,ERROR,0
[14:01:36] TUNE,Y,PID_TEST,KP,0.100,KI,0.160,KD,0.003,STEP,36.0,MAXRPM,8.0,FFG,0.032,FFMAX,4.0,ILIM,12.0,LISCALE,0.15
[14:01:44] TUNE,Y,RESULT,MODE,PID,KP,0.100,KI,0.160,KD,0.003,SCORE,183.947
[14:01:44] TUNE,Y,RECENTER
[14:01:44] TUNE,Y,RECENTERED,ERROR,-1
[14:01:44] TUNE,Y,PID_TEST,KP,0.100,KI,0.320,KD,0.000,STEP,36.0,MAXRPM,8.0,FFG,0.032,FFMAX,4.0,ILIM,12.0,LISCALE,0.15
[14:01:51] TUNE,Y,RESULT,MODE,PID,KP,0.100,KI,0.320,KD,0.000,SCORE,183.163
[14:01:51] TUNE,Y,RECENTER
[14:01:51] TUNE,Y,RECENTERED,ERROR,1
[14:01:51] TUNE,Y,PID_TEST,KP,0.100,KI,0.400,KD,0.003,STEP,36.0,MAXRPM,8.0,FFG,0.032,FFMAX,4.0,ILIM,12.0,LISCALE,0.15
[14:01:59] TUNE,Y,RESULT,MODE,PID,KP,0.100,KI,0.400,KD,0.003,SCORE,181.387
[14:01:59] TUNE,Y,CHAMPIONSHIP_FINE,COUNT,10
[14:01:59] TUNE,Y,RECENTER
[14:01:59] TUNE,Y,RECENTERED,ERROR,0
[14:01:59] TUNE,Y,PID_TEST,KP,0.095,KI,0.320,KD,0.003,STEP,36.0,MAXRPM,8.0,FFG,0.032,FFMAX,4.0,ILIM,12.0,LISCALE,0.15
[14:02:06] TUNE,Y,RESULT,MODE,PID,KP,0.095,KI,0.320,KD,0.003,SCORE,188.343
[14:02:06] TUNE,Y,RECENTER
[14:02:07] TUNE,Y,RECENTERED,ERROR,1
[14:02:07] TUNE,Y,PID_TEST,KP,0.080,KI,0.285,KD,0.003,STEP,36.0,MAXRPM,8.0,FFG,0.032,FFMAX,4.0,ILIM,12.0,LISCALE,0.15
[14:02:14] TUNE,Y,RESULT,MODE,PID,KP,0.080,KI,0.285,KD,0.003,SCORE,159.684
[14:02:14] TUNE,Y,RECENTER
[14:02:14] TUNE,Y,RECENTERED,ERROR,2
[14:02:14] TUNE,Y,PID_TEST,KP,0.080,KI,0.355,KD,0.003,STEP,36.0,MAXRPM,8.0,FFG,0.032,FFMAX,4.0,ILIM,12.0,LISCALE,0.15
[14:02:22] TUNE,Y,RESULT,MODE,PID,KP,0.080,KI,0.355,KD,0.003,SCORE,152.344
[14:02:22] TUNE,Y,RECENTER
[14:02:22] TUNE,Y,RECENTERED,ERROR,3
[14:02:22] TUNE,Y,PID_TEST,KP,0.080,KI,0.320,KD,0.002,STEP,36.0,MAXRPM,8.0,FFG,0.032,FFMAX,4.0,ILIM,12.0,LISCALE,0.15
[14:02:29] TUNE,Y,RESULT,MODE,PID,KP,0.080,KI,0.320,KD,0.002,SCORE,189.303
[14:02:29] TUNE,Y,RECENTER
[14:02:29] TUNE,Y,RECENTERED,ERROR,2
[14:02:29] TUNE,Y,PID_TEST,KP,0.080,KI,0.320,KD,0.005,STEP,36.0,MAXRPM,8.0,FFG,0.032,FFMAX,4.0,ILIM,12.0,LISCALE,0.15
[14:02:37] TUNE,Y,RESULT,MODE,PID,KP,0.080,KI,0.320,KD,0.005,SCORE,171.477
[14:02:37] TUNE,Y,RECENTER
[14:02:37] TUNE,Y,RECENTERED,ERROR,1
[14:02:37] TUNE,Y,PID_TEST,KP,0.085,KI,0.200,KD,0.000,STEP,36.0,MAXRPM,8.0,FFG,0.032,FFMAX,4.0,ILIM,12.0,LISCALE,0.15
[14:02:44] TUNE,Y,RESULT,MODE,PID,KP,0.085,KI,0.200,KD,0.000,SCORE,160.235
[14:02:44] TUNE,Y,RECENTER
[14:02:44] TUNE,Y,RECENTERED,ERROR,-1
[14:02:44] TUNE,Y,PID_TEST,KP,0.115,KI,0.200,KD,0.000,STEP,36.0,MAXRPM,8.0,FFG,0.032,FFMAX,4.0,ILIM,12.0,LISCALE,0.15
[14:02:52] TUNE,Y,RESULT,MODE,PID,KP,0.115,KI,0.200,KD,0.000,SCORE,200.817
[14:02:52] TUNE,Y,RECENTER
[14:02:52] TUNE,Y,RECENTERED,ERROR,2
[14:02:52] TUNE,Y,PID_TEST,KP,0.100,KI,0.165,KD,0.000,STEP,36.0,MAXRPM,8.0,FFG,0.032,FFMAX,4.0,ILIM,12.0,LISCALE,0.15
[14:02:59] TUNE,Y,RESULT,MODE,PID,KP,0.100,KI,0.165,KD,0.000,SCORE,182.855
[14:03:00] TUNE,Y,RECENTER
[14:03:00] TUNE,Y,RECENTERED,ERROR,-2
[14:03:00] TUNE,Y,PID_TEST,KP,0.100,KI,0.235,KD,0.000,STEP,36.0,MAXRPM,8.0,FFG,0.032,FFMAX,4.0,ILIM,12.0,LISCALE,0.15
[14:03:07] TUNE,Y,RESULT,MODE,PID,KP,0.100,KI,0.235,KD,0.000,SCORE,184.904
[14:03:07] TUNE,Y,RECENTER
[14:03:07] TUNE,Y,RECENTERED,ERROR,-1
[14:03:07] TUNE,Y,PID_TEST,KP,0.100,KI,0.200,KD,0.002,STEP,36.0,MAXRPM,8.0,FFG,0.032,FFMAX,4.0,ILIM,12.0,LISCALE,0.15
[14:03:15] TUNE,Y,RESULT,MODE,PID,KP,0.100,KI,0.200,KD,0.002,SCORE,194.344
[14:03:15] TUNE,Y,CHAMPIONSHIP_FINAL,COUNT,4,REPEATS,3
[14:03:15] TUNE,Y,RECENTER
[14:03:15] TUNE,Y,RECENTERED,ERROR,1
[14:03:15] TUNE,Y,PID_TEST,KP,0.080,KI,0.355,KD,0.003,STEP,36.0,MAXRPM,8.0,FFG,0.032,FFMAX,4.0,ILIM,12.0,LISCALE,0.15
[14:03:22] TUNE,Y,RESULT,MODE,PID,KP,0.080,KI,0.355,KD,0.003,SCORE,170.785
[14:03:22] TUNE,Y,RECENTER
[14:03:22] TUNE,Y,RECENTERED,ERROR,1
[14:03:22] TUNE,Y,PID_TEST,KP,0.080,KI,0.355,KD,0.003,STEP,36.0,MAXRPM,8.0,FFG,0.032,FFMAX,4.0,ILIM,12.0,LISCALE,0.15
[14:03:30] TUNE,Y,RESULT,MODE,PID,KP,0.080,KI,0.355,KD,0.003,SCORE,187.936
[14:03:30] TUNE,Y,RECENTER
[14:03:30] TUNE,Y,RECENTERED,ERROR,2
[14:03:30] TUNE,Y,PID_TEST,KP,0.080,KI,0.320,KD,0.003,STEP,36.0,MAXRPM,8.0,FFG,0.032,FFMAX,4.0,ILIM,12.0,LISCALE,0.15
[14:03:37] TUNE,Y,RESULT,MODE,PID,KP,0.080,KI,0.320,KD,0.003,SCORE,136.023
[14:03:37] TUNE,Y,RECENTER
[14:03:38] TUNE,Y,RECENTERED,ERROR,3
[14:03:38] TUNE,Y,PID_TEST,KP,0.080,KI,0.285,KD,0.003,STEP,36.0,MAXRPM,8.0,FFG,0.032,FFMAX,4.0,ILIM,12.0,LISCALE,0.15
[14:03:45] TUNE,Y,RESULT,MODE,PID,KP,0.080,KI,0.285,KD,0.003,SCORE,161.980
[14:03:45] TUNE,Y,RECENTER
[14:03:45] TUNE,Y,RECENTERED,ERROR,2
[14:03:45] TUNE,Y,PID_TEST,KP,0.080,KI,0.285,KD,0.003,STEP,36.0,MAXRPM,8.0,FFG,0.032,FFMAX,4.0,ILIM,12.0,LISCALE,0.15
[14:03:53] TUNE,Y,RESULT,MODE,PID,KP,0.080,KI,0.285,KD,0.003,SCORE,152.691
[14:03:53] TUNE,Y,RECENTER
[14:03:53] TUNE,Y,RECENTERED,ERROR,-1
[14:03:53] TUNE,Y,PID_TEST,KP,0.085,KI,0.200,KD,0.000,STEP,36.0,MAXRPM,8.0,FFG,0.032,FFMAX,4.0,ILIM,12.0,LISCALE,0.15
[14:04:00] TUNE,Y,RESULT,MODE,PID,KP,0.085,KI,0.200,KD,0.000,SCORE,162.757
[14:04:00] TUNE,Y,RECENTER
[14:04:00] TUNE,Y,RECENTERED,ERROR,0
[14:04:00] TUNE,Y,PID_TEST,KP,0.085,KI,0.200,KD,0.000,STEP,36.0,MAXRPM,8.0,FFG,0.032,FFMAX,4.0,ILIM,12.0,LISCALE,0.15
[14:04:08] TUNE,Y,RESULT,MODE,PID,KP,0.085,KI,0.200,KD,0.000,SCORE,184.261
[14:04:08] TUNE,Y,RECENTER
[14:04:08] TUNE,Y,RECENTERED,ERROR,2
[14:04:08] TUNE,Y,COMPLETE,KP,0.080,KI,0.320,KD,0.003,SCORE,148.463,TESTS,3
[14:04:08] TUNE,FOLLOW,BEGIN,MODE,FOLLOW_CHAMPIONSHIP,COUNT,5
[14:04:08] TUNE,X,RECENTER
[14:04:08] TUNE,X,RECENTERED,ERROR,0
[14:04:08] TUNE,X,FOLLOW_TEST,KP,0.145,KI,0.320,KD,0.000,STEP,60.0,MAXRPM,12.0,FFG,0.032,FFMAX,4.0,ILIM,12.0,LISCALE,0.15
[14:04:15] TUNE,X,RESULT,MODE,FOLLOW,KP,0.145,KI,0.320,KD,0.000,SCORE,400.024
[14:04:16] TUNE,Y,RECENTER
[14:04:16] TUNE,Y,RECENTERED,ERROR,2
[14:04:16] TUNE,Y,FOLLOW_TEST,KP,0.080,KI,0.320,KD,0.003,STEP,36.0,MAXRPM,8.0,FFG,0.032,FFMAX,4.0,ILIM,12.0,LISCALE,0.15
[14:04:23] TUNE,Y,RESULT,MODE,FOLLOW,KP,0.080,KI,0.320,KD,0.003,SCORE,177.572
[14:04:24] TUNE,FOLLOW,RESULT,MODE,FOLLOW,KP,0.000,KI,0.000,KD,0.000,FFG,0.032,FFMAX,4.0,ILIM,12.0,LISCALE,0.15,SCORE,577.597
[14:04:24] TUNE,X,RECENTER
[14:04:24] TUNE,X,RECENTERED,ERROR,-2
[14:04:24] TUNE,X,FOLLOW_TEST,KP,0.145,KI,0.320,KD,0.000,STEP,60.0,MAXRPM,12.0,FFG,0.030,FFMAX,4.0,ILIM,11.0,LISCALE,0.14
[14:04:31] TUNE,X,RESULT,MODE,FOLLOW,KP,0.145,KI,0.320,KD,0.000,SCORE,431.151
[14:04:32] TUNE,Y,RECENTER
[14:04:32] TUNE,Y,RECENTERED,ERROR,1
[14:04:32] TUNE,Y,FOLLOW_TEST,KP,0.080,KI,0.320,KD,0.003,STEP,36.0,MAXRPM,8.0,FFG,0.030,FFMAX,4.0,ILIM,11.0,LISCALE,0.14
[14:04:39] TUNE,Y,RESULT,MODE,FOLLOW,KP,0.080,KI,0.320,KD,0.003,SCORE,165.682
[14:04:39] TUNE,FOLLOW,RESULT,MODE,FOLLOW,KP,0.000,KI,0.000,KD,0.000,FFG,0.030,FFMAX,4.0,ILIM,11.0,LISCALE,0.14,SCORE,596.833
[14:04:39] TUNE,X,RECENTER
[14:04:40] TUNE,X,RECENTERED,ERROR,-2
[14:04:40] TUNE,X,FOLLOW_TEST,KP,0.145,KI,0.320,KD,0.000,STEP,60.0,MAXRPM,12.0,FFG,0.034,FFMAX,4.5,ILIM,12.0,LISCALE,0.18
[14:04:47] TUNE,X,RESULT,MODE,FOLLOW,KP,0.145,KI,0.320,KD,0.000,SCORE,426.312
[14:04:47] TUNE,Y,RECENTER
[14:04:47] TUNE,Y,RECENTERED,ERROR,3
[14:04:47] TUNE,Y,FOLLOW_TEST,KP,0.080,KI,0.320,KD,0.003,STEP,36.0,MAXRPM,8.0,FFG,0.034,FFMAX,4.5,ILIM,12.0,LISCALE,0.18
[14:04:55] TUNE,Y,RESULT,MODE,FOLLOW,KP,0.080,KI,0.320,KD,0.003,SCORE,191.854
[14:04:55] TUNE,FOLLOW,RESULT,MODE,FOLLOW,KP,0.000,KI,0.000,KD,0.000,FFG,0.034,FFMAX,4.5,ILIM,12.0,LISCALE,0.18,SCORE,618.166
[14:04:55] TUNE,X,RECENTER
[14:04:55] TUNE,X,RECENTERED,ERROR,1
[14:04:55] TUNE,X,FOLLOW_TEST,KP,0.145,KI,0.320,KD,0.000,STEP,60.0,MAXRPM,12.0,FFG,0.038,FFMAX,5.0,ILIM,13.0,LISCALE,0.20
[14:05:03] TUNE,X,RESULT,MODE,FOLLOW,KP,0.145,KI,0.320,KD,0.000,SCORE,424.066
[14:05:03] TUNE,Y,RECENTER
[14:05:03] TUNE,Y,RECENTERED,ERROR,-1
[14:05:03] TUNE,Y,FOLLOW_TEST,KP,0.080,KI,0.320,KD,0.003,STEP,36.0,MAXRPM,8.0,FFG,0.038,FFMAX,5.0,ILIM,13.0,LISCALE,0.20
[14:05:11] TUNE,Y,RESULT,MODE,FOLLOW,KP,0.080,KI,0.320,KD,0.003,SCORE,201.769
[14:05:11] TUNE,FOLLOW,RESULT,MODE,FOLLOW,KP,0.000,KI,0.000,KD,0.000,FFG,0.038,FFMAX,5.0,ILIM,13.0,LISCALE,0.20,SCORE,625.836
[14:05:11] TUNE,X,RECENTER
[14:05:11] TUNE,X,RECENTERED,ERROR,-3
[14:05:11] TUNE,X,FOLLOW_TEST,KP,0.145,KI,0.320,KD,0.000,STEP,60.0,MAXRPM,12.0,FFG,0.042,FFMAX,5.0,ILIM,13.0,LISCALE,0.22
[14:05:19] TUNE,X,RESULT,MODE,FOLLOW,KP,0.145,KI,0.320,KD,0.000,SCORE,441.801
[14:05:19] TUNE,Y,RECENTER
[14:05:19] TUNE,Y,RECENTERED,ERROR,-1
[14:05:19] TUNE,Y,FOLLOW_TEST,KP,0.080,KI,0.320,KD,0.003,STEP,36.0,MAXRPM,8.0,FFG,0.042,FFMAX,5.0,ILIM,13.0,LISCALE,0.22
[14:05:26] TUNE,Y,RESULT,MODE,FOLLOW,KP,0.080,KI,0.320,KD,0.003,SCORE,247.442
[14:05:27] TUNE,FOLLOW,RESULT,MODE,FOLLOW,KP,0.000,KI,0.000,KD,0.000,FFG,0.042,FFMAX,5.0,ILIM,13.0,LISCALE,0.22,SCORE,689.243
[14:05:27] TUNE,FOLLOW,FINAL,COUNT,2,REPEATS,2
[14:05:27] TUNE,X,RECENTER
[14:05:27] TUNE,X,RECENTERED,ERROR,0
[14:05:27] TUNE,X,FOLLOW_TEST,KP,0.145,KI,0.320,KD,0.000,STEP,60.0,MAXRPM,12.0,FFG,0.032,FFMAX,4.0,ILIM,12.0,LISCALE,0.15
[14:05:34] TUNE,X,RESULT,MODE,FOLLOW,KP,0.145,KI,0.320,KD,0.000,SCORE,418.413
[14:05:35] TUNE,Y,RECENTER
[14:05:35] TUNE,Y,RECENTERED,ERROR,3
[14:05:35] TUNE,Y,FOLLOW_TEST,KP,0.080,KI,0.320,KD,0.003,STEP,36.0,MAXRPM,8.0,FFG,0.032,FFMAX,4.0,ILIM,12.0,LISCALE,0.15
[14:05:42] TUNE,Y,RESULT,MODE,FOLLOW,KP,0.080,KI,0.320,KD,0.003,SCORE,154.284
[14:05:43] TUNE,FOLLOW,RESULT,MODE,FOLLOW,KP,0.000,KI,0.000,KD,0.000,FFG,0.032,FFMAX,4.0,ILIM,12.0,LISCALE,0.15,SCORE,576.004
[14:05:43] TUNE,X,RECENTER
[14:05:43] TUNE,X,RECENTERED,ERROR,2
[14:05:43] TUNE,X,FOLLOW_TEST,KP,0.145,KI,0.320,KD,0.000,STEP,60.0,MAXRPM,12.0,FFG,0.030,FFMAX,4.0,ILIM,11.0,LISCALE,0.14
[14:05:50] TUNE,X,RESULT,MODE,FOLLOW,KP,0.145,KI,0.320,KD,0.000,SCORE,382.653
[14:05:50] TUNE,Y,RECENTER
[14:05:50] TUNE,Y,RECENTERED,ERROR,1
[14:05:50] TUNE,Y,FOLLOW_TEST,KP,0.080,KI,0.320,KD,0.003,STEP,36.0,MAXRPM,8.0,FFG,0.030,FFMAX,4.0,ILIM,11.0,LISCALE,0.14
[14:05:58] TUNE,Y,RESULT,MODE,FOLLOW,KP,0.080,KI,0.320,KD,0.003,SCORE,178.915
[14:05:58] TUNE,FOLLOW,RESULT,MODE,FOLLOW,KP,0.000,KI,0.000,KD,0.000,FFG,0.030,FFMAX,4.0,ILIM,11.0,LISCALE,0.14,SCORE,585.372
[14:05:58] TUNE,FOLLOW,COMPLETE,FFG,0.032,FFMAX,4.0,ILIM,12.0,LISCALE,0.15,SCORE,576.004,TESTS,2
[14:05:59] TUNE,X,RECENTER
[14:05:59] TUNE,X,RECENTERED,ERROR,-3
[14:05:59] TUNE,X,VERIFY_TEST,KP,0.145,KI,0.320,KD,0.000,STEP,60.0,MAXRPM,12.0,FFG,0.032,FFMAX,4.0,ILIM,12.0,LISCALE,0.15
[14:06:06] TUNE,X,RESULT,MODE,VERIFY,KP,0.145,KI,0.320,KD,0.000,SCORE,417.063
[14:06:07] TUNE,Y,RECENTER
[14:06:07] TUNE,Y,RECENTERED,ERROR,1
[14:06:07] TUNE,Y,VERIFY_TEST,KP,0.080,KI,0.320,KD,0.003,STEP,36.0,MAXRPM,8.0,FFG,0.032,FFMAX,4.0,ILIM,12.0,LISCALE,0.15
[14:06:14] TUNE,Y,RESULT,MODE,VERIFY,KP,0.080,KI,0.320,KD,0.003,SCORE,175.564
[14:06:14] TUNE,XY,FINAL_RECENTER
[14:06:15] TUNE,XY,RECENTERED,XERR,-2,YERR,-2
[14:06:15] OK,TRACK_ON
[14:06:15] AUTOTUNE_COMPLETE,XKP,0.145,XKI,0.320,XKD,0.000,XPOL,1,XSCORE,417.063,YKP,0.080,YKI,0.320,YKD,0.003,YPOL,1,YSCORE,175.564,FFG,0.032,FFMAX,4.0,ILIM,12.0,LISCALE,0.15,FSCORE,576.004
[14:06:15] 最佳参数已保存：F:\k230gc\pidtest\host\logs\20260707_134413\best_params.json
[14:06:15] 旧冠军使用旧评分体系；本轮已建立首个完整PID冠军
[14:07:29] TX > STOP
[14:07:29] OK,STOP
[14:07:30] TX > STOP
[14:07:30] OK,STOP
[14:07:30] TX > STOP
[14:07:30] OK,STOP
[14:07:30] TX > STOP
[14:07:30] OK,STOP
[14:07:42] SERIAL_ERROR,GetOverlappedResult failed (PermissionError(13, '拒绝访问。', None, 5))
[14:07:42] SERIAL_ERROR,ClearCommError failed (PermissionError(13, '拒绝访问。', None, 5))
[14:07:42] SERIAL_ERROR,ClearCommError failed (PermissionError(13, '拒绝访问。', None, 5))
[14:07:42] SERIAL_ERROR,ClearCommError failed (PermissionError(13, '拒绝访问。', None, 5))
[14:07:42] SERIAL_ERROR,ClearCommError failed (PermissionError(13, '拒绝访问。', None, 5))
[14:07:43] SERIAL_ERROR,ClearCommError failed (PermissionError(13, '拒绝访问。', None, 5))
[14:07:43] SERIAL_ERROR,ClearCommError failed (PermissionError(13, '拒绝访问。', None, 5))
[14:07:43] SERIAL_ERROR,ClearCommError failed (PermissionError(13, '拒绝访问。', None, 5))
[14:07:43] SERIAL_ERROR,ClearCommError failed (PermissionError(13, '拒绝访问。', None, 5))
[14:07:43] SERIAL_ERROR,ClearCommError failed (PermissionError(13, '拒绝访问。', None, 5))
[14:07:44] SERIAL_ERROR,ClearCommError failed (PermissionError(13, '拒绝访问。', None, 5))
[14:07:44] SERIAL_ERROR,ClearCommError failed (PermissionError(13, '拒绝访问。', None, 5))
[14:07:44] SERIAL_ERROR,ClearCommError failed (PermissionError(13, '拒绝访问。', None, 5))
[14:07:44] SERIAL_ERROR,ClearCommError failed (PermissionError(13, '拒绝访问。', None, 5))
[14:07:44] SERIAL_ERROR,ClearCommError failed (PermissionError(13, '拒绝访问。', None, 5))
[14:07:45] SERIAL_ERROR,ClearCommError failed (PermissionError(13, '拒绝访问。', None, 5))
[14:07:45] SERIAL_ERROR,ClearCommError failed (PermissionError(13, '拒绝访问。', None, 5))
[14:07:45] SERIAL_ERROR,ClearCommError failed (PermissionError(13, '拒绝访问。', None, 5))
[14:07:45] SERIAL_ERROR,ClearCommError failed (PermissionError(13, '拒绝访问。', None, 5))
[14:07:45] SERIAL_ERROR,ClearCommError failed (PermissionError(13, '拒绝访问。', None, 5))
[14:07:46] SERIAL_ERROR,ClearCommError failed (PermissionError(13, '拒绝访问。', None, 5))
[14:07:46] SERIAL_ERROR,ClearCommError failed (PermissionError(13, '拒绝访问。', None, 5))
[14:07:46] SERIAL_ERROR,ClearCommError failed (PermissionError(13, '拒绝访问。', None, 5))
[14:07:46] SERIAL_ERROR,ClearCommError failed (PermissionError(13, '拒绝访问。', None, 5))
[14:07:46] SERIAL_ERROR,ClearCommError failed (PermissionError(13, '拒绝访问。', None, 5))
[14:07:47] SERIAL_ERROR,ClearCommError failed (PermissionError(13, '拒绝访问。', None, 5))
[14:07:47] SERIAL_ERROR,ClearCommError failed (PermissionError(13, '拒绝访问。', None, 5))
[14:07:47] SERIAL_ERROR,ClearCommError failed (PermissionError(13, '拒绝访问。', None, 5))
[14:07:47] SERIAL_ERROR,ClearCommError failed (PermissionError(13, '拒绝访问。', None, 5))
[14:07:47] SERIAL_ERROR,ClearCommError failed (PermissionError(13, '拒绝访问。', None, 5))
[14:07:48] SERIAL_ERROR,ClearCommError failed (PermissionError(13, '拒绝访问。', None, 5))
[14:07:48] SERIAL_ERROR,ClearCommError failed (PermissionError(13, '拒绝访问。', None, 5))
[14:07:48] SERIAL_ERROR,ClearCommError failed (PermissionError(13, '拒绝访问。', None, 5))
[14:07:48] SERIAL_ERROR,ClearCommError failed (PermissionError(13, '拒绝访问。', None, 5))
[14:07:48] SERIAL_ERROR,ClearCommError failed (PermissionError(13, '拒绝访问。', None, 5))
[14:07:49] SERIAL_ERROR,ClearCommError failed (PermissionError(13, '拒绝访问。', None, 5))
[14:07:49] SERIAL_ERROR,ClearCommError failed (PermissionError(13, '拒绝访问。', None, 5))
[14:07:49] SERIAL_ERROR,ClearCommError failed (PermissionError(13, '拒绝访问。', None, 5))
[14:07:49] SERIAL_ERROR,ClearCommError failed (PermissionError(13, '拒绝访问。', None, 5))
[14:07:49] SERIAL_ERROR,ClearCommError failed (PermissionError(13, '拒绝访问。', None, 5))
[14:07:50] SERIAL_ERROR,ClearCommError failed (PermissionError(13, '拒绝访问。', None, 5))
[14:07:50] SERIAL_ERROR,ClearCommError failed (PermissionError(13, '拒绝访问。', None, 5))
[14:07:50] SERIAL_ERROR,ClearCommError failed (PermissionError(13, '拒绝访问。', None, 5))
[14:07:50] SERIAL_ERROR,ClearCommError failed (PermissionError(13, '拒绝访问。', None, 5))
[14:07:50] SERIAL_ERROR,ClearCommError failed (PermissionError(13, '拒绝访问。', None, 5))
[14:07:51] SERIAL_ERROR,ClearCommError failed (PermissionError(13, '拒绝访问。', None, 5))
[14:07:51] SERIAL_ERROR,ClearCommError failed (PermissionError(13, '拒绝访问。', None, 5))
[14:07:51] SERIAL_ERROR,ClearCommError failed (PermissionError(13, '拒绝访问。', None, 5))
[14:07:51] SERIAL_ERROR,ClearCommError failed (PermissionError(13, '拒绝访问。', None, 5))
[14:07:51] SERIAL_ERROR,ClearCommError failed (PermissionError(13, '拒绝访问。', None, 5))
[14:07:52] SERIAL_ERROR,ClearCommError failed (PermissionError(13, '拒绝访问。', None, 5))
[14:07:52] SERIAL_ERROR,ClearCommError failed (PermissionError(13, '拒绝访问。', None, 5))
[14:07:52] SERIAL_ERROR,ClearCommError failed (PermissionError(13, '拒绝访问。', None, 5))
[14:07:52] SERIAL_ERROR,ClearCommError failed (PermissionError(13, '拒绝访问。', None, 5))
[14:07:52] SERIAL_ERROR,ClearCommError failed (PermissionError(13, '拒绝访问。', None, 5))
[14:07:53] SERIAL_ERROR,ClearCommError failed (PermissionError(13, '拒绝访问。', None, 5))
[14:07:53] SERIAL_ERROR,ClearCommError failed (PermissionError(13, '拒绝访问。', None, 5))
[14:07:53] SERIAL_ERROR,ClearCommError failed (PermissionError(13, '拒绝访问。', None, 5))
[14:07:53] SERIAL_ERROR,ClearCommError failed (PermissionError(13, '拒绝访问。', None, 5))
[14:07:53] SERIAL_ERROR,ClearCommError failed (PermissionError(13, '拒绝访问。', None, 5))
[14:07:54] SERIAL_ERROR,ClearCommError failed (PermissionError(13, '拒绝访问。', None, 5))
[14:07:54] SERIAL_ERROR,ClearCommError failed (PermissionError(13, '拒绝访问。', None, 5))
[14:07:54] SERIAL_ERROR,ClearCommError failed (PermissionError(13, '拒绝访问。', None, 5))
[14:07:54] SERIAL_ERROR,ClearCommError failed (PermissionError(13, '拒绝访问。', None, 5))
[14:07:54] SERIAL_ERROR,ClearCommError failed (PermissionError(13, '拒绝访问。', None, 5))
[14:07:55] SERIAL_ERROR,ClearCommError failed (PermissionError(13, '拒绝访问。', None, 5))
[14:07:55] SERIAL_ERROR,ClearCommError failed (PermissionError(13, '拒绝访问。', None, 5))
[14:07:55] SERIAL_ERROR,ClearCommError failed (PermissionError(13, '拒绝访问。', None, 5))
[14:07:55] SERIAL_ERROR,ClearCommError failed (PermissionError(13, '拒绝访问。', None, 5))
[14:07:55] SERIAL_ERROR,ClearCommError failed (PermissionError(13, '拒绝访问。', None, 5))
[14:07:56] SERIAL_ERROR,ClearCommError failed (PermissionError(13, '拒绝访问。', None, 5))
[14:07:56] SERIAL_ERROR,ClearCommError failed (PermissionError(13, '拒绝访问。', None, 5))
[14:07:56] SERIAL_ERROR,ClearCommError failed (PermissionError(13, '拒绝访问。', None, 5))
[14:07:56] SERIAL_ERROR,ClearCommError failed (PermissionError(13, '拒绝访问。', None, 5))
[14:07:56] SERIAL_ERROR,ClearCommError failed (PermissionError(13, '拒绝访问。', None, 5))
[14:07:57] SERIAL_ERROR,ClearCommError failed (PermissionError(13, '拒绝访问。', None, 5))
[14:07:57] SERIAL_ERROR,ClearCommError failed (PermissionError(13, '拒绝访问。', None, 5))
