2026-07-18T12:08:34.453 TX HELLO 147766725
2026-07-18T12:08:34.593 RX HELLO,147766725,2,STBY,HIGH,ENCODER_MM_X1000,580,SAMPLE_MS,10
2026-07-18T12:08:34.593 TX STOP
2026-07-18T12:08:34.722 RX OK STOP
2026-07-18T12:08:34.722 TX PARAM
2026-07-18T12:08:34.883 RX PARAM,x1000,PROFILE,1,FLASHVER,3,GUARDVER,22,LKP,350,LKI,100,RKP,500,RKI,350,LFF,540,RFF,520,LMIN,90,RMIN,85,SYNC,500,BIAS,80,GSTART,10,LINEKP,8250,LINEKD,2250,TURNANGLE,900,TURNFAST,165,TURNSLOW,110,TURNMARGIN,180,TURNEXIT,140,TURNDIST,98
2026-07-18T12:08:34.883 TX STATUS
2026-07-18T12:08:35.013 RX STATUS,34859,IDLE,0,0,0,0,0,0,SAFE,SELECTED_LAPS,1,STBY,HIGH
2026-07-18T12:08:35.013 TX SENSOR
2026-07-18T12:08:35.130 RX SENSOR,OK,24,0,93,0,24
2026-07-18T12:08:35.131 TX SENSOR
2026-07-18T12:08:35.264 RX SENSOR,OK,24,0,93,0,24
2026-07-18T12:08:35.264 TX SENSOR
2026-07-18T12:08:35.394 RX SENSOR,OK,24,0,93,0,24
2026-07-18T12:08:35.394 TX SENSOR
2026-07-18T12:08:35.523 RX SENSOR,OK,24,0,93,0,24
2026-07-18T12:08:35.523 TX SENSOR
2026-07-18T12:08:35.652 RX SENSOR,OK,24,0,93,0,24
2026-07-18T12:08:35.652 TX IMU
2026-07-18T12:08:35.774 RX IMU,OK,-821,2905,53,VER,1,1,0,0
2026-07-18T12:08:35.774 TX STREAM TUNE
2026-07-18T12:08:35.894 RX OK STREAM TUNE
2026-07-18T12:08:35.894 TX SQUARE 120 3 147766726
2026-07-18T12:08:36.063 RX TEST START,SQUARE,120,3
2026-07-18T12:08:36.063 RX SQ,147766726,OK
2026-07-18T12:08:36.063 RX LT,20,2,2,0,0,0,24,1,0,0,0,0
2026-07-18T12:08:36.063 RX LT,40,4,4,0,43,0,24,1,0,0,0,0
2026-07-18T12:08:36.063 RX LT,60,6,6,10,13,0,24,1,-1,0,0,0
2026-07-18T12:08:36.063 RX LT,80,9,9,0,0,0,24,1,0,0,0,0
2026-07-18T12:08:36.063 RX LT,100,11,11,43,10,0,24,1,-1,0,0,0
2026-07-18T12:08:36.063 RX LT,120,14,14,2,0,0,24,1,-1,0,0,0
2026-07-18T12:08:36.232 RX LT,140,16,16,0,0,0,24,1,0,0,0,0
2026-07-18T12:08:36.232 RX LT,160,18,18,0,10,0,24,1,0,0,0,0
2026-07-18T12:08:36.232 RX LT,180,21,21,0,0,0,24,1,0,0,0,0
2026-07-18T12:08:36.232 RX LT,200,23,23,0,0,0,24,1,1,0,0,0
2026-07-18T12:08:36.232 RX LT,220,26,26,0,0,0,24,1,1,0,0,0
2026-07-18T12:08:36.232 RX LT,240,28,28,0,0,0,24,1,1,0,0,0
2026-07-18T12:08:36.232 RX LT,260,30,30,0,0,0,24,1,2,0,0,0
2026-07-18T12:08:36.232 RX LT,280,33,33,10,0,0,24,1,2,0,0,0
2026-07-18T12:08:36.373 RX LT,300,35,35,0,0,0,24,1,2,0,0,0
2026-07-18T12:08:36.373 RX LT,320,38,38,0,0,0,24,1,2,0,0,0
2026-07-18T12:08:36.373 RX LT,340,40,40,0,10,0,24,1,2,0,0,0
2026-07-18T12:08:36.373 RX LT,360,42,42,0,0,0,24,1,2,0,0,0
2026-07-18T12:08:36.373 RX LT,380,45,45,0,0,0,24,1,2,0,0,0
2026-07-18T12:08:36.373 RX LT,400,47,47,0,0,0,24,1,2,0,0,0
2026-07-18T12:08:36.388 RX LT,420,50,50,43,0,0,24,1,2,0,0,0
2026-07-18T12:08:36.389 RX LT,440,52,52,2,0,0,24,1,2,0,0,0
2026-07-18T12:08:36.552 RX LT,460,54,54,43,43,0,24,1,1,0,0,0
2026-07-18T12:08:36.552 RX LT,480,57,57,2,2,0,24,1,1,0,0,0
2026-07-18T12:08:36.552 RX LT,500,59,59,43,11,0,24,1,1,0,0,0
2026-07-18T12:08:36.552 RX LT,520,62,62,2,44,0,24,1,1,0,0,0
2026-07-18T12:08:36.552 RX LT,540,64,64,11,46,0,24,1,1,0,0,0
2026-07-18T12:08:36.552 RX LT,560,66,66,44,2,0,24,1,2,0,0,0
2026-07-18T12:08:36.552 RX LT,580,69,69,46,54,0,24,1,2,0,0,0
2026-07-18T12:08:36.692 RX LT,600,71,71,2,46,0,24,1,3,0,0,0
2026-07-18T12:08:36.692 RX LT,620,74,74,11,46,0,24,1,3,0,0,0
2026-07-18T12:08:36.692 RX LT,640,76,76,11,46,0,24,1,3,0,0,0
2026-07-18T12:08:36.692 RX LT,660,78,78,11,46,0,24,1,3,0,0,0
2026-07-18T12:08:36.692 RX LT,680,81,81,55,57,0,24,1,4,0,0,0
2026-07-18T12:08:36.692 RX LT,700,83,83,46,47,0,24,1,4,0,0,0
2026-07-18T12:08:36.692 RX LT,720,86,86,13,57,0,24,1,4,0,0,0
2026-07-18T12:08:36.846 RX LT,740,88,88,55,90,0,24,1,4,0,0,0
2026-07-18T12:08:36.846 RX LT,760,90,90,57,49,0,24,1,4,0,0,0
2026-07-18T12:08:36.846 RX LT,780,93,93,47,68,0,24,1,4,0,0,0
2026-07-18T12:08:36.846 RX LT,800,95,95,13,58,0,24,1,6,0,0,0
2026-07-18T12:08:36.848 RX LT,820,98,98,55,68,0,24,1,8,0,0,0
2026-07-18T12:08:36.848 RX LT,840,100,100,46,69,0,24,1,10,0,0,0
2026-07-18T12:08:36.848 RX LT,860,102,102,13,113,0,24,1,13,0,0,0
2026-07-18T12:08:36.994 RX LT,880,115,95,55,72,2,16,1,17,0,0,0
2026-07-18T12:08:36.994 RX LT,900,119,95,14,113,2,16,1,20,0,0,0
2026-07-18T12:08:36.994 RX LT,920,122,98,55,115,2,16,1,26,0,0,0
2026-07-18T12:08:36.995 RX LT,940,124,100,57,159,2,16,1,30,0,0,0
2026-07-18T12:08:36.995 RX LT,960,134,94,57,118,6,48,1,34,0,0,0
2026-07-18T12:08:36.995 RX LT,980,153,81,101,116,6,48,1,37,0,0,0
2026-07-18T12:08:36.995 RX LT,1000,166,72,60,159,6,48,1,39,0,0,0
2026-07-18T12:08:37.114 RX LT,1020,167,73,69,118,6,48,1,41,0,0,0
2026-07-18T12:08:37.114 RX LT,1040,167,73,113,148,6,48,1,42,0,0,0
2026-07-18T12:08:37.114 RX LT,1060,167,73,104,118,6,48,1,42,0,0,0
2026-07-18T12:08:37.114 RX LT,1080,167,73,115,116,6,48,1,42,0,0,0
2026-07-18T12:08:37.114 RX LT,1100,167,73,115,159,6,48,1,42,0,0,0
2026-07-18T12:08:37.114 RX LT,1120,167,73,115,118,6,48,1,41,0,0,0
2026-07-18T12:08:37.266 RX LT,1140,167,73,115,159,6,48,1,40,0,0,0
2026-07-18T12:08:37.266 RX LT,1160,167,73,159,118,6,48,1,38,0,0,0
2026-07-18T12:08:37.266 RX LT,1180,167,73,118,127,6,48,1,36,0,0,0
2026-07-18T12:08:37.266 RX LT,1200,167,73,127,160,6,48,1,35,0,0,0
2026-07-18T12:08:37.268 RX LT,1220,167,73,127,118,6,48,1,33,0,0,0
2026-07-18T12:08:37.268 RX LT,1240,167,73,127,127,6,48,1,31,0,0,0
2026-07-18T12:08:37.268 RX LT,1260,167,73,127,127,6,48,1,29,0,0,0
2026-07-18T12:08:37.383 RX LT,1280,167,73,171,127,6,48,1,27,0,0,0
2026-07-18T12:08:37.383 RX LT,1300,167,73,162,127,6,48,1,25,0,0,0
2026-07-18T12:08:37.383 RX LT,1320,167,73,129,127,6,48,1,23,0,0,0
2026-07-18T12:08:37.383 RX LT,1340,167,73,171,127,6,48,1,21,0,0,0
2026-07-18T12:08:37.383 RX LT,1360,167,73,130,160,6,48,1,17,0,0,0
2026-07-18T12:08:37.383 RX LT,1380,167,73,171,162,6,48,1,14,0,0,0
2026-07-18T12:08:37.537 RX LT,1400,167,73,173,118,6,48,1,11,0,0,0
2026-07-18T12:08:37.537 RX LT,1420,167,73,130,127,6,48,1,8,0,0,0
2026-07-18T12:08:37.539 RX LT,1440,167,73,171,160,6,48,1,6,0,0,0
2026-07-18T12:08:37.539 RX LT,1460,167,73,173,118,6,48,1,2,0,0,0
2026-07-18T12:08:37.539 RX LT,1480,167,73,173,127,6,48,1,-1,0,0,0
2026-07-18T12:08:37.539 RX LT,1500,167,73,184,127,6,48,1,-4,0,0,0
2026-07-18T12:08:37.539 RX LT,1520,167,73,174,160,6,48,1,-8,0,0,0
2026-07-18T12:08:37.662 RX LT,1540,167,73,217,162,6,48,1,-11,0,0,0
2026-07-18T12:08:37.662 RX LT,1560,167,73,176,118,6,48,1,-15,0,0,0
2026-07-18T12:08:37.662 RX LT,1580,167,73,185,159,6,48,1,-20,0,0,0
2026-07-18T12:08:37.662 RX LT,1600,167,73,218,118,6,48,1,-24,0,0,0
2026-07-18T12:08:37.662 RX LT,1620,167,73,220,127,6,48,1,-29,0,0,0
2026-07-18T12:08:37.662 RX LT,1640,167,73,176,116,6,48,1,-33,0,0,0
2026-07-18T12:08:37.790 RX LT,1660,167,73,185,126,6,48,1,-38,0,0,0
2026-07-18T12:08:37.790 RX LT,1680,167,73,185,160,6,48,1,-43,0,0,0
2026-07-18T12:08:37.790 RX LT,1700,167,73,185,118,6,48,1,-47,0,0,0
2026-07-18T12:08:37.790 RX LT,1720,167,73,185,127,6,48,1,-52,0,0,0
2026-07-18T12:08:37.790 RX LT,1740,167,73,185,116,6,48,1,-54,0,0,0
2026-07-18T12:08:37.790 RX LT,1760,167,73,185,159,6,48,1,-60,0,0,0
2026-07-18T12:08:37.919 RX LT,1780,167,73,229,118,6,48,1,-68,0,0,0
2026-07-18T12:08:37.919 RX LT,1800,167,73,220,116,6,48,1,-73,0,0,0
2026-07-18T12:08:37.919 RX LT,1820,167,73,176,126,6,48,1,-78,0,0,0
2026-07-18T12:08:37.919 RX LT,1840,167,73,185,116,6,48,1,-82,0,0,0
2026-07-18T12:08:37.919 RX LT,1860,167,73,185,116,6,48,1,-87,0,0,0
2026-07-18T12:08:37.919 RX LT,1880,167,73,185,116,6,48,1,-91,0,0,0
2026-07-18T12:08:38.044 RX LT,1900,167,73,185,116,6,48,1,-96,0,0,0
2026-07-18T12:08:38.044 RX LT,1920,167,73,218,116,6,48,1,-99,0,0,0
2026-07-18T12:08:38.044 RX LT,1940,157,83,220,116,2,16,1,-103,0,0,0
2026-07-18T12:08:38.044 RX LT,1960,137,103,187,159,2,16,1,-108,0,0,0
2026-07-18T12:08:38.044 RX LT,1980,132,108,218,118,2,16,1,-112,0,0,0
2026-07-18T12:08:38.044 RX LT,2000,120,120,176,116,0,24,1,-118,0,0,0
2026-07-18T12:08:38.162 RX LT,2020,120,120,185,116,0,24,1,-123,0,0,0
2026-07-18T12:08:38.162 RX LT,2040,120,120,218,126,0,24,1,-126,0,0,0
2026-07-18T12:08:38.162 RX LT,2060,120,120,176,116,0,24,1,-128,0,0,0
2026-07-18T12:08:38.162 RX LT,2080,120,120,217,126,0,24,1,-130,0,0,0
2026-07-18T12:08:38.162 RX LT,2100,120,120,176,160,0,24,1,-132,0,0,0
2026-07-18T12:08:38.162 RX LT,2120,120,120,174,162,0,24,1,-133,0,0,0
2026-07-18T12:08:38.295 RX LT,2140,120,120,217,162,0,24,1,-134,0,0,0
2026-07-18T12:08:38.295 RX LT,2160,120,120,176,118,0,24,1,-136,0,0,0
2026-07-18T12:08:38.295 RX LT,2180,102,138,174,127,-6,12,1,-138,0,0,0
2026-07-18T12:08:38.295 RX LT,2200,86,154,174,127,-6,12,1,-139,0,0,0
2026-07-18T12:08:38.295 RX LT,2220,73,167,174,171,-6,12,1,-140,0,0,0
2026-07-18T12:08:38.295 RX LT,2240,73,167,174,162,-6,12,1,-140,0,0,0
2026-07-18T12:08:38.416 RX LT,2260,73,167,163,173,-6,12,1,-140,0,0,0
2026-07-18T12:08:38.416 RX LT,2280,73,167,173,173,-6,12,1,-139,0,0,0
2026-07-18T12:08:38.416 RX LT,2300,73,167,163,173,-6,12,1,-138,0,0,0
2026-07-18T12:08:38.416 RX LT,2320,73,167,173,206,-6,12,1,-137,0,0,0
2026-07-18T12:08:38.416 RX LT,2340,73,167,130,176,-6,12,1,-135,0,0,0
2026-07-18T12:08:38.416 RX LT,2360,73,167,171,174,-6,12,1,-132,0,0,0
2026-07-18T12:08:38.554 RX LT,2380,73,167,162,174,-6,12,1,-130,0,0,0
2026-07-18T12:08:38.554 RX LT,2400,73,167,173,184,-6,12,1,-127,0,0,0
2026-07-18T12:08:38.554 RX LT,2420,73,167,163,218,-6,12,1,-124,0,0,0
2026-07-18T12:08:38.556 RX LT,2440,57,171,129,176,-11,4,1,-119,0,0,0
2026-07-18T12:08:38.556 RX LT,2468,57,171,162,174,-11,4,1,-114,0,0,0
2026-07-18T12:08:38.556 RX LT,2488,57,171,151,261,-11,4,1,-113,0,0,0
2026-07-18T12:08:38.672 RX LT,2508,57,171,161,179,-11,4,1,-109,0,0,0
2026-07-18T12:08:38.672 RX LT,2528,57,171,118,217,-11,4,1,-106,0,0,0
2026-07-18T12:08:38.672 RX LT,2548,57,171,127,187,-11,4,1,-100,0,0,0
2026-07-18T12:08:38.672 RX LT,2568,57,171,127,185,-11,4,1,-97,0,0,0
2026-07-18T12:08:38.672 RX LT,2588,57,171,160,218,-11,4,1,-93,0,0,0
2026-07-18T12:08:38.682 RX LT,2608,57,171,118,187,-11,4,1,-89,0,0,0
2026-07-18T12:08:38.803 RX LT,2628,57,171,127,185,-11,4,1,-84,0,0,0
2026-07-18T12:08:38.803 RX LT,2648,57,171,160,185,-11,4,1,-79,0,0,0
2026-07-18T12:08:38.803 RX LT,2668,57,171,118,185,-11,4,1,-74,0,0,0
2026-07-18T12:08:38.803 RX LT,2688,57,171,116,229,-11,4,1,-69,0,0,0
2026-07-18T12:08:38.803 RX LT,2708,57,171,116,220,-11,4,1,-64,0,0,0
2026-07-18T12:08:38.803 RX LT,2728,57,171,116,187,-11,4,1,-59,0,0,0
2026-07-18T12:08:38.933 RX LT,2748,57,171,116,229,-11,4,1,-54,0,0,0
2026-07-18T12:08:38.933 RX LT,2768,57,171,116,220,-11,4,1,-46,0,0,0
2026-07-18T12:08:38.933 RX LT,2788,57,171,72,220,-11,4,1,-41,0,0,0
2026-07-18T12:08:38.933 RX LT,2808,57,171,113,220,-11,4,1,-36,0,0,0
2026-07-18T12:08:38.934 RX LT,2828,73,167,115,187,-6,12,1,-31,0,0,0
2026-07-18T12:08:38.934 RX LT,2848,73,167,105,185,-6,12,1,-26,0,0,0
2026-07-18T12:08:39.078 RX LT,2868,73,167,115,229,-6,12,1,-21,0,0,0
2026-07-18T12:08:39.079 RX LT,2888,73,167,72,177,-6,12,1,-17,0,0,0
2026-07-18T12:08:39.079 RX LT,2908,73,167,113,185,-6,12,1,-12,0,0,0
2026-07-18T12:08:39.079 RX LT,2928,73,167,72,185,-6,12,1,-8,0,0,0
2026-07-18T12:08:39.079 RX LT,2948,73,167,113,185,-6,12,1,-3,0,0,0
2026-07-18T12:08:39.079 RX LT,2968,73,167,115,185,-6,12,1,3,0,0,0
2026-07-18T12:08:39.079 RX LT,2988,73,167,105,185,-6,12,1,6,0,0,0
2026-07-18T12:08:39.210 RX LT,3008,73,167,115,185,-6,12,1,10,0,0,0
2026-07-18T12:08:39.210 RX LT,3028,83,157,105,185,-2,8,1,14,0,0,0
2026-07-18T12:08:39.210 RX LT,3053,93,147,113,220,-2,8,1,20,0,0,0
2026-07-18T12:08:39.210 RX LT,3073,113,127,137,220,0,24,1,23,0,0,0
2026-07-18T12:08:39.210 RX LT,3093,120,120,117,133,0,24,1,27,0,0,0
2026-07-18T12:08:39.210 RX LT,3113,120,120,116,182,0,24,1,29,0,0,0
2026-07-18T12:08:39.334 RX LT,3133,120,120,116,185,0,24,1,31,0,0,0
2026-07-18T12:08:39.334 RX LT,3153,120,120,105,131,0,24,1,32,0,0,0
2026-07-18T12:08:39.334 TX SET LINEKD 2150 147766727
2026-07-18T12:08:39.334 RX LT,3173,120,120,115,214,0,24,1,34,0,0,0
2026-07-18T12:08:39.334 RX LT,3193,120,120,115,133,0,24,1,35,0,0,0
2026-07-18T12:08:39.334 RX LT,3213,130,110,72,214,2,16,1,36,0,0,0
2026-07-18T12:08:39.334 RX LT,3233,132,108,113,165,2,16,1,37,0,0,0
2026-07-18T12:08:39.461 RX LT,3253,140,100,115,173,6,48,1,38,0,0,0
2026-07-18T12:08:39.461 RX LT,3273,156,84,115,163,6,48,1,37,0,0,0
2026-07-18T12:08:39.463 RX SA,147766727,LINEKD,2150
2026-07-18T12:08:39.463 RX LT,3293,128,112,115,162,6,48,1,36,0,0,0
2026-07-18T12:08:39.463 RX LT,3313,144,96,115,118,6,48,1,35,0,0,0
2026-07-18T12:08:39.463 RX LT,3333,160,80,115,170,6,48,1,34,0,0,0
2026-07-18T12:08:39.463 RX LT,3353,167,73,126,119,6,48,1,33,0,0,0
2026-07-18T12:08:39.590 RX LT,3373,167,73,116,127,6,48,1,31,0,0,0
2026-07-18T12:08:39.590 RX LT,3393,167,73,126,160,6,48,1,28,0,0,0
2026-07-18T12:08:39.590 RX LT,3413,167,73,160,118,6,48,1,25,0,0,0
2026-07-18T12:08:39.590 RX LT,3433,167,73,162,116,6,48,1,21,0,0,0
2026-07-18T12:08:39.590 RX LT,3453,167,73,162,116,6,48,1,16,0,0,0
2026-07-18T12:08:39.590 RX LT,3473,167,73,162,116,6,48,1,12,0,0,0
2026-07-18T12:08:39.734 RX LT,3493,167,73,129,116,6,48,1,7,0,0,0
2026-07-18T12:08:39.735 RX LT,3513,167,73,171,116,6,48,1,-1,0,0,0
2026-07-18T12:08:39.735 RX LT,3533,167,73,130,116,6,48,1,-6,0,0,0
2026-07-18T12:08:39.735 RX LT,3553,167,73,171,116,6,48,1,-12,0,0,0
2026-07-18T12:08:39.735 RX LT,3573,171,57,173,116,11,32,1,-17,0,0,0
2026-07-18T12:08:39.735 RX LT,3593,171,57,173,116,11,32,1,-22,0,0,0
2026-07-18T12:08:39.735 RX LT,3613,171,57,173,105,11,32,1,-29,0,0,0
2026-07-18T12:08:39.853 RX LT,3633,171,57,173,115,11,32,1,-35,0,0,0
2026-07-18T12:08:39.853 RX LT,3653,171,57,173,105,11,32,1,-41,0,0,0
2026-07-18T12:08:39.853 RX LT,3673,171,57,173,71,11,32,1,-48,0,0,0
2026-07-18T12:08:39.853 RX LT,3693,171,57,184,113,11,32,1,-55,0,0,0
2026-07-18T12:08:39.853 RX LT,3713,171,57,174,72,11,32,1,-62,0,0,0
2026-07-18T12:08:39.853 RX LT,3733,171,57,217,69,11,32,1,-72,0,0,0
2026-07-18T12:08:39.984 RX LT,3753,171,57,176,113,11,32,1,-79,0,0,0
2026-07-18T12:08:39.984 RX LT,3773,171,57,185,104,11,32,1,-83,0,0,0
2026-07-18T12:08:39.984 RX LT,3793,171,57,218,104,11,32,1,-87,0,0,0
2026-07-18T12:08:39.984 RX LT,3813,167,73,176,71,6,48,1,-95,0,0,0
2026-07-18T12:08:39.984 RX LT,3833,167,73,392,191,6,48,1,-107,0,0,0
2026-07-18T12:08:39.984 RX LT,3853,167,73,187,109,6,48,1,-114,0,0,0
2026-07-18T12:08:40.103 RX LT,3873,167,73,218,61,6,48,1,-122,0,0,0
2026-07-18T12:08:40.103 RX LT,3893,167,73,176,69,6,48,1,-129,0,0,0
2026-07-18T12:08:40.103 RX LT,3913,167,73,185,69,6,48,1,-136,0,0,0
2026-07-18T12:08:40.103 RX LT,3933,167,73,218,102,6,48,1,-143,0,0,0
2026-07-18T12:08:40.103 RX LT,3953,167,73,176,104,6,48,1,-150,0,0,0
2026-07-18T12:08:40.103 RX LT,3973,167,73,185,60,6,48,1,-156,0,0,0
2026-07-18T12:08:40.241 RX LT,3993,167,73,174,69,6,48,1,-162,0,0,0
2026-07-18T12:08:40.241 RX LT,4013,167,73,184,102,6,48,1,-169,0,0,0
2026-07-18T12:08:40.241 RX LT,4033,167,73,218,104,6,48,1,-175,0,0,0
2026-07-18T12:08:40.241 RX LT,4053,167,73,187,71,6,48,1,-181,0,0,0
2026-07-18T12:08:40.241 RX LT,4073,167,73,218,102,6,48,1,-190,0,0,0
2026-07-18T12:08:40.241 RX LT,4093,157,83,220,104,3,56,1,-196,0,0,0
2026-07-18T12:08:40.366 RX LT,4113,147,93,220,60,3,56,1,-199,0,0,0
2026-07-18T12:08:40.366 RX LT,4133,127,113,176,69,0,24,1,-205,0,0,0
2026-07-18T12:08:40.366 RX LT,4153,120,120,217,113,0,24,1,-210,0,0,0
2026-07-18T12:08:40.366 RX LT,4173,120,120,176,104,0,24,1,-215,0,0,0
2026-07-18T12:08:40.367 RX LT,4193,120,120,217,104,0,24,1,-219,0,0,0
2026-07-18T12:08:40.367 RX LT,4213,120,120,176,71,0,24,1,-223,0,0,0
2026-07-18T12:08:40.484 RX LT,4233,120,120,174,113,0,24,1,-227,0,0,0
2026-07-18T12:08:40.484 RX LT,4253,120,120,174,72,0,24,1,-229,0,0,0
2026-07-18T12:08:40.493 RX LT,4273,110,130,174,113,-2,8,1,-232,0,0,0
2026-07-18T12:08:40.493 RX LT,4293,108,132,163,115,-2,8,1,-235,0,0,0
2026-07-18T12:08:40.493 RX LT,4313,92,148,173,115,-6,12,1,-236,0,0,0
2026-07-18T12:08:40.494 RX LT,4333,76,164,130,115,-6,12,1,-238,0,0,0
2026-07-18T12:08:40.614 RX LT,4353,73,167,171,115,-6,12,1,-239,0,0,0
2026-07-18T12:08:40.614 RX LT,4373,73,167,130,159,-6,12,1,-239,0,0,0
2026-07-18T12:08:40.614 RX LT,4393,73,167,127,118,-6,12,1,-238,0,0,0
2026-07-18T12:08:40.614 RX LT,4413,73,167,171,127,-6,12,1,-237,0,0,0
2026-07-18T12:08:40.614 RX LT,4433,73,167,162,127,-6,12,1,-235,0,0,0
2026-07-18T12:08:40.623 RX LT,4453,73,167,162,160,-6,12,1,-234,0,0,0
2026-07-18T12:08:40.741 RX LT,4473,57,171,129,173,-11,4,1,-232,0,0,0
2026-07-18T12:08:40.742 RX LT,4493,57,171,160,163,-11,4,1,-229,0,0,0
2026-07-18T12:08:40.742 RX LT,4513,57,171,118,129,-11,4,1,-225,0,0,0
2026-07-18T12:08:40.742 RX LT,4533,29,171,127,171,-18,6,1,-224,0,0,0
2026-07-18T12:08:40.742 RX LT,4553,29,171,116,173,-18,6,1,-220,0,0,0
2026-07-18T12:08:40.742 RX LT,4573,29,171,116,130,-18,6,1,-217,0,0,0
2026-07-18T12:08:40.743 TX SET LINEKD 2250 147766728
2026-07-18T12:08:40.868 RX LT,4593,29,171,116,171,-18,6,1,-213,0,0,0
2026-07-18T12:08:40.868 RX LT,4613,29,171,116,173,-18,6,1,-209,0,0,0
2026-07-18T12:08:40.868 RX SA,147766728,LINEKD,2250
2026-07-18T12:08:40.868 RX LT,4633,82,118,116,173,-18,6,1,-205,0,0,0
2026-07-18T12:08:40.870 RX LT,4653,46,154,116,130,-18,6,1,-200,0,0,0
2026-07-18T12:08:40.870 RX LT,4673,29,171,126,171,-18,6,1,-196,0,0,0
2026-07-18T12:08:40.870 RX LT,4693,29,171,116,184,-18,6,1,-191,0,0,0
2026-07-18T12:08:40.993 RX LT,4713,29,171,72,174,-18,6,1,-183,0,0,0
2026-07-18T12:08:40.994 RX LT,4733,29,171,113,206,-18,6,1,-178,0,0,0
2026-07-18T12:08:40.994 RX LT,4753,29,171,104,176,-18,6,1,-173,0,0,0
2026-07-18T12:08:40.994 RX LT,4773,29,171,115,174,-18,6,1,-167,0,0,0
2026-07-18T12:08:40.994 RX LT,4793,29,171,105,217,-18,6,1,-161,0,0,0
2026-07-18T12:08:40.995 RX LT,4813,29,171,104,176,-18,6,1,-155,0,0,0
2026-07-18T12:08:41.109 RX LT,4833,29,171,104,217,-18,6,1,-149,0,0,0
2026-07-18T12:08:41.109 RX LT,4853,29,171,104,176,-18,6,1,-142,0,0,0
2026-07-18T12:08:41.109 RX LT,4873,29,171,60,185,-18,6,1,-136,0,0,0
2026-07-18T12:08:41.109 RX LT,4893,29,171,69,174,-18,6,1,-129,0,0,0
2026-07-18T12:08:41.109 RX LT,4913,29,171,102,184,-18,6,1,-123,0,0,0
2026-07-18T12:08:41.109 RX LT,4933,29,171,60,174,-18,6,1,-114,0,0,0
2026-07-18T12:08:41.238 RX LT,4953,29,171,69,217,-18,6,1,-110,0,0,0
2026-07-18T12:08:41.238 RX LT,4973,57,171,58,176,-11,4,1,-103,0,0,0
2026-07-18T12:08:41.238 RX LT,4993,57,171,68,185,-11,4,1,-97,0,0,0
2026-07-18T12:08:41.238 RX LT,5013,57,171,58,174,-11,4,1,-93,0,0,0
2026-07-18T12:08:41.238 RX LT,5033,57,171,68,184,-11,4,1,-87,0,0,0
2026-07-18T12:08:41.238 RX LT,5053,57,171,58,174,-11,4,1,-81,0,0,0
2026-07-18T12:08:41.363 RX LT,5073,73,167,68,174,-6,12,1,-76,0,0,0
2026-07-18T12:08:41.363 RX LT,5093,73,167,102,217,-6,12,1,-70,0,0,0
2026-07-18T12:08:41.363 RX LT,5113,73,167,60,176,-6,12,1,-64,0,0,0
2026-07-18T12:08:41.363 RX LT,5133,73,167,101,174,-6,12,1,-58,0,0,0
2026-07-18T12:08:41.363 RX LT,5153,73,167,60,184,-6,12,1,-50,0,0,0
2026-07-18T12:08:41.363 RX LT,5173,73,167,69,174,-6,12,1,-45,0,0,0
2026-07-18T12:08:41.497 RX LT,5193,73,167,69,174,-6,12,1,-41,0,0,0
2026-07-18T12:08:41.497 RX LT,5213,73,167,102,217,-6,12,1,-36,0,0,0
2026-07-18T12:08:41.497 RX LT,5233,73,167,60,176,-6,12,1,-31,0,0,0
2026-07-18T12:08:41.497 RX LT,5253,93,147,69,174,-2,8,1,-27,0,0,0
2026-07-18T12:08:41.497 RX LT,5273,108,132,58,217,-2,8,1,-22,0,0,0
2026-07-18T12:08:41.498 RX LT,5293,120,120,68,133,0,24,1,-17,0,0,0
2026-07-18T12:08:41.643 RX LT,5313,120,120,69,171,0,24,1,-13,0,0,0
2026-07-18T12:08:41.643 RX LT,5333,120,120,102,173,0,24,1,-10,0,0,0
2026-07-18T12:08:41.643 RX LT,5353,120,120,71,163,0,24,1,-7,0,0,0
2026-07-18T12:08:41.643 RX LT,5373,120,120,69,173,0,24,1,-3,0,0,0
2026-07-18T12:08:41.643 RX LT,5393,120,120,69,163,0,24,1,-1,0,0,0
2026-07-18T12:08:41.643 RX LT,5413,130,110,69,173,2,16,1,1,0,0,0
2026-07-18T12:08:41.643 RX LT,5433,132,108,113,163,2,16,1,3,0,0,0
2026-07-18T12:08:41.643 TX SET LINEKD 2350 147766729
2026-07-18T12:08:41.743 RX LT,5453,140,100,104,162,6,48,1,5,0,0,0
2026-07-18T12:08:41.743 RX LT,5473,156,84,104,129,6,48,1,6,0,0,0
2026-07-18T12:08:41.743 RX SA,147766729,LINEKD,2350
2026-07-18T12:08:41.743 RX LT,5493,128,112,104,116,6,48,1,6,0,0,0
2026-07-18T12:08:41.743 RX LT,5513,144,96,71,126,6,48,1,6,0,0,0
2026-07-18T12:08:41.743 RX LT,5533,160,80,113,160,6,48,1,5,0,0,0
2026-07-18T12:08:41.893 RX LT,5553,167,73,115,118,6,48,1,4,0,0,0
2026-07-18T12:08:41.893 RX LT,5573,167,73,115,116,6,48,1,2,0,0,0
2026-07-18T12:08:41.893 RX LT,5593,167,73,115,116,6,48,1,-1,0,0,0
2026-07-18T12:08:41.893 RX LT,5613,167,73,115,116,6,48,1,-3,0,0,0
2026-07-18T12:08:41.893 RX LT,5633,167,73,115,116,6,48,1,-6,0,0,0
2026-07-18T12:08:41.893 RX LT,5653,167,73,126,116,6,48,1,-10,0,0,0
2026-07-18T12:08:41.893 RX LT,5673,167,73,116,72,6,48,1,-14,0,0,0
2026-07-18T12:08:42.014 RX LT,5693,167,73,126,113,6,48,1,-18,0,0,0
2026-07-18T12:08:42.022 RX LT,5713,171,57,127,115,11,32,1,-23,0,0,0
2026-07-18T12:08:42.023 RX LT,5733,171,57,160,72,11,32,1,-27,0,0,0
2026-07-18T12:08:42.023 RX LT,5753,171,57,162,69,11,32,1,-32,0,0,0
2026-07-18T12:08:42.023 RX LT,5773,171,57,162,113,11,32,1,-36,0,0,0
2026-07-18T12:08:42.023 RX LT,5793,171,57,162,104,11,32,1,-44,0,0,0
2026-07-18T12:08:42.148 RX LT,5813,171,57,173,71,11,32,1,-49,0,0,0
2026-07-18T12:08:42.148 RX LT,5833,171,57,163,69,11,32,1,-55,0,0,0
2026-07-18T12:08:42.148 RX LT,5853,171,57,173,69,11,32,1,-61,0,0,0
2026-07-18T12:08:42.148 RX LT,5873,171,57,173,113,11,32,1,-67,0,0,0
2026-07-18T12:08:42.149 RX LT,5893,165,15,163,104,23,96,1,-73,0,0,0
2026-07-18T12:08:42.149 RX LT,5913,171,9,184,60,23,96,1,-80,0,0,0
2026-07-18T12:08:42.276 RX LT,5933,171,9,207,58,23,96,1,-87,0,0,0
2026-07-18T12:08:42.276 RX LT,5953,171,9,208,58,23,96,1,-95,0,0,0
2026-07-18T12:08:42.276 RX LT,5973,171,57,176,58,11,32,1,-103,0,0,0
2026-07-18T12:08:42.276 RX LT,5993,171,57,174,58,11,32,1,-112,0,0,0
2026-07-18T12:08:42.277 RX LT,6013,171,57,174,101,11,32,1,-126,0,0,0
2026-07-18T12:08:42.277 RX LT,6033,171,57,217,60,11,32,1,-135,0,0,0
2026-07-18T12:08:42.421 RX LT,6053,171,57,176,58,11,32,1,-143,0,0,0
2026-07-18T12:08:42.421 RX LT,6073,171,57,174,14,11,32,1,-148,0,0,0
2026-07-18T12:08:42.421 RX LT,6093,171,57,184,66,11,32,1,-156,0,0,0
2026-07-18T12:08:42.421 RX LT,6113,167,73,174,58,6,48,1,-163,0,0,0
2026-07-18T12:08:42.421 RX LT,6133,167,73,184,58,6,48,1,-171,0,0,0
2026-07-18T12:08:42.421 RX LT,6153,167,73,218,58,6,48,1,-178,0,0,0
2026-07-18T12:08:42.422 RX LT,6173,167,73,176,58,6,48,1,-185,0,0,0
2026-07-18T12:08:42.544 RX LT,6193,167,73,185,68,6,48,1,-192,0,0,0
2026-07-18T12:08:42.544 RX LT,6213,167,73,218,58,6,48,1,-198,0,0,0
2026-07-18T12:08:42.544 RX LT,6233,167,73,176,58,6,48,1,-208,0,0,0
2026-07-18T12:08:42.544 RX LT,6253,167,73,185,58,6,48,1,-215,0,0,0
2026-07-18T12:08:42.544 RX LT,6273,167,73,185,68,6,48,1,-222,0,0,0
2026-07-18T12:08:42.544 RX LT,6293,167,73,174,58,6,48,1,-227,0,0,0
2026-07-18T12:08:42.663 RX LT,6313,167,73,228,58,6,48,1,-234,0,0,0
2026-07-18T12:08:42.663 RX LT,6333,147,93,177,58,2,16,1,-241,0,0,0
2026-07-18T12:08:42.663 RX LT,6353,132,108,217,68,2,16,1,-246,0,0,0
2026-07-18T12:08:42.663 RX LT,6373,122,118,176,58,0,24,1,-251,0,0,0
2026-07-18T12:08:42.663 RX LT,6393,120,120,185,68,0,24,1,-257,0,0,0
2026-07-18T12:08:42.663 RX LT,6413,120,120,218,102,0,24,1,-262,0,0,0
2026-07-18T12:08:42.794 RX LT,6433,120,120,176,60,0,24,1,-266,0,0,0
2026-07-18T12:08:42.794 RX LT,6453,120,120,174,69,0,24,1,-271,0,0,0
2026-07-18T12:08:42.794 RX LT,6473,120,120,217,69,0,24,1,-274,0,0,0
2026-07-18T12:08:42.794 RX LT,6493,120,120,176,69,0,24,1,-276,0,0,0
2026-07-18T12:08:42.794 RX LT,6513,102,138,174,113,-6,12,1,-279,0,0,0
2026-07-18T12:08:42.794 RX LT,6533,86,154,174,104,-6,12,1,-281,0,0,0
2026-07-18T12:08:42.794 TX SET LINEKD 2250 147766730
2026-07-18T12:08:42.903 RX LT,6553,73,167,174,115,-6,12,1,-282,0,0,0
2026-07-18T12:08:42.903 RX LT,6573,73,167,130,115,-6,12,1,-283,0,0,0
2026-07-18T12:08:42.903 RX SA,147766730,LINEKD,2250
2026-07-18T12:08:42.903 RX LT,6593,112,128,127,115,-6,12,1,-283,0,0,0
2026-07-18T12:08:42.903 RX LT,6613,96,144,171,115,-6,12,1,-282,0,0,0
2026-07-18T12:08:42.903 RX LT,6633,80,160,173,115,-6,12,1,-281,0,0,0
2026-07-18T12:08:43.029 RX LT,6653,57,171,173,126,-11,4,1,-280,0,0,0
2026-07-18T12:08:43.029 RX LT,6673,29,171,163,160,-18,6,1,-278,0,0,0
2026-07-18T12:08:43.029 RX LT,6693,29,171,118,162,-18,6,1,-276,0,0,0
2026-07-18T12:08:43.029 RX LT,6713,29,171,116,162,-18,6,1,-273,0,0,0
2026-07-18T12:08:43.030 RX LT,6733,29,171,159,162,-18,6,1,-269,0,0,0
2026-07-18T12:08:43.030 RX LT,6753,29,171,118,162,-18,6,1,-265,0,0,0
2026-07-18T12:08:43.155 RX LT,6773,29,171,127,129,-18,6,1,-260,0,0,0
2026-07-18T12:08:43.155 RX LT,6793,29,171,105,171,-18,6,1,-255,0,0,0
2026-07-18T12:08:43.155 RX LT,6813,29,171,115,173,-18,6,1,-249,0,0,0
2026-07-18T12:08:43.155 RX LT,6833,29,171,115,163,-18,6,1,-243,0,0,0
2026-07-18T12:08:43.155 RX LT,6853,29,171,115,173,-18,6,1,-237,0,0,0
2026-07-18T12:08:43.156 RX LT,6873,29,171,115,173,-18,6,1,-228,0,0,0
2026-07-18T12:08:43.285 RX LT,6893,29,171,105,173,-18,6,1,-221,0,0,0
2026-07-18T12:08:43.285 RX LT,6913,5,175,115,173,-25,2,1,-215,0,0,0
2026-07-18T12:08:43.286 RX LT,6933,5,175,105,173,-25,2,1,-209,0,0,0
2026-07-18T12:08:43.286 RX LT,6953,5,175,104,173,-25,2,1,-202,0,0,0
2026-07-18T12:08:43.287 RX LT,6973,5,175,104,173,-25,2,1,-195,0,0,0
2026-07-18T12:08:43.287 RX LT,6993,5,175,104,173,-25,2,1,-188,0,0,0
2026-07-18T12:08:43.403 RX LT,7013,5,175,60,217,-25,2,1,-181,0,0,0
2026-07-18T12:08:43.403 RX LT,7033,5,175,69,176,-25,2,1,-174,0,0,0
2026-07-18T12:08:43.403 RX LT,7053,29,171,102,217,-18,6,1,-166,0,0,0
2026-07-18T12:08:43.403 RX LT,7073,29,171,60,176,-18,6,1,-159,0,0,0
2026-07-18T12:08:43.403 RX LT,7093,29,171,112,174,-18,6,1,-147,0,0,0
2026-07-18T12:08:43.403 RX LT,7113,29,171,104,184,-18,6,1,-140,0,0,0
2026-07-18T12:08:43.533 RX LT,7133,29,171,60,174,-18,6,1,-132,0,0,0
2026-07-18T12:08:43.533 RX LT,7153,29,171,58,184,-18,6,1,-124,0,0,0
2026-07-18T12:08:43.533 RX LT,7173,29,171,101,174,-18,6,1,-117,0,0,0
2026-07-18T12:08:43.533 RX LT,7193,29,171,60,184,-18,6,1,-110,0,0,0
2026-07-18T12:08:43.533 RX LT,7213,29,171,58,218,-18,6,1,-102,0,0,0
2026-07-18T12:08:43.533 RX LT,7233,29,171,58,176,-18,6,1,-95,0,0,0
2026-07-18T12:08:43.673 RX LT,7253,29,171,58,217,-18,6,1,-88,0,0,0
2026-07-18T12:08:43.673 RX LT,7273,29,171,58,176,-18,6,1,-81,0,0,0
2026-07-18T12:08:43.673 RX LT,7293,29,171,58,174,-18,6,1,-75,0,0,0
2026-07-18T12:08:43.673 RX LT,7313,29,171,58,184,-18,6,1,-65,0,0,0
2026-07-18T12:08:43.673 RX LT,7333,57,171,58,174,-11,4,1,-58,0,0,0
2026-07-18T12:08:43.673 RX LT,7353,57,171,58,184,-11,4,1,-51,0,0,0
2026-07-18T12:08:43.673 RX LT,7373,57,171,58,174,-11,4,1,-45,0,0,0
2026-07-18T12:08:43.805 RX LT,7393,57,171,58,217,-11,4,1,-38,0,0,0
2026-07-18T12:08:43.805 RX LT,7413,73,167,58,176,-6,12,1,-32,0,0,0
2026-07-18T12:08:43.805 RX LT,7433,73,167,58,174,-6,12,1,-27,0,0,0
2026-07-18T12:08:43.805 RX LT,7453,73,167,58,217,-6,12,1,-21,0,0,0
2026-07-18T12:08:43.805 RX LT,7473,73,167,58,176,-6,12,1,-15,0,0,0
2026-07-18T12:08:43.806 RX LT,7493,73,167,68,174,-6,12,1,-10,0,0,0
2026-07-18T12:08:43.934 RX LT,7513,73,167,58,217,-6,12,1,-4,0,0,0
2026-07-18T12:08:43.934 RX LT,7533,73,167,58,176,-6,12,1,3,0,0,0
2026-07-18T12:08:43.935 RX LT,7553,93,147,58,174,-2,8,1,8,0,0,0
2026-07-18T12:08:43.935 RX LT,7573,113,127,68,174,0,24,1,13,0,0,0
2026-07-18T12:08:43.935 RX LT,7593,120,120,58,174,0,24,1,17,0,0,0
2026-07-18T12:08:43.935 RX LT,7613,120,120,68,163,0,24,1,21,0,0,0
2026-07-18T12:08:44.079 RX LT,7633,120,120,58,162,0,24,1,25,0,0,0
2026-07-18T12:08:44.079 RX LT,7653,120,120,101,173,0,24,1,29,0,0,0
2026-07-18T12:08:44.079 RX LT,7673,120,120,60,163,0,24,1,32,0,0,0
2026-07-18T12:08:44.080 TX SET LINEKP 8150 147766731
2026-07-18T12:08:44.080 RX LT,7693,120,120,101,129,0,24,1,35,0,0,0
2026-07-18T12:08:44.080 RX LT,7713,136,104,104,171,6,48,1,37,0,0,0
2026-07-18T12:08:44.080 RX LT,7733,152,88,104,162,6,48,1,38,0,0,0
2026-07-18T12:08:44.080 RX LT,7753,167,73,71,118,6,48,1,38,0,0,0
2026-07-18T12:08:44.204 RX LT,7773,167,73,113,159,6,48,1,38,0,0,0
2026-07-18T12:08:44.204 RX LT,7793,167,73,72,118,6,48,1,36,0,0,0
2026-07-18T12:08:44.204 RX SA,147766731,LINEKP,8150
2026-07-18T12:08:44.204 RX LT,7813,128,112,113,72,6,48,1,34,0,0,0
2026-07-18T12:08:44.204 RX LT,7833,144,96,115,156,6,48,1,31,0,0,0
2026-07-18T12:08:44.204 RX LT,7853,160,80,115,118,6,48,1,27,0,0,0
2026-07-18T12:08:44.204 RX LT,7873,167,73,115,116,6,48,1,22,0,0,0
2026-07-18T12:08:44.315 RX LT,7893,167,73,126,61,6,48,1,18,0,0,0
2026-07-18T12:08:44.315 RX LT,7913,167,73,116,112,6,48,1,13,0,0,0
2026-07-18T12:08:44.315 RX LT,7933,167,73,126,72,6,48,1,8,0,0,0
2026-07-18T12:08:44.331 RX LT,7953,167,73,160,69,6,48,1,1,0,0,0
2026-07-18T12:08:44.331 RX LT,7973,167,73,118,69,6,48,1,-3,0,0,0
2026-07-18T12:08:44.331 RX LT,7993,167,73,127,113,6,48,1,-7,0,0,0
2026-07-18T12:08:44.458 RX LT,8013,167,73,127,104,6,48,1,-12,0,0,0
2026-07-18T12:08:44.458 RX LT,8033,171,57,127,71,11,32,1,-17,0,0,0
2026-07-18T12:08:44.458 RX LT,8053,171,9,127,69,23,96,1,-21,0,0,0
2026-07-18T12:08:44.458 RX LT,8073,171,9,127,69,23,96,1,-26,0,0,0
2026-07-18T12:08:44.458 RX LT,8093,171,37,171,102,16,112,1,-32,0,0,0
2026-07-18T12:08:44.458 RX LT,8113,171,37,162,60,16,112,1,-38,0,0,0
2026-07-18T12:08:44.603 RX LT,8133,171,37,173,58,16,112,1,-45,0,0,0
2026-07-18T12:08:44.603 RX LT,8153,155,85,163,58,0,124,0,-52,0,0,0
2026-07-18T12:08:44.603 RX LT,8173,155,85,129,68,0,60,1,-63,0,0,0
2026-07-18T12:08:44.604 RX LT,8193,155,85,171,69,0,62,0,-70,0,0,0
2026-07-18T12:08:44.604 RX LT,8213,140,140,173,102,0,62,0,0,0,1,0
2026-07-18T12:08:44.604 RX LT,8233,140,140,163,60,0,62,0,0,0,1,0
2026-07-18T12:08:44.605 RX LT,8253,140,140,173,69,0,62,0,0,0,2,0
2026-07-18T12:08:44.729 RX LT,8273,-165,165,119,69,0,31,0,-4,0,2,2
2026-07-18T12:08:44.729 RX LT,8293,-165,165,50,113,-24,7,1,-8,0,2,3
2026-07-18T12:08:44.729 RX LT,8313,-165,165,3,104,-30,3,1,-6,0,2,4
2026-07-18T12:08:44.729 RX LT,8333,-165,165,11,158,-30,3,1,2,0,2,6
2026-07-18T12:08:44.729 RX LT,8353,-165,165,44,162,-30,3,1,14,0,2,8
2026-07-18T12:08:44.729 RX LT,8373,-165,165,89,118,-30,3,1,28,0,2,9
2026-07-18T12:08:44.854 RX LT,8393,-165,165,103,116,-30,3,1,50,0,2,11
2026-07-18T12:08:44.854 RX LT,8413,-165,165,60,116,-30,3,1,65,0,2,13
2026-07-18T12:08:44.854 RX LT,8433,-165,165,101,126,-30,3,1,80,0,2,15
2026-07-18T12:08:44.854 RX LT,8453,-165,165,104,116,-24,7,1,95,0,2,18
2026-07-18T12:08:44.854 RX LT,8473,-165,165,71,126,-24,7,1,110,0,2,20
2026-07-18T12:08:44.854 RX LT,8493,-165,165,69,127,-24,7,1,126,0,2,22
2026-07-18T12:08:44.953 RX LT,8513,-165,165,113,171,-24,7,1,142,0,2,25
2026-07-18T12:08:44.953 RX LT,8533,-165,165,115,162,-24,7,1,158,0,2,28
2026-07-18T12:08:44.953 RX LT,8553,-165,165,115,129,-18,6,1,175,0,2,30
2026-07-18T12:08:44.953 RX LT,8573,-165,165,115,171,-12,14,1,192,0,2,33
2026-07-18T12:08:44.953 RX LT,8593,-165,165,126,173,-12,14,1,209,0,2,36
2026-07-18T12:08:45.085 RX LT,8613,-165,165,171,163,-6,12,1,236,0,2,40
2026-07-18T12:08:45.085 RX LT,8633,-165,165,162,129,-6,12,1,254,0,2,43
2026-07-18T12:08:45.085 RX LT,8653,-165,165,173,171,-6,12,1,272,0,2,46
2026-07-18T12:08:45.085 RX LT,8673,-109,109,217,173,0,24,1,291,0,2,50
2026-07-18T12:08:45.085 RX LT,8693,-104,104,176,163,0,24,1,309,0,2,53
2026-07-18T12:08:45.086 RX LT,8713,-99,99,174,118,0,24,1,327,0,2,56
2026-07-18T12:08:45.209 RX LT,8733,-94,94,174,127,0,24,1,343,0,2,59
2026-07-18T12:08:45.209 RX LT,8753,-89,89,174,116,2,16,1,359,0,2,62
2026-07-18T12:08:45.209 RX LT,8773,-85,85,130,72,6,48,1,373,0,2,64
2026-07-18T12:08:45.209 RX LT,8793,-80,80,171,113,6,48,1,386,0,2,67
2026-07-18T12:08:45.212 RX LT,8813,-75,75,173,104,6,48,1,402,0,2,70
2026-07-18T12:08:45.213 RX LT,8833,-72,72,173,104,6,48,1,412,0,2,72
2026-07-18T12:08:45.213 RX TURN CAPTURE,1,420,74,48,6
2026-07-18T12:08:45.338 RX LT,8853,0,0,163,71,6,48,1,420,0,5,74
2026-07-18T12:08:45.338 RX LT,8873,0,0,75,26,6,48,1,427,0,5,76
2026-07-18T12:08:45.338 RX LT,8893,0,0,59,12,11,32,1,433,0,5,77
2026-07-18T12:08:45.338 RX LT,8913,0,0,14,0,11,32,1,433,0,5,77
2026-07-18T12:08:45.338 RX LT,8933,0,0,55,54,11,32,1,432,0,5,78
2026-07-18T12:08:45.338 RX LT,8953,0,0,57,46,11,32,1,430,0,5,79
2026-07-18T12:08:45.338 RX LT,8973,0,0,3,2,11,32,1,426,0,5,79
2026-07-18T12:08:45.505 RX LT,8993,0,0,11,0,11,32,1,420,0,5,80
2026-07-18T12:08:45.505 RX LT,9013,0,0,0,0,11,32,1,413,0,5,80
2026-07-18T12:08:45.505 RX LT,9033,0,0,0,0,11,32,1,405,0,5,80
2026-07-18T12:08:45.506 RX LT,9053,0,0,0,0,11,32,1,397,0,5,80
2026-07-18T12:08:45.506 RX LT,9073,0,0,0,0,11,32,1,390,0,5,80
2026-07-18T12:08:45.506 RX LT,9093,0,0,0,0,11,32,1,384,0,5,80
2026-07-18T12:08:45.506 RX LT,9113,0,0,0,0,11,32,1,378,0,5,80
2026-07-18T12:08:45.644 RX LT,9133,0,0,0,0,11,32,1,373,0,5,80
2026-07-18T12:08:45.644 RX LT,9153,0,0,0,0,11,32,1,369,0,5,80
2026-07-18T12:08:45.644 RX LT,9173,0,0,0,0,11,32,1,365,0,5,80
2026-07-18T12:08:45.644 RX LT,9193,0,0,0,0,11,32,1,362,0,5,80
2026-07-18T12:08:45.644 RX LT,9213,0,0,0,0,11,32,1,358,0,5,80
2026-07-18T12:08:45.644 RX LT,9233,0,0,0,0,11,32,1,355,0,5,80
2026-07-18T12:08:45.644 RX LT,9253,0,0,0,0,11,32,1,350,0,5,80
2026-07-18T12:08:45.808 RX LT,9273,0,0,0,0,11,32,1,347,0,5,80
2026-07-18T12:08:45.808 RX LT,9293,0,0,0,0,11,32,1,344,0,5,80
2026-07-18T12:08:45.808 RX SQUARE ERROR,GIMBAL CAPTURE LINE LOST
2026-07-18T12:08:45.808 TX STOP
2026-07-18T12:08:45.809 TX STOP
2026-07-18T12:08:45.939 RX OK STOP
2026-07-18T12:08:45.939 RX OK STOP
2026-07-18T12:08:45.939 TX PROFILE GIMBAL
2026-07-18T12:08:45.993 RX OK PROFILE GIMBAL FLASH 3
2026-07-18T12:08:45.993 TX PARAM
2026-07-18T12:08:46.149 RX PARAM,x1000,PROFILE,1,FLASHVER,3,GUARDVER,22,LKP,350,LKI,100,RKP,500,RKI,350,LFF,460,RFF,437,LMIN,32,RMIN,26,SYNC,1000,BIAS,50,GSTART,10,LINEKP,6750,LINEKD,2000,TURNANGLE,900,TURNFAST,185,TURNSLOW,140,TURNMARGIN,180,TURNEXIT,140,TURNDIST,98
2026-07-18T12:08:46.149 RX PARAM,x1000,PROFILE,1,FLASHVER,3,GUARDVER,22,LKP,350,LKI,100,RKP,500,RKI,350,LFF,460,RFF,437,LMIN,32,RMIN,26,SYNC,1000,BIAS,50,GSTART,10,LINEKP,6750,LINEKD,2000,TURNANGLE,900,TURNFAST,185,TURNSLOW,140,TURNMARGIN,180,TURNEXIT,140,TURNDIST,98
2026-07-18T12:08:46.149 TX SET TURNSLOW 80 147766732
2026-07-18T12:08:46.289 RX SA,147766732,TURNSLOW,80
2026-07-18T12:08:46.289 TX SET LKP 350 147766733
2026-07-18T12:08:46.414 RX SA,147766733,LKP,350
2026-07-18T12:08:46.414 TX SET LKI 100 147766734
2026-07-18T12:08:46.548 RX SA,147766734,LKI,100
2026-07-18T12:08:46.548 TX SET LFF 460 147766735
2026-07-18T12:08:46.683 RX SA,147766735,LFF,460
2026-07-18T12:08:46.683 TX SET LMIN 32 147766736
2026-07-18T12:08:46.823 RX SA,147766736,LMIN,32
2026-07-18T12:08:46.823 TX SET RKP 500 147766737
2026-07-18T12:08:46.963 RX SA,147766737,RKP,500
2026-07-18T12:08:46.963 TX SET RKI 350 147766738
2026-07-18T12:08:47.103 RX SA,147766738,RKI,350
2026-07-18T12:08:47.103 TX SET RFF 437 147766739
2026-07-18T12:08:47.243 RX SA,147766739,RFF,437
2026-07-18T12:08:47.243 TX SET RMIN 26 147766740
2026-07-18T12:08:47.373 RX SA,147766740,RMIN,26
2026-07-18T12:08:47.373 TX SET SYNC 1000 147766741
2026-07-18T12:08:47.498 RX SA,147766741,SYNC,1000
2026-07-18T12:08:47.498 TX SET BIAS 50 147766742
2026-07-18T12:08:47.624 RX SA,147766742,BIAS,50
2026-07-18T12:08:47.624 TX SET LINEKP 6750 147766743
2026-07-18T12:08:47.753 RX SA,147766743,LINEKP,6750
2026-07-18T12:08:47.753 TX SET LINEKD 2000 147766744
2026-07-18T12:08:47.883 RX SA,147766744,LINEKD,2000
2026-07-18T12:08:47.883 TX SET TURNANGLE 900 147766745
2026-07-18T12:08:48.010 RX SA,147766745,TURNANGLE,900
2026-07-18T12:08:48.010 TX SET TURNFAST 185 147766746
2026-07-18T12:08:48.138 RX SA,147766746,TURNFAST,185
2026-07-18T12:08:48.138 TX SET TURNMARGIN 180 147766747
2026-07-18T12:08:48.279 RX SA,147766747,TURNMARGIN,180
2026-07-18T12:08:48.279 TX SET TURNEXIT 140 147766748
2026-07-18T12:08:48.414 RX SA,147766748,TURNEXIT,140
2026-07-18T12:08:48.414 TX SET TURNDIST 98 147766749
2026-07-18T12:08:48.558 RX SA,147766749,TURNDIST,98
2026-07-18T12:08:48.558 TX SET GSTART 0 147766750
2026-07-18T12:08:48.694 RX SA,147766750,GSTART,0
2026-07-18T12:08:48.694 TX SET TURNSLOW 140 147766751
2026-07-18T12:08:48.828 RX SA,147766751,TURNSLOW,140
2026-07-18T12:08:48.833 TX STOP
